Valid leaf ID range: 16777215:33554430
Num of top nodes: 16777216
Data level num of ways: 32768
Z: 16
S: 27
A: 20
cached_total: 512
Total number of ORAM protected cache line blocks: 16777216
Cached number of levels: 8
Max number of levels: 25
Start lvl is: 9
data valid leaf right: 33554431
data num of levels: 25
data level num of ways: 32768
data number of sets: 512
Cached node ID: 511 -- 606
Address space: 0 - 4 GB
pos1 valid leaf right: 4194303
pos1 num of levels: 22
pos1 level num of ways: 4096
pos1 number of sets: 512
Cached node ID: 511 -- 522
Address space: 0 - 0.5 GB
pos2 valid leaf right: 524287
pos2 num of levels: 19
pos2 level num of ways: 512
pos2 number of sets: 512
Cached node ID: 511 -- 516
Address space: 0 - 0.0625 GB
Clk7 @ 1000000 Finished 6591 instructions 
Clk3 @ 2000000 Finished 9497 instructions 
Clk@ 2176538 Working on the # 10000 th memory instruction
Sampling stash size at 10000 req has stash size of: 5185
Clk3 @ 3000000 Finished 12043 instructions 
Clk3 @ 4000000 Finished 15997 instructions 
Clk3 @ 5000000 Finished 19702 instructions 
Clk@ 5095264 Working on the # 20000 th memory instruction
Clk3 @ 6000000 Finished 23005 instructions 
Clk3 @ 7000000 Finished 26802 instructions 
Clk@ 7894038 Working on the # 30000 th memory instruction
Clk3 @ 8000000 Finished 30406 instructions 
Clk3 @ 9000000 Finished 33830 instructions 
Sampling stash size at 34000 req has stash size of: 4572
Clk7 @ 10000000 Finished 37697 instructions 
Clk@ 10651453 Working on the # 40000 th memory instruction
Clk3 @ 11000000 Finished 41329 instructions 
Clk3 @ 12000000 Finished 44847 instructions 
Clk3 @ 13000000 Finished 48650 instructions 
Clk@ 13356473 Working on the # 50000 th memory instruction
Clk7 @ 14000000 Finished 52281 instructions 
Clk3 @ 15000000 Finished 56047 instructions 
Clk7 @ 16000000 Finished 59646 instructions 
Clk@ 16090084 Working on the # 60000 th memory instruction
Clk7 @ 17000000 Finished 63317 instructions 
Clk3 @ 18000000 Finished 66826 instructions 
Clk@ 18868939 Working on the # 70000 th memory instruction
Clk3 @ 19000000 Finished 70431 instructions 
Clk3 @ 20000000 Finished 73986 instructions 
Clk7 @ 21000000 Finished 77712 instructions 
Clk@ 21605775 Working on the # 80000 th memory instruction
Clk7 @ 22000000 Finished 81341 instructions 
Clk3 @ 23000000 Finished 85061 instructions 
Sampling stash size at 87000 req has stash size of: 4862
Clk3 @ 24000000 Finished 88771 instructions 
Clk@ 24322584 Working on the # 90000 th memory instruction
Clk3 @ 25000000 Finished 92357 instructions 
Clk7 @ 26000000 Finished 96040 instructions 
Clk3 @ 27000000 Finished 99791 instructions 
Clk@ 27060785 Working on the # 100000 th memory instruction
Clk3 @ 28000000 Finished 103371 instructions 
Sampling stash size at 104000 req has stash size of: 4533
Clk3 @ 29000000 Finished 106906 instructions 
Clk@ 29779134 Working on the # 110000 th memory instruction
Clk3 @ 30000000 Finished 110731 instructions 
Clk3 @ 31000000 Finished 114266 instructions 
Clk3 @ 32000000 Finished 117970 instructions 
Clk7 @ 32000000 Finished 117970 instructions 
Clk@ 32560286 Working on the # 120000 th memory instruction
Clk3 @ 33000000 Finished 121658 instructions 
Sampling stash size at 122000 req has stash size of: 4845
Clk3 @ 34000000 Finished 125188 instructions 
Clk3 @ 35000000 Finished 128765 instructions 
Clk@ 35347630 Working on the # 130000 th memory instruction
Clk3 @ 36000000 Finished 132380 instructions 
Clk7 @ 37000000 Finished 135948 instructions 
Sampling stash size at 136000 req has stash size of: 4953
Clk7 @ 38000000 Finished 139600 instructions 
Clk@ 38132312 Working on the # 140000 th memory instruction
Clk3 @ 39000000 Finished 143135 instructions 
Sampling stash size at 146000 req has stash size of: 4774
Clk7 @ 40000000 Finished 146803 instructions 
Clk@ 40850958 Working on the # 150000 th memory instruction
Clk3 @ 41000000 Finished 150485 instructions 
Clk3 @ 42000000 Finished 154125 instructions 
Clk7 @ 43000000 Finished 157866 instructions 
Sampling stash size at 159000 req has stash size of: 4841
Clk@ 43600844 Working on the # 160000 th memory instruction
Clk3 @ 44000000 Finished 161493 instructions 
Clk3 @ 45000000 Finished 165085 instructions 
Clk3 @ 46000000 Finished 168694 instructions 
Clk@ 46357351 Working on the # 170000 th memory instruction
Sampling stash size at 172000 req has stash size of: 4865
Clk3 @ 47000000 Finished 172309 instructions 
Sampling stash size at 174000 req has stash size of: 4844
Clk3 @ 48000000 Finished 175876 instructions 
Clk3 @ 49000000 Finished 179504 instructions 
Clk@ 49133662 Working on the # 180000 th memory instruction
Sampling stash size at 183000 req has stash size of: 4959
Clk3 @ 50000000 Finished 183130 instructions 
Clk3 @ 51000000 Finished 186603 instructions 
Clk@ 51901451 Working on the # 190000 th memory instruction
Clk7 @ 52000000 Finished 190449 instructions 
Clk3 @ 53000000 Finished 193956 instructions 
Sampling stash size at 194000 req has stash size of: 4829
Clk7 @ 54000000 Finished 197367 instructions 
Clk@ 54668593 Working on the # 200000 th memory instruction
Sampling stash size at 201000 req has stash size of: 4970
Clk3 @ 55000000 Finished 201310 instructions 
Clk3 @ 56000000 Finished 204824 instructions 
Sampling stash size at 207000 req has stash size of: 4590
Clk3 @ 57000000 Finished 208408 instructions 
Clk@ 57437982 Working on the # 210000 th memory instruction
Clk3 @ 58000000 Finished 212064 instructions 
Clk3 @ 59000000 Finished 215825 instructions 
Clk7 @ 60000000 Finished 219310 instructions 
Clk@ 60173011 Working on the # 220000 th memory instruction
Clk7 @ 61000000 Finished 223039 instructions 
Clk3 @ 62000000 Finished 226699 instructions 
Clk@ 62893630 Working on the # 230000 th memory instruction
Clk7 @ 63000000 Finished 230369 instructions 
Sampling stash size at 234000 req has stash size of: 4857
Clk3 @ 64000000 Finished 234008 instructions 
Clk3 @ 65000000 Finished 237450 instructions 
Clk@ 65640674 Working on the # 240000 th memory instruction
Clk3 @ 66000000 Finished 241266 instructions 
Sampling stash size at 243000 req has stash size of: 4958
Clk3 @ 67000000 Finished 244667 instructions 
Clk3 @ 68000000 Finished 248402 instructions 
Clk@ 68461020 Working on the # 250000 th memory instruction
Clk7 @ 69000000 Finished 251865 instructions 
Clk7 @ 70000000 Finished 255435 instructions 
Clk7 @ 71000000 Finished 259030 instructions 
Clk@ 71270103 Working on the # 260000 th memory instruction
Clk3 @ 72000000 Finished 262505 instructions 
Clk3 @ 73000000 Finished 266172 instructions 
Clk3 @ 74000000 Finished 269782 instructions 
Clk@ 74075019 Working on the # 270000 th memory instruction
Sampling stash size at 271000 req has stash size of: 4918
Clk3 @ 75000000 Finished 273283 instructions 
Clk3 @ 76000000 Finished 276926 instructions 
Clk@ 76830066 Working on the # 280000 th memory instruction
Clk7 @ 77000000 Finished 280633 instructions 
Clk7 @ 78000000 Finished 284143 instructions 
Sampling stash size at 285000 req has stash size of: 4712
Clk3 @ 79000000 Finished 287885 instructions 
Clk@ 79540972 Working on the # 290000 th memory instruction
Clk3 @ 80000000 Finished 291500 instructions 
Sampling stash size at 292000 req has stash size of: 4766
Clk3 @ 81000000 Finished 295080 instructions 
Clk7 @ 82000000 Finished 298757 instructions 
Clk@ 82335149 Working on the # 300000 th memory instruction
Clk3 @ 83000000 Finished 302432 instructions 
Clk3 @ 84000000 Finished 305957 instructions 
Clk3 @ 85000000 Finished 309612 instructions 
Clk@ 85111586 Working on the # 310000 th memory instruction
Clk3 @ 86000000 Finished 313253 instructions 
Clk3 @ 87000000 Finished 316846 instructions 
Clk@ 87846023 Working on the # 320000 th memory instruction
Clk7 @ 88000000 Finished 320512 instructions 
Sampling stash size at 324000 req has stash size of: 4900
Clk3 @ 89000000 Finished 324184 instructions 
Clk3 @ 90000000 Finished 327759 instructions 
Clk@ 90619795 Working on the # 330000 th memory instruction
Clk7 @ 91000000 Finished 331360 instructions 
Clk7 @ 92000000 Finished 334880 instructions 
Sampling stash size at 336000 req has stash size of: 4821
Clk3 @ 93000000 Finished 338656 instructions 
Clk@ 93393813 Working on the # 340000 th memory instruction
Clk7 @ 94000000 Finished 342176 instructions 
Clk3 @ 95000000 Finished 345863 instructions 
Clk3 @ 96000000 Finished 349443 instructions 
Clk@ 96158916 Working on the # 350000 th memory instruction
Clk7 @ 97000000 Finished 353035 instructions 
Clk3 @ 98000000 Finished 356811 instructions 
Clk@ 98916386 Working on the # 360000 th memory instruction
Clk3 @ 99000000 Finished 360310 instructions 
Clk3 @ 100000000 Finished 363927 instructions 
Clk3 @ 101000000 Finished 367497 instructions 
Clk@ 101731689 Working on the # 370000 th memory instruction
Clk3 @ 102000000 Finished 370959 instructions 
Clk7 @ 103000000 Finished 374755 instructions 
Clk3 @ 104000000 Finished 378383 instructions 
Clk@ 104454315 Working on the # 380000 th memory instruction
Sampling stash size at 381000 req has stash size of: 4817
Clk3 @ 105000000 Finished 381911 instructions 
Sampling stash size at 382000 req has stash size of: 4730
Clk3 @ 106000000 Finished 385486 instructions 
Sampling stash size at 387000 req has stash size of: 4665
Clk3 @ 107000000 Finished 389152 instructions 
Clk@ 107219770 Working on the # 390000 th memory instruction
Clk7 @ 108000000 Finished 392752 instructions 
Clk3 @ 109000000 Finished 396365 instructions 
Clk3 @ 110000000 Finished 399968 instructions 
Clk@ 110004878 Working on the # 400000 th memory instruction
Clk7 @ 111000000 Finished 403658 instructions 
Clk3 @ 112000000 Finished 407238 instructions 
Clk@ 112768295 Working on the # 410000 th memory instruction
Clk3 @ 113000000 Finished 410856 instructions 
Clk3 @ 114000000 Finished 414448 instructions 
Clk3 @ 115000000 Finished 418157 instructions 
Clk@ 115502933 Working on the # 420000 th memory instruction
Clk3 @ 116000000 Finished 421836 instructions 
Clk7 @ 117000000 Finished 425373 instructions 
Clk7 @ 118000000 Finished 429121 instructions 
Clk@ 118229254 Working on the # 430000 th memory instruction
Clk3 @ 119000000 Finished 432802 instructions 
Sampling stash size at 435000 req has stash size of: 4814
Clk3 @ 120000000 Finished 436326 instructions 
Sampling stash size at 437000 req has stash size of: 4803
Clk7 @ 121000000 Finished 439968 instructions 
Clk@ 121008852 Working on the # 440000 th memory instruction
Sampling stash size at 443000 req has stash size of: 4971
Clk3 @ 122000000 Finished 443746 instructions 
Clk3 @ 123000000 Finished 447259 instructions 
Clk@ 123753593 Working on the # 450000 th memory instruction
Clk3 @ 124000000 Finished 450918 instructions 
Clk3 @ 125000000 Finished 454585 instructions 
Clk3 @ 126000000 Finished 457999 instructions 
Clk@ 126507293 Working on the # 460000 th memory instruction
Clk3 @ 127000000 Finished 461845 instructions 
Clk3 @ 128000000 Finished 465356 instructions 
Clk7 @ 129000000 Finished 468916 instructions 
Clk@ 129306609 Working on the # 470000 th memory instruction
Sampling stash size at 471000 req has stash size of: 4790
Clk3 @ 130000000 Finished 472594 instructions 
Clk3 @ 131000000 Finished 476060 instructions 
Clk7 @ 131000000 Finished 476060 instructions 
Clk7 @ 132000000 Finished 479599 instructions 
Clk@ 132087909 Working on the # 480000 th memory instruction
Sampling stash size at 480000 req has stash size of: 4801
Clk3 @ 133000000 Finished 483199 instructions 
Clk3 @ 134000000 Finished 486774 instructions 
Clk7 @ 135000000 Finished 489951 instructions 
Clk@ 135011956 Working on the # 490000 th memory instruction
Clk3 @ 136000000 Finished 493831 instructions 
Clk3 @ 137000000 Finished 497112 instructions 
Clk@ 137848531 Working on the # 500000 th memory instruction
Warm up done after line access count: 500000 out of 1000000 (50 %)
Clk3 @ 138000000 Finished 500573 instructions 
Clk3 @ 139000000 Finished 504073 instructions 
Clk3 @ 140000000 Finished 507469 instructions 
Clk@ 140680315 Working on the # 510000 th memory instruction
Clk3 @ 141000000 Finished 511113 instructions 
Clk3 @ 142000000 Finished 514486 instructions 
Clk3 @ 143000000 Finished 517997 instructions 
Clk@ 143513641 Working on the # 520000 th memory instruction
Sampling stash size at 520000 req has stash size of: 4963
Clk3 @ 144000000 Finished 521721 instructions 
Sampling stash size at 522000 req has stash size of: 4936
Clk3 @ 145000000 Finished 525123 instructions 
Sampling stash size at 526000 req has stash size of: 4695
Clk3 @ 146000000 Finished 528605 instructions 
Clk@ 146337181 Working on the # 530000 th memory instruction
Clk7 @ 147000000 Finished 532341 instructions 
Clk7 @ 148000000 Finished 535755 instructions 
Clk3 @ 149000000 Finished 539378 instructions 
Clk@ 149187105 Working on the # 540000 th memory instruction
Clk3 @ 150000000 Finished 543047 instructions 
Clk3 @ 151000000 Finished 546603 instructions 
Clk@ 151962376 Working on the # 550000 th memory instruction
Clk3 @ 152000000 Finished 550140 instructions 
Clk3 @ 153000000 Finished 553723 instructions 
Sampling stash size at 554000 req has stash size of: 4824
Clk3 @ 154000000 Finished 557431 instructions 
Clk@ 154707082 Working on the # 560000 th memory instruction
Clk3 @ 155000000 Finished 560966 instructions 
Sampling stash size at 563000 req has stash size of: 4758
Clk3 @ 156000000 Finished 564514 instructions 
Clk3 @ 157000000 Finished 568118 instructions 
Clk@ 157520818 Working on the # 570000 th memory instruction
Clk3 @ 158000000 Finished 571780 instructions 
Sampling stash size at 573000 req has stash size of: 4826
Clk7 @ 159000000 Finished 575199 instructions 
Clk3 @ 160000000 Finished 578924 instructions 
Clk@ 160285180 Working on the # 580000 th memory instruction
Clk3 @ 161000000 Finished 582704 instructions 
Clk7 @ 162000000 Finished 586140 instructions 
Clk3 @ 163000000 Finished 589685 instructions 
Clk@ 163080789 Working on the # 590000 th memory instruction
Clk7 @ 164000000 Finished 593474 instructions 
Clk3 @ 165000000 Finished 597034 instructions 
Sampling stash size at 599000 req has stash size of: 4789
Clk@ 165857613 Working on the # 600000 th memory instruction
Clk3 @ 166000000 Finished 600511 instructions 
Sampling stash size at 603000 req has stash size of: 4929
Clk7 @ 167000000 Finished 604233 instructions 
Clk3 @ 168000000 Finished 607896 instructions 
Clk@ 168579688 Working on the # 610000 th memory instruction
Clk7 @ 169000000 Finished 611257 instructions 
Clk3 @ 170000000 Finished 615034 instructions 
Clk3 @ 171000000 Finished 618558 instructions 
Clk@ 171401019 Working on the # 620000 th memory instruction
Clk3 @ 172000000 Finished 622171 instructions 
Clk3 @ 173000000 Finished 625897 instructions 
Clk3 @ 174000000 Finished 629375 instructions 
Clk@ 174153453 Working on the # 630000 th memory instruction
Clk3 @ 175000000 Finished 632874 instructions 
Clk7 @ 176000000 Finished 636696 instructions 
Clk@ 176913454 Working on the # 640000 th memory instruction
Clk3 @ 177000000 Finished 640323 instructions 
Sampling stash size at 643000 req has stash size of: 4531
Clk3 @ 178000000 Finished 643738 instructions 
Clk3 @ 179000000 Finished 647384 instructions 
Sampling stash size at 648000 req has stash size of: 4880
Clk@ 179726927 Working on the # 650000 th memory instruction
Clk3 @ 180000000 Finished 650947 instructions 
Sampling stash size at 654000 req has stash size of: 4734
Clk3 @ 181000000 Finished 654512 instructions 
Clk3 @ 182000000 Finished 658182 instructions 
Clk@ 182518906 Working on the # 660000 th memory instruction
Clk3 @ 183000000 Finished 661802 instructions 
Clk7 @ 184000000 Finished 665403 instructions 
Clk3 @ 185000000 Finished 668848 instructions 
Clk@ 185285636 Working on the # 670000 th memory instruction
Clk3 @ 186000000 Finished 672470 instructions 
Clk3 @ 187000000 Finished 676148 instructions 
Clk3 @ 188000000 Finished 679833 instructions 
Clk@ 188044570 Working on the # 680000 th memory instruction
Clk3 @ 189000000 Finished 683333 instructions 
Clk3 @ 190000000 Finished 687070 instructions 
Clk@ 190808318 Working on the # 690000 th memory instruction
Clk3 @ 191000000 Finished 690750 instructions 
Clk7 @ 192000000 Finished 694317 instructions 
Clk3 @ 193000000 Finished 697852 instructions 
Clk@ 193586245 Working on the # 700000 th memory instruction
Sampling stash size at 701000 req has stash size of: 4700
Clk7 @ 194000000 Finished 701519 instructions 
Clk3 @ 195000000 Finished 705060 instructions 
Clk7 @ 196000000 Finished 708604 instructions 
Clk@ 196373956 Working on the # 710000 th memory instruction
Clk3 @ 197000000 Finished 712315 instructions 
Clk3 @ 198000000 Finished 715846 instructions 
Sampling stash size at 719000 req has stash size of: 4969
Clk3 @ 199000000 Finished 719511 instructions 
Clk@ 199123526 Working on the # 720000 th memory instruction
Sampling stash size at 722000 req has stash size of: 4785
Clk3 @ 200000000 Finished 722987 instructions 
Clk3 @ 201000000 Finished 726630 instructions 
Sampling stash size at 728000 req has stash size of: 4876
Sampling stash size at 729000 req has stash size of: 4925
Clk@ 201932212 Working on the # 730000 th memory instruction
Clk3 @ 202000000 Finished 730289 instructions 
Clk3 @ 203000000 Finished 733902 instructions 
Clk3 @ 204000000 Finished 737217 instructions 
Clk@ 204788943 Working on the # 740000 th memory instruction
Clk3 @ 205000000 Finished 740889 instructions 
Clk3 @ 206000000 Finished 744404 instructions 
Clk3 @ 207000000 Finished 748099 instructions 
Clk@ 207581619 Working on the # 750000 th memory instruction
Clk3 @ 208000000 Finished 751584 instructions 
Clk3 @ 209000000 Finished 755155 instructions 
Clk7 @ 210000000 Finished 758603 instructions 
Clk@ 210377914 Working on the # 760000 th memory instruction
Clk3 @ 211000000 Finished 762293 instructions 
Clk3 @ 212000000 Finished 765944 instructions 
Sampling stash size at 768000 req has stash size of: 4751
Clk3 @ 213000000 Finished 769357 instructions 
Clk@ 213149277 Working on the # 770000 th memory instruction
Clk3 @ 214000000 Finished 773164 instructions 
Clk3 @ 215000000 Finished 776841 instructions 
Clk@ 215903041 Working on the # 780000 th memory instruction
Clk3 @ 216000000 Finished 780285 instructions 
Clk7 @ 216000000 Finished 780285 instructions 
Clk3 @ 217000000 Finished 783964 instructions 
Clk3 @ 218000000 Finished 787528 instructions 
Clk@ 218682376 Working on the # 790000 th memory instruction
Clk3 @ 219000000 Finished 791151 instructions 
Sampling stash size at 794000 req has stash size of: 4859
Clk7 @ 220000000 Finished 794851 instructions 
Clk3 @ 221000000 Finished 798434 instructions 
Clk@ 221442564 Working on the # 800000 th memory instruction
Clk7 @ 222000000 Finished 802008 instructions 
Sampling stash size at 802000 req has stash size of: 4658
Clk3 @ 223000000 Finished 805768 instructions 
Sampling stash size at 809000 req has stash size of: 4829
Clk3 @ 224000000 Finished 809294 instructions 
Clk@ 224197708 Working on the # 810000 th memory instruction
Clk3 @ 225000000 Finished 812869 instructions 
Clk7 @ 226000000 Finished 816567 instructions 
Clk@ 226977779 Working on the # 820000 th memory instruction
Clk3 @ 227000000 Finished 820102 instructions 
Clk7 @ 227000000 Finished 820102 instructions 
Clk3 @ 228000000 Finished 823714 instructions 
Clk3 @ 229000000 Finished 827246 instructions 
Clk@ 229776550 Working on the # 830000 th memory instruction
Clk3 @ 230000000 Finished 830787 instructions 
Clk7 @ 231000000 Finished 834515 instructions 
Clk7 @ 232000000 Finished 838030 instructions 
Clk@ 232540832 Working on the # 840000 th memory instruction
Clk3 @ 233000000 Finished 841596 instructions 
Clk3 @ 234000000 Finished 845252 instructions 
Clk3 @ 235000000 Finished 848867 instructions 
Clk@ 235330910 Working on the # 850000 th memory instruction
Clk3 @ 236000000 Finished 852403 instructions 
Clk3 @ 237000000 Finished 855983 instructions 
Clk7 @ 238000000 Finished 859601 instructions 
Clk@ 238114797 Working on the # 860000 th memory instruction
Sampling stash size at 862000 req has stash size of: 4853
Clk3 @ 239000000 Finished 863184 instructions 
Clk3 @ 240000000 Finished 866782 instructions 
Clk@ 240871463 Working on the # 870000 th memory instruction
Clk3 @ 241000000 Finished 870457 instructions 
Clk7 @ 242000000 Finished 873934 instructions 
Clk3 @ 243000000 Finished 877570 instructions 
Clk@ 243660708 Working on the # 880000 th memory instruction
Clk3 @ 244000000 Finished 881216 instructions 
Clk7 @ 245000000 Finished 884770 instructions 
Clk3 @ 246000000 Finished 888274 instructions 
Clk@ 246460794 Working on the # 890000 th memory instruction
Clk7 @ 247000000 Finished 891918 instructions 
Clk7 @ 248000000 Finished 895634 instructions 
Clk3 @ 249000000 Finished 899292 instructions 
Clk@ 249214255 Working on the # 900000 th memory instruction
Clk7 @ 250000000 Finished 902851 instructions 
Clk7 @ 251000000 Finished 906586 instructions 
Clk@ 251954981 Working on the # 910000 th memory instruction
Clk3 @ 252000000 Finished 910171 instructions 
Clk3 @ 253000000 Finished 913647 instructions 
Sampling stash size at 915000 req has stash size of: 4936
Clk3 @ 254000000 Finished 917383 instructions 
Clk@ 254749405 Working on the # 920000 th memory instruction
Clk3 @ 255000000 Finished 920992 instructions 
Clk7 @ 256000000 Finished 924497 instructions 
Clk7 @ 257000000 Finished 928086 instructions 
Clk@ 257509368 Working on the # 930000 th memory instruction
Clk3 @ 258000000 Finished 931777 instructions 
Clk3 @ 259000000 Finished 935182 instructions 
Clk3 @ 260000000 Finished 938824 instructions 
Clk@ 260297010 Working on the # 940000 th memory instruction
Clk3 @ 261000000 Finished 942545 instructions 
Clk3 @ 262000000 Finished 945980 instructions 
Clk7 @ 263000000 Finished 949670 instructions 
Clk@ 263084771 Working on the # 950000 th memory instruction
Clk3 @ 264000000 Finished 953157 instructions 
Sampling stash size at 954000 req has stash size of: 4735
Clk3 @ 265000000 Finished 956897 instructions 
Clk@ 265914005 Working on the # 960000 th memory instruction
Clk3 @ 266000000 Finished 960302 instructions 
Clk3 @ 267000000 Finished 963679 instructions 
Sampling stash size at 966000 req has stash size of: 4661
Clk3 @ 268000000 Finished 967183 instructions 
Clk@ 268790738 Working on the # 970000 th memory instruction
Clk3 @ 269000000 Finished 970738 instructions 
Clk3 @ 270000000 Finished 974257 instructions 
Clk3 @ 271000000 Finished 977770 instructions 
Clk@ 271700742 Working on the # 980000 th memory instruction
Clk3 @ 272000000 Finished 980949 instructions 
Clk3 @ 273000000 Finished 984615 instructions 
Sampling stash size at 988000 req has stash size of: 5026
Clk3 @ 274000000 Finished 988136 instructions 
Clk@ 274540519 Working on the # 990000 th memory instruction
Clk3 @ 275000000 Finished 991546 instructions 
Clk3 @ 276000000 Finished 995038 instructions 
Clk3 @ 277000000 Finished 998427 instructions 
Clk@ 277444437 Working on the # 1000000 th memory instruction

===*** Data ***====
Stall reason distribution: 
mc_hazard: 0
normal: 0
rs_hazard: 0
rw_swtich: 0
Early reshuffle distribution: 
0: 0
1: 0
2: 0
3: 0
4: 0
5: 0
6: 0
7: 0
8: 0
9: 0
10: 910
11: 2308
12: 2926
13: 3021
14: 2724
15: 1677
16: 98
17: 0
18: 0
19: 0
20: 0
21: 0
22: 0
23: 0
24: 0
=================
Max stash size is: 6475
Average stash size is: 4833.73
useful_read_pull_ddr: 499995 (1.51434) %
dummy_read_pull_ddr: 7406873 (22.4333) %
useful_early_pull_ddr: 137272 (0.415757) %
useful_early_push_ddr: 81611 (0.247176) %
useful_write_pull_ddr: 6322390 (19.1487) %
useful_write_push_ddr: 2427680 (7.35274) %
dummy_early_pull_ddr: 8639 (0.026165) %
dummy_early_push_ddr: 287458 (0.870627) %
dummy_write_pull_ddr: 1770 (0.00536082) %
dummy_write_push_ddr: 15843665 (47.9859) %
=================
Stash violation number of times: 0
=================
Check NodeID traffic: 6472603
Update NodeID traffic: 64144
=================
Read RS lines: 1000000 (88.7431) %
Write RS lines: 99520 (8.83171) %
Early RS lines: 27328 (2.42517) %
Read DDR lines: 15768694 (25.0241) %
Write DDR lines: 46425507 (73.6749) %
Early DDR lines: 819840 (1.30104) %

====*** pos1 ***====
Stall reason distribution: 
mc_hazard: 0
normal: 0
rs_hazard: 0
rw_swtich: 0
Early reshuffle distribution: 
0: 0
1: 0
2: 0
3: 0
4: 0
5: 0
6: 0
7: 0
8: 0
9: 0
10: 957
11: 2377
12: 3037
13: 3059
14: 2745
15: 1701
16: 76
17: 0
18: 0
19: 0
20: 0
21: 0
=================
Max stash size is: 6473
Average stash size is: 4831.44
useful_read_pull_ddr: 999865 (1.65205) %
dummy_read_pull_ddr: 11978305 (19.7915) %
useful_early_pull_ddr: 222530 (0.367681) %
useful_early_push_ddr: 130873 (0.216238) %
useful_write_pull_ddr: 10314163 (17.0418) %
useful_write_push_ddr: 4337157 (7.16618) %
dummy_early_pull_ddr: 14654 (0.0242125) %
dummy_early_push_ddr: 469063 (0.775022) %
dummy_write_pull_ddr: 18557 (0.0306613) %
dummy_write_push_ddr: 32037403 (52.9346) %
=================
Stash violation number of times: 0
=================
Check NodeID traffic: 9388817
Update NodeID traffic: 48230
=================
Read RS lines: 1000000 (88.6978) %
Write RS lines: 99520 (8.8272) %
Early RS lines: 27904 (2.47502) %
Read DDR lines: 12950735 (24.9582) %
Write DDR lines: 38101905 (73.4286) %
Early DDR lines: 837120 (1.61327) %

====*** pos2 ***====
Stall reason distribution: 
mc_hazard: 0
normal: 0
rs_hazard: 0
rw_swtich: 0
Early reshuffle distribution: 
0: 0
1: 0
2: 0
3: 0
4: 0
5: 0
6: 0
7: 0
8: 0
9: 0
10: 950
11: 2276
12: 2881
13: 2926
14: 2410
15: 1437
16: 28
17: 0
18: 0
=================
Max stash size is: 6467
Average stash size is: 4829.43
useful_read_pull_ddr: 998871 (1.88633) %
dummy_read_pull_ddr: 8991257 (16.9796) %
useful_early_pull_ddr: 201826 (0.38114) %
useful_early_push_ddr: 120021 (0.226655) %
useful_write_pull_ddr: 7814140 (14.7567) %
useful_write_push_ddr: 4188366 (7.90956) %
dummy_early_pull_ddr: 17610 (0.0332558) %
dummy_early_push_ddr: 435023 (0.821523) %
dummy_write_pull_ddr: 139604 (0.263636) %
dummy_write_push_ddr: 30046514 (56.7416) %
=================
Stash violation number of times: 0
=================
Check NodeID traffic: 5646081
Update NodeID traffic: 29124
=================
Read RS lines: 1000000 (88.8623) %
Write RS lines: 99520 (8.84358) %
Early RS lines: 25816 (2.29407) %
Read DDR lines: 9970629 (24.8802) %
Write DDR lines: 29329431 (73.1872) %
Early DDR lines: 774480 (1.9326) %
=================
The final DRAM clk is: 277445347 ticks.
Idle waiting clk is 81746278, which is 29.4639 %
DRAM Frequency is: 1600MHz
The final time in ns is: 1.73403e+08 ns.
Time distribution: 
Data pull time is: 0
data: 0
pos1: 0
pos2: 0
Data distribution: 
Pos2 data: 40074540
Pos1 data: 51889760
Data: 63014041
Node access DDR: 12945206
Pull DDR: 15768694
WB DDR: 46425507
Early DDR: 819840
Achieved BW is: 67.5776 GB/s
Ideal BW is: 102.4 GB/s
Metadata cache conclusion: 
overall_hit: 5047814 overall_total: 18053824
Cache Size 64 KB Overall Hit rate: 27.9598 %. 
Simulation done. Statistics written to my_output.txt
