Valid leaf ID range: 8388607:16777214
Num of top nodes: 8388608
Data level num of ways: 8388608
Z: 16
S: 27
A: 20
cached_total: 1
cached_total: 3
cached_total: 7
cached_total: 15
cached_total: 31
cached_total: 63
Total number of ORAM protected cache line blocks: 8388608
Cached number of levels: 5
Max number of levels: 24
Start lvl is: 0
data valid leaf right: 16777215
data num of levels: 24
data level num of ways: 8388608
data number of sets: 1
Cached node ID: 0 -- 47
Address space: 0 - 4 GB
pos1 valid leaf right: 2097151
pos1 num of levels: 21
pos1 level num of ways: 1048576
pos1 number of sets: 1
Cached node ID: 0 -- 5
Address space: 0 - 0.5 GB
pos2 valid leaf right: 262143
pos2 num of levels: 18
pos2 level num of ways: 131072
pos2 number of sets: 1
Cached node ID: 0 -- 2
Address space: 0 - 0.0625 GB
new addr: 0
(myrs->posMap.find(new_addr) != myrs->posMap.end()): 1
(myrs->posMap[new_addr].pending): 0
myrs->posMap[new_addr] = 0
#2 ID 0 set true here
Clk3 @ 1000000 Finished 1699 instructions 
Clk3 @ 2000000 Finished 3491 instructions 
Sampling stash size at 4999 req has local max stash size of: 133
Clk3 @ 3000000 Finished 5308 instructions 
Clk7 @ 4000000 Finished 7202 instructions 
Clk3 @ 5000000 Finished 9045 instructions 
Clk@ 5506999 Working on the # 10000 th memory instruction
Sampling stash size at 9999 req has local max stash size of: 148
Clk3 @ 6000000 Finished 10927 instructions 
Clk3 @ 7000000 Finished 12847 instructions 
Clk3 @ 8000000 Finished 14761 instructions 
Sampling stash size at 14999 req has local max stash size of: 155
Clk7 @ 9000000 Finished 16628 instructions 
Clk3 @ 10000000 Finished 18567 instructions 
Clk@ 10747047 Working on the # 20000 th memory instruction
Sampling stash size at 19999 req has local max stash size of: 158
Clk3 @ 11000000 Finished 20483 instructions 
Clk3 @ 12000000 Finished 22407 instructions 
Clk7 @ 13000000 Finished 24326 instructions 
Sampling stash size at 24999 req has local max stash size of: 164
Clk7 @ 14000000 Finished 26267 instructions 
Clk3 @ 15000000 Finished 28206 instructions 
Clk@ 15916856 Working on the # 30000 th memory instruction
Sampling stash size at 29999 req has local max stash size of: 171
Clk7 @ 16000000 Finished 30147 instructions 
Clk3 @ 17000000 Finished 31987 instructions 
Clk7 @ 18000000 Finished 33957 instructions 
Sampling stash size at 34999 req has local max stash size of: 175
Clk3 @ 19000000 Finished 35907 instructions 
Clk7 @ 20000000 Finished 37874 instructions 
Clk7 @ 21000000 Finished 39787 instructions 
Clk@ 21104745 Working on the # 40000 th memory instruction
Sampling stash size at 39999 req has local max stash size of: 172
Clk3 @ 22000000 Finished 41705 instructions 
Clk3 @ 23000000 Finished 43627 instructions 
Sampling stash size at 44999 req has local max stash size of: 181
Clk3 @ 24000000 Finished 45587 instructions 
Clk7 @ 25000000 Finished 47515 instructions 
Clk3 @ 26000000 Finished 49527 instructions 
Clk@ 26247469 Working on the # 50000 th memory instruction
Sampling stash size at 49999 req has local max stash size of: 178
Clk3 @ 27000000 Finished 51472 instructions 
Clk3 @ 28000000 Finished 53427 instructions 
Sampling stash size at 54999 req has local max stash size of: 178
Clk7 @ 29000000 Finished 55379 instructions 
Clk3 @ 30000000 Finished 57346 instructions 
Clk3 @ 31000000 Finished 59315 instructions 
Clk@ 31343825 Working on the # 60000 th memory instruction
Sampling stash size at 59999 req has local max stash size of: 185
Clk7 @ 32000000 Finished 61207 instructions 
Clk7 @ 33000000 Finished 63054 instructions 
Sampling stash size at 64999 req has local max stash size of: 176
Clk3 @ 34000000 Finished 65016 instructions 
Clk7 @ 35000000 Finished 66990 instructions 
Clk3 @ 36000000 Finished 68967 instructions 
Clk@ 36523131 Working on the # 70000 th memory instruction
Sampling stash size at 69999 req has local max stash size of: 185
Clk3 @ 37000000 Finished 70942 instructions 
Clk3 @ 38000000 Finished 72897 instructions 
Clk3 @ 39000000 Finished 74870 instructions 
Sampling stash size at 74999 req has local max stash size of: 181
Clk3 @ 40000000 Finished 76807 instructions 
Clk7 @ 41000000 Finished 78759 instructions 
Clk@ 41632028 Working on the # 80000 th memory instruction
Sampling stash size at 79999 req has local max stash size of: 181
Clk3 @ 42000000 Finished 80709 instructions 
Clk3 @ 43000000 Finished 82633 instructions 
Clk7 @ 44000000 Finished 84537 instructions 
Sampling stash size at 84999 req has local max stash size of: 188
Clk3 @ 45000000 Finished 86467 instructions 
Clk3 @ 46000000 Finished 88407 instructions 
Clk@ 46811867 Working on the # 90000 th memory instruction
Sampling stash size at 89999 req has local max stash size of: 192
Clk3 @ 47000000 Finished 90367 instructions 
Clk3 @ 48000000 Finished 92301 instructions 
Clk7 @ 49000000 Finished 94187 instructions 
Sampling stash size at 94999 req has local max stash size of: 188
Clk7 @ 50000000 Finished 96157 instructions 
Clk3 @ 51000000 Finished 98132 instructions 
Clk@ 51951436 Working on the # 100000 th memory instruction
Sampling stash size at 99999 req has local max stash size of: 187
Clk3 @ 52000000 Finished 100088 instructions 
Clk3 @ 53000000 Finished 102047 instructions 
Clk7 @ 54000000 Finished 103986 instructions 
Sampling stash size at 104999 req has local max stash size of: 201
Clk3 @ 55000000 Finished 105933 instructions 
Clk7 @ 56000000 Finished 107876 instructions 
Clk3 @ 57000000 Finished 109806 instructions 
Clk@ 57097407 Working on the # 110000 th memory instruction
Sampling stash size at 109999 req has local max stash size of: 184
Clk3 @ 58000000 Finished 111772 instructions 
Clk3 @ 59000000 Finished 113727 instructions 
Clk7 @ 59000000 Finished 113727 instructions 
Sampling stash size at 114999 req has local max stash size of: 186
Clk7 @ 60000000 Finished 115714 instructions 
Clk3 @ 61000000 Finished 117667 instructions 
Clk3 @ 62000000 Finished 119623 instructions 
Clk@ 62190102 Working on the # 120000 th memory instruction
Sampling stash size at 119999 req has local max stash size of: 199
Clk3 @ 63000000 Finished 121547 instructions 
Clk3 @ 64000000 Finished 123347 instructions 
Sampling stash size at 124999 req has local max stash size of: 192
Clk3 @ 65000000 Finished 125185 instructions 
Clk7 @ 66000000 Finished 127107 instructions 
Clk3 @ 67000000 Finished 129063 instructions 
Clk@ 67487694 Working on the # 130000 th memory instruction
Sampling stash size at 129999 req has local max stash size of: 190
Clk3 @ 68000000 Finished 131019 instructions 
Clk3 @ 69000000 Finished 132961 instructions 
Clk3 @ 70000000 Finished 134927 instructions 
Sampling stash size at 134999 req has local max stash size of: 195
Clk3 @ 71000000 Finished 136907 instructions 
Clk3 @ 72000000 Finished 138856 instructions 
Clk@ 72592441 Working on the # 140000 th memory instruction
Sampling stash size at 139999 req has local max stash size of: 189
Clk3 @ 73000000 Finished 140807 instructions 
Clk3 @ 74000000 Finished 142761 instructions 
Clk7 @ 75000000 Finished 144708 instructions 
Sampling stash size at 144999 req has local max stash size of: 192
Clk3 @ 76000000 Finished 146663 instructions 
Clk3 @ 77000000 Finished 148623 instructions 
Clk@ 77704302 Working on the # 150000 th memory instruction
Sampling stash size at 149999 req has local max stash size of: 222
Clk3 @ 78000000 Finished 150582 instructions 
Clk3 @ 79000000 Finished 152487 instructions 
Clk3 @ 80000000 Finished 154387 instructions 
Sampling stash size at 154999 req has local max stash size of: 197
Clk3 @ 81000000 Finished 156325 instructions 
Clk3 @ 82000000 Finished 158268 instructions 
Clk@ 82883276 Working on the # 160000 th memory instruction
Sampling stash size at 159999 req has local max stash size of: 206
Clk3 @ 83000000 Finished 160207 instructions 
Clk3 @ 84000000 Finished 162171 instructions 
Clk3 @ 85000000 Finished 164087 instructions 
Sampling stash size at 164999 req has local max stash size of: 199
Clk7 @ 86000000 Finished 165979 instructions 
Clk3 @ 87000000 Finished 167827 instructions 
Clk7 @ 88000000 Finished 169751 instructions 
Clk@ 88123904 Working on the # 170000 th memory instruction
Sampling stash size at 169999 req has local max stash size of: 204
Clk3 @ 89000000 Finished 171656 instructions 
Clk3 @ 90000000 Finished 173569 instructions 
Sampling stash size at 174999 req has local max stash size of: 198
Clk3 @ 91000000 Finished 175484 instructions 
Clk7 @ 92000000 Finished 177434 instructions 
Clk7 @ 93000000 Finished 179347 instructions 
Clk@ 93334428 Working on the # 180000 th memory instruction
Sampling stash size at 179999 req has local max stash size of: 198
Clk3 @ 94000000 Finished 181287 instructions 
Clk7 @ 95000000 Finished 183139 instructions 
Sampling stash size at 184999 req has local max stash size of: 205
Clk3 @ 96000000 Finished 185082 instructions 
Clk3 @ 97000000 Finished 186923 instructions 
Clk3 @ 98000000 Finished 188878 instructions 
Clk@ 98563136 Working on the # 190000 th memory instruction
Sampling stash size at 189999 req has local max stash size of: 205
Clk7 @ 99000000 Finished 190834 instructions 
Clk3 @ 100000000 Finished 192823 instructions 
Clk3 @ 101000000 Finished 194768 instructions 
Sampling stash size at 194999 req has local max stash size of: 207
Clk3 @ 102000000 Finished 196744 instructions 
Clk3 @ 103000000 Finished 198667 instructions 
Clk@ 103670333 Working on the # 200000 th memory instruction
Sampling stash size at 199999 req has local max stash size of: 200
Clk3 @ 104000000 Finished 200647 instructions 
Clk3 @ 105000000 Finished 202585 instructions 
Clk3 @ 106000000 Finished 204527 instructions 
Sampling stash size at 204999 req has local max stash size of: 197
Clk7 @ 107000000 Finished 206448 instructions 
Clk3 @ 108000000 Finished 208385 instructions 
Clk@ 108837812 Working on the # 210000 th memory instruction
Sampling stash size at 209999 req has local max stash size of: 207
Clk3 @ 109000000 Finished 210321 instructions 
Clk3 @ 110000000 Finished 212243 instructions 
Clk3 @ 111000000 Finished 214127 instructions 
Sampling stash size at 214999 req has local max stash size of: 207
Clk3 @ 112000000 Finished 216103 instructions 
Clk7 @ 113000000 Finished 217987 instructions 
Clk3 @ 114000000 Finished 219947 instructions 
Clk@ 114024408 Working on the # 220000 th memory instruction
Sampling stash size at 219999 req has local max stash size of: 197
Clk3 @ 115000000 Finished 221903 instructions 
Clk7 @ 116000000 Finished 223866 instructions 
Sampling stash size at 224999 req has local max stash size of: 204
Clk3 @ 117000000 Finished 225806 instructions 
Clk3 @ 118000000 Finished 227752 instructions 
Clk7 @ 119000000 Finished 229697 instructions 
Clk@ 119154137 Working on the # 230000 th memory instruction
Sampling stash size at 229999 req has local max stash size of: 207
Clk3 @ 120000000 Finished 231667 instructions 
Clk3 @ 121000000 Finished 233602 instructions 
Sampling stash size at 234999 req has local max stash size of: 203
Clk7 @ 122000000 Finished 235557 instructions 
Clk3 @ 123000000 Finished 237487 instructions 
Clk3 @ 124000000 Finished 239422 instructions 
Clk@ 124291368 Working on the # 240000 th memory instruction
Sampling stash size at 239999 req has local max stash size of: 198
Clk7 @ 125000000 Finished 241348 instructions 
Clk7 @ 126000000 Finished 243255 instructions 
Sampling stash size at 244999 req has local max stash size of: 207
Clk7 @ 127000000 Finished 245025 instructions 
Clk7 @ 128000000 Finished 246864 instructions 
Clk3 @ 129000000 Finished 248638 instructions 
Clk@ 129733098 Working on the # 250000 th memory instruction
Warm up done after line access count: 250000 out of 500000 (50 %)
Sampling stash size at 249999 req has local max stash size of: 206
Clk3 @ 130000000 Finished 250503 instructions 
Clk7 @ 131000000 Finished 252387 instructions 
Clk3 @ 132000000 Finished 254307 instructions 
Sampling stash size at 254999 req has local max stash size of: 213
Clk7 @ 133000000 Finished 256204 instructions 
Clk7 @ 134000000 Finished 258144 instructions 
Clk@ 134971885 Working on the # 260000 th memory instruction
Sampling stash size at 259999 req has local max stash size of: 207
Clk7 @ 135000000 Finished 260050 instructions 
Clk3 @ 136000000 Finished 262007 instructions 
Clk3 @ 137000000 Finished 263907 instructions 
Sampling stash size at 264999 req has local max stash size of: 208
Clk3 @ 138000000 Finished 265845 instructions 
Clk7 @ 139000000 Finished 267789 instructions 
Clk3 @ 140000000 Finished 269747 instructions 
Clk@ 140129141 Working on the # 270000 th memory instruction
Sampling stash size at 269999 req has local max stash size of: 207
Clk3 @ 141000000 Finished 271712 instructions 
Clk3 @ 142000000 Finished 273667 instructions 
Sampling stash size at 274999 req has local max stash size of: 207
Clk3 @ 143000000 Finished 275556 instructions 
Clk3 @ 144000000 Finished 277543 instructions 
Clk3 @ 145000000 Finished 279463 instructions 
Clk@ 145273254 Working on the # 280000 th memory instruction
Sampling stash size at 279999 req has local max stash size of: 208
Clk3 @ 146000000 Finished 281423 instructions 
Clk3 @ 147000000 Finished 283358 instructions 
Sampling stash size at 284999 req has local max stash size of: 204
Clk3 @ 148000000 Finished 285315 instructions 
Clk7 @ 149000000 Finished 287280 instructions 
Clk7 @ 150000000 Finished 289224 instructions 
Clk@ 150408404 Working on the # 290000 th memory instruction
Sampling stash size at 289999 req has local max stash size of: 208
Clk3 @ 151000000 Finished 291152 instructions 
Clk3 @ 152000000 Finished 293124 instructions 
Sampling stash size at 294999 req has local max stash size of: 212
Clk3 @ 153000000 Finished 295057 instructions 
Clk3 @ 154000000 Finished 297027 instructions 
Clk3 @ 155000000 Finished 298979 instructions 
Clk@ 155518305 Working on the # 300000 th memory instruction
Sampling stash size at 299999 req has local max stash size of: 209
Clk7 @ 156000000 Finished 300932 instructions 
Clk3 @ 157000000 Finished 302888 instructions 
Clk7 @ 157000000 Finished 302888 instructions 
Clk3 @ 158000000 Finished 304812 instructions 
Sampling stash size at 304999 req has local max stash size of: 206
Clk3 @ 159000000 Finished 306642 instructions 
Clk3 @ 160000000 Finished 308547 instructions 
Clk@ 160779065 Working on the # 310000 th memory instruction
Sampling stash size at 309999 req has local max stash size of: 205
Clk3 @ 161000000 Finished 310427 instructions 
Clk3 @ 162000000 Finished 312387 instructions 
Clk7 @ 163000000 Finished 314322 instructions 
Sampling stash size at 314999 req has local max stash size of: 220
Clk7 @ 164000000 Finished 316253 instructions 
Clk3 @ 165000000 Finished 318187 instructions 
Clk@ 165927576 Working on the # 320000 th memory instruction
Sampling stash size at 319999 req has local max stash size of: 208
Clk3 @ 166000000 Finished 320121 instructions 
Clk3 @ 167000000 Finished 322054 instructions 
Clk7 @ 168000000 Finished 323969 instructions 
Sampling stash size at 324999 req has local max stash size of: 209
Clk3 @ 169000000 Finished 325907 instructions 
Clk7 @ 170000000 Finished 327824 instructions 
Clk7 @ 171000000 Finished 329708 instructions 
Clk@ 171150292 Working on the # 330000 th memory instruction
Sampling stash size at 329999 req has local max stash size of: 208
Clk3 @ 172000000 Finished 331580 instructions 
Clk3 @ 173000000 Finished 333482 instructions 
Sampling stash size at 334999 req has local max stash size of: 200
Clk3 @ 174000000 Finished 335360 instructions 
Clk3 @ 175000000 Finished 337267 instructions 
Clk3 @ 176000000 Finished 339191 instructions 
Clk@ 176407696 Working on the # 340000 th memory instruction
Sampling stash size at 339999 req has local max stash size of: 216
Clk3 @ 177000000 Finished 341143 instructions 
Clk7 @ 178000000 Finished 343017 instructions 
Clk3 @ 179000000 Finished 344927 instructions 
Sampling stash size at 344999 req has local max stash size of: 208
Clk3 @ 180000000 Finished 346843 instructions 
Clk3 @ 181000000 Finished 348787 instructions 
Clk@ 181617955 Working on the # 350000 th memory instruction
Sampling stash size at 349999 req has local max stash size of: 212
Clk3 @ 182000000 Finished 350707 instructions 
Clk3 @ 183000000 Finished 352657 instructions 
Clk3 @ 184000000 Finished 354601 instructions 
Sampling stash size at 354999 req has local max stash size of: 215
Clk3 @ 185000000 Finished 356581 instructions 
Clk7 @ 186000000 Finished 358488 instructions 
Clk@ 186774445 Working on the # 360000 th memory instruction
Sampling stash size at 359999 req has local max stash size of: 214
Clk3 @ 187000000 Finished 360447 instructions 
Clk3 @ 188000000 Finished 362407 instructions 
Clk3 @ 189000000 Finished 364357 instructions 
Sampling stash size at 364999 req has local max stash size of: 210
Clk7 @ 190000000 Finished 366176 instructions 
Clk3 @ 191000000 Finished 368128 instructions 
Clk@ 191966445 Working on the # 370000 th memory instruction
Sampling stash size at 369999 req has local max stash size of: 220
Clk7 @ 192000000 Finished 370065 instructions 
Clk3 @ 193000000 Finished 371967 instructions 
Clk7 @ 194000000 Finished 373783 instructions 
Sampling stash size at 374999 req has local max stash size of: 210
Clk3 @ 195000000 Finished 375727 instructions 
Clk3 @ 196000000 Finished 377663 instructions 
Clk3 @ 197000000 Finished 379647 instructions 
Clk@ 197173490 Working on the # 380000 th memory instruction
Sampling stash size at 379999 req has local max stash size of: 221
Clk3 @ 198000000 Finished 381587 instructions 
Clk3 @ 199000000 Finished 383547 instructions 
Sampling stash size at 384999 req has local max stash size of: 209
Clk3 @ 200000000 Finished 385487 instructions 
Clk7 @ 201000000 Finished 387461 instructions 
Clk3 @ 202000000 Finished 389388 instructions 
Clk@ 202317067 Working on the # 390000 th memory instruction
Sampling stash size at 389999 req has local max stash size of: 214
Clk7 @ 203000000 Finished 391339 instructions 
Clk7 @ 204000000 Finished 393274 instructions 
Sampling stash size at 394999 req has local max stash size of: 205
Clk3 @ 205000000 Finished 395242 instructions 
Clk3 @ 206000000 Finished 397100 instructions 
Clk7 @ 207000000 Finished 399031 instructions 
Clk@ 207489558 Working on the # 400000 th memory instruction
Sampling stash size at 399999 req has local max stash size of: 218
Clk7 @ 208000000 Finished 400978 instructions 
Clk7 @ 209000000 Finished 402928 instructions 
Clk3 @ 210000000 Finished 404827 instructions 
Sampling stash size at 404999 req has local max stash size of: 212
Clk7 @ 211000000 Finished 406747 instructions 
Clk7 @ 212000000 Finished 408669 instructions 
Clk@ 212685473 Working on the # 410000 th memory instruction
Sampling stash size at 409999 req has local max stash size of: 214
Clk3 @ 213000000 Finished 410607 instructions 
Clk3 @ 214000000 Finished 412540 instructions 
Clk3 @ 215000000 Finished 414445 instructions 
Sampling stash size at 414999 req has local max stash size of: 220
Clk3 @ 217000000 Finished 418344 instructions 
Clk@ 217861705 Working on the # 420000 th memory instruction
Sampling stash size at 419999 req has local max stash size of: 215
Clk3 @ 218000000 Finished 420267 instructions 
Clk3 @ 219000000 Finished 422185 instructions 
Clk3 @ 220000000 Finished 424107 instructions 
Sampling stash size at 424999 req has local max stash size of: 210
Clk3 @ 221000000 Finished 426045 instructions 
Clk3 @ 222000000 Finished 427893 instructions 
Clk7 @ 223000000 Finished 429825 instructions 
Clk@ 223090633 Working on the # 430000 th memory instruction
Sampling stash size at 429999 req has local max stash size of: 215
Clk7 @ 224000000 Finished 431779 instructions 
Clk7 @ 225000000 Finished 433688 instructions 
Sampling stash size at 434999 req has local max stash size of: 218
Clk3 @ 226000000 Finished 435547 instructions 
Clk7 @ 227000000 Finished 437515 instructions 
Clk7 @ 228000000 Finished 439473 instructions 
Clk@ 228265557 Working on the # 440000 th memory instruction
Sampling stash size at 439999 req has local max stash size of: 221
Clk7 @ 229000000 Finished 441442 instructions 
Clk3 @ 230000000 Finished 443356 instructions 
Clk7 @ 230000000 Finished 443356 instructions 
Sampling stash size at 444999 req has local max stash size of: 220
Clk7 @ 231000000 Finished 445324 instructions 
Clk3 @ 232000000 Finished 447261 instructions 
Clk3 @ 233000000 Finished 449208 instructions 
Clk@ 233410152 Working on the # 450000 th memory instruction
Sampling stash size at 449999 req has local max stash size of: 220
Clk7 @ 234000000 Finished 451153 instructions 
Clk7 @ 235000000 Finished 453087 instructions 
Sampling stash size at 454999 req has local max stash size of: 212
Clk3 @ 236000000 Finished 455024 instructions 
Clk3 @ 237000000 Finished 456967 instructions 
Clk3 @ 238000000 Finished 458898 instructions 
Clk@ 238572766 Working on the # 460000 th memory instruction
Sampling stash size at 459999 req has local max stash size of: 211
Clk7 @ 239000000 Finished 460831 instructions 
Clk7 @ 240000000 Finished 462801 instructions 
Clk7 @ 241000000 Finished 464727 instructions 
Sampling stash size at 464999 req has local max stash size of: 217
Clk3 @ 242000000 Finished 466624 instructions 
Clk3 @ 243000000 Finished 468586 instructions 
Clk@ 243725256 Working on the # 470000 th memory instruction
Sampling stash size at 469999 req has local max stash size of: 214
Clk7 @ 244000000 Finished 470533 instructions 
Clk3 @ 245000000 Finished 472447 instructions 
Clk3 @ 246000000 Finished 474385 instructions 
Sampling stash size at 474999 req has local max stash size of: 214
Clk7 @ 247000000 Finished 476298 instructions 
Clk3 @ 248000000 Finished 478243 instructions 
Clk@ 248897537 Working on the # 480000 th memory instruction
Sampling stash size at 479999 req has local max stash size of: 220
Clk3 @ 249000000 Finished 480182 instructions 
Clk7 @ 250000000 Finished 482087 instructions 
Clk7 @ 251000000 Finished 483977 instructions 
Sampling stash size at 484999 req has local max stash size of: 218
Clk3 @ 252000000 Finished 485887 instructions 
Clk3 @ 253000000 Finished 487719 instructions 
Clk3 @ 254000000 Finished 489463 instructions 
Clk@ 254291090 Working on the # 490000 th memory instruction
Sampling stash size at 489999 req has local max stash size of: 213
Clk3 @ 255000000 Finished 491307 instructions 
Clk7 @ 256000000 Finished 493114 instructions 
Clk3 @ 257000000 Finished 494903 instructions 
Sampling stash size at 494999 req has local max stash size of: 215
Clk7 @ 258000000 Finished 496647 instructions 
Clk3 @ 259000000 Finished 498507 instructions 
Clk@ 259817655 Working on the # 500000 th memory instruction
Sampling stash size at 499999 req has local max stash size of: 221

===*** Data ***====
Stall reason distribution: 
mc_hazard: 0
normal: 0
rs_hazard: 0
rw_swtich: 0
Early reshuffle distribution: 
0: 0
1: 0
2: 0
3: 0
4: 0
5: 939
6: 1897
7: 1879
8: 1899
9: 1898
10: 1906
11: 1873
12: 1722
13: 1471
14: 892
15: 37
16: 0
17: 0
18: 0
19: 0
20: 0
21: 0
22: 0
23: 0
=================
Max stash size is: 222
Average stash size is: 108.868
Average mem q size is: 78.9607
Total mem q size is:14408985
mem_q_sample_times is:182483
useful_read_pull_ddr: 250006 (1.30955) %
dummy_read_pull_ddr: 4376143 (22.9226) %
useful_early_pull_ddr: 146992 (0.769955) %
useful_early_push_ddr: 85147 (0.446006) %
useful_write_pull_ddr: 3699740 (19.3795) %
useful_write_push_ddr: 1596971 (8.36505) %
dummy_early_pull_ddr: 9187 (0.0481222) %
dummy_early_push_ddr: 309894 (1.62325) %
dummy_write_pull_ddr: 564 (0.00295427) %
dummy_write_push_ddr: 8616346 (45.133) %
=================
Stash violation number of times: 0
=================
Check NodeID traffic: 2976645
Update NodeID traffic: 15
=================
Read RS lines: 500000 (85.7889) %
Write RS lines: 50000 (8.57889) %
Early RS lines: 32826 (5.63221) %
Read DDR lines: 9251086 (24.6542) %
Write DDR lines: 27287500 (72.7214) %
Early DDR lines: 984780 (2.62444) %

====*** pos1 ***====
Stall reason distribution: 
mc_hazard: 0
normal: 0
rs_hazard: 0
rw_swtich: 0
Early reshuffle distribution: 
0: 0
1: 0
2: 618
3: 1580
4: 1736
5: 1810
6: 1888
7: 1887
8: 1897
9: 1884
10: 1878
11: 1794
12: 1695
13: 1405
14: 853
15: 30
16: 0
17: 0
18: 0
19: 0
20: 0
=================
Max stash size is: 52
Average stash size is: 20.6471
Average mem q size is: 83.2215
Total mem q size is:3574195
mem_q_sample_times is:42948
useful_read_pull_ddr: 64413 (0.175177) %
dummy_read_pull_ddr: 8935587 (24.3012) %
useful_early_pull_ddr: 325223 (0.884474) %
useful_early_push_ddr: 24535 (0.0667252) %
useful_write_pull_ddr: 7197522 (19.5743) %
useful_write_push_ddr: 779681 (2.12041) %
dummy_early_pull_ddr: 20506 (0.055768) %
dummy_early_push_ddr: 849956 (2.31153) %
dummy_write_pull_ddr: 2478 (0.00673915) %
dummy_write_push_ddr: 18570319 (50.5037) %
=================
Stash violation number of times: 0
=================
Check NodeID traffic: 4144627
Update NodeID traffic: 1
=================
Read RS lines: 500000 (84.4723) %
Write RS lines: 50000 (8.44723) %
Early RS lines: 41910 (7.08047) %
Read DDR lines: 9000000 (24.4763) %
Write DDR lines: 26550000 (72.2052) %
Early DDR lines: 1220220 (3.3185) %

====*** pos2 ***====
Stall reason distribution: 
mc_hazard: 0
normal: 0
rs_hazard: 0
rw_swtich: 0
Early reshuffle distribution: 
0: 0
1: 205
2: 1224
3: 1544
4: 1738
5: 1909
6: 1837
7: 1892
8: 1888
9: 1880
10: 1876
11: 1807
12: 1707
13: 1474
14: 902
15: 49
16: 0
17: 0
=================
Max stash size is: 28
Average stash size is: 10.8452
Average mem q size is: 79.607
Total mem q size is:2737925
mem_q_sample_times is:34393
useful_read_pull_ddr: 10993 (0.0356277) %
dummy_read_pull_ddr: 7489007 (24.2715) %
useful_early_pull_ddr: 327780 (1.06232) %
useful_early_push_ddr: 3368 (0.0109155) %
useful_write_pull_ddr: 5996322 (19.4338) %
useful_write_push_ddr: 449622 (1.4572) %
dummy_early_pull_ddr: 20771 (0.0673177) %
dummy_early_push_ddr: 878261 (2.8464) %
dummy_write_pull_ddr: 3678 (0.0119202) %
dummy_write_push_ddr: 15675378 (50.8031) %
=================
Stash violation number of times: 0
=================
Check NodeID traffic: 2209940
Update NodeID traffic: 0
=================
Read RS lines: 500000 (84.1944) %
Write RS lines: 50000 (8.41944) %
Early RS lines: 43864 (7.3862) %
Read DDR lines: 7500000 (24.3071) %
Write DDR lines: 22125000 (71.706) %
Early DDR lines: 1230180 (3.98695) %
=================
The final DRAM clk is: 259824714 ticks.
Idle waiting clk is 86506875, which is 33.2943 %
DRAM Frequency is: 1600MHz
The final time in ns is: 1.6239e+08 ns.
Time distribution: 
Data pull time is: 0
data: 0
pos1: 0
pos2: 0
Data distribution: 
Pos2 data: 30855180
Pos1 data: 36770220
Data: 37523366
Node access DDR: 5953290
Pull DDR: 9251086
WB DDR: 27287500
Early DDR: 984780
Achieved BW is: 61.0794 GB/s
Ideal BW is: 102.4 GB/s
Metadata cache conclusion: 
overall_hit: 7263251 overall_total: 13216413
Cache Size 64 KB Overall Hit rate: 54.9563 %. 
Simulation done. Statistics written to results_all/stream_addr_output.txt
