Valid leaf ID range: 1048575:2097150
Num of top nodes: 1048576
Data level num of ways: 1048576
Z: 16
S: 27
A: 20
cached_total: 1
cached_total: 3
cached_total: 7
Total number of ORAM protected cache line blocks: 1048576
Cached number of levels: 2
Max number of levels: 21
Start lvl is: 0
data valid leaf right: 2097151
data num of levels: 21
data level num of ways: 1048576
data number of sets: 1
Cached node ID: 0 -- 5
Address space: 0 - 4 GB
pos1 valid leaf right: 262143
pos1 num of levels: 18
pos1 level num of ways: 131072
pos1 number of sets: 1
Cached node ID: 0 -- 0
Address space: 0 - 0.5 GB
pos2 valid leaf right: 32767
pos2 num of levels: 15
pos2 level num of ways: 16384
pos2 number of sets: 1
Cached node ID: 0 -- 0
Address space: 0 - 0.0625 GB
new addr: 40
(myrs->posMap.find(new_addr) != myrs->posMap.end()): 1
(myrs->posMap[new_addr].pending): 0
myrs->posMap[new_addr] = 64
#2 ID 0 set true here
Clk3 @ 1000000 Finished 447 instructions 
Clk7 @ 2000000 Finished 877 instructions 
Clk3 @ 3000000 Finished 1307 instructions 
Clk3 @ 4000000 Finished 1727 instructions 
Clk3 @ 5000000 Finished 2167 instructions 
Clk3 @ 6000000 Finished 2605 instructions 
Clk3 @ 7000000 Finished 3027 instructions 
Clk3 @ 8000000 Finished 3467 instructions 
Clk3 @ 9000000 Finished 3887 instructions 
Clk3 @ 10000000 Finished 4327 instructions 
Clk3 @ 11000000 Finished 4767 instructions 
Sampling stash size at 4999 req has local max stash size of: 98
Clk3 @ 12000000 Finished 5188 instructions 
Clk3 @ 13000000 Finished 5627 instructions 
Clk3 @ 14000000 Finished 6047 instructions 
Clk3 @ 15000000 Finished 6487 instructions 
Clk3 @ 16000000 Finished 6924 instructions 
Clk3 @ 17000000 Finished 7347 instructions 
Clk3 @ 18000000 Finished 7787 instructions 
Clk3 @ 19000000 Finished 8207 instructions 
Clk7 @ 20000000 Finished 8627 instructions 
Clk3 @ 21000000 Finished 9067 instructions 
Clk3 @ 22000000 Finished 9500 instructions 
Clk3 @ 23000000 Finished 9927 instructions 
Clk@ 23158703 Working on the # 10000 th memory instruction
Sampling stash size at 9999 req has local max stash size of: 140
Clk3 @ 24000000 Finished 10367 instructions 
Clk3 @ 25000000 Finished 10787 instructions 
Clk3 @ 26000000 Finished 11225 instructions 
Clk3 @ 27000000 Finished 11647 instructions 
Clk3 @ 28000000 Finished 12081 instructions 
Clk3 @ 29000000 Finished 12507 instructions 
Clk3 @ 30000000 Finished 12946 instructions 
Clk3 @ 31000000 Finished 13367 instructions 
Clk3 @ 32000000 Finished 13807 instructions 
Clk3 @ 33000000 Finished 14244 instructions 
Clk3 @ 34000000 Finished 14667 instructions 
Sampling stash size at 14999 req has local max stash size of: 138
Clk3 @ 35000000 Finished 15107 instructions 
Clk3 @ 36000000 Finished 15527 instructions 
Clk3 @ 37000000 Finished 15949 instructions 
Clk3 @ 38000000 Finished 16387 instructions 
Clk3 @ 39000000 Finished 16807 instructions 
Clk3 @ 40000000 Finished 17235 instructions 
Clk3 @ 41000000 Finished 17667 instructions 
Clk3 @ 42000000 Finished 18098 instructions 
Clk3 @ 43000000 Finished 18528 instructions 
Clk3 @ 44000000 Finished 18967 instructions 
Clk3 @ 45000000 Finished 19387 instructions 
Clk3 @ 46000000 Finished 19827 instructions 
Clk@ 46381108 Working on the # 20000 th memory instruction
Sampling stash size at 19999 req has local max stash size of: 148
Clk3 @ 47000000 Finished 20267 instructions 
Clk3 @ 48000000 Finished 20687 instructions 
Clk3 @ 49000000 Finished 21127 instructions 
Clk3 @ 50000000 Finished 21567 instructions 
Clk3 @ 51000000 Finished 21989 instructions 
Clk3 @ 52000000 Finished 22427 instructions 
Clk3 @ 53000000 Finished 22867 instructions 
Clk3 @ 54000000 Finished 23287 instructions 
Clk3 @ 55000000 Finished 23727 instructions 
Clk3 @ 56000000 Finished 24147 instructions 
Clk3 @ 57000000 Finished 24587 instructions 
Sampling stash size at 24999 req has local max stash size of: 161
Clk3 @ 58000000 Finished 25027 instructions 
Clk3 @ 59000000 Finished 25467 instructions 
Clk3 @ 60000000 Finished 25907 instructions 
Clk3 @ 61000000 Finished 26347 instructions 
Clk3 @ 62000000 Finished 26787 instructions 
Clk3 @ 63000000 Finished 27207 instructions 
Clk3 @ 64000000 Finished 27647 instructions 
Clk3 @ 65000000 Finished 28087 instructions 
Clk3 @ 66000000 Finished 28527 instructions 
Clk3 @ 67000000 Finished 28963 instructions 
Clk3 @ 68000000 Finished 29387 instructions 
Clk3 @ 69000000 Finished 29827 instructions 
Clk@ 69377725 Working on the # 30000 th memory instruction
Sampling stash size at 29999 req has local max stash size of: 144
Clk3 @ 70000000 Finished 30267 instructions 
Clk3 @ 71000000 Finished 30699 instructions 
Clk3 @ 72000000 Finished 31127 instructions 
Clk3 @ 73000000 Finished 31547 instructions 
Clk3 @ 74000000 Finished 31967 instructions 
Clk3 @ 75000000 Finished 32392 instructions 
Clk3 @ 76000000 Finished 32827 instructions 
Clk3 @ 77000000 Finished 33247 instructions 
Clk3 @ 78000000 Finished 33687 instructions 
Clk3 @ 79000000 Finished 34127 instructions 
Clk3 @ 80000000 Finished 34547 instructions 
Clk3 @ 81000000 Finished 34987 instructions 
Sampling stash size at 34999 req has local max stash size of: 162
Clk3 @ 82000000 Finished 35407 instructions 
Clk3 @ 83000000 Finished 35841 instructions 
Clk3 @ 84000000 Finished 36279 instructions 
Clk3 @ 85000000 Finished 36710 instructions 
Clk3 @ 86000000 Finished 37147 instructions 
Clk3 @ 87000000 Finished 37587 instructions 
Clk3 @ 88000000 Finished 38027 instructions 
Clk3 @ 89000000 Finished 38447 instructions 
Clk3 @ 90000000 Finished 38887 instructions 
Clk3 @ 91000000 Finished 39327 instructions 
Clk3 @ 92000000 Finished 39762 instructions 
Clk@ 92547101 Working on the # 40000 th memory instruction
Sampling stash size at 39999 req has local max stash size of: 98
Clk3 @ 93000000 Finished 40187 instructions 
Clk3 @ 94000000 Finished 40627 instructions 
Clk3 @ 95000000 Finished 41056 instructions 
Clk3 @ 96000000 Finished 41487 instructions 
Clk3 @ 97000000 Finished 41927 instructions 
Clk3 @ 98000000 Finished 42367 instructions 
Clk3 @ 99000000 Finished 42787 instructions 
Clk3 @ 100000000 Finished 43237 instructions 
Clk3 @ 101000000 Finished 43667 instructions 
Clk3 @ 102000000 Finished 44107 instructions 
Clk3 @ 103000000 Finished 44547 instructions 
Clk3 @ 104000000 Finished 44987 instructions 
Sampling stash size at 44999 req has local max stash size of: 70
Clk3 @ 105000000 Finished 45427 instructions 
Clk3 @ 106000000 Finished 45867 instructions 
Clk3 @ 107000000 Finished 46298 instructions 
Clk3 @ 108000000 Finished 46727 instructions 
Clk3 @ 109000000 Finished 47147 instructions 
Clk3 @ 110000000 Finished 47587 instructions 
Clk3 @ 111000000 Finished 48027 instructions 
Clk3 @ 112000000 Finished 48447 instructions 
Clk3 @ 113000000 Finished 48887 instructions 
Clk3 @ 114000000 Finished 49324 instructions 
Clk3 @ 115000000 Finished 49747 instructions 
Clk@ 115557554 Working on the # 50000 th memory instruction
Sampling stash size at 49999 req has local max stash size of: 64
Clk3 @ 116000000 Finished 50187 instructions 
Clk3 @ 117000000 Finished 50623 instructions 
Clk3 @ 118000000 Finished 51062 instructions 
Clk3 @ 119000000 Finished 51487 instructions 
Clk3 @ 120000000 Finished 51927 instructions 
Clk3 @ 121000000 Finished 52367 instructions 
Clk3 @ 122000000 Finished 52807 instructions 
Clk3 @ 123000000 Finished 53247 instructions 
Clk3 @ 124000000 Finished 53687 instructions 
Clk3 @ 125000000 Finished 54111 instructions 
Clk3 @ 126000000 Finished 54547 instructions 
Clk3 @ 127000000 Finished 54986 instructions 
Sampling stash size at 54999 req has local max stash size of: 57
Clk3 @ 128000000 Finished 55427 instructions 
Clk3 @ 129000000 Finished 55861 instructions 
Clk3 @ 130000000 Finished 56287 instructions 
Clk3 @ 131000000 Finished 56727 instructions 
Clk3 @ 132000000 Finished 57167 instructions 
Clk3 @ 133000000 Finished 57607 instructions 
Clk3 @ 134000000 Finished 58027 instructions 
Clk3 @ 135000000 Finished 58462 instructions 
Clk3 @ 136000000 Finished 58887 instructions 
Clk7 @ 137000000 Finished 59316 instructions 
Clk3 @ 138000000 Finished 59751 instructions 
Clk@ 138559227 Working on the # 60000 th memory instruction
Sampling stash size at 59999 req has local max stash size of: 63
Clk3 @ 139000000 Finished 60187 instructions 
Clk3 @ 140000000 Finished 60607 instructions 
Clk3 @ 141000000 Finished 61047 instructions 
Clk3 @ 142000000 Finished 61467 instructions 
Clk3 @ 143000000 Finished 61887 instructions 
Clk3 @ 144000000 Finished 62307 instructions 
Clk3 @ 145000000 Finished 62731 instructions 
Clk3 @ 146000000 Finished 63167 instructions 
Clk3 @ 147000000 Finished 63604 instructions 
Clk3 @ 148000000 Finished 64027 instructions 
Clk3 @ 149000000 Finished 64467 instructions 
Clk3 @ 150000000 Finished 64887 instructions 
Sampling stash size at 64999 req has local max stash size of: 55
Clk3 @ 151000000 Finished 65327 instructions 
Clk3 @ 152000000 Finished 65765 instructions 
Clk3 @ 153000000 Finished 66187 instructions 
Clk3 @ 154000000 Finished 66615 instructions 
Clk3 @ 155000000 Finished 67047 instructions 
Clk3 @ 156000000 Finished 67484 instructions 
Clk3 @ 157000000 Finished 67907 instructions 
Clk3 @ 158000000 Finished 68364 instructions 
Clk3 @ 159000000 Finished 68787 instructions 
Clk3 @ 160000000 Finished 69237 instructions 
Clk3 @ 161000000 Finished 69667 instructions 
Clk@ 161776182 Working on the # 70000 th memory instruction
Sampling stash size at 69999 req has local max stash size of: 53
Clk3 @ 162000000 Finished 70087 instructions 
Clk3 @ 163000000 Finished 70527 instructions 
Clk3 @ 164000000 Finished 70955 instructions 
Clk3 @ 165000000 Finished 71387 instructions 
Clk3 @ 166000000 Finished 71827 instructions 
Clk3 @ 167000000 Finished 72267 instructions 
Clk3 @ 168000000 Finished 72696 instructions 
Clk3 @ 169000000 Finished 73127 instructions 
Clk3 @ 170000000 Finished 73567 instructions 
Clk3 @ 171000000 Finished 74007 instructions 
Clk3 @ 172000000 Finished 74446 instructions 
Clk3 @ 173000000 Finished 74867 instructions 
Sampling stash size at 74999 req has local max stash size of: 51
Clk3 @ 174000000 Finished 75307 instructions 
Clk3 @ 175000000 Finished 75747 instructions 
Clk3 @ 176000000 Finished 76187 instructions 
Clk3 @ 177000000 Finished 76626 instructions 
Clk3 @ 178000000 Finished 77047 instructions 
Clk3 @ 179000000 Finished 77476 instructions 
Clk3 @ 180000000 Finished 77907 instructions 
Clk3 @ 181000000 Finished 78327 instructions 
Clk3 @ 182000000 Finished 78777 instructions 
Clk3 @ 183000000 Finished 79207 instructions 
Clk3 @ 184000000 Finished 79647 instructions 
Clk@ 184796992 Working on the # 80000 th memory instruction
Sampling stash size at 79999 req has local max stash size of: 52
Clk3 @ 185000000 Finished 80087 instructions 
Clk3 @ 186000000 Finished 80527 instructions 
Clk3 @ 187000000 Finished 80967 instructions 
Clk3 @ 188000000 Finished 81406 instructions 
Clk3 @ 189000000 Finished 81847 instructions 
Clk3 @ 190000000 Finished 82267 instructions 
Clk3 @ 191000000 Finished 82703 instructions 
Clk3 @ 192000000 Finished 83127 instructions 
Clk7 @ 193000000 Finished 83561 instructions 
Clk3 @ 194000000 Finished 83987 instructions 
Clk3 @ 195000000 Finished 84427 instructions 
Clk3 @ 196000000 Finished 84847 instructions 
Sampling stash size at 84999 req has local max stash size of: 57
Clk3 @ 197000000 Finished 85287 instructions 
Clk3 @ 198000000 Finished 85727 instructions 
Clk3 @ 199000000 Finished 86148 instructions 
Clk3 @ 200000000 Finished 86587 instructions 
Clk3 @ 201000000 Finished 87022 instructions 
Clk3 @ 202000000 Finished 87448 instructions 
Clk3 @ 203000000 Finished 87887 instructions 
Clk3 @ 204000000 Finished 88327 instructions 
Clk3 @ 205000000 Finished 88758 instructions 
Clk3 @ 206000000 Finished 89187 instructions 
Clk3 @ 207000000 Finished 89616 instructions 
Clk@ 207877354 Working on the # 90000 th memory instruction
Sampling stash size at 89999 req has local max stash size of: 53
Clk3 @ 208000000 Finished 90047 instructions 
Clk3 @ 209000000 Finished 90487 instructions 
Clk3 @ 210000000 Finished 90927 instructions 
Clk7 @ 211000000 Finished 91356 instructions 
Clk3 @ 212000000 Finished 91787 instructions 
Clk3 @ 213000000 Finished 92227 instructions 
Clk3 @ 214000000 Finished 92647 instructions 
Clk3 @ 215000000 Finished 93087 instructions 
Clk3 @ 216000000 Finished 93507 instructions 
Clk3 @ 217000000 Finished 93947 instructions 
Clk3 @ 218000000 Finished 94387 instructions 
Clk3 @ 219000000 Finished 94807 instructions 
Sampling stash size at 94999 req has local max stash size of: 50
Clk3 @ 220000000 Finished 95247 instructions 
Clk3 @ 221000000 Finished 95687 instructions 
Clk3 @ 222000000 Finished 96127 instructions 
Clk3 @ 223000000 Finished 96567 instructions 
Clk7 @ 224000000 Finished 96991 instructions 
Clk3 @ 225000000 Finished 97427 instructions 
Clk3 @ 226000000 Finished 97867 instructions 
Clk3 @ 227000000 Finished 98307 instructions 
Clk3 @ 228000000 Finished 98727 instructions 
Clk3 @ 229000000 Finished 99167 instructions 
Clk3 @ 230000000 Finished 99607 instructions 
Clk@ 230903200 Working on the # 100000 th memory instruction
Sampling stash size at 99999 req has local max stash size of: 55
Clk3 @ 231000000 Finished 100047 instructions 
Clk3 @ 232000000 Finished 100467 instructions 
Clk3 @ 233000000 Finished 100907 instructions 
Clk3 @ 234000000 Finished 101327 instructions 
Clk3 @ 235000000 Finished 101767 instructions 
Clk3 @ 236000000 Finished 102187 instructions 
Clk3 @ 237000000 Finished 102627 instructions 
Clk7 @ 238000000 Finished 103057 instructions 
Clk3 @ 239000000 Finished 103487 instructions 
Clk3 @ 240000000 Finished 103927 instructions 
Clk3 @ 241000000 Finished 104361 instructions 
Clk3 @ 242000000 Finished 104787 instructions 
Sampling stash size at 104999 req has local max stash size of: 52
Clk3 @ 243000000 Finished 105212 instructions 
Clk3 @ 244000000 Finished 105665 instructions 
Clk3 @ 245000000 Finished 106091 instructions 
Clk3 @ 246000000 Finished 106527 instructions 
Clk3 @ 247000000 Finished 106963 instructions 
Clk3 @ 248000000 Finished 107388 instructions 
Clk3 @ 249000000 Finished 107827 instructions 
Clk3 @ 250000000 Finished 108257 instructions 
Clk3 @ 251000000 Finished 108687 instructions 
Clk3 @ 252000000 Finished 109122 instructions 
Clk3 @ 253000000 Finished 109563 instructions 
Clk3 @ 254000000 Finished 109987 instructions 
Clk@ 254014126 Working on the # 110000 th memory instruction
Sampling stash size at 109999 req has local max stash size of: 48
Clk3 @ 255000000 Finished 110427 instructions 
Clk3 @ 256000000 Finished 110867 instructions 
Clk3 @ 257000000 Finished 111307 instructions 
Clk7 @ 258000000 Finished 111727 instructions 
Clk3 @ 259000000 Finished 112167 instructions 
Clk3 @ 260000000 Finished 112607 instructions 
Clk3 @ 261000000 Finished 113047 instructions 
Clk3 @ 262000000 Finished 113487 instructions 
Clk3 @ 263000000 Finished 113908 instructions 
Clk3 @ 264000000 Finished 114350 instructions 
Clk3 @ 265000000 Finished 114787 instructions 
Sampling stash size at 114999 req has local max stash size of: 47
Clk3 @ 266000000 Finished 115220 instructions 
Clk3 @ 267000000 Finished 115647 instructions 
Clk3 @ 268000000 Finished 116087 instructions 
Clk3 @ 269000000 Finished 116507 instructions 
Clk3 @ 270000000 Finished 116947 instructions 
Clk3 @ 271000000 Finished 117372 instructions 
Clk3 @ 272000000 Finished 117807 instructions 
Clk3 @ 273000000 Finished 118247 instructions 
Clk3 @ 274000000 Finished 118675 instructions 
Clk3 @ 275000000 Finished 119107 instructions 
Clk3 @ 276000000 Finished 119543 instructions 
Clk3 @ 277000000 Finished 119967 instructions 
Clk@ 277066865 Working on the # 120000 th memory instruction
Sampling stash size at 119999 req has local max stash size of: 51
Clk3 @ 278000000 Finished 120387 instructions 
Clk3 @ 279000000 Finished 120827 instructions 
Clk3 @ 280000000 Finished 121247 instructions 
Clk3 @ 281000000 Finished 121687 instructions 
Clk3 @ 282000000 Finished 122127 instructions 
Clk3 @ 283000000 Finished 122547 instructions 
Clk3 @ 284000000 Finished 122987 instructions 
Clk3 @ 285000000 Finished 123407 instructions 
Clk3 @ 286000000 Finished 123827 instructions 
Clk3 @ 287000000 Finished 124247 instructions 
Clk3 @ 288000000 Finished 124670 instructions 
Sampling stash size at 124999 req has local max stash size of: 50
Clk3 @ 289000000 Finished 125094 instructions 
Clk3 @ 290000000 Finished 125527 instructions 
Clk3 @ 291000000 Finished 125947 instructions 
Clk3 @ 292000000 Finished 126387 instructions 
Clk3 @ 293000000 Finished 126807 instructions 
Clk3 @ 294000000 Finished 127227 instructions 
Clk3 @ 295000000 Finished 127667 instructions 
Clk3 @ 296000000 Finished 128087 instructions 
Clk3 @ 297000000 Finished 128514 instructions 
Clk3 @ 298000000 Finished 128947 instructions 
Clk3 @ 299000000 Finished 129381 instructions 
Clk3 @ 300000000 Finished 129807 instructions 
Clk@ 300452212 Working on the # 130000 th memory instruction
Sampling stash size at 129999 req has local max stash size of: 51
Clk7 @ 301000000 Finished 130239 instructions 
Clk3 @ 302000000 Finished 130667 instructions 
Clk3 @ 303000000 Finished 131107 instructions 
Clk3 @ 304000000 Finished 131527 instructions 
Clk3 @ 305000000 Finished 131947 instructions 
Clk3 @ 306000000 Finished 132387 instructions 
Clk3 @ 307000000 Finished 132827 instructions 
Clk3 @ 308000000 Finished 133267 instructions 
Clk3 @ 309000000 Finished 133687 instructions 
Clk3 @ 310000000 Finished 134107 instructions 
Clk3 @ 311000000 Finished 134547 instructions 
Clk3 @ 312000000 Finished 134987 instructions 
Sampling stash size at 134999 req has local max stash size of: 49
Clk3 @ 313000000 Finished 135407 instructions 
Clk3 @ 314000000 Finished 135843 instructions 
Clk3 @ 315000000 Finished 136267 instructions 
Clk3 @ 316000000 Finished 136707 instructions 
Clk3 @ 317000000 Finished 137147 instructions 
Clk3 @ 318000000 Finished 137567 instructions 
Clk3 @ 319000000 Finished 138007 instructions 
Clk3 @ 320000000 Finished 138429 instructions 
Clk3 @ 321000000 Finished 138867 instructions 
Clk3 @ 322000000 Finished 139287 instructions 
Clk3 @ 323000000 Finished 139727 instructions 
Clk@ 323650519 Working on the # 140000 th memory instruction
Sampling stash size at 139999 req has local max stash size of: 49
Clk3 @ 324000000 Finished 140147 instructions 
Clk3 @ 325000000 Finished 140568 instructions 
Clk3 @ 326000000 Finished 141007 instructions 
Clk3 @ 327000000 Finished 141447 instructions 
Clk3 @ 328000000 Finished 141887 instructions 
Clk3 @ 329000000 Finished 142327 instructions 
Clk3 @ 330000000 Finished 142767 instructions 
Clk3 @ 331000000 Finished 143207 instructions 
Clk3 @ 332000000 Finished 143646 instructions 
Clk7 @ 333000000 Finished 144078 instructions 
Clk3 @ 334000000 Finished 144507 instructions 
Clk3 @ 335000000 Finished 144947 instructions 
Sampling stash size at 144999 req has local max stash size of: 50
Clk7 @ 336000000 Finished 145372 instructions 
Clk3 @ 337000000 Finished 145821 instructions 
Clk3 @ 338000000 Finished 146260 instructions 
Clk3 @ 339000000 Finished 146687 instructions 
Clk3 @ 340000000 Finished 147107 instructions 
Clk3 @ 341000000 Finished 147547 instructions 
Clk3 @ 342000000 Finished 147980 instructions 
Clk3 @ 343000000 Finished 148414 instructions 
Clk3 @ 344000000 Finished 148847 instructions 
Clk3 @ 345000000 Finished 149287 instructions 
Clk3 @ 346000000 Finished 149727 instructions 
Clk@ 346614498 Working on the # 150000 th memory instruction
Sampling stash size at 149999 req has local max stash size of: 55
Clk3 @ 347000000 Finished 150167 instructions 
Clk3 @ 348000000 Finished 150607 instructions 
Clk3 @ 349000000 Finished 151027 instructions 
Clk3 @ 350000000 Finished 151467 instructions 
Clk3 @ 351000000 Finished 151907 instructions 
Clk3 @ 352000000 Finished 152327 instructions 
Clk3 @ 353000000 Finished 152763 instructions 
Clk7 @ 354000000 Finished 153207 instructions 
Clk3 @ 355000000 Finished 153627 instructions 
Clk3 @ 356000000 Finished 154047 instructions 
Clk3 @ 357000000 Finished 154467 instructions 
Clk3 @ 358000000 Finished 154887 instructions 
Sampling stash size at 154999 req has local max stash size of: 50
Clk3 @ 359000000 Finished 155327 instructions 
Clk3 @ 360000000 Finished 155767 instructions 
Clk3 @ 361000000 Finished 156187 instructions 
Clk3 @ 362000000 Finished 156627 instructions 
Clk3 @ 363000000 Finished 157049 instructions 
Clk3 @ 364000000 Finished 157487 instructions 
Clk3 @ 365000000 Finished 157927 instructions 
Clk3 @ 366000000 Finished 158348 instructions 
Clk3 @ 367000000 Finished 158787 instructions 
Clk3 @ 368000000 Finished 159227 instructions 
Clk3 @ 369000000 Finished 159667 instructions 
Clk@ 369746069 Working on the # 160000 th memory instruction
Sampling stash size at 159999 req has local max stash size of: 49
Clk3 @ 370000000 Finished 160107 instructions 
Clk3 @ 371000000 Finished 160547 instructions 
Clk3 @ 372000000 Finished 160987 instructions 
Clk3 @ 373000000 Finished 161421 instructions 
Clk3 @ 374000000 Finished 161854 instructions 
Clk3 @ 375000000 Finished 162287 instructions 
Clk3 @ 376000000 Finished 162727 instructions 
Clk3 @ 377000000 Finished 163167 instructions 
Clk3 @ 378000000 Finished 163607 instructions 
Clk3 @ 379000000 Finished 164027 instructions 
Clk3 @ 380000000 Finished 164455 instructions 
Clk3 @ 381000000 Finished 164887 instructions 
Sampling stash size at 164999 req has local max stash size of: 48
Clk3 @ 382000000 Finished 165318 instructions 
Clk3 @ 383000000 Finished 165747 instructions 
Clk3 @ 384000000 Finished 166184 instructions 
Clk3 @ 385000000 Finished 166611 instructions 
Clk3 @ 386000000 Finished 167047 instructions 
Clk3 @ 387000000 Finished 167478 instructions 
Clk3 @ 388000000 Finished 167906 instructions 
Clk3 @ 389000000 Finished 168327 instructions 
Clk3 @ 390000000 Finished 168767 instructions 
Clk3 @ 391000000 Finished 169187 instructions 
Warm up done after line access count: 169528 out of 339057 (49.9999 %)
Clk7 @ 392000000 Finished 169607 instructions 
Clk@ 392915920 Working on the # 170000 th memory instruction
Sampling stash size at 169999 req has local max stash size of: 55
Clk3 @ 393000000 Finished 170027 instructions 
Clk3 @ 394000000 Finished 170467 instructions 
Clk3 @ 395000000 Finished 170887 instructions 
Clk3 @ 396000000 Finished 171307 instructions 
Clk3 @ 397000000 Finished 171727 instructions 
Clk3 @ 398000000 Finished 172166 instructions 
Clk3 @ 399000000 Finished 172587 instructions 
Clk3 @ 400000000 Finished 173027 instructions 
Clk3 @ 401000000 Finished 173467 instructions 
Clk7 @ 402000000 Finished 173896 instructions 
Clk3 @ 403000000 Finished 174327 instructions 
Clk3 @ 404000000 Finished 174767 instructions 
Sampling stash size at 174999 req has local max stash size of: 53
Clk3 @ 405000000 Finished 175195 instructions 
Clk3 @ 406000000 Finished 175627 instructions 
Clk3 @ 407000000 Finished 176067 instructions 
Clk3 @ 408000000 Finished 176507 instructions 
Clk3 @ 409000000 Finished 176947 instructions 
Clk3 @ 410000000 Finished 177387 instructions 
Clk3 @ 411000000 Finished 177807 instructions 
Clk3 @ 412000000 Finished 178247 instructions 
Clk3 @ 413000000 Finished 178687 instructions 
Clk3 @ 414000000 Finished 179107 instructions 
Clk3 @ 415000000 Finished 179527 instructions 
Clk3 @ 416000000 Finished 179967 instructions 
Clk@ 416084878 Working on the # 180000 th memory instruction
Sampling stash size at 179999 req has local max stash size of: 52
Clk3 @ 417000000 Finished 180387 instructions 
Clk3 @ 418000000 Finished 180821 instructions 
Clk3 @ 419000000 Finished 181247 instructions 
Clk3 @ 420000000 Finished 181684 instructions 
Clk3 @ 421000000 Finished 182107 instructions 
Clk3 @ 422000000 Finished 182527 instructions 
Clk3 @ 423000000 Finished 182947 instructions 
Clk3 @ 424000000 Finished 183387 instructions 
Clk3 @ 425000000 Finished 183812 instructions 
Clk3 @ 426000000 Finished 184247 instructions 
Clk3 @ 427000000 Finished 184667 instructions 
Sampling stash size at 184999 req has local max stash size of: 49
Clk7 @ 428000000 Finished 185105 instructions 
Clk3 @ 429000000 Finished 185527 instructions 
Clk3 @ 430000000 Finished 185947 instructions 
Clk3 @ 431000000 Finished 186367 instructions 
Clk3 @ 432000000 Finished 186787 instructions 
Clk3 @ 433000000 Finished 187207 instructions 
Clk3 @ 434000000 Finished 187633 instructions 
Clk3 @ 435000000 Finished 188067 instructions 
Clk3 @ 436000000 Finished 188493 instructions 
Clk3 @ 437000000 Finished 188927 instructions 
Clk3 @ 438000000 Finished 189347 instructions 
Clk3 @ 439000000 Finished 189771 instructions 
Clk@ 439514048 Working on the # 190000 th memory instruction
Sampling stash size at 189999 req has local max stash size of: 46
Clk3 @ 440000000 Finished 190207 instructions 
Clk3 @ 441000000 Finished 190646 instructions 
Clk3 @ 442000000 Finished 191067 instructions 
Clk3 @ 443000000 Finished 191507 instructions 
Clk3 @ 444000000 Finished 191938 instructions 
Clk3 @ 445000000 Finished 192367 instructions 
Clk3 @ 446000000 Finished 192792 instructions 
Clk3 @ 447000000 Finished 193227 instructions 
Clk3 @ 448000000 Finished 193667 instructions 
Clk3 @ 449000000 Finished 194087 instructions 
Clk3 @ 450000000 Finished 194507 instructions 
Clk3 @ 451000000 Finished 194947 instructions 
Sampling stash size at 194999 req has local max stash size of: 47
Clk3 @ 452000000 Finished 195371 instructions 
Clk3 @ 453000000 Finished 195807 instructions 
Clk3 @ 454000000 Finished 196247 instructions 
Clk3 @ 455000000 Finished 196668 instructions 
Clk3 @ 456000000 Finished 197107 instructions 
Clk7 @ 457000000 Finished 197539 instructions 
Clk3 @ 458000000 Finished 197967 instructions 
Clk3 @ 459000000 Finished 198407 instructions 
Clk3 @ 460000000 Finished 198847 instructions 
Clk3 @ 461000000 Finished 199283 instructions 
Clk3 @ 462000000 Finished 199727 instructions 
Clk@ 462646654 Working on the # 200000 th memory instruction
Sampling stash size at 199999 req has local max stash size of: 62
Clk3 @ 463000000 Finished 200147 instructions 
Clk3 @ 464000000 Finished 200587 instructions 
Clk3 @ 465000000 Finished 201023 instructions 
Clk3 @ 466000000 Finished 201467 instructions 
Clk3 @ 467000000 Finished 201887 instructions 
Clk3 @ 468000000 Finished 202307 instructions 
Clk3 @ 469000000 Finished 202747 instructions 
Clk3 @ 470000000 Finished 203187 instructions 
Clk3 @ 471000000 Finished 203627 instructions 
Clk3 @ 472000000 Finished 204063 instructions 
Clk3 @ 473000000 Finished 204491 instructions 
Clk3 @ 474000000 Finished 204927 instructions 
Sampling stash size at 204999 req has local max stash size of: 50
Clk3 @ 475000000 Finished 205367 instructions 
Clk3 @ 476000000 Finished 205787 instructions 
Clk3 @ 477000000 Finished 206227 instructions 
Clk3 @ 478000000 Finished 206647 instructions 
Clk3 @ 479000000 Finished 207087 instructions 
Clk3 @ 480000000 Finished 207523 instructions 
Clk3 @ 481000000 Finished 207947 instructions 
Clk7 @ 482000000 Finished 208387 instructions 
Clk3 @ 483000000 Finished 208807 instructions 
Clk7 @ 484000000 Finished 209230 instructions 
Clk3 @ 485000000 Finished 209667 instructions 
Clk@ 485791286 Working on the # 210000 th memory instruction
Sampling stash size at 209999 req has local max stash size of: 50
Clk3 @ 486000000 Finished 210087 instructions 
Clk3 @ 487000000 Finished 210527 instructions 
Clk3 @ 488000000 Finished 210967 instructions 
Clk3 @ 489000000 Finished 211407 instructions 
Clk3 @ 490000000 Finished 211847 instructions 
Clk3 @ 491000000 Finished 212287 instructions 
Clk3 @ 492000000 Finished 212707 instructions 
Clk3 @ 493000000 Finished 213147 instructions 
Clk3 @ 494000000 Finished 213567 instructions 
Clk3 @ 495000000 Finished 214003 instructions 
Clk7 @ 496000000 Finished 214429 instructions 
Clk3 @ 497000000 Finished 214867 instructions 
Sampling stash size at 214999 req has local max stash size of: 54
Clk3 @ 498000000 Finished 215296 instructions 
Clk3 @ 499000000 Finished 215727 instructions 
Clk3 @ 500000000 Finished 216167 instructions 
Clk7 @ 501000000 Finished 216594 instructions 
Clk3 @ 502000000 Finished 217027 instructions 
Clk3 @ 503000000 Finished 217447 instructions 
Clk3 @ 504000000 Finished 217879 instructions 
Clk3 @ 505000000 Finished 218307 instructions 
Clk3 @ 506000000 Finished 218727 instructions 
Clk3 @ 507000000 Finished 219167 instructions 
Clk3 @ 508000000 Finished 219607 instructions 
Clk@ 508913616 Working on the # 220000 th memory instruction
Sampling stash size at 219999 req has local max stash size of: 49
Clk3 @ 509000000 Finished 220027 instructions 
Clk3 @ 510000000 Finished 220467 instructions 
Clk3 @ 511000000 Finished 220887 instructions 
Clk3 @ 512000000 Finished 221307 instructions 
Clk3 @ 513000000 Finished 221747 instructions 
Clk3 @ 514000000 Finished 222181 instructions 
Clk3 @ 515000000 Finished 222609 instructions 
Clk3 @ 516000000 Finished 223047 instructions 
Clk3 @ 517000000 Finished 223487 instructions 
Clk3 @ 518000000 Finished 223915 instructions 
Clk3 @ 519000000 Finished 224347 instructions 
Clk3 @ 520000000 Finished 224782 instructions 
Sampling stash size at 224999 req has local max stash size of: 47
Clk3 @ 521000000 Finished 225207 instructions 
Clk3 @ 522000000 Finished 225647 instructions 
Clk3 @ 523000000 Finished 226067 instructions 
Clk3 @ 524000000 Finished 226487 instructions 
Clk3 @ 525000000 Finished 226927 instructions 
Clk3 @ 526000000 Finished 227361 instructions 
Clk3 @ 527000000 Finished 227787 instructions 
Clk3 @ 528000000 Finished 228227 instructions 
Clk3 @ 529000000 Finished 228649 instructions 
Clk3 @ 530000000 Finished 229087 instructions 
Clk7 @ 531000000 Finished 229515 instructions 
Clk3 @ 532000000 Finished 229947 instructions 
Clk@ 532104074 Working on the # 230000 th memory instruction
Sampling stash size at 229999 req has local max stash size of: 80
Clk3 @ 533000000 Finished 230385 instructions 
Clk3 @ 534000000 Finished 230807 instructions 
Clk3 @ 535000000 Finished 231242 instructions 
Clk3 @ 536000000 Finished 231649 instructions 
Clk3 @ 537000000 Finished 232087 instructions 
Clk3 @ 538000000 Finished 232507 instructions 
Clk3 @ 539000000 Finished 232927 instructions 
Clk3 @ 540000000 Finished 233351 instructions 
Clk3 @ 541000000 Finished 233783 instructions 
Clk3 @ 542000000 Finished 234207 instructions 
Clk3 @ 543000000 Finished 234628 instructions 
Sampling stash size at 234999 req has local max stash size of: 88
Clk3 @ 544000000 Finished 235067 instructions 
Clk3 @ 545000000 Finished 235507 instructions 
Clk3 @ 546000000 Finished 235927 instructions 
Clk3 @ 547000000 Finished 236347 instructions 
Clk3 @ 548000000 Finished 236780 instructions 
Clk3 @ 549000000 Finished 237207 instructions 
Clk3 @ 550000000 Finished 237642 instructions 
Clk3 @ 551000000 Finished 238067 instructions 
Clk3 @ 552000000 Finished 238507 instructions 
Clk3 @ 553000000 Finished 238927 instructions 
Clk3 @ 554000000 Finished 239354 instructions 
Clk3 @ 555000000 Finished 239787 instructions 
Clk@ 555471702 Working on the # 240000 th memory instruction
Sampling stash size at 239999 req has local max stash size of: 92
Clk3 @ 556000000 Finished 240227 instructions 
Clk3 @ 557000000 Finished 240647 instructions 
Clk3 @ 558000000 Finished 241087 instructions 
Clk3 @ 559000000 Finished 241521 instructions 
Clk3 @ 560000000 Finished 241947 instructions 
Clk3 @ 561000000 Finished 242370 instructions 
Clk3 @ 562000000 Finished 242807 instructions 
Clk3 @ 563000000 Finished 243227 instructions 
Clk3 @ 564000000 Finished 243667 instructions 
Clk3 @ 565000000 Finished 244087 instructions 
Clk3 @ 566000000 Finished 244507 instructions 
Clk3 @ 567000000 Finished 244927 instructions 
Sampling stash size at 244999 req has local max stash size of: 92
Clk3 @ 568000000 Finished 245367 instructions 
Clk3 @ 569000000 Finished 245787 instructions 
Clk3 @ 570000000 Finished 246207 instructions 
Clk3 @ 571000000 Finished 246632 instructions 
Clk3 @ 572000000 Finished 247058 instructions 
Clk3 @ 573000000 Finished 247467 instructions 
Clk3 @ 574000000 Finished 247887 instructions 
Clk7 @ 575000000 Finished 248293 instructions 
Clk3 @ 576000000 Finished 248718 instructions 
Clk3 @ 577000000 Finished 249147 instructions 
Clk3 @ 578000000 Finished 249567 instructions 
Clk3 @ 579000000 Finished 249987 instructions 
Clk@ 579027122 Working on the # 250000 th memory instruction
Sampling stash size at 249999 req has local max stash size of: 104
Clk3 @ 580000000 Finished 250407 instructions 
Clk3 @ 581000000 Finished 250827 instructions 
Clk3 @ 582000000 Finished 251257 instructions 
Clk3 @ 583000000 Finished 251687 instructions 
Clk3 @ 584000000 Finished 252107 instructions 
Clk7 @ 585000000 Finished 252537 instructions 
Clk3 @ 586000000 Finished 252967 instructions 
Clk3 @ 587000000 Finished 253387 instructions 
Clk7 @ 588000000 Finished 253827 instructions 
Clk3 @ 589000000 Finished 254247 instructions 
Clk3 @ 590000000 Finished 254667 instructions 
Sampling stash size at 254999 req has local max stash size of: 104
Clk3 @ 591000000 Finished 255087 instructions 
Clk3 @ 592000000 Finished 255507 instructions 
Clk3 @ 593000000 Finished 255935 instructions 
Clk3 @ 594000000 Finished 256367 instructions 
Clk3 @ 595000000 Finished 256800 instructions 
Clk3 @ 596000000 Finished 257212 instructions 
Clk3 @ 597000000 Finished 257647 instructions 
Clk3 @ 598000000 Finished 258067 instructions 
Clk3 @ 599000000 Finished 258507 instructions 
Clk3 @ 600000000 Finished 258927 instructions 
Clk3 @ 601000000 Finished 259347 instructions 
Clk3 @ 602000000 Finished 259781 instructions 
Clk@ 602512764 Working on the # 260000 th memory instruction
Sampling stash size at 259999 req has local max stash size of: 109
Clk3 @ 603000000 Finished 260207 instructions 
Clk3 @ 604000000 Finished 260640 instructions 
Clk3 @ 605000000 Finished 261067 instructions 
Clk3 @ 606000000 Finished 261504 instructions 
Clk3 @ 607000000 Finished 261927 instructions 
Clk3 @ 608000000 Finished 262367 instructions 
Clk3 @ 609000000 Finished 262787 instructions 
Clk3 @ 610000000 Finished 263220 instructions 
Clk3 @ 611000000 Finished 263647 instructions 
Clk3 @ 612000000 Finished 264087 instructions 
Clk3 @ 613000000 Finished 264512 instructions 
Clk3 @ 614000000 Finished 264947 instructions 
Sampling stash size at 264999 req has local max stash size of: 94
Clk3 @ 615000000 Finished 265367 instructions 
Clk3 @ 616000000 Finished 265807 instructions 
Clk7 @ 617000000 Finished 266227 instructions 
Clk3 @ 618000000 Finished 266667 instructions 
Clk3 @ 619000000 Finished 267107 instructions 
Clk3 @ 620000000 Finished 267542 instructions 
Clk3 @ 621000000 Finished 267967 instructions 
Clk3 @ 622000000 Finished 268407 instructions 
Clk3 @ 623000000 Finished 268827 instructions 
Clk3 @ 624000000 Finished 269267 instructions 
Clk3 @ 625000000 Finished 269687 instructions 
Clk@ 625712672 Working on the # 270000 th memory instruction
Sampling stash size at 269999 req has local max stash size of: 99
Clk3 @ 626000000 Finished 270112 instructions 
Clk3 @ 627000000 Finished 270536 instructions 
Clk3 @ 628000000 Finished 270967 instructions 
Clk3 @ 629000000 Finished 271387 instructions 
Clk3 @ 630000000 Finished 271827 instructions 
Clk3 @ 631000000 Finished 272267 instructions 
Clk3 @ 632000000 Finished 272705 instructions 
Clk3 @ 633000000 Finished 273127 instructions 
Clk3 @ 634000000 Finished 273567 instructions 
Clk3 @ 635000000 Finished 273988 instructions 
Clk3 @ 636000000 Finished 274426 instructions 
Clk3 @ 637000000 Finished 274847 instructions 
Sampling stash size at 274999 req has local max stash size of: 106
Clk3 @ 638000000 Finished 275287 instructions 
Clk7 @ 639000000 Finished 275727 instructions 
Clk3 @ 640000000 Finished 276155 instructions 
Clk3 @ 641000000 Finished 276587 instructions 
Clk3 @ 642000000 Finished 277014 instructions 
Clk3 @ 643000000 Finished 277447 instructions 
Clk3 @ 644000000 Finished 277867 instructions 
Clk3 @ 645000000 Finished 278287 instructions 
Clk3 @ 646000000 Finished 278707 instructions 
Clk3 @ 647000000 Finished 279142 instructions 
Clk3 @ 648000000 Finished 279567 instructions 
Clk@ 648994468 Working on the # 280000 th memory instruction
Sampling stash size at 279999 req has local max stash size of: 107
Clk3 @ 649000000 Finished 280007 instructions 
Clk3 @ 650000000 Finished 280427 instructions 
Clk3 @ 651000000 Finished 280867 instructions 
Clk3 @ 652000000 Finished 281287 instructions 
Clk3 @ 653000000 Finished 281707 instructions 
Clk3 @ 654000000 Finished 282127 instructions 
Clk3 @ 655000000 Finished 282567 instructions 
Clk3 @ 656000000 Finished 282987 instructions 
Clk3 @ 657000000 Finished 283427 instructions 
Clk3 @ 658000000 Finished 283867 instructions 
Clk3 @ 659000000 Finished 284301 instructions 
Clk7 @ 660000000 Finished 284732 instructions 
Sampling stash size at 284999 req has local max stash size of: 110
Clk3 @ 661000000 Finished 285167 instructions 
Clk3 @ 662000000 Finished 285600 instructions 
Clk3 @ 663000000 Finished 286027 instructions 
Clk7 @ 664000000 Finished 286460 instructions 
Clk3 @ 665000000 Finished 286898 instructions 
Clk3 @ 666000000 Finished 287327 instructions 
Clk3 @ 667000000 Finished 287747 instructions 
Clk3 @ 668000000 Finished 288167 instructions 
Clk3 @ 669000000 Finished 288607 instructions 
Clk3 @ 670000000 Finished 289047 instructions 
Clk3 @ 671000000 Finished 289467 instructions 
Clk3 @ 672000000 Finished 289887 instructions 
Clk@ 672255682 Working on the # 290000 th memory instruction
Sampling stash size at 289999 req has local max stash size of: 115
Clk3 @ 673000000 Finished 290308 instructions 
Clk7 @ 674000000 Finished 290738 instructions 
Clk3 @ 675000000 Finished 291167 instructions 
Clk3 @ 676000000 Finished 291603 instructions 
Clk3 @ 677000000 Finished 292027 instructions 
Clk3 @ 678000000 Finished 292467 instructions 
Clk3 @ 679000000 Finished 292887 instructions 
Clk3 @ 680000000 Finished 293307 instructions 
Clk3 @ 681000000 Finished 293727 instructions 
Clk3 @ 682000000 Finished 294152 instructions 
Clk3 @ 683000000 Finished 294568 instructions 
Clk7 @ 684000000 Finished 295006 instructions 
Sampling stash size at 294999 req has local max stash size of: 77
Clk3 @ 685000000 Finished 295427 instructions 
Clk3 @ 686000000 Finished 295867 instructions 
Clk3 @ 687000000 Finished 296307 instructions 
Clk3 @ 688000000 Finished 296729 instructions 
Clk3 @ 689000000 Finished 297167 instructions 
Clk3 @ 690000000 Finished 297604 instructions 
Clk3 @ 691000000 Finished 298027 instructions 
Clk3 @ 692000000 Finished 298467 instructions 
Clk3 @ 693000000 Finished 298907 instructions 
Clk3 @ 694000000 Finished 299327 instructions 
Clk3 @ 695000000 Finished 299767 instructions 
Clk@ 695524905 Working on the # 300000 th memory instruction
Sampling stash size at 299999 req has local max stash size of: 99
Clk3 @ 696000000 Finished 300207 instructions 
Clk3 @ 697000000 Finished 300647 instructions 
Clk3 @ 698000000 Finished 301067 instructions 
Clk3 @ 699000000 Finished 301487 instructions 
Clk3 @ 700000000 Finished 301927 instructions 
Clk3 @ 701000000 Finished 302347 instructions 
Clk3 @ 702000000 Finished 302787 instructions 
Clk7 @ 703000000 Finished 303219 instructions 
Clk3 @ 704000000 Finished 303647 instructions 
Clk3 @ 705000000 Finished 304082 instructions 
Clk3 @ 706000000 Finished 304507 instructions 
Clk3 @ 707000000 Finished 304927 instructions 
Sampling stash size at 304999 req has local max stash size of: 96
Clk3 @ 708000000 Finished 305347 instructions 
Clk3 @ 709000000 Finished 305767 instructions 
Clk3 @ 710000000 Finished 306204 instructions 
Clk3 @ 711000000 Finished 306627 instructions 
Clk3 @ 712000000 Finished 307064 instructions 
Clk3 @ 713000000 Finished 307487 instructions 
Clk3 @ 714000000 Finished 307907 instructions 
Clk3 @ 715000000 Finished 308336 instructions 
Clk7 @ 716000000 Finished 308765 instructions 
Clk3 @ 717000000 Finished 309187 instructions 
Clk3 @ 718000000 Finished 309607 instructions 
Clk@ 718905508 Working on the # 310000 th memory instruction
Sampling stash size at 309999 req has local max stash size of: 72
Clk3 @ 719000000 Finished 310039 instructions 
Clk3 @ 720000000 Finished 310467 instructions 
Clk3 @ 721000000 Finished 310890 instructions 
Clk3 @ 722000000 Finished 311327 instructions 
Clk3 @ 723000000 Finished 311747 instructions 
Clk3 @ 724000000 Finished 312167 instructions 
Clk7 @ 725000000 Finished 312590 instructions 
Clk3 @ 726000000 Finished 313027 instructions 
Clk3 @ 727000000 Finished 313467 instructions 
Clk7 @ 728000000 Finished 313906 instructions 
Clk3 @ 729000000 Finished 314327 instructions 
Clk3 @ 730000000 Finished 314767 instructions 
Sampling stash size at 314999 req has local max stash size of: 115
Clk7 @ 731000000 Finished 315188 instructions 
Clk3 @ 732000000 Finished 315627 instructions 
Clk7 @ 733000000 Finished 316067 instructions 
Clk3 @ 734000000 Finished 316487 instructions 
Clk3 @ 735000000 Finished 316927 instructions 
Clk3 @ 736000000 Finished 317367 instructions 
Clk3 @ 737000000 Finished 317807 instructions 
Clk3 @ 738000000 Finished 318232 instructions 
Clk3 @ 739000000 Finished 318667 instructions 
Clk3 @ 740000000 Finished 319107 instructions 
Clk3 @ 741000000 Finished 319547 instructions 
Clk3 @ 742000000 Finished 319987 instructions 
Clk@ 742029881 Working on the # 320000 th memory instruction
Sampling stash size at 319999 req has local max stash size of: 89
Clk3 @ 743000000 Finished 320407 instructions 
Clk3 @ 744000000 Finished 320847 instructions 
Clk3 @ 745000000 Finished 321270 instructions 
Clk7 @ 746000000 Finished 321710 instructions 
Clk3 @ 747000000 Finished 322147 instructions 
Clk3 @ 748000000 Finished 322587 instructions 
Clk3 @ 749000000 Finished 323007 instructions 
Clk3 @ 750000000 Finished 323447 instructions 
Clk3 @ 751000000 Finished 323887 instructions 
Clk3 @ 752000000 Finished 324307 instructions 
Clk3 @ 753000000 Finished 324727 instructions 
Sampling stash size at 324999 req has local max stash size of: 109
Clk3 @ 754000000 Finished 325167 instructions 
Clk3 @ 755000000 Finished 325607 instructions 
Clk3 @ 756000000 Finished 326028 instructions 
Clk3 @ 757000000 Finished 326467 instructions 
Clk3 @ 758000000 Finished 326892 instructions 
Clk3 @ 759000000 Finished 327327 instructions 
Clk3 @ 760000000 Finished 327747 instructions 
Clk3 @ 761000000 Finished 328183 instructions 
Clk7 @ 762000000 Finished 328607 instructions 
Clk7 @ 763000000 Finished 329028 instructions 
Clk3 @ 764000000 Finished 329463 instructions 
Clk3 @ 765000000 Finished 329887 instructions 
Clk@ 765249304 Working on the # 330000 th memory instruction
Sampling stash size at 329999 req has local max stash size of: 142
Clk3 @ 766000000 Finished 330319 instructions 
Clk3 @ 767000000 Finished 330747 instructions 
Clk3 @ 768000000 Finished 331187 instructions 
Clk3 @ 769000000 Finished 331604 instructions 
Clk3 @ 770000000 Finished 332027 instructions 
Clk3 @ 771000000 Finished 332455 instructions 
Clk3 @ 772000000 Finished 332887 instructions 
Clk3 @ 773000000 Finished 333314 instructions 
Clk3 @ 774000000 Finished 333747 instructions 
Clk3 @ 775000000 Finished 334167 instructions 
Clk3 @ 776000000 Finished 334607 instructions 
Sampling stash size at 334999 req has local max stash size of: 165
Clk3 @ 777000000 Finished 335027 instructions 
Clk3 @ 778000000 Finished 335447 instructions 
Clk7 @ 779000000 Finished 335872 instructions 
Clk3 @ 780000000 Finished 336307 instructions 
Clk3 @ 781000000 Finished 336747 instructions 
Clk3 @ 782000000 Finished 337167 instructions 
Clk3 @ 783000000 Finished 337598 instructions 
Clk3 @ 784000000 Finished 338027 instructions 
Clk3 @ 785000000 Finished 338447 instructions 
Clk3 @ 786000000 Finished 338887 instructions 

===*** Data ***====
Stall reason distribution: 
mc_hazard: 0
normal: 0
rs_hazard: 0
rw_swtich: 0
Early reshuffle distribution: 
0: 0
1: 0
2: 411
3: 1086
4: 1172
5: 1238
6: 1270
7: 1299
8: 1302
9: 1289
10: 1289
11: 1193
12: 1077
13: 841
14: 294
15: 1
16: 0
17: 0
18: 0
19: 0
20: 0
=================
Max stash size is: 174
Average stash size is: 35.4755
Average mem q size is: 173.333
Total mem q size is:129021493
mem_q_sample_times is:744358
useful_read_pull_ddr: 62979 (0.483462) %
dummy_read_pull_ddr: 3073114 (23.591) %
useful_early_pull_ddr: 118731 (0.911446) %
useful_early_push_ddr: 17862 (0.137119) %
useful_write_pull_ddr: 2482236 (19.055) %
useful_write_push_ddr: 434616 (3.33636) %
dummy_early_pull_ddr: 10690 (0.0820625) %
dummy_early_push_ddr: 309497 (2.37587) %
dummy_write_pull_ddr: 26660 (0.204657) %
dummy_write_push_ddr: 6490276 (49.823) %
=================
Stash violation number of times: 0
=================
Check NodeID traffic: 1405498
Update NodeID traffic: 1
=================
Read RS lines: 339057 (84.6616) %
Write RS lines: 33904 (8.46574) %
Early RS lines: 27524 (6.87267) %
Read DDR lines: 6272203 (24.4998) %
Write DDR lines: 18503108 (72.2749) %
Early DDR lines: 825720 (3.22534) %

====*** pos1 ***====
Stall reason distribution: 
mc_hazard: 0
normal: 0
rs_hazard: 0
rw_swtich: 0
Early reshuffle distribution: 
0: 0
1: 362
2: 823
3: 1086
4: 1195
5: 1247
6: 1289
7: 1341
8: 1325
9: 1279
10: 1214
11: 1150
12: 1042
13: 787
14: 275
15: 0
16: 0
17: 0
=================
Max stash size is: 99
Average stash size is: 17.4936
Average mem q size is: 94.9721
Total mem q size is:2274486
mem_q_sample_times is:23949
useful_read_pull_ddr: 35857 (0.171711) %
dummy_read_pull_ddr: 5049998 (24.1833) %
useful_early_pull_ddr: 209098 (1.00132) %
useful_early_push_ddr: 6592 (0.0315676) %
useful_write_pull_ddr: 4044525 (19.3683) %
useful_write_push_ddr: 377990 (1.81011) %
dummy_early_pull_ddr: 15812 (0.0757201) %
dummy_early_push_ddr: 562298 (2.69272) %
dummy_write_pull_ddr: 23955 (0.114715) %
dummy_write_push_ddr: 10556050 (50.5505) %
=================
Stash violation number of times: 0
=================
Check NodeID traffic: 1497655
Update NodeID traffic: 0
=================
Read RS lines: 339057 (84.3864) %
Write RS lines: 33904 (8.43822) %
Early RS lines: 28830 (7.17537) %
Read DDR lines: 5085855 (24.355) %
Write DDR lines: 15002520 (71.8437) %
Early DDR lines: 793800 (3.80133) %

====*** pos2 ***====
Stall reason distribution: 
mc_hazard: 0
normal: 0
rs_hazard: 0
rw_swtich: 0
Early reshuffle distribution: 
0: 0
1: 339
2: 819
3: 1081
4: 1191
5: 1266
6: 1252
7: 1327
8: 1321
9: 1261
10: 1287
11: 1169
12: 1106
13: 790
14: 265
=================
Max stash size is: 49
Average stash size is: 14.0552
Average mem q size is: 90.0799
Total mem q size is:1632157
mem_q_sample_times is:18119
useful_read_pull_ddr: 18770 (0.111265) %
dummy_read_pull_ddr: 4049914 (24.0071) %
useful_early_pull_ddr: 211362 (1.25291) %
useful_early_push_ddr: 6113 (0.0362367) %
useful_write_pull_ddr: 3238527 (19.1973) %
useful_write_push_ddr: 301708 (1.78847) %
dummy_early_pull_ddr: 15010 (0.0889763) %
dummy_early_push_ddr: 566475 (3.35795) %
dummy_write_pull_ddr: 16257 (0.0963683) %
dummy_write_push_ddr: 8445524 (50.0634) %
=================
Stash violation number of times: 0
=================
Check NodeID traffic: 1024
Update NodeID traffic: 0
=================
Read RS lines: 339057 (84.3616) %
Write RS lines: 33904 (8.43574) %
Early RS lines: 28948 (7.20263) %
Read DDR lines: 4068684 (24.1184) %
Write DDR lines: 12002016 (71.1456) %
Early DDR lines: 798960 (4.73608) %
=================
The final DRAM clk is: 786426064 ticks.
Idle waiting clk is 51014583, which is 6.48689 %
DRAM Frequency is: 1600MHz
The final time in ns is: 4.91516e+08 ns.
Time distribution: 
Data pull time is: 0
data: 0
pos1: 0
pos2: 0
Data distribution: 
Pos2 data: 16869660
Pos1 data: 20882175
Data: 25601031
Node access DDR: 2810996
Pull DDR: 6272203
WB DDR: 18503108
Early DDR: 825720
Achieved BW is: 58.8126 GB/s
Ideal BW is: 102.4 GB/s
Metadata cache conclusion: 
overall_hit: 5035675 overall_total: 7845943
Cache Size 64 KB Overall Hit rate: 64.1819 %. 
Simulation done. Statistics written to results_all/mcf_output.txt
