Valid leaf ID range: 16777215:33554430
Num of top nodes: 16777216
Data level num of ways: 16777216
Z: 16
S: 27
A: 20
cached_total: 1
cached_total: 3
cached_total: 7
cached_total: 15
cached_total: 31
cached_total: 63
cached_total: 127
Total number of ORAM protected cache line blocks: 16777216
Cached number of levels: 6
Max number of levels: 25
Start lvl is: 0
data valid leaf right: 33554431
data num of levels: 25
data level num of ways: 16777216
data number of sets: 1
Cached node ID: 0 -- 95
Address space: 0 - 4 GB
pos1 valid leaf right: 4194303
pos1 num of levels: 22
pos1 level num of ways: 2097152
pos1 number of sets: 1
Cached node ID: 0 -- 11
Address space: 0 - 0.5 GB
pos2 valid leaf right: 524287
pos2 num of levels: 19
pos2 level num of ways: 262144
pos2 number of sets: 1
Cached node ID: 0 -- 5
Address space: 0 - 0.0625 GB
new addr: b9ad
(myrs->posMap.find(new_addr) != myrs->posMap.end()): 1
(myrs->posMap[new_addr].pending): 0
myrs->posMap[new_addr] = 47533
#2 ID 0 set true here
Clk3 @ 1000000 Finished 2107 instructions 
Clk3 @ 2000000 Finished 4379 instructions 
Clk7 @ 2000000 Finished 4379 instructions 
Sampling stash size at 4999 req has local max stash size of: 134
Clk7 @ 3000000 Finished 6716 instructions 
Clk3 @ 4000000 Finished 9045 instructions 
Clk@ 4403924 Working on the # 10000 th memory instruction
Sampling stash size at 9999 req has local max stash size of: 145
Clk3 @ 5000000 Finished 11441 instructions 
Clk7 @ 6000000 Finished 13860 instructions 
Sampling stash size at 14999 req has local max stash size of: 154
Clk3 @ 7000000 Finished 16225 instructions 
Clk7 @ 8000000 Finished 18667 instructions 
Clk@ 8552884 Working on the # 20000 th memory instruction
Sampling stash size at 19999 req has local max stash size of: 165
Clk3 @ 9000000 Finished 21067 instructions 
Clk3 @ 10000000 Finished 23487 instructions 
Sampling stash size at 24999 req has local max stash size of: 167
Clk3 @ 11000000 Finished 25930 instructions 
Clk3 @ 12000000 Finished 28387 instructions 
Clk@ 12660350 Working on the # 30000 th memory instruction
Sampling stash size at 29999 req has local max stash size of: 172
Clk3 @ 13000000 Finished 30767 instructions 
Clk3 @ 14000000 Finished 33132 instructions 
Sampling stash size at 34999 req has local max stash size of: 170
Clk3 @ 15000000 Finished 35581 instructions 
Clk7 @ 16000000 Finished 38027 instructions 
Clk@ 16814950 Working on the # 40000 th memory instruction
Sampling stash size at 39999 req has local max stash size of: 176
Clk3 @ 17000000 Finished 40441 instructions 
Clk3 @ 18000000 Finished 42865 instructions 
Sampling stash size at 44999 req has local max stash size of: 170
Clk3 @ 19000000 Finished 45335 instructions 
Clk3 @ 20000000 Finished 47733 instructions 
Clk@ 20922003 Working on the # 50000 th memory instruction
Sampling stash size at 49999 req has local max stash size of: 179
Clk3 @ 21000000 Finished 50187 instructions 
Clk3 @ 22000000 Finished 52656 instructions 
Sampling stash size at 54999 req has local max stash size of: 179
Clk3 @ 23000000 Finished 55086 instructions 
Clk7 @ 24000000 Finished 57549 instructions 
Clk@ 24991324 Working on the # 60000 th memory instruction
Sampling stash size at 59999 req has local max stash size of: 187
Clk3 @ 25000000 Finished 60021 instructions 
Clk3 @ 26000000 Finished 62261 instructions 
Clk3 @ 27000000 Finished 64647 instructions 
Sampling stash size at 64999 req has local max stash size of: 181
Clk3 @ 28000000 Finished 67085 instructions 
Clk7 @ 29000000 Finished 69535 instructions 
Clk@ 29190433 Working on the # 70000 th memory instruction
Sampling stash size at 69999 req has local max stash size of: 194
Clk3 @ 30000000 Finished 71984 instructions 
Clk3 @ 31000000 Finished 74444 instructions 
Sampling stash size at 74999 req has local max stash size of: 184
Clk3 @ 32000000 Finished 76881 instructions 
Clk3 @ 33000000 Finished 79322 instructions 
Clk@ 33272376 Working on the # 80000 th memory instruction
Sampling stash size at 79999 req has local max stash size of: 189
Clk7 @ 34000000 Finished 81783 instructions 
Clk7 @ 35000000 Finished 84163 instructions 
Sampling stash size at 84999 req has local max stash size of: 189
Clk7 @ 36000000 Finished 86584 instructions 
Clk3 @ 37000000 Finished 89042 instructions 
Clk@ 37391352 Working on the # 90000 th memory instruction
Sampling stash size at 89999 req has local max stash size of: 191
Clk7 @ 38000000 Finished 91467 instructions 
Clk7 @ 39000000 Finished 93808 instructions 
Sampling stash size at 94999 req has local max stash size of: 204
Clk7 @ 40000000 Finished 96275 instructions 
Clk3 @ 41000000 Finished 98746 instructions 
Clk@ 41516207 Working on the # 100000 th memory instruction
Sampling stash size at 99999 req has local max stash size of: 190
Clk7 @ 42000000 Finished 101168 instructions 
Clk3 @ 43000000 Finished 103607 instructions 
Sampling stash size at 104999 req has local max stash size of: 189
Clk3 @ 44000000 Finished 106045 instructions 
Clk3 @ 45000000 Finished 108461 instructions 
Clk@ 45637606 Working on the # 110000 th memory instruction
Sampling stash size at 109999 req has local max stash size of: 193
Clk3 @ 46000000 Finished 110887 instructions 
Clk7 @ 47000000 Finished 113356 instructions 
Sampling stash size at 114999 req has local max stash size of: 185
Clk3 @ 48000000 Finished 115783 instructions 
Clk3 @ 49000000 Finished 118222 instructions 
Clk@ 49731435 Working on the # 120000 th memory instruction
Sampling stash size at 119999 req has local max stash size of: 188
Clk3 @ 50000000 Finished 120642 instructions 
Clk3 @ 51000000 Finished 122912 instructions 
Sampling stash size at 124999 req has local max stash size of: 195
Clk7 @ 52000000 Finished 125131 instructions 
Clk3 @ 53000000 Finished 127527 instructions 
Clk7 @ 54000000 Finished 129937 instructions 
Clk@ 54024471 Working on the # 130000 th memory instruction
Sampling stash size at 129999 req has local max stash size of: 195
Clk3 @ 55000000 Finished 132383 instructions 
Clk7 @ 56000000 Finished 134856 instructions 
Sampling stash size at 134999 req has local max stash size of: 199
Clk3 @ 57000000 Finished 137276 instructions 
Clk3 @ 58000000 Finished 139697 instructions 
Clk@ 58122601 Working on the # 140000 th memory instruction
Sampling stash size at 139999 req has local max stash size of: 204
Clk3 @ 59000000 Finished 142146 instructions 
Clk3 @ 60000000 Finished 144587 instructions 
Sampling stash size at 144999 req has local max stash size of: 194
Clk3 @ 61000000 Finished 147024 instructions 
Clk7 @ 62000000 Finished 149482 instructions 
Clk@ 62210401 Working on the # 150000 th memory instruction
Sampling stash size at 149999 req has local max stash size of: 197
Clk3 @ 63000000 Finished 151947 instructions 
Clk3 @ 64000000 Finished 154304 instructions 
Sampling stash size at 154999 req has local max stash size of: 201
Clk3 @ 65000000 Finished 156746 instructions 
Clk3 @ 66000000 Finished 159198 instructions 
Clk@ 66329825 Working on the # 160000 th memory instruction
Sampling stash size at 159999 req has local max stash size of: 196
Clk3 @ 67000000 Finished 161643 instructions 
Clk3 @ 68000000 Finished 164043 instructions 
Sampling stash size at 164999 req has local max stash size of: 197
Clk7 @ 69000000 Finished 166391 instructions 
Clk3 @ 70000000 Finished 168767 instructions 
Clk@ 70497960 Working on the # 170000 th memory instruction
Sampling stash size at 169999 req has local max stash size of: 204
Clk3 @ 71000000 Finished 171207 instructions 
Clk3 @ 72000000 Finished 173587 instructions 
Clk7 @ 72000000 Finished 173587 instructions 
Sampling stash size at 174999 req has local max stash size of: 191
Clk3 @ 73000000 Finished 176007 instructions 
Clk7 @ 74000000 Finished 178455 instructions 
Clk@ 74637686 Working on the # 180000 th memory instruction
Sampling stash size at 179999 req has local max stash size of: 204
Clk7 @ 75000000 Finished 180885 instructions 
Clk3 @ 76000000 Finished 183245 instructions 
Sampling stash size at 184999 req has local max stash size of: 212
Clk7 @ 77000000 Finished 185629 instructions 
Clk7 @ 78000000 Finished 187918 instructions 
Clk@ 78846509 Working on the # 190000 th memory instruction
Sampling stash size at 189999 req has local max stash size of: 203
Clk7 @ 79000000 Finished 190376 instructions 
Clk3 @ 80000000 Finished 192804 instructions 
Sampling stash size at 194999 req has local max stash size of: 200
Clk3 @ 81000000 Finished 195243 instructions 
Clk7 @ 82000000 Finished 197707 instructions 
Clk@ 82942597 Working on the # 200000 th memory instruction
Sampling stash size at 199999 req has local max stash size of: 197
Clk3 @ 83000000 Finished 200139 instructions 
Clk3 @ 84000000 Finished 202567 instructions 
Sampling stash size at 204999 req has local max stash size of: 196
Clk3 @ 85000000 Finished 205019 instructions 
Clk7 @ 86000000 Finished 207417 instructions 
Clk7 @ 87000000 Finished 209851 instructions 
Clk@ 87056969 Working on the # 210000 th memory instruction
Sampling stash size at 209999 req has local max stash size of: 208
Clk3 @ 88000000 Finished 212261 instructions 
Clk3 @ 89000000 Finished 214667 instructions 
Sampling stash size at 214999 req has local max stash size of: 192
Clk7 @ 90000000 Finished 217094 instructions 
Clk3 @ 91000000 Finished 219470 instructions 
Clk@ 91211049 Working on the # 220000 th memory instruction
Sampling stash size at 219999 req has local max stash size of: 200
Clk7 @ 92000000 Finished 221907 instructions 
Clk3 @ 93000000 Finished 224367 instructions 
Sampling stash size at 224999 req has local max stash size of: 203
Clk3 @ 94000000 Finished 226821 instructions 
Clk7 @ 95000000 Finished 229238 instructions 
Clk@ 95302041 Working on the # 230000 th memory instruction
Sampling stash size at 229999 req has local max stash size of: 198
Clk3 @ 96000000 Finished 231724 instructions 
Clk3 @ 97000000 Finished 234139 instructions 
Sampling stash size at 234999 req has local max stash size of: 201
Clk7 @ 98000000 Finished 236575 instructions 
Clk3 @ 99000000 Finished 239023 instructions 
Clk@ 99400668 Working on the # 240000 th memory instruction
Sampling stash size at 239999 req has local max stash size of: 203
Clk3 @ 100000000 Finished 241424 instructions 
Clk3 @ 101000000 Finished 243805 instructions 
Sampling stash size at 244999 req has local max stash size of: 205
Clk7 @ 102000000 Finished 246005 instructions 
Clk3 @ 103000000 Finished 248185 instructions 
Clk@ 103789204 Working on the # 250000 th memory instruction
Sampling stash size at 249999 req has local max stash size of: 202
Clk3 @ 104000000 Finished 250487 instructions 
Clk3 @ 105000000 Finished 252870 instructions 
Sampling stash size at 254999 req has local max stash size of: 213
Clk7 @ 106000000 Finished 255266 instructions 
Clk7 @ 107000000 Finished 257674 instructions 
Clk@ 107966677 Working on the # 260000 th memory instruction
Sampling stash size at 259999 req has local max stash size of: 203
Clk3 @ 108000000 Finished 260082 instructions 
Clk7 @ 109000000 Finished 262511 instructions 
Clk3 @ 110000000 Finished 264907 instructions 
Sampling stash size at 264999 req has local max stash size of: 211
Clk3 @ 111000000 Finished 267345 instructions 
Clk3 @ 112000000 Finished 269787 instructions 
Clk@ 112084682 Working on the # 270000 th memory instruction
Sampling stash size at 269999 req has local max stash size of: 214
Clk3 @ 113000000 Finished 272227 instructions 
Clk7 @ 114000000 Finished 274607 instructions 
Sampling stash size at 274999 req has local max stash size of: 206
Clk7 @ 115000000 Finished 277047 instructions 
Clk3 @ 116000000 Finished 279439 instructions 
Clk@ 116231428 Working on the # 280000 th memory instruction
Sampling stash size at 279999 req has local max stash size of: 202
Clk7 @ 117000000 Finished 281887 instructions 
Sampling stash size at 284999 req has local max stash size of: 214
Clk7 @ 119000000 Finished 286742 instructions 
Clk3 @ 120000000 Finished 289167 instructions 
Clk@ 120342767 Working on the # 290000 th memory instruction
Sampling stash size at 289999 req has local max stash size of: 203
Clk3 @ 121000000 Finished 291601 instructions 
Clk7 @ 122000000 Finished 294017 instructions 
Sampling stash size at 294999 req has local max stash size of: 207
Clk7 @ 123000000 Finished 296465 instructions 
Clk3 @ 124000000 Finished 298904 instructions 
Clk@ 124440555 Working on the # 300000 th memory instruction
Sampling stash size at 299999 req has local max stash size of: 211
Clk3 @ 125000000 Finished 301342 instructions 
Clk3 @ 126000000 Finished 303785 instructions 
Clk7 @ 126000000 Finished 303785 instructions 
Sampling stash size at 304999 req has local max stash size of: 212
Clk3 @ 127000000 Finished 306068 instructions 
Clk3 @ 128000000 Finished 308478 instructions 
Clk@ 128657101 Working on the # 310000 th memory instruction
Sampling stash size at 309999 req has local max stash size of: 204
Clk7 @ 129000000 Finished 310835 instructions 
Clk7 @ 130000000 Finished 313276 instructions 
Sampling stash size at 314999 req has local max stash size of: 210
Clk7 @ 131000000 Finished 315717 instructions 
Clk7 @ 132000000 Finished 318144 instructions 
Clk@ 132759109 Working on the # 320000 th memory instruction
Sampling stash size at 319999 req has local max stash size of: 213
Clk3 @ 133000000 Finished 320547 instructions 
Clk3 @ 134000000 Finished 322999 instructions 
Sampling stash size at 324999 req has local max stash size of: 214
Clk7 @ 135000000 Finished 325393 instructions 
Clk3 @ 136000000 Finished 327806 instructions 
Clk@ 136918116 Working on the # 330000 th memory instruction
Sampling stash size at 329999 req has local max stash size of: 213
Clk7 @ 137000000 Finished 330188 instructions 
Clk3 @ 138000000 Finished 332543 instructions 
Clk3 @ 139000000 Finished 334962 instructions 
Sampling stash size at 334999 req has local max stash size of: 215
Clk7 @ 140000000 Finished 337349 instructions 
Clk7 @ 141000000 Finished 339772 instructions 
Clk@ 141094620 Working on the # 340000 th memory instruction
Sampling stash size at 339999 req has local max stash size of: 223
Clk3 @ 142000000 Finished 342187 instructions 
Clk7 @ 143000000 Finished 344528 instructions 
Sampling stash size at 344999 req has local max stash size of: 207
Clk3 @ 144000000 Finished 346942 instructions 
Clk3 @ 145000000 Finished 349384 instructions 
Clk@ 145248392 Working on the # 350000 th memory instruction
Sampling stash size at 349999 req has local max stash size of: 210
Clk7 @ 146000000 Finished 351822 instructions 
Clk7 @ 147000000 Finished 354278 instructions 
Sampling stash size at 354999 req has local max stash size of: 210
Clk3 @ 148000000 Finished 356735 instructions 
Clk3 @ 149000000 Finished 359114 instructions 
Clk@ 149362565 Working on the # 360000 th memory instruction
Sampling stash size at 359999 req has local max stash size of: 220
Clk3 @ 150000000 Finished 361566 instructions 
Clk7 @ 151000000 Finished 363986 instructions 
Sampling stash size at 364999 req has local max stash size of: 209
Clk7 @ 152000000 Finished 366267 instructions 
Clk3 @ 153000000 Finished 368687 instructions 
Clk@ 153546228 Working on the # 370000 th memory instruction
Sampling stash size at 369999 req has local max stash size of: 210
Clk7 @ 154000000 Finished 371070 instructions 
Clk7 @ 155000000 Finished 373342 instructions 
Sampling stash size at 374999 req has local max stash size of: 219
Clk3 @ 156000000 Finished 375687 instructions 
Clk3 @ 157000000 Finished 378127 instructions 
Clk@ 157759326 Working on the # 380000 th memory instruction
Sampling stash size at 379999 req has local max stash size of: 209
Clk3 @ 158000000 Finished 380577 instructions 
Clk7 @ 159000000 Finished 382989 instructions 
Sampling stash size at 384999 req has local max stash size of: 208
Clk3 @ 160000000 Finished 385443 instructions 
Clk3 @ 161000000 Finished 387883 instructions 
Clk@ 161883491 Working on the # 390000 th memory instruction
Sampling stash size at 389999 req has local max stash size of: 214
Clk3 @ 162000000 Finished 390287 instructions 
Clk3 @ 163000000 Finished 392731 instructions 
Sampling stash size at 394999 req has local max stash size of: 212
Clk3 @ 164000000 Finished 395202 instructions 
Clk3 @ 165000000 Finished 397567 instructions 
Clk@ 165991005 Working on the # 400000 th memory instruction
Sampling stash size at 399999 req has local max stash size of: 212
Clk3 @ 166000000 Finished 400022 instructions 
Clk3 @ 167000000 Finished 402423 instructions 
Clk7 @ 168000000 Finished 404831 instructions 
Sampling stash size at 404999 req has local max stash size of: 211
Clk3 @ 169000000 Finished 407241 instructions 
Clk7 @ 170000000 Finished 409667 instructions 
Clk@ 170131595 Working on the # 410000 th memory instruction
Sampling stash size at 409999 req has local max stash size of: 211
Clk7 @ 171000000 Finished 412103 instructions 
Clk7 @ 172000000 Finished 414496 instructions 
Sampling stash size at 414999 req has local max stash size of: 218
Clk3 @ 173000000 Finished 416962 instructions 
Clk3 @ 174000000 Finished 419363 instructions 
Clk@ 174260068 Working on the # 420000 th memory instruction
Sampling stash size at 419999 req has local max stash size of: 219
Clk3 @ 175000000 Finished 421787 instructions 
Clk3 @ 176000000 Finished 424216 instructions 
Sampling stash size at 424999 req has local max stash size of: 214
Clk3 @ 177000000 Finished 426623 instructions 
Clk7 @ 178000000 Finished 429002 instructions 
Clk@ 178408363 Working on the # 430000 th memory instruction
Sampling stash size at 429999 req has local max stash size of: 212
Clk3 @ 179000000 Finished 431427 instructions 
Clk7 @ 180000000 Finished 433815 instructions 
Sampling stash size at 434999 req has local max stash size of: 219
Clk3 @ 181000000 Finished 436103 instructions 
Clk3 @ 182000000 Finished 438527 instructions 
Clk@ 182599049 Working on the # 440000 th memory instruction
Sampling stash size at 439999 req has local max stash size of: 217
Clk7 @ 183000000 Finished 440981 instructions 
Clk7 @ 184000000 Finished 443399 instructions 
Sampling stash size at 444999 req has local max stash size of: 210
Clk7 @ 185000000 Finished 445849 instructions 
Clk3 @ 186000000 Finished 448301 instructions 
Clk@ 186700279 Working on the # 450000 th memory instruction
Sampling stash size at 449999 req has local max stash size of: 215
Clk3 @ 187000000 Finished 450727 instructions 
Clk7 @ 188000000 Finished 453149 instructions 
Sampling stash size at 454999 req has local max stash size of: 207
Clk3 @ 189000000 Finished 455575 instructions 
Clk3 @ 190000000 Finished 457963 instructions 
Clk@ 190832717 Working on the # 460000 th memory instruction
Sampling stash size at 459999 req has local max stash size of: 223
Clk7 @ 191000000 Finished 460403 instructions 
Clk7 @ 192000000 Finished 462853 instructions 
Sampling stash size at 464999 req has local max stash size of: 210
Clk3 @ 193000000 Finished 465227 instructions 
Clk3 @ 194000000 Finished 467643 instructions 
Clk@ 194971840 Working on the # 470000 th memory instruction
Sampling stash size at 469999 req has local max stash size of: 204
Clk7 @ 195000000 Finished 470067 instructions 
Clk3 @ 196000000 Finished 472488 instructions 
Clk3 @ 197000000 Finished 474927 instructions 
Sampling stash size at 474999 req has local max stash size of: 216
Clk3 @ 198000000 Finished 477382 instructions 
Clk3 @ 199000000 Finished 479845 instructions 
Clk@ 199067881 Working on the # 480000 th memory instruction
Sampling stash size at 479999 req has local max stash size of: 213
Clk7 @ 200000000 Finished 482219 instructions 
Clk3 @ 201000000 Finished 484607 instructions 
Sampling stash size at 484999 req has local max stash size of: 213
Clk3 @ 202000000 Finished 486983 instructions 
Clk3 @ 203000000 Finished 489124 instructions 
Clk@ 203378233 Working on the # 490000 th memory instruction
Sampling stash size at 489999 req has local max stash size of: 216
Clk7 @ 204000000 Finished 491445 instructions 
Clk3 @ 205000000 Finished 493667 instructions 
Sampling stash size at 494999 req has local max stash size of: 213
Clk3 @ 206000000 Finished 495787 instructions 
Clk3 @ 207000000 Finished 498066 instructions 
Clk@ 207848995 Working on the # 500000 th memory instruction
Warm up done after line access count: 500000 out of 1000000 (50 %)
Sampling stash size at 499999 req has local max stash size of: 211
Clk3 @ 208000000 Finished 500347 instructions 
Clk3 @ 209000000 Finished 502681 instructions 
Sampling stash size at 504999 req has local max stash size of: 215
Clk3 @ 210000000 Finished 505046 instructions 
Clk7 @ 211000000 Finished 507416 instructions 
Clk3 @ 212000000 Finished 509807 instructions 
Clk@ 212080301 Working on the # 510000 th memory instruction
Sampling stash size at 509999 req has local max stash size of: 214
Clk3 @ 213000000 Finished 512121 instructions 
Clk3 @ 214000000 Finished 514507 instructions 
Sampling stash size at 514999 req has local max stash size of: 219
Clk3 @ 215000000 Finished 516924 instructions 
Clk3 @ 216000000 Finished 519266 instructions 
Clk@ 216300471 Working on the # 520000 th memory instruction
Sampling stash size at 519999 req has local max stash size of: 217
Clk7 @ 217000000 Finished 521702 instructions 
Clk7 @ 218000000 Finished 524093 instructions 
Sampling stash size at 524999 req has local max stash size of: 213
Clk7 @ 219000000 Finished 526440 instructions 
Clk7 @ 220000000 Finished 528840 instructions 
Clk@ 220480484 Working on the # 530000 th memory instruction
Sampling stash size at 529999 req has local max stash size of: 219
Clk3 @ 221000000 Finished 531254 instructions 
Clk7 @ 222000000 Finished 533648 instructions 
Sampling stash size at 534999 req has local max stash size of: 219
Clk3 @ 223000000 Finished 536082 instructions 
Clk7 @ 224000000 Finished 538508 instructions 
Clk@ 224611151 Working on the # 540000 th memory instruction
Sampling stash size at 539999 req has local max stash size of: 214
Clk7 @ 225000000 Finished 540928 instructions 
Clk3 @ 226000000 Finished 543342 instructions 
Sampling stash size at 544999 req has local max stash size of: 217
Clk3 @ 227000000 Finished 545747 instructions 
Clk7 @ 228000000 Finished 548178 instructions 
Clk@ 228807217 Working on the # 550000 th memory instruction
Sampling stash size at 549999 req has local max stash size of: 212
Clk3 @ 229000000 Finished 550467 instructions 
Clk3 @ 230000000 Finished 552894 instructions 
Sampling stash size at 554999 req has local max stash size of: 222
Clk3 @ 231000000 Finished 555308 instructions 
Clk3 @ 232000000 Finished 557647 instructions 
Clk@ 232964968 Working on the # 560000 th memory instruction
Sampling stash size at 559999 req has local max stash size of: 222
Clk7 @ 233000000 Finished 560086 instructions 
Clk7 @ 234000000 Finished 562491 instructions 
Clk7 @ 235000000 Finished 564895 instructions 
Sampling stash size at 564999 req has local max stash size of: 215
Clk7 @ 236000000 Finished 567358 instructions 
Clk7 @ 237000000 Finished 569748 instructions 
Clk@ 237100164 Working on the # 570000 th memory instruction
Sampling stash size at 569999 req has local max stash size of: 222
Clk7 @ 238000000 Finished 572170 instructions 
Clk3 @ 239000000 Finished 574610 instructions 
Sampling stash size at 574999 req has local max stash size of: 225
Clk7 @ 240000000 Finished 577019 instructions 
Clk3 @ 241000000 Finished 579407 instructions 
Clk@ 241241656 Working on the # 580000 th memory instruction
Sampling stash size at 579999 req has local max stash size of: 211
Clk3 @ 242000000 Finished 581847 instructions 
Clk3 @ 243000000 Finished 584295 instructions 
Sampling stash size at 584999 req has local max stash size of: 213
Clk7 @ 244000000 Finished 586687 instructions 
Clk3 @ 245000000 Finished 589062 instructions 
Clk@ 245380607 Working on the # 590000 th memory instruction
Sampling stash size at 589999 req has local max stash size of: 223
Clk3 @ 246000000 Finished 591512 instructions 
Clk7 @ 247000000 Finished 593930 instructions 
Sampling stash size at 594999 req has local max stash size of: 219
Clk7 @ 248000000 Finished 596344 instructions 
Clk3 @ 249000000 Finished 598785 instructions 
Clk@ 249495407 Working on the # 600000 th memory instruction
Sampling stash size at 599999 req has local max stash size of: 219
Clk7 @ 250000000 Finished 601225 instructions 
Clk3 @ 251000000 Finished 603626 instructions 
Sampling stash size at 604999 req has local max stash size of: 225
Clk7 @ 252000000 Finished 606052 instructions 
Clk3 @ 253000000 Finished 608499 instructions 
Clk@ 253675878 Working on the # 610000 th memory instruction
Sampling stash size at 609999 req has local max stash size of: 218
Clk3 @ 254000000 Finished 610711 instructions 
Clk7 @ 255000000 Finished 613101 instructions 
Sampling stash size at 614999 req has local max stash size of: 223
Clk7 @ 256000000 Finished 615500 instructions 
Clk7 @ 257000000 Finished 617807 instructions 
Clk@ 257928878 Working on the # 620000 th memory instruction
Sampling stash size at 619999 req has local max stash size of: 214
Clk3 @ 258000000 Finished 620167 instructions 
Clk7 @ 259000000 Finished 622571 instructions 
Clk7 @ 260000000 Finished 624965 instructions 
Sampling stash size at 624999 req has local max stash size of: 218
Clk3 @ 261000000 Finished 627413 instructions 
Clk7 @ 261000000 Finished 627413 instructions 
Clk7 @ 262000000 Finished 629850 instructions 
Clk@ 262062981 Working on the # 630000 th memory instruction
Sampling stash size at 629999 req has local max stash size of: 215
Clk7 @ 263000000 Finished 632280 instructions 
Clk3 @ 264000000 Finished 634647 instructions 
Sampling stash size at 634999 req has local max stash size of: 220
Clk7 @ 265000000 Finished 637060 instructions 
Clk3 @ 266000000 Finished 639504 instructions 
Clk@ 266203189 Working on the # 640000 th memory instruction
Sampling stash size at 639999 req has local max stash size of: 210
Clk3 @ 267000000 Finished 641853 instructions 
Clk7 @ 268000000 Finished 644288 instructions 
Sampling stash size at 644999 req has local max stash size of: 214
Clk7 @ 269000000 Finished 646722 instructions 
Clk3 @ 270000000 Finished 649107 instructions 
Clk@ 270360743 Working on the # 650000 th memory instruction
Sampling stash size at 649999 req has local max stash size of: 226
Clk3 @ 271000000 Finished 651503 instructions 
Clk3 @ 272000000 Finished 653901 instructions 
Sampling stash size at 654999 req has local max stash size of: 219
Clk3 @ 273000000 Finished 656280 instructions 
Clk3 @ 274000000 Finished 658700 instructions 
Clk@ 274541070 Working on the # 660000 th memory instruction
Sampling stash size at 659999 req has local max stash size of: 221
Clk7 @ 275000000 Finished 661095 instructions 
Clk7 @ 276000000 Finished 663461 instructions 
Sampling stash size at 664999 req has local max stash size of: 224
Clk7 @ 277000000 Finished 665796 instructions 
Clk3 @ 278000000 Finished 668211 instructions 
Clk@ 278734758 Working on the # 670000 th memory instruction
Sampling stash size at 669999 req has local max stash size of: 217
Clk7 @ 279000000 Finished 670605 instructions 
Clk3 @ 280000000 Finished 672987 instructions 
Sampling stash size at 674999 req has local max stash size of: 222
Clk3 @ 281000000 Finished 675425 instructions 
Clk3 @ 282000000 Finished 677853 instructions 
Clk@ 282889645 Working on the # 680000 th memory instruction
Sampling stash size at 679999 req has local max stash size of: 214
Clk3 @ 283000000 Finished 680263 instructions 
Clk7 @ 284000000 Finished 682682 instructions 
Sampling stash size at 684999 req has local max stash size of: 220
Clk3 @ 285000000 Finished 685067 instructions 
Clk3 @ 286000000 Finished 687350 instructions 
Clk7 @ 287000000 Finished 689786 instructions 
Clk@ 287088212 Working on the # 690000 th memory instruction
Sampling stash size at 689999 req has local max stash size of: 219
Clk3 @ 288000000 Finished 692213 instructions 
Clk3 @ 289000000 Finished 694627 instructions 
Sampling stash size at 694999 req has local max stash size of: 219
Clk3 @ 290000000 Finished 697062 instructions 
Clk3 @ 291000000 Finished 699487 instructions 
Clk@ 291205301 Working on the # 700000 th memory instruction
Sampling stash size at 699999 req has local max stash size of: 227
Clk3 @ 292000000 Finished 701887 instructions 
Clk3 @ 293000000 Finished 704307 instructions 
Sampling stash size at 704999 req has local max stash size of: 222
Clk3 @ 294000000 Finished 706701 instructions 
Clk7 @ 295000000 Finished 709130 instructions 
Clk@ 295356945 Working on the # 710000 th memory instruction
Sampling stash size at 709999 req has local max stash size of: 218
Clk3 @ 296000000 Finished 711583 instructions 
Clk3 @ 297000000 Finished 714007 instructions 
Sampling stash size at 714999 req has local max stash size of: 219
Clk7 @ 298000000 Finished 716395 instructions 
Clk3 @ 299000000 Finished 718767 instructions 
Clk@ 299498822 Working on the # 720000 th memory instruction
Sampling stash size at 719999 req has local max stash size of: 235
Clk3 @ 300000000 Finished 721207 instructions 
Clk7 @ 301000000 Finished 723655 instructions 
Sampling stash size at 724999 req has local max stash size of: 219
Clk3 @ 302000000 Finished 726061 instructions 
Clk3 @ 303000000 Finished 728487 instructions 
Clk@ 303637130 Working on the # 730000 th memory instruction
Sampling stash size at 729999 req has local max stash size of: 218
Clk3 @ 304000000 Finished 730837 instructions 
Clk3 @ 305000000 Finished 733062 instructions 
Sampling stash size at 734999 req has local max stash size of: 217
Clk3 @ 306000000 Finished 735495 instructions 
Clk3 @ 307000000 Finished 737907 instructions 
Clk@ 307877094 Working on the # 740000 th memory instruction
Sampling stash size at 739999 req has local max stash size of: 230
Clk3 @ 308000000 Finished 740287 instructions 
Clk7 @ 309000000 Finished 742647 instructions 
Clk3 @ 310000000 Finished 744947 instructions 
Sampling stash size at 744999 req has local max stash size of: 218
Clk3 @ 311000000 Finished 747124 instructions 
Clk3 @ 312000000 Finished 749447 instructions 
Clk@ 312223192 Working on the # 750000 th memory instruction
Sampling stash size at 749999 req has local max stash size of: 219
Clk3 @ 313000000 Finished 751868 instructions 
Clk3 @ 314000000 Finished 754285 instructions 
Sampling stash size at 754999 req has local max stash size of: 222
Clk7 @ 315000000 Finished 756669 instructions 
Clk7 @ 316000000 Finished 759104 instructions 
Clk@ 316361585 Working on the # 760000 th memory instruction
Sampling stash size at 759999 req has local max stash size of: 224
Clk7 @ 317000000 Finished 761540 instructions 
Clk3 @ 318000000 Finished 763903 instructions 
Sampling stash size at 764999 req has local max stash size of: 225
Clk7 @ 319000000 Finished 766347 instructions 
Clk3 @ 320000000 Finished 768787 instructions 
Clk@ 320505684 Working on the # 770000 th memory instruction
Sampling stash size at 769999 req has local max stash size of: 215
Clk3 @ 321000000 Finished 771218 instructions 
Clk3 @ 322000000 Finished 773643 instructions 
Sampling stash size at 774999 req has local max stash size of: 220
Clk3 @ 323000000 Finished 776062 instructions 
Clk3 @ 324000000 Finished 778436 instructions 
Clk@ 324652858 Working on the # 780000 th memory instruction
Sampling stash size at 779999 req has local max stash size of: 213
Clk3 @ 325000000 Finished 780845 instructions 
Clk3 @ 326000000 Finished 783271 instructions 
Sampling stash size at 784999 req has local max stash size of: 222
Clk7 @ 327000000 Finished 785694 instructions 
Clk7 @ 328000000 Finished 788127 instructions 
Clk@ 328774470 Working on the # 790000 th memory instruction
Sampling stash size at 789999 req has local max stash size of: 215
Clk3 @ 329000000 Finished 790544 instructions 
Clk7 @ 330000000 Finished 792865 instructions 
Sampling stash size at 794999 req has local max stash size of: 220
Clk7 @ 331000000 Finished 795225 instructions 
Clk3 @ 332000000 Finished 797666 instructions 
Clk@ 332957735 Working on the # 800000 th memory instruction
Sampling stash size at 799999 req has local max stash size of: 221
Clk7 @ 333000000 Finished 800093 instructions 
Clk3 @ 334000000 Finished 802490 instructions 
Clk7 @ 334000000 Finished 802490 instructions 
Clk3 @ 335000000 Finished 804937 instructions 
Sampling stash size at 804999 req has local max stash size of: 217
Clk7 @ 336000000 Finished 807360 instructions 
Clk3 @ 337000000 Finished 809702 instructions 
Clk@ 337126566 Working on the # 810000 th memory instruction
Sampling stash size at 809999 req has local max stash size of: 235
Clk3 @ 338000000 Finished 812122 instructions 
Sampling stash size at 814999 req has local max stash size of: 221
Clk3 @ 340000000 Finished 816926 instructions 
Clk7 @ 341000000 Finished 819359 instructions 
Clk@ 341261725 Working on the # 820000 th memory instruction
Sampling stash size at 819999 req has local max stash size of: 226
Clk3 @ 342000000 Finished 821785 instructions 
Clk7 @ 343000000 Finished 824184 instructions 
Sampling stash size at 824999 req has local max stash size of: 216
Clk3 @ 344000000 Finished 826624 instructions 
Clk3 @ 345000000 Finished 828965 instructions 
Clk@ 345426549 Working on the # 830000 th memory instruction
Sampling stash size at 829999 req has local max stash size of: 224
Clk7 @ 346000000 Finished 831367 instructions 
Clk3 @ 347000000 Finished 833807 instructions 
Sampling stash size at 834999 req has local max stash size of: 213
Clk3 @ 348000000 Finished 836227 instructions 
Clk3 @ 349000000 Finished 838567 instructions 
Clk@ 349594126 Working on the # 840000 th memory instruction
Sampling stash size at 839999 req has local max stash size of: 219
Clk3 @ 350000000 Finished 840986 instructions 
Clk7 @ 351000000 Finished 843378 instructions 
Sampling stash size at 844999 req has local max stash size of: 231
Clk7 @ 352000000 Finished 845807 instructions 
Clk7 @ 353000000 Finished 848202 instructions 
Clk@ 353744676 Working on the # 850000 th memory instruction
Sampling stash size at 849999 req has local max stash size of: 225
Clk7 @ 354000000 Finished 850618 instructions 
Clk7 @ 355000000 Finished 853005 instructions 
Sampling stash size at 854999 req has local max stash size of: 222
Clk7 @ 356000000 Finished 855288 instructions 
Clk3 @ 357000000 Finished 857711 instructions 
Clk@ 357943899 Working on the # 860000 th memory instruction
Sampling stash size at 859999 req has local max stash size of: 226
Clk7 @ 358000000 Finished 860129 instructions 
Clk3 @ 359000000 Finished 862547 instructions 
Clk3 @ 360000000 Finished 864948 instructions 
Sampling stash size at 864999 req has local max stash size of: 223
Clk3 @ 361000000 Finished 867327 instructions 
Clk3 @ 362000000 Finished 869567 instructions 
Clk@ 362188524 Working on the # 870000 th memory instruction
Sampling stash size at 869999 req has local max stash size of: 219
Clk3 @ 363000000 Finished 871941 instructions 
Clk7 @ 364000000 Finished 874347 instructions 
Sampling stash size at 874999 req has local max stash size of: 221
Clk3 @ 365000000 Finished 876745 instructions 
Clk3 @ 366000000 Finished 879202 instructions 
Clk@ 366328155 Working on the # 880000 th memory instruction
Sampling stash size at 879999 req has local max stash size of: 221
Clk3 @ 367000000 Finished 881621 instructions 
Clk3 @ 368000000 Finished 884027 instructions 
Sampling stash size at 884999 req has local max stash size of: 221
Clk3 @ 369000000 Finished 886422 instructions 
Clk3 @ 370000000 Finished 888854 instructions 
Clk@ 370471965 Working on the # 890000 th memory instruction
Sampling stash size at 889999 req has local max stash size of: 223
Clk3 @ 371000000 Finished 891292 instructions 
Clk3 @ 372000000 Finished 893722 instructions 
Sampling stash size at 894999 req has local max stash size of: 223
Clk3 @ 373000000 Finished 896131 instructions 
Clk3 @ 374000000 Finished 898567 instructions 
Clk@ 374601553 Working on the # 900000 th memory instruction
Sampling stash size at 899999 req has local max stash size of: 235
Clk3 @ 375000000 Finished 900965 instructions 
Sampling stash size at 904999 req has local max stash size of: 220
Clk7 @ 377000000 Finished 905756 instructions 
Clk3 @ 378000000 Finished 908165 instructions 
Clk@ 378765900 Working on the # 910000 th memory instruction
Sampling stash size at 909999 req has local max stash size of: 220
Clk3 @ 379000000 Finished 910568 instructions 
Clk3 @ 380000000 Finished 913012 instructions 
Sampling stash size at 914999 req has local max stash size of: 225
Clk3 @ 381000000 Finished 915342 instructions 
Clk3 @ 382000000 Finished 917781 instructions 
Clk@ 382912767 Working on the # 920000 th memory instruction
Sampling stash size at 919999 req has local max stash size of: 230
Clk3 @ 383000000 Finished 920207 instructions 
Clk3 @ 384000000 Finished 922607 instructions 
Sampling stash size at 924999 req has local max stash size of: 221
Clk3 @ 385000000 Finished 925047 instructions 
Clk3 @ 386000000 Finished 927467 instructions 
Clk3 @ 387000000 Finished 929801 instructions 
Clk@ 387090823 Working on the # 930000 th memory instruction
Sampling stash size at 929999 req has local max stash size of: 235
Clk3 @ 388000000 Finished 932127 instructions 
Clk3 @ 389000000 Finished 934549 instructions 
Sampling stash size at 934999 req has local max stash size of: 220
Clk7 @ 390000000 Finished 936988 instructions 
Clk3 @ 391000000 Finished 939386 instructions 
Clk@ 391250090 Working on the # 940000 th memory instruction
Sampling stash size at 939999 req has local max stash size of: 220
Clk3 @ 392000000 Finished 941825 instructions 
Clk3 @ 393000000 Finished 944243 instructions 
Sampling stash size at 944999 req has local max stash size of: 219
Clk3 @ 394000000 Finished 946584 instructions 
Clk3 @ 395000000 Finished 948987 instructions 
Clk@ 395414833 Working on the # 950000 th memory instruction
Sampling stash size at 949999 req has local max stash size of: 226
Clk7 @ 396000000 Finished 951394 instructions 
Clk7 @ 397000000 Finished 953786 instructions 
Sampling stash size at 954999 req has local max stash size of: 226
Clk7 @ 398000000 Finished 956207 instructions 
Clk3 @ 399000000 Finished 958643 instructions 
Clk@ 399558689 Working on the # 960000 th memory instruction
Sampling stash size at 959999 req has local max stash size of: 222
Clk3 @ 400000000 Finished 960990 instructions 
Clk7 @ 401000000 Finished 963388 instructions 
Sampling stash size at 964999 req has local max stash size of: 226
Clk7 @ 402000000 Finished 965738 instructions 
Clk7 @ 403000000 Finished 968086 instructions 
Clk@ 403797474 Working on the # 970000 th memory instruction
Sampling stash size at 969999 req has local max stash size of: 224
Clk7 @ 404000000 Finished 970478 instructions 
Clk3 @ 405000000 Finished 972862 instructions 
Sampling stash size at 974999 req has local max stash size of: 227
Clk3 @ 406000000 Finished 975107 instructions 
Clk7 @ 407000000 Finished 977187 instructions 
Clk3 @ 408000000 Finished 979445 instructions 
Clk@ 408237665 Working on the # 980000 th memory instruction
Sampling stash size at 979999 req has local max stash size of: 226
Clk3 @ 409000000 Finished 981783 instructions 
Clk7 @ 410000000 Finished 984048 instructions 
Sampling stash size at 984999 req has local max stash size of: 226
Clk7 @ 411000000 Finished 986363 instructions 
Clk3 @ 412000000 Finished 988650 instructions 
Clk@ 412610041 Working on the # 990000 th memory instruction
Sampling stash size at 989999 req has local max stash size of: 229
Clk3 @ 413000000 Finished 990807 instructions 
Clk3 @ 414000000 Finished 993089 instructions 
Sampling stash size at 994999 req has local max stash size of: 227
Clk3 @ 415000000 Finished 995464 instructions 
Clk3 @ 416000000 Finished 997827 instructions 
Clk@ 416936966 Working on the # 1000000 th memory instruction
Sampling stash size at 999999 req has local max stash size of: 222

===*** Data ***====
Stall reason distribution: 
mc_hazard: 0
normal: 0
rs_hazard: 0
rw_swtich: 0
Early reshuffle distribution: 
0: 0
1: 0
2: 0
3: 0
4: 0
5: 0
6: 2094
7: 3919
8: 3898
9: 3826
10: 3851
11: 3826
12: 3768
13: 3410
14: 2863
15: 1785
16: 94
17: 0
18: 0
19: 0
20: 0
21: 0
22: 0
23: 0
24: 0
=================
Max stash size is: 235
Average stash size is: 113.889
Average mem q size is: 59.2768
Total mem q size is:15014455
mem_q_sample_times is:253294
useful_read_pull_ddr: 500006 (1.30904) %
dummy_read_pull_ddr: 8752534 (22.9145) %
useful_early_pull_ddr: 295805 (0.774429) %
useful_early_push_ddr: 171052 (0.447821) %
useful_write_pull_ddr: 7379844 (19.3207) %
useful_write_push_ddr: 3163233 (8.28147) %
dummy_early_pull_ddr: 20922 (0.0547746) %
dummy_early_push_ddr: 630081 (1.64958) %
dummy_write_pull_ddr: 20460 (0.0535651) %
dummy_write_push_ddr: 17262584 (45.1941) %
=================
Stash violation number of times: 0
=================
Check NodeID traffic: 6541547
Update NodeID traffic: 33
=================
Read RS lines: 1000000 (85.7142) %
Write RS lines: 100000 (8.57142) %
Early RS lines: 66668 (5.71439) %
Read DDR lines: 18505108 (24.6471) %
Write DDR lines: 54575000 (72.689) %
Early DDR lines: 2000040 (2.66387) %

====*** pos1 ***====
Stall reason distribution: 
mc_hazard: 0
normal: 0
rs_hazard: 0
rw_swtich: 0
Early reshuffle distribution: 
0: 0
1: 0
2: 0
3: 1646
4: 3496
5: 3813
6: 3748
7: 3822
8: 3936
9: 3905
10: 3859
11: 3736
12: 3627
13: 3324
14: 2897
15: 1760
16: 103
17: 0
18: 0
19: 0
20: 0
21: 0
=================
Max stash size is: 220
Average stash size is: 96.9848
Average mem q size is: 79.5223
Total mem q size is:7083766
mem_q_sample_times is:89079
useful_read_pull_ddr: 994659 (1.29562) %
dummy_read_pull_ddr: 17505994 (22.8029) %
useful_early_pull_ddr: 666146 (0.867706) %
useful_early_push_ddr: 369764 (0.481646) %
useful_write_pull_ddr: 14520226 (18.9137) %
useful_write_push_ddr: 6783795 (8.83641) %
dummy_early_pull_ddr: 76278 (0.0993579) %
dummy_early_push_ddr: 1508132 (1.96446) %
dummy_write_pull_ddr: 279774 (0.364427) %
dummy_write_push_ddr: 34066205 (44.3738) %
=================
Stash violation number of times: 0
=================
Check NodeID traffic: 9508098
Update NodeID traffic: 5
=================
Read RS lines: 1000000 (84.2216) %
Write RS lines: 100000 (8.42216) %
Early RS lines: 87344 (7.35625) %
Read DDR lines: 18500653 (24.4407) %
Write DDR lines: 54575000 (72.0976) %
Early DDR lines: 2620320 (3.46164) %

====*** pos2 ***====
Stall reason distribution: 
mc_hazard: 0
normal: 0
rs_hazard: 0
rw_swtich: 0
Early reshuffle distribution: 
0: 0
1: 0
2: 1245
3: 3180
4: 3535
5: 3769
6: 3790
7: 3896
8: 3823
9: 3839
10: 3747
11: 3702
12: 3627
13: 3367
14: 2790
15: 1816
16: 82
17: 0
18: 0
=================
Max stash size is: 190
Average stash size is: 81.9248
Average mem q size is: 77.0985
Total mem q size is:5749160
mem_q_sample_times is:74569
useful_read_pull_ddr: 984740 (1.49434) %
dummy_read_pull_ddr: 15015260 (22.7857) %
useful_early_pull_ddr: 644232 (0.977623) %
useful_early_push_ddr: 298845 (0.453498) %
useful_write_pull_ddr: 12146880 (18.4329) %
useful_write_push_ddr: 5623029 (8.53296) %
dummy_early_pull_ddr: 120139 (0.182311) %
dummy_early_push_ddr: 1634564 (2.48045) %
dummy_write_pull_ddr: 653120 (0.991111) %
dummy_write_push_ddr: 28776971 (43.6691) %
=================
Stash violation number of times: 0
=================
Check NodeID traffic: 5749970
Update NodeID traffic: 0
=================
Read RS lines: 1000000 (83.8633) %
Write RS lines: 100000 (8.38633) %
Early RS lines: 92416 (7.75032) %
Read DDR lines: 16000000 (24.28) %
Write DDR lines: 47200000 (71.6261) %
Early DDR lines: 2697780 (4.09389) %
=================
The final DRAM clk is: 416942559 ticks.
Idle waiting clk is 160511494, which is 38.4973 %
DRAM Frequency is: 1600MHz
The final time in ns is: 2.60589e+08 ns.
Time distribution: 
Data pull time is: 0
data: 0
pos1: 0
pos2: 0
Data distribution: 
Pos2 data: 65897780
Pos1 data: 75695973
Data: 75080148
Node access DDR: 13083094
Pull DDR: 18505108
WB DDR: 54575000
Early DDR: 2000040
Achieved BW is: 60.175 GB/s
Ideal BW is: 102.4 GB/s
Metadata cache conclusion: 
overall_hit: 14450571 overall_total: 27533334
Cache Size 64 KB Overall Hit rate: 52.4839 %. 
Simulation done. Statistics written to results_all/redis_output.txt
