Valid leaf ID range: 4194303:8388606
Num of top nodes: 4194304
Data level num of ways: 4194304
Z: 16
S: 27
A: 20
cached_total: 1
cached_total: 3
cached_total: 7
cached_total: 15
cached_total: 31
Total number of ORAM protected cache line blocks: 4194304
Cached number of levels: 4
Max number of levels: 23
Start lvl is: 0
data valid leaf right: 8388607
data num of levels: 23
data level num of ways: 4194304
data number of sets: 1
Cached node ID: 0 -- 23
Address space: 0 - 4 GB
pos1 valid leaf right: 1048575
pos1 num of levels: 20
pos1 level num of ways: 524288
pos1 number of sets: 1
Cached node ID: 0 -- 2
Address space: 0 - 0.5 GB
pos2 valid leaf right: 131071
pos2 num of levels: 17
pos2 level num of ways: 65536
pos2 number of sets: 1
Cached node ID: 0 -- 1
Address space: 0 - 0.0625 GB
new addr: 101
(myrs->posMap.find(new_addr) != myrs->posMap.end()): 1
(myrs->posMap[new_addr].pending): 0
myrs->posMap[new_addr] = 257
#2 ID 0 set true here
Clk7 @ 1000000 Finished 1127 instructions 
Clk3 @ 2000000 Finished 2307 instructions 
Clk3 @ 3000000 Finished 3505 instructions 
Clk3 @ 4000000 Finished 4700 instructions 
Sampling stash size at 4999 req has local max stash size of: 75
Clk3 @ 5000000 Finished 5896 instructions 
Clk3 @ 6000000 Finished 7127 instructions 
Clk3 @ 7000000 Finished 8347 instructions 
Clk3 @ 8000000 Finished 9582 instructions 
Clk@ 8337851 Working on the # 10000 th memory instruction
Sampling stash size at 9999 req has local max stash size of: 85
Clk7 @ 9000000 Finished 10807 instructions 
Clk3 @ 10000000 Finished 12062 instructions 
Clk3 @ 11000000 Finished 13327 instructions 
Clk3 @ 12000000 Finished 14584 instructions 
Sampling stash size at 14999 req has local max stash size of: 84
Clk3 @ 13000000 Finished 15787 instructions 
Clk3 @ 14000000 Finished 17063 instructions 
Clk3 @ 15000000 Finished 18327 instructions 
Clk3 @ 16000000 Finished 19582 instructions 
Clk@ 16330257 Working on the # 20000 th memory instruction
Sampling stash size at 19999 req has local max stash size of: 90
Clk3 @ 17000000 Finished 20829 instructions 
Clk3 @ 18000000 Finished 22087 instructions 
Clk7 @ 19000000 Finished 23331 instructions 
Clk3 @ 20000000 Finished 24614 instructions 
Sampling stash size at 24999 req has local max stash size of: 92
Clk3 @ 21000000 Finished 25887 instructions 
Clk3 @ 22000000 Finished 27166 instructions 
Clk3 @ 23000000 Finished 28447 instructions 
Clk3 @ 24000000 Finished 29727 instructions 
Clk@ 24208143 Working on the # 30000 th memory instruction
Sampling stash size at 29999 req has local max stash size of: 85
Clk3 @ 25000000 Finished 30947 instructions 
Clk3 @ 26000000 Finished 32222 instructions 
Clk3 @ 27000000 Finished 33489 instructions 
Clk3 @ 28000000 Finished 34767 instructions 
Sampling stash size at 34999 req has local max stash size of: 83
Clk3 @ 29000000 Finished 36067 instructions 
Clk3 @ 30000000 Finished 37363 instructions 
Clk3 @ 31000000 Finished 38627 instructions 
Clk3 @ 32000000 Finished 39907 instructions 
Clk@ 32065944 Working on the # 40000 th memory instruction
Sampling stash size at 39999 req has local max stash size of: 89
Clk3 @ 33000000 Finished 41187 instructions 
Clk3 @ 34000000 Finished 42447 instructions 
Clk7 @ 35000000 Finished 43732 instructions 
Sampling stash size at 44999 req has local max stash size of: 91
Clk3 @ 36000000 Finished 45025 instructions 
Clk3 @ 37000000 Finished 46282 instructions 
Clk3 @ 38000000 Finished 47561 instructions 
Clk3 @ 39000000 Finished 48867 instructions 
Clk@ 39881945 Working on the # 50000 th memory instruction
Sampling stash size at 49999 req has local max stash size of: 94
Clk3 @ 40000000 Finished 50156 instructions 
Clk7 @ 41000000 Finished 51463 instructions 
Clk3 @ 42000000 Finished 52736 instructions 
Clk3 @ 43000000 Finished 54027 instructions 
Sampling stash size at 54999 req has local max stash size of: 87
Clk3 @ 44000000 Finished 55301 instructions 
Clk3 @ 45000000 Finished 56607 instructions 
Clk3 @ 46000000 Finished 57887 instructions 
Clk7 @ 47000000 Finished 59171 instructions 
Clk@ 47641323 Working on the # 60000 th memory instruction
Sampling stash size at 59999 req has local max stash size of: 94
Clk3 @ 48000000 Finished 60444 instructions 
Clk7 @ 49000000 Finished 61651 instructions 
Clk3 @ 50000000 Finished 62911 instructions 
Clk3 @ 51000000 Finished 64207 instructions 
Sampling stash size at 64999 req has local max stash size of: 99
Clk3 @ 52000000 Finished 65501 instructions 
Clk7 @ 53000000 Finished 66816 instructions 
Clk7 @ 54000000 Finished 68124 instructions 
Clk3 @ 55000000 Finished 69421 instructions 
Clk@ 55440492 Working on the # 70000 th memory instruction
Sampling stash size at 69999 req has local max stash size of: 91
Clk3 @ 56000000 Finished 70727 instructions 
Clk3 @ 57000000 Finished 72027 instructions 
Clk7 @ 58000000 Finished 73319 instructions 
Clk7 @ 59000000 Finished 74611 instructions 
Sampling stash size at 74999 req has local max stash size of: 89
Clk7 @ 60000000 Finished 75920 instructions 
Clk7 @ 61000000 Finished 77163 instructions 
Clk3 @ 62000000 Finished 78447 instructions 
Clk7 @ 63000000 Finished 79767 instructions 
Clk@ 63170342 Working on the # 80000 th memory instruction
Sampling stash size at 79999 req has local max stash size of: 100
Clk3 @ 64000000 Finished 81067 instructions 
Clk3 @ 65000000 Finished 82363 instructions 
Clk3 @ 66000000 Finished 83612 instructions 
Clk3 @ 67000000 Finished 84887 instructions 
Sampling stash size at 84999 req has local max stash size of: 91
Clk3 @ 68000000 Finished 86147 instructions 
Clk3 @ 69000000 Finished 87443 instructions 
Clk3 @ 70000000 Finished 88707 instructions 
Clk3 @ 71000000 Finished 89971 instructions 
Clk@ 71017918 Working on the # 90000 th memory instruction
Sampling stash size at 89999 req has local max stash size of: 91
Clk3 @ 72000000 Finished 91246 instructions 
Clk3 @ 73000000 Finished 92501 instructions 
Clk3 @ 74000000 Finished 93763 instructions 
Sampling stash size at 94999 req has local max stash size of: 90
Clk7 @ 75000000 Finished 95065 instructions 
Clk3 @ 76000000 Finished 96367 instructions 
Clk3 @ 77000000 Finished 97677 instructions 
Clk3 @ 78000000 Finished 98947 instructions 
Clk@ 78813679 Working on the # 100000 th memory instruction
Sampling stash size at 99999 req has local max stash size of: 89
Clk3 @ 79000000 Finished 100247 instructions 
Clk3 @ 80000000 Finished 101555 instructions 
Clk3 @ 81000000 Finished 102827 instructions 
Clk7 @ 82000000 Finished 104112 instructions 
Sampling stash size at 104999 req has local max stash size of: 89
Clk3 @ 83000000 Finished 105407 instructions 
Clk3 @ 84000000 Finished 106687 instructions 
Clk3 @ 85000000 Finished 108002 instructions 
Clk7 @ 86000000 Finished 109261 instructions 
Clk@ 86555048 Working on the # 110000 th memory instruction
Sampling stash size at 109999 req has local max stash size of: 89
Clk3 @ 87000000 Finished 110567 instructions 
Clk3 @ 88000000 Finished 111874 instructions 
Clk7 @ 89000000 Finished 113158 instructions 
Clk3 @ 90000000 Finished 114427 instructions 
Sampling stash size at 114999 req has local max stash size of: 87
Clk3 @ 91000000 Finished 115733 instructions 
Clk3 @ 92000000 Finished 117007 instructions 
Clk3 @ 93000000 Finished 118288 instructions 
Clk3 @ 94000000 Finished 119567 instructions 
Clk@ 94334577 Working on the # 120000 th memory instruction
Sampling stash size at 119999 req has local max stash size of: 87
Clk3 @ 95000000 Finished 120827 instructions 
Clk7 @ 96000000 Finished 122047 instructions 
Clk7 @ 97000000 Finished 123278 instructions 
Clk3 @ 98000000 Finished 124500 instructions 
Sampling stash size at 124999 req has local max stash size of: 90
Clk3 @ 99000000 Finished 125767 instructions 
Clk3 @ 100000000 Finished 127047 instructions 
Clk3 @ 101000000 Finished 128344 instructions 
Clk3 @ 102000000 Finished 129627 instructions 
Clk@ 102290471 Working on the # 130000 th memory instruction
Sampling stash size at 129999 req has local max stash size of: 90
Clk3 @ 103000000 Finished 130927 instructions 
Clk7 @ 104000000 Finished 132227 instructions 
Clk7 @ 105000000 Finished 133527 instructions 
Clk3 @ 106000000 Finished 134827 instructions 
Sampling stash size at 134999 req has local max stash size of: 93
Clk3 @ 107000000 Finished 136147 instructions 
Clk3 @ 108000000 Finished 137407 instructions 
Clk3 @ 109000000 Finished 138707 instructions 
Clk@ 109988170 Working on the # 140000 th memory instruction
Sampling stash size at 139999 req has local max stash size of: 95
Clk7 @ 110000000 Finished 140007 instructions 
Clk3 @ 111000000 Finished 141327 instructions 
Clk7 @ 112000000 Finished 142643 instructions 
Clk3 @ 113000000 Finished 143927 instructions 
Sampling stash size at 144999 req has local max stash size of: 92
Clk7 @ 114000000 Finished 145200 instructions 
Clk7 @ 115000000 Finished 146488 instructions 
Clk3 @ 116000000 Finished 147781 instructions 
Clk3 @ 117000000 Finished 149087 instructions 
Clk@ 117709680 Working on the # 150000 th memory instruction
Sampling stash size at 149999 req has local max stash size of: 93
Clk3 @ 118000000 Finished 150387 instructions 
Clk3 @ 119000000 Finished 151676 instructions 
Clk7 @ 120000000 Finished 152907 instructions 
Clk3 @ 121000000 Finished 154187 instructions 
Sampling stash size at 154999 req has local max stash size of: 93
Clk3 @ 122000000 Finished 155462 instructions 
Clk3 @ 123000000 Finished 156767 instructions 
Clk3 @ 124000000 Finished 158087 instructions 
Clk3 @ 125000000 Finished 159387 instructions 
Clk@ 125474623 Working on the # 160000 th memory instruction
Sampling stash size at 159999 req has local max stash size of: 93
Clk3 @ 126000000 Finished 160660 instructions 
Clk3 @ 127000000 Finished 161955 instructions 
Clk3 @ 128000000 Finished 163247 instructions 
Clk3 @ 129000000 Finished 164512 instructions 
Sampling stash size at 164999 req has local max stash size of: 93
Clk3 @ 130000000 Finished 165767 instructions 
Clk3 @ 131000000 Finished 167027 instructions 
Clk3 @ 132000000 Finished 168267 instructions 
Clk7 @ 133000000 Finished 169531 instructions 
Clk@ 133362123 Working on the # 170000 th memory instruction
Sampling stash size at 169999 req has local max stash size of: 93
Clk3 @ 134000000 Finished 170807 instructions 
Clk3 @ 135000000 Finished 172055 instructions 
Clk3 @ 136000000 Finished 173327 instructions 
Clk7 @ 137000000 Finished 174619 instructions 
Sampling stash size at 174999 req has local max stash size of: 103
Clk3 @ 138000000 Finished 175867 instructions 
Clk3 @ 139000000 Finished 177162 instructions 
Clk3 @ 140000000 Finished 178447 instructions 
Clk3 @ 141000000 Finished 179707 instructions 
Clk@ 141230279 Working on the # 180000 th memory instruction
Sampling stash size at 179999 req has local max stash size of: 96
Clk3 @ 142000000 Finished 180975 instructions 
Clk3 @ 143000000 Finished 182229 instructions 
Clk3 @ 144000000 Finished 183447 instructions 
Clk7 @ 145000000 Finished 184714 instructions 
Sampling stash size at 184999 req has local max stash size of: 92
Clk3 @ 146000000 Finished 186000 instructions 
Clk3 @ 147000000 Finished 187244 instructions 
Clk3 @ 148000000 Finished 188530 instructions 
Clk7 @ 149000000 Finished 189827 instructions 
Clk@ 149121176 Working on the # 190000 th memory instruction
Sampling stash size at 189999 req has local max stash size of: 95
Clk7 @ 150000000 Finished 191107 instructions 
Clk7 @ 151000000 Finished 192427 instructions 
Clk3 @ 152000000 Finished 193732 instructions 
Sampling stash size at 194999 req has local max stash size of: 94
Clk3 @ 153000000 Finished 195027 instructions 
Clk3 @ 154000000 Finished 196324 instructions 
Clk3 @ 155000000 Finished 197607 instructions 
Clk3 @ 156000000 Finished 198853 instructions 
Clk@ 156865917 Working on the # 200000 th memory instruction
Sampling stash size at 199999 req has local max stash size of: 95
Clk3 @ 157000000 Finished 200167 instructions 
Clk3 @ 158000000 Finished 201482 instructions 
Clk7 @ 159000000 Finished 202768 instructions 
Clk3 @ 160000000 Finished 204061 instructions 
Sampling stash size at 204999 req has local max stash size of: 96
Clk7 @ 161000000 Finished 205351 instructions 
Clk3 @ 162000000 Finished 206625 instructions 
Clk7 @ 163000000 Finished 207887 instructions 
Clk7 @ 164000000 Finished 209180 instructions 
Clk@ 164655613 Working on the # 210000 th memory instruction
Sampling stash size at 209999 req has local max stash size of: 93
Clk3 @ 165000000 Finished 210447 instructions 
Clk7 @ 166000000 Finished 211721 instructions 
Clk3 @ 167000000 Finished 213003 instructions 
Clk7 @ 167000000 Finished 213003 instructions 
Clk3 @ 168000000 Finished 214238 instructions 
Sampling stash size at 214999 req has local max stash size of: 91
Clk3 @ 169000000 Finished 215527 instructions 
Clk3 @ 170000000 Finished 216842 instructions 
Clk3 @ 171000000 Finished 218122 instructions 
Clk3 @ 172000000 Finished 219404 instructions 
Clk@ 172457480 Working on the # 220000 th memory instruction
Sampling stash size at 219999 req has local max stash size of: 97
Clk3 @ 173000000 Finished 220701 instructions 
Clk3 @ 174000000 Finished 221987 instructions 
Clk7 @ 175000000 Finished 223289 instructions 
Clk3 @ 176000000 Finished 224597 instructions 
Sampling stash size at 224999 req has local max stash size of: 89
Clk7 @ 177000000 Finished 225868 instructions 
Clk3 @ 178000000 Finished 227147 instructions 
Clk3 @ 179000000 Finished 228423 instructions 
Clk3 @ 180000000 Finished 229687 instructions 
Clk@ 180240973 Working on the # 230000 th memory instruction
Sampling stash size at 229999 req has local max stash size of: 97
Clk3 @ 181000000 Finished 230991 instructions 
Clk3 @ 182000000 Finished 232267 instructions 
Clk3 @ 183000000 Finished 233544 instructions 
Clk3 @ 184000000 Finished 234842 instructions 
Sampling stash size at 234999 req has local max stash size of: 92
Clk7 @ 185000000 Finished 236117 instructions 
Clk7 @ 186000000 Finished 237387 instructions 
Clk3 @ 187000000 Finished 238664 instructions 
Clk3 @ 188000000 Finished 239938 instructions 
Clk@ 188048500 Working on the # 240000 th memory instruction
Sampling stash size at 239999 req has local max stash size of: 92
Clk7 @ 189000000 Finished 241168 instructions 
Clk3 @ 190000000 Finished 242423 instructions 
Clk7 @ 191000000 Finished 243650 instructions 
Clk3 @ 192000000 Finished 244821 instructions 
Sampling stash size at 244999 req has local max stash size of: 94
Clk3 @ 193000000 Finished 246042 instructions 
Clk7 @ 195000000 Finished 248494 instructions 
Clk7 @ 196000000 Finished 249758 instructions 
Clk@ 196189672 Working on the # 250000 th memory instruction
Sampling stash size at 249999 req has local max stash size of: 92
Clk7 @ 197000000 Finished 251019 instructions 
Clk3 @ 198000000 Finished 252287 instructions 
Clk3 @ 199000000 Finished 253547 instructions 
Clk3 @ 200000000 Finished 254843 instructions 
Sampling stash size at 254999 req has local max stash size of: 95
Clk7 @ 201000000 Finished 256123 instructions 
Clk3 @ 202000000 Finished 257407 instructions 
Clk7 @ 203000000 Finished 258697 instructions 
Clk7 @ 204000000 Finished 259947 instructions 
Clk@ 204033929 Working on the # 260000 th memory instruction
Sampling stash size at 259999 req has local max stash size of: 95
Clk3 @ 205000000 Finished 261247 instructions 
Clk7 @ 206000000 Finished 262548 instructions 
Clk3 @ 207000000 Finished 263832 instructions 
Sampling stash size at 264999 req has local max stash size of: 94
Clk7 @ 208000000 Finished 265145 instructions 
Clk3 @ 209000000 Finished 266434 instructions 
Clk7 @ 210000000 Finished 267708 instructions 
Clk3 @ 211000000 Finished 269021 instructions 
Clk@ 211754226 Working on the # 270000 th memory instruction
Sampling stash size at 269999 req has local max stash size of: 92
Clk3 @ 212000000 Finished 270325 instructions 
Clk3 @ 213000000 Finished 271622 instructions 
Clk3 @ 214000000 Finished 272907 instructions 
Clk3 @ 215000000 Finished 274187 instructions 
Sampling stash size at 274999 req has local max stash size of: 96
Clk3 @ 216000000 Finished 275420 instructions 
Clk3 @ 217000000 Finished 276707 instructions 
Clk3 @ 218000000 Finished 278007 instructions 
Clk3 @ 219000000 Finished 279287 instructions 
Clk@ 219526504 Working on the # 280000 th memory instruction
Sampling stash size at 279999 req has local max stash size of: 93
Clk3 @ 220000000 Finished 280627 instructions 
Clk3 @ 221000000 Finished 281927 instructions 
Clk3 @ 222000000 Finished 283227 instructions 
Clk7 @ 223000000 Finished 284531 instructions 
Sampling stash size at 284999 req has local max stash size of: 92
Clk7 @ 224000000 Finished 285819 instructions 
Clk3 @ 225000000 Finished 287127 instructions 
Clk3 @ 226000000 Finished 288387 instructions 
Clk3 @ 227000000 Finished 289647 instructions 
Clk@ 227269608 Working on the # 290000 th memory instruction
Sampling stash size at 289999 req has local max stash size of: 93
Clk7 @ 228000000 Finished 290930 instructions 
Clk3 @ 229000000 Finished 292255 instructions 
Clk7 @ 230000000 Finished 293542 instructions 
Clk7 @ 231000000 Finished 294856 instructions 
Sampling stash size at 294999 req has local max stash size of: 94
Clk7 @ 232000000 Finished 296167 instructions 
Clk3 @ 233000000 Finished 297447 instructions 
Clk3 @ 234000000 Finished 298747 instructions 
Clk@ 234960196 Working on the # 300000 th memory instruction
Sampling stash size at 299999 req has local max stash size of: 97
Clk3 @ 235000000 Finished 300047 instructions 
Clk3 @ 236000000 Finished 301347 instructions 
Clk7 @ 237000000 Finished 302639 instructions 
Clk3 @ 238000000 Finished 303907 instructions 
Sampling stash size at 304999 req has local max stash size of: 94
Clk3 @ 239000000 Finished 305127 instructions 
Clk3 @ 240000000 Finished 306367 instructions 
Clk3 @ 241000000 Finished 307647 instructions 
Clk7 @ 242000000 Finished 308914 instructions 
Clk@ 242845359 Working on the # 310000 th memory instruction
Sampling stash size at 309999 req has local max stash size of: 99
Clk3 @ 243000000 Finished 310207 instructions 
Clk7 @ 244000000 Finished 311511 instructions 
Clk3 @ 245000000 Finished 312787 instructions 
Clk7 @ 246000000 Finished 314097 instructions 
Sampling stash size at 314999 req has local max stash size of: 96
Clk3 @ 247000000 Finished 315402 instructions 
Clk3 @ 248000000 Finished 316707 instructions 
Clk3 @ 249000000 Finished 318007 instructions 
Clk3 @ 250000000 Finished 319287 instructions 
Clk@ 250554043 Working on the # 320000 th memory instruction
Sampling stash size at 319999 req has local max stash size of: 95
Clk3 @ 251000000 Finished 320545 instructions 
Clk3 @ 252000000 Finished 321807 instructions 
Clk3 @ 253000000 Finished 323087 instructions 
Clk3 @ 254000000 Finished 324364 instructions 
Sampling stash size at 324999 req has local max stash size of: 101
Clk7 @ 255000000 Finished 325648 instructions 
Clk7 @ 256000000 Finished 326951 instructions 
Clk3 @ 257000000 Finished 328204 instructions 
Clk3 @ 258000000 Finished 329467 instructions 
Clk@ 258434943 Working on the # 330000 th memory instruction
Sampling stash size at 329999 req has local max stash size of: 97
Clk7 @ 259000000 Finished 330692 instructions 
Clk3 @ 260000000 Finished 331927 instructions 
Clk7 @ 261000000 Finished 333185 instructions 
Clk3 @ 262000000 Finished 334427 instructions 
Sampling stash size at 334999 req has local max stash size of: 95
Clk3 @ 263000000 Finished 335627 instructions 
Clk3 @ 264000000 Finished 336887 instructions 
Clk3 @ 265000000 Finished 338147 instructions 
Clk3 @ 266000000 Finished 339407 instructions 
Clk@ 266441034 Working on the # 340000 th memory instruction
Sampling stash size at 339999 req has local max stash size of: 96
Clk3 @ 267000000 Finished 340727 instructions 
Clk3 @ 268000000 Finished 341987 instructions 
Clk3 @ 269000000 Finished 343222 instructions 
Clk3 @ 270000000 Finished 344507 instructions 
Sampling stash size at 344999 req has local max stash size of: 98
Clk3 @ 271000000 Finished 345787 instructions 
Clk3 @ 272000000 Finished 347047 instructions 
Clk3 @ 273000000 Finished 348326 instructions 
Clk3 @ 274000000 Finished 349607 instructions 
Clk@ 274303963 Working on the # 350000 th memory instruction
Sampling stash size at 349999 req has local max stash size of: 97
Clk7 @ 275000000 Finished 350867 instructions 
Clk3 @ 276000000 Finished 352147 instructions 
Clk3 @ 277000000 Finished 353420 instructions 
Clk3 @ 278000000 Finished 354694 instructions 
Sampling stash size at 354999 req has local max stash size of: 105
Clk3 @ 279000000 Finished 355987 instructions 
Clk3 @ 280000000 Finished 357267 instructions 
Clk7 @ 281000000 Finished 358522 instructions 
Clk3 @ 282000000 Finished 359787 instructions 
Clk@ 282160173 Working on the # 360000 th memory instruction
Sampling stash size at 359999 req has local max stash size of: 97
Clk3 @ 283000000 Finished 361067 instructions 
Clk7 @ 284000000 Finished 362327 instructions 
Clk3 @ 285000000 Finished 363627 instructions 
Clk3 @ 286000000 Finished 364865 instructions 
Sampling stash size at 364999 req has local max stash size of: 98
Clk3 @ 287000000 Finished 366047 instructions 
Clk7 @ 288000000 Finished 367308 instructions 
Clk3 @ 289000000 Finished 368567 instructions 
Clk7 @ 290000000 Finished 369846 instructions 
Clk@ 290126078 Working on the # 370000 th memory instruction
Sampling stash size at 369999 req has local max stash size of: 101
Clk3 @ 291000000 Finished 371127 instructions 
Clk3 @ 292000000 Finished 372387 instructions 
Clk3 @ 293000000 Finished 373607 instructions 
Clk3 @ 294000000 Finished 374883 instructions 
Sampling stash size at 374999 req has local max stash size of: 95
Clk3 @ 295000000 Finished 376187 instructions 
Clk7 @ 296000000 Finished 377441 instructions 
Clk3 @ 297000000 Finished 378707 instructions 
Clk@ 297987132 Working on the # 380000 th memory instruction
Sampling stash size at 379999 req has local max stash size of: 100
Clk7 @ 298000000 Finished 380009 instructions 
Clk3 @ 299000000 Finished 381267 instructions 
Clk7 @ 300000000 Finished 382572 instructions 
Clk3 @ 301000000 Finished 383861 instructions 
Sampling stash size at 384999 req has local max stash size of: 95
Clk3 @ 302000000 Finished 385133 instructions 
Clk3 @ 303000000 Finished 386447 instructions 
Clk3 @ 304000000 Finished 387767 instructions 
Clk3 @ 305000000 Finished 389047 instructions 
Clk@ 305735846 Working on the # 390000 th memory instruction
Sampling stash size at 389999 req has local max stash size of: 99
Clk3 @ 306000000 Finished 390330 instructions 
Clk3 @ 307000000 Finished 391627 instructions 
Clk3 @ 308000000 Finished 392922 instructions 
Clk3 @ 309000000 Finished 394227 instructions 
Sampling stash size at 394999 req has local max stash size of: 99
Clk3 @ 310000000 Finished 395501 instructions 
Clk3 @ 311000000 Finished 396727 instructions 
Clk7 @ 312000000 Finished 398025 instructions 
Clk7 @ 313000000 Finished 399307 instructions 
Clk@ 313530665 Working on the # 400000 th memory instruction
Sampling stash size at 399999 req has local max stash size of: 98
Clk3 @ 314000000 Finished 400592 instructions 
Clk3 @ 315000000 Finished 401910 instructions 
Clk7 @ 316000000 Finished 403213 instructions 
Clk7 @ 317000000 Finished 404472 instructions 
Sampling stash size at 404999 req has local max stash size of: 97
Clk3 @ 318000000 Finished 405767 instructions 
Clk3 @ 319000000 Finished 407067 instructions 
Clk7 @ 320000000 Finished 408328 instructions 
Warm up done after line access count: 409373 out of 818746 (50 %)
Clk3 @ 321000000 Finished 409627 instructions 
Clk@ 321293726 Working on the # 410000 th memory instruction
Sampling stash size at 409999 req has local max stash size of: 98
Clk3 @ 322000000 Finished 410887 instructions 
Clk7 @ 323000000 Finished 412146 instructions 
Clk3 @ 324000000 Finished 413407 instructions 
Clk3 @ 325000000 Finished 414681 instructions 
Sampling stash size at 414999 req has local max stash size of: 100
Clk7 @ 326000000 Finished 415955 instructions 
Clk3 @ 327000000 Finished 417247 instructions 
Clk3 @ 328000000 Finished 418523 instructions 
Clk3 @ 329000000 Finished 419767 instructions 
Clk@ 329177270 Working on the # 420000 th memory instruction
Sampling stash size at 419999 req has local max stash size of: 101
Clk3 @ 330000000 Finished 421047 instructions 
Clk3 @ 331000000 Finished 422327 instructions 
Clk3 @ 332000000 Finished 423607 instructions 
Clk3 @ 333000000 Finished 424888 instructions 
Sampling stash size at 424999 req has local max stash size of: 96
Clk3 @ 334000000 Finished 426163 instructions 
Clk3 @ 335000000 Finished 427368 instructions 
Clk7 @ 335000000 Finished 427368 instructions 
Clk3 @ 336000000 Finished 428667 instructions 
Clk7 @ 337000000 Finished 429935 instructions 
Clk@ 337045066 Working on the # 430000 th memory instruction
Sampling stash size at 429999 req has local max stash size of: 101
Clk3 @ 338000000 Finished 431227 instructions 
Clk3 @ 339000000 Finished 432527 instructions 
Clk7 @ 340000000 Finished 433800 instructions 
Sampling stash size at 434999 req has local max stash size of: 99
Clk3 @ 341000000 Finished 435027 instructions 
Clk3 @ 342000000 Finished 436338 instructions 
Clk3 @ 343000000 Finished 437647 instructions 
Clk3 @ 344000000 Finished 438927 instructions 
Clk@ 344828874 Working on the # 440000 th memory instruction
Sampling stash size at 439999 req has local max stash size of: 95
Clk7 @ 345000000 Finished 440227 instructions 
Clk7 @ 346000000 Finished 441514 instructions 
Clk3 @ 347000000 Finished 442764 instructions 
Clk3 @ 348000000 Finished 444067 instructions 
Sampling stash size at 444999 req has local max stash size of: 96
Clk3 @ 349000000 Finished 445367 instructions 
Clk7 @ 350000000 Finished 446651 instructions 
Clk7 @ 351000000 Finished 447929 instructions 
Clk3 @ 352000000 Finished 449224 instructions 
Clk@ 352616733 Working on the # 450000 th memory instruction
Sampling stash size at 449999 req has local max stash size of: 95
Clk3 @ 353000000 Finished 450501 instructions 
Clk3 @ 354000000 Finished 451760 instructions 
Clk3 @ 355000000 Finished 453038 instructions 
Clk3 @ 356000000 Finished 454307 instructions 
Sampling stash size at 454999 req has local max stash size of: 97
Clk3 @ 357000000 Finished 455587 instructions 
Clk7 @ 358000000 Finished 456863 instructions 
Clk3 @ 359000000 Finished 458087 instructions 
Clk7 @ 360000000 Finished 459367 instructions 
Clk@ 360487279 Working on the # 460000 th memory instruction
Sampling stash size at 459999 req has local max stash size of: 99
Clk3 @ 361000000 Finished 460647 instructions 
Clk3 @ 362000000 Finished 461927 instructions 
Clk3 @ 363000000 Finished 463227 instructions 
Clk3 @ 364000000 Finished 464507 instructions 
Sampling stash size at 464999 req has local max stash size of: 95
Clk3 @ 365000000 Finished 465747 instructions 
Clk3 @ 366000000 Finished 467027 instructions 
Clk3 @ 367000000 Finished 468327 instructions 
Clk3 @ 368000000 Finished 469600 instructions 
Clk@ 368307654 Working on the # 470000 th memory instruction
Sampling stash size at 469999 req has local max stash size of: 106
Clk3 @ 369000000 Finished 470897 instructions 
Clk7 @ 370000000 Finished 472152 instructions 
Clk7 @ 371000000 Finished 473392 instructions 
Clk3 @ 372000000 Finished 474647 instructions 
Sampling stash size at 474999 req has local max stash size of: 101
Clk7 @ 373000000 Finished 475897 instructions 
Clk3 @ 374000000 Finished 477147 instructions 
Clk7 @ 375000000 Finished 478427 instructions 
Clk3 @ 376000000 Finished 479687 instructions 
Clk@ 376253966 Working on the # 480000 th memory instruction
Sampling stash size at 479999 req has local max stash size of: 95
Clk7 @ 377000000 Finished 480913 instructions 
Clk3 @ 378000000 Finished 482147 instructions 
Clk3 @ 379000000 Finished 483387 instructions 
Clk3 @ 380000000 Finished 484620 instructions 
Sampling stash size at 484999 req has local max stash size of: 101
Clk3 @ 381000000 Finished 485847 instructions 
Clk3 @ 382000000 Finished 487064 instructions 
Clk3 @ 383000000 Finished 488207 instructions 
Clk3 @ 384000000 Finished 489384 instructions 
Clk@ 384504226 Working on the # 490000 th memory instruction
Sampling stash size at 489999 req has local max stash size of: 95
Clk3 @ 385000000 Finished 490602 instructions 
Clk7 @ 386000000 Finished 491810 instructions 
Clk3 @ 387000000 Finished 493047 instructions 
Clk3 @ 388000000 Finished 494287 instructions 
Sampling stash size at 494999 req has local max stash size of: 96
Clk3 @ 389000000 Finished 495427 instructions 
Clk3 @ 390000000 Finished 496667 instructions 
Clk3 @ 391000000 Finished 497923 instructions 
Clk3 @ 392000000 Finished 499164 instructions 
Clk@ 392666205 Working on the # 500000 th memory instruction
Sampling stash size at 499999 req has local max stash size of: 98
Clk3 @ 393000000 Finished 500407 instructions 
Clk3 @ 394000000 Finished 501647 instructions 
Clk3 @ 395000000 Finished 502913 instructions 
Clk3 @ 396000000 Finished 504182 instructions 
Sampling stash size at 504999 req has local max stash size of: 101
Clk3 @ 397000000 Finished 505447 instructions 
Clk7 @ 398000000 Finished 506720 instructions 
Clk3 @ 399000000 Finished 508001 instructions 
Clk3 @ 400000000 Finished 509267 instructions 
Clk@ 400573983 Working on the # 510000 th memory instruction
Sampling stash size at 509999 req has local max stash size of: 100
Clk3 @ 401000000 Finished 510527 instructions 
Clk3 @ 402000000 Finished 511787 instructions 
Clk3 @ 403000000 Finished 513083 instructions 
Clk7 @ 403000000 Finished 513083 instructions 
Clk3 @ 404000000 Finished 514367 instructions 
Sampling stash size at 514999 req has local max stash size of: 103
Clk7 @ 405000000 Finished 515627 instructions 
Clk3 @ 406000000 Finished 516906 instructions 
Clk3 @ 407000000 Finished 518167 instructions 
Clk3 @ 408000000 Finished 519427 instructions 
Clk@ 408451493 Working on the # 520000 th memory instruction
Sampling stash size at 519999 req has local max stash size of: 104
Clk7 @ 409000000 Finished 520690 instructions 
Clk3 @ 410000000 Finished 521983 instructions 
Clk3 @ 411000000 Finished 523267 instructions 
Clk3 @ 412000000 Finished 524567 instructions 
Sampling stash size at 524999 req has local max stash size of: 101
Clk3 @ 413000000 Finished 525820 instructions 
Clk3 @ 414000000 Finished 527097 instructions 
Clk3 @ 415000000 Finished 528387 instructions 
Clk7 @ 416000000 Finished 529682 instructions 
Clk@ 416246649 Working on the # 530000 th memory instruction
Sampling stash size at 529999 req has local max stash size of: 98
Clk3 @ 417000000 Finished 530983 instructions 
Clk3 @ 418000000 Finished 532247 instructions 
Clk7 @ 419000000 Finished 533521 instructions 
Clk3 @ 420000000 Finished 534831 instructions 
Sampling stash size at 534999 req has local max stash size of: 101
Clk3 @ 421000000 Finished 536127 instructions 
Clk3 @ 422000000 Finished 537407 instructions 
Clk3 @ 423000000 Finished 538723 instructions 
Clk@ 423968912 Working on the # 540000 th memory instruction
Sampling stash size at 539999 req has local max stash size of: 102
Clk7 @ 424000000 Finished 540042 instructions 
Clk7 @ 425000000 Finished 541302 instructions 
Clk3 @ 426000000 Finished 542627 instructions 
Clk3 @ 427000000 Finished 543941 instructions 
Sampling stash size at 544999 req has local max stash size of: 101
Clk3 @ 428000000 Finished 545227 instructions 
Clk3 @ 429000000 Finished 546507 instructions 
Clk3 @ 430000000 Finished 547804 instructions 
Clk3 @ 431000000 Finished 549007 instructions 
Clk@ 431775667 Working on the # 550000 th memory instruction
Sampling stash size at 549999 req has local max stash size of: 97
Clk3 @ 432000000 Finished 550287 instructions 
Clk3 @ 433000000 Finished 551566 instructions 
Clk3 @ 434000000 Finished 552841 instructions 
Clk7 @ 435000000 Finished 554161 instructions 
Sampling stash size at 554999 req has local max stash size of: 96
Clk3 @ 436000000 Finished 555481 instructions 
Clk3 @ 437000000 Finished 556707 instructions 
Clk3 @ 438000000 Finished 558007 instructions 
Clk3 @ 439000000 Finished 559327 instructions 
Clk@ 439498086 Working on the # 560000 th memory instruction
Sampling stash size at 559999 req has local max stash size of: 97
Clk7 @ 440000000 Finished 560659 instructions 
Clk3 @ 441000000 Finished 561967 instructions 
Clk3 @ 442000000 Finished 563247 instructions 
Clk3 @ 443000000 Finished 564487 instructions 
Sampling stash size at 564999 req has local max stash size of: 99
Clk7 @ 444000000 Finished 565817 instructions 
Clk7 @ 445000000 Finished 567129 instructions 
Clk3 @ 446000000 Finished 568463 instructions 
Clk7 @ 447000000 Finished 569738 instructions 
Clk@ 447202493 Working on the # 570000 th memory instruction
Sampling stash size at 569999 req has local max stash size of: 106
Clk7 @ 448000000 Finished 571043 instructions 
Clk7 @ 449000000 Finished 572319 instructions 
Clk7 @ 450000000 Finished 573606 instructions 
Clk7 @ 451000000 Finished 574878 instructions 
Sampling stash size at 574999 req has local max stash size of: 99
Clk7 @ 452000000 Finished 576134 instructions 
Clk3 @ 453000000 Finished 577407 instructions 
Clk7 @ 454000000 Finished 578676 instructions 
Clk3 @ 455000000 Finished 579927 instructions 
Clk@ 455055731 Working on the # 580000 th memory instruction
Sampling stash size at 579999 req has local max stash size of: 96
Clk3 @ 456000000 Finished 581207 instructions 
Clk3 @ 457000000 Finished 582520 instructions 
Clk3 @ 458000000 Finished 583809 instructions 
Sampling stash size at 584999 req has local max stash size of: 98
Clk3 @ 459000000 Finished 585127 instructions 
Clk7 @ 460000000 Finished 586436 instructions 
Clk3 @ 461000000 Finished 587687 instructions 
Clk3 @ 462000000 Finished 588993 instructions 
Clk@ 462768474 Working on the # 590000 th memory instruction
Sampling stash size at 589999 req has local max stash size of: 97
Clk3 @ 463000000 Finished 590301 instructions 
Clk3 @ 464000000 Finished 591627 instructions 
Clk7 @ 465000000 Finished 592943 instructions 
Clk3 @ 466000000 Finished 594191 instructions 
Sampling stash size at 594999 req has local max stash size of: 100
Clk3 @ 467000000 Finished 595465 instructions 
Clk3 @ 468000000 Finished 596746 instructions 
Clk3 @ 469000000 Finished 598026 instructions 
Clk7 @ 470000000 Finished 599328 instructions 
Clk@ 470514467 Working on the # 600000 th memory instruction
Sampling stash size at 599999 req has local max stash size of: 98
Clk3 @ 471000000 Finished 600623 instructions 
Clk3 @ 472000000 Finished 601907 instructions 
Clk3 @ 473000000 Finished 603167 instructions 
Clk3 @ 474000000 Finished 604467 instructions 
Sampling stash size at 604999 req has local max stash size of: 103
Clk3 @ 475000000 Finished 605738 instructions 
Clk3 @ 476000000 Finished 606987 instructions 
Clk3 @ 477000000 Finished 608253 instructions 
Clk3 @ 478000000 Finished 609507 instructions 
Clk@ 478430356 Working on the # 610000 th memory instruction
Sampling stash size at 609999 req has local max stash size of: 103
Clk3 @ 479000000 Finished 610685 instructions 
Clk3 @ 480000000 Finished 611922 instructions 
Clk3 @ 481000000 Finished 613196 instructions 
Clk3 @ 482000000 Finished 614427 instructions 
Sampling stash size at 614999 req has local max stash size of: 99
Clk3 @ 483000000 Finished 615707 instructions 
Clk3 @ 484000000 Finished 616987 instructions 
Clk3 @ 485000000 Finished 618201 instructions 
Clk3 @ 486000000 Finished 619467 instructions 
Clk@ 486405845 Working on the # 620000 th memory instruction
Sampling stash size at 619999 req has local max stash size of: 102
Clk3 @ 487000000 Finished 620767 instructions 
Clk7 @ 488000000 Finished 622074 instructions 
Clk3 @ 489000000 Finished 623380 instructions 
Clk3 @ 490000000 Finished 624667 instructions 
Sampling stash size at 624999 req has local max stash size of: 101
Clk3 @ 491000000 Finished 625927 instructions 
Clk7 @ 492000000 Finished 627227 instructions 
Clk7 @ 493000000 Finished 628547 instructions 
Clk3 @ 494000000 Finished 629865 instructions 
Clk@ 494106833 Working on the # 630000 th memory instruction
Sampling stash size at 629999 req has local max stash size of: 98
Clk7 @ 495000000 Finished 631154 instructions 
Clk3 @ 496000000 Finished 632457 instructions 
Clk7 @ 497000000 Finished 633735 instructions 
Sampling stash size at 634999 req has local max stash size of: 98
Clk3 @ 498000000 Finished 635036 instructions 
Clk3 @ 499000000 Finished 636323 instructions 
Clk3 @ 500000000 Finished 637627 instructions 
Clk3 @ 501000000 Finished 638918 instructions 
Clk@ 501832397 Working on the # 640000 th memory instruction
Sampling stash size at 639999 req has local max stash size of: 99
Clk3 @ 502000000 Finished 640187 instructions 
Clk7 @ 503000000 Finished 641421 instructions 
Clk3 @ 504000000 Finished 642707 instructions 
Clk3 @ 505000000 Finished 643985 instructions 
Sampling stash size at 644999 req has local max stash size of: 103
Clk3 @ 506000000 Finished 645275 instructions 
Clk3 @ 507000000 Finished 646559 instructions 
Clk3 @ 508000000 Finished 647827 instructions 
Clk7 @ 509000000 Finished 649080 instructions 
Clk@ 509716958 Working on the # 650000 th memory instruction
Sampling stash size at 649999 req has local max stash size of: 100
Clk7 @ 510000000 Finished 650350 instructions 
Clk7 @ 511000000 Finished 651617 instructions 
Clk3 @ 512000000 Finished 652907 instructions 
Clk7 @ 513000000 Finished 654191 instructions 
Sampling stash size at 654999 req has local max stash size of: 101
Clk7 @ 514000000 Finished 655446 instructions 
Clk3 @ 515000000 Finished 656662 instructions 
Clk3 @ 516000000 Finished 657907 instructions 
Clk3 @ 517000000 Finished 659147 instructions 
Clk@ 517689030 Working on the # 660000 th memory instruction
Sampling stash size at 659999 req has local max stash size of: 101
Clk3 @ 518000000 Finished 660387 instructions 
Clk3 @ 519000000 Finished 661622 instructions 
Clk7 @ 520000000 Finished 662878 instructions 
Clk3 @ 521000000 Finished 664110 instructions 
Sampling stash size at 664999 req has local max stash size of: 101
Clk7 @ 522000000 Finished 665366 instructions 
Clk7 @ 523000000 Finished 666608 instructions 
Clk3 @ 524000000 Finished 667867 instructions 
Clk7 @ 525000000 Finished 669120 instructions 
Clk@ 525710132 Working on the # 670000 th memory instruction
Sampling stash size at 669999 req has local max stash size of: 99
Clk3 @ 526000000 Finished 670347 instructions 
Clk7 @ 527000000 Finished 671555 instructions 
Clk3 @ 528000000 Finished 672821 instructions 
Clk3 @ 529000000 Finished 674104 instructions 
Sampling stash size at 674999 req has local max stash size of: 103
Clk7 @ 530000000 Finished 675367 instructions 
Clk3 @ 531000000 Finished 676647 instructions 
Clk7 @ 532000000 Finished 677935 instructions 
Clk3 @ 533000000 Finished 679207 instructions 
Clk@ 533600908 Working on the # 680000 th memory instruction
Sampling stash size at 679999 req has local max stash size of: 99
Clk3 @ 534000000 Finished 680510 instructions 
Clk3 @ 535000000 Finished 681803 instructions 
Clk3 @ 536000000 Finished 683073 instructions 
Clk3 @ 537000000 Finished 684362 instructions 
Sampling stash size at 684999 req has local max stash size of: 103
Clk3 @ 538000000 Finished 685607 instructions 
Clk3 @ 539000000 Finished 686842 instructions 
Clk3 @ 540000000 Finished 688144 instructions 
Clk7 @ 541000000 Finished 689457 instructions 
Clk@ 541428662 Working on the # 690000 th memory instruction
Sampling stash size at 689999 req has local max stash size of: 102
Clk3 @ 542000000 Finished 690747 instructions 
Clk3 @ 543000000 Finished 692043 instructions 
Clk3 @ 544000000 Finished 693327 instructions 
Clk3 @ 545000000 Finished 694583 instructions 
Sampling stash size at 694999 req has local max stash size of: 98
Clk3 @ 546000000 Finished 695867 instructions 
Clk7 @ 547000000 Finished 697153 instructions 
Clk3 @ 548000000 Finished 698413 instructions 
Clk3 @ 549000000 Finished 699697 instructions 
Clk@ 549240339 Working on the # 700000 th memory instruction
Sampling stash size at 699999 req has local max stash size of: 105
Clk7 @ 550000000 Finished 700929 instructions 
Clk3 @ 551000000 Finished 702165 instructions 
Clk3 @ 552000000 Finished 703447 instructions 
Clk3 @ 553000000 Finished 704727 instructions 
Sampling stash size at 704999 req has local max stash size of: 102
Clk7 @ 554000000 Finished 705984 instructions 
Clk3 @ 555000000 Finished 707267 instructions 
Clk3 @ 556000000 Finished 708548 instructions 
Clk7 @ 557000000 Finished 709831 instructions 
Clk@ 557123700 Working on the # 710000 th memory instruction
Sampling stash size at 709999 req has local max stash size of: 107
Clk3 @ 558000000 Finished 711127 instructions 
Clk3 @ 559000000 Finished 712422 instructions 
Clk3 @ 560000000 Finished 713707 instructions 
Clk3 @ 561000000 Finished 714987 instructions 
Sampling stash size at 714999 req has local max stash size of: 106
Clk3 @ 562000000 Finished 716227 instructions 
Clk3 @ 563000000 Finished 717447 instructions 
Clk7 @ 564000000 Finished 718721 instructions 
Clk3 @ 565000000 Finished 719993 instructions 
Clk@ 565001498 Working on the # 720000 th memory instruction
Sampling stash size at 719999 req has local max stash size of: 112
Clk3 @ 566000000 Finished 721267 instructions 
Clk3 @ 567000000 Finished 722547 instructions 
Clk3 @ 568000000 Finished 723807 instructions 
Sampling stash size at 724999 req has local max stash size of: 107
Clk7 @ 569000000 Finished 725067 instructions 
Clk3 @ 570000000 Finished 726347 instructions 
Clk3 @ 571000000 Finished 727607 instructions 
Clk3 @ 572000000 Finished 728831 instructions 
Clk@ 572948856 Working on the # 730000 th memory instruction
Sampling stash size at 729999 req has local max stash size of: 106
Clk7 @ 573000000 Finished 730064 instructions 
Clk3 @ 574000000 Finished 731262 instructions 
Clk3 @ 575000000 Finished 732427 instructions 
Clk3 @ 576000000 Finished 733667 instructions 
Clk3 @ 577000000 Finished 734949 instructions 
Sampling stash size at 734999 req has local max stash size of: 110
Clk3 @ 578000000 Finished 736221 instructions 
Clk3 @ 579000000 Finished 737463 instructions 
Clk7 @ 580000000 Finished 738724 instructions 
Clk@ 580997275 Working on the # 740000 th memory instruction
Clk7 @ 581000000 Finished 740003 instructions 
Sampling stash size at 739999 req has local max stash size of: 105
Clk7 @ 582000000 Finished 741270 instructions 
Clk3 @ 583000000 Finished 742567 instructions 
Clk3 @ 584000000 Finished 743827 instructions 
Sampling stash size at 744999 req has local max stash size of: 101
Clk3 @ 585000000 Finished 745067 instructions 
Clk3 @ 586000000 Finished 746287 instructions 
Clk3 @ 587000000 Finished 747487 instructions 
Clk3 @ 588000000 Finished 748767 instructions 
Clk@ 588951377 Working on the # 750000 th memory instruction
Sampling stash size at 749999 req has local max stash size of: 100
Clk3 @ 589000000 Finished 750062 instructions 
Clk3 @ 590000000 Finished 751346 instructions 
Clk3 @ 591000000 Finished 752641 instructions 
Clk3 @ 592000000 Finished 753907 instructions 
Sampling stash size at 754999 req has local max stash size of: 105
Clk3 @ 593000000 Finished 755167 instructions 
Clk3 @ 594000000 Finished 756467 instructions 
Clk3 @ 595000000 Finished 757747 instructions 
Clk3 @ 596000000 Finished 759044 instructions 
Clk@ 596721832 Working on the # 760000 th memory instruction
Sampling stash size at 759999 req has local max stash size of: 106
Clk3 @ 597000000 Finished 760347 instructions 
Clk7 @ 598000000 Finished 761612 instructions 
Clk3 @ 599000000 Finished 762850 instructions 
Clk3 @ 600000000 Finished 764167 instructions 
Sampling stash size at 764999 req has local max stash size of: 111
Clk3 @ 601000000 Finished 765487 instructions 
Clk7 @ 602000000 Finished 766787 instructions 
Clk3 @ 603000000 Finished 768067 instructions 
Clk3 @ 604000000 Finished 769367 instructions 
Clk@ 604509366 Working on the # 770000 th memory instruction
Sampling stash size at 769999 req has local max stash size of: 107
Clk3 @ 605000000 Finished 770627 instructions 
Clk3 @ 606000000 Finished 771947 instructions 
Clk7 @ 607000000 Finished 773264 instructions 
Clk3 @ 608000000 Finished 774547 instructions 
Sampling stash size at 774999 req has local max stash size of: 101
Clk3 @ 609000000 Finished 775862 instructions 
Clk3 @ 610000000 Finished 777145 instructions 
Clk3 @ 611000000 Finished 778396 instructions 
Clk7 @ 612000000 Finished 779650 instructions 
Clk@ 612263355 Working on the # 780000 th memory instruction
Sampling stash size at 779999 req has local max stash size of: 101
Clk3 @ 613000000 Finished 780944 instructions 
Clk3 @ 614000000 Finished 782247 instructions 
Clk3 @ 615000000 Finished 783524 instructions 
Clk3 @ 616000000 Finished 784802 instructions 
Sampling stash size at 784999 req has local max stash size of: 102
Clk3 @ 617000000 Finished 786067 instructions 
Clk7 @ 618000000 Finished 787355 instructions 
Clk7 @ 619000000 Finished 788637 instructions 
Clk3 @ 620000000 Finished 789907 instructions 
Clk@ 620071421 Working on the # 790000 th memory instruction
Sampling stash size at 789999 req has local max stash size of: 105
Clk3 @ 621000000 Finished 791187 instructions 
Clk3 @ 622000000 Finished 792446 instructions 
Clk3 @ 623000000 Finished 793665 instructions 
Clk7 @ 624000000 Finished 794944 instructions 
Sampling stash size at 794999 req has local max stash size of: 112
Clk3 @ 625000000 Finished 796262 instructions 
Clk7 @ 626000000 Finished 797553 instructions 
Clk3 @ 627000000 Finished 798828 instructions 
Clk@ 627888540 Working on the # 800000 th memory instruction
Sampling stash size at 799999 req has local max stash size of: 104
Clk7 @ 628000000 Finished 800134 instructions 
Clk3 @ 629000000 Finished 801434 instructions 
Clk3 @ 630000000 Finished 802747 instructions 
Clk3 @ 631000000 Finished 804067 instructions 
Sampling stash size at 804999 req has local max stash size of: 101
Clk3 @ 632000000 Finished 805367 instructions 
Clk3 @ 633000000 Finished 806687 instructions 
Clk7 @ 634000000 Finished 807934 instructions 
Clk3 @ 635000000 Finished 809201 instructions 
Clk@ 635629074 Working on the # 810000 th memory instruction
Sampling stash size at 809999 req has local max stash size of: 97
Clk7 @ 636000000 Finished 810467 instructions 
Clk3 @ 637000000 Finished 811758 instructions 
Clk3 @ 638000000 Finished 813067 instructions 
Clk3 @ 639000000 Finished 814361 instructions 
Sampling stash size at 814999 req has local max stash size of: 100
Clk3 @ 640000000 Finished 815624 instructions 
Clk3 @ 641000000 Finished 816887 instructions 
Clk3 @ 642000000 Finished 818187 instructions 

===*** Data ***====
Stall reason distribution: 
mc_hazard: 0
normal: 0
rs_hazard: 0
rw_swtich: 0
Early reshuffle distribution: 
0: 0
1: 0
2: 0
3: 0
4: 1444
5: 3007
6: 3065
7: 3168
8: 3216
9: 3119
10: 3016
11: 2979
12: 2806
13: 2608
14: 2157
15: 1117
16: 7
17: 0
18: 0
19: 0
20: 0
21: 0
22: 0
=================
Max stash size is: 112
Average stash size is: 47.889
Average mem q size is: 110.015
Total mem q size is:57698552
mem_q_sample_times is:524460
useful_read_pull_ddr: 185153 (0.589697) %
dummy_read_pull_ddr: 7388144 (23.5306) %
useful_early_pull_ddr: 271710 (0.865375) %
useful_early_push_ddr: 51638 (0.164463) %
useful_write_pull_ddr: 6003386 (19.1203) %
useful_write_push_ddr: 1220989 (3.88875) %
dummy_early_pull_ddr: 23716 (0.0755336) %
dummy_early_push_ddr: 695616 (2.21548) %
dummy_write_pull_ddr: 55430 (0.17654) %
dummy_write_push_ddr: 15502184 (49.3732) %
=================
Stash violation number of times: 0
=================
Check NodeID traffic: 4387397
Update NodeID traffic: 8
=================
Read RS lines: 818746 (84.9288) %
Write RS lines: 81874 (8.49282) %
Early RS lines: 63418 (6.57837) %
Read DDR lines: 15145943 (24.5353) %
Write DDR lines: 44682706 (72.3827) %
Early DDR lines: 1902540 (3.08198) %

====*** pos1 ***====
Stall reason distribution: 
mc_hazard: 0
normal: 0
rs_hazard: 0
rw_swtich: 0
Early reshuffle distribution: 
0: 0
1: 441
2: 2069
3: 2619
4: 2898
5: 3000
6: 3047
7: 3089
8: 3136
9: 3167
10: 3152
11: 3040
12: 2900
13: 2715
14: 2129
15: 1074
16: 2
17: 0
18: 0
19: 0
=================
Max stash size is: 43
Average stash size is: 15.8453
Average mem q size is: 89.79
Total mem q size is:5941941
mem_q_sample_times is:66176
useful_read_pull_ddr: 67739 (0.118556) %
dummy_read_pull_ddr: 13850943 (24.2418) %
useful_early_pull_ddr: 572078 (1.00125) %
useful_early_push_ddr: 16138 (0.0282446) %
useful_write_pull_ddr: 11100564 (19.4281) %
useful_write_push_ddr: 902415 (1.5794) %
dummy_early_pull_ddr: 39378 (0.0689191) %
dummy_early_push_ddr: 1530486 (2.67865) %
dummy_write_pull_ddr: 34300 (0.0600316) %
dummy_write_push_ddr: 29022532 (50.795) %
=================
Stash violation number of times: 0
=================
Check NodeID traffic: 5761730
Update NodeID traffic: 1
=================
Read RS lines: 818746 (83.7527) %
Write RS lines: 81874 (8.37521) %
Early RS lines: 76956 (7.87212) %
Read DDR lines: 13918682 (24.3604) %
Write DDR lines: 41059811 (71.8626) %
Early DDR lines: 2158080 (3.77706) %

====*** pos2 ***====
Stall reason distribution: 
mc_hazard: 0
normal: 0
rs_hazard: 0
rw_swtich: 0
Early reshuffle distribution: 
0: 0
1: 828
2: 2078
3: 2696
4: 2972
5: 3037
6: 3037
7: 3126
8: 3180
9: 3135
10: 3109
11: 3095
12: 2943
13: 2641
14: 2162
15: 1111
16: 7
=================
Max stash size is: 29
Average stash size is: 12.033
Average mem q size is: 84.4586
Total mem q size is:4375376
mem_q_sample_times is:51805
useful_read_pull_ddr: 23834 (0.0502282) %
dummy_read_pull_ddr: 11438610 (24.1059) %
useful_early_pull_ddr: 578252 (1.21862) %
useful_early_push_ddr: 3853 (0.00811988) %
useful_write_pull_ddr: 9150528 (19.284) %
useful_write_push_ddr: 697464 (1.46985) %
dummy_early_pull_ddr: 38015 (0.0801134) %
dummy_early_push_ddr: 1554940 (3.27691) %
dummy_write_pull_ddr: 19360 (0.0407996) %
dummy_write_push_ddr: 23946610 (50.4655) %
=================
Stash violation number of times: 0
=================
Check NodeID traffic: 2479141
Update NodeID traffic: 0
=================
Read RS lines: 818746 (83.6365) %
Write RS lines: 81874 (8.36359) %
Early RS lines: 78314 (7.99993) %
Read DDR lines: 11462444 (24.1561) %
Write DDR lines: 33813962 (71.2601) %
Early DDR lines: 2175060 (4.58376) %
=================
The final DRAM clk is: 642441405 ticks.
Idle waiting clk is 155127565, which is 24.1466 %
DRAM Frequency is: 1600MHz
The final time in ns is: 4.01526e+08 ns.
Time distribution: 
Data pull time is: 0
data: 0
pos1: 0
pos2: 0
Data distribution: 
Pos2 data: 47451466
Pos1 data: 57136573
Data: 61731189
Node access DDR: 8774794
Pull DDR: 15145943
WB DDR: 44682706
Early DDR: 1902540
Achieved BW is: 58.7404 GB/s
Ideal BW is: 102.4 GB/s
Metadata cache conclusion: 
overall_hit: 11971851 overall_total: 20745969
Cache Size 64 KB Overall Hit rate: 57.7069 %. 
Simulation done. Statistics written to results_all/lbm_output.txt
