Valid leaf ID range: 4194303:8388606
Num of top nodes: 4194304
Data level num of ways: 4194304
Z: 16
S: 27
A: 20
cached_total: 1
cached_total: 3
cached_total: 7
cached_total: 15
cached_total: 31
Total number of ORAM protected cache line blocks: 4194304
Cached number of levels: 4
Max number of levels: 23
Start lvl is: 0
data valid leaf right: 8388607
data num of levels: 23
data level num of ways: 4194304
data number of sets: 1
Cached node ID: 0 -- 23
Address space: 0 - 4 GB
pos1 valid leaf right: 1048575
pos1 num of levels: 20
pos1 level num of ways: 524288
pos1 number of sets: 1
Cached node ID: 0 -- 2
Address space: 0 - 0.5 GB
pos2 valid leaf right: 131071
pos2 num of levels: 17
pos2 level num of ways: 65536
pos2 number of sets: 1
Cached node ID: 0 -- 1
Address space: 0 - 0.0625 GB
new addr: 8df22
(myrs->posMap.find(new_addr) != myrs->posMap.end()): 1
(myrs->posMap[new_addr].pending): 0
myrs->posMap[new_addr] = 581410
#2 ID 0 set true here
Clk3 @ 1000000 Finished 1132 instructions 
Clk3 @ 2000000 Finished 2310 instructions 
Clk7 @ 3000000 Finished 3494 instructions 
Clk3 @ 4000000 Finished 4687 instructions 
Sampling stash size at 4999 req has local max stash size of: 136
Clk3 @ 5000000 Finished 5887 instructions 
Clk7 @ 6000000 Finished 7118 instructions 
Clk3 @ 7000000 Finished 8327 instructions 
Clk7 @ 8000000 Finished 9551 instructions 
Clk@ 8357324 Working on the # 10000 th memory instruction
Sampling stash size at 9999 req has local max stash size of: 144
Clk3 @ 9000000 Finished 10787 instructions 
Clk3 @ 10000000 Finished 12027 instructions 
Clk3 @ 11000000 Finished 13307 instructions 
Clk3 @ 12000000 Finished 14563 instructions 
Sampling stash size at 14999 req has local max stash size of: 153
Clk3 @ 13000000 Finished 15782 instructions 
Clk3 @ 14000000 Finished 17037 instructions 
Clk3 @ 15000000 Finished 18298 instructions 
Clk3 @ 16000000 Finished 19547 instructions 
Clk@ 16355266 Working on the # 20000 th memory instruction
Sampling stash size at 19999 req has local max stash size of: 156
Clk3 @ 17000000 Finished 20807 instructions 
Clk3 @ 18000000 Finished 22060 instructions 
Clk3 @ 19000000 Finished 23327 instructions 
Clk3 @ 20000000 Finished 24622 instructions 
Sampling stash size at 24999 req has local max stash size of: 162
Clk3 @ 21000000 Finished 25901 instructions 
Clk7 @ 22000000 Finished 27156 instructions 
Clk3 @ 23000000 Finished 28428 instructions 
Clk7 @ 24000000 Finished 29707 instructions 
Clk@ 24232074 Working on the # 30000 th memory instruction
Sampling stash size at 29999 req has local max stash size of: 167
Clk7 @ 25000000 Finished 30921 instructions 
Clk7 @ 26000000 Finished 32167 instructions 
Clk3 @ 27000000 Finished 33463 instructions 
Clk3 @ 28000000 Finished 34744 instructions 
Sampling stash size at 34999 req has local max stash size of: 168
Clk3 @ 29000000 Finished 36027 instructions 
Clk3 @ 30000000 Finished 37287 instructions 
Clk7 @ 31000000 Finished 38549 instructions 
Clk7 @ 32000000 Finished 39845 instructions 
Clk@ 32119206 Working on the # 40000 th memory instruction
Sampling stash size at 39999 req has local max stash size of: 174
Clk7 @ 33000000 Finished 41117 instructions 
Clk3 @ 34000000 Finished 42387 instructions 
Clk3 @ 35000000 Finished 43667 instructions 
Clk3 @ 36000000 Finished 44947 instructions 
Sampling stash size at 44999 req has local max stash size of: 174
Clk7 @ 37000000 Finished 46215 instructions 
Clk3 @ 38000000 Finished 47487 instructions 
Clk7 @ 39000000 Finished 48800 instructions 
Clk@ 39930149 Working on the # 50000 th memory instruction
Sampling stash size at 49999 req has local max stash size of: 184
Clk3 @ 40000000 Finished 50087 instructions 
Clk7 @ 41000000 Finished 51388 instructions 
Clk3 @ 42000000 Finished 52681 instructions 
Clk7 @ 43000000 Finished 53976 instructions 
Sampling stash size at 54999 req has local max stash size of: 180
Clk3 @ 44000000 Finished 55267 instructions 
Clk7 @ 45000000 Finished 56574 instructions 
Clk3 @ 46000000 Finished 57867 instructions 
Clk3 @ 47000000 Finished 59167 instructions 
Clk@ 47644481 Working on the # 60000 th memory instruction
Sampling stash size at 59999 req has local max stash size of: 181
Clk3 @ 48000000 Finished 60443 instructions 
Clk3 @ 49000000 Finished 61647 instructions 
Clk3 @ 50000000 Finished 62896 instructions 
Clk7 @ 51000000 Finished 64198 instructions 
Sampling stash size at 64999 req has local max stash size of: 183
Clk3 @ 52000000 Finished 65487 instructions 
Clk3 @ 53000000 Finished 66787 instructions 
Clk3 @ 54000000 Finished 68087 instructions 
Clk3 @ 55000000 Finished 69368 instructions 
Clk7 @ 55000000 Finished 69368 instructions 
Clk@ 55475921 Working on the # 70000 th memory instruction
Sampling stash size at 69999 req has local max stash size of: 187
Clk3 @ 56000000 Finished 70687 instructions 
Clk7 @ 57000000 Finished 71990 instructions 
Clk3 @ 58000000 Finished 73287 instructions 
Clk7 @ 59000000 Finished 74594 instructions 
Sampling stash size at 74999 req has local max stash size of: 185
Clk3 @ 60000000 Finished 75887 instructions 
Clk3 @ 61000000 Finished 77147 instructions 
Clk3 @ 62000000 Finished 78447 instructions 
Clk3 @ 63000000 Finished 79773 instructions 
Clk@ 63168789 Working on the # 80000 th memory instruction
Sampling stash size at 79999 req has local max stash size of: 183
Clk3 @ 64000000 Finished 81067 instructions 
Clk3 @ 65000000 Finished 82347 instructions 
Clk3 @ 66000000 Finished 83607 instructions 
Clk3 @ 67000000 Finished 84867 instructions 
Sampling stash size at 84999 req has local max stash size of: 182
Clk3 @ 68000000 Finished 86127 instructions 
Clk3 @ 69000000 Finished 87421 instructions 
Clk3 @ 70000000 Finished 88687 instructions 
Clk3 @ 71000000 Finished 89961 instructions 
Clk@ 71030896 Working on the # 90000 th memory instruction
Sampling stash size at 89999 req has local max stash size of: 189
Clk3 @ 72000000 Finished 91227 instructions 
Clk3 @ 73000000 Finished 92467 instructions 
Clk3 @ 74000000 Finished 93729 instructions 
Sampling stash size at 94999 req has local max stash size of: 183
Clk3 @ 75000000 Finished 95041 instructions 
Clk3 @ 76000000 Finished 96349 instructions 
Clk3 @ 77000000 Finished 97667 instructions 
Clk3 @ 78000000 Finished 98967 instructions 
Clk@ 78788504 Working on the # 100000 th memory instruction
Sampling stash size at 99999 req has local max stash size of: 193
Clk3 @ 79000000 Finished 100284 instructions 
Clk3 @ 80000000 Finished 101587 instructions 
Clk3 @ 81000000 Finished 102867 instructions 
Clk3 @ 82000000 Finished 104147 instructions 
Sampling stash size at 104999 req has local max stash size of: 186
Clk3 @ 83000000 Finished 105423 instructions 
Clk3 @ 84000000 Finished 106707 instructions 
Clk3 @ 85000000 Finished 108007 instructions 
Clk3 @ 86000000 Finished 109267 instructions 
Clk@ 86556077 Working on the # 110000 th memory instruction
Sampling stash size at 109999 req has local max stash size of: 184
Clk3 @ 87000000 Finished 110567 instructions 
Clk7 @ 88000000 Finished 111880 instructions 
Clk7 @ 89000000 Finished 113168 instructions 
Clk7 @ 90000000 Finished 114459 instructions 
Sampling stash size at 114999 req has local max stash size of: 192
Clk3 @ 91000000 Finished 115767 instructions 
Clk3 @ 92000000 Finished 117041 instructions 
Clk3 @ 93000000 Finished 118308 instructions 
Clk3 @ 94000000 Finished 119587 instructions 
Clk@ 94313560 Working on the # 120000 th memory instruction
Sampling stash size at 119999 req has local max stash size of: 190
Clk3 @ 95000000 Finished 120847 instructions 
Clk3 @ 96000000 Finished 122082 instructions 
Clk3 @ 97000000 Finished 123307 instructions 
Clk3 @ 98000000 Finished 124542 instructions 
Sampling stash size at 124999 req has local max stash size of: 198
Clk3 @ 99000000 Finished 125807 instructions 
Clk3 @ 100000000 Finished 127106 instructions 
Clk3 @ 101000000 Finished 128387 instructions 
Clk3 @ 102000000 Finished 129667 instructions 
Clk@ 102256334 Working on the # 130000 th memory instruction
Sampling stash size at 129999 req has local max stash size of: 187
Clk7 @ 103000000 Finished 130971 instructions 
Clk3 @ 104000000 Finished 132285 instructions 
Clk3 @ 105000000 Finished 133587 instructions 
Clk3 @ 106000000 Finished 134887 instructions 
Sampling stash size at 134999 req has local max stash size of: 188
Clk3 @ 107000000 Finished 136202 instructions 
Clk3 @ 108000000 Finished 137467 instructions 
Clk3 @ 109000000 Finished 138771 instructions 
Clk@ 109938413 Working on the # 140000 th memory instruction
Sampling stash size at 139999 req has local max stash size of: 188
Clk3 @ 110000000 Finished 140080 instructions 
Clk3 @ 111000000 Finished 141387 instructions 
Clk7 @ 112000000 Finished 142697 instructions 
Clk3 @ 113000000 Finished 143987 instructions 
Sampling stash size at 144999 req has local max stash size of: 198
Clk3 @ 114000000 Finished 145247 instructions 
Clk3 @ 115000000 Finished 146567 instructions 
Clk7 @ 116000000 Finished 147866 instructions 
Clk3 @ 117000000 Finished 149181 instructions 
Clk@ 117638661 Working on the # 150000 th memory instruction
Sampling stash size at 149999 req has local max stash size of: 198
Clk3 @ 118000000 Finished 150467 instructions 
Clk3 @ 119000000 Finished 151747 instructions 
Clk7 @ 120000000 Finished 152970 instructions 
Clk3 @ 121000000 Finished 154265 instructions 
Sampling stash size at 154999 req has local max stash size of: 193
Clk3 @ 122000000 Finished 155527 instructions 
Clk3 @ 123000000 Finished 156840 instructions 
Clk3 @ 124000000 Finished 158167 instructions 
Clk3 @ 125000000 Finished 159481 instructions 
Clk@ 125406161 Working on the # 160000 th memory instruction
Sampling stash size at 159999 req has local max stash size of: 200
Clk3 @ 126000000 Finished 160747 instructions 
Clk3 @ 127000000 Finished 162037 instructions 
Clk7 @ 128000000 Finished 163326 instructions 
Clk7 @ 129000000 Finished 164598 instructions 
Sampling stash size at 164999 req has local max stash size of: 196
Clk3 @ 130000000 Finished 165845 instructions 
Clk3 @ 131000000 Finished 167108 instructions 
Clk3 @ 132000000 Finished 168358 instructions 
Clk7 @ 133000000 Finished 169632 instructions 
Clk@ 133284620 Working on the # 170000 th memory instruction
Sampling stash size at 169999 req has local max stash size of: 197
Clk3 @ 134000000 Finished 170907 instructions 
Clk3 @ 135000000 Finished 172167 instructions 
Clk7 @ 136000000 Finished 173437 instructions 
Clk7 @ 137000000 Finished 174719 instructions 
Sampling stash size at 174999 req has local max stash size of: 198
Clk3 @ 138000000 Finished 175987 instructions 
Clk3 @ 139000000 Finished 177247 instructions 
Clk3 @ 140000000 Finished 178541 instructions 
Clk7 @ 141000000 Finished 179798 instructions 
Clk@ 141158211 Working on the # 180000 th memory instruction
Sampling stash size at 179999 req has local max stash size of: 200
Clk3 @ 142000000 Finished 181054 instructions 
Clk3 @ 143000000 Finished 182327 instructions 
Clk3 @ 144000000 Finished 183543 instructions 
Clk3 @ 145000000 Finished 184809 instructions 
Sampling stash size at 184999 req has local max stash size of: 191
Clk3 @ 146000000 Finished 186093 instructions 
Clk3 @ 147000000 Finished 187329 instructions 
Clk3 @ 148000000 Finished 188624 instructions 
Clk7 @ 149000000 Finished 189925 instructions 
Clk@ 149055887 Working on the # 190000 th memory instruction
Sampling stash size at 189999 req has local max stash size of: 200
Clk3 @ 150000000 Finished 191206 instructions 
Clk3 @ 151000000 Finished 192507 instructions 
Clk3 @ 152000000 Finished 193817 instructions 
Sampling stash size at 194999 req has local max stash size of: 201
Clk3 @ 153000000 Finished 195123 instructions 
Clk3 @ 154000000 Finished 196410 instructions 
Clk3 @ 156000000 Finished 198947 instructions 
Clk@ 156794219 Working on the # 200000 th memory instruction
Sampling stash size at 199999 req has local max stash size of: 199
Clk3 @ 157000000 Finished 200267 instructions 
Clk3 @ 158000000 Finished 201573 instructions 
Clk3 @ 159000000 Finished 202864 instructions 
Clk3 @ 160000000 Finished 204147 instructions 
Sampling stash size at 204999 req has local max stash size of: 199
Clk3 @ 161000000 Finished 205427 instructions 
Clk7 @ 162000000 Finished 206687 instructions 
Clk3 @ 163000000 Finished 207967 instructions 
Clk3 @ 164000000 Finished 209247 instructions 
Clk@ 164580532 Working on the # 210000 th memory instruction
Sampling stash size at 209999 req has local max stash size of: 202
Clk7 @ 165000000 Finished 210535 instructions 
Clk3 @ 166000000 Finished 211827 instructions 
Clk7 @ 167000000 Finished 213087 instructions 
Clk3 @ 168000000 Finished 214327 instructions 
Sampling stash size at 214999 req has local max stash size of: 197
Clk3 @ 169000000 Finished 215622 instructions 
Clk3 @ 170000000 Finished 216907 instructions 
Clk3 @ 171000000 Finished 218167 instructions 
Clk3 @ 172000000 Finished 219467 instructions 
Clk@ 172406640 Working on the # 220000 th memory instruction
Sampling stash size at 219999 req has local max stash size of: 203
Clk3 @ 173000000 Finished 220767 instructions 
Clk7 @ 174000000 Finished 222038 instructions 
Clk3 @ 175000000 Finished 223356 instructions 
Clk3 @ 176000000 Finished 224642 instructions 
Sampling stash size at 224999 req has local max stash size of: 200
Clk3 @ 177000000 Finished 225907 instructions 
Clk7 @ 178000000 Finished 227186 instructions 
Clk3 @ 179000000 Finished 228452 instructions 
Clk3 @ 180000000 Finished 229707 instructions 
Clk@ 180219784 Working on the # 230000 th memory instruction
Sampling stash size at 229999 req has local max stash size of: 218
Clk3 @ 181000000 Finished 231015 instructions 
Clk3 @ 182000000 Finished 232307 instructions 
Clk3 @ 183000000 Finished 233567 instructions 
Clk3 @ 184000000 Finished 234863 instructions 
Sampling stash size at 234999 req has local max stash size of: 204
Clk3 @ 185000000 Finished 236145 instructions 
Clk3 @ 186000000 Finished 237407 instructions 
Clk3 @ 187000000 Finished 238687 instructions 
Clk3 @ 188000000 Finished 239948 instructions 
Clk@ 188036674 Working on the # 240000 th memory instruction
Sampling stash size at 239999 req has local max stash size of: 204
Clk3 @ 189000000 Finished 241187 instructions 
Clk3 @ 190000000 Finished 242427 instructions 
Clk7 @ 191000000 Finished 243655 instructions 
Clk7 @ 192000000 Finished 244827 instructions 
Sampling stash size at 244999 req has local max stash size of: 202
Clk7 @ 193000000 Finished 246047 instructions 
Clk3 @ 195000000 Finished 248479 instructions 
Clk3 @ 196000000 Finished 249747 instructions 
Clk@ 196193857 Working on the # 250000 th memory instruction
Sampling stash size at 249999 req has local max stash size of: 199
Clk3 @ 197000000 Finished 251007 instructions 
Clk3 @ 198000000 Finished 252267 instructions 
Clk3 @ 199000000 Finished 253548 instructions 
Clk3 @ 200000000 Finished 254827 instructions 
Sampling stash size at 254999 req has local max stash size of: 205
Clk3 @ 201000000 Finished 256109 instructions 
Clk3 @ 202000000 Finished 257403 instructions 
Clk7 @ 203000000 Finished 258681 instructions 
Clk7 @ 204000000 Finished 259937 instructions 
Clk@ 204047678 Working on the # 260000 th memory instruction
Sampling stash size at 259999 req has local max stash size of: 205
Clk3 @ 205000000 Finished 261243 instructions 
Clk7 @ 206000000 Finished 262555 instructions 
Clk3 @ 207000000 Finished 263845 instructions 
Sampling stash size at 264999 req has local max stash size of: 206
Clk3 @ 208000000 Finished 265138 instructions 
Clk7 @ 209000000 Finished 266432 instructions 
Clk3 @ 210000000 Finished 267727 instructions 
Clk3 @ 211000000 Finished 269027 instructions 
Clk@ 211741554 Working on the # 270000 th memory instruction
Sampling stash size at 269999 req has local max stash size of: 203
Clk7 @ 212000000 Finished 270333 instructions 
Clk3 @ 213000000 Finished 271647 instructions 
Clk3 @ 214000000 Finished 272947 instructions 
Clk3 @ 215000000 Finished 274238 instructions 
Sampling stash size at 274999 req has local max stash size of: 204
Clk3 @ 216000000 Finished 275481 instructions 
Clk3 @ 217000000 Finished 276758 instructions 
Clk7 @ 218000000 Finished 278051 instructions 
Clk3 @ 219000000 Finished 279343 instructions 
Clk@ 219486462 Working on the # 280000 th memory instruction
Sampling stash size at 279999 req has local max stash size of: 215
Clk3 @ 220000000 Finished 280672 instructions 
Clk3 @ 221000000 Finished 281970 instructions 
Clk7 @ 222000000 Finished 283280 instructions 
Clk3 @ 223000000 Finished 284596 instructions 
Sampling stash size at 284999 req has local max stash size of: 207
Clk3 @ 224000000 Finished 285901 instructions 
Clk7 @ 225000000 Finished 287187 instructions 
Clk3 @ 226000000 Finished 288467 instructions 
Clk3 @ 227000000 Finished 289727 instructions 
Clk@ 227215336 Working on the # 290000 th memory instruction
Sampling stash size at 289999 req has local max stash size of: 205
Clk7 @ 228000000 Finished 291022 instructions 
Clk7 @ 229000000 Finished 292331 instructions 
Clk3 @ 230000000 Finished 293607 instructions 
Clk3 @ 231000000 Finished 294914 instructions 
Sampling stash size at 294999 req has local max stash size of: 208
Clk3 @ 232000000 Finished 296227 instructions 
Clk3 @ 233000000 Finished 297518 instructions 
Clk3 @ 234000000 Finished 298807 instructions 
Clk@ 234920346 Working on the # 300000 th memory instruction
Sampling stash size at 299999 req has local max stash size of: 213
Clk3 @ 235000000 Finished 300102 instructions 
Clk3 @ 236000000 Finished 301387 instructions 
Clk3 @ 237000000 Finished 302687 instructions 
Clk3 @ 238000000 Finished 303962 instructions 
Sampling stash size at 304999 req has local max stash size of: 210
Clk3 @ 239000000 Finished 305183 instructions 
Clk3 @ 240000000 Finished 306422 instructions 
Clk3 @ 241000000 Finished 307690 instructions 
Clk3 @ 242000000 Finished 308962 instructions 
Clk@ 242817692 Working on the # 310000 th memory instruction
Sampling stash size at 309999 req has local max stash size of: 206
Clk7 @ 243000000 Finished 310247 instructions 
Clk3 @ 244000000 Finished 311547 instructions 
Clk7 @ 245000000 Finished 312818 instructions 
Clk3 @ 246000000 Finished 314125 instructions 
Sampling stash size at 314999 req has local max stash size of: 212
Clk3 @ 247000000 Finished 315427 instructions 
Clk3 @ 248000000 Finished 316727 instructions 
Clk3 @ 249000000 Finished 318047 instructions 
Clk3 @ 250000000 Finished 319327 instructions 
Clk@ 250528789 Working on the # 320000 th memory instruction
Sampling stash size at 319999 req has local max stash size of: 207
Clk3 @ 251000000 Finished 320567 instructions 
Clk3 @ 252000000 Finished 321861 instructions 
Clk7 @ 253000000 Finished 323147 instructions 
Clk3 @ 254000000 Finished 324435 instructions 
Sampling stash size at 324999 req has local max stash size of: 203
Clk3 @ 255000000 Finished 325747 instructions 
Clk3 @ 256000000 Finished 327027 instructions 
Clk7 @ 257000000 Finished 328286 instructions 
Clk7 @ 258000000 Finished 329532 instructions 
Clk@ 258372368 Working on the # 330000 th memory instruction
Sampling stash size at 329999 req has local max stash size of: 208
Clk7 @ 259000000 Finished 330785 instructions 
Clk3 @ 260000000 Finished 332027 instructions 
Clk7 @ 261000000 Finished 333288 instructions 
Clk7 @ 262000000 Finished 334538 instructions 
Sampling stash size at 334999 req has local max stash size of: 214
Clk3 @ 263000000 Finished 335742 instructions 
Clk3 @ 264000000 Finished 337023 instructions 
Clk3 @ 265000000 Finished 338284 instructions 
Clk3 @ 266000000 Finished 339547 instructions 
Clk@ 266337052 Working on the # 340000 th memory instruction
Sampling stash size at 339999 req has local max stash size of: 211
Clk3 @ 267000000 Finished 340847 instructions 
Clk3 @ 268000000 Finished 342116 instructions 
Clk3 @ 269000000 Finished 343347 instructions 
Clk7 @ 270000000 Finished 344647 instructions 
Sampling stash size at 344999 req has local max stash size of: 206
Clk3 @ 271000000 Finished 345927 instructions 
Clk3 @ 272000000 Finished 347183 instructions 
Clk3 @ 273000000 Finished 348467 instructions 
Clk7 @ 274000000 Finished 349753 instructions 
Clk@ 274190686 Working on the # 350000 th memory instruction
Sampling stash size at 349999 req has local max stash size of: 206
Clk3 @ 275000000 Finished 351008 instructions 
Clk3 @ 276000000 Finished 352301 instructions 
Clk3 @ 277000000 Finished 353567 instructions 
Clk3 @ 278000000 Finished 354843 instructions 
Sampling stash size at 354999 req has local max stash size of: 209
Clk3 @ 279000000 Finished 356147 instructions 
Clk3 @ 280000000 Finished 357407 instructions 
Clk3 @ 281000000 Finished 358627 instructions 
Clk7 @ 282000000 Finished 359907 instructions 
Clk@ 282064926 Working on the # 360000 th memory instruction
Sampling stash size at 359999 req has local max stash size of: 214
Clk7 @ 283000000 Finished 361204 instructions 
Clk3 @ 284000000 Finished 362462 instructions 
Clk3 @ 285000000 Finished 363727 instructions 
Clk7 @ 286000000 Finished 364965 instructions 
Sampling stash size at 364999 req has local max stash size of: 206
Clk3 @ 287000000 Finished 366127 instructions 
Clk3 @ 288000000 Finished 367407 instructions 
Clk3 @ 289000000 Finished 368667 instructions 
Clk3 @ 290000000 Finished 369941 instructions 
Clk@ 290045993 Working on the # 370000 th memory instruction
Sampling stash size at 369999 req has local max stash size of: 206
Clk7 @ 291000000 Finished 371224 instructions 
Clk3 @ 292000000 Finished 372503 instructions 
Clk3 @ 293000000 Finished 373707 instructions 
Sampling stash size at 374999 req has local max stash size of: 206
Clk3 @ 294000000 Finished 375008 instructions 
Clk3 @ 295000000 Finished 376327 instructions 
Clk7 @ 296000000 Finished 377589 instructions 
Clk3 @ 297000000 Finished 378887 instructions 
Clk@ 297855686 Working on the # 380000 th memory instruction
Sampling stash size at 379999 req has local max stash size of: 211
Clk7 @ 298000000 Finished 380169 instructions 
Clk7 @ 299000000 Finished 381437 instructions 
Clk3 @ 300000000 Finished 382756 instructions 
Clk3 @ 301000000 Finished 384062 instructions 
Sampling stash size at 384999 req has local max stash size of: 213
Clk3 @ 302000000 Finished 385347 instructions 
Clk3 @ 303000000 Finished 386667 instructions 
Clk7 @ 304000000 Finished 387987 instructions 
Clk3 @ 305000000 Finished 389249 instructions 
Clk@ 305578088 Working on the # 390000 th memory instruction
Sampling stash size at 389999 req has local max stash size of: 211
Clk7 @ 306000000 Finished 390529 instructions 
Clk3 @ 307000000 Finished 391836 instructions 
Clk7 @ 308000000 Finished 393121 instructions 
Clk7 @ 309000000 Finished 394400 instructions 
Sampling stash size at 394999 req has local max stash size of: 213
Clk3 @ 310000000 Finished 395667 instructions 
Clk3 @ 311000000 Finished 396893 instructions 
Clk3 @ 312000000 Finished 398167 instructions 
Clk3 @ 313000000 Finished 399467 instructions 
Clk@ 313397064 Working on the # 400000 th memory instruction
Sampling stash size at 399999 req has local max stash size of: 222
Clk3 @ 314000000 Finished 400783 instructions 
Clk3 @ 315000000 Finished 402103 instructions 
Clk3 @ 316000000 Finished 403407 instructions 
Clk3 @ 317000000 Finished 404647 instructions 
Sampling stash size at 404999 req has local max stash size of: 210
Clk3 @ 318000000 Finished 405942 instructions 
Clk3 @ 319000000 Finished 407227 instructions 
Clk7 @ 320000000 Finished 408519 instructions 
Clk3 @ 321000000 Finished 409787 instructions 
Clk@ 321165674 Working on the # 410000 th memory instruction
Sampling stash size at 409999 req has local max stash size of: 207
Clk3 @ 322000000 Finished 411060 instructions 
Clk3 @ 323000000 Finished 412324 instructions 
Clk3 @ 324000000 Finished 413587 instructions 
Clk7 @ 325000000 Finished 414869 instructions 
Sampling stash size at 414999 req has local max stash size of: 211
Clk7 @ 326000000 Finished 416163 instructions 
Clk3 @ 327000000 Finished 417467 instructions 
Clk3 @ 328000000 Finished 418747 instructions 
Clk@ 328994042 Working on the # 420000 th memory instruction
Sampling stash size at 419999 req has local max stash size of: 212
Clk3 @ 329000000 Finished 420007 instructions 
Clk7 @ 330000000 Finished 421285 instructions 
Clk3 @ 331000000 Finished 422567 instructions 
Clk3 @ 332000000 Finished 423847 instructions 
Sampling stash size at 424999 req has local max stash size of: 208
Clk3 @ 333000000 Finished 425127 instructions 
Clk3 @ 334000000 Finished 426387 instructions 
Clk3 @ 335000000 Finished 427588 instructions 
Clk3 @ 336000000 Finished 428867 instructions 
Clk@ 336871766 Working on the # 430000 th memory instruction
Sampling stash size at 429999 req has local max stash size of: 206
Clk7 @ 337000000 Finished 430161 instructions 
Clk7 @ 338000000 Finished 431447 instructions 
Clk3 @ 339000000 Finished 432727 instructions 
Clk3 @ 340000000 Finished 433987 instructions 
Sampling stash size at 434999 req has local max stash size of: 217
Clk3 @ 341000000 Finished 435227 instructions 
Clk3 @ 342000000 Finished 436527 instructions 
Clk3 @ 343000000 Finished 437834 instructions 
Clk3 @ 344000000 Finished 439107 instructions 
Clk@ 344681570 Working on the # 440000 th memory instruction
Sampling stash size at 439999 req has local max stash size of: 215
Clk3 @ 345000000 Finished 440407 instructions 
Clk7 @ 346000000 Finished 441683 instructions 
Clk7 @ 347000000 Finished 442943 instructions 
Clk3 @ 348000000 Finished 444243 instructions 
Sampling stash size at 444999 req has local max stash size of: 208
Clk3 @ 349000000 Finished 445547 instructions 
Clk7 @ 350000000 Finished 446827 instructions 
Clk3 @ 351000000 Finished 448107 instructions 
Clk3 @ 352000000 Finished 449398 instructions 
Clk@ 352476962 Working on the # 450000 th memory instruction
Sampling stash size at 449999 req has local max stash size of: 212
Clk3 @ 353000000 Finished 450667 instructions 
Clk3 @ 354000000 Finished 451937 instructions 
Clk3 @ 355000000 Finished 453227 instructions 
Clk3 @ 356000000 Finished 454492 instructions 
Sampling stash size at 454999 req has local max stash size of: 220
Clk3 @ 357000000 Finished 455767 instructions 
Clk3 @ 358000000 Finished 457047 instructions 
Clk3 @ 359000000 Finished 458287 instructions 
Clk3 @ 360000000 Finished 459567 instructions 
Clk@ 360330289 Working on the # 460000 th memory instruction
Sampling stash size at 459999 req has local max stash size of: 218
Clk7 @ 361000000 Finished 460859 instructions 
Clk3 @ 362000000 Finished 462147 instructions 
Clk3 @ 363000000 Finished 463467 instructions 
Clk3 @ 364000000 Finished 464747 instructions 
Sampling stash size at 464999 req has local max stash size of: 216
Clk3 @ 365000000 Finished 466007 instructions 
Clk7 @ 366000000 Finished 467302 instructions 
Clk3 @ 367000000 Finished 468601 instructions 
Clk7 @ 368000000 Finished 469870 instructions 
Clk@ 368090908 Working on the # 470000 th memory instruction
Sampling stash size at 469999 req has local max stash size of: 226
Clk3 @ 369000000 Finished 471167 instructions 
Clk3 @ 370000000 Finished 472407 instructions 
Clk7 @ 371000000 Finished 473659 instructions 
Clk7 @ 372000000 Finished 474927 instructions 
Sampling stash size at 474999 req has local max stash size of: 216
Clk7 @ 373000000 Finished 476188 instructions 
Clk3 @ 374000000 Finished 477467 instructions 
Clk3 @ 375000000 Finished 478747 instructions 
Clk3 @ 376000000 Finished 479990 instructions 
Clk@ 376002484 Working on the # 480000 th memory instruction
Sampling stash size at 479999 req has local max stash size of: 216
Clk3 @ 377000000 Finished 481247 instructions 
Clk3 @ 378000000 Finished 482481 instructions 
Clk3 @ 379000000 Finished 483727 instructions 
Clk3 @ 380000000 Finished 484947 instructions 
Sampling stash size at 484999 req has local max stash size of: 204
Clk3 @ 381000000 Finished 486167 instructions 
Clk7 @ 382000000 Finished 487373 instructions 
Clk7 @ 383000000 Finished 488508 instructions 
Clk3 @ 384000000 Finished 489707 instructions 
Clk@ 384244500 Working on the # 490000 th memory instruction
Sampling stash size at 489999 req has local max stash size of: 215
Clk3 @ 385000000 Finished 490915 instructions 
Clk3 @ 386000000 Finished 492127 instructions 
Clk3 @ 387000000 Finished 493367 instructions 
Clk3 @ 388000000 Finished 494587 instructions 
Sampling stash size at 494999 req has local max stash size of: 216
Clk3 @ 389000000 Finished 495741 instructions 
Clk3 @ 390000000 Finished 496981 instructions 
Clk3 @ 391000000 Finished 498236 instructions 
Clk7 @ 392000000 Finished 499482 instructions 
Clk@ 392399510 Working on the # 500000 th memory instruction
Warm up done after line access count: 500000 out of 1000000 (50 %)
Sampling stash size at 499999 req has local max stash size of: 225
Clk3 @ 393000000 Finished 500745 instructions 
Clk3 @ 394000000 Finished 501987 instructions 
Clk3 @ 395000000 Finished 503223 instructions 
Clk7 @ 396000000 Finished 504490 instructions 
Sampling stash size at 504999 req has local max stash size of: 227
Clk3 @ 397000000 Finished 505750 instructions 
Clk3 @ 398000000 Finished 507032 instructions 
Clk3 @ 399000000 Finished 508307 instructions 
Clk3 @ 400000000 Finished 509587 instructions 
Clk@ 400323845 Working on the # 510000 th memory instruction
Sampling stash size at 509999 req has local max stash size of: 217
Clk7 @ 401000000 Finished 510827 instructions 
Clk3 @ 402000000 Finished 512127 instructions 
Clk3 @ 403000000 Finished 513407 instructions 
Clk3 @ 404000000 Finished 514703 instructions 
Sampling stash size at 514999 req has local max stash size of: 220
Clk7 @ 405000000 Finished 515967 instructions 
Clk7 @ 406000000 Finished 517247 instructions 
Clk3 @ 407000000 Finished 518467 instructions 
Clk7 @ 408000000 Finished 519751 instructions 
Clk@ 408186181 Working on the # 520000 th memory instruction
Sampling stash size at 519999 req has local max stash size of: 214
Clk3 @ 409000000 Finished 521041 instructions 
Clk3 @ 410000000 Finished 522327 instructions 
Clk3 @ 411000000 Finished 523627 instructions 
Clk3 @ 412000000 Finished 524923 instructions 
Sampling stash size at 524999 req has local max stash size of: 221
Clk7 @ 413000000 Finished 526154 instructions 
Clk3 @ 414000000 Finished 527462 instructions 
Clk7 @ 415000000 Finished 528765 instructions 
Clk@ 415949418 Working on the # 530000 th memory instruction
Sampling stash size at 529999 req has local max stash size of: 211
Clk3 @ 416000000 Finished 530067 instructions 
Clk3 @ 417000000 Finished 531366 instructions 
Clk7 @ 418000000 Finished 532627 instructions 
Clk3 @ 419000000 Finished 533902 instructions 
Sampling stash size at 534999 req has local max stash size of: 231
Clk3 @ 420000000 Finished 535211 instructions 
Clk7 @ 421000000 Finished 536505 instructions 
Clk7 @ 422000000 Finished 537801 instructions 
Clk3 @ 423000000 Finished 539095 instructions 
Clk@ 423688066 Working on the # 540000 th memory instruction
Sampling stash size at 539999 req has local max stash size of: 213
Clk3 @ 424000000 Finished 540404 instructions 
Clk3 @ 425000000 Finished 541667 instructions 
Clk3 @ 427000000 Finished 544301 instructions 
Sampling stash size at 544999 req has local max stash size of: 226
Clk3 @ 428000000 Finished 545587 instructions 
Clk3 @ 429000000 Finished 546867 instructions 
Clk3 @ 430000000 Finished 548167 instructions 
Clk7 @ 431000000 Finished 549367 instructions 
Clk@ 431477577 Working on the # 550000 th memory instruction
Sampling stash size at 549999 req has local max stash size of: 214
Clk7 @ 432000000 Finished 550651 instructions 
Clk7 @ 433000000 Finished 551955 instructions 
Clk7 @ 434000000 Finished 553247 instructions 
Clk7 @ 435000000 Finished 554565 instructions 
Sampling stash size at 554999 req has local max stash size of: 214
Clk3 @ 436000000 Finished 555863 instructions 
Clk3 @ 437000000 Finished 557107 instructions 
Clk7 @ 438000000 Finished 558407 instructions 
Clk3 @ 439000000 Finished 559727 instructions 
Clk@ 439201722 Working on the # 560000 th memory instruction
Sampling stash size at 559999 req has local max stash size of: 229
Clk3 @ 440000000 Finished 561058 instructions 
Clk7 @ 441000000 Finished 562354 instructions 
Clk3 @ 442000000 Finished 563661 instructions 
Clk3 @ 443000000 Finished 564921 instructions 
Sampling stash size at 564999 req has local max stash size of: 218
Clk7 @ 444000000 Finished 566239 instructions 
Clk3 @ 445000000 Finished 567547 instructions 
Clk7 @ 446000000 Finished 568841 instructions 
Clk@ 446914755 Working on the # 570000 th memory instruction
Sampling stash size at 569999 req has local max stash size of: 220
Clk3 @ 447000000 Finished 570107 instructions 
Clk3 @ 448000000 Finished 571406 instructions 
Clk3 @ 449000000 Finished 572667 instructions 
Clk3 @ 450000000 Finished 573948 instructions 
Sampling stash size at 574999 req has local max stash size of: 213
Clk3 @ 451000000 Finished 575230 instructions 
Clk7 @ 452000000 Finished 576487 instructions 
Clk3 @ 453000000 Finished 577767 instructions 
Clk3 @ 454000000 Finished 579007 instructions 
Clk@ 454788739 Working on the # 580000 th memory instruction
Sampling stash size at 579999 req has local max stash size of: 223
Clk7 @ 455000000 Finished 580276 instructions 
Clk3 @ 456000000 Finished 581603 instructions 
Clk3 @ 457000000 Finished 582903 instructions 
Clk7 @ 458000000 Finished 584188 instructions 
Sampling stash size at 584999 req has local max stash size of: 217
Clk3 @ 459000000 Finished 585502 instructions 
Clk3 @ 460000000 Finished 586767 instructions 
Clk7 @ 461000000 Finished 588036 instructions 
Clk3 @ 462000000 Finished 589346 instructions 
Clk@ 462504240 Working on the # 590000 th memory instruction
Sampling stash size at 589999 req has local max stash size of: 229
Clk7 @ 463000000 Finished 590639 instructions 
Clk3 @ 464000000 Finished 591947 instructions 
Clk3 @ 465000000 Finished 593262 instructions 
Clk3 @ 466000000 Finished 594507 instructions 
Sampling stash size at 594999 req has local max stash size of: 218
Clk3 @ 467000000 Finished 595807 instructions 
Clk3 @ 468000000 Finished 597078 instructions 
Clk3 @ 469000000 Finished 598347 instructions 
Clk3 @ 470000000 Finished 599659 instructions 
Clk@ 470262500 Working on the # 600000 th memory instruction
Sampling stash size at 599999 req has local max stash size of: 223
Clk7 @ 471000000 Finished 600952 instructions 
Clk7 @ 472000000 Finished 602206 instructions 
Clk3 @ 473000000 Finished 603494 instructions 
Clk3 @ 474000000 Finished 604767 instructions 
Sampling stash size at 604999 req has local max stash size of: 231
Clk7 @ 475000000 Finished 606027 instructions 
Clk7 @ 476000000 Finished 607292 instructions 
Clk3 @ 477000000 Finished 608567 instructions 
Clk7 @ 478000000 Finished 609767 instructions 
Clk@ 478191069 Working on the # 610000 th memory instruction
Sampling stash size at 609999 req has local max stash size of: 216
Clk7 @ 479000000 Finished 610974 instructions 
Clk7 @ 480000000 Finished 612227 instructions 
Clk3 @ 481000000 Finished 613467 instructions 
Clk3 @ 482000000 Finished 614725 instructions 
Sampling stash size at 614999 req has local max stash size of: 220
Clk3 @ 483000000 Finished 616007 instructions 
Clk3 @ 484000000 Finished 617267 instructions 
Clk7 @ 485000000 Finished 618491 instructions 
Clk3 @ 486000000 Finished 619767 instructions 
Clk@ 486168181 Working on the # 620000 th memory instruction
Sampling stash size at 619999 req has local max stash size of: 217
Clk7 @ 487000000 Finished 621070 instructions 
Clk3 @ 488000000 Finished 622403 instructions 
Clk3 @ 489000000 Finished 623707 instructions 
Clk3 @ 490000000 Finished 624967 instructions 
Sampling stash size at 624999 req has local max stash size of: 223
Clk3 @ 491000000 Finished 626267 instructions 
Clk3 @ 492000000 Finished 627577 instructions 
Clk7 @ 493000000 Finished 628868 instructions 
Clk@ 493840185 Working on the # 630000 th memory instruction
Sampling stash size at 629999 req has local max stash size of: 229
Clk3 @ 494000000 Finished 630207 instructions 
Clk7 @ 495000000 Finished 631500 instructions 
Clk3 @ 496000000 Finished 632767 instructions 
Clk7 @ 497000000 Finished 634067 instructions 
Sampling stash size at 634999 req has local max stash size of: 219
Clk3 @ 498000000 Finished 635367 instructions 
Clk3 @ 499000000 Finished 636647 instructions 
Clk3 @ 500000000 Finished 637927 instructions 
Clk3 @ 501000000 Finished 639221 instructions 
Clk@ 501616802 Working on the # 640000 th memory instruction
Sampling stash size at 639999 req has local max stash size of: 218
Clk3 @ 502000000 Finished 640447 instructions 
Clk3 @ 503000000 Finished 641707 instructions 
Clk3 @ 504000000 Finished 642981 instructions 
Clk3 @ 505000000 Finished 644267 instructions 
Sampling stash size at 644999 req has local max stash size of: 229
Clk7 @ 506000000 Finished 645567 instructions 
Clk3 @ 507000000 Finished 646867 instructions 
Clk3 @ 508000000 Finished 648108 instructions 
Clk7 @ 509000000 Finished 649373 instructions 
Clk@ 509478225 Working on the # 650000 th memory instruction
Sampling stash size at 649999 req has local max stash size of: 224
Clk7 @ 510000000 Finished 650647 instructions 
Clk3 @ 511000000 Finished 651907 instructions 
Clk3 @ 512000000 Finished 653187 instructions 
Clk3 @ 513000000 Finished 654467 instructions 
Sampling stash size at 654999 req has local max stash size of: 231
Clk3 @ 514000000 Finished 655703 instructions 
Clk7 @ 515000000 Finished 656922 instructions 
Clk3 @ 516000000 Finished 658167 instructions 
Clk3 @ 517000000 Finished 659394 instructions 
Clk@ 517473237 Working on the # 660000 th memory instruction
Sampling stash size at 659999 req has local max stash size of: 218
Clk3 @ 518000000 Finished 660647 instructions 
Clk3 @ 519000000 Finished 661887 instructions 
Clk3 @ 520000000 Finished 663108 instructions 
Clk3 @ 521000000 Finished 664370 instructions 
Sampling stash size at 664999 req has local max stash size of: 220
Clk3 @ 522000000 Finished 665607 instructions 
Clk3 @ 523000000 Finished 666862 instructions 
Clk3 @ 524000000 Finished 668123 instructions 
Clk3 @ 525000000 Finished 669367 instructions 
Clk@ 525514423 Working on the # 670000 th memory instruction
Sampling stash size at 669999 req has local max stash size of: 221
Clk3 @ 526000000 Finished 670568 instructions 
Clk3 @ 527000000 Finished 671827 instructions 
Clk3 @ 528000000 Finished 673107 instructions 
Clk3 @ 529000000 Finished 674384 instructions 
Sampling stash size at 674999 req has local max stash size of: 216
Clk3 @ 530000000 Finished 675647 instructions 
Clk7 @ 531000000 Finished 676947 instructions 
Clk3 @ 532000000 Finished 678222 instructions 
Clk3 @ 533000000 Finished 679507 instructions 
Clk@ 533378084 Working on the # 680000 th memory instruction
Sampling stash size at 679999 req has local max stash size of: 219
Clk3 @ 534000000 Finished 680807 instructions 
Clk3 @ 535000000 Finished 682087 instructions 
Clk3 @ 536000000 Finished 683387 instructions 
Clk3 @ 537000000 Finished 684664 instructions 
Sampling stash size at 684999 req has local max stash size of: 231
Clk3 @ 538000000 Finished 685887 instructions 
Clk3 @ 539000000 Finished 687147 instructions 
Clk3 @ 540000000 Finished 688466 instructions 
Clk7 @ 540000000 Finished 688466 instructions 
Clk3 @ 541000000 Finished 689747 instructions 
Clk@ 541206062 Working on the # 690000 th memory instruction
Sampling stash size at 689999 req has local max stash size of: 228
Clk3 @ 542000000 Finished 691027 instructions 
Clk3 @ 543000000 Finished 692299 instructions 
Clk3 @ 544000000 Finished 693558 instructions 
Clk7 @ 545000000 Finished 694845 instructions 
Sampling stash size at 694999 req has local max stash size of: 228
Clk3 @ 546000000 Finished 696141 instructions 
Clk3 @ 547000000 Finished 697407 instructions 
Clk3 @ 548000000 Finished 698694 instructions 
Clk3 @ 549000000 Finished 699967 instructions 
Clk@ 549022057 Working on the # 700000 th memory instruction
Sampling stash size at 699999 req has local max stash size of: 229
Clk3 @ 550000000 Finished 701184 instructions 
Clk3 @ 551000000 Finished 702447 instructions 
Clk3 @ 552000000 Finished 703742 instructions 
Sampling stash size at 704999 req has local max stash size of: 224
Clk3 @ 553000000 Finished 705007 instructions 
Clk3 @ 554000000 Finished 706283 instructions 
Clk3 @ 555000000 Finished 707566 instructions 
Clk3 @ 556000000 Finished 708827 instructions 
Clk@ 556890170 Working on the # 710000 th memory instruction
Sampling stash size at 709999 req has local max stash size of: 227
Clk7 @ 557000000 Finished 710142 instructions 
Clk3 @ 558000000 Finished 711447 instructions 
Clk7 @ 559000000 Finished 712707 instructions 
Clk3 @ 560000000 Finished 714003 instructions 
Sampling stash size at 714999 req has local max stash size of: 217
Clk3 @ 561000000 Finished 715267 instructions 
Clk3 @ 562000000 Finished 716487 instructions 
Clk3 @ 563000000 Finished 717727 instructions 
Clk3 @ 564000000 Finished 719007 instructions 
Clk@ 564783122 Working on the # 720000 th memory instruction
Sampling stash size at 719999 req has local max stash size of: 214
Clk3 @ 565000000 Finished 720267 instructions 
Clk3 @ 566000000 Finished 721536 instructions 
Clk3 @ 567000000 Finished 722821 instructions 
Clk7 @ 568000000 Finished 724082 instructions 
Sampling stash size at 724999 req has local max stash size of: 220
Clk3 @ 569000000 Finished 725362 instructions 
Clk7 @ 570000000 Finished 726610 instructions 
Clk3 @ 571000000 Finished 727847 instructions 
Clk3 @ 572000000 Finished 729107 instructions 
Clk@ 572736954 Working on the # 730000 th memory instruction
Sampling stash size at 729999 req has local max stash size of: 221
Clk3 @ 573000000 Finished 730313 instructions 
Clk3 @ 574000000 Finished 731507 instructions 
Clk3 @ 575000000 Finished 732684 instructions 
Clk3 @ 576000000 Finished 733947 instructions 
Sampling stash size at 734999 req has local max stash size of: 226
Clk3 @ 577000000 Finished 735207 instructions 
Clk3 @ 578000000 Finished 736471 instructions 
Clk7 @ 579000000 Finished 737727 instructions 
Clk3 @ 580000000 Finished 739003 instructions 
Clk@ 580788164 Working on the # 740000 th memory instruction
Sampling stash size at 739999 req has local max stash size of: 229
Clk3 @ 581000000 Finished 740267 instructions 
Clk3 @ 582000000 Finished 741547 instructions 
Clk3 @ 583000000 Finished 742827 instructions 
Clk7 @ 584000000 Finished 744067 instructions 
Sampling stash size at 744999 req has local max stash size of: 216
Clk3 @ 585000000 Finished 745327 instructions 
Clk7 @ 586000000 Finished 746550 instructions 
Clk3 @ 587000000 Finished 747767 instructions 
Clk7 @ 588000000 Finished 749045 instructions 
Clk@ 588730024 Working on the # 750000 th memory instruction
Sampling stash size at 749999 req has local max stash size of: 217
Clk3 @ 589000000 Finished 750347 instructions 
Clk3 @ 590000000 Finished 751644 instructions 
Clk3 @ 591000000 Finished 752927 instructions 
Clk3 @ 592000000 Finished 754187 instructions 
Sampling stash size at 754999 req has local max stash size of: 218
Clk3 @ 593000000 Finished 755447 instructions 
Clk3 @ 594000000 Finished 756743 instructions 
Clk3 @ 595000000 Finished 758027 instructions 
Clk3 @ 596000000 Finished 759318 instructions 
Clk@ 596512470 Working on the # 760000 th memory instruction
Sampling stash size at 759999 req has local max stash size of: 233
Clk3 @ 597000000 Finished 760619 instructions 
Clk3 @ 598000000 Finished 761885 instructions 
Clk3 @ 599000000 Finished 763141 instructions 
Clk7 @ 600000000 Finished 764449 instructions 
Sampling stash size at 764999 req has local max stash size of: 222
Clk3 @ 601000000 Finished 765776 instructions 
Clk3 @ 602000000 Finished 767067 instructions 
Clk3 @ 603000000 Finished 768367 instructions 
Clk7 @ 604000000 Finished 769660 instructions 
Clk@ 604267553 Working on the # 770000 th memory instruction
Sampling stash size at 769999 req has local max stash size of: 222
Clk7 @ 605000000 Finished 770960 instructions 
Clk7 @ 606000000 Finished 772251 instructions 
Clk7 @ 607000000 Finished 773539 instructions 
Clk3 @ 608000000 Finished 774835 instructions 
Sampling stash size at 774999 req has local max stash size of: 233
Clk3 @ 609000000 Finished 776147 instructions 
Clk3 @ 610000000 Finished 777407 instructions 
Clk3 @ 611000000 Finished 778648 instructions 
Clk3 @ 612000000 Finished 779927 instructions 
Clk@ 612052847 Working on the # 780000 th memory instruction
Sampling stash size at 779999 req has local max stash size of: 222
Clk7 @ 613000000 Finished 781208 instructions 
Clk3 @ 614000000 Finished 782507 instructions 
Clk3 @ 615000000 Finished 783803 instructions 
Sampling stash size at 784999 req has local max stash size of: 224
Clk3 @ 616000000 Finished 785051 instructions 
Clk3 @ 617000000 Finished 786342 instructions 
Clk3 @ 618000000 Finished 787632 instructions 
Clk3 @ 619000000 Finished 788904 instructions 
Clk@ 619857893 Working on the # 790000 th memory instruction
Sampling stash size at 789999 req has local max stash size of: 230
Clk7 @ 620000000 Finished 790187 instructions 
Clk3 @ 621000000 Finished 791444 instructions 
Clk3 @ 622000000 Finished 792667 instructions 
Clk3 @ 623000000 Finished 793908 instructions 
Sampling stash size at 794999 req has local max stash size of: 227
Clk3 @ 624000000 Finished 795187 instructions 
Clk3 @ 625000000 Finished 796487 instructions 
Clk3 @ 626000000 Finished 797767 instructions 
Clk3 @ 627000000 Finished 799047 instructions 
Clk@ 627731013 Working on the # 800000 th memory instruction
Sampling stash size at 799999 req has local max stash size of: 226
Clk3 @ 628000000 Finished 800327 instructions 
Clk3 @ 629000000 Finished 801627 instructions 
Clk3 @ 630000000 Finished 802937 instructions 
Clk3 @ 631000000 Finished 804227 instructions 
Sampling stash size at 804999 req has local max stash size of: 232
Clk7 @ 632000000 Finished 805496 instructions 
Clk7 @ 633000000 Finished 806789 instructions 
Clk7 @ 634000000 Finished 808038 instructions 
Clk7 @ 635000000 Finished 809297 instructions 
Clk@ 635542491 Working on the # 810000 th memory instruction
Sampling stash size at 809999 req has local max stash size of: 221
Clk3 @ 636000000 Finished 810587 instructions 
Clk3 @ 637000000 Finished 811887 instructions 
Clk3 @ 638000000 Finished 813187 instructions 
Clk3 @ 639000000 Finished 814482 instructions 
Sampling stash size at 814999 req has local max stash size of: 220
Clk3 @ 640000000 Finished 815727 instructions 
Clk7 @ 641000000 Finished 817009 instructions 
Clk3 @ 642000000 Finished 818307 instructions 
Clk3 @ 643000000 Finished 819587 instructions 
Clk@ 643323273 Working on the # 820000 th memory instruction
Sampling stash size at 819999 req has local max stash size of: 228
Clk3 @ 644000000 Finished 820854 instructions 
Clk3 @ 645000000 Finished 822122 instructions 
Clk7 @ 646000000 Finished 823327 instructions 
Clk7 @ 647000000 Finished 824607 instructions 
Sampling stash size at 824999 req has local max stash size of: 225
Clk3 @ 648000000 Finished 825868 instructions 
Clk3 @ 649000000 Finished 827147 instructions 
Clk7 @ 650000000 Finished 828424 instructions 
Clk3 @ 651000000 Finished 829687 instructions 
Clk@ 651239475 Working on the # 830000 th memory instruction
Sampling stash size at 829999 req has local max stash size of: 221
Clk7 @ 652000000 Finished 830953 instructions 
Clk7 @ 653000000 Finished 832267 instructions 
Clk3 @ 654000000 Finished 833567 instructions 
Clk7 @ 655000000 Finished 834850 instructions 
Sampling stash size at 834999 req has local max stash size of: 243
Clk3 @ 656000000 Finished 836131 instructions 
Clk7 @ 657000000 Finished 837424 instructions 
Clk7 @ 658000000 Finished 838648 instructions 
Clk7 @ 659000000 Finished 839940 instructions 
Clk@ 659048576 Working on the # 840000 th memory instruction
Sampling stash size at 839999 req has local max stash size of: 226
Clk3 @ 660000000 Finished 841227 instructions 
Clk7 @ 661000000 Finished 842481 instructions 
Clk3 @ 662000000 Finished 843747 instructions 
Sampling stash size at 844999 req has local max stash size of: 224
Clk3 @ 663000000 Finished 845027 instructions 
Clk7 @ 664000000 Finished 846267 instructions 
Clk3 @ 665000000 Finished 847567 instructions 
Clk7 @ 666000000 Finished 848838 instructions 
Clk@ 666907359 Working on the # 850000 th memory instruction
Sampling stash size at 849999 req has local max stash size of: 215
Clk3 @ 667000000 Finished 850107 instructions 
Clk7 @ 668000000 Finished 851364 instructions 
Clk7 @ 669000000 Finished 852625 instructions 
Sampling stash size at 854999 req has local max stash size of: 219
Clk3 @ 671000000 Finished 855047 instructions 
Clk3 @ 672000000 Finished 856327 instructions 
Clk3 @ 673000000 Finished 857587 instructions 
Clk3 @ 674000000 Finished 858867 instructions 
Clk@ 674890595 Working on the # 860000 th memory instruction
Sampling stash size at 859999 req has local max stash size of: 225
Clk7 @ 675000000 Finished 860145 instructions 
Clk3 @ 676000000 Finished 861402 instructions 
Clk7 @ 677000000 Finished 862694 instructions 
Clk3 @ 678000000 Finished 863987 instructions 
Sampling stash size at 864999 req has local max stash size of: 238
Clk3 @ 679000000 Finished 865287 instructions 
Clk3 @ 680000000 Finished 866551 instructions 
Clk7 @ 681000000 Finished 867847 instructions 
Clk3 @ 682000000 Finished 869030 instructions 
Clk@ 682766385 Working on the # 870000 th memory instruction
Sampling stash size at 869999 req has local max stash size of: 218
Clk7 @ 683000000 Finished 870293 instructions 
Clk3 @ 684000000 Finished 871607 instructions 
Clk7 @ 685000000 Finished 872903 instructions 
Clk3 @ 686000000 Finished 874207 instructions 
Sampling stash size at 874999 req has local max stash size of: 234
Clk7 @ 687000000 Finished 875502 instructions 
Clk3 @ 688000000 Finished 876741 instructions 
Clk3 @ 689000000 Finished 878052 instructions 
Clk3 @ 690000000 Finished 879347 instructions 
Clk@ 690499449 Working on the # 880000 th memory instruction
Sampling stash size at 879999 req has local max stash size of: 221
Clk3 @ 691000000 Finished 880647 instructions 
Clk7 @ 692000000 Finished 881929 instructions 
Clk3 @ 693000000 Finished 883207 instructions 
Clk7 @ 694000000 Finished 884427 instructions 
Sampling stash size at 884999 req has local max stash size of: 229
Clk3 @ 695000000 Finished 885701 instructions 
Clk3 @ 696000000 Finished 887022 instructions 
Clk7 @ 697000000 Finished 888307 instructions 
Clk3 @ 698000000 Finished 889587 instructions 
Clk@ 698323072 Working on the # 890000 th memory instruction
Sampling stash size at 889999 req has local max stash size of: 237
Clk7 @ 699000000 Finished 890876 instructions 
Clk3 @ 700000000 Finished 892127 instructions 
Clk3 @ 701000000 Finished 893427 instructions 
Clk3 @ 702000000 Finished 894707 instructions 
Sampling stash size at 894999 req has local max stash size of: 222
Clk3 @ 703000000 Finished 896007 instructions 
Clk3 @ 704000000 Finished 897307 instructions 
Clk3 @ 705000000 Finished 898598 instructions 
Clk3 @ 706000000 Finished 899827 instructions 
Clk@ 706130137 Working on the # 900000 th memory instruction
Sampling stash size at 899999 req has local max stash size of: 217
Clk3 @ 707000000 Finished 901122 instructions 
Clk3 @ 708000000 Finished 902387 instructions 
Clk3 @ 709000000 Finished 903641 instructions 
Clk7 @ 710000000 Finished 904907 instructions 
Sampling stash size at 904999 req has local max stash size of: 227
Clk7 @ 711000000 Finished 906167 instructions 
Clk7 @ 712000000 Finished 907432 instructions 
Clk3 @ 713000000 Finished 908710 instructions 
Clk3 @ 714000000 Finished 909977 instructions 
Clk@ 714014894 Working on the # 910000 th memory instruction
Sampling stash size at 909999 req has local max stash size of: 222
Clk3 @ 715000000 Finished 911227 instructions 
Clk7 @ 716000000 Finished 912507 instructions 
Clk3 @ 717000000 Finished 913767 instructions 
Clk3 @ 718000000 Finished 914967 instructions 
Sampling stash size at 914999 req has local max stash size of: 222
Clk3 @ 719000000 Finished 916228 instructions 
Clk3 @ 720000000 Finished 917507 instructions 
Clk3 @ 721000000 Finished 918787 instructions 
Clk@ 721941343 Working on the # 920000 th memory instruction
Sampling stash size at 919999 req has local max stash size of: 222
Clk3 @ 722000000 Finished 920067 instructions 
Clk3 @ 723000000 Finished 921350 instructions 
Clk3 @ 724000000 Finished 922629 instructions 
Clk3 @ 725000000 Finished 923927 instructions 
Sampling stash size at 924999 req has local max stash size of: 225
Clk7 @ 726000000 Finished 925220 instructions 
Clk3 @ 727000000 Finished 926507 instructions 
Clk3 @ 728000000 Finished 927787 instructions 
Clk3 @ 729000000 Finished 929062 instructions 
Clk@ 729774930 Working on the # 930000 th memory instruction
Sampling stash size at 929999 req has local max stash size of: 223
Clk7 @ 730000000 Finished 930282 instructions 
Clk3 @ 731000000 Finished 931546 instructions 
Clk3 @ 732000000 Finished 932842 instructions 
Clk7 @ 733000000 Finished 934127 instructions 
Sampling stash size at 934999 req has local max stash size of: 232
Clk3 @ 734000000 Finished 935421 instructions 
Clk3 @ 735000000 Finished 936727 instructions 
Clk3 @ 736000000 Finished 937967 instructions 
Clk7 @ 737000000 Finished 939254 instructions 
Clk@ 737571010 Working on the # 940000 th memory instruction
Sampling stash size at 939999 req has local max stash size of: 226
Clk3 @ 738000000 Finished 940547 instructions 
Clk3 @ 739000000 Finished 941841 instructions 
Clk3 @ 740000000 Finished 943087 instructions 
Clk3 @ 741000000 Finished 944352 instructions 
Sampling stash size at 944999 req has local max stash size of: 234
Clk3 @ 742000000 Finished 945563 instructions 
Clk3 @ 743000000 Finished 946807 instructions 
Clk3 @ 744000000 Finished 948077 instructions 
Clk3 @ 745000000 Finished 949313 instructions 
Clk@ 745538821 Working on the # 950000 th memory instruction
Sampling stash size at 949999 req has local max stash size of: 224
Clk7 @ 746000000 Finished 950584 instructions 
Clk7 @ 747000000 Finished 951831 instructions 
Clk7 @ 748000000 Finished 953073 instructions 
Clk7 @ 749000000 Finished 954346 instructions 
Sampling stash size at 954999 req has local max stash size of: 224
Clk3 @ 750000000 Finished 955607 instructions 
Clk7 @ 751000000 Finished 956854 instructions 
Clk3 @ 752000000 Finished 958127 instructions 
Clk7 @ 753000000 Finished 959387 instructions 
Clk@ 753476744 Working on the # 960000 th memory instruction
Sampling stash size at 959999 req has local max stash size of: 226
Clk3 @ 754000000 Finished 960623 instructions 
Clk3 @ 755000000 Finished 961867 instructions 
Clk3 @ 756000000 Finished 963107 instructions 
Clk3 @ 757000000 Finished 964327 instructions 
Sampling stash size at 964999 req has local max stash size of: 224
Clk3 @ 758000000 Finished 965547 instructions 
Clk3 @ 759000000 Finished 966782 instructions 
Clk3 @ 760000000 Finished 967987 instructions 
Clk3 @ 761000000 Finished 969207 instructions 
Clk@ 761630046 Working on the # 970000 th memory instruction
Sampling stash size at 969999 req has local max stash size of: 237
Clk3 @ 762000000 Finished 970447 instructions 
Clk3 @ 763000000 Finished 971667 instructions 
Clk3 @ 764000000 Finished 972901 instructions 
Clk3 @ 765000000 Finished 974067 instructions 
Sampling stash size at 974999 req has local max stash size of: 225
Clk3 @ 766000000 Finished 975243 instructions 
Clk3 @ 767000000 Finished 976327 instructions 
Clk3 @ 768000000 Finished 977447 instructions 
Clk7 @ 769000000 Finished 978627 instructions 
Clk3 @ 770000000 Finished 979827 instructions 
Clk@ 770140441 Working on the # 980000 th memory instruction
Sampling stash size at 979999 req has local max stash size of: 238
Clk3 @ 771000000 Finished 981046 instructions 
Clk3 @ 772000000 Finished 982247 instructions 
Clk3 @ 773000000 Finished 983447 instructions 
Clk7 @ 774000000 Finished 984695 instructions 
Sampling stash size at 984999 req has local max stash size of: 224
Clk3 @ 775000000 Finished 985947 instructions 
Clk3 @ 776000000 Finished 987167 instructions 
Clk3 @ 777000000 Finished 988424 instructions 
Clk7 @ 778000000 Finished 989624 instructions 
Clk@ 778315911 Working on the # 990000 th memory instruction
Sampling stash size at 989999 req has local max stash size of: 222
Clk3 @ 779000000 Finished 990772 instructions 
Clk3 @ 780000000 Finished 992030 instructions 
Clk7 @ 781000000 Finished 993280 instructions 
Clk7 @ 782000000 Finished 994551 instructions 
Sampling stash size at 994999 req has local max stash size of: 221
Clk7 @ 783000000 Finished 995861 instructions 
Clk3 @ 784000000 Finished 997143 instructions 
Clk3 @ 785000000 Finished 998387 instructions 
Clk3 @ 786000000 Finished 999667 instructions 
Clk@ 786256562 Working on the # 1000000 th memory instruction
Sampling stash size at 999999 req has local max stash size of: 229

===*** Data ***====
Stall reason distribution: 
mc_hazard: 0
normal: 0
rs_hazard: 0
rw_swtich: 0
Early reshuffle distribution: 
0: 0
1: 0
2: 0
3: 0
4: 1690
5: 3708
6: 3778
7: 3866
8: 3847
9: 3886
10: 3723
11: 3688
12: 3663
13: 3371
14: 2805
15: 1709
16: 83
17: 0
18: 0
19: 0
20: 0
21: 0
22: 0
=================
Max stash size is: 243
Average stash size is: 107.469
Average mem q size is: 110.952
Total mem q size is:71157977
mem_q_sample_times is:641340
useful_read_pull_ddr: 500007 (1.3026) %
dummy_read_pull_ddr: 8749846 (22.7948) %
useful_early_pull_ddr: 348835 (0.908774) %
useful_early_push_ddr: 205831 (0.536224) %
useful_write_pull_ddr: 7393308 (19.2608) %
useful_write_push_ddr: 3688071 (9.60805) %
dummy_early_pull_ddr: 22122 (0.0576315) %
dummy_early_push_ddr: 732472 (1.90821) %
dummy_write_pull_ddr: 6996 (0.0182258) %
dummy_write_push_ddr: 16737746 (43.6046) %
=================
Stash violation number of times: 0
=================
Check NodeID traffic: 5356938
Update NodeID traffic: 9
=================
Read RS lines: 1000000 (84.7721) %
Write RS lines: 100000 (8.47721) %
Early RS lines: 79634 (6.75074) %
Read DDR lines: 18498815 (24.5138) %
Write DDR lines: 54575000 (72.3204) %
Early DDR lines: 2389020 (3.16582) %

====*** pos1 ***====
Stall reason distribution: 
mc_hazard: 0
normal: 0
rs_hazard: 0
rw_swtich: 0
Early reshuffle distribution: 
0: 0
1: 510
2: 2511
3: 3282
4: 3612
5: 3782
6: 3930
7: 3889
8: 3880
9: 3815
10: 3788
11: 3719
12: 3586
13: 3347
14: 2732
15: 1654
16: 49
17: 0
18: 0
19: 0
=================
Max stash size is: 239
Average stash size is: 99.5461
Average mem q size is: 89.8544
Total mem q size is:7270386
mem_q_sample_times is:80913
useful_read_pull_ddr: 999991 (1.43155) %
dummy_read_pull_ddr: 16000009 (22.905) %
useful_early_pull_ddr: 717923 (1.02775) %
useful_early_push_ddr: 427513 (0.61201) %
useful_write_pull_ddr: 13528107 (19.3663) %
useful_write_push_ddr: 7305462 (10.4582) %
dummy_early_pull_ddr: 48182 (0.0689754) %
dummy_early_push_ddr: 1510282 (2.16206) %
dummy_write_pull_ddr: 71893 (0.102919) %
dummy_write_push_ddr: 29244538 (41.8653) %
=================
Stash violation number of times: 0
=================
Check NodeID traffic: 7032957
Update NodeID traffic: 2
=================
Read RS lines: 1000000 (83.6) %
Write RS lines: 100000 (8.36) %
Early RS lines: 96172 (8.03998) %
Read DDR lines: 17000000 (24.3365) %
Write DDR lines: 50150000 (71.7927) %
Early DDR lines: 2703900 (3.87079) %

====*** pos2 ***====
Stall reason distribution: 
mc_hazard: 0
normal: 0
rs_hazard: 0
rw_swtich: 0
Early reshuffle distribution: 
0: 0
1: 991
2: 2548
3: 3300
4: 3583
5: 3823
6: 3747
7: 3830
8: 3829
9: 3860
10: 3794
11: 3637
12: 3435
13: 2976
14: 2320
15: 1067
16: 7
=================
Max stash size is: 234
Average stash size is: 95.4589
Average mem q size is: 84.4725
Total mem q size is:5407589
mem_q_sample_times is:64016
useful_read_pull_ddr: 999919 (1.7272) %
dummy_read_pull_ddr: 13000081 (22.4556) %
useful_early_pull_ddr: 671134 (1.15928) %
useful_early_push_ddr: 400424 (0.691668) %
useful_write_pull_ddr: 10730935 (18.536) %
useful_write_push_ddr: 6815101 (11.772) %
dummy_early_pull_ddr: 63402 (0.109517) %
dummy_early_push_ddr: 1457520 (2.51763) %
dummy_write_pull_ddr: 469065 (0.810235) %
dummy_write_push_ddr: 23284899 (40.2209) %
=================
Stash violation number of times: 0
=================
Check NodeID traffic: 3027667
Update NodeID traffic: 0
=================
Read RS lines: 1000000 (83.7876) %
Write RS lines: 100000 (8.37876) %
Early RS lines: 93494 (7.83364) %
Read DDR lines: 14000000 (24.1828) %
Write DDR lines: 41300000 (71.3391) %
Early DDR lines: 2592480 (4.47809) %
=================
The final DRAM clk is: 786269772 ticks.
Idle waiting clk is 189905784, which is 24.1528 %
DRAM Frequency is: 1600MHz
The final time in ns is: 4.91419e+08 ns.
Time distribution: 
Data pull time is: 0
data: 0
pos1: 0
pos2: 0
Data distribution: 
Pos2 data: 57892480
Pos1 data: 69853900
Data: 75462835
Node access DDR: 10713876
Pull DDR: 18498815
WB DDR: 54575000
Early DDR: 2389020
Achieved BW is: 58.6543 GB/s
Ideal BW is: 102.4 GB/s
Metadata cache conclusion: 
overall_hit: 14626395 overall_total: 25339817
Cache Size 64 KB Overall Hit rate: 57.721 %. 
Simulation done. Statistics written to results_all/random_addr_output.txt
