Valid leaf ID range: 8388607:16777214
Num of top nodes: 8388608
Data level num of ways: 8388608
Z: 16
S: 27
A: 20
cached_total: 1
cached_total: 3
cached_total: 7
cached_total: 15
cached_total: 31
cached_total: 63
Total number of ORAM protected cache line blocks: 8388608
Cached number of levels: 5
Max number of levels: 24
Start lvl is: 0
data valid leaf right: 16777215
data num of levels: 24
data level num of ways: 8388608
data number of sets: 1
Cached node ID: 0 -- 47
Address space: 0 - 4 GB
pos1 valid leaf right: 2097151
pos1 num of levels: 21
pos1 level num of ways: 1048576
pos1 number of sets: 1
Cached node ID: 0 -- 5
Address space: 0 - 0.5 GB
pos2 valid leaf right: 262143
pos2 num of levels: 18
pos2 level num of ways: 131072
pos2 number of sets: 1
Cached node ID: 0 -- 2
Address space: 0 - 0.0625 GB
new addr: 5cd6
(myrs->posMap.find(new_addr) != myrs->posMap.end()): 1
(myrs->posMap[new_addr].pending): 0
myrs->posMap[new_addr] = 23766
#2 ID 0 set true here
Clk7 @ 1000000 Finished 1689 instructions 
Clk7 @ 2000000 Finished 3487 instructions 
Sampling stash size at 4999 req has local max stash size of: 130
Clk3 @ 3000000 Finished 5305 instructions 
Clk3 @ 4000000 Finished 7183 instructions 
Clk3 @ 5000000 Finished 9044 instructions 
Clk@ 5501030 Working on the # 10000 th memory instruction
Sampling stash size at 9999 req has local max stash size of: 145
Clk3 @ 6000000 Finished 10943 instructions 
Clk3 @ 7000000 Finished 12864 instructions 
Clk7 @ 8000000 Finished 14783 instructions 
Sampling stash size at 14999 req has local max stash size of: 162
Clk7 @ 9000000 Finished 16647 instructions 
Clk3 @ 10000000 Finished 18587 instructions 
Clk@ 10741547 Working on the # 20000 th memory instruction
Sampling stash size at 19999 req has local max stash size of: 159
Clk3 @ 11000000 Finished 20487 instructions 
Clk3 @ 12000000 Finished 22409 instructions 
Clk7 @ 12000000 Finished 22409 instructions 
Clk3 @ 13000000 Finished 24345 instructions 
Sampling stash size at 24999 req has local max stash size of: 164
Clk3 @ 14000000 Finished 26288 instructions 
Clk3 @ 15000000 Finished 28225 instructions 
Clk@ 15903988 Working on the # 30000 th memory instruction
Sampling stash size at 29999 req has local max stash size of: 169
Clk3 @ 16000000 Finished 30182 instructions 
Clk7 @ 17000000 Finished 31990 instructions 
Clk3 @ 18000000 Finished 33964 instructions 
Sampling stash size at 34999 req has local max stash size of: 169
Clk3 @ 19000000 Finished 35923 instructions 
Clk3 @ 20000000 Finished 37882 instructions 
Clk7 @ 21000000 Finished 39806 instructions 
Clk@ 21097898 Working on the # 40000 th memory instruction
Sampling stash size at 39999 req has local max stash size of: 168
Clk3 @ 22000000 Finished 41742 instructions 
Clk3 @ 23000000 Finished 43675 instructions 
Sampling stash size at 44999 req has local max stash size of: 170
Clk3 @ 24000000 Finished 45627 instructions 
Clk3 @ 25000000 Finished 47547 instructions 
Clk7 @ 26000000 Finished 49538 instructions 
Clk@ 26239313 Working on the # 50000 th memory instruction
Sampling stash size at 49999 req has local max stash size of: 181
Clk3 @ 27000000 Finished 51487 instructions 
Clk7 @ 28000000 Finished 53433 instructions 
Sampling stash size at 54999 req has local max stash size of: 177
Clk3 @ 29000000 Finished 55387 instructions 
Clk3 @ 30000000 Finished 57362 instructions 
Clk3 @ 31000000 Finished 59327 instructions 
Clk@ 31341619 Working on the # 60000 th memory instruction
Sampling stash size at 59999 req has local max stash size of: 181
Clk3 @ 32000000 Finished 61203 instructions 
Clk3 @ 33000000 Finished 63047 instructions 
Sampling stash size at 64999 req has local max stash size of: 181
Clk7 @ 34000000 Finished 65009 instructions 
Clk7 @ 35000000 Finished 66987 instructions 
Clk3 @ 36000000 Finished 68967 instructions 
Clk@ 36528251 Working on the # 70000 th memory instruction
Sampling stash size at 69999 req has local max stash size of: 184
Clk7 @ 37000000 Finished 70922 instructions 
Clk7 @ 38000000 Finished 72874 instructions 
Clk3 @ 39000000 Finished 74859 instructions 
Sampling stash size at 74999 req has local max stash size of: 179
Clk7 @ 40000000 Finished 76795 instructions 
Clk3 @ 41000000 Finished 78743 instructions 
Clk@ 41641243 Working on the # 80000 th memory instruction
Sampling stash size at 79999 req has local max stash size of: 191
Clk7 @ 42000000 Finished 80689 instructions 
Clk3 @ 43000000 Finished 82627 instructions 
Clk3 @ 44000000 Finished 84539 instructions 
Sampling stash size at 84999 req has local max stash size of: 187
Clk7 @ 45000000 Finished 86463 instructions 
Clk3 @ 46000000 Finished 88404 instructions 
Clk@ 46816170 Working on the # 90000 th memory instruction
Sampling stash size at 89999 req has local max stash size of: 195
Clk7 @ 47000000 Finished 90352 instructions 
Clk3 @ 48000000 Finished 92253 instructions 
Clk3 @ 49000000 Finished 94142 instructions 
Sampling stash size at 94999 req has local max stash size of: 186
Clk3 @ 50000000 Finished 96102 instructions 
Clk7 @ 51000000 Finished 98078 instructions 
Clk@ 51981523 Working on the # 100000 th memory instruction
Sampling stash size at 99999 req has local max stash size of: 182
Clk3 @ 52000000 Finished 100028 instructions 
Clk3 @ 53000000 Finished 101987 instructions 
Clk3 @ 54000000 Finished 103907 instructions 
Sampling stash size at 104999 req has local max stash size of: 182
Clk3 @ 55000000 Finished 105867 instructions 
Clk3 @ 56000000 Finished 107807 instructions 
Clk3 @ 57000000 Finished 109741 instructions 
Clk@ 57130458 Working on the # 110000 th memory instruction
Sampling stash size at 109999 req has local max stash size of: 186
Clk3 @ 58000000 Finished 111704 instructions 
Clk7 @ 59000000 Finished 113667 instructions 
Sampling stash size at 114999 req has local max stash size of: 198
Clk7 @ 60000000 Finished 115627 instructions 
Clk7 @ 61000000 Finished 117588 instructions 
Clk3 @ 62000000 Finished 119547 instructions 
Clk@ 62223930 Working on the # 120000 th memory instruction
Sampling stash size at 119999 req has local max stash size of: 188
Clk3 @ 63000000 Finished 121467 instructions 
Clk3 @ 64000000 Finished 123267 instructions 
Sampling stash size at 124999 req has local max stash size of: 191
Clk3 @ 65000000 Finished 125107 instructions 
Clk7 @ 66000000 Finished 127025 instructions 
Clk3 @ 67000000 Finished 128967 instructions 
Clk@ 67528766 Working on the # 130000 th memory instruction
Sampling stash size at 129999 req has local max stash size of: 194
Clk3 @ 68000000 Finished 130934 instructions 
Clk3 @ 69000000 Finished 132887 instructions 
Clk3 @ 70000000 Finished 134860 instructions 
Sampling stash size at 134999 req has local max stash size of: 192
Clk7 @ 71000000 Finished 136831 instructions 
Clk7 @ 72000000 Finished 138775 instructions 
Clk@ 72637305 Working on the # 140000 th memory instruction
Sampling stash size at 139999 req has local max stash size of: 201
Clk3 @ 73000000 Finished 140725 instructions 
Clk3 @ 74000000 Finished 142667 instructions 
Clk3 @ 75000000 Finished 144623 instructions 
Sampling stash size at 144999 req has local max stash size of: 193
Clk7 @ 76000000 Finished 146587 instructions 
Clk7 @ 77000000 Finished 148548 instructions 
Clk@ 77745092 Working on the # 150000 th memory instruction
Sampling stash size at 149999 req has local max stash size of: 194
Clk3 @ 78000000 Finished 150507 instructions 
Clk7 @ 79000000 Finished 152439 instructions 
Clk7 @ 80000000 Finished 154345 instructions 
Sampling stash size at 154999 req has local max stash size of: 195
Clk3 @ 81000000 Finished 156267 instructions 
Clk7 @ 82000000 Finished 158209 instructions 
Clk@ 82905807 Working on the # 160000 th memory instruction
Sampling stash size at 159999 req has local max stash size of: 195
Clk3 @ 83000000 Finished 160164 instructions 
Clk3 @ 84000000 Finished 162123 instructions 
Clk7 @ 85000000 Finished 164035 instructions 
Sampling stash size at 164999 req has local max stash size of: 197
Clk3 @ 86000000 Finished 165924 instructions 
Clk7 @ 87000000 Finished 167767 instructions 
Clk3 @ 88000000 Finished 169707 instructions 
Clk@ 88143736 Working on the # 170000 th memory instruction
Sampling stash size at 169999 req has local max stash size of: 190
Clk7 @ 89000000 Finished 171607 instructions 
Clk3 @ 90000000 Finished 173541 instructions 
Sampling stash size at 174999 req has local max stash size of: 210
Clk7 @ 91000000 Finished 175467 instructions 
Clk7 @ 92000000 Finished 177397 instructions 
Clk3 @ 93000000 Finished 179323 instructions 
Clk@ 93347645 Working on the # 180000 th memory instruction
Sampling stash size at 179999 req has local max stash size of: 197
Clk3 @ 94000000 Finished 181247 instructions 
Clk3 @ 95000000 Finished 183104 instructions 
Sampling stash size at 184999 req has local max stash size of: 198
Clk3 @ 96000000 Finished 185027 instructions 
Clk7 @ 97000000 Finished 186885 instructions 
Clk7 @ 98000000 Finished 188827 instructions 
Clk@ 98588103 Working on the # 190000 th memory instruction
Sampling stash size at 189999 req has local max stash size of: 200
Clk3 @ 99000000 Finished 190770 instructions 
Clk3 @ 100000000 Finished 192767 instructions 
Clk3 @ 101000000 Finished 194726 instructions 
Sampling stash size at 194999 req has local max stash size of: 205
Clk7 @ 102000000 Finished 196682 instructions 
Clk7 @ 103000000 Finished 198587 instructions 
Clk@ 103705980 Working on the # 200000 th memory instruction
Sampling stash size at 199999 req has local max stash size of: 193
Clk3 @ 104000000 Finished 200582 instructions 
Clk3 @ 105000000 Finished 202521 instructions 
Clk3 @ 106000000 Finished 204451 instructions 
Sampling stash size at 204999 req has local max stash size of: 195
Clk7 @ 107000000 Finished 206382 instructions 
Clk3 @ 108000000 Finished 208307 instructions 
Clk@ 108879206 Working on the # 210000 th memory instruction
Sampling stash size at 209999 req has local max stash size of: 199
Clk7 @ 109000000 Finished 210229 instructions 
Clk7 @ 110000000 Finished 212164 instructions 
Clk3 @ 111000000 Finished 214061 instructions 
Sampling stash size at 214999 req has local max stash size of: 200
Clk3 @ 112000000 Finished 216022 instructions 
Clk3 @ 113000000 Finished 217897 instructions 
Clk3 @ 114000000 Finished 219852 instructions 
Clk@ 114071434 Working on the # 220000 th memory instruction
Sampling stash size at 219999 req has local max stash size of: 208
Clk3 @ 115000000 Finished 221807 instructions 
Clk7 @ 116000000 Finished 223768 instructions 
Sampling stash size at 224999 req has local max stash size of: 206
Clk3 @ 117000000 Finished 225710 instructions 
Clk3 @ 118000000 Finished 227661 instructions 
Clk3 @ 119000000 Finished 229604 instructions 
Clk@ 119203907 Working on the # 230000 th memory instruction
Sampling stash size at 229999 req has local max stash size of: 211
Clk3 @ 120000000 Finished 231570 instructions 
Clk3 @ 121000000 Finished 233503 instructions 
Sampling stash size at 234999 req has local max stash size of: 206
Clk3 @ 122000000 Finished 235449 instructions 
Clk7 @ 122000000 Finished 235449 instructions 
Clk3 @ 123000000 Finished 237397 instructions 
Clk7 @ 124000000 Finished 239337 instructions 
Clk@ 124333269 Working on the # 240000 th memory instruction
Sampling stash size at 239999 req has local max stash size of: 203
Clk7 @ 125000000 Finished 241275 instructions 
Clk3 @ 126000000 Finished 243187 instructions 
Clk7 @ 127000000 Finished 244949 instructions 
Sampling stash size at 244999 req has local max stash size of: 206
Clk3 @ 128000000 Finished 246801 instructions 
Clk3 @ 129000000 Finished 248584 instructions 
Clk@ 129768970 Working on the # 250000 th memory instruction
Sampling stash size at 249999 req has local max stash size of: 207
Clk3 @ 130000000 Finished 250427 instructions 
Clk3 @ 131000000 Finished 252322 instructions 
Clk3 @ 132000000 Finished 254247 instructions 
Sampling stash size at 254999 req has local max stash size of: 206
Clk7 @ 133000000 Finished 256137 instructions 
Clk3 @ 134000000 Finished 258097 instructions 
Clk@ 134993540 Working on the # 260000 th memory instruction
Sampling stash size at 259999 req has local max stash size of: 207
Clk3 @ 135000000 Finished 260007 instructions 
Clk3 @ 136000000 Finished 261974 instructions 
Clk3 @ 137000000 Finished 263891 instructions 
Sampling stash size at 264999 req has local max stash size of: 204
Clk3 @ 138000000 Finished 265827 instructions 
Clk3 @ 139000000 Finished 267767 instructions 
Clk3 @ 140000000 Finished 269727 instructions 
Clk@ 140137238 Working on the # 270000 th memory instruction
Sampling stash size at 269999 req has local max stash size of: 201
Clk7 @ 141000000 Finished 271707 instructions 
Clk3 @ 142000000 Finished 273682 instructions 
Sampling stash size at 274999 req has local max stash size of: 203
Clk3 @ 143000000 Finished 275564 instructions 
Clk7 @ 144000000 Finished 277535 instructions 
Clk3 @ 145000000 Finished 279447 instructions 
Clk@ 145275774 Working on the # 280000 th memory instruction
Sampling stash size at 279999 req has local max stash size of: 208
Clk7 @ 146000000 Finished 281418 instructions 
Clk3 @ 147000000 Finished 283365 instructions 
Sampling stash size at 284999 req has local max stash size of: 206
Clk3 @ 148000000 Finished 285307 instructions 
Clk3 @ 149000000 Finished 287269 instructions 
Clk3 @ 150000000 Finished 289226 instructions 
Clk@ 150406039 Working on the # 290000 th memory instruction
Sampling stash size at 289999 req has local max stash size of: 205
Clk7 @ 151000000 Finished 291154 instructions 
Clk3 @ 152000000 Finished 293124 instructions 
Sampling stash size at 294999 req has local max stash size of: 208
Clk3 @ 153000000 Finished 295044 instructions 
Clk3 @ 154000000 Finished 297007 instructions 
Clk3 @ 155000000 Finished 298947 instructions 
Clk@ 155534834 Working on the # 300000 th memory instruction
Sampling stash size at 299999 req has local max stash size of: 205
Clk7 @ 156000000 Finished 300888 instructions 
Clk3 @ 157000000 Finished 302864 instructions 
Clk3 @ 158000000 Finished 304782 instructions 
Sampling stash size at 304999 req has local max stash size of: 207
Clk3 @ 159000000 Finished 306601 instructions 
Clk3 @ 160000000 Finished 308528 instructions 
Clk@ 160793401 Working on the # 310000 th memory instruction
Sampling stash size at 309999 req has local max stash size of: 213
Clk3 @ 161000000 Finished 310407 instructions 
Clk3 @ 162000000 Finished 312367 instructions 
Clk7 @ 163000000 Finished 314295 instructions 
Sampling stash size at 314999 req has local max stash size of: 214
Clk7 @ 164000000 Finished 316212 instructions 
Clk7 @ 165000000 Finished 318162 instructions 
Clk@ 165944056 Working on the # 320000 th memory instruction
Sampling stash size at 319999 req has local max stash size of: 213
Clk3 @ 166000000 Finished 320087 instructions 
Clk3 @ 167000000 Finished 322016 instructions 
Clk7 @ 168000000 Finished 323947 instructions 
Sampling stash size at 324999 req has local max stash size of: 208
Clk3 @ 169000000 Finished 325867 instructions 
Clk7 @ 170000000 Finished 327784 instructions 
Clk3 @ 171000000 Finished 329676 instructions 
Clk@ 171169980 Working on the # 330000 th memory instruction
Sampling stash size at 329999 req has local max stash size of: 207
Clk3 @ 172000000 Finished 331538 instructions 
Clk7 @ 173000000 Finished 333416 instructions 
Sampling stash size at 334999 req has local max stash size of: 219
Clk7 @ 174000000 Finished 335321 instructions 
Clk3 @ 175000000 Finished 337222 instructions 
Clk7 @ 176000000 Finished 339142 instructions 
Clk@ 176440845 Working on the # 340000 th memory instruction
Sampling stash size at 339999 req has local max stash size of: 209
Clk3 @ 177000000 Finished 341087 instructions 
Clk7 @ 178000000 Finished 342947 instructions 
Clk7 @ 179000000 Finished 344851 instructions 
Sampling stash size at 344999 req has local max stash size of: 202
Clk7 @ 180000000 Finished 346778 instructions 
Clk3 @ 181000000 Finished 348707 instructions 
Clk@ 181658910 Working on the # 350000 th memory instruction
Sampling stash size at 349999 req has local max stash size of: 201
Clk7 @ 182000000 Finished 350647 instructions 
Clk3 @ 183000000 Finished 352587 instructions 
Clk3 @ 184000000 Finished 354526 instructions 
Sampling stash size at 354999 req has local max stash size of: 210
Clk3 @ 185000000 Finished 356487 instructions 
Clk3 @ 186000000 Finished 358407 instructions 
Clk@ 186826083 Working on the # 360000 th memory instruction
Sampling stash size at 359999 req has local max stash size of: 202
Clk3 @ 187000000 Finished 360347 instructions 
Clk3 @ 188000000 Finished 362285 instructions 
Clk7 @ 189000000 Finished 364240 instructions 
Sampling stash size at 364999 req has local max stash size of: 200
Clk3 @ 190000000 Finished 366066 instructions 
Clk3 @ 191000000 Finished 368014 instructions 
Clk3 @ 192000000 Finished 369947 instructions 
Clk@ 192024958 Working on the # 370000 th memory instruction
Sampling stash size at 369999 req has local max stash size of: 207
Clk3 @ 193000000 Finished 371859 instructions 
Clk7 @ 194000000 Finished 373685 instructions 
Sampling stash size at 374999 req has local max stash size of: 210
Clk3 @ 195000000 Finished 375621 instructions 
Clk3 @ 196000000 Finished 377567 instructions 
Clk3 @ 197000000 Finished 379549 instructions 
Clk@ 197231421 Working on the # 380000 th memory instruction
Sampling stash size at 379999 req has local max stash size of: 207
Clk3 @ 198000000 Finished 381464 instructions 
Clk3 @ 199000000 Finished 383427 instructions 
Sampling stash size at 384999 req has local max stash size of: 206
Clk7 @ 200000000 Finished 385385 instructions 
Clk3 @ 201000000 Finished 387332 instructions 
Clk7 @ 202000000 Finished 389283 instructions 
Clk@ 202369697 Working on the # 390000 th memory instruction
Sampling stash size at 389999 req has local max stash size of: 204
Clk7 @ 203000000 Finished 391235 instructions 
Clk3 @ 204000000 Finished 393163 instructions 
Sampling stash size at 394999 req has local max stash size of: 202
Clk3 @ 205000000 Finished 395127 instructions 
Clk3 @ 206000000 Finished 396987 instructions 
Clk3 @ 207000000 Finished 398945 instructions 
Clk@ 207542197 Working on the # 400000 th memory instruction
Sampling stash size at 399999 req has local max stash size of: 208
Clk3 @ 208000000 Finished 400867 instructions 
Clk3 @ 209000000 Finished 402806 instructions 
Clk3 @ 210000000 Finished 404687 instructions 
Sampling stash size at 404999 req has local max stash size of: 208
Clk3 @ 211000000 Finished 406605 instructions 
Clk3 @ 212000000 Finished 408527 instructions 
Clk@ 212759573 Working on the # 410000 th memory instruction
Sampling stash size at 409999 req has local max stash size of: 208
Clk3 @ 213000000 Finished 410476 instructions 
Clk3 @ 214000000 Finished 412420 instructions 
Clk3 @ 215000000 Finished 414334 instructions 
Sampling stash size at 414999 req has local max stash size of: 211
Clk3 @ 216000000 Finished 416274 instructions 
Clk7 @ 217000000 Finished 418232 instructions 
Clk@ 217914918 Working on the # 420000 th memory instruction
Sampling stash size at 419999 req has local max stash size of: 216
Clk3 @ 218000000 Finished 420167 instructions 
Clk3 @ 219000000 Finished 422087 instructions 
Clk7 @ 220000000 Finished 424011 instructions 
Sampling stash size at 424999 req has local max stash size of: 208
Clk7 @ 221000000 Finished 425935 instructions 
Clk3 @ 222000000 Finished 427783 instructions 
Clk7 @ 223000000 Finished 429713 instructions 
Clk@ 223142252 Working on the # 430000 th memory instruction
Sampling stash size at 429999 req has local max stash size of: 204
Clk7 @ 224000000 Finished 431672 instructions 
Clk7 @ 225000000 Finished 433594 instructions 
Sampling stash size at 434999 req has local max stash size of: 214
Clk3 @ 226000000 Finished 435447 instructions 
Clk3 @ 227000000 Finished 437422 instructions 
Clk3 @ 228000000 Finished 439387 instructions 
Clk@ 228308493 Working on the # 440000 th memory instruction
Sampling stash size at 439999 req has local max stash size of: 219
Clk3 @ 229000000 Finished 441347 instructions 
Clk3 @ 230000000 Finished 443281 instructions 
Sampling stash size at 444999 req has local max stash size of: 213
Clk3 @ 231000000 Finished 445227 instructions 
Clk3 @ 232000000 Finished 447178 instructions 
Clk3 @ 233000000 Finished 449127 instructions 
Clk@ 233457777 Working on the # 450000 th memory instruction
Sampling stash size at 449999 req has local max stash size of: 214
Clk7 @ 234000000 Finished 451066 instructions 
Clk7 @ 235000000 Finished 452988 instructions 
Clk3 @ 236000000 Finished 454922 instructions 
Sampling stash size at 454999 req has local max stash size of: 207
Clk3 @ 237000000 Finished 456867 instructions 
Clk3 @ 238000000 Finished 458773 instructions 
Clk@ 238636156 Working on the # 460000 th memory instruction
Sampling stash size at 459999 req has local max stash size of: 207
Clk3 @ 239000000 Finished 460696 instructions 
Clk3 @ 240000000 Finished 462667 instructions 
Clk7 @ 241000000 Finished 464613 instructions 
Sampling stash size at 464999 req has local max stash size of: 207
Clk3 @ 242000000 Finished 466504 instructions 
Clk7 @ 243000000 Finished 468445 instructions 
Clk@ 243798902 Working on the # 470000 th memory instruction
Sampling stash size at 469999 req has local max stash size of: 210
Clk7 @ 244000000 Finished 470398 instructions 
Clk3 @ 245000000 Finished 472327 instructions 
Clk3 @ 246000000 Finished 474264 instructions 
Sampling stash size at 474999 req has local max stash size of: 213
Clk3 @ 247000000 Finished 476187 instructions 
Clk3 @ 248000000 Finished 478144 instructions 
Clk@ 248955481 Working on the # 480000 th memory instruction
Sampling stash size at 479999 req has local max stash size of: 212
Clk3 @ 249000000 Finished 480077 instructions 
Clk3 @ 250000000 Finished 481966 instructions 
Clk3 @ 251000000 Finished 483867 instructions 
Sampling stash size at 484999 req has local max stash size of: 208
Clk3 @ 252000000 Finished 485755 instructions 
Clk7 @ 253000000 Finished 487607 instructions 
Clk3 @ 254000000 Finished 489321 instructions 
Clk@ 254368817 Working on the # 490000 th memory instruction
Sampling stash size at 489999 req has local max stash size of: 207
Clk3 @ 255000000 Finished 491167 instructions 
Clk7 @ 256000000 Finished 492984 instructions 
Clk7 @ 257000000 Finished 494778 instructions 
Sampling stash size at 494999 req has local max stash size of: 215
Clk3 @ 258000000 Finished 496515 instructions 
Clk7 @ 258000000 Finished 496516 instructions 
Clk3 @ 259000000 Finished 498367 instructions 
Warm up done after line access count: 499992 out of 999985 (49.9999 %)
Clk@ 259887129 Working on the # 500000 th memory instruction
Sampling stash size at 499999 req has local max stash size of: 217
Clk3 @ 260000000 Finished 500207 instructions 
Clk3 @ 261000000 Finished 502062 instructions 
Clk3 @ 262000000 Finished 503942 instructions 
Sampling stash size at 504999 req has local max stash size of: 213
Clk3 @ 263000000 Finished 505838 instructions 
Clk7 @ 264000000 Finished 507742 instructions 
Clk3 @ 265000000 Finished 509624 instructions 
Clk@ 265202725 Working on the # 510000 th memory instruction
Sampling stash size at 509999 req has local max stash size of: 219
Clk7 @ 266000000 Finished 511448 instructions 
Clk3 @ 267000000 Finished 513387 instructions 
Sampling stash size at 514999 req has local max stash size of: 211
Clk3 @ 268000000 Finished 515302 instructions 
Clk3 @ 269000000 Finished 517227 instructions 
Clk7 @ 270000000 Finished 519095 instructions 
Clk@ 270463844 Working on the # 520000 th memory instruction
Sampling stash size at 519999 req has local max stash size of: 215
Clk3 @ 271000000 Finished 521027 instructions 
Clk3 @ 272000000 Finished 522970 instructions 
Clk3 @ 273000000 Finished 524905 instructions 
Sampling stash size at 524999 req has local max stash size of: 206
Clk7 @ 274000000 Finished 526762 instructions 
Clk7 @ 275000000 Finished 528675 instructions 
Clk@ 275682959 Working on the # 530000 th memory instruction
Sampling stash size at 529999 req has local max stash size of: 209
Clk7 @ 276000000 Finished 530609 instructions 
Clk3 @ 278000000 Finished 534487 instructions 
Sampling stash size at 534999 req has local max stash size of: 223
Clk3 @ 279000000 Finished 536401 instructions 
Clk3 @ 280000000 Finished 538362 instructions 
Clk@ 280827773 Working on the # 540000 th memory instruction
Sampling stash size at 539999 req has local max stash size of: 214
Clk7 @ 281000000 Finished 540330 instructions 
Clk3 @ 282000000 Finished 542258 instructions 
Clk3 @ 283000000 Finished 544243 instructions 
Sampling stash size at 544999 req has local max stash size of: 215
Clk7 @ 284000000 Finished 546186 instructions 
Clk7 @ 285000000 Finished 548119 instructions 
Clk7 @ 286000000 Finished 549965 instructions 
Clk@ 286017256 Working on the # 550000 th memory instruction
Sampling stash size at 549999 req has local max stash size of: 217
Clk7 @ 287000000 Finished 551916 instructions 
Clk7 @ 288000000 Finished 553860 instructions 
Sampling stash size at 554999 req has local max stash size of: 221
Clk3 @ 289000000 Finished 555804 instructions 
Clk7 @ 290000000 Finished 557655 instructions 
Clk7 @ 291000000 Finished 559605 instructions 
Clk@ 291195007 Working on the # 560000 th memory instruction
Sampling stash size at 559999 req has local max stash size of: 211
Clk7 @ 292000000 Finished 561572 instructions 
Clk3 @ 293000000 Finished 563526 instructions 
Sampling stash size at 564999 req has local max stash size of: 215
Clk3 @ 294000000 Finished 565435 instructions 
Clk7 @ 295000000 Finished 567399 instructions 
Clk3 @ 296000000 Finished 569342 instructions 
Clk@ 296354526 Working on the # 570000 th memory instruction
Sampling stash size at 569999 req has local max stash size of: 216
Clk7 @ 297000000 Finished 571257 instructions 
Clk7 @ 298000000 Finished 573193 instructions 
Sampling stash size at 574999 req has local max stash size of: 217
Clk3 @ 299000000 Finished 575147 instructions 
Clk7 @ 300000000 Finished 577067 instructions 
Clk3 @ 301000000 Finished 578987 instructions 
Clk@ 301546162 Working on the # 580000 th memory instruction
Sampling stash size at 579999 req has local max stash size of: 219
Clk3 @ 302000000 Finished 580903 instructions 
Clk3 @ 303000000 Finished 582807 instructions 
Clk3 @ 304000000 Finished 584767 instructions 
Sampling stash size at 584999 req has local max stash size of: 214
Clk3 @ 305000000 Finished 586688 instructions 
Clk3 @ 306000000 Finished 588587 instructions 
Clk@ 306729015 Working on the # 590000 th memory instruction
Sampling stash size at 589999 req has local max stash size of: 213
Clk7 @ 307000000 Finished 590525 instructions 
Clk3 @ 308000000 Finished 592484 instructions 
Clk3 @ 309000000 Finished 594401 instructions 
Sampling stash size at 594999 req has local max stash size of: 214
Clk7 @ 310000000 Finished 596328 instructions 
Clk7 @ 311000000 Finished 598249 instructions 
Clk@ 311889295 Working on the # 600000 th memory instruction
Sampling stash size at 599999 req has local max stash size of: 209
Clk7 @ 312000000 Finished 600208 instructions 
Clk3 @ 313000000 Finished 602127 instructions 
Clk7 @ 314000000 Finished 604075 instructions 
Sampling stash size at 604999 req has local max stash size of: 219
Clk3 @ 315000000 Finished 606007 instructions 
Clk3 @ 316000000 Finished 607947 instructions 
Clk7 @ 317000000 Finished 609789 instructions 
Clk@ 317120744 Working on the # 610000 th memory instruction
Sampling stash size at 609999 req has local max stash size of: 212
Clk7 @ 318000000 Finished 611609 instructions 
Clk3 @ 319000000 Finished 613507 instructions 
Sampling stash size at 614999 req has local max stash size of: 223
Clk7 @ 320000000 Finished 615446 instructions 
Clk3 @ 321000000 Finished 617344 instructions 
Clk3 @ 322000000 Finished 619242 instructions 
Clk@ 322392702 Working on the # 620000 th memory instruction
Sampling stash size at 619999 req has local max stash size of: 208
Clk7 @ 323000000 Finished 621162 instructions 
Clk3 @ 324000000 Finished 623126 instructions 
Sampling stash size at 624999 req has local max stash size of: 216
Clk3 @ 325000000 Finished 625041 instructions 
Clk3 @ 326000000 Finished 626983 instructions 
Clk3 @ 327000000 Finished 628921 instructions 
Clk@ 327553040 Working on the # 630000 th memory instruction
Sampling stash size at 629999 req has local max stash size of: 208
Clk7 @ 328000000 Finished 630848 instructions 
Clk3 @ 329000000 Finished 632754 instructions 
Clk3 @ 330000000 Finished 634667 instructions 
Sampling stash size at 634999 req has local max stash size of: 211
Clk3 @ 331000000 Finished 636607 instructions 
Clk3 @ 332000000 Finished 638544 instructions 
Clk@ 332749841 Working on the # 640000 th memory instruction
Sampling stash size at 639999 req has local max stash size of: 216
Clk3 @ 333000000 Finished 640426 instructions 
Clk3 @ 334000000 Finished 642327 instructions 
Clk3 @ 335000000 Finished 644272 instructions 
Sampling stash size at 644999 req has local max stash size of: 218
Clk3 @ 336000000 Finished 646214 instructions 
Clk3 @ 337000000 Finished 648128 instructions 
Clk@ 337961833 Working on the # 650000 th memory instruction
Sampling stash size at 649999 req has local max stash size of: 213
Clk7 @ 338000000 Finished 650069 instructions 
Clk3 @ 339000000 Finished 651940 instructions 
Clk7 @ 340000000 Finished 653879 instructions 
Sampling stash size at 654999 req has local max stash size of: 214
Clk3 @ 341000000 Finished 655752 instructions 
Clk3 @ 342000000 Finished 657651 instructions 
Clk3 @ 343000000 Finished 659555 instructions 
Clk@ 343230803 Working on the # 660000 th memory instruction
Sampling stash size at 659999 req has local max stash size of: 226
Clk7 @ 344000000 Finished 661454 instructions 
Clk3 @ 345000000 Finished 663342 instructions 
Sampling stash size at 664999 req has local max stash size of: 219
Clk7 @ 346000000 Finished 665211 instructions 
Clk3 @ 347000000 Finished 667102 instructions 
Clk3 @ 348000000 Finished 669022 instructions 
Clk@ 348517727 Working on the # 670000 th memory instruction
Sampling stash size at 669999 req has local max stash size of: 219
Clk7 @ 349000000 Finished 670843 instructions 
Clk3 @ 350000000 Finished 672776 instructions 
Clk3 @ 351000000 Finished 674690 instructions 
Sampling stash size at 674999 req has local max stash size of: 219
Clk3 @ 352000000 Finished 676640 instructions 
Clk3 @ 353000000 Finished 678584 instructions 
Clk@ 353731252 Working on the # 680000 th memory instruction
Sampling stash size at 679999 req has local max stash size of: 228
Clk7 @ 354000000 Finished 680524 instructions 
Clk3 @ 355000000 Finished 682467 instructions 
Clk3 @ 356000000 Finished 684416 instructions 
Sampling stash size at 684999 req has local max stash size of: 222
Clk3 @ 357000000 Finished 686243 instructions 
Clk3 @ 358000000 Finished 688172 instructions 
Clk@ 358945768 Working on the # 690000 th memory instruction
Sampling stash size at 689999 req has local max stash size of: 220
Clk3 @ 359000000 Finished 690104 instructions 
Clk7 @ 360000000 Finished 692039 instructions 
Clk3 @ 361000000 Finished 693947 instructions 
Sampling stash size at 694999 req has local max stash size of: 223
Clk3 @ 362000000 Finished 695892 instructions 
Clk3 @ 363000000 Finished 697819 instructions 
Clk3 @ 364000000 Finished 699740 instructions 
Clk@ 364133512 Working on the # 700000 th memory instruction
Sampling stash size at 699999 req has local max stash size of: 220
Clk3 @ 365000000 Finished 701607 instructions 
Clk3 @ 366000000 Finished 703543 instructions 
Sampling stash size at 704999 req has local max stash size of: 217
Clk7 @ 367000000 Finished 705449 instructions 
Clk7 @ 368000000 Finished 707377 instructions 
Clk7 @ 369000000 Finished 709310 instructions 
Clk@ 369353738 Working on the # 710000 th memory instruction
Sampling stash size at 709999 req has local max stash size of: 216
Clk3 @ 370000000 Finished 711267 instructions 
Clk3 @ 371000000 Finished 713207 instructions 
Sampling stash size at 714999 req has local max stash size of: 225
Clk3 @ 372000000 Finished 715173 instructions 
Clk3 @ 373000000 Finished 717027 instructions 
Clk3 @ 374000000 Finished 718952 instructions 
Clk@ 374536449 Working on the # 720000 th memory instruction
Sampling stash size at 719999 req has local max stash size of: 227
Clk3 @ 375000000 Finished 720887 instructions 
Clk3 @ 376000000 Finished 722825 instructions 
Clk3 @ 377000000 Finished 724764 instructions 
Sampling stash size at 724999 req has local max stash size of: 213
Clk3 @ 378000000 Finished 726703 instructions 
Clk3 @ 379000000 Finished 728603 instructions 
Clk@ 379739937 Working on the # 730000 th memory instruction
Sampling stash size at 729999 req has local max stash size of: 216
Clk3 @ 380000000 Finished 730487 instructions 
Clk3 @ 381000000 Finished 732241 instructions 
Clk3 @ 382000000 Finished 734167 instructions 
Sampling stash size at 734999 req has local max stash size of: 216
Clk7 @ 383000000 Finished 736106 instructions 
Clk3 @ 384000000 Finished 738024 instructions 
Clk7 @ 385000000 Finished 739917 instructions 
Clk@ 385042541 Working on the # 740000 th memory instruction
Sampling stash size at 739999 req has local max stash size of: 223
Clk3 @ 386000000 Finished 741787 instructions 
Clk3 @ 387000000 Finished 743677 instructions 
Sampling stash size at 744999 req has local max stash size of: 216
Clk3 @ 388000000 Finished 745527 instructions 
Clk3 @ 389000000 Finished 747304 instructions 
Clk3 @ 390000000 Finished 749168 instructions 
Clk@ 390421620 Working on the # 750000 th memory instruction
Sampling stash size at 749999 req has local max stash size of: 226
Clk3 @ 391000000 Finished 751124 instructions 
Clk7 @ 392000000 Finished 753037 instructions 
Clk3 @ 393000000 Finished 754945 instructions 
Sampling stash size at 754999 req has local max stash size of: 228
Clk3 @ 394000000 Finished 756881 instructions 
Clk7 @ 395000000 Finished 758818 instructions 
Clk@ 395599850 Working on the # 760000 th memory instruction
Sampling stash size at 759999 req has local max stash size of: 224
Clk3 @ 396000000 Finished 760766 instructions 
Clk3 @ 397000000 Finished 762642 instructions 
Clk7 @ 398000000 Finished 764584 instructions 
Sampling stash size at 764999 req has local max stash size of: 216
Clk7 @ 399000000 Finished 766547 instructions 
Clk7 @ 400000000 Finished 768484 instructions 
Clk@ 400789151 Working on the # 770000 th memory instruction
Sampling stash size at 769999 req has local max stash size of: 222
Clk3 @ 401000000 Finished 770408 instructions 
Clk3 @ 402000000 Finished 772343 instructions 
Clk3 @ 403000000 Finished 774287 instructions 
Sampling stash size at 774999 req has local max stash size of: 218
Clk3 @ 404000000 Finished 776216 instructions 
Clk@ 405983333 Working on the # 780000 th memory instruction
Sampling stash size at 779999 req has local max stash size of: 227
Clk3 @ 406000000 Finished 780027 instructions 
Clk7 @ 407000000 Finished 781970 instructions 
Clk3 @ 408000000 Finished 783927 instructions 
Sampling stash size at 784999 req has local max stash size of: 218
Clk3 @ 409000000 Finished 785847 instructions 
Clk3 @ 410000000 Finished 787787 instructions 
Clk3 @ 411000000 Finished 789727 instructions 
Clk@ 411139110 Working on the # 790000 th memory instruction
Sampling stash size at 789999 req has local max stash size of: 220
Clk3 @ 412000000 Finished 791662 instructions 
Clk7 @ 413000000 Finished 793471 instructions 
Sampling stash size at 794999 req has local max stash size of: 220
Clk3 @ 414000000 Finished 795407 instructions 
Clk7 @ 415000000 Finished 797363 instructions 
Clk7 @ 416000000 Finished 799297 instructions 
Clk@ 416365729 Working on the # 800000 th memory instruction
Sampling stash size at 799999 req has local max stash size of: 221
Clk3 @ 417000000 Finished 801207 instructions 
Clk7 @ 418000000 Finished 803128 instructions 
Sampling stash size at 804999 req has local max stash size of: 217
Clk7 @ 419000000 Finished 805087 instructions 
Clk7 @ 420000000 Finished 807034 instructions 
Clk3 @ 421000000 Finished 808903 instructions 
Clk@ 421565900 Working on the # 810000 th memory instruction
Sampling stash size at 809999 req has local max stash size of: 213
Clk7 @ 422000000 Finished 810844 instructions 
Clk3 @ 423000000 Finished 812758 instructions 
Clk3 @ 424000000 Finished 814674 instructions 
Sampling stash size at 814999 req has local max stash size of: 226
Clk3 @ 425000000 Finished 816587 instructions 
Clk7 @ 426000000 Finished 818525 instructions 
Clk@ 426763003 Working on the # 820000 th memory instruction
Sampling stash size at 819999 req has local max stash size of: 221
Clk3 @ 427000000 Finished 820462 instructions 
Clk3 @ 428000000 Finished 822387 instructions 
Clk3 @ 429000000 Finished 824287 instructions 
Sampling stash size at 824999 req has local max stash size of: 219
Clk3 @ 430000000 Finished 826207 instructions 
Clk7 @ 431000000 Finished 828093 instructions 
Clk@ 431999689 Working on the # 830000 th memory instruction
Clk3 @ 432000000 Finished 830001 instructions 
Sampling stash size at 829999 req has local max stash size of: 219
Clk3 @ 433000000 Finished 831927 instructions 
Clk7 @ 434000000 Finished 833865 instructions 
Sampling stash size at 834999 req has local max stash size of: 215
Clk3 @ 435000000 Finished 835805 instructions 
Clk7 @ 436000000 Finished 837754 instructions 
Clk3 @ 437000000 Finished 839627 instructions 
Clk@ 437190661 Working on the # 840000 th memory instruction
Sampling stash size at 839999 req has local max stash size of: 215
Clk7 @ 438000000 Finished 841574 instructions 
Clk3 @ 439000000 Finished 843463 instructions 
Sampling stash size at 844999 req has local max stash size of: 217
Clk3 @ 440000000 Finished 845407 instructions 
Clk7 @ 441000000 Finished 847320 instructions 
Clk7 @ 442000000 Finished 849224 instructions 
Clk@ 442406307 Working on the # 850000 th memory instruction
Sampling stash size at 849999 req has local max stash size of: 223
Clk3 @ 443000000 Finished 851147 instructions 
Clk7 @ 444000000 Finished 853049 instructions 
Clk3 @ 445000000 Finished 854887 instructions 
Sampling stash size at 854999 req has local max stash size of: 216
Clk3 @ 446000000 Finished 856848 instructions 
Clk3 @ 447000000 Finished 858785 instructions 
Clk@ 447627069 Working on the # 860000 th memory instruction
Sampling stash size at 859999 req has local max stash size of: 212
Clk3 @ 448000000 Finished 860727 instructions 
Clk7 @ 449000000 Finished 862660 instructions 
Clk3 @ 450000000 Finished 864599 instructions 
Sampling stash size at 864999 req has local max stash size of: 218
Clk3 @ 451000000 Finished 866503 instructions 
Clk7 @ 452000000 Finished 868398 instructions 
Clk@ 452883934 Working on the # 870000 th memory instruction
Sampling stash size at 869999 req has local max stash size of: 208
Clk7 @ 453000000 Finished 870219 instructions 
Clk3 @ 454000000 Finished 872180 instructions 
Clk3 @ 455000000 Finished 874101 instructions 
Sampling stash size at 874999 req has local max stash size of: 216
Clk7 @ 456000000 Finished 876052 instructions 
Clk3 @ 457000000 Finished 877984 instructions 
Clk3 @ 458000000 Finished 879947 instructions 
Clk@ 458025608 Working on the # 880000 th memory instruction
Sampling stash size at 879999 req has local max stash size of: 217
Clk3 @ 459000000 Finished 881907 instructions 
Clk3 @ 460000000 Finished 883847 instructions 
Sampling stash size at 884999 req has local max stash size of: 214
Clk3 @ 461000000 Finished 885723 instructions 
Clk7 @ 462000000 Finished 887692 instructions 
Clk3 @ 463000000 Finished 889625 instructions 
Clk@ 463196928 Working on the # 890000 th memory instruction
Sampling stash size at 889999 req has local max stash size of: 216
Clk3 @ 464000000 Finished 891567 instructions 
Clk3 @ 465000000 Finished 893507 instructions 
Sampling stash size at 894999 req has local max stash size of: 217
Clk3 @ 466000000 Finished 895420 instructions 
Clk3 @ 467000000 Finished 897347 instructions 
Clk7 @ 468000000 Finished 899283 instructions 
Clk@ 468385329 Working on the # 900000 th memory instruction
Sampling stash size at 899999 req has local max stash size of: 223
Clk3 @ 469000000 Finished 901189 instructions 
Clk7 @ 470000000 Finished 903100 instructions 
Sampling stash size at 904999 req has local max stash size of: 219
Clk3 @ 471000000 Finished 905012 instructions 
Clk7 @ 472000000 Finished 906952 instructions 
Clk3 @ 473000000 Finished 908898 instructions 
Clk@ 473586808 Working on the # 910000 th memory instruction
Sampling stash size at 909999 req has local max stash size of: 215
Clk7 @ 474000000 Finished 910785 instructions 
Clk3 @ 475000000 Finished 912724 instructions 
Clk7 @ 476000000 Finished 914603 instructions 
Sampling stash size at 914999 req has local max stash size of: 218
Clk3 @ 477000000 Finished 916513 instructions 
Clk7 @ 478000000 Finished 918454 instructions 
Clk@ 478787142 Working on the # 920000 th memory instruction
Sampling stash size at 919999 req has local max stash size of: 216
Clk3 @ 479000000 Finished 920407 instructions 
Clk3 @ 480000000 Finished 922327 instructions 
Clk3 @ 481000000 Finished 924287 instructions 
Sampling stash size at 924999 req has local max stash size of: 215
Clk3 @ 482000000 Finished 926225 instructions 
Clk7 @ 483000000 Finished 928166 instructions 
Clk@ 483973126 Working on the # 930000 th memory instruction
Sampling stash size at 929999 req has local max stash size of: 225
Clk3 @ 484000000 Finished 930047 instructions 
Clk7 @ 485000000 Finished 931939 instructions 
Clk3 @ 486000000 Finished 933867 instructions 
Sampling stash size at 934999 req has local max stash size of: 216
Clk3 @ 487000000 Finished 935807 instructions 
Clk3 @ 488000000 Finished 937727 instructions 
Clk3 @ 489000000 Finished 939684 instructions 
Clk@ 489160882 Working on the # 940000 th memory instruction
Sampling stash size at 939999 req has local max stash size of: 218
Clk7 @ 490000000 Finished 941618 instructions 
Clk7 @ 491000000 Finished 943535 instructions 
Sampling stash size at 944999 req has local max stash size of: 222
Clk7 @ 492000000 Finished 945400 instructions 
Clk7 @ 493000000 Finished 947309 instructions 
Clk3 @ 494000000 Finished 949222 instructions 
Clk@ 494402615 Working on the # 950000 th memory instruction
Sampling stash size at 949999 req has local max stash size of: 220
Clk7 @ 495000000 Finished 951129 instructions 
Clk7 @ 496000000 Finished 953040 instructions 
Clk7 @ 497000000 Finished 954971 instructions 
Sampling stash size at 954999 req has local max stash size of: 226
Clk7 @ 498000000 Finished 956868 instructions 
Clk3 @ 499000000 Finished 958812 instructions 
Clk@ 499606522 Working on the # 960000 th memory instruction
Sampling stash size at 959999 req has local max stash size of: 218
Clk3 @ 500000000 Finished 960692 instructions 
Clk3 @ 501000000 Finished 962580 instructions 
Clk3 @ 502000000 Finished 964439 instructions 
Sampling stash size at 964999 req has local max stash size of: 215
Clk3 @ 503000000 Finished 966307 instructions 
Clk7 @ 504000000 Finished 968175 instructions 
Clk@ 504963296 Working on the # 970000 th memory instruction
Sampling stash size at 969999 req has local max stash size of: 223
Clk3 @ 505000000 Finished 970068 instructions 
Clk3 @ 506000000 Finished 971945 instructions 
Clk3 @ 507000000 Finished 973767 instructions 
Sampling stash size at 974999 req has local max stash size of: 225
Clk7 @ 508000000 Finished 975517 instructions 
Clk3 @ 509000000 Finished 977187 instructions 
Clk7 @ 510000000 Finished 979003 instructions 
Clk@ 510548893 Working on the # 980000 th memory instruction
Sampling stash size at 979999 req has local max stash size of: 219
Clk7 @ 511000000 Finished 980831 instructions 
Clk7 @ 512000000 Finished 982667 instructions 
Clk7 @ 513000000 Finished 984489 instructions 
Sampling stash size at 984999 req has local max stash size of: 217
Clk3 @ 514000000 Finished 986367 instructions 
Clk7 @ 515000000 Finished 988221 instructions 
Clk@ 515985025 Working on the # 990000 th memory instruction
Sampling stash size at 989999 req has local max stash size of: 215
Clk7 @ 516000000 Finished 990026 instructions 
Clk3 @ 517000000 Finished 991806 instructions 
Clk7 @ 518000000 Finished 993684 instructions 
Sampling stash size at 994999 req has local max stash size of: 222
Clk3 @ 519000000 Finished 995580 instructions 
Clk3 @ 520000000 Finished 997481 instructions 
Clk7 @ 521000000 Finished 999342 instructions 

===*** Data ***====
Stall reason distribution: 
mc_hazard: 0
normal: 0
rs_hazard: 0
rw_swtich: 0
Early reshuffle distribution: 
0: 0
1: 0
2: 0
3: 0
4: 0
5: 1993
6: 3812
7: 3907
8: 3831
9: 3795
10: 3842
11: 3811
12: 3654
13: 3373
14: 2836
15: 1717
16: 92
17: 0
18: 0
19: 0
20: 0
21: 0
22: 0
23: 0
=================
Max stash size is: 228
Average stash size is: 108.669
Average mem q size is: 79.3549
Total mem q size is:29023504
mem_q_sample_times is:365743
useful_read_pull_ddr: 498812 (1.30227) %
dummy_read_pull_ddr: 8752115 (22.8494) %
useful_early_pull_ddr: 320622 (0.837059) %
useful_early_push_ddr: 183969 (0.480294) %
useful_write_pull_ddr: 7342590 (19.1695) %
useful_write_push_ddr: 3337012 (8.71205) %
dummy_early_pull_ddr: 27164 (0.070918) %
dummy_early_push_ddr: 695725 (1.81635) %
dummy_write_pull_ddr: 57410 (0.149882) %
dummy_write_push_ddr: 17087988 (44.6122) %
=================
Stash violation number of times: 0
=================
Check NodeID traffic: 5951816
Update NodeID traffic: 19
=================
Read RS lines: 999985 (85.2278) %
Write RS lines: 99998 (8.52273) %
Early RS lines: 73326 (6.2495) %
Read DDR lines: 18501521 (24.5785) %
Write DDR lines: 54573879 (72.4992) %
Early DDR lines: 2199780 (2.92232) %

====*** pos1 ***====
Stall reason distribution: 
mc_hazard: 0
normal: 0
rs_hazard: 0
rw_swtich: 0
Early reshuffle distribution: 
0: 0
1: 0
2: 1266
3: 3168
4: 3560
5: 3720
6: 3854
7: 3868
8: 3834
9: 3834
10: 3842
11: 3779
12: 3605
13: 3367
14: 2846
15: 1823
16: 94
17: 0
18: 0
19: 0
20: 0
=================
Max stash size is: 222
Average stash size is: 91.085
Average mem q size is: 83.3408
Total mem q size is:7186397
mem_q_sample_times is:86229
useful_read_pull_ddr: 993280 (1.34572) %
dummy_read_pull_ddr: 17006450 (23.0408) %
useful_early_pull_ddr: 675330 (0.914954) %
useful_early_push_ddr: 361681 (0.490014) %
useful_write_pull_ddr: 13990002 (18.954) %
useful_write_push_ddr: 6454695 (8.74498) %
dummy_early_pull_ddr: 92968 (0.125955) %
dummy_early_push_ddr: 1581661 (2.14287) %
dummy_write_pull_ddr: 409710 (0.555085) %
dummy_write_push_ddr: 32244531 (43.6857) %
=================
Stash violation number of times: 0
=================
Check NodeID traffic: 8280713
Update NodeID traffic: 3
=================
Read RS lines: 999985 (83.8279) %
Write RS lines: 99998 (8.38274) %
Early RS lines: 92920 (7.7894) %
Read DDR lines: 17999730 (24.3865) %
Write DDR lines: 53098938 (71.9397) %
Early DDR lines: 2711640 (3.6738) %

====*** pos2 ***====
Stall reason distribution: 
mc_hazard: 0
normal: 0
rs_hazard: 0
rw_swtich: 0
Early reshuffle distribution: 
0: 0
1: 451
2: 2458
3: 3157
4: 3568
5: 3728
6: 3784
7: 3934
8: 3889
9: 3883
10: 3735
11: 3867
12: 3622
13: 3474
14: 2895
15: 1847
16: 90
17: 0
=================
Max stash size is: 178
Average stash size is: 75.5065
Average mem q size is: 80.0733
Total mem q size is:5554682
mem_q_sample_times is:69370
useful_read_pull_ddr: 977078 (1.57651) %
dummy_read_pull_ddr: 14022697 (22.6255) %
useful_early_pull_ddr: 641728 (1.03542) %
useful_early_push_ddr: 265912 (0.429048) %
useful_write_pull_ddr: 11264106 (18.1746) %
useful_write_push_ddr: 5165858 (8.33508) %
dummy_early_pull_ddr: 131313 (0.211873) %
dummy_early_push_ddr: 1689427 (2.72588) %
dummy_write_pull_ddr: 735654 (1.18697) %
dummy_write_push_ddr: 27083497 (43.6991) %
=================
Stash violation number of times: 0
=================
Check NodeID traffic: 4416737
Update NodeID traffic: 0
=================
Read RS lines: 999985 (83.5586) %
Write RS lines: 99998 (8.35582) %
Early RS lines: 96764 (8.08559) %
Read DDR lines: 14999775 (24.2021) %
Write DDR lines: 44249115 (71.3957) %
Early DDR lines: 2728380 (4.40223) %
=================
The final DRAM clk is: 521342358 ticks.
Idle waiting clk is 174070356, which is 33.3889 %
DRAM Frequency is: 1600MHz
The final time in ns is: 3.25839e+08 ns.
Time distribution: 
Data pull time is: 0
data: 0
pos1: 0
pos2: 0
Data distribution: 
Pos2 data: 61977270
Pos1 data: 73810308
Data: 75275180
Node access DDR: 11903632
Pull DDR: 18501521
WB DDR: 54573879
Early DDR: 2199780
Achieved BW is: 61.0738 GB/s
Ideal BW is: 102.4 GB/s
Metadata cache conclusion: 
overall_hit: 14530581 overall_total: 26436255
Cache Size 64 KB Overall Hit rate: 54.9646 %. 
Simulation done. Statistics written to results_all/redis_output.txt
