Valid leaf ID range: 16777215:33554430
Num of top nodes: 16777216
Data level num of ways: 16777216
Z: 16
S: 27
A: 20
cached_total: 1
cached_total: 3
cached_total: 7
cached_total: 15
cached_total: 31
cached_total: 63
cached_total: 127
Total number of ORAM protected cache line blocks: 16777216
Cached number of levels: 6
Max number of levels: 25
Start lvl is: 0
data valid leaf right: 33554431
data num of levels: 25
data level num of ways: 16777216
data number of sets: 1
Cached node ID: 0 -- 95
Address space: 0 - 4 GB
pos1 valid leaf right: 4194303
pos1 num of levels: 22
pos1 level num of ways: 2097152
pos1 number of sets: 1
Cached node ID: 0 -- 11
Address space: 0 - 0.5 GB
pos2 valid leaf right: 524287
pos2 num of levels: 19
pos2 level num of ways: 262144
pos2 number of sets: 1
Cached node ID: 0 -- 5
Address space: 0 - 0.0625 GB
new addr: 404
(myrs->posMap.find(new_addr) != myrs->posMap.end()): 1
(myrs->posMap[new_addr].pending): 0
myrs->posMap[new_addr] = 1028
#2 ID 0 set true here
Clk3 @ 1000000 Finished 2109 instructions 
Clk3 @ 2000000 Finished 4387 instructions 
Sampling stash size at 4999 req has local max stash size of: 133
Clk3 @ 3000000 Finished 6742 instructions 
Clk3 @ 4000000 Finished 9082 instructions 
Clk@ 4388145 Working on the # 10000 th memory instruction
Sampling stash size at 9999 req has local max stash size of: 143
Clk3 @ 5000000 Finished 11467 instructions 
Clk3 @ 6000000 Finished 13902 instructions 
Sampling stash size at 14999 req has local max stash size of: 152
Clk7 @ 7000000 Finished 16268 instructions 
Clk7 @ 8000000 Finished 18727 instructions 
Clk@ 8527456 Working on the # 20000 th memory instruction
Sampling stash size at 19999 req has local max stash size of: 164
Clk7 @ 9000000 Finished 21127 instructions 
Clk3 @ 10000000 Finished 23561 instructions 
Sampling stash size at 24999 req has local max stash size of: 170
Clk3 @ 11000000 Finished 26022 instructions 
Clk7 @ 12000000 Finished 28473 instructions 
Clk@ 12626591 Working on the # 30000 th memory instruction
Sampling stash size at 29999 req has local max stash size of: 170
Clk7 @ 13000000 Finished 30845 instructions 
Clk3 @ 14000000 Finished 33220 instructions 
Sampling stash size at 34999 req has local max stash size of: 172
Clk7 @ 15000000 Finished 35648 instructions 
Clk7 @ 16000000 Finished 38096 instructions 
Clk@ 16789436 Working on the # 40000 th memory instruction
Sampling stash size at 39999 req has local max stash size of: 171
Clk7 @ 17000000 Finished 40507 instructions 
Clk3 @ 18000000 Finished 42910 instructions 
Sampling stash size at 44999 req has local max stash size of: 175
Clk7 @ 19000000 Finished 45374 instructions 
Clk3 @ 20000000 Finished 47765 instructions 
Clk@ 20905294 Working on the # 50000 th memory instruction
Sampling stash size at 49999 req has local max stash size of: 174
Clk7 @ 21000000 Finished 50229 instructions 
Clk3 @ 22000000 Finished 52701 instructions 
Sampling stash size at 54999 req has local max stash size of: 179
Clk3 @ 23000000 Finished 55127 instructions 
Clk3 @ 24000000 Finished 57595 instructions 
Clk@ 24968402 Working on the # 60000 th memory instruction
Sampling stash size at 59999 req has local max stash size of: 186
Clk7 @ 25000000 Finished 60068 instructions 
Clk3 @ 26000000 Finished 62307 instructions 
Clk3 @ 27000000 Finished 64707 instructions 
Sampling stash size at 64999 req has local max stash size of: 178
Clk3 @ 28000000 Finished 67147 instructions 
Clk7 @ 29000000 Finished 69600 instructions 
Clk@ 29164204 Working on the # 70000 th memory instruction
Sampling stash size at 69999 req has local max stash size of: 182
Clk3 @ 30000000 Finished 72049 instructions 
Clk7 @ 31000000 Finished 74507 instructions 
Sampling stash size at 74999 req has local max stash size of: 188
Clk7 @ 32000000 Finished 76934 instructions 
Clk3 @ 33000000 Finished 79362 instructions 
Clk@ 33254827 Working on the # 80000 th memory instruction
Sampling stash size at 79999 req has local max stash size of: 183
Clk3 @ 34000000 Finished 81807 instructions 
Clk3 @ 35000000 Finished 84188 instructions 
Sampling stash size at 84999 req has local max stash size of: 198
Clk3 @ 36000000 Finished 86627 instructions 
Clk3 @ 37000000 Finished 89087 instructions 
Clk@ 37373676 Working on the # 90000 th memory instruction
Sampling stash size at 89999 req has local max stash size of: 185
Clk7 @ 38000000 Finished 91503 instructions 
Clk3 @ 39000000 Finished 93866 instructions 
Sampling stash size at 94999 req has local max stash size of: 187
Clk3 @ 40000000 Finished 96327 instructions 
Clk7 @ 41000000 Finished 98789 instructions 
Clk@ 41497269 Working on the # 100000 th memory instruction
Sampling stash size at 99999 req has local max stash size of: 187
Clk3 @ 42000000 Finished 101215 instructions 
Clk3 @ 43000000 Finished 103666 instructions 
Sampling stash size at 104999 req has local max stash size of: 198
Clk3 @ 44000000 Finished 106088 instructions 
Clk3 @ 45000000 Finished 108520 instructions 
Clk@ 45611559 Working on the # 110000 th memory instruction
Sampling stash size at 109999 req has local max stash size of: 189
Clk7 @ 46000000 Finished 110950 instructions 
Clk3 @ 47000000 Finished 113407 instructions 
Sampling stash size at 114999 req has local max stash size of: 194
Clk3 @ 48000000 Finished 115844 instructions 
Clk3 @ 49000000 Finished 118282 instructions 
Clk@ 49706680 Working on the # 120000 th memory instruction
Sampling stash size at 119999 req has local max stash size of: 192
Clk3 @ 50000000 Finished 120703 instructions 
Clk3 @ 51000000 Finished 122981 instructions 
Sampling stash size at 124999 req has local max stash size of: 203
Clk7 @ 52000000 Finished 125207 instructions 
Clk7 @ 53000000 Finished 127607 instructions 
Clk@ 53986098 Working on the # 130000 th memory instruction
Sampling stash size at 129999 req has local max stash size of: 198
Clk7 @ 54000000 Finished 130030 instructions 
Clk3 @ 55000000 Finished 132467 instructions 
Clk7 @ 56000000 Finished 134940 instructions 
Sampling stash size at 134999 req has local max stash size of: 199
Clk3 @ 57000000 Finished 137367 instructions 
Clk3 @ 58000000 Finished 139786 instructions 
Clk@ 58085915 Working on the # 140000 th memory instruction
Sampling stash size at 139999 req has local max stash size of: 201
Clk7 @ 59000000 Finished 142250 instructions 
Clk7 @ 60000000 Finished 144695 instructions 
Sampling stash size at 144999 req has local max stash size of: 191
Clk7 @ 61000000 Finished 147128 instructions 
Clk7 @ 62000000 Finished 149593 instructions 
Clk@ 62164093 Working on the # 150000 th memory instruction
Sampling stash size at 149999 req has local max stash size of: 192
Clk3 @ 63000000 Finished 152060 instructions 
Clk7 @ 64000000 Finished 154399 instructions 
Sampling stash size at 154999 req has local max stash size of: 204
Clk7 @ 65000000 Finished 156843 instructions 
Clk3 @ 66000000 Finished 159284 instructions 
Clk@ 66292259 Working on the # 160000 th memory instruction
Sampling stash size at 159999 req has local max stash size of: 194
Clk3 @ 67000000 Finished 161727 instructions 
Clk7 @ 68000000 Finished 164127 instructions 
Sampling stash size at 164999 req has local max stash size of: 198
Clk7 @ 69000000 Finished 166453 instructions 
Clk3 @ 70000000 Finished 168827 instructions 
Clk@ 70481963 Working on the # 170000 th memory instruction
Sampling stash size at 169999 req has local max stash size of: 206
Clk3 @ 71000000 Finished 171243 instructions 
Clk7 @ 72000000 Finished 173637 instructions 
Sampling stash size at 174999 req has local max stash size of: 196
Clk3 @ 73000000 Finished 176068 instructions 
Clk7 @ 74000000 Finished 178507 instructions 
Clk@ 74619501 Working on the # 180000 th memory instruction
Sampling stash size at 179999 req has local max stash size of: 198
Clk7 @ 75000000 Finished 180927 instructions 
Clk3 @ 76000000 Finished 183284 instructions 
Sampling stash size at 184999 req has local max stash size of: 192
Clk7 @ 77000000 Finished 185684 instructions 
Clk3 @ 78000000 Finished 187965 instructions 
Clk@ 78833395 Working on the # 190000 th memory instruction
Sampling stash size at 189999 req has local max stash size of: 201
Clk7 @ 79000000 Finished 190409 instructions 
Clk7 @ 80000000 Finished 192847 instructions 
Sampling stash size at 194999 req has local max stash size of: 197
Clk3 @ 81000000 Finished 195281 instructions 
Clk3 @ 82000000 Finished 197743 instructions 
Clk@ 82936365 Working on the # 200000 th memory instruction
Sampling stash size at 199999 req has local max stash size of: 197
Clk3 @ 83000000 Finished 200150 instructions 
Clk7 @ 83000000 Finished 200150 instructions 
Clk3 @ 84000000 Finished 202585 instructions 
Sampling stash size at 204999 req has local max stash size of: 199
Clk3 @ 85000000 Finished 205007 instructions 
Clk7 @ 86000000 Finished 207411 instructions 
Clk7 @ 87000000 Finished 209856 instructions 
Clk@ 87057830 Working on the # 210000 th memory instruction
Sampling stash size at 209999 req has local max stash size of: 198
Clk3 @ 88000000 Finished 212262 instructions 
Clk3 @ 89000000 Finished 214684 instructions 
Sampling stash size at 214999 req has local max stash size of: 197
Clk3 @ 90000000 Finished 217087 instructions 
Clk3 @ 91000000 Finished 219476 instructions 
Clk@ 91209541 Working on the # 220000 th memory instruction
Sampling stash size at 219999 req has local max stash size of: 198
Clk7 @ 92000000 Finished 221913 instructions 
Clk3 @ 93000000 Finished 224368 instructions 
Sampling stash size at 224999 req has local max stash size of: 201
Clk3 @ 94000000 Finished 226820 instructions 
Clk3 @ 95000000 Finished 229227 instructions 
Clk@ 95310838 Working on the # 230000 th memory instruction
Sampling stash size at 229999 req has local max stash size of: 215
Clk3 @ 96000000 Finished 231689 instructions 
Clk3 @ 97000000 Finished 234105 instructions 
Sampling stash size at 234999 req has local max stash size of: 201
Clk7 @ 98000000 Finished 236542 instructions 
Clk3 @ 99000000 Finished 238989 instructions 
Clk@ 99410289 Working on the # 240000 th memory instruction
Sampling stash size at 239999 req has local max stash size of: 202
Clk3 @ 100000000 Finished 241403 instructions 
Clk3 @ 101000000 Finished 243785 instructions 
Sampling stash size at 244999 req has local max stash size of: 207
Clk7 @ 102000000 Finished 245989 instructions 
Clk7 @ 103000000 Finished 248182 instructions 
Clk@ 103795935 Working on the # 250000 th memory instruction
Sampling stash size at 249999 req has local max stash size of: 197
Clk3 @ 104000000 Finished 250482 instructions 
Clk7 @ 105000000 Finished 252881 instructions 
Sampling stash size at 254999 req has local max stash size of: 209
Clk3 @ 106000000 Finished 255267 instructions 
Clk7 @ 107000000 Finished 257669 instructions 
Clk@ 107967753 Working on the # 260000 th memory instruction
Sampling stash size at 259999 req has local max stash size of: 204
Clk7 @ 108000000 Finished 260081 instructions 
Clk3 @ 109000000 Finished 262516 instructions 
Clk3 @ 110000000 Finished 264902 instructions 
Sampling stash size at 264999 req has local max stash size of: 205
Clk3 @ 111000000 Finished 267343 instructions 
Clk3 @ 112000000 Finished 269787 instructions 
Clk@ 112086445 Working on the # 270000 th memory instruction
Sampling stash size at 269999 req has local max stash size of: 201
Clk3 @ 113000000 Finished 272227 instructions 
Clk3 @ 114000000 Finished 274623 instructions 
Sampling stash size at 274999 req has local max stash size of: 213
Clk3 @ 115000000 Finished 277047 instructions 
Clk7 @ 116000000 Finished 279446 instructions 
Clk@ 116224986 Working on the # 280000 th memory instruction
Sampling stash size at 279999 req has local max stash size of: 206
Clk3 @ 117000000 Finished 281904 instructions 
Clk3 @ 118000000 Finished 284327 instructions 
Sampling stash size at 284999 req has local max stash size of: 201
Clk3 @ 119000000 Finished 286746 instructions 
Clk3 @ 120000000 Finished 289182 instructions 
Clk@ 120345319 Working on the # 290000 th memory instruction
Sampling stash size at 289999 req has local max stash size of: 207
Clk3 @ 121000000 Finished 291602 instructions 
Clk7 @ 122000000 Finished 294021 instructions 
Sampling stash size at 294999 req has local max stash size of: 207
Clk3 @ 123000000 Finished 296487 instructions 
Clk3 @ 124000000 Finished 298945 instructions 
Clk@ 124425282 Working on the # 300000 th memory instruction
Sampling stash size at 299999 req has local max stash size of: 207
Clk7 @ 125000000 Finished 301376 instructions 
Clk3 @ 126000000 Finished 303807 instructions 
Sampling stash size at 304999 req has local max stash size of: 217
Clk3 @ 127000000 Finished 306107 instructions 
Clk3 @ 128000000 Finished 308516 instructions 
Clk@ 128646832 Working on the # 310000 th memory instruction
Sampling stash size at 309999 req has local max stash size of: 210
Clk3 @ 129000000 Finished 310865 instructions 
Clk3 @ 130000000 Finished 313307 instructions 
Sampling stash size at 314999 req has local max stash size of: 213
Clk7 @ 131000000 Finished 315761 instructions 
Clk3 @ 132000000 Finished 318172 instructions 
Clk@ 132745090 Working on the # 320000 th memory instruction
Sampling stash size at 319999 req has local max stash size of: 221
Clk3 @ 133000000 Finished 320585 instructions 
Clk3 @ 134000000 Finished 323027 instructions 
Sampling stash size at 324999 req has local max stash size of: 211
Clk3 @ 135000000 Finished 325423 instructions 
Clk7 @ 136000000 Finished 327811 instructions 
Clk@ 136914806 Working on the # 330000 th memory instruction
Sampling stash size at 329999 req has local max stash size of: 207
Clk7 @ 137000000 Finished 330202 instructions 
Clk7 @ 138000000 Finished 332530 instructions 
Clk7 @ 139000000 Finished 334934 instructions 
Sampling stash size at 334999 req has local max stash size of: 206
Clk7 @ 140000000 Finished 337341 instructions 
Clk7 @ 141000000 Finished 339771 instructions 
Clk@ 141091759 Working on the # 340000 th memory instruction
Sampling stash size at 339999 req has local max stash size of: 228
Clk3 @ 142000000 Finished 342202 instructions 
Clk3 @ 143000000 Finished 344542 instructions 
Sampling stash size at 344999 req has local max stash size of: 209
Clk3 @ 144000000 Finished 346947 instructions 
Clk3 @ 145000000 Finished 349397 instructions 
Clk@ 145242781 Working on the # 350000 th memory instruction
Sampling stash size at 349999 req has local max stash size of: 216
Clk7 @ 146000000 Finished 351830 instructions 
Clk3 @ 147000000 Finished 354282 instructions 
Sampling stash size at 354999 req has local max stash size of: 209
Clk7 @ 148000000 Finished 356718 instructions 
Clk7 @ 149000000 Finished 359096 instructions 
Clk@ 149368309 Working on the # 360000 th memory instruction
Sampling stash size at 359999 req has local max stash size of: 222
Clk3 @ 150000000 Finished 361559 instructions 
Clk3 @ 151000000 Finished 363987 instructions 
Sampling stash size at 364999 req has local max stash size of: 211
Clk7 @ 152000000 Finished 366249 instructions 
Clk3 @ 153000000 Finished 368673 instructions 
Clk@ 153551530 Working on the # 370000 th memory instruction
Sampling stash size at 369999 req has local max stash size of: 203
Clk7 @ 154000000 Finished 371066 instructions 
Clk3 @ 155000000 Finished 373346 instructions 
Sampling stash size at 374999 req has local max stash size of: 211
Clk3 @ 156000000 Finished 375687 instructions 
Clk3 @ 157000000 Finished 378127 instructions 
Clk@ 157762562 Working on the # 380000 th memory instruction
Sampling stash size at 379999 req has local max stash size of: 215
Clk7 @ 158000000 Finished 380570 instructions 
Clk7 @ 159000000 Finished 382979 instructions 
Sampling stash size at 384999 req has local max stash size of: 214
Clk7 @ 160000000 Finished 385431 instructions 
Clk7 @ 161000000 Finished 387867 instructions 
Clk@ 161892410 Working on the # 390000 th memory instruction
Sampling stash size at 389999 req has local max stash size of: 213
Clk3 @ 162000000 Finished 390263 instructions 
Clk3 @ 163000000 Finished 392706 instructions 
Sampling stash size at 394999 req has local max stash size of: 213
Clk7 @ 164000000 Finished 395151 instructions 
Clk3 @ 165000000 Finished 397507 instructions 
Clk3 @ 166000000 Finished 399963 instructions 
Clk@ 166014728 Working on the # 400000 th memory instruction
Sampling stash size at 399999 req has local max stash size of: 206
Clk7 @ 167000000 Finished 402363 instructions 
Clk3 @ 168000000 Finished 404752 instructions 
Sampling stash size at 404999 req has local max stash size of: 219
Clk3 @ 169000000 Finished 407162 instructions 
Clk3 @ 170000000 Finished 409587 instructions 
Clk@ 170172005 Working on the # 410000 th memory instruction
Sampling stash size at 409999 req has local max stash size of: 215
Clk3 @ 171000000 Finished 412007 instructions 
Clk7 @ 172000000 Finished 414416 instructions 
Sampling stash size at 414999 req has local max stash size of: 207
Clk3 @ 173000000 Finished 416847 instructions 
Clk3 @ 174000000 Finished 419247 instructions 
Clk@ 174298124 Working on the # 420000 th memory instruction
Sampling stash size at 419999 req has local max stash size of: 206
Clk7 @ 175000000 Finished 421695 instructions 
Clk3 @ 176000000 Finished 424123 instructions 
Sampling stash size at 424999 req has local max stash size of: 218
Clk3 @ 177000000 Finished 426547 instructions 
Clk7 @ 178000000 Finished 428909 instructions 
Clk@ 178443855 Working on the # 430000 th memory instruction
Sampling stash size at 429999 req has local max stash size of: 210
Clk3 @ 179000000 Finished 431327 instructions 
Clk3 @ 180000000 Finished 433727 instructions 
Sampling stash size at 434999 req has local max stash size of: 208
Clk3 @ 181000000 Finished 436023 instructions 
Clk3 @ 182000000 Finished 438443 instructions 
Clk@ 182631260 Working on the # 440000 th memory instruction
Sampling stash size at 439999 req has local max stash size of: 214
Clk3 @ 183000000 Finished 440903 instructions 
Clk3 @ 184000000 Finished 443327 instructions 
Sampling stash size at 444999 req has local max stash size of: 209
Clk3 @ 185000000 Finished 445767 instructions 
Clk3 @ 186000000 Finished 448225 instructions 
Clk@ 186730660 Working on the # 450000 th memory instruction
Sampling stash size at 449999 req has local max stash size of: 214
Clk7 @ 187000000 Finished 450650 instructions 
Clk7 @ 188000000 Finished 453077 instructions 
Sampling stash size at 454999 req has local max stash size of: 212
Clk3 @ 189000000 Finished 455499 instructions 
Clk7 @ 190000000 Finished 457894 instructions 
Clk@ 190862812 Working on the # 460000 th memory instruction
Sampling stash size at 459999 req has local max stash size of: 219
Clk7 @ 191000000 Finished 460332 instructions 
Clk3 @ 192000000 Finished 462774 instructions 
Sampling stash size at 464999 req has local max stash size of: 212
Clk3 @ 193000000 Finished 465149 instructions 
Clk7 @ 194000000 Finished 467565 instructions 
Clk@ 194997776 Working on the # 470000 th memory instruction
Clk3 @ 195000000 Finished 470005 instructions 
Sampling stash size at 469999 req has local max stash size of: 209
Clk7 @ 196000000 Finished 472427 instructions 
Clk3 @ 197000000 Finished 474841 instructions 
Sampling stash size at 474999 req has local max stash size of: 213
Clk3 @ 198000000 Finished 477267 instructions 
Clk7 @ 199000000 Finished 479700 instructions 
Clk@ 199126237 Working on the # 480000 th memory instruction
Sampling stash size at 479999 req has local max stash size of: 219
Clk3 @ 200000000 Finished 482067 instructions 
Clk7 @ 201000000 Finished 484471 instructions 
Sampling stash size at 484999 req has local max stash size of: 215
Clk3 @ 202000000 Finished 486862 instructions 
Clk7 @ 203000000 Finished 488995 instructions 
Clk@ 203428558 Working on the # 490000 th memory instruction
Sampling stash size at 489999 req has local max stash size of: 216
Clk7 @ 204000000 Finished 491327 instructions 
Clk3 @ 205000000 Finished 493562 instructions 
Sampling stash size at 494999 req has local max stash size of: 217
Clk7 @ 206000000 Finished 495687 instructions 
Clk7 @ 207000000 Finished 497961 instructions 
Clk@ 207897163 Working on the # 500000 th memory instruction
Warm up done after line access count: 500000 out of 1000000 (50 %)
Sampling stash size at 499999 req has local max stash size of: 214
Clk7 @ 208000000 Finished 500232 instructions 
Clk7 @ 209000000 Finished 502579 instructions 
Clk3 @ 210000000 Finished 504935 instructions 
Sampling stash size at 504999 req has local max stash size of: 214
Clk7 @ 211000000 Finished 507307 instructions 
Clk7 @ 212000000 Finished 509685 instructions 
Clk@ 212133058 Working on the # 510000 th memory instruction
Sampling stash size at 509999 req has local max stash size of: 219
Clk7 @ 213000000 Finished 512000 instructions 
Clk7 @ 214000000 Finished 514402 instructions 
Sampling stash size at 514999 req has local max stash size of: 218
Clk7 @ 215000000 Finished 516795 instructions 
Clk3 @ 216000000 Finished 519159 instructions 
Clk@ 216343349 Working on the # 520000 th memory instruction
Sampling stash size at 519999 req has local max stash size of: 220
Clk3 @ 217000000 Finished 521595 instructions 
Clk7 @ 218000000 Finished 523995 instructions 
Sampling stash size at 524999 req has local max stash size of: 213
Clk3 @ 219000000 Finished 526338 instructions 
Clk7 @ 220000000 Finished 528727 instructions 
Clk@ 220530560 Working on the # 530000 th memory instruction
Sampling stash size at 529999 req has local max stash size of: 222
Clk7 @ 221000000 Finished 531131 instructions 
Clk7 @ 222000000 Finished 533529 instructions 
Sampling stash size at 534999 req has local max stash size of: 215
Clk3 @ 223000000 Finished 535966 instructions 
Clk3 @ 224000000 Finished 538403 instructions 
Clk@ 224657590 Working on the # 540000 th memory instruction
Sampling stash size at 539999 req has local max stash size of: 217
Clk3 @ 225000000 Finished 540825 instructions 
Clk7 @ 226000000 Finished 543206 instructions 
Sampling stash size at 544999 req has local max stash size of: 215
Clk7 @ 227000000 Finished 545623 instructions 
Clk3 @ 228000000 Finished 548041 instructions 
Clk@ 228864800 Working on the # 550000 th memory instruction
Sampling stash size at 549999 req has local max stash size of: 223
Clk7 @ 229000000 Finished 550325 instructions 
Clk7 @ 230000000 Finished 552754 instructions 
Sampling stash size at 554999 req has local max stash size of: 220
Clk3 @ 231000000 Finished 555182 instructions 
Clk7 @ 231000000 Finished 555182 instructions 
Clk3 @ 232000000 Finished 557513 instructions 
Clk7 @ 233000000 Finished 559950 instructions 
Clk@ 233019498 Working on the # 560000 th memory instruction
Sampling stash size at 559999 req has local max stash size of: 220
Clk3 @ 234000000 Finished 562362 instructions 
Clk3 @ 235000000 Finished 564755 instructions 
Sampling stash size at 564999 req has local max stash size of: 215
Clk3 @ 236000000 Finished 567193 instructions 
Clk7 @ 237000000 Finished 569599 instructions 
Clk@ 237166768 Working on the # 570000 th memory instruction
Sampling stash size at 569999 req has local max stash size of: 223
Clk3 @ 238000000 Finished 572007 instructions 
Clk3 @ 239000000 Finished 574447 instructions 
Sampling stash size at 574999 req has local max stash size of: 226
Clk7 @ 240000000 Finished 576831 instructions 
Clk3 @ 241000000 Finished 579224 instructions 
Clk@ 241321927 Working on the # 580000 th memory instruction
Sampling stash size at 579999 req has local max stash size of: 230
Clk7 @ 242000000 Finished 581661 instructions 
Clk7 @ 243000000 Finished 584099 instructions 
Sampling stash size at 584999 req has local max stash size of: 214
Clk3 @ 244000000 Finished 586516 instructions 
Clk3 @ 245000000 Finished 588868 instructions 
Clk@ 245461712 Working on the # 590000 th memory instruction
Sampling stash size at 589999 req has local max stash size of: 223
Clk3 @ 246000000 Finished 591306 instructions 
Clk7 @ 247000000 Finished 593738 instructions 
Sampling stash size at 594999 req has local max stash size of: 213
Clk7 @ 248000000 Finished 596156 instructions 
Clk7 @ 249000000 Finished 598592 instructions 
Clk@ 249569401 Working on the # 600000 th memory instruction
Sampling stash size at 599999 req has local max stash size of: 219
Clk3 @ 250000000 Finished 601061 instructions 
Clk7 @ 251000000 Finished 603448 instructions 
Sampling stash size at 604999 req has local max stash size of: 221
Clk7 @ 252000000 Finished 605880 instructions 
Clk7 @ 253000000 Finished 608316 instructions 
Clk@ 253742519 Working on the # 610000 th memory instruction
Sampling stash size at 609999 req has local max stash size of: 222
Clk7 @ 254000000 Finished 610565 instructions 
Clk3 @ 255000000 Finished 612943 instructions 
Sampling stash size at 614999 req has local max stash size of: 220
Clk3 @ 256000000 Finished 615342 instructions 
Clk7 @ 257000000 Finished 617667 instructions 
Clk@ 257992248 Working on the # 620000 th memory instruction
Sampling stash size at 619999 req has local max stash size of: 218
Clk3 @ 258000000 Finished 620020 instructions 
Clk3 @ 259000000 Finished 622427 instructions 
Clk3 @ 260000000 Finished 624847 instructions 
Sampling stash size at 624999 req has local max stash size of: 221
Clk7 @ 261000000 Finished 627267 instructions 
Clk7 @ 262000000 Finished 629721 instructions 
Clk@ 262115904 Working on the # 630000 th memory instruction
Sampling stash size at 629999 req has local max stash size of: 224
Clk3 @ 263000000 Finished 632158 instructions 
Clk7 @ 264000000 Finished 634527 instructions 
Sampling stash size at 634999 req has local max stash size of: 213
Clk3 @ 265000000 Finished 636927 instructions 
Clk3 @ 266000000 Finished 639367 instructions 
Clk@ 266255266 Working on the # 640000 th memory instruction
Sampling stash size at 639999 req has local max stash size of: 219
Clk7 @ 267000000 Finished 641740 instructions 
Clk3 @ 268000000 Finished 644165 instructions 
Sampling stash size at 644999 req has local max stash size of: 221
Clk3 @ 269000000 Finished 646603 instructions 
Clk3 @ 270000000 Finished 648985 instructions 
Clk@ 270414313 Working on the # 650000 th memory instruction
Sampling stash size at 649999 req has local max stash size of: 218
Clk7 @ 271000000 Finished 651382 instructions 
Clk3 @ 272000000 Finished 653784 instructions 
Sampling stash size at 654999 req has local max stash size of: 222
Clk3 @ 273000000 Finished 656150 instructions 
Clk3 @ 274000000 Finished 658567 instructions 
Clk@ 274600437 Working on the # 660000 th memory instruction
Sampling stash size at 659999 req has local max stash size of: 218
Clk7 @ 275000000 Finished 660951 instructions 
Clk3 @ 276000000 Finished 663317 instructions 
Sampling stash size at 664999 req has local max stash size of: 219
Clk7 @ 277000000 Finished 665655 instructions 
Clk3 @ 278000000 Finished 668082 instructions 
Clk@ 278796996 Working on the # 670000 th memory instruction
Sampling stash size at 669999 req has local max stash size of: 227
Clk7 @ 279000000 Finished 670468 instructions 
Clk3 @ 280000000 Finished 672832 instructions 
Sampling stash size at 674999 req has local max stash size of: 224
Clk3 @ 281000000 Finished 675265 instructions 
Clk3 @ 282000000 Finished 677701 instructions 
Clk@ 282954916 Working on the # 680000 th memory instruction
Sampling stash size at 679999 req has local max stash size of: 225
Clk3 @ 283000000 Finished 680110 instructions 
Clk7 @ 284000000 Finished 682529 instructions 
Clk3 @ 285000000 Finished 684909 instructions 
Sampling stash size at 684999 req has local max stash size of: 224
Clk7 @ 286000000 Finished 687202 instructions 
Clk7 @ 287000000 Finished 689625 instructions 
Clk@ 287157386 Working on the # 690000 th memory instruction
Sampling stash size at 689999 req has local max stash size of: 219
Clk7 @ 288000000 Finished 692057 instructions 
Clk3 @ 289000000 Finished 694459 instructions 
Sampling stash size at 694999 req has local max stash size of: 228
Clk3 @ 290000000 Finished 696904 instructions 
Clk3 @ 291000000 Finished 699305 instructions 
Clk@ 291277940 Working on the # 700000 th memory instruction
Sampling stash size at 699999 req has local max stash size of: 220
Clk7 @ 292000000 Finished 701705 instructions 
Clk3 @ 293000000 Finished 704123 instructions 
Sampling stash size at 704999 req has local max stash size of: 223
Clk3 @ 294000000 Finished 706527 instructions 
Clk3 @ 295000000 Finished 708961 instructions 
Clk@ 295429681 Working on the # 710000 th memory instruction
Sampling stash size at 709999 req has local max stash size of: 219
Clk3 @ 296000000 Finished 711387 instructions 
Clk7 @ 297000000 Finished 713828 instructions 
Sampling stash size at 714999 req has local max stash size of: 220
Clk3 @ 298000000 Finished 716267 instructions 
Clk3 @ 299000000 Finished 718605 instructions 
Clk@ 299561496 Working on the # 720000 th memory instruction
Sampling stash size at 719999 req has local max stash size of: 225
Clk3 @ 300000000 Finished 721062 instructions 
Clk3 @ 301000000 Finished 723515 instructions 
Sampling stash size at 724999 req has local max stash size of: 217
Clk7 @ 302000000 Finished 725912 instructions 
Clk7 @ 303000000 Finished 728316 instructions 
Clk@ 303703737 Working on the # 730000 th memory instruction
Sampling stash size at 729999 req has local max stash size of: 220
Clk3 @ 304000000 Finished 730697 instructions 
Clk7 @ 305000000 Finished 732907 instructions 
Sampling stash size at 734999 req has local max stash size of: 217
Clk3 @ 306000000 Finished 735364 instructions 
Clk7 @ 307000000 Finished 737763 instructions 
Clk@ 307933266 Working on the # 740000 th memory instruction
Sampling stash size at 739999 req has local max stash size of: 235
Clk3 @ 308000000 Finished 740165 instructions 
Clk7 @ 309000000 Finished 742512 instructions 
Clk3 @ 310000000 Finished 744814 instructions 
Sampling stash size at 744999 req has local max stash size of: 225
Clk3 @ 311000000 Finished 746986 instructions 
Clk3 @ 312000000 Finished 749307 instructions 
Clk@ 312281575 Working on the # 750000 th memory instruction
Sampling stash size at 749999 req has local max stash size of: 236
Clk7 @ 313000000 Finished 751741 instructions 
Clk3 @ 314000000 Finished 754160 instructions 
Sampling stash size at 754999 req has local max stash size of: 228
Clk3 @ 315000000 Finished 756546 instructions 
Clk3 @ 316000000 Finished 758982 instructions 
Clk@ 316409709 Working on the # 760000 th memory instruction
Sampling stash size at 759999 req has local max stash size of: 229
Clk7 @ 317000000 Finished 761413 instructions 
Clk7 @ 318000000 Finished 763770 instructions 
Sampling stash size at 764999 req has local max stash size of: 225
Clk7 @ 319000000 Finished 766181 instructions 
Clk3 @ 320000000 Finished 768603 instructions 
Clk@ 320580882 Working on the # 770000 th memory instruction
Sampling stash size at 769999 req has local max stash size of: 223
Clk3 @ 321000000 Finished 771027 instructions 
Clk3 @ 322000000 Finished 773447 instructions 
Sampling stash size at 774999 req has local max stash size of: 223
Clk3 @ 323000000 Finished 775867 instructions 
Clk7 @ 324000000 Finished 778256 instructions 
Clk@ 324729124 Working on the # 780000 th memory instruction
Sampling stash size at 779999 req has local max stash size of: 223
Clk3 @ 325000000 Finished 780662 instructions 
Clk7 @ 326000000 Finished 783092 instructions 
Sampling stash size at 784999 req has local max stash size of: 221
Clk7 @ 327000000 Finished 785517 instructions 
Clk3 @ 328000000 Finished 787953 instructions 
Clk7 @ 328000000 Finished 787953 instructions 
Clk@ 328845769 Working on the # 790000 th memory instruction
Sampling stash size at 789999 req has local max stash size of: 222
Clk3 @ 329000000 Finished 790380 instructions 
Clk7 @ 330000000 Finished 792707 instructions 
Sampling stash size at 794999 req has local max stash size of: 223
Clk7 @ 331000000 Finished 795082 instructions 
Clk7 @ 332000000 Finished 797518 instructions 
Clk3 @ 333000000 Finished 799961 instructions 
Clk@ 333015496 Working on the # 800000 th memory instruction
Sampling stash size at 799999 req has local max stash size of: 234
Clk3 @ 334000000 Finished 802362 instructions 
Clk7 @ 335000000 Finished 804790 instructions 
Sampling stash size at 804999 req has local max stash size of: 222
Clk7 @ 336000000 Finished 807225 instructions 
Clk7 @ 337000000 Finished 809581 instructions 
Clk@ 337179327 Working on the # 810000 th memory instruction
Sampling stash size at 809999 req has local max stash size of: 226
Clk3 @ 338000000 Finished 811984 instructions 
Clk3 @ 339000000 Finished 814403 instructions 
Sampling stash size at 814999 req has local max stash size of: 216
Clk3 @ 340000000 Finished 816802 instructions 
Clk3 @ 341000000 Finished 819222 instructions 
Clk@ 341322333 Working on the # 820000 th memory instruction
Sampling stash size at 819999 req has local max stash size of: 221
Clk3 @ 342000000 Finished 821647 instructions 
Clk7 @ 343000000 Finished 824032 instructions 
Sampling stash size at 824999 req has local max stash size of: 225
Clk3 @ 344000000 Finished 826464 instructions 
Clk7 @ 345000000 Finished 828789 instructions 
Clk@ 345497001 Working on the # 830000 th memory instruction
Sampling stash size at 829999 req has local max stash size of: 229
Clk3 @ 346000000 Finished 831190 instructions 
Clk7 @ 347000000 Finished 833627 instructions 
Sampling stash size at 834999 req has local max stash size of: 227
Clk3 @ 348000000 Finished 836047 instructions 
Clk3 @ 349000000 Finished 838405 instructions 
Clk@ 349659411 Working on the # 840000 th memory instruction
Sampling stash size at 839999 req has local max stash size of: 222
Clk7 @ 350000000 Finished 840828 instructions 
Clk3 @ 351000000 Finished 843224 instructions 
Sampling stash size at 844999 req has local max stash size of: 219
Clk3 @ 352000000 Finished 845646 instructions 
Clk3 @ 353000000 Finished 848023 instructions 
Clk@ 353818106 Working on the # 850000 th memory instruction
Sampling stash size at 849999 req has local max stash size of: 229
Clk7 @ 354000000 Finished 850438 instructions 
Clk3 @ 355000000 Finished 852845 instructions 
Sampling stash size at 854999 req has local max stash size of: 229
Clk3 @ 356000000 Finished 855122 instructions 
Clk7 @ 357000000 Finished 857554 instructions 
Clk7 @ 358000000 Finished 859967 instructions 
Clk@ 358010777 Working on the # 860000 th memory instruction
Sampling stash size at 859999 req has local max stash size of: 223
Clk3 @ 359000000 Finished 862387 instructions 
Clk7 @ 360000000 Finished 864811 instructions 
Sampling stash size at 864999 req has local max stash size of: 231
Clk7 @ 361000000 Finished 867190 instructions 
Clk7 @ 362000000 Finished 869408 instructions 
Clk@ 362252900 Working on the # 870000 th memory instruction
Sampling stash size at 869999 req has local max stash size of: 224
Clk7 @ 363000000 Finished 871796 instructions 
Clk3 @ 364000000 Finished 874207 instructions 
Sampling stash size at 874999 req has local max stash size of: 218
Clk3 @ 365000000 Finished 876607 instructions 
Clk3 @ 366000000 Finished 879047 instructions 
Clk@ 366387625 Working on the # 880000 th memory instruction
Sampling stash size at 879999 req has local max stash size of: 219
Clk7 @ 367000000 Finished 881479 instructions 
Clk3 @ 368000000 Finished 883907 instructions 
Sampling stash size at 884999 req has local max stash size of: 223
Clk3 @ 369000000 Finished 886283 instructions 
Clk7 @ 370000000 Finished 888708 instructions 
Clk@ 370533674 Working on the # 890000 th memory instruction
Sampling stash size at 889999 req has local max stash size of: 225
Clk3 @ 371000000 Finished 891143 instructions 
Clk7 @ 372000000 Finished 893566 instructions 
Sampling stash size at 894999 req has local max stash size of: 220
Clk3 @ 373000000 Finished 895974 instructions 
Clk7 @ 374000000 Finished 898393 instructions 
Clk@ 374672802 Working on the # 900000 th memory instruction
Sampling stash size at 899999 req has local max stash size of: 224
Clk7 @ 375000000 Finished 900790 instructions 
Clk3 @ 376000000 Finished 903207 instructions 
Sampling stash size at 904999 req has local max stash size of: 223
Clk7 @ 377000000 Finished 905641 instructions 
Clk7 @ 378000000 Finished 908066 instructions 
Clk@ 378805263 Working on the # 910000 th memory instruction
Sampling stash size at 909999 req has local max stash size of: 229
Clk7 @ 379000000 Finished 910469 instructions 
Clk7 @ 380000000 Finished 912909 instructions 
Sampling stash size at 914999 req has local max stash size of: 229
Clk3 @ 381000000 Finished 915259 instructions 
Clk7 @ 382000000 Finished 917696 instructions 
Clk@ 382952714 Working on the # 920000 th memory instruction
Sampling stash size at 919999 req has local max stash size of: 233
Clk3 @ 383000000 Finished 920110 instructions 
Clk7 @ 384000000 Finished 922507 instructions 
Clk3 @ 385000000 Finished 924962 instructions 
Sampling stash size at 924999 req has local max stash size of: 229
Clk3 @ 386000000 Finished 927405 instructions 
Clk7 @ 387000000 Finished 929751 instructions 
Clk@ 387113693 Working on the # 930000 th memory instruction
Sampling stash size at 929999 req has local max stash size of: 227
Clk3 @ 388000000 Finished 932061 instructions 
Clk7 @ 389000000 Finished 934477 instructions 
Sampling stash size at 934999 req has local max stash size of: 224
Clk3 @ 390000000 Finished 936927 instructions 
Clk7 @ 391000000 Finished 939326 instructions 
Clk@ 391272312 Working on the # 940000 th memory instruction
Sampling stash size at 939999 req has local max stash size of: 227
Clk7 @ 392000000 Finished 941774 instructions 
Clk7 @ 393000000 Finished 944184 instructions 
Sampling stash size at 944999 req has local max stash size of: 229
Clk7 @ 394000000 Finished 946537 instructions 
Clk3 @ 395000000 Finished 948946 instructions 
Clk@ 395438857 Working on the # 950000 th memory instruction
Sampling stash size at 949999 req has local max stash size of: 227
Clk3 @ 396000000 Finished 951344 instructions 
Clk3 @ 397000000 Finished 953739 instructions 
Sampling stash size at 954999 req has local max stash size of: 223
Clk7 @ 398000000 Finished 956167 instructions 
Clk3 @ 399000000 Finished 958584 instructions 
Clk@ 399583645 Working on the # 960000 th memory instruction
Sampling stash size at 959999 req has local max stash size of: 238
Clk3 @ 400000000 Finished 960927 instructions 
Clk3 @ 401000000 Finished 963326 instructions 
Sampling stash size at 964999 req has local max stash size of: 223
Clk3 @ 402000000 Finished 965687 instructions 
Clk3 @ 403000000 Finished 968041 instructions 
Clk@ 403820959 Working on the # 970000 th memory instruction
Sampling stash size at 969999 req has local max stash size of: 224
Clk3 @ 404000000 Finished 970425 instructions 
Clk7 @ 405000000 Finished 972810 instructions 
Sampling stash size at 974999 req has local max stash size of: 231
Clk3 @ 406000000 Finished 975067 instructions 
Clk3 @ 407000000 Finished 977145 instructions 
Clk7 @ 408000000 Finished 979398 instructions 
Clk@ 408256277 Working on the # 980000 th memory instruction
Sampling stash size at 979999 req has local max stash size of: 222
Clk7 @ 409000000 Finished 981725 instructions 
Clk7 @ 410000000 Finished 983984 instructions 
Sampling stash size at 984999 req has local max stash size of: 232
Clk7 @ 411000000 Finished 986302 instructions 
Clk7 @ 412000000 Finished 988601 instructions 
Clk@ 412634479 Working on the # 990000 th memory instruction
Sampling stash size at 989999 req has local max stash size of: 226
Clk3 @ 413000000 Finished 990766 instructions 
Clk3 @ 414000000 Finished 993043 instructions 
Sampling stash size at 994999 req has local max stash size of: 219
Clk3 @ 415000000 Finished 995413 instructions 
Clk7 @ 416000000 Finished 997784 instructions 
Clk@ 416950747 Working on the # 1000000 th memory instruction
Sampling stash size at 999999 req has local max stash size of: 243

===*** Data ***====
Stall reason distribution: 
mc_hazard: 0
normal: 0
rs_hazard: 0
rw_swtich: 0
Early reshuffle distribution: 
0: 0
1: 0
2: 0
3: 0
4: 0
5: 0
6: 1682
7: 3967
8: 3994
9: 3994
10: 3988
11: 3903
12: 3794
13: 3583
14: 2989
15: 1858
16: 82
17: 0
18: 0
19: 0
20: 0
21: 0
22: 0
23: 0
24: 0
=================
Max stash size is: 243
Average stash size is: 113.685
Average mem q size is: 59.2726
Total mem q size is:15014287
mem_q_sample_times is:253309
useful_read_pull_ddr: 500007 (1.30874) %
dummy_read_pull_ddr: 8745275 (22.8902) %
useful_early_pull_ddr: 301903 (0.790213) %
useful_early_push_ddr: 174138 (0.455796) %
useful_write_pull_ddr: 7395115 (19.3563) %
useful_write_push_ddr: 3185990 (8.33913) %
dummy_early_pull_ddr: 19363 (0.0506815) %
dummy_early_push_ddr: 638476 (1.67117) %
dummy_write_pull_ddr: 5189 (0.0135819) %
dummy_write_push_ddr: 17239827 (45.1242) %
=================
Stash violation number of times: 0
=================
Check NodeID traffic: 6539934
Update NodeID traffic: 33
=================
Read RS lines: 1000000 (85.6408) %
Write RS lines: 100000 (8.56408) %
Early RS lines: 67668 (5.79514) %
Read DDR lines: 18490043 (24.6222) %
Write DDR lines: 54575000 (72.6745) %
Early DDR lines: 2030040 (2.70329) %

====*** pos1 ***====
Stall reason distribution: 
mc_hazard: 0
normal: 0
rs_hazard: 0
rw_swtich: 0
Early reshuffle distribution: 
0: 0
1: 0
2: 0
3: 1614
4: 3552
5: 3690
6: 3748
7: 3803
8: 3795
9: 3801
10: 3844
11: 3796
12: 3661
13: 3383
14: 2806
15: 1788
16: 109
17: 0
18: 0
19: 0
20: 0
21: 0
=================
Max stash size is: 74
Average stash size is: 26.0223
Average mem q size is: 79.5759
Total mem q size is:7087670
mem_q_sample_times is:89068
useful_read_pull_ddr: 208673 (0.271878) %
dummy_read_pull_ddr: 18290447 (23.8304) %
useful_early_pull_ddr: 685931 (0.893692) %
useful_early_push_ddr: 57188 (0.0745096) %
useful_write_pull_ddr: 14722748 (19.1821) %
useful_write_push_ddr: 1769245 (2.30513) %
dummy_early_pull_ddr: 51699 (0.067358) %
dummy_early_push_ddr: 1808582 (2.35638) %
dummy_write_pull_ddr: 77252 (0.100651) %
dummy_write_push_ddr: 39080755 (50.9179) %
=================
Stash violation number of times: 0
=================
Check NodeID traffic: 9509304
Update NodeID traffic: 6
=================
Read RS lines: 1000000 (84.2616) %
Write RS lines: 100000 (8.42616) %
Early RS lines: 86780 (7.31222) %
Read DDR lines: 18499120 (24.4447) %
Write DDR lines: 54575000 (72.1152) %
Early DDR lines: 2603400 (3.44012) %

====*** pos2 ***====
Stall reason distribution: 
mc_hazard: 0
normal: 0
rs_hazard: 0
rw_swtich: 0
Early reshuffle distribution: 
0: 0
1: 0
2: 1233
3: 3180
4: 3506
5: 3666
6: 3748
7: 3806
8: 3812
9: 3738
10: 3783
11: 3758
12: 3559
13: 3339
14: 2832
15: 1793
16: 105
17: 0
18: 0
=================
Max stash size is: 35
Average stash size is: 13.3621
Average mem q size is: 76.9864
Total mem q size is:5741489
mem_q_sample_times is:74578
useful_read_pull_ddr: 47725 (0.0724451) %
dummy_read_pull_ddr: 15952275 (24.2151) %
useful_early_pull_ddr: 711149 (1.0795) %
useful_early_push_ddr: 9681 (0.0146955) %
useful_write_pull_ddr: 12769381 (19.3835) %
useful_write_push_ddr: 937870 (1.42366) %
dummy_early_pull_ddr: 47476 (0.0720671) %
dummy_early_push_ddr: 1909194 (2.8981) %
dummy_write_pull_ddr: 30619 (0.0464787) %
dummy_write_push_ddr: 33462130 (50.7945) %
=================
Stash violation number of times: 0
=================
Check NodeID traffic: 5748331
Update NodeID traffic: 0
=================
Read RS lines: 1000000 (83.9126) %
Write RS lines: 100000 (8.39126) %
Early RS lines: 91716 (7.69613) %
Read DDR lines: 16000000 (24.2875) %
Write DDR lines: 47200000 (71.6481) %
Early DDR lines: 2677500 (4.06436) %
=================
The final DRAM clk is: 416955528 ticks.
Idle waiting clk is 160468110, which is 38.4857 %
DRAM Frequency is: 1600MHz
The final time in ns is: 2.60597e+08 ns.
Time distribution: 
Data pull time is: 0
data: 0
pos1: 0
pos2: 0
Data distribution: 
Pos2 data: 65877500
Pos1 data: 75677520
Data: 75095083
Node access DDR: 13079868
Pull DDR: 18490043
WB DDR: 54575000
Early DDR: 2030040
Achieved BW is: 60.1666 GB/s
Ideal BW is: 102.4 GB/s
Metadata cache conclusion: 
overall_hit: 14453323 overall_total: 27533834
Cache Size 64 KB Overall Hit rate: 52.493 %. 
Simulation done. Statistics written to results_all/lbm_output.txt
