Valid leaf ID range: 16777215:33554430
Num of top nodes: 16777216
Data level num of ways: 16777216
Z: 16
S: 27
A: 20
cached_total: 1
cached_total: 3
cached_total: 7
cached_total: 15
cached_total: 31
cached_total: 63
cached_total: 127
Total number of ORAM protected cache line blocks: 16777216
Cached number of levels: 6
Max number of levels: 25
Start lvl is: 0
data valid leaf right: 33554431
data num of levels: 25
data level num of ways: 16777216
data number of sets: 1
Cached node ID: 0 -- 95
Address space: 0 - 4 GB
pos1 valid leaf right: 4194303
pos1 num of levels: 22
pos1 level num of ways: 2097152
pos1 number of sets: 1
Cached node ID: 0 -- 11
Address space: 0 - 0.5 GB
pos2 valid leaf right: 524287
pos2 num of levels: 19
pos2 level num of ways: 262144
pos2 number of sets: 1
Cached node ID: 0 -- 5
Address space: 0 - 0.0625 GB
new addr: 409
(myrs->posMap.find(new_addr) != myrs->posMap.end()): 1
(myrs->posMap[new_addr].pending): 0
myrs->posMap[new_addr] = 1033
#2 ID 0 set true here
Clk7 @ 1000000 Finished 2107 instructions 
Clk3 @ 2000000 Finished 4376 instructions 
Sampling stash size at 4999 req has local max stash size of: 133
Clk3 @ 3000000 Finished 6722 instructions 
Clk7 @ 4000000 Finished 9047 instructions 
Clk@ 4399750 Working on the # 10000 th memory instruction
Sampling stash size at 9999 req has local max stash size of: 146
Clk3 @ 5000000 Finished 11444 instructions 
Clk3 @ 6000000 Finished 13853 instructions 
Sampling stash size at 14999 req has local max stash size of: 157
Clk7 @ 7000000 Finished 16220 instructions 
Clk3 @ 8000000 Finished 18662 instructions 
Clk@ 8553337 Working on the # 20000 th memory instruction
Sampling stash size at 19999 req has local max stash size of: 163
Clk7 @ 9000000 Finished 21071 instructions 
Clk7 @ 10000000 Finished 23502 instructions 
Sampling stash size at 24999 req has local max stash size of: 162
Clk7 @ 11000000 Finished 25952 instructions 
Clk3 @ 12000000 Finished 28407 instructions 
Clk@ 12652677 Working on the # 30000 th memory instruction
Sampling stash size at 29999 req has local max stash size of: 163
Clk3 @ 13000000 Finished 30783 instructions 
Clk3 @ 14000000 Finished 33159 instructions 
Sampling stash size at 34999 req has local max stash size of: 173
Clk7 @ 15000000 Finished 35606 instructions 
Clk3 @ 16000000 Finished 38066 instructions 
Clk@ 16799620 Working on the # 40000 th memory instruction
Sampling stash size at 39999 req has local max stash size of: 172
Clk3 @ 17000000 Finished 40482 instructions 
Clk7 @ 18000000 Finished 42903 instructions 
Sampling stash size at 44999 req has local max stash size of: 181
Clk3 @ 19000000 Finished 45378 instructions 
Clk3 @ 20000000 Finished 47787 instructions 
Clk@ 20896291 Working on the # 50000 th memory instruction
Sampling stash size at 49999 req has local max stash size of: 173
Clk7 @ 21000000 Finished 50254 instructions 
Clk3 @ 22000000 Finished 52727 instructions 
Sampling stash size at 54999 req has local max stash size of: 176
Clk3 @ 23000000 Finished 55168 instructions 
Clk7 @ 23000000 Finished 55168 instructions 
Clk3 @ 24000000 Finished 57633 instructions 
Clk@ 24957954 Working on the # 60000 th memory instruction
Sampling stash size at 59999 req has local max stash size of: 188
Clk3 @ 25000000 Finished 60100 instructions 
Clk3 @ 26000000 Finished 62344 instructions 
Clk3 @ 27000000 Finished 64727 instructions 
Sampling stash size at 64999 req has local max stash size of: 177
Clk3 @ 28000000 Finished 67183 instructions 
Clk7 @ 29000000 Finished 69616 instructions 
Clk@ 29154647 Working on the # 70000 th memory instruction
Sampling stash size at 69999 req has local max stash size of: 182
Clk7 @ 30000000 Finished 72088 instructions 
Clk3 @ 31000000 Finished 74547 instructions 
Sampling stash size at 74999 req has local max stash size of: 182
Clk3 @ 32000000 Finished 76962 instructions 
Clk3 @ 33000000 Finished 79403 instructions 
Clk@ 33238589 Working on the # 80000 th memory instruction
Sampling stash size at 79999 req has local max stash size of: 190
Clk7 @ 34000000 Finished 81846 instructions 
Clk7 @ 35000000 Finished 84216 instructions 
Sampling stash size at 84999 req has local max stash size of: 185
Clk3 @ 36000000 Finished 86645 instructions 
Clk7 @ 37000000 Finished 89083 instructions 
Clk@ 37378337 Working on the # 90000 th memory instruction
Sampling stash size at 89999 req has local max stash size of: 182
Clk7 @ 38000000 Finished 91485 instructions 
Clk7 @ 39000000 Finished 93847 instructions 
Sampling stash size at 94999 req has local max stash size of: 190
Clk3 @ 40000000 Finished 96314 instructions 
Clk3 @ 41000000 Finished 98783 instructions 
Clk@ 41498145 Working on the # 100000 th memory instruction
Sampling stash size at 99999 req has local max stash size of: 185
Clk3 @ 42000000 Finished 101209 instructions 
Clk7 @ 43000000 Finished 103654 instructions 
Sampling stash size at 104999 req has local max stash size of: 191
Clk7 @ 44000000 Finished 106078 instructions 
Clk3 @ 45000000 Finished 108502 instructions 
Clk@ 45621207 Working on the # 110000 th memory instruction
Sampling stash size at 109999 req has local max stash size of: 192
Clk7 @ 46000000 Finished 110927 instructions 
Clk7 @ 47000000 Finished 113389 instructions 
Sampling stash size at 114999 req has local max stash size of: 196
Clk7 @ 48000000 Finished 115838 instructions 
Clk7 @ 49000000 Finished 118277 instructions 
Clk@ 49702445 Working on the # 120000 th memory instruction
Sampling stash size at 119999 req has local max stash size of: 198
Clk3 @ 50000000 Finished 120704 instructions 
Clk7 @ 51000000 Finished 122976 instructions 
Sampling stash size at 124999 req has local max stash size of: 188
Clk3 @ 52000000 Finished 125196 instructions 
Clk7 @ 52000000 Finished 125196 instructions 
Clk7 @ 53000000 Finished 127589 instructions 
Clk@ 53992778 Working on the # 130000 th memory instruction
Sampling stash size at 129999 req has local max stash size of: 194
Clk3 @ 54000000 Finished 130017 instructions 
Clk3 @ 55000000 Finished 132462 instructions 
Clk7 @ 56000000 Finished 134934 instructions 
Sampling stash size at 134999 req has local max stash size of: 205
Clk7 @ 57000000 Finished 137357 instructions 
Clk7 @ 58000000 Finished 139777 instructions 
Clk@ 58089681 Working on the # 140000 th memory instruction
Sampling stash size at 139999 req has local max stash size of: 200
Clk3 @ 59000000 Finished 142243 instructions 
Clk3 @ 60000000 Finished 144685 instructions 
Sampling stash size at 144999 req has local max stash size of: 202
Clk3 @ 61000000 Finished 147127 instructions 
Clk3 @ 62000000 Finished 149587 instructions 
Clk@ 62168906 Working on the # 150000 th memory instruction
Sampling stash size at 149999 req has local max stash size of: 214
Clk7 @ 63000000 Finished 152048 instructions 
Clk7 @ 64000000 Finished 154390 instructions 
Sampling stash size at 154999 req has local max stash size of: 195
Clk3 @ 65000000 Finished 156824 instructions 
Clk7 @ 66000000 Finished 159275 instructions 
Clk@ 66296636 Working on the # 160000 th memory instruction
Sampling stash size at 159999 req has local max stash size of: 207
Clk7 @ 67000000 Finished 161720 instructions 
Clk7 @ 68000000 Finished 164107 instructions 
Sampling stash size at 164999 req has local max stash size of: 194
Clk3 @ 69000000 Finished 166444 instructions 
Clk3 @ 70000000 Finished 168825 instructions 
Clk@ 70478533 Working on the # 170000 th memory instruction
Sampling stash size at 169999 req has local max stash size of: 198
Clk7 @ 71000000 Finished 171247 instructions 
Clk7 @ 72000000 Finished 173637 instructions 
Sampling stash size at 174999 req has local max stash size of: 199
Clk3 @ 73000000 Finished 176067 instructions 
Clk3 @ 74000000 Finished 178507 instructions 
Clk@ 74622676 Working on the # 180000 th memory instruction
Sampling stash size at 179999 req has local max stash size of: 198
Clk3 @ 75000000 Finished 180925 instructions 
Clk7 @ 76000000 Finished 183288 instructions 
Sampling stash size at 184999 req has local max stash size of: 205
Clk3 @ 77000000 Finished 185706 instructions 
Clk7 @ 78000000 Finished 187983 instructions 
Clk@ 78822320 Working on the # 190000 th memory instruction
Sampling stash size at 189999 req has local max stash size of: 200
Clk7 @ 79000000 Finished 190431 instructions 
Clk3 @ 80000000 Finished 192863 instructions 
Sampling stash size at 194999 req has local max stash size of: 205
Clk7 @ 81000000 Finished 195278 instructions 
Clk3 @ 82000000 Finished 197727 instructions 
Clk@ 82932908 Working on the # 200000 th memory instruction
Sampling stash size at 199999 req has local max stash size of: 191
Clk3 @ 83000000 Finished 200162 instructions 
Clk3 @ 84000000 Finished 202567 instructions 
Sampling stash size at 204999 req has local max stash size of: 205
Clk3 @ 85000000 Finished 205027 instructions 
Clk7 @ 86000000 Finished 207431 instructions 
Clk3 @ 87000000 Finished 209867 instructions 
Clk@ 87051745 Working on the # 210000 th memory instruction
Sampling stash size at 209999 req has local max stash size of: 201
Clk7 @ 88000000 Finished 212302 instructions 
Clk3 @ 89000000 Finished 214726 instructions 
Sampling stash size at 214999 req has local max stash size of: 205
Clk3 @ 90000000 Finished 217140 instructions 
Clk3 @ 91000000 Finished 219546 instructions 
Clk@ 91178785 Working on the # 220000 th memory instruction
Sampling stash size at 219999 req has local max stash size of: 202
Clk7 @ 92000000 Finished 221987 instructions 
Clk3 @ 93000000 Finished 224462 instructions 
Sampling stash size at 224999 req has local max stash size of: 208
Clk3 @ 94000000 Finished 226906 instructions 
Clk7 @ 95000000 Finished 229326 instructions 
Clk@ 95269692 Working on the # 230000 th memory instruction
Sampling stash size at 229999 req has local max stash size of: 197
Clk7 @ 96000000 Finished 231788 instructions 
Clk3 @ 97000000 Finished 234196 instructions 
Sampling stash size at 234999 req has local max stash size of: 201
Clk7 @ 98000000 Finished 236628 instructions 
Clk3 @ 99000000 Finished 239090 instructions 
Clk@ 99370025 Working on the # 240000 th memory instruction
Sampling stash size at 239999 req has local max stash size of: 202
Clk7 @ 100000000 Finished 241517 instructions 
Clk3 @ 101000000 Finished 243867 instructions 
Sampling stash size at 244999 req has local max stash size of: 207
Clk3 @ 102000000 Finished 246097 instructions 
Clk3 @ 103000000 Finished 248284 instructions 
Clk@ 103751777 Working on the # 250000 th memory instruction
Sampling stash size at 249999 req has local max stash size of: 206
Clk3 @ 104000000 Finished 250583 instructions 
Clk3 @ 105000000 Finished 252987 instructions 
Sampling stash size at 254999 req has local max stash size of: 212
Clk7 @ 106000000 Finished 255363 instructions 
Clk3 @ 107000000 Finished 257787 instructions 
Clk@ 107921260 Working on the # 260000 th memory instruction
Sampling stash size at 259999 req has local max stash size of: 212
Clk7 @ 108000000 Finished 260189 instructions 
Clk7 @ 109000000 Finished 262630 instructions 
Sampling stash size at 264999 req has local max stash size of: 200
Clk3 @ 110000000 Finished 265025 instructions 
Clk3 @ 111000000 Finished 267446 instructions 
Clk3 @ 112000000 Finished 269904 instructions 
Clk@ 112037369 Working on the # 270000 th memory instruction
Sampling stash size at 269999 req has local max stash size of: 209
Clk7 @ 113000000 Finished 272341 instructions 
Clk7 @ 114000000 Finished 274705 instructions 
Sampling stash size at 274999 req has local max stash size of: 201
Clk7 @ 115000000 Finished 277142 instructions 
Clk7 @ 116000000 Finished 279544 instructions 
Clk@ 116185018 Working on the # 280000 th memory instruction
Sampling stash size at 279999 req has local max stash size of: 211
Clk3 @ 117000000 Finished 281991 instructions 
Clk3 @ 118000000 Finished 284427 instructions 
Sampling stash size at 284999 req has local max stash size of: 208
Clk3 @ 119000000 Finished 286840 instructions 
Clk3 @ 120000000 Finished 289283 instructions 
Clk@ 120299755 Working on the # 290000 th memory instruction
Sampling stash size at 289999 req has local max stash size of: 207
Clk3 @ 121000000 Finished 291707 instructions 
Clk3 @ 122000000 Finished 294122 instructions 
Sampling stash size at 294999 req has local max stash size of: 204
Clk7 @ 123000000 Finished 296570 instructions 
Clk3 @ 124000000 Finished 299007 instructions 
Clk@ 124401391 Working on the # 300000 th memory instruction
Sampling stash size at 299999 req has local max stash size of: 203
Clk7 @ 125000000 Finished 301432 instructions 
Clk7 @ 126000000 Finished 303869 instructions 
Sampling stash size at 304999 req has local max stash size of: 205
Clk3 @ 127000000 Finished 306162 instructions 
Clk7 @ 128000000 Finished 308547 instructions 
Clk@ 128622973 Working on the # 310000 th memory instruction
Sampling stash size at 309999 req has local max stash size of: 207
Clk3 @ 129000000 Finished 310921 instructions 
Clk7 @ 130000000 Finished 313380 instructions 
Sampling stash size at 314999 req has local max stash size of: 207
Clk3 @ 131000000 Finished 315826 instructions 
Clk3 @ 132000000 Finished 318244 instructions 
Clk@ 132715888 Working on the # 320000 th memory instruction
Sampling stash size at 319999 req has local max stash size of: 211
Clk3 @ 133000000 Finished 320647 instructions 
Clk3 @ 134000000 Finished 323105 instructions 
Sampling stash size at 324999 req has local max stash size of: 196
Clk7 @ 135000000 Finished 325509 instructions 
Clk3 @ 136000000 Finished 327921 instructions 
Clk@ 136874729 Working on the # 330000 th memory instruction
Sampling stash size at 329999 req has local max stash size of: 206
Clk3 @ 137000000 Finished 330289 instructions 
Clk7 @ 138000000 Finished 332642 instructions 
Sampling stash size at 334999 req has local max stash size of: 212
Clk3 @ 139000000 Finished 335059 instructions 
Clk3 @ 140000000 Finished 337447 instructions 
Clk3 @ 141000000 Finished 339880 instructions 
Clk@ 141047331 Working on the # 340000 th memory instruction
Sampling stash size at 339999 req has local max stash size of: 205
Clk7 @ 142000000 Finished 342307 instructions 
Clk7 @ 143000000 Finished 344647 instructions 
Sampling stash size at 344999 req has local max stash size of: 210
Clk3 @ 144000000 Finished 347078 instructions 
Clk3 @ 145000000 Finished 349507 instructions 
Clk@ 145197504 Working on the # 350000 th memory instruction
Sampling stash size at 349999 req has local max stash size of: 207
Clk3 @ 146000000 Finished 351947 instructions 
Clk3 @ 147000000 Finished 354402 instructions 
Sampling stash size at 354999 req has local max stash size of: 208
Clk3 @ 148000000 Finished 356844 instructions 
Clk7 @ 149000000 Finished 359234 instructions 
Clk@ 149312965 Working on the # 360000 th memory instruction
Sampling stash size at 359999 req has local max stash size of: 205
Clk7 @ 150000000 Finished 361697 instructions 
Clk3 @ 151000000 Finished 364122 instructions 
Sampling stash size at 364999 req has local max stash size of: 218
Clk3 @ 152000000 Finished 366402 instructions 
Clk7 @ 153000000 Finished 368843 instructions 
Clk@ 153477862 Working on the # 370000 th memory instruction
Sampling stash size at 369999 req has local max stash size of: 211
Clk3 @ 154000000 Finished 371242 instructions 
Clk3 @ 155000000 Finished 373479 instructions 
Sampling stash size at 374999 req has local max stash size of: 212
Clk3 @ 156000000 Finished 375847 instructions 
Clk3 @ 157000000 Finished 378267 instructions 
Clk@ 157705282 Working on the # 380000 th memory instruction
Sampling stash size at 379999 req has local max stash size of: 205
Clk3 @ 158000000 Finished 380709 instructions 
Clk3 @ 159000000 Finished 383124 instructions 
Sampling stash size at 384999 req has local max stash size of: 219
Clk3 @ 160000000 Finished 385588 instructions 
Clk7 @ 161000000 Finished 388025 instructions 
Clk@ 161825122 Working on the # 390000 th memory instruction
Sampling stash size at 389999 req has local max stash size of: 217
Clk3 @ 162000000 Finished 390420 instructions 
Clk3 @ 163000000 Finished 392882 instructions 
Sampling stash size at 394999 req has local max stash size of: 209
Clk7 @ 164000000 Finished 395334 instructions 
Clk7 @ 165000000 Finished 397692 instructions 
Clk@ 165942566 Working on the # 400000 th memory instruction
Sampling stash size at 399999 req has local max stash size of: 206
Clk3 @ 166000000 Finished 400127 instructions 
Clk3 @ 167000000 Finished 402536 instructions 
Clk3 @ 168000000 Finished 404922 instructions 
Sampling stash size at 404999 req has local max stash size of: 204
Clk3 @ 169000000 Finished 407334 instructions 
Clk3 @ 170000000 Finished 409747 instructions 
Clk@ 170100204 Working on the # 410000 th memory instruction
Sampling stash size at 409999 req has local max stash size of: 206
Clk3 @ 171000000 Finished 412185 instructions 
Clk3 @ 172000000 Finished 414587 instructions 
Sampling stash size at 414999 req has local max stash size of: 202
Clk7 @ 173000000 Finished 417033 instructions 
Clk7 @ 174000000 Finished 419436 instructions 
Clk@ 174229131 Working on the # 420000 th memory instruction
Sampling stash size at 419999 req has local max stash size of: 209
Clk7 @ 175000000 Finished 421885 instructions 
Clk7 @ 176000000 Finished 424288 instructions 
Sampling stash size at 424999 req has local max stash size of: 205
Clk3 @ 177000000 Finished 426687 instructions 
Clk7 @ 178000000 Finished 429087 instructions 
Clk@ 178373965 Working on the # 430000 th memory instruction
Sampling stash size at 429999 req has local max stash size of: 216
Clk7 @ 179000000 Finished 431508 instructions 
Clk3 @ 180000000 Finished 433902 instructions 
Sampling stash size at 434999 req has local max stash size of: 206
Clk7 @ 181000000 Finished 436196 instructions 
Clk3 @ 182000000 Finished 438608 instructions 
Clk@ 182567746 Working on the # 440000 th memory instruction
Sampling stash size at 439999 req has local max stash size of: 213
Clk3 @ 183000000 Finished 441055 instructions 
Clk3 @ 184000000 Finished 443484 instructions 
Sampling stash size at 444999 req has local max stash size of: 212
Clk7 @ 185000000 Finished 445921 instructions 
Clk3 @ 186000000 Finished 448367 instructions 
Clk@ 186671837 Working on the # 450000 th memory instruction
Sampling stash size at 449999 req has local max stash size of: 211
Clk3 @ 187000000 Finished 450803 instructions 
Clk3 @ 188000000 Finished 453247 instructions 
Sampling stash size at 454999 req has local max stash size of: 210
Clk7 @ 189000000 Finished 455664 instructions 
Clk7 @ 190000000 Finished 458070 instructions 
Clk@ 190785291 Working on the # 460000 th memory instruction
Sampling stash size at 459999 req has local max stash size of: 213
Clk3 @ 191000000 Finished 460520 instructions 
Clk3 @ 192000000 Finished 462964 instructions 
Sampling stash size at 464999 req has local max stash size of: 211
Clk3 @ 193000000 Finished 465323 instructions 
Clk3 @ 194000000 Finished 467748 instructions 
Clk@ 194920473 Working on the # 470000 th memory instruction
Sampling stash size at 469999 req has local max stash size of: 203
Clk7 @ 195000000 Finished 470194 instructions 
Clk7 @ 196000000 Finished 472600 instructions 
Sampling stash size at 474999 req has local max stash size of: 210
Clk3 @ 198000000 Finished 477467 instructions 
Clk3 @ 199000000 Finished 479928 instructions 
Clk@ 199027160 Working on the # 480000 th memory instruction
Sampling stash size at 479999 req has local max stash size of: 228
Clk3 @ 200000000 Finished 482303 instructions 
Clk3 @ 201000000 Finished 484703 instructions 
Sampling stash size at 484999 req has local max stash size of: 209
Clk3 @ 202000000 Finished 487063 instructions 
Clk7 @ 203000000 Finished 489201 instructions 
Clk@ 203347128 Working on the # 490000 th memory instruction
Sampling stash size at 489999 req has local max stash size of: 205
Clk7 @ 204000000 Finished 491513 instructions 
Clk3 @ 205000000 Finished 493762 instructions 
Sampling stash size at 494999 req has local max stash size of: 213
Clk7 @ 206000000 Finished 495887 instructions 
Clk7 @ 207000000 Finished 498183 instructions 
Clk@ 207798667 Working on the # 500000 th memory instruction
Warm up done after line access count: 500000 out of 1000000 (50 %)
Sampling stash size at 499999 req has local max stash size of: 211
Clk7 @ 208000000 Finished 500452 instructions 
Clk3 @ 209000000 Finished 502807 instructions 
Sampling stash size at 504999 req has local max stash size of: 212
Clk7 @ 210000000 Finished 505181 instructions 
Clk7 @ 211000000 Finished 507565 instructions 
Clk7 @ 212000000 Finished 509932 instructions 
Clk@ 212026343 Working on the # 510000 th memory instruction
Sampling stash size at 509999 req has local max stash size of: 207
Clk3 @ 213000000 Finished 512261 instructions 
Clk7 @ 213000000 Finished 512261 instructions 
Clk3 @ 214000000 Finished 514656 instructions 
Sampling stash size at 514999 req has local max stash size of: 210
Clk3 @ 215000000 Finished 517067 instructions 
Clk3 @ 216000000 Finished 519425 instructions 
Clk@ 216234668 Working on the # 520000 th memory instruction
Sampling stash size at 519999 req has local max stash size of: 217
Clk7 @ 217000000 Finished 521850 instructions 
Clk3 @ 218000000 Finished 524247 instructions 
Sampling stash size at 524999 req has local max stash size of: 205
Clk3 @ 219000000 Finished 526576 instructions 
Clk3 @ 220000000 Finished 528964 instructions 
Clk@ 220435783 Working on the # 530000 th memory instruction
Sampling stash size at 529999 req has local max stash size of: 208
Clk7 @ 221000000 Finished 531373 instructions 
Clk3 @ 222000000 Finished 533758 instructions 
Sampling stash size at 534999 req has local max stash size of: 211
Clk3 @ 223000000 Finished 536204 instructions 
Clk7 @ 224000000 Finished 538667 instructions 
Clk@ 224546715 Working on the # 540000 th memory instruction
Sampling stash size at 539999 req has local max stash size of: 208
Clk3 @ 225000000 Finished 541067 instructions 
Clk3 @ 226000000 Finished 543503 instructions 
Sampling stash size at 544999 req has local max stash size of: 209
Clk7 @ 227000000 Finished 545917 instructions 
Clk7 @ 228000000 Finished 548327 instructions 
Clk@ 228740544 Working on the # 550000 th memory instruction
Sampling stash size at 549999 req has local max stash size of: 213
Clk3 @ 229000000 Finished 550622 instructions 
Clk7 @ 230000000 Finished 553048 instructions 
Sampling stash size at 554999 req has local max stash size of: 211
Clk3 @ 231000000 Finished 555462 instructions 
Clk7 @ 232000000 Finished 557796 instructions 
Clk@ 232910230 Working on the # 560000 th memory instruction
Sampling stash size at 559999 req has local max stash size of: 213
Clk3 @ 233000000 Finished 560207 instructions 
Clk7 @ 234000000 Finished 562624 instructions 
Sampling stash size at 564999 req has local max stash size of: 214
Clk3 @ 235000000 Finished 565027 instructions 
Clk3 @ 236000000 Finished 567469 instructions 
Clk7 @ 237000000 Finished 569854 instructions 
Clk@ 237056886 Working on the # 570000 th memory instruction
Sampling stash size at 569999 req has local max stash size of: 211
Clk3 @ 238000000 Finished 572266 instructions 
Clk7 @ 239000000 Finished 574708 instructions 
Sampling stash size at 574999 req has local max stash size of: 225
Clk3 @ 240000000 Finished 577108 instructions 
Clk7 @ 241000000 Finished 579495 instructions 
Clk@ 241210388 Working on the # 580000 th memory instruction
Sampling stash size at 579999 req has local max stash size of: 209
Clk7 @ 242000000 Finished 581934 instructions 
Clk3 @ 243000000 Finished 584367 instructions 
Sampling stash size at 584999 req has local max stash size of: 218
Clk3 @ 244000000 Finished 586765 instructions 
Clk7 @ 245000000 Finished 589150 instructions 
Clk@ 245346920 Working on the # 590000 th memory instruction
Sampling stash size at 589999 req has local max stash size of: 212
Clk7 @ 246000000 Finished 591588 instructions 
Clk7 @ 247000000 Finished 594015 instructions 
Sampling stash size at 594999 req has local max stash size of: 217
Clk3 @ 248000000 Finished 596427 instructions 
Clk3 @ 249000000 Finished 598867 instructions 
Clk@ 249460235 Working on the # 600000 th memory instruction
Sampling stash size at 599999 req has local max stash size of: 214
Clk3 @ 250000000 Finished 601304 instructions 
Clk7 @ 251000000 Finished 603724 instructions 
Sampling stash size at 604999 req has local max stash size of: 214
Clk3 @ 252000000 Finished 606142 instructions 
Clk7 @ 253000000 Finished 608586 instructions 
Clk@ 253637891 Working on the # 610000 th memory instruction
Sampling stash size at 609999 req has local max stash size of: 212
Clk3 @ 254000000 Finished 610807 instructions 
Clk3 @ 255000000 Finished 613196 instructions 
Sampling stash size at 614999 req has local max stash size of: 208
Clk3 @ 256000000 Finished 615602 instructions 
Clk7 @ 257000000 Finished 617915 instructions 
Clk@ 257884680 Working on the # 620000 th memory instruction
Sampling stash size at 619999 req has local max stash size of: 228
Clk3 @ 258000000 Finished 620280 instructions 
Clk7 @ 259000000 Finished 622678 instructions 
Sampling stash size at 624999 req has local max stash size of: 217
Clk7 @ 260000000 Finished 625067 instructions 
Clk3 @ 261000000 Finished 627507 instructions 
Clk7 @ 262000000 Finished 629941 instructions 
Clk@ 262026007 Working on the # 630000 th memory instruction
Sampling stash size at 629999 req has local max stash size of: 218
Clk3 @ 263000000 Finished 632385 instructions 
Clk7 @ 264000000 Finished 634765 instructions 
Sampling stash size at 634999 req has local max stash size of: 209
Clk7 @ 265000000 Finished 637184 instructions 
Clk3 @ 266000000 Finished 639622 instructions 
Clk@ 266154961 Working on the # 640000 th memory instruction
Sampling stash size at 639999 req has local max stash size of: 212
Clk7 @ 267000000 Finished 641974 instructions 
Clk3 @ 268000000 Finished 644422 instructions 
Sampling stash size at 644999 req has local max stash size of: 212
Clk7 @ 269000000 Finished 646850 instructions 
Clk3 @ 270000000 Finished 649240 instructions 
Clk@ 270312360 Working on the # 650000 th memory instruction
Sampling stash size at 649999 req has local max stash size of: 208
Clk3 @ 271000000 Finished 651587 instructions 
Clk3 @ 272000000 Finished 654022 instructions 
Sampling stash size at 654999 req has local max stash size of: 215
Clk3 @ 273000000 Finished 656384 instructions 
Clk3 @ 274000000 Finished 658807 instructions 
Clk@ 274501234 Working on the # 660000 th memory instruction
Sampling stash size at 659999 req has local max stash size of: 207
Clk7 @ 275000000 Finished 661188 instructions 
Clk3 @ 276000000 Finished 663564 instructions 
Sampling stash size at 664999 req has local max stash size of: 215
Clk7 @ 277000000 Finished 665914 instructions 
Clk3 @ 278000000 Finished 668342 instructions 
Clk@ 278683170 Working on the # 670000 th memory instruction
Sampling stash size at 669999 req has local max stash size of: 209
Clk3 @ 279000000 Finished 670703 instructions 
Clk7 @ 280000000 Finished 673102 instructions 
Sampling stash size at 674999 req has local max stash size of: 223
Clk3 @ 281000000 Finished 675523 instructions 
Clk3 @ 282000000 Finished 677947 instructions 
Clk@ 282855701 Working on the # 680000 th memory instruction
Sampling stash size at 679999 req has local max stash size of: 211
Clk3 @ 283000000 Finished 680348 instructions 
Clk7 @ 284000000 Finished 682761 instructions 
Sampling stash size at 684999 req has local max stash size of: 217
Clk3 @ 285000000 Finished 685145 instructions 
Clk3 @ 286000000 Finished 687446 instructions 
Clk7 @ 287000000 Finished 689890 instructions 
Clk@ 287042874 Working on the # 690000 th memory instruction
Sampling stash size at 689999 req has local max stash size of: 212
Clk3 @ 288000000 Finished 692327 instructions 
Clk7 @ 289000000 Finished 694730 instructions 
Sampling stash size at 694999 req has local max stash size of: 210
Clk7 @ 290000000 Finished 697178 instructions 
Clk3 @ 291000000 Finished 699584 instructions 
Clk@ 291167462 Working on the # 700000 th memory instruction
Sampling stash size at 699999 req has local max stash size of: 219
Clk7 @ 292000000 Finished 701989 instructions 
Clk3 @ 293000000 Finished 704425 instructions 
Sampling stash size at 704999 req has local max stash size of: 214
Clk7 @ 294000000 Finished 706846 instructions 
Clk3 @ 295000000 Finished 709271 instructions 
Clk@ 295302632 Working on the # 710000 th memory instruction
Sampling stash size at 709999 req has local max stash size of: 212
Clk3 @ 296000000 Finished 711701 instructions 
Clk7 @ 297000000 Finished 714135 instructions 
Sampling stash size at 714999 req has local max stash size of: 212
Clk3 @ 298000000 Finished 716509 instructions 
Clk3 @ 299000000 Finished 718906 instructions 
Clk@ 299441652 Working on the # 720000 th memory instruction
Sampling stash size at 719999 req has local max stash size of: 213
Clk3 @ 300000000 Finished 721347 instructions 
Clk3 @ 301000000 Finished 723805 instructions 
Sampling stash size at 724999 req has local max stash size of: 219
Clk3 @ 302000000 Finished 726207 instructions 
Clk7 @ 303000000 Finished 728607 instructions 
Clk@ 303580753 Working on the # 730000 th memory instruction
Sampling stash size at 729999 req has local max stash size of: 218
Clk3 @ 304000000 Finished 730967 instructions 
Clk3 @ 305000000 Finished 733202 instructions 
Sampling stash size at 734999 req has local max stash size of: 218
Clk3 @ 306000000 Finished 735645 instructions 
Clk7 @ 307000000 Finished 738067 instructions 
Clk@ 307810182 Working on the # 740000 th memory instruction
Sampling stash size at 739999 req has local max stash size of: 217
Clk3 @ 308000000 Finished 740453 instructions 
Clk7 @ 309000000 Finished 742804 instructions 
Sampling stash size at 744999 req has local max stash size of: 211
Clk3 @ 310000000 Finished 745069 instructions 
Clk3 @ 311000000 Finished 747261 instructions 
Clk3 @ 312000000 Finished 749618 instructions 
Clk@ 312155336 Working on the # 750000 th memory instruction
Sampling stash size at 749999 req has local max stash size of: 207
Clk3 @ 313000000 Finished 752045 instructions 
Clk7 @ 314000000 Finished 754449 instructions 
Sampling stash size at 754999 req has local max stash size of: 213
Clk3 @ 315000000 Finished 756861 instructions 
Clk3 @ 316000000 Finished 759307 instructions 
Clk@ 316276279 Working on the # 760000 th memory instruction
Sampling stash size at 759999 req has local max stash size of: 212
Clk3 @ 317000000 Finished 761742 instructions 
Clk7 @ 318000000 Finished 764091 instructions 
Sampling stash size at 764999 req has local max stash size of: 213
Clk3 @ 319000000 Finished 766546 instructions 
Clk7 @ 320000000 Finished 768990 instructions 
Clk@ 320424804 Working on the # 770000 th memory instruction
Sampling stash size at 769999 req has local max stash size of: 210
Clk3 @ 321000000 Finished 771407 instructions 
Clk3 @ 322000000 Finished 773814 instructions 
Sampling stash size at 774999 req has local max stash size of: 216
Clk3 @ 323000000 Finished 776246 instructions 
Clk3 @ 324000000 Finished 778644 instructions 
Clk@ 324570119 Working on the # 780000 th memory instruction
Sampling stash size at 779999 req has local max stash size of: 212
Clk7 @ 325000000 Finished 781052 instructions 
Clk7 @ 326000000 Finished 783486 instructions 
Sampling stash size at 784999 req has local max stash size of: 218
Clk3 @ 327000000 Finished 785902 instructions 
Clk3 @ 328000000 Finished 788347 instructions 
Clk@ 328683917 Working on the # 790000 th memory instruction
Sampling stash size at 789999 req has local max stash size of: 210
Clk3 @ 329000000 Finished 790761 instructions 
Clk7 @ 330000000 Finished 793053 instructions 
Sampling stash size at 794999 req has local max stash size of: 212
Clk3 @ 331000000 Finished 795445 instructions 
Clk3 @ 332000000 Finished 797899 instructions 
Clk@ 332861656 Working on the # 800000 th memory instruction
Sampling stash size at 799999 req has local max stash size of: 216
Clk3 @ 333000000 Finished 800320 instructions 
Clk3 @ 334000000 Finished 802727 instructions 
Sampling stash size at 804999 req has local max stash size of: 216
Clk3 @ 335000000 Finished 805166 instructions 
Clk7 @ 336000000 Finished 807582 instructions 
Clk3 @ 337000000 Finished 809927 instructions 
Clk@ 337027220 Working on the # 810000 th memory instruction
Sampling stash size at 809999 req has local max stash size of: 206
Clk3 @ 338000000 Finished 812363 instructions 
Clk3 @ 339000000 Finished 814762 instructions 
Sampling stash size at 814999 req has local max stash size of: 216
Clk3 @ 340000000 Finished 817177 instructions 
Clk3 @ 341000000 Finished 819583 instructions 
Clk@ 341167185 Working on the # 820000 th memory instruction
Sampling stash size at 819999 req has local max stash size of: 213
Clk7 @ 342000000 Finished 822009 instructions 
Clk3 @ 343000000 Finished 824402 instructions 
Sampling stash size at 824999 req has local max stash size of: 209
Clk3 @ 344000000 Finished 826819 instructions 
Clk3 @ 345000000 Finished 829163 instructions 
Clk@ 345341689 Working on the # 830000 th memory instruction
Sampling stash size at 829999 req has local max stash size of: 204
Clk7 @ 346000000 Finished 831588 instructions 
Clk3 @ 347000000 Finished 834026 instructions 
Sampling stash size at 834999 req has local max stash size of: 226
Clk3 @ 348000000 Finished 836447 instructions 
Clk7 @ 349000000 Finished 838786 instructions 
Clk@ 349497924 Working on the # 840000 th memory instruction
Sampling stash size at 839999 req has local max stash size of: 208
Clk3 @ 350000000 Finished 841207 instructions 
Clk3 @ 351000000 Finished 843603 instructions 
Sampling stash size at 844999 req has local max stash size of: 216
Clk7 @ 352000000 Finished 846003 instructions 
Clk7 @ 353000000 Finished 848415 instructions 
Clk@ 353654704 Working on the # 850000 th memory instruction
Sampling stash size at 849999 req has local max stash size of: 207
Clk3 @ 354000000 Finished 850836 instructions 
Clk7 @ 355000000 Finished 853205 instructions 
Sampling stash size at 854999 req has local max stash size of: 218
Clk7 @ 356000000 Finished 855509 instructions 
Clk3 @ 357000000 Finished 857940 instructions 
Clk@ 357855444 Working on the # 860000 th memory instruction
Sampling stash size at 859999 req has local max stash size of: 211
Clk3 @ 358000000 Finished 860346 instructions 
Clk3 @ 359000000 Finished 862764 instructions 
Sampling stash size at 864999 req has local max stash size of: 207
Clk7 @ 360000000 Finished 865173 instructions 
Clk3 @ 361000000 Finished 867567 instructions 
Clk3 @ 362000000 Finished 869767 instructions 
Clk@ 362097729 Working on the # 870000 th memory instruction
Sampling stash size at 869999 req has local max stash size of: 217
Clk3 @ 363000000 Finished 872183 instructions 
Clk3 @ 364000000 Finished 874581 instructions 
Sampling stash size at 874999 req has local max stash size of: 214
Clk3 @ 365000000 Finished 876988 instructions 
Clk3 @ 366000000 Finished 879445 instructions 
Clk@ 366224231 Working on the # 880000 th memory instruction
Sampling stash size at 879999 req has local max stash size of: 220
Clk3 @ 367000000 Finished 881881 instructions 
Clk7 @ 368000000 Finished 884254 instructions 
Sampling stash size at 884999 req has local max stash size of: 211
Clk3 @ 369000000 Finished 886685 instructions 
Clk7 @ 370000000 Finished 889103 instructions 
Clk@ 370371227 Working on the # 890000 th memory instruction
Sampling stash size at 889999 req has local max stash size of: 225
Clk3 @ 371000000 Finished 891537 instructions 
Clk7 @ 372000000 Finished 893961 instructions 
Sampling stash size at 894999 req has local max stash size of: 215
Clk7 @ 373000000 Finished 896362 instructions 
Clk3 @ 374000000 Finished 898787 instructions 
Clk@ 374509750 Working on the # 900000 th memory instruction
Sampling stash size at 899999 req has local max stash size of: 210
Clk7 @ 375000000 Finished 901181 instructions 
Clk7 @ 376000000 Finished 903590 instructions 
Sampling stash size at 904999 req has local max stash size of: 216
Clk7 @ 377000000 Finished 906021 instructions 
Clk7 @ 378000000 Finished 908438 instructions 
Clk@ 378654927 Working on the # 910000 th memory instruction
Sampling stash size at 909999 req has local max stash size of: 219
Clk7 @ 379000000 Finished 910829 instructions 
Clk3 @ 380000000 Finished 913281 instructions 
Sampling stash size at 914999 req has local max stash size of: 221
Clk7 @ 381000000 Finished 915589 instructions 
Clk3 @ 382000000 Finished 918024 instructions 
Clk@ 382813791 Working on the # 920000 th memory instruction
Sampling stash size at 919999 req has local max stash size of: 208
Clk3 @ 383000000 Finished 920443 instructions 
Clk3 @ 384000000 Finished 922827 instructions 
Sampling stash size at 924999 req has local max stash size of: 221
Clk7 @ 385000000 Finished 925271 instructions 
Clk3 @ 386000000 Finished 927705 instructions 
Clk@ 386994345 Working on the # 930000 th memory instruction
Sampling stash size at 929999 req has local max stash size of: 212
Clk7 @ 387000000 Finished 930009 instructions 
Clk3 @ 388000000 Finished 932362 instructions 
Clk3 @ 389000000 Finished 934765 instructions 
Sampling stash size at 934999 req has local max stash size of: 215
Clk3 @ 390000000 Finished 937192 instructions 
Clk3 @ 391000000 Finished 939584 instructions 
Clk@ 391167215 Working on the # 940000 th memory instruction
Sampling stash size at 939999 req has local max stash size of: 216
Clk3 @ 392000000 Finished 942027 instructions 
Clk3 @ 393000000 Finished 944446 instructions 
Sampling stash size at 944999 req has local max stash size of: 215
Clk7 @ 394000000 Finished 946795 instructions 
Clk7 @ 395000000 Finished 949215 instructions 
Clk@ 395324224 Working on the # 950000 th memory instruction
Sampling stash size at 949999 req has local max stash size of: 212
Clk3 @ 396000000 Finished 951607 instructions 
Clk7 @ 397000000 Finished 953998 instructions 
Sampling stash size at 954999 req has local max stash size of: 213
Clk7 @ 398000000 Finished 956402 instructions 
Clk7 @ 399000000 Finished 958811 instructions 
Clk@ 399488152 Working on the # 960000 th memory instruction
Sampling stash size at 959999 req has local max stash size of: 217
Clk3 @ 400000000 Finished 961162 instructions 
Clk3 @ 401000000 Finished 963567 instructions 
Sampling stash size at 964999 req has local max stash size of: 217
Clk3 @ 402000000 Finished 965924 instructions 
Clk7 @ 403000000 Finished 968287 instructions 
Clk@ 403712163 Working on the # 970000 th memory instruction
Sampling stash size at 969999 req has local max stash size of: 216
Clk3 @ 404000000 Finished 970683 instructions 
Clk3 @ 405000000 Finished 973053 instructions 
Sampling stash size at 974999 req has local max stash size of: 211
Clk3 @ 406000000 Finished 975305 instructions 
Clk3 @ 407000000 Finished 977367 instructions 
Clk3 @ 408000000 Finished 979642 instructions 
Clk@ 408153928 Working on the # 980000 th memory instruction
Sampling stash size at 979999 req has local max stash size of: 225
Clk3 @ 409000000 Finished 981971 instructions 
Clk3 @ 410000000 Finished 984240 instructions 
Sampling stash size at 984999 req has local max stash size of: 217
Clk3 @ 411000000 Finished 986547 instructions 
Clk7 @ 412000000 Finished 988845 instructions 
Clk@ 412528307 Working on the # 990000 th memory instruction
Sampling stash size at 989999 req has local max stash size of: 228
Clk7 @ 413000000 Finished 990988 instructions 
Clk3 @ 414000000 Finished 993285 instructions 
Sampling stash size at 994999 req has local max stash size of: 214
Clk3 @ 415000000 Finished 995666 instructions 
Clk3 @ 416000000 Finished 998017 instructions 
Clk@ 416853000 Working on the # 1000000 th memory instruction
Sampling stash size at 999999 req has local max stash size of: 221

===*** Data ***====
Stall reason distribution: 
mc_hazard: 0
normal: 0
rs_hazard: 0
rw_swtich: 0
Early reshuffle distribution: 
0: 0
1: 0
2: 0
3: 0
4: 0
5: 0
6: 2076
7: 3880
8: 3882
9: 3851
10: 3875
11: 3788
12: 3636
13: 3360
14: 2898
15: 1814
16: 98
17: 0
18: 0
19: 0
20: 0
21: 0
22: 0
23: 0
24: 0
=================
Max stash size is: 228
Average stash size is: 111.416
Average mem q size is: 59.297
Total mem q size is:15015062
mem_q_sample_times is:253218
useful_read_pull_ddr: 500007 (1.30901) %
dummy_read_pull_ddr: 8751571 (22.9115) %
useful_early_pull_ddr: 280130 (0.733376) %
useful_early_push_ddr: 157035 (0.411115) %
useful_write_pull_ddr: 7251618 (18.9846) %
useful_write_push_ddr: 2983624 (7.81109) %
dummy_early_pull_ddr: 37090 (0.0971011) %
dummy_early_push_ddr: 645345 (1.6895) %
dummy_write_pull_ddr: 148686 (0.389258) %
dummy_write_push_ddr: 17442193 (45.6634) %
=================
Stash violation number of times: 0
=================
Check NodeID traffic: 6540725
Update NodeID traffic: 33
=================
Read RS lines: 1000000 (85.7401) %
Write RS lines: 100000 (8.57401) %
Early RS lines: 66316 (5.68594) %
Read DDR lines: 18503946 (24.6494) %
Write DDR lines: 54575000 (72.7003) %
Early DDR lines: 1989480 (2.65022) %

====*** pos1 ***====
Stall reason distribution: 
mc_hazard: 0
normal: 0
rs_hazard: 0
rw_swtich: 0
Early reshuffle distribution: 
0: 0
1: 0
2: 0
3: 1637
4: 3512
5: 3761
6: 3838
7: 3833
8: 3884
9: 3821
10: 3816
11: 3780
12: 3624
13: 3398
14: 2878
15: 1759
16: 82
17: 0
18: 0
19: 0
20: 0
21: 0
=================
Max stash size is: 145
Average stash size is: 25.3326
Average mem q size is: 79.5672
Total mem q size is:7085062
mem_q_sample_times is:89045
useful_read_pull_ddr: 181385 (0.236277) %
dummy_read_pull_ddr: 18319177 (23.8631) %
useful_early_pull_ddr: 690352 (0.899271) %
useful_early_push_ddr: 63007 (0.0820746) %
useful_write_pull_ddr: 14734778 (19.1939) %
useful_write_push_ddr: 1821393 (2.3726) %
dummy_early_pull_ddr: 51239 (0.0667453) %
dummy_early_push_ddr: 1812782 (2.36138) %
dummy_write_pull_ddr: 65222 (0.0849599) %
dummy_write_push_ddr: 39028607 (50.8397) %
=================
Stash violation number of times: 0
=================
Check NodeID traffic: 9510854
Update NodeID traffic: 5
=================
Read RS lines: 1000000 (84.2285) %
Write RS lines: 100000 (8.42285) %
Early RS lines: 87246 (7.3486) %
Read DDR lines: 18500562 (24.4416) %
Write DDR lines: 54575000 (72.1005) %
Early DDR lines: 2617380 (3.45789) %

====*** pos2 ***====
Stall reason distribution: 
mc_hazard: 0
normal: 0
rs_hazard: 0
rw_swtich: 0
Early reshuffle distribution: 
0: 0
1: 0
2: 1246
3: 3216
4: 3568
5: 3714
6: 3774
7: 3800
8: 3911
9: 3900
10: 3758
11: 3739
12: 3689
13: 3416
14: 2776
15: 1856
16: 84
17: 0
18: 0
=================
Max stash size is: 110
Average stash size is: 13.6149
Average mem q size is: 76.8586
Total mem q size is:5733266
mem_q_sample_times is:74595
useful_read_pull_ddr: 60368 (0.0915887) %
dummy_read_pull_ddr: 15939632 (24.1832) %
useful_early_pull_ddr: 718802 (1.09055) %
useful_early_push_ddr: 13745 (0.0208535) %
useful_write_pull_ddr: 12758224 (19.3564) %
useful_write_push_ddr: 1014595 (1.53932) %
dummy_early_pull_ddr: 49615 (0.0752745) %
dummy_early_push_ddr: 1929898 (2.92799) %
dummy_write_pull_ddr: 41776 (0.0633814) %
dummy_write_push_ddr: 33385405 (50.6514) %
=================
Stash violation number of times: 0
=================
Check NodeID traffic: 5747313
Update NodeID traffic: 0
=================
Read RS lines: 1000000 (83.8297) %
Write RS lines: 100000 (8.38297) %
Early RS lines: 92894 (7.78728) %
Read DDR lines: 16000000 (24.2748) %
Write DDR lines: 47200000 (71.6106) %
Early DDR lines: 2712060 (4.11466) %
=================
The final DRAM clk is: 416858633 ticks.
Idle waiting clk is 160384161, which is 38.4745 %
DRAM Frequency is: 1600MHz
The final time in ns is: 2.60537e+08 ns.
Time distribution: 
Data pull time is: 0
data: 0
pos1: 0
pos2: 0
Data distribution: 
Pos2 data: 65912060
Pos1 data: 75692942
Data: 75068426
Node access DDR: 13081450
Pull DDR: 18503946
WB DDR: 54575000
Early DDR: 1989480
Achieved BW is: 60.187 GB/s
Ideal BW is: 102.4 GB/s
Metadata cache conclusion: 
overall_hit: 14450443 overall_total: 27533158
Cache Size 64 KB Overall Hit rate: 52.4838 %. 
Simulation done. Statistics written to results_all/mcf_output.txt
