Valid leaf ID range: 1048575:2097150
Num of top nodes: 1048576
Data level num of ways: 1048576
Z: 16
S: 27
A: 20
cached_total: 1
cached_total: 3
cached_total: 7
Total number of ORAM protected cache line blocks: 1048576
Cached number of levels: 2
Max number of levels: 21
Start lvl is: 0
data valid leaf right: 2097151
data num of levels: 21
data level num of ways: 1048576
data number of sets: 1
Cached node ID: 0 -- 5
Address space: 0 - 4 GB
pos1 valid leaf right: 262143
pos1 num of levels: 18
pos1 level num of ways: 131072
pos1 number of sets: 1
Cached node ID: 0 -- 0
Address space: 0 - 0.5 GB
pos2 valid leaf right: 32767
pos2 num of levels: 15
pos2 level num of ways: 16384
pos2 number of sets: 1
Cached node ID: 0 -- 0
Address space: 0 - 0.0625 GB
new addr: 40
(myrs->posMap.find(new_addr) != myrs->posMap.end()): 1
(myrs->posMap[new_addr].pending): 0
myrs->posMap[new_addr] = 64
#2 ID 0 set true here
Clk3 @ 1000000 Finished 447 instructions 
Clk3 @ 2000000 Finished 887 instructions 
Clk3 @ 3000000 Finished 1307 instructions 
Clk3 @ 4000000 Finished 1747 instructions 
Clk3 @ 5000000 Finished 2187 instructions 
Clk3 @ 6000000 Finished 2608 instructions 
Clk3 @ 7000000 Finished 3047 instructions 
Clk3 @ 8000000 Finished 3487 instructions 
Clk3 @ 9000000 Finished 3907 instructions 
Clk3 @ 10000000 Finished 4347 instructions 
Clk3 @ 11000000 Finished 4772 instructions 
Sampling stash size at 4999 req has local max stash size of: 116
Clk3 @ 12000000 Finished 5207 instructions 
Clk3 @ 13000000 Finished 5639 instructions 
Clk3 @ 14000000 Finished 6067 instructions 
Clk3 @ 15000000 Finished 6507 instructions 
Clk3 @ 16000000 Finished 6947 instructions 
Clk3 @ 17000000 Finished 7367 instructions 
Clk3 @ 18000000 Finished 7807 instructions 
Clk3 @ 19000000 Finished 8227 instructions 
Clk3 @ 20000000 Finished 8667 instructions 
Clk3 @ 21000000 Finished 9096 instructions 
Clk3 @ 22000000 Finished 9527 instructions 
Clk3 @ 23000000 Finished 9967 instructions 
Clk@ 23067814 Working on the # 10000 th memory instruction
Sampling stash size at 9999 req has local max stash size of: 45
Clk3 @ 24000000 Finished 10401 instructions 
Clk3 @ 25000000 Finished 10827 instructions 
Clk3 @ 26000000 Finished 11267 instructions 
Clk3 @ 27000000 Finished 11687 instructions 
Clk3 @ 28000000 Finished 12127 instructions 
Clk3 @ 29000000 Finished 12564 instructions 
Clk3 @ 30000000 Finished 12987 instructions 
Clk3 @ 31000000 Finished 13427 instructions 
Clk3 @ 32000000 Finished 13867 instructions 
Clk3 @ 33000000 Finished 14293 instructions 
Clk3 @ 34000000 Finished 14727 instructions 
Sampling stash size at 14999 req has local max stash size of: 40
Clk3 @ 35000000 Finished 15166 instructions 
Clk3 @ 36000000 Finished 15587 instructions 
Clk3 @ 37000000 Finished 16007 instructions 
Clk3 @ 38000000 Finished 16441 instructions 
Clk3 @ 39000000 Finished 16867 instructions 
Clk3 @ 40000000 Finished 17307 instructions 
Clk3 @ 41000000 Finished 17727 instructions 
Clk3 @ 42000000 Finished 18167 instructions 
Clk3 @ 43000000 Finished 18607 instructions 
Clk3 @ 44000000 Finished 19047 instructions 
Clk3 @ 45000000 Finished 19467 instructions 
Clk3 @ 46000000 Finished 19907 instructions 
Clk@ 46208150 Working on the # 20000 th memory instruction
Sampling stash size at 19999 req has local max stash size of: 39
Clk3 @ 47000000 Finished 20347 instructions 
Clk3 @ 48000000 Finished 20767 instructions 
Clk3 @ 49000000 Finished 21207 instructions 
Clk7 @ 50000000 Finished 21636 instructions 
Clk3 @ 51000000 Finished 22067 instructions 
Clk3 @ 52000000 Finished 22507 instructions 
Clk3 @ 53000000 Finished 22947 instructions 
Clk3 @ 54000000 Finished 23367 instructions 
Clk3 @ 55000000 Finished 23787 instructions 
Clk3 @ 56000000 Finished 24227 instructions 
Clk3 @ 57000000 Finished 24647 instructions 
Sampling stash size at 24999 req has local max stash size of: 40
Clk3 @ 58000000 Finished 25087 instructions 
Clk3 @ 59000000 Finished 25523 instructions 
Clk3 @ 60000000 Finished 25947 instructions 
Clk3 @ 61000000 Finished 26384 instructions 
Clk3 @ 62000000 Finished 26807 instructions 
Clk3 @ 63000000 Finished 27247 instructions 
Clk3 @ 64000000 Finished 27678 instructions 
Clk7 @ 65000000 Finished 28127 instructions 
Clk3 @ 66000000 Finished 28547 instructions 
Clk7 @ 67000000 Finished 28971 instructions 
Clk3 @ 68000000 Finished 29407 instructions 
Clk3 @ 69000000 Finished 29842 instructions 
Clk@ 69359091 Working on the # 30000 th memory instruction
Sampling stash size at 29999 req has local max stash size of: 38
Clk3 @ 70000000 Finished 30267 instructions 
Clk3 @ 71000000 Finished 30687 instructions 
Clk3 @ 72000000 Finished 31107 instructions 
Clk3 @ 73000000 Finished 31527 instructions 
Clk3 @ 74000000 Finished 31961 instructions 
Clk3 @ 75000000 Finished 32388 instructions 
Clk3 @ 76000000 Finished 32837 instructions 
Clk3 @ 77000000 Finished 33267 instructions 
Clk3 @ 78000000 Finished 33707 instructions 
Clk7 @ 79000000 Finished 34127 instructions 
Clk3 @ 80000000 Finished 34567 instructions 
Sampling stash size at 34999 req has local max stash size of: 38
Clk3 @ 81000000 Finished 35007 instructions 
Clk3 @ 82000000 Finished 35432 instructions 
Clk3 @ 83000000 Finished 35867 instructions 
Clk3 @ 84000000 Finished 36307 instructions 
Clk7 @ 85000000 Finished 36734 instructions 
Clk3 @ 86000000 Finished 37167 instructions 
Clk3 @ 87000000 Finished 37607 instructions 
Clk3 @ 88000000 Finished 38047 instructions 
Clk3 @ 89000000 Finished 38467 instructions 
Clk3 @ 90000000 Finished 38907 instructions 
Clk3 @ 91000000 Finished 39347 instructions 
Clk3 @ 92000000 Finished 39787 instructions 
Clk@ 92478541 Working on the # 40000 th memory instruction
Sampling stash size at 39999 req has local max stash size of: 40
Clk3 @ 93000000 Finished 40227 instructions 
Clk3 @ 94000000 Finished 40667 instructions 
Clk3 @ 95000000 Finished 41101 instructions 
Clk3 @ 96000000 Finished 41544 instructions 
Clk3 @ 97000000 Finished 41982 instructions 
Clk3 @ 98000000 Finished 42407 instructions 
Clk3 @ 99000000 Finished 42847 instructions 
Clk3 @ 100000000 Finished 43267 instructions 
Clk3 @ 101000000 Finished 43707 instructions 
Clk3 @ 102000000 Finished 44147 instructions 
Clk3 @ 103000000 Finished 44587 instructions 
Sampling stash size at 44999 req has local max stash size of: 40
Clk3 @ 104000000 Finished 45010 instructions 
Clk3 @ 105000000 Finished 45447 instructions 
Clk3 @ 106000000 Finished 45887 instructions 
Clk3 @ 107000000 Finished 46307 instructions 
Clk3 @ 108000000 Finished 46741 instructions 
Clk3 @ 109000000 Finished 47167 instructions 
Clk3 @ 110000000 Finished 47601 instructions 
Clk3 @ 111000000 Finished 48027 instructions 
Clk3 @ 112000000 Finished 48467 instructions 
Clk3 @ 113000000 Finished 48903 instructions 
Clk3 @ 114000000 Finished 49347 instructions 
Clk3 @ 115000000 Finished 49787 instructions 
Clk@ 115491769 Working on the # 50000 th memory instruction
Sampling stash size at 49999 req has local max stash size of: 39
Clk3 @ 116000000 Finished 50221 instructions 
Clk7 @ 117000000 Finished 50651 instructions 
Clk3 @ 118000000 Finished 51087 instructions 
Clk3 @ 119000000 Finished 51527 instructions 
Clk3 @ 120000000 Finished 51959 instructions 
Clk3 @ 121000000 Finished 52405 instructions 
Clk7 @ 122000000 Finished 52827 instructions 
Clk3 @ 123000000 Finished 53267 instructions 
Clk3 @ 124000000 Finished 53707 instructions 
Clk7 @ 125000000 Finished 54136 instructions 
Clk3 @ 126000000 Finished 54568 instructions 
Sampling stash size at 54999 req has local max stash size of: 38
Clk3 @ 127000000 Finished 55007 instructions 
Clk3 @ 128000000 Finished 55447 instructions 
Clk3 @ 129000000 Finished 55887 instructions 
Clk3 @ 130000000 Finished 56327 instructions 
Clk3 @ 131000000 Finished 56767 instructions 
Clk3 @ 132000000 Finished 57207 instructions 
Clk3 @ 133000000 Finished 57643 instructions 
Clk7 @ 134000000 Finished 58085 instructions 
Clk3 @ 135000000 Finished 58510 instructions 
Clk3 @ 136000000 Finished 58947 instructions 
Clk3 @ 137000000 Finished 59379 instructions 
Clk3 @ 138000000 Finished 59807 instructions 
Clk@ 138425268 Working on the # 60000 th memory instruction
Sampling stash size at 59999 req has local max stash size of: 38
Clk3 @ 139000000 Finished 60247 instructions 
Clk3 @ 140000000 Finished 60667 instructions 
Clk3 @ 141000000 Finished 61107 instructions 
Clk3 @ 142000000 Finished 61527 instructions 
Clk7 @ 143000000 Finished 61953 instructions 
Clk3 @ 144000000 Finished 62387 instructions 
Clk3 @ 145000000 Finished 62807 instructions 
Clk3 @ 146000000 Finished 63227 instructions 
Clk3 @ 147000000 Finished 63662 instructions 
Clk3 @ 148000000 Finished 64087 instructions 
Clk7 @ 149000000 Finished 64507 instructions 
Clk3 @ 150000000 Finished 64947 instructions 
Sampling stash size at 64999 req has local max stash size of: 45
Clk3 @ 151000000 Finished 65375 instructions 
Clk3 @ 152000000 Finished 65807 instructions 
Clk3 @ 153000000 Finished 66247 instructions 
Clk3 @ 154000000 Finished 66687 instructions 
Clk3 @ 155000000 Finished 67122 instructions 
Clk3 @ 156000000 Finished 67567 instructions 
Clk3 @ 157000000 Finished 68002 instructions 
Clk3 @ 158000000 Finished 68441 instructions 
Clk3 @ 159000000 Finished 68867 instructions 
Clk3 @ 160000000 Finished 69307 instructions 
Clk3 @ 161000000 Finished 69742 instructions 
Clk@ 161606275 Working on the # 70000 th memory instruction
Sampling stash size at 69999 req has local max stash size of: 55
Clk3 @ 162000000 Finished 70167 instructions 
Clk3 @ 163000000 Finished 70607 instructions 
Clk3 @ 164000000 Finished 71047 instructions 
Clk3 @ 165000000 Finished 71475 instructions 
Clk3 @ 166000000 Finished 71901 instructions 
Clk3 @ 167000000 Finished 72327 instructions 
Clk3 @ 168000000 Finished 72767 instructions 
Clk3 @ 169000000 Finished 73207 instructions 
Clk3 @ 170000000 Finished 73627 instructions 
Clk3 @ 171000000 Finished 74067 instructions 
Clk3 @ 172000000 Finished 74493 instructions 
Clk3 @ 173000000 Finished 74942 instructions 
Sampling stash size at 74999 req has local max stash size of: 73
Clk3 @ 174000000 Finished 75367 instructions 
Clk3 @ 175000000 Finished 75807 instructions 
Clk3 @ 176000000 Finished 76247 instructions 
Clk3 @ 177000000 Finished 76687 instructions 
Clk3 @ 178000000 Finished 77107 instructions 
Clk7 @ 179000000 Finished 77541 instructions 
Clk3 @ 180000000 Finished 77970 instructions 
Clk3 @ 181000000 Finished 78407 instructions 
Clk3 @ 182000000 Finished 78847 instructions 
Clk3 @ 183000000 Finished 79287 instructions 
Clk3 @ 184000000 Finished 79727 instructions 
Clk@ 184628740 Working on the # 80000 th memory instruction
Sampling stash size at 79999 req has local max stash size of: 71
Clk7 @ 185000000 Finished 80158 instructions 
Clk3 @ 186000000 Finished 80587 instructions 
Clk3 @ 187000000 Finished 81032 instructions 
Clk3 @ 188000000 Finished 81467 instructions 
Clk3 @ 189000000 Finished 81896 instructions 
Clk3 @ 190000000 Finished 82326 instructions 
Clk3 @ 191000000 Finished 82753 instructions 
Clk3 @ 192000000 Finished 83187 instructions 
Clk3 @ 193000000 Finished 83627 instructions 
Clk3 @ 194000000 Finished 84047 instructions 
Clk3 @ 195000000 Finished 84487 instructions 
Clk3 @ 196000000 Finished 84912 instructions 
Sampling stash size at 84999 req has local max stash size of: 54
Clk3 @ 197000000 Finished 85347 instructions 
Clk3 @ 198000000 Finished 85767 instructions 
Clk3 @ 199000000 Finished 86201 instructions 
Clk3 @ 200000000 Finished 86645 instructions 
Clk3 @ 201000000 Finished 87071 instructions 
Clk3 @ 202000000 Finished 87507 instructions 
Clk3 @ 203000000 Finished 87947 instructions 
Clk3 @ 204000000 Finished 88387 instructions 
Clk3 @ 205000000 Finished 88819 instructions 
Clk7 @ 205000000 Finished 88819 instructions 
Clk7 @ 206000000 Finished 89250 instructions 
Clk3 @ 207000000 Finished 89687 instructions 
Clk@ 207708683 Working on the # 90000 th memory instruction
Sampling stash size at 89999 req has local max stash size of: 58
Clk3 @ 208000000 Finished 90127 instructions 
Clk3 @ 209000000 Finished 90567 instructions 
Clk3 @ 210000000 Finished 91007 instructions 
Clk7 @ 211000000 Finished 91435 instructions 
Clk3 @ 212000000 Finished 91867 instructions 
Clk3 @ 213000000 Finished 92301 instructions 
Clk3 @ 214000000 Finished 92727 instructions 
Clk7 @ 215000000 Finished 93134 instructions 
Clk3 @ 216000000 Finished 93567 instructions 
Clk3 @ 217000000 Finished 93987 instructions 
Clk3 @ 218000000 Finished 94427 instructions 
Clk3 @ 219000000 Finished 94860 instructions 
Sampling stash size at 94999 req has local max stash size of: 58
Clk3 @ 220000000 Finished 95287 instructions 
Clk3 @ 221000000 Finished 95727 instructions 
Clk3 @ 222000000 Finished 96148 instructions 
Clk3 @ 223000000 Finished 96587 instructions 
Clk3 @ 224000000 Finished 97027 instructions 
Clk3 @ 225000000 Finished 97447 instructions 
Clk3 @ 226000000 Finished 97887 instructions 
Clk3 @ 227000000 Finished 98327 instructions 
Clk3 @ 228000000 Finished 98767 instructions 
Clk3 @ 229000000 Finished 99198 instructions 
Clk3 @ 230000000 Finished 99627 instructions 
Clk@ 230845662 Working on the # 100000 th memory instruction
Sampling stash size at 99999 req has local max stash size of: 54
Clk3 @ 231000000 Finished 100067 instructions 
Clk3 @ 232000000 Finished 100505 instructions 
Clk3 @ 233000000 Finished 100939 instructions 
Clk3 @ 234000000 Finished 101367 instructions 
Clk3 @ 235000000 Finished 101807 instructions 
Clk3 @ 236000000 Finished 102227 instructions 
Clk3 @ 237000000 Finished 102667 instructions 
Clk3 @ 238000000 Finished 103107 instructions 
Clk3 @ 239000000 Finished 103547 instructions 
Clk3 @ 240000000 Finished 103987 instructions 
Clk3 @ 241000000 Finished 104407 instructions 
Clk3 @ 242000000 Finished 104827 instructions 
Sampling stash size at 104999 req has local max stash size of: 52
Clk3 @ 243000000 Finished 105267 instructions 
Clk3 @ 244000000 Finished 105707 instructions 
Clk3 @ 245000000 Finished 106147 instructions 
Clk3 @ 246000000 Finished 106587 instructions 
Clk3 @ 247000000 Finished 107007 instructions 
Clk3 @ 248000000 Finished 107447 instructions 
Clk7 @ 249000000 Finished 107867 instructions 
Clk3 @ 250000000 Finished 108307 instructions 
Clk3 @ 251000000 Finished 108727 instructions 
Clk3 @ 252000000 Finished 109147 instructions 
Clk7 @ 253000000 Finished 109587 instructions 
Clk@ 253911807 Working on the # 110000 th memory instruction
Sampling stash size at 109999 req has local max stash size of: 60
Clk7 @ 254000000 Finished 110034 instructions 
Clk3 @ 255000000 Finished 110467 instructions 
Clk3 @ 256000000 Finished 110904 instructions 
Clk3 @ 257000000 Finished 111329 instructions 
Clk3 @ 258000000 Finished 111767 instructions 
Clk3 @ 259000000 Finished 112207 instructions 
Clk3 @ 260000000 Finished 112641 instructions 
Clk3 @ 261000000 Finished 113067 instructions 
Clk3 @ 262000000 Finished 113507 instructions 
Clk3 @ 263000000 Finished 113947 instructions 
Clk3 @ 264000000 Finished 114387 instructions 
Clk3 @ 265000000 Finished 114807 instructions 
Sampling stash size at 114999 req has local max stash size of: 51
Clk3 @ 266000000 Finished 115247 instructions 
Clk3 @ 267000000 Finished 115667 instructions 
Clk3 @ 268000000 Finished 116107 instructions 
Clk3 @ 269000000 Finished 116527 instructions 
Clk3 @ 270000000 Finished 116987 instructions 
Clk3 @ 271000000 Finished 117407 instructions 
Clk3 @ 272000000 Finished 117847 instructions 
Clk7 @ 273000000 Finished 118279 instructions 
Clk3 @ 274000000 Finished 118707 instructions 
Clk3 @ 275000000 Finished 119147 instructions 
Clk3 @ 276000000 Finished 119569 instructions 
Clk@ 276969289 Working on the # 120000 th memory instruction
Sampling stash size at 119999 req has local max stash size of: 55
Clk3 @ 277000000 Finished 120007 instructions 
Clk3 @ 278000000 Finished 120427 instructions 
Clk3 @ 279000000 Finished 120847 instructions 
Clk3 @ 280000000 Finished 121287 instructions 
Clk3 @ 281000000 Finished 121707 instructions 
Clk3 @ 282000000 Finished 122147 instructions 
Clk3 @ 283000000 Finished 122574 instructions 
Clk3 @ 284000000 Finished 123007 instructions 
Clk3 @ 285000000 Finished 123427 instructions 
Clk3 @ 286000000 Finished 123847 instructions 
Clk3 @ 287000000 Finished 124267 instructions 
Clk3 @ 288000000 Finished 124687 instructions 
Sampling stash size at 124999 req has local max stash size of: 54
Clk3 @ 289000000 Finished 125107 instructions 
Clk3 @ 290000000 Finished 125527 instructions 
Clk3 @ 291000000 Finished 125967 instructions 
Clk3 @ 292000000 Finished 126387 instructions 
Clk3 @ 293000000 Finished 126807 instructions 
Clk3 @ 294000000 Finished 127247 instructions 
Clk3 @ 295000000 Finished 127667 instructions 
Clk3 @ 296000000 Finished 128087 instructions 
Clk3 @ 297000000 Finished 128521 instructions 
Clk3 @ 298000000 Finished 128947 instructions 
Clk3 @ 299000000 Finished 129387 instructions 
Clk3 @ 300000000 Finished 129823 instructions 
Clk@ 300430314 Working on the # 130000 th memory instruction
Sampling stash size at 129999 req has local max stash size of: 48
Clk3 @ 301000000 Finished 130247 instructions 
Clk3 @ 302000000 Finished 130682 instructions 
Clk3 @ 303000000 Finished 131107 instructions 
Clk3 @ 305000000 Finished 131967 instructions 
Clk3 @ 306000000 Finished 132404 instructions 
Clk3 @ 307000000 Finished 132827 instructions 
Clk3 @ 308000000 Finished 133247 instructions 
Clk3 @ 309000000 Finished 133681 instructions 
Clk3 @ 310000000 Finished 134107 instructions 
Clk3 @ 311000000 Finished 134545 instructions 
Clk3 @ 312000000 Finished 134967 instructions 
Sampling stash size at 134999 req has local max stash size of: 58
Clk3 @ 313000000 Finished 135387 instructions 
Clk3 @ 314000000 Finished 135827 instructions 
Clk3 @ 315000000 Finished 136247 instructions 
Clk3 @ 316000000 Finished 136687 instructions 
Clk3 @ 317000000 Finished 137127 instructions 
Clk3 @ 318000000 Finished 137567 instructions 
Clk3 @ 319000000 Finished 137987 instructions 
Clk3 @ 320000000 Finished 138424 instructions 
Clk3 @ 321000000 Finished 138847 instructions 
Clk3 @ 322000000 Finished 139267 instructions 
Clk3 @ 323000000 Finished 139687 instructions 
Clk@ 323702642 Working on the # 140000 th memory instruction
Sampling stash size at 139999 req has local max stash size of: 51
Clk3 @ 324000000 Finished 140127 instructions 
Clk7 @ 325000000 Finished 140556 instructions 
Clk3 @ 326000000 Finished 140987 instructions 
Clk3 @ 327000000 Finished 141427 instructions 
Clk3 @ 328000000 Finished 141867 instructions 
Clk3 @ 329000000 Finished 142287 instructions 
Clk3 @ 330000000 Finished 142727 instructions 
Clk3 @ 331000000 Finished 143167 instructions 
Clk3 @ 332000000 Finished 143603 instructions 
Clk3 @ 333000000 Finished 144027 instructions 
Clk3 @ 334000000 Finished 144467 instructions 
Clk3 @ 335000000 Finished 144887 instructions 
Sampling stash size at 144999 req has local max stash size of: 57
Clk3 @ 336000000 Finished 145327 instructions 
Clk3 @ 337000000 Finished 145767 instructions 
Clk7 @ 338000000 Finished 146187 instructions 
Clk3 @ 339000000 Finished 146627 instructions 
Clk3 @ 340000000 Finished 147047 instructions 
Clk3 @ 341000000 Finished 147487 instructions 
Clk3 @ 342000000 Finished 147927 instructions 
Clk3 @ 343000000 Finished 148347 instructions 
Clk3 @ 344000000 Finished 148787 instructions 
Clk3 @ 345000000 Finished 149223 instructions 
Clk3 @ 346000000 Finished 149658 instructions 
Clk@ 346765832 Working on the # 150000 th memory instruction
Sampling stash size at 149999 req has local max stash size of: 63
Clk3 @ 347000000 Finished 150093 instructions 
Clk3 @ 348000000 Finished 150527 instructions 
Clk3 @ 349000000 Finished 150947 instructions 
Clk3 @ 350000000 Finished 151387 instructions 
Clk3 @ 351000000 Finished 151824 instructions 
Clk3 @ 352000000 Finished 152247 instructions 
Clk3 @ 353000000 Finished 152687 instructions 
Clk7 @ 354000000 Finished 153127 instructions 
Clk3 @ 355000000 Finished 153547 instructions 
Clk3 @ 356000000 Finished 153987 instructions 
Clk3 @ 357000000 Finished 154407 instructions 
Clk3 @ 358000000 Finished 154827 instructions 
Sampling stash size at 154999 req has local max stash size of: 82
Clk3 @ 359000000 Finished 155267 instructions 
Clk3 @ 360000000 Finished 155707 instructions 
Clk3 @ 361000000 Finished 156127 instructions 
Clk3 @ 362000000 Finished 156567 instructions 
Clk3 @ 363000000 Finished 157000 instructions 
Clk3 @ 364000000 Finished 157427 instructions 
Clk3 @ 365000000 Finished 157867 instructions 
Clk3 @ 366000000 Finished 158307 instructions 
Clk7 @ 367000000 Finished 158738 instructions 
Clk3 @ 368000000 Finished 159167 instructions 
Clk3 @ 369000000 Finished 159607 instructions 
Clk@ 369896463 Working on the # 160000 th memory instruction
Sampling stash size at 159999 req has local max stash size of: 87
Clk3 @ 370000000 Finished 160047 instructions 
Clk3 @ 371000000 Finished 160478 instructions 
Clk3 @ 372000000 Finished 160907 instructions 
Clk3 @ 373000000 Finished 161347 instructions 
Clk3 @ 374000000 Finished 161787 instructions 
Clk3 @ 375000000 Finished 162209 instructions 
Clk3 @ 376000000 Finished 162647 instructions 
Clk3 @ 377000000 Finished 163087 instructions 
Clk3 @ 378000000 Finished 163527 instructions 
Clk3 @ 379000000 Finished 163967 instructions 
Clk3 @ 380000000 Finished 164387 instructions 
Clk3 @ 381000000 Finished 164815 instructions 
Sampling stash size at 164999 req has local max stash size of: 82
Clk3 @ 382000000 Finished 165248 instructions 
Clk3 @ 383000000 Finished 165687 instructions 
Clk3 @ 384000000 Finished 166122 instructions 
Clk3 @ 385000000 Finished 166547 instructions 
Clk3 @ 386000000 Finished 166987 instructions 
Clk3 @ 387000000 Finished 167407 instructions 
Clk3 @ 388000000 Finished 167827 instructions 
Clk3 @ 389000000 Finished 168267 instructions 
Clk3 @ 390000000 Finished 168696 instructions 
Clk3 @ 391000000 Finished 169127 instructions 
Clk3 @ 392000000 Finished 169567 instructions 
Clk7 @ 393000000 Finished 169991 instructions 
Clk@ 393003447 Working on the # 170000 th memory instruction
Sampling stash size at 169999 req has local max stash size of: 52
Clk3 @ 394000000 Finished 170427 instructions 
Clk3 @ 395000000 Finished 170867 instructions 
Clk3 @ 396000000 Finished 171287 instructions 
Clk3 @ 397000000 Finished 171700 instructions 
Clk3 @ 398000000 Finished 172127 instructions 
Clk3 @ 399000000 Finished 172567 instructions 
Clk3 @ 400000000 Finished 172987 instructions 
Clk3 @ 401000000 Finished 173427 instructions 
Clk3 @ 402000000 Finished 173847 instructions 
Clk3 @ 403000000 Finished 174287 instructions 
Clk3 @ 404000000 Finished 174727 instructions 
Sampling stash size at 174999 req has local max stash size of: 52
Clk3 @ 405000000 Finished 175166 instructions 
Clk3 @ 406000000 Finished 175574 instructions 
Clk7 @ 407000000 Finished 176027 instructions 
Clk3 @ 408000000 Finished 176463 instructions 
Clk3 @ 409000000 Finished 176887 instructions 
Clk3 @ 410000000 Finished 177327 instructions 
Clk3 @ 411000000 Finished 177767 instructions 
Clk3 @ 412000000 Finished 178187 instructions 
Clk3 @ 413000000 Finished 178627 instructions 
Clk7 @ 414000000 Finished 179048 instructions 
Clk3 @ 415000000 Finished 179487 instructions 
Clk3 @ 416000000 Finished 179915 instructions 
Clk@ 416178162 Working on the # 180000 th memory instruction
Sampling stash size at 179999 req has local max stash size of: 53
Clk7 @ 417000000 Finished 180354 instructions 
Clk3 @ 418000000 Finished 180787 instructions 
Clk3 @ 419000000 Finished 181227 instructions 
Clk3 @ 420000000 Finished 181662 instructions 
Clk3 @ 421000000 Finished 182105 instructions 
Clk3 @ 422000000 Finished 182527 instructions 
Clk3 @ 423000000 Finished 182950 instructions 
Clk3 @ 424000000 Finished 183387 instructions 
Clk3 @ 425000000 Finished 183807 instructions 
Clk3 @ 426000000 Finished 184247 instructions 
Clk3 @ 427000000 Finished 184687 instructions 
Sampling stash size at 184999 req has local max stash size of: 48
Clk3 @ 428000000 Finished 185107 instructions 
Clk3 @ 429000000 Finished 185524 instructions 
Clk3 @ 430000000 Finished 185935 instructions 
Clk3 @ 431000000 Finished 186347 instructions 
Clk3 @ 432000000 Finished 186767 instructions 
Clk3 @ 433000000 Finished 187187 instructions 
Clk3 @ 434000000 Finished 187627 instructions 
Clk7 @ 435000000 Finished 188048 instructions 
Clk3 @ 436000000 Finished 188487 instructions 
Clk3 @ 437000000 Finished 188907 instructions 
Clk3 @ 438000000 Finished 189332 instructions 
Clk3 @ 439000000 Finished 189767 instructions 
Clk@ 439524006 Working on the # 190000 th memory instruction
Sampling stash size at 189999 req has local max stash size of: 52
Clk3 @ 440000000 Finished 190193 instructions 
Clk3 @ 441000000 Finished 190627 instructions 
Clk7 @ 442000000 Finished 191049 instructions 
Clk3 @ 443000000 Finished 191487 instructions 
Clk3 @ 444000000 Finished 191927 instructions 
Clk7 @ 445000000 Finished 192367 instructions 
Clk3 @ 446000000 Finished 192787 instructions 
Clk3 @ 447000000 Finished 193207 instructions 
Clk3 @ 448000000 Finished 193647 instructions 
Clk7 @ 449000000 Finished 194074 instructions 
Clk3 @ 450000000 Finished 194507 instructions 
Clk3 @ 451000000 Finished 194938 instructions 
Sampling stash size at 194999 req has local max stash size of: 51
Clk3 @ 452000000 Finished 195367 instructions 
Clk3 @ 453000000 Finished 195807 instructions 
Clk3 @ 454000000 Finished 196227 instructions 
Clk3 @ 455000000 Finished 196667 instructions 
Clk7 @ 456000000 Finished 197107 instructions 
Clk3 @ 457000000 Finished 197527 instructions 
Clk7 @ 458000000 Finished 197955 instructions 
Clk3 @ 459000000 Finished 198387 instructions 
Clk3 @ 460000000 Finished 198827 instructions 
Clk3 @ 461000000 Finished 199267 instructions 
Clk3 @ 462000000 Finished 199707 instructions 
Clk@ 462679929 Working on the # 200000 th memory instruction
Sampling stash size at 199999 req has local max stash size of: 57
Clk3 @ 463000000 Finished 200127 instructions 
Clk3 @ 464000000 Finished 200567 instructions 
Clk3 @ 465000000 Finished 200987 instructions 
Clk3 @ 466000000 Finished 201427 instructions 
Clk3 @ 467000000 Finished 201847 instructions 
Clk3 @ 468000000 Finished 202287 instructions 
Clk3 @ 469000000 Finished 202727 instructions 
Clk3 @ 470000000 Finished 203167 instructions 
Clk3 @ 471000000 Finished 203587 instructions 
Clk3 @ 472000000 Finished 204027 instructions 
Clk3 @ 473000000 Finished 204447 instructions 
Clk3 @ 474000000 Finished 204887 instructions 
Sampling stash size at 204999 req has local max stash size of: 58
Clk3 @ 475000000 Finished 205327 instructions 
Clk3 @ 476000000 Finished 205767 instructions 
Clk3 @ 477000000 Finished 206187 instructions 
Clk3 @ 478000000 Finished 206627 instructions 
Clk3 @ 479000000 Finished 207067 instructions 
Clk3 @ 480000000 Finished 207487 instructions 
Clk3 @ 481000000 Finished 207927 instructions 
Clk3 @ 482000000 Finished 208347 instructions 
Clk3 @ 483000000 Finished 208777 instructions 
Clk3 @ 484000000 Finished 209207 instructions 
Clk3 @ 485000000 Finished 209627 instructions 
Clk@ 485848981 Working on the # 210000 th memory instruction
Sampling stash size at 209999 req has local max stash size of: 62
Clk3 @ 486000000 Finished 210067 instructions 
Clk3 @ 487000000 Finished 210487 instructions 
Clk3 @ 488000000 Finished 210927 instructions 
Clk3 @ 489000000 Finished 211358 instructions 
Clk3 @ 490000000 Finished 211787 instructions 
Clk3 @ 491000000 Finished 212227 instructions 
Clk3 @ 492000000 Finished 212652 instructions 
Clk3 @ 493000000 Finished 213087 instructions 
Clk3 @ 494000000 Finished 213527 instructions 
Clk3 @ 495000000 Finished 213947 instructions 
Clk3 @ 496000000 Finished 214387 instructions 
Clk3 @ 497000000 Finished 214827 instructions 
Sampling stash size at 214999 req has local max stash size of: 52
Clk3 @ 498000000 Finished 215260 instructions 
Clk3 @ 499000000 Finished 215687 instructions 
Clk3 @ 500000000 Finished 216111 instructions 
Clk7 @ 501000000 Finished 216528 instructions 
Clk3 @ 502000000 Finished 216967 instructions 
Clk3 @ 503000000 Finished 217387 instructions 
Clk3 @ 504000000 Finished 217823 instructions 
Clk3 @ 505000000 Finished 218247 instructions 
Clk3 @ 506000000 Finished 218687 instructions 
Clk3 @ 507000000 Finished 219112 instructions 
Clk7 @ 508000000 Finished 219547 instructions 
Clk3 @ 509000000 Finished 219967 instructions 
Clk@ 509053745 Working on the # 220000 th memory instruction
Sampling stash size at 219999 req has local max stash size of: 51
Clk3 @ 510000000 Finished 220407 instructions 
Clk3 @ 511000000 Finished 220847 instructions 
Clk3 @ 512000000 Finished 221267 instructions 
Clk3 @ 513000000 Finished 221707 instructions 
Clk3 @ 514000000 Finished 222147 instructions 
Clk7 @ 515000000 Finished 222587 instructions 
Clk3 @ 516000000 Finished 223016 instructions 
Clk3 @ 517000000 Finished 223447 instructions 
Clk3 @ 518000000 Finished 223887 instructions 
Clk7 @ 519000000 Finished 224308 instructions 
Clk3 @ 520000000 Finished 224747 instructions 
Sampling stash size at 224999 req has local max stash size of: 53
Clk3 @ 521000000 Finished 225167 instructions 
Clk3 @ 522000000 Finished 225607 instructions 
Clk3 @ 523000000 Finished 226027 instructions 
Clk3 @ 524000000 Finished 226447 instructions 
Clk3 @ 525000000 Finished 226887 instructions 
Clk3 @ 526000000 Finished 227307 instructions 
Clk3 @ 527000000 Finished 227747 instructions 
Clk3 @ 528000000 Finished 228167 instructions 
Clk3 @ 529000000 Finished 228607 instructions 
Clk3 @ 530000000 Finished 229047 instructions 
Clk3 @ 531000000 Finished 229487 instructions 
Clk3 @ 532000000 Finished 229907 instructions 
Clk@ 532193149 Working on the # 230000 th memory instruction
Sampling stash size at 229999 req has local max stash size of: 53
Clk3 @ 533000000 Finished 230347 instructions 
Clk3 @ 534000000 Finished 230767 instructions 
Clk3 @ 535000000 Finished 231201 instructions 
Clk3 @ 536000000 Finished 231627 instructions 
Clk3 @ 537000000 Finished 232047 instructions 
Clk3 @ 538000000 Finished 232487 instructions 
Clk3 @ 539000000 Finished 232907 instructions 
Clk3 @ 540000000 Finished 233343 instructions 
Clk3 @ 541000000 Finished 233767 instructions 
Clk3 @ 542000000 Finished 234207 instructions 
Clk3 @ 543000000 Finished 234647 instructions 
Sampling stash size at 234999 req has local max stash size of: 55
Clk3 @ 544000000 Finished 235067 instructions 
Clk3 @ 545000000 Finished 235504 instructions 
Clk3 @ 546000000 Finished 235927 instructions 
Clk3 @ 547000000 Finished 236367 instructions 
Clk3 @ 548000000 Finished 236787 instructions 
Clk3 @ 549000000 Finished 237207 instructions 
Clk3 @ 550000000 Finished 237632 instructions 
Clk3 @ 551000000 Finished 238065 instructions 
Clk3 @ 552000000 Finished 238487 instructions 
Clk3 @ 553000000 Finished 238913 instructions 
Clk3 @ 554000000 Finished 239347 instructions 
Clk3 @ 555000000 Finished 239767 instructions 
Clk@ 555523534 Working on the # 240000 th memory instruction
Sampling stash size at 239999 req has local max stash size of: 63
Clk7 @ 556000000 Finished 240193 instructions 
Clk3 @ 557000000 Finished 240627 instructions 
Clk3 @ 558000000 Finished 241047 instructions 
Clk3 @ 559000000 Finished 241470 instructions 
Clk3 @ 560000000 Finished 241907 instructions 
Clk3 @ 561000000 Finished 242327 instructions 
Clk7 @ 562000000 Finished 242756 instructions 
Clk3 @ 563000000 Finished 243187 instructions 
Clk3 @ 564000000 Finished 243617 instructions 
Clk3 @ 565000000 Finished 244047 instructions 
Clk3 @ 566000000 Finished 244467 instructions 
Clk3 @ 567000000 Finished 244903 instructions 
Sampling stash size at 244999 req has local max stash size of: 70
Clk3 @ 568000000 Finished 245327 instructions 
Clk3 @ 569000000 Finished 245764 instructions 
Clk3 @ 570000000 Finished 246167 instructions 
Clk3 @ 571000000 Finished 246588 instructions 
Clk3 @ 572000000 Finished 247027 instructions 
Clk7 @ 573000000 Finished 247438 instructions 
Clk3 @ 574000000 Finished 247847 instructions 
Clk3 @ 575000000 Finished 248267 instructions 
Clk3 @ 576000000 Finished 248687 instructions 
Clk3 @ 577000000 Finished 249123 instructions 
Clk7 @ 578000000 Finished 249538 instructions 
Clk3 @ 579000000 Finished 249963 instructions 
Clk@ 579088392 Working on the # 250000 th memory instruction
Sampling stash size at 249999 req has local max stash size of: 80
Clk3 @ 580000000 Finished 250387 instructions 
Clk3 @ 581000000 Finished 250807 instructions 
Clk3 @ 582000000 Finished 251227 instructions 
Clk3 @ 583000000 Finished 251647 instructions 
Clk3 @ 584000000 Finished 252087 instructions 
Clk3 @ 585000000 Finished 252505 instructions 
Clk3 @ 586000000 Finished 252927 instructions 
Clk3 @ 587000000 Finished 253357 instructions 
Clk3 @ 588000000 Finished 253787 instructions 
Clk3 @ 589000000 Finished 254207 instructions 
Clk3 @ 590000000 Finished 254627 instructions 
Sampling stash size at 254999 req has local max stash size of: 72
Clk7 @ 591000000 Finished 255056 instructions 
Clk3 @ 592000000 Finished 255481 instructions 
Clk3 @ 593000000 Finished 255904 instructions 
Clk3 @ 594000000 Finished 256327 instructions 
Clk3 @ 595000000 Finished 256747 instructions 
Clk3 @ 596000000 Finished 257187 instructions 
Clk3 @ 597000000 Finished 257607 instructions 
Clk3 @ 598000000 Finished 258047 instructions 
Clk3 @ 599000000 Finished 258467 instructions 
Clk3 @ 600000000 Finished 258904 instructions 
Clk3 @ 601000000 Finished 259327 instructions 
Clk3 @ 602000000 Finished 259763 instructions 
Clk@ 602561835 Working on the # 260000 th memory instruction
Sampling stash size at 259999 req has local max stash size of: 66
Clk3 @ 603000000 Finished 260187 instructions 
Clk3 @ 604000000 Finished 260622 instructions 
Clk3 @ 605000000 Finished 261047 instructions 
Clk3 @ 606000000 Finished 261467 instructions 
Clk3 @ 607000000 Finished 261907 instructions 
Clk3 @ 608000000 Finished 262327 instructions 
Clk3 @ 609000000 Finished 262764 instructions 
Clk3 @ 610000000 Finished 263185 instructions 
Clk3 @ 611000000 Finished 263607 instructions 
Clk3 @ 612000000 Finished 264029 instructions 
Clk7 @ 613000000 Finished 264460 instructions 
Clk3 @ 614000000 Finished 264887 instructions 
Sampling stash size at 264999 req has local max stash size of: 66
Clk3 @ 615000000 Finished 265327 instructions 
Clk3 @ 616000000 Finished 265747 instructions 
Clk3 @ 617000000 Finished 266167 instructions 
Clk3 @ 618000000 Finished 266607 instructions 
Clk3 @ 619000000 Finished 267027 instructions 
Clk3 @ 620000000 Finished 267467 instructions 
Clk3 @ 621000000 Finished 267900 instructions 
Clk3 @ 622000000 Finished 268327 instructions 
Clk3 @ 623000000 Finished 268764 instructions 
Clk3 @ 624000000 Finished 269187 instructions 
Clk3 @ 625000000 Finished 269627 instructions 
Clk@ 625877363 Working on the # 270000 th memory instruction
Sampling stash size at 269999 req has local max stash size of: 73
Clk3 @ 626000000 Finished 270047 instructions 
Clk3 @ 627000000 Finished 270467 instructions 
Clk3 @ 628000000 Finished 270907 instructions 
Clk3 @ 629000000 Finished 271327 instructions 
Clk3 @ 630000000 Finished 271767 instructions 
Clk3 @ 631000000 Finished 272207 instructions 
Clk3 @ 632000000 Finished 272627 instructions 
Clk3 @ 633000000 Finished 273067 instructions 
Clk3 @ 634000000 Finished 273507 instructions 
Clk3 @ 635000000 Finished 273947 instructions 
Clk3 @ 636000000 Finished 274367 instructions 
Clk3 @ 637000000 Finished 274787 instructions 
Sampling stash size at 274999 req has local max stash size of: 63
Clk3 @ 638000000 Finished 275227 instructions 
Clk3 @ 639000000 Finished 275647 instructions 
Clk3 @ 640000000 Finished 276087 instructions 
Clk3 @ 641000000 Finished 276507 instructions 
Clk3 @ 642000000 Finished 276943 instructions 
Clk3 @ 643000000 Finished 277367 instructions 
Clk3 @ 644000000 Finished 277787 instructions 
Clk3 @ 645000000 Finished 278207 instructions 
Clk7 @ 646000000 Finished 278624 instructions 
Clk3 @ 647000000 Finished 279047 instructions 
Clk3 @ 648000000 Finished 279467 instructions 
Clk3 @ 649000000 Finished 279907 instructions 
Clk@ 649218867 Working on the # 280000 th memory instruction
Sampling stash size at 279999 req has local max stash size of: 83
Clk3 @ 650000000 Finished 280340 instructions 
Clk3 @ 651000000 Finished 280774 instructions 
Clk3 @ 652000000 Finished 281207 instructions 
Clk3 @ 653000000 Finished 281645 instructions 
Clk3 @ 654000000 Finished 282067 instructions 
Clk3 @ 655000000 Finished 282487 instructions 
Clk3 @ 656000000 Finished 282927 instructions 
Clk3 @ 657000000 Finished 283367 instructions 
Clk3 @ 658000000 Finished 283790 instructions 
Clk3 @ 659000000 Finished 284227 instructions 
Clk3 @ 660000000 Finished 284647 instructions 
Sampling stash size at 284999 req has local max stash size of: 86
Clk3 @ 661000000 Finished 285087 instructions 
Clk3 @ 662000000 Finished 285527 instructions 
Clk3 @ 663000000 Finished 285947 instructions 
Clk3 @ 664000000 Finished 286381 instructions 
Clk3 @ 665000000 Finished 286823 instructions 
Clk3 @ 666000000 Finished 287247 instructions 
Clk3 @ 667000000 Finished 287667 instructions 
Clk7 @ 668000000 Finished 288091 instructions 
Clk3 @ 669000000 Finished 288527 instructions 
Clk3 @ 670000000 Finished 288967 instructions 
Clk3 @ 671000000 Finished 289387 instructions 
Clk3 @ 672000000 Finished 289807 instructions 
Clk@ 672419584 Working on the # 290000 th memory instruction
Sampling stash size at 289999 req has local max stash size of: 79
Clk3 @ 673000000 Finished 290247 instructions 
Clk3 @ 674000000 Finished 290687 instructions 
Clk3 @ 675000000 Finished 291127 instructions 
Clk3 @ 676000000 Finished 291547 instructions 
Clk3 @ 677000000 Finished 291987 instructions 
Clk3 @ 678000000 Finished 292407 instructions 
Clk3 @ 679000000 Finished 292827 instructions 
Clk3 @ 680000000 Finished 293264 instructions 
Clk3 @ 681000000 Finished 293687 instructions 
Clk3 @ 682000000 Finished 294123 instructions 
Clk3 @ 683000000 Finished 294547 instructions 
Clk3 @ 684000000 Finished 294987 instructions 
Sampling stash size at 294999 req has local max stash size of: 68
Clk3 @ 685000000 Finished 295407 instructions 
Clk3 @ 686000000 Finished 295827 instructions 
Clk3 @ 687000000 Finished 296267 instructions 
Clk3 @ 688000000 Finished 296707 instructions 
Clk7 @ 689000000 Finished 297145 instructions 
Clk3 @ 690000000 Finished 297567 instructions 
Clk3 @ 691000000 Finished 298006 instructions 
Clk3 @ 692000000 Finished 298427 instructions 
Clk3 @ 693000000 Finished 298867 instructions 
Clk3 @ 694000000 Finished 299296 instructions 
Clk3 @ 695000000 Finished 299727 instructions 
Clk@ 695624508 Working on the # 300000 th memory instruction
Sampling stash size at 299999 req has local max stash size of: 69
Clk3 @ 696000000 Finished 300150 instructions 
Clk3 @ 697000000 Finished 300587 instructions 
Clk3 @ 698000000 Finished 301007 instructions 
Clk3 @ 699000000 Finished 301447 instructions 
Clk3 @ 700000000 Finished 301884 instructions 
Clk3 @ 701000000 Finished 302309 instructions 
Clk3 @ 702000000 Finished 302747 instructions 
Clk3 @ 703000000 Finished 303172 instructions 
Warm up done after line access count: 303550 out of 607101 (49.9999 %)
Clk3 @ 704000000 Finished 303607 instructions 
Clk3 @ 705000000 Finished 304027 instructions 
Clk3 @ 706000000 Finished 304467 instructions 
Clk3 @ 707000000 Finished 304887 instructions 
Sampling stash size at 304999 req has local max stash size of: 67
Clk3 @ 708000000 Finished 305327 instructions 
Clk3 @ 709000000 Finished 305747 instructions 
Clk3 @ 710000000 Finished 306175 instructions 
Clk3 @ 711000000 Finished 306607 instructions 
Clk3 @ 712000000 Finished 307047 instructions 
Clk3 @ 713000000 Finished 307467 instructions 
Clk3 @ 714000000 Finished 307887 instructions 
Clk3 @ 715000000 Finished 308307 instructions 
Clk3 @ 716000000 Finished 308727 instructions 
Clk3 @ 717000000 Finished 309147 instructions 
Clk3 @ 718000000 Finished 309585 instructions 
Clk@ 718988254 Working on the # 310000 th memory instruction
Sampling stash size at 309999 req has local max stash size of: 77
Clk3 @ 719000000 Finished 310007 instructions 
Clk3 @ 720000000 Finished 310427 instructions 
Clk3 @ 721000000 Finished 310867 instructions 
Clk3 @ 722000000 Finished 311287 instructions 
Clk3 @ 723000000 Finished 311727 instructions 
Clk3 @ 724000000 Finished 312167 instructions 
Clk3 @ 725000000 Finished 312587 instructions 
Clk3 @ 726000000 Finished 313027 instructions 
Clk3 @ 727000000 Finished 313451 instructions 
Clk3 @ 728000000 Finished 313887 instructions 
Clk3 @ 729000000 Finished 314327 instructions 
Clk3 @ 730000000 Finished 314755 instructions 
Sampling stash size at 314999 req has local max stash size of: 74
Clk3 @ 731000000 Finished 315187 instructions 
Clk3 @ 732000000 Finished 315621 instructions 
Clk3 @ 733000000 Finished 316047 instructions 
Clk3 @ 734000000 Finished 316468 instructions 
Clk3 @ 735000000 Finished 316907 instructions 
Clk3 @ 736000000 Finished 317340 instructions 
Clk3 @ 737000000 Finished 317767 instructions 
Clk3 @ 738000000 Finished 318207 instructions 
Clk3 @ 739000000 Finished 318647 instructions 
Clk3 @ 740000000 Finished 319073 instructions 
Clk3 @ 741000000 Finished 319507 instructions 
Clk3 @ 742000000 Finished 319947 instructions 
Clk@ 742117420 Working on the # 320000 th memory instruction
Sampling stash size at 319999 req has local max stash size of: 69
Clk3 @ 743000000 Finished 320367 instructions 
Clk3 @ 744000000 Finished 320807 instructions 
Clk3 @ 745000000 Finished 321227 instructions 
Clk3 @ 746000000 Finished 321667 instructions 
Clk3 @ 747000000 Finished 322107 instructions 
Clk3 @ 748000000 Finished 322547 instructions 
Clk3 @ 749000000 Finished 322976 instructions 
Clk3 @ 750000000 Finished 323407 instructions 
Clk3 @ 751000000 Finished 323847 instructions 
Clk3 @ 752000000 Finished 324267 instructions 
Clk3 @ 753000000 Finished 324692 instructions 
Sampling stash size at 324999 req has local max stash size of: 73
Clk3 @ 754000000 Finished 325127 instructions 
Clk3 @ 755000000 Finished 325547 instructions 
Clk3 @ 756000000 Finished 325987 instructions 
Clk7 @ 757000000 Finished 326415 instructions 
Clk3 @ 758000000 Finished 326847 instructions 
Clk3 @ 759000000 Finished 327287 instructions 
Clk3 @ 760000000 Finished 327707 instructions 
Clk3 @ 761000000 Finished 328127 instructions 
Clk3 @ 762000000 Finished 328567 instructions 
Clk3 @ 763000000 Finished 328987 instructions 
Clk3 @ 764000000 Finished 329408 instructions 
Clk3 @ 765000000 Finished 329842 instructions 
Clk@ 765370992 Working on the # 330000 th memory instruction
Sampling stash size at 329999 req has local max stash size of: 66
Clk3 @ 766000000 Finished 330267 instructions 
Clk3 @ 767000000 Finished 330696 instructions 
Clk3 @ 768000000 Finished 331127 instructions 
Clk3 @ 769000000 Finished 331556 instructions 
Clk3 @ 770000000 Finished 331987 instructions 
Clk3 @ 771000000 Finished 332427 instructions 
Clk3 @ 772000000 Finished 332862 instructions 
Clk3 @ 773000000 Finished 333287 instructions 
Clk3 @ 774000000 Finished 333727 instructions 
Clk3 @ 775000000 Finished 334164 instructions 
Clk3 @ 776000000 Finished 334587 instructions 
Sampling stash size at 334999 req has local max stash size of: 75
Clk3 @ 777000000 Finished 335027 instructions 
Clk3 @ 778000000 Finished 335447 instructions 
Clk3 @ 779000000 Finished 335867 instructions 
Clk3 @ 780000000 Finished 336307 instructions 
Clk3 @ 781000000 Finished 336736 instructions 
Clk3 @ 782000000 Finished 337167 instructions 
Clk3 @ 783000000 Finished 337587 instructions 
Clk3 @ 784000000 Finished 338027 instructions 
Clk3 @ 785000000 Finished 338447 instructions 
Clk3 @ 786000000 Finished 338887 instructions 
Clk3 @ 787000000 Finished 339307 instructions 
Clk3 @ 788000000 Finished 339747 instructions 
Clk@ 788583299 Working on the # 340000 th memory instruction
Sampling stash size at 339999 req has local max stash size of: 69
Clk3 @ 789000000 Finished 340178 instructions 
Clk3 @ 790000000 Finished 340600 instructions 
Clk3 @ 791000000 Finished 341020 instructions 
Clk3 @ 792000000 Finished 341427 instructions 
Clk3 @ 793000000 Finished 341847 instructions 
Clk3 @ 794000000 Finished 342267 instructions 
Clk3 @ 795000000 Finished 342689 instructions 
Clk7 @ 796000000 Finished 343122 instructions 
Clk3 @ 797000000 Finished 343547 instructions 
Clk3 @ 798000000 Finished 343987 instructions 
Clk3 @ 799000000 Finished 344407 instructions 
Clk3 @ 800000000 Finished 344847 instructions 
Sampling stash size at 344999 req has local max stash size of: 79
Clk3 @ 801000000 Finished 345287 instructions 
Clk3 @ 802000000 Finished 345707 instructions 
Clk3 @ 803000000 Finished 346147 instructions 
Clk3 @ 804000000 Finished 346567 instructions 
Clk3 @ 805000000 Finished 347001 instructions 
Clk3 @ 806000000 Finished 347447 instructions 
Clk3 @ 807000000 Finished 347867 instructions 
Clk3 @ 808000000 Finished 348307 instructions 
Clk3 @ 809000000 Finished 348747 instructions 
Clk3 @ 810000000 Finished 349160 instructions 
Clk3 @ 811000000 Finished 349587 instructions 
Clk@ 811949798 Working on the # 350000 th memory instruction
Sampling stash size at 349999 req has local max stash size of: 75
Clk7 @ 812000000 Finished 350020 instructions 
Clk3 @ 813000000 Finished 350447 instructions 
Clk3 @ 814000000 Finished 350867 instructions 
Clk3 @ 815000000 Finished 351307 instructions 
Clk3 @ 816000000 Finished 351727 instructions 
Clk3 @ 817000000 Finished 352162 instructions 
Clk3 @ 818000000 Finished 352589 instructions 
Clk3 @ 819000000 Finished 353027 instructions 
Clk3 @ 820000000 Finished 353458 instructions 
Clk3 @ 821000000 Finished 353887 instructions 
Clk3 @ 822000000 Finished 354310 instructions 
Clk3 @ 823000000 Finished 354747 instructions 
Sampling stash size at 354999 req has local max stash size of: 81
Clk3 @ 824000000 Finished 355167 instructions 
Clk3 @ 825000000 Finished 355607 instructions 
Clk7 @ 826000000 Finished 356032 instructions 
Clk3 @ 827000000 Finished 356467 instructions 
Clk3 @ 828000000 Finished 356887 instructions 
Clk3 @ 829000000 Finished 357327 instructions 
Clk3 @ 830000000 Finished 357747 instructions 
Clk3 @ 831000000 Finished 358167 instructions 
Clk3 @ 832000000 Finished 358601 instructions 
Clk3 @ 833000000 Finished 359027 instructions 
Clk7 @ 834000000 Finished 359448 instructions 
Clk3 @ 835000000 Finished 359887 instructions 
Clk@ 835244588 Working on the # 360000 th memory instruction
Sampling stash size at 359999 req has local max stash size of: 78
Clk3 @ 836000000 Finished 360327 instructions 
Clk3 @ 837000000 Finished 360764 instructions 
Clk3 @ 838000000 Finished 361187 instructions 
Clk3 @ 839000000 Finished 361607 instructions 
Clk3 @ 840000000 Finished 362047 instructions 
Clk3 @ 841000000 Finished 362467 instructions 
Clk3 @ 842000000 Finished 362907 instructions 
Clk7 @ 843000000 Finished 363327 instructions 
Clk3 @ 844000000 Finished 363767 instructions 
Clk3 @ 845000000 Finished 364187 instructions 
Clk3 @ 846000000 Finished 364627 instructions 
Sampling stash size at 364999 req has local max stash size of: 94
Clk3 @ 847000000 Finished 365047 instructions 
Clk3 @ 848000000 Finished 365482 instructions 
Clk3 @ 849000000 Finished 365887 instructions 
Clk3 @ 850000000 Finished 366307 instructions 
Clk3 @ 851000000 Finished 366729 instructions 
Clk3 @ 852000000 Finished 367167 instructions 
Clk3 @ 853000000 Finished 367607 instructions 
Clk3 @ 854000000 Finished 368027 instructions 
Clk3 @ 855000000 Finished 368467 instructions 
Clk3 @ 856000000 Finished 368887 instructions 
Clk3 @ 857000000 Finished 369317 instructions 
Clk3 @ 858000000 Finished 369742 instructions 
Clk@ 858623668 Working on the # 370000 th memory instruction
Sampling stash size at 369999 req has local max stash size of: 86
Clk7 @ 859000000 Finished 370147 instructions 
Clk3 @ 860000000 Finished 370577 instructions 
Clk3 @ 861000000 Finished 370998 instructions 
Clk3 @ 862000000 Finished 371421 instructions 
Clk3 @ 863000000 Finished 371846 instructions 
Clk3 @ 864000000 Finished 372247 instructions 
Clk3 @ 865000000 Finished 372667 instructions 
Clk3 @ 866000000 Finished 373087 instructions 
Clk3 @ 867000000 Finished 373507 instructions 
Clk3 @ 868000000 Finished 373927 instructions 
Clk3 @ 869000000 Finished 374347 instructions 
Clk3 @ 870000000 Finished 374767 instructions 
Sampling stash size at 374999 req has local max stash size of: 81
Clk3 @ 871000000 Finished 375193 instructions 
Clk3 @ 872000000 Finished 375627 instructions 
Clk3 @ 873000000 Finished 376047 instructions 
Clk3 @ 874000000 Finished 376467 instructions 
Clk3 @ 875000000 Finished 376887 instructions 
Clk3 @ 876000000 Finished 377314 instructions 
Clk3 @ 877000000 Finished 377747 instructions 
Clk7 @ 878000000 Finished 378176 instructions 
Clk3 @ 879000000 Finished 378607 instructions 
Clk3 @ 880000000 Finished 379027 instructions 
Clk3 @ 881000000 Finished 379447 instructions 
Clk3 @ 882000000 Finished 379887 instructions 
Clk@ 882275549 Working on the # 380000 th memory instruction
Sampling stash size at 379999 req has local max stash size of: 83
Clk3 @ 883000000 Finished 380307 instructions 
Clk3 @ 884000000 Finished 380727 instructions 
Clk3 @ 885000000 Finished 381151 instructions 
Clk3 @ 886000000 Finished 381587 instructions 
Clk3 @ 887000000 Finished 382021 instructions 
Clk3 @ 888000000 Finished 382442 instructions 
Clk3 @ 889000000 Finished 382867 instructions 
Clk3 @ 890000000 Finished 383287 instructions 
Clk3 @ 891000000 Finished 383727 instructions 
Clk3 @ 892000000 Finished 384147 instructions 
Clk3 @ 893000000 Finished 384581 instructions 
Sampling stash size at 384999 req has local max stash size of: 85
Clk3 @ 894000000 Finished 385007 instructions 
Clk3 @ 895000000 Finished 385427 instructions 
Clk3 @ 896000000 Finished 385867 instructions 
Clk3 @ 897000000 Finished 386287 instructions 
Clk7 @ 898000000 Finished 386726 instructions 
Clk3 @ 899000000 Finished 387147 instructions 
Clk3 @ 900000000 Finished 387567 instructions 
Clk3 @ 901000000 Finished 387987 instructions 
Clk7 @ 902000000 Finished 388407 instructions 
Clk3 @ 903000000 Finished 388840 instructions 
Clk3 @ 904000000 Finished 389267 instructions 
Clk3 @ 905000000 Finished 389687 instructions 
Clk@ 905715570 Working on the # 390000 th memory instruction
Sampling stash size at 389999 req has local max stash size of: 85
Clk3 @ 906000000 Finished 390117 instructions 
Clk3 @ 907000000 Finished 390547 instructions 
Clk3 @ 908000000 Finished 390980 instructions 
Clk3 @ 909000000 Finished 391407 instructions 
Clk3 @ 910000000 Finished 391827 instructions 
Clk3 @ 911000000 Finished 392267 instructions 
Clk3 @ 912000000 Finished 392687 instructions 
Clk3 @ 913000000 Finished 393127 instructions 
Clk3 @ 914000000 Finished 393547 instructions 
Clk3 @ 915000000 Finished 393987 instructions 
Clk3 @ 916000000 Finished 394427 instructions 
Clk3 @ 917000000 Finished 394853 instructions 
Sampling stash size at 394999 req has local max stash size of: 81
Clk3 @ 918000000 Finished 395287 instructions 
Clk3 @ 919000000 Finished 395707 instructions 
Clk3 @ 920000000 Finished 396133 instructions 
Clk3 @ 921000000 Finished 396563 instructions 
Clk3 @ 922000000 Finished 396987 instructions 
Clk3 @ 923000000 Finished 397407 instructions 
Clk3 @ 924000000 Finished 397847 instructions 
Clk3 @ 925000000 Finished 398287 instructions 
Clk7 @ 926000000 Finished 398712 instructions 
Clk3 @ 927000000 Finished 399147 instructions 
Clk3 @ 928000000 Finished 399586 instructions 
Clk@ 928972785 Working on the # 400000 th memory instruction
Sampling stash size at 399999 req has local max stash size of: 83
Clk3 @ 929000000 Finished 400007 instructions 
Clk3 @ 930000000 Finished 400447 instructions 
Clk3 @ 931000000 Finished 400867 instructions 
Clk3 @ 932000000 Finished 401298 instructions 
Clk3 @ 933000000 Finished 401727 instructions 
Clk3 @ 934000000 Finished 402167 instructions 
Clk3 @ 935000000 Finished 402587 instructions 
Clk3 @ 936000000 Finished 403027 instructions 
Clk3 @ 937000000 Finished 403447 instructions 
Clk3 @ 938000000 Finished 403887 instructions 
Clk3 @ 939000000 Finished 404307 instructions 
Clk3 @ 940000000 Finished 404747 instructions 
Sampling stash size at 404999 req has local max stash size of: 96
Clk3 @ 941000000 Finished 405167 instructions 
Clk3 @ 942000000 Finished 405607 instructions 
Clk3 @ 943000000 Finished 406031 instructions 
Clk7 @ 944000000 Finished 406487 instructions 
Clk3 @ 945000000 Finished 406907 instructions 
Clk3 @ 946000000 Finished 407327 instructions 
Clk7 @ 947000000 Finished 407748 instructions 
Clk7 @ 948000000 Finished 408168 instructions 
Clk3 @ 949000000 Finished 408607 instructions 
Clk3 @ 950000000 Finished 409027 instructions 
Clk3 @ 951000000 Finished 409467 instructions 
Clk3 @ 952000000 Finished 409893 instructions 
Clk@ 952227329 Working on the # 410000 th memory instruction
Sampling stash size at 409999 req has local max stash size of: 86
Clk3 @ 953000000 Finished 410327 instructions 
Clk3 @ 954000000 Finished 410767 instructions 
Clk3 @ 955000000 Finished 411187 instructions 
Clk3 @ 956000000 Finished 411627 instructions 
Clk3 @ 957000000 Finished 412047 instructions 
Clk3 @ 958000000 Finished 412487 instructions 
Clk3 @ 959000000 Finished 412916 instructions 
Clk3 @ 960000000 Finished 413327 instructions 
Clk3 @ 961000000 Finished 413767 instructions 
Clk3 @ 962000000 Finished 414194 instructions 
Clk3 @ 963000000 Finished 414627 instructions 
Sampling stash size at 414999 req has local max stash size of: 88
Clk3 @ 964000000 Finished 415047 instructions 
Clk7 @ 965000000 Finished 415480 instructions 
Clk7 @ 966000000 Finished 415907 instructions 
Clk3 @ 967000000 Finished 416347 instructions 
Clk3 @ 968000000 Finished 416770 instructions 
Clk3 @ 969000000 Finished 417207 instructions 
Clk3 @ 970000000 Finished 417627 instructions 
Clk3 @ 971000000 Finished 418047 instructions 
Clk3 @ 972000000 Finished 418487 instructions 
Clk3 @ 973000000 Finished 418907 instructions 
Clk3 @ 974000000 Finished 419327 instructions 
Clk3 @ 975000000 Finished 419747 instructions 
Clk@ 975580714 Working on the # 420000 th memory instruction
Sampling stash size at 419999 req has local max stash size of: 137
Clk3 @ 976000000 Finished 420177 instructions 
Clk3 @ 977000000 Finished 420607 instructions 
Clk3 @ 978000000 Finished 421047 instructions 
Clk7 @ 979000000 Finished 421467 instructions 
Clk3 @ 980000000 Finished 421922 instructions 
Clk3 @ 981000000 Finished 422347 instructions 
Clk3 @ 982000000 Finished 422767 instructions 
Clk3 @ 983000000 Finished 423207 instructions 
Clk3 @ 984000000 Finished 423627 instructions 
Clk3 @ 985000000 Finished 424067 instructions 
Clk3 @ 986000000 Finished 424507 instructions 
Clk3 @ 987000000 Finished 424932 instructions 
Sampling stash size at 424999 req has local max stash size of: 64
Clk3 @ 988000000 Finished 425367 instructions 
Clk3 @ 989000000 Finished 425803 instructions 
Clk3 @ 990000000 Finished 426227 instructions 
Clk3 @ 991000000 Finished 426667 instructions 
Clk3 @ 992000000 Finished 427087 instructions 
Clk3 @ 993000000 Finished 427527 instructions 
Clk3 @ 994000000 Finished 427967 instructions 
Clk3 @ 995000000 Finished 428401 instructions 
Clk3 @ 996000000 Finished 428827 instructions 
Clk7 @ 997000000 Finished 429247 instructions 
Clk3 @ 998000000 Finished 429687 instructions 
Clk@ 998702361 Working on the # 430000 th memory instruction
Sampling stash size at 429999 req has local max stash size of: 59
Clk3 @ 999000000 Finished 430127 instructions 
Clk3 @ 1000000000 Finished 430548 instructions 
Clk3 @ 1001000000 Finished 430983 instructions 
Clk3 @ 1002000000 Finished 431407 instructions 
Clk3 @ 1003000000 Finished 431847 instructions 
Clk3 @ 1004000000 Finished 432267 instructions 
Clk3 @ 1005000000 Finished 432687 instructions 
Clk3 @ 1006000000 Finished 433124 instructions 
Clk3 @ 1007000000 Finished 433547 instructions 
Clk3 @ 1008000000 Finished 433987 instructions 
Clk7 @ 1009000000 Finished 434407 instructions 
Clk3 @ 1010000000 Finished 434827 instructions 
Sampling stash size at 434999 req has local max stash size of: 56
Clk3 @ 1011000000 Finished 435261 instructions 
Clk3 @ 1012000000 Finished 435687 instructions 
Clk7 @ 1013000000 Finished 436114 instructions 
Clk3 @ 1014000000 Finished 436547 instructions 
Clk3 @ 1015000000 Finished 436967 instructions 
Clk3 @ 1016000000 Finished 437406 instructions 
Clk3 @ 1017000000 Finished 437827 instructions 
Clk3 @ 1018000000 Finished 438250 instructions 
Clk3 @ 1019000000 Finished 438687 instructions 
Clk3 @ 1020000000 Finished 439127 instructions 
Clk3 @ 1021000000 Finished 439567 instructions 
Clk3 @ 1022000000 Finished 439987 instructions 
Clk@ 1022016436 Working on the # 440000 th memory instruction
Sampling stash size at 439999 req has local max stash size of: 50
Clk3 @ 1023000000 Finished 440427 instructions 
Clk3 @ 1024000000 Finished 440851 instructions 
Clk3 @ 1025000000 Finished 441287 instructions 
Clk3 @ 1026000000 Finished 441707 instructions 
Clk3 @ 1027000000 Finished 442140 instructions 
Clk3 @ 1028000000 Finished 442567 instructions 
Clk3 @ 1029000000 Finished 443007 instructions 
Clk7 @ 1030000000 Finished 443433 instructions 
Clk3 @ 1031000000 Finished 443867 instructions 
Clk7 @ 1032000000 Finished 444295 instructions 
Clk3 @ 1033000000 Finished 444727 instructions 
Sampling stash size at 444999 req has local max stash size of: 47
Clk3 @ 1034000000 Finished 445167 instructions 
Clk3 @ 1035000000 Finished 445587 instructions 
Clk3 @ 1036000000 Finished 446023 instructions 
Clk3 @ 1037000000 Finished 446447 instructions 
Clk3 @ 1038000000 Finished 446887 instructions 
Clk3 @ 1039000000 Finished 447310 instructions 
Clk3 @ 1040000000 Finished 447727 instructions 
Clk3 @ 1041000000 Finished 448167 instructions 
Clk3 @ 1042000000 Finished 448602 instructions 
Clk3 @ 1043000000 Finished 449027 instructions 
Clk3 @ 1044000000 Finished 449467 instructions 
Clk3 @ 1045000000 Finished 449887 instructions 
Clk@ 1045254423 Working on the # 450000 th memory instruction
Sampling stash size at 449999 req has local max stash size of: 48
Clk3 @ 1046000000 Finished 450314 instructions 
Clk3 @ 1047000000 Finished 450747 instructions 
Clk3 @ 1048000000 Finished 451167 instructions 
Clk3 @ 1049000000 Finished 451587 instructions 
Clk3 @ 1050000000 Finished 452007 instructions 
Clk3 @ 1051000000 Finished 452447 instructions 
Clk3 @ 1052000000 Finished 452867 instructions 
Clk3 @ 1053000000 Finished 453287 instructions 
Clk3 @ 1054000000 Finished 453727 instructions 
Clk3 @ 1055000000 Finished 454147 instructions 
Clk3 @ 1056000000 Finished 454583 instructions 
Sampling stash size at 454999 req has local max stash size of: 47
Clk3 @ 1057000000 Finished 455007 instructions 
Clk3 @ 1058000000 Finished 455447 instructions 
Clk3 @ 1059000000 Finished 455867 instructions 
Clk3 @ 1060000000 Finished 456287 instructions 
Clk3 @ 1061000000 Finished 456727 instructions 
Clk3 @ 1062000000 Finished 457147 instructions 
Clk3 @ 1063000000 Finished 457567 instructions 
Clk3 @ 1064000000 Finished 457987 instructions 
Clk3 @ 1065000000 Finished 458407 instructions 
Clk3 @ 1066000000 Finished 458847 instructions 
Clk3 @ 1067000000 Finished 459267 instructions 
Clk3 @ 1068000000 Finished 459707 instructions 
Clk@ 1068675416 Working on the # 460000 th memory instruction
Sampling stash size at 459999 req has local max stash size of: 47
Clk3 @ 1069000000 Finished 460143 instructions 
Clk3 @ 1070000000 Finished 460575 instructions 
Clk3 @ 1071000000 Finished 461007 instructions 
Clk3 @ 1072000000 Finished 461427 instructions 
Clk3 @ 1073000000 Finished 461847 instructions 
Clk3 @ 1074000000 Finished 462282 instructions 
Clk7 @ 1075000000 Finished 462707 instructions 
Clk3 @ 1076000000 Finished 463127 instructions 
Clk3 @ 1077000000 Finished 463567 instructions 
Clk3 @ 1078000000 Finished 463987 instructions 
Clk3 @ 1079000000 Finished 464411 instructions 
Clk3 @ 1080000000 Finished 464827 instructions 
Sampling stash size at 464999 req has local max stash size of: 48
Clk3 @ 1081000000 Finished 465247 instructions 
Clk7 @ 1082000000 Finished 465671 instructions 
Clk3 @ 1083000000 Finished 466106 instructions 
Clk3 @ 1084000000 Finished 466527 instructions 
Clk3 @ 1085000000 Finished 466951 instructions 
Clk3 @ 1086000000 Finished 467387 instructions 
Clk3 @ 1087000000 Finished 467827 instructions 
Clk3 @ 1088000000 Finished 468267 instructions 
Clk3 @ 1089000000 Finished 468687 instructions 
Clk3 @ 1090000000 Finished 469107 instructions 
Clk3 @ 1091000000 Finished 469547 instructions 
Clk3 @ 1092000000 Finished 469967 instructions 
Clk@ 1092071203 Working on the # 470000 th memory instruction
Sampling stash size at 469999 req has local max stash size of: 45
Clk3 @ 1093000000 Finished 470407 instructions 
Clk3 @ 1094000000 Finished 470827 instructions 
Clk7 @ 1095000000 Finished 471263 instructions 
Clk3 @ 1096000000 Finished 471687 instructions 
Clk7 @ 1097000000 Finished 472122 instructions 
Clk3 @ 1098000000 Finished 472540 instructions 
Clk3 @ 1099000000 Finished 472967 instructions 
Clk3 @ 1100000000 Finished 473387 instructions 
Clk3 @ 1101000000 Finished 473824 instructions 
Clk3 @ 1102000000 Finished 474247 instructions 
Clk3 @ 1103000000 Finished 474667 instructions 
Sampling stash size at 474999 req has local max stash size of: 44
Clk7 @ 1104000000 Finished 475102 instructions 
Clk3 @ 1105000000 Finished 475528 instructions 
Clk3 @ 1106000000 Finished 475958 instructions 
Clk3 @ 1107000000 Finished 476385 instructions 
Clk3 @ 1108000000 Finished 476790 instructions 
Clk3 @ 1109000000 Finished 477227 instructions 
Clk3 @ 1110000000 Finished 477667 instructions 
Clk3 @ 1111000000 Finished 478087 instructions 
Clk3 @ 1112000000 Finished 478508 instructions 
Clk3 @ 1113000000 Finished 478947 instructions 
Clk3 @ 1114000000 Finished 479367 instructions 
Clk3 @ 1115000000 Finished 479796 instructions 
Clk@ 1115472576 Working on the # 480000 th memory instruction
Sampling stash size at 479999 req has local max stash size of: 48
Clk3 @ 1116000000 Finished 480207 instructions 
Clk3 @ 1117000000 Finished 480627 instructions 
Clk7 @ 1118000000 Finished 481055 instructions 
Clk3 @ 1119000000 Finished 481487 instructions 
Clk7 @ 1120000000 Finished 481916 instructions 
Clk3 @ 1121000000 Finished 482328 instructions 
Clk7 @ 1122000000 Finished 482755 instructions 
Clk3 @ 1123000000 Finished 483178 instructions 
Clk3 @ 1124000000 Finished 483607 instructions 
Clk3 @ 1125000000 Finished 484027 instructions 
Clk3 @ 1126000000 Finished 484467 instructions 
Clk3 @ 1127000000 Finished 484887 instructions 
Sampling stash size at 484999 req has local max stash size of: 77
Clk3 @ 1128000000 Finished 485322 instructions 
Clk3 @ 1129000000 Finished 485747 instructions 
Clk3 @ 1130000000 Finished 486187 instructions 
Clk3 @ 1131000000 Finished 486620 instructions 
Clk7 @ 1132000000 Finished 487047 instructions 
Clk3 @ 1133000000 Finished 487467 instructions 
Clk3 @ 1134000000 Finished 487887 instructions 
Clk3 @ 1135000000 Finished 488307 instructions 
Clk3 @ 1136000000 Finished 488727 instructions 
Clk3 @ 1137000000 Finished 489147 instructions 
Clk3 @ 1138000000 Finished 489568 instructions 
Clk7 @ 1139000000 Finished 489993 instructions 
Clk@ 1139002784 Working on the # 490000 th memory instruction
Sampling stash size at 489999 req has local max stash size of: 72
Clk3 @ 1140000000 Finished 490427 instructions 
Clk3 @ 1141000000 Finished 490847 instructions 
Clk3 @ 1142000000 Finished 491267 instructions 
Clk7 @ 1143000000 Finished 491699 instructions 
Clk3 @ 1144000000 Finished 492112 instructions 
Clk3 @ 1145000000 Finished 492547 instructions 
Clk3 @ 1146000000 Finished 492967 instructions 
Clk3 @ 1147000000 Finished 493387 instructions 
Clk3 @ 1148000000 Finished 493807 instructions 
Clk3 @ 1149000000 Finished 494227 instructions 
Clk3 @ 1150000000 Finished 494647 instructions 
Sampling stash size at 494999 req has local max stash size of: 62
Clk3 @ 1151000000 Finished 495047 instructions 
Clk3 @ 1152000000 Finished 495447 instructions 
Clk3 @ 1153000000 Finished 495867 instructions 
Clk3 @ 1154000000 Finished 496287 instructions 
Clk3 @ 1155000000 Finished 496707 instructions 
Clk3 @ 1156000000 Finished 497136 instructions 
Clk3 @ 1157000000 Finished 497567 instructions 
Clk3 @ 1158000000 Finished 497987 instructions 
Clk3 @ 1159000000 Finished 498407 instructions 
Clk3 @ 1160000000 Finished 498842 instructions 
Clk3 @ 1161000000 Finished 499263 instructions 
Clk3 @ 1162000000 Finished 499687 instructions 
Clk@ 1162731759 Working on the # 500000 th memory instruction
Sampling stash size at 499999 req has local max stash size of: 62
Clk3 @ 1163000000 Finished 500107 instructions 
Clk3 @ 1164000000 Finished 500547 instructions 
Clk3 @ 1165000000 Finished 500967 instructions 
Clk3 @ 1166000000 Finished 501407 instructions 
Clk3 @ 1167000000 Finished 501827 instructions 
Clk3 @ 1168000000 Finished 502250 instructions 
Clk3 @ 1169000000 Finished 502687 instructions 
Clk3 @ 1170000000 Finished 503127 instructions 
Clk3 @ 1171000000 Finished 503548 instructions 
Clk3 @ 1172000000 Finished 503987 instructions 
Clk3 @ 1173000000 Finished 504421 instructions 
Clk3 @ 1174000000 Finished 504847 instructions 
Sampling stash size at 504999 req has local max stash size of: 62
Clk3 @ 1175000000 Finished 505278 instructions 
Clk3 @ 1176000000 Finished 505707 instructions 
Clk3 @ 1177000000 Finished 506147 instructions 
Clk3 @ 1178000000 Finished 506567 instructions 
Clk3 @ 1179000000 Finished 507007 instructions 
Clk3 @ 1180000000 Finished 507427 instructions 
Clk3 @ 1181000000 Finished 507885 instructions 
Clk3 @ 1182000000 Finished 508327 instructions 
Clk3 @ 1183000000 Finished 508747 instructions 
Clk3 @ 1184000000 Finished 509187 instructions 
Clk3 @ 1185000000 Finished 509607 instructions 
Clk@ 1185921634 Working on the # 510000 th memory instruction
Sampling stash size at 509999 req has local max stash size of: 57
Clk3 @ 1186000000 Finished 510027 instructions 
Clk3 @ 1187000000 Finished 510447 instructions 
Clk3 @ 1188000000 Finished 510867 instructions 
Clk3 @ 1189000000 Finished 511287 instructions 
Clk3 @ 1190000000 Finished 511727 instructions 
Clk3 @ 1191000000 Finished 512147 instructions 
Clk3 @ 1192000000 Finished 512582 instructions 
Clk3 @ 1193000000 Finished 513007 instructions 
Clk3 @ 1194000000 Finished 513439 instructions 
Clk3 @ 1195000000 Finished 513867 instructions 
Clk3 @ 1196000000 Finished 514307 instructions 
Clk3 @ 1197000000 Finished 514727 instructions 
Sampling stash size at 514999 req has local max stash size of: 57
Clk3 @ 1198000000 Finished 515147 instructions 
Clk3 @ 1199000000 Finished 515587 instructions 
Clk3 @ 1200000000 Finished 516027 instructions 
Clk7 @ 1201000000 Finished 516457 instructions 
Clk3 @ 1202000000 Finished 516887 instructions 
Clk7 @ 1203000000 Finished 517310 instructions 
Clk3 @ 1204000000 Finished 517747 instructions 
Clk3 @ 1205000000 Finished 518187 instructions 
Clk3 @ 1206000000 Finished 518607 instructions 
Clk3 @ 1207000000 Finished 519027 instructions 
Clk3 @ 1208000000 Finished 519467 instructions 
Clk3 @ 1209000000 Finished 519891 instructions 
Clk@ 1209236422 Working on the # 520000 th memory instruction
Sampling stash size at 519999 req has local max stash size of: 57
Clk3 @ 1210000000 Finished 520327 instructions 
Clk3 @ 1211000000 Finished 520767 instructions 
Clk3 @ 1212000000 Finished 521192 instructions 
Clk3 @ 1213000000 Finished 521627 instructions 
Clk3 @ 1214000000 Finished 522067 instructions 
Clk3 @ 1215000000 Finished 522497 instructions 
Clk3 @ 1216000000 Finished 522927 instructions 
Clk3 @ 1217000000 Finished 523367 instructions 
Clk7 @ 1218000000 Finished 523802 instructions 
Clk3 @ 1219000000 Finished 524235 instructions 
Clk3 @ 1220000000 Finished 524647 instructions 
Sampling stash size at 524999 req has local max stash size of: 58
Clk3 @ 1221000000 Finished 525087 instructions 
Clk3 @ 1222000000 Finished 525518 instructions 
Clk3 @ 1223000000 Finished 525929 instructions 
Clk3 @ 1224000000 Finished 526347 instructions 
Clk3 @ 1225000000 Finished 526767 instructions 
Clk3 @ 1226000000 Finished 527207 instructions 
Clk3 @ 1227000000 Finished 527627 instructions 
Clk3 @ 1228000000 Finished 528067 instructions 
Clk3 @ 1229000000 Finished 528487 instructions 
Clk3 @ 1230000000 Finished 528927 instructions 
Clk3 @ 1231000000 Finished 529358 instructions 
Clk3 @ 1232000000 Finished 529787 instructions 
Clk@ 1232481041 Working on the # 530000 th memory instruction
Sampling stash size at 529999 req has local max stash size of: 61
Clk3 @ 1233000000 Finished 530227 instructions 
Clk3 @ 1234000000 Finished 530667 instructions 
Clk3 @ 1235000000 Finished 531101 instructions 
Clk3 @ 1236000000 Finished 531527 instructions 
Clk3 @ 1237000000 Finished 531947 instructions 
Clk3 @ 1238000000 Finished 532367 instructions 
Clk3 @ 1239000000 Finished 532807 instructions 
Clk3 @ 1240000000 Finished 533227 instructions 
Clk3 @ 1241000000 Finished 533667 instructions 
Clk3 @ 1242000000 Finished 534087 instructions 
Clk3 @ 1243000000 Finished 534527 instructions 
Clk3 @ 1244000000 Finished 534967 instructions 
Sampling stash size at 534999 req has local max stash size of: 61
Clk3 @ 1245000000 Finished 535387 instructions 
Clk3 @ 1246000000 Finished 535827 instructions 
Clk3 @ 1247000000 Finished 536257 instructions 
Clk3 @ 1248000000 Finished 536687 instructions 
Clk3 @ 1249000000 Finished 537127 instructions 
Clk3 @ 1250000000 Finished 537567 instructions 
Clk3 @ 1251000000 Finished 538007 instructions 
Clk3 @ 1252000000 Finished 538427 instructions 
Clk3 @ 1253000000 Finished 538867 instructions 
Clk3 @ 1254000000 Finished 539307 instructions 
Clk3 @ 1255000000 Finished 539747 instructions 
Clk@ 1255591155 Working on the # 540000 th memory instruction
Sampling stash size at 539999 req has local max stash size of: 52
Clk3 @ 1256000000 Finished 540175 instructions 
Clk3 @ 1257000000 Finished 540600 instructions 
Clk3 @ 1258000000 Finished 541027 instructions 
Clk3 @ 1259000000 Finished 541442 instructions 
Clk3 @ 1260000000 Finished 541874 instructions 
Clk3 @ 1261000000 Finished 542307 instructions 
Clk3 @ 1262000000 Finished 542738 instructions 
Clk3 @ 1263000000 Finished 543173 instructions 
Clk7 @ 1264000000 Finished 543615 instructions 
Clk3 @ 1265000000 Finished 544047 instructions 
Clk3 @ 1266000000 Finished 544487 instructions 
Clk3 @ 1267000000 Finished 544912 instructions 
Sampling stash size at 544999 req has local max stash size of: 63
Clk3 @ 1268000000 Finished 545347 instructions 
Clk3 @ 1269000000 Finished 545767 instructions 
Clk3 @ 1270000000 Finished 546207 instructions 
Clk3 @ 1271000000 Finished 546647 instructions 
Clk3 @ 1272000000 Finished 547087 instructions 
Clk3 @ 1273000000 Finished 547527 instructions 
Clk3 @ 1274000000 Finished 547967 instructions 
Clk3 @ 1275000000 Finished 548387 instructions 
Clk3 @ 1276000000 Finished 548807 instructions 
Clk3 @ 1277000000 Finished 549243 instructions 
Clk3 @ 1278000000 Finished 549667 instructions 
Clk@ 1278766818 Working on the # 550000 th memory instruction
Sampling stash size at 549999 req has local max stash size of: 57
Clk7 @ 1279000000 Finished 550103 instructions 
Clk3 @ 1280000000 Finished 550542 instructions 
Clk3 @ 1281000000 Finished 550967 instructions 
Clk3 @ 1282000000 Finished 551407 instructions 
Clk3 @ 1283000000 Finished 551842 instructions 
Clk3 @ 1284000000 Finished 552267 instructions 
Clk3 @ 1285000000 Finished 552703 instructions 
Clk3 @ 1286000000 Finished 553127 instructions 
Clk3 @ 1287000000 Finished 553547 instructions 
Clk3 @ 1288000000 Finished 553987 instructions 
Clk3 @ 1289000000 Finished 554420 instructions 
Clk3 @ 1290000000 Finished 554847 instructions 
Sampling stash size at 554999 req has local max stash size of: 60
Clk3 @ 1291000000 Finished 555287 instructions 
Clk3 @ 1292000000 Finished 555687 instructions 
Clk3 @ 1293000000 Finished 556126 instructions 
Clk3 @ 1294000000 Finished 556547 instructions 
Clk3 @ 1295000000 Finished 556967 instructions 
Clk3 @ 1296000000 Finished 557387 instructions 
Clk3 @ 1297000000 Finished 557823 instructions 
Clk3 @ 1298000000 Finished 558247 instructions 
Clk3 @ 1299000000 Finished 558687 instructions 
Clk3 @ 1300000000 Finished 559112 instructions 
Clk3 @ 1301000000 Finished 559547 instructions 
Clk3 @ 1302000000 Finished 559987 instructions 
Clk@ 1302030479 Working on the # 560000 th memory instruction
Sampling stash size at 559999 req has local max stash size of: 62
Clk3 @ 1303000000 Finished 560407 instructions 
Clk3 @ 1304000000 Finished 560847 instructions 
Clk3 @ 1305000000 Finished 561287 instructions 
Clk3 @ 1306000000 Finished 561727 instructions 
Clk3 @ 1307000000 Finished 562165 instructions 
Clk3 @ 1308000000 Finished 562603 instructions 
Clk3 @ 1309000000 Finished 563027 instructions 
Clk3 @ 1310000000 Finished 563455 instructions 
Clk3 @ 1311000000 Finished 563887 instructions 
Clk3 @ 1312000000 Finished 564313 instructions 
Clk3 @ 1313000000 Finished 564747 instructions 
Sampling stash size at 564999 req has local max stash size of: 77
Clk3 @ 1314000000 Finished 565167 instructions 
Clk3 @ 1315000000 Finished 565607 instructions 
Clk3 @ 1316000000 Finished 566047 instructions 
Clk3 @ 1317000000 Finished 566487 instructions 
Clk3 @ 1318000000 Finished 566927 instructions 
Clk3 @ 1319000000 Finished 567347 instructions 
Clk3 @ 1320000000 Finished 567787 instructions 
Clk3 @ 1321000000 Finished 568214 instructions 
Clk3 @ 1322000000 Finished 568647 instructions 
Clk3 @ 1323000000 Finished 569087 instructions 
Clk3 @ 1324000000 Finished 569507 instructions 
Clk3 @ 1325000000 Finished 569947 instructions 
Clk@ 1325108441 Working on the # 570000 th memory instruction
Sampling stash size at 569999 req has local max stash size of: 92
Clk3 @ 1326000000 Finished 570387 instructions 
Clk3 @ 1327000000 Finished 570819 instructions 
Clk3 @ 1328000000 Finished 571247 instructions 
Clk3 @ 1329000000 Finished 571687 instructions 
Clk3 @ 1330000000 Finished 572107 instructions 
Clk3 @ 1331000000 Finished 572547 instructions 
Clk3 @ 1332000000 Finished 572987 instructions 
Clk7 @ 1333000000 Finished 573411 instructions 
Clk3 @ 1334000000 Finished 573847 instructions 
Clk3 @ 1335000000 Finished 574267 instructions 
Clk7 @ 1336000000 Finished 574703 instructions 
Sampling stash size at 574999 req has local max stash size of: 85
Clk3 @ 1337000000 Finished 575127 instructions 
Clk3 @ 1338000000 Finished 575547 instructions 
Clk3 @ 1339000000 Finished 575987 instructions 
Clk3 @ 1340000000 Finished 576407 instructions 
Clk3 @ 1341000000 Finished 576842 instructions 
Clk3 @ 1342000000 Finished 577267 instructions 
Clk3 @ 1343000000 Finished 577687 instructions 
Clk3 @ 1344000000 Finished 578127 instructions 
Clk3 @ 1345000000 Finished 578547 instructions 
Clk3 @ 1346000000 Finished 578987 instructions 
Clk3 @ 1347000000 Finished 579407 instructions 
Clk3 @ 1348000000 Finished 579841 instructions 
Clk@ 1348370927 Working on the # 580000 th memory instruction
Sampling stash size at 579999 req has local max stash size of: 58
Clk3 @ 1349000000 Finished 580267 instructions 
Clk3 @ 1350000000 Finished 580687 instructions 
Clk3 @ 1351000000 Finished 581127 instructions 
Clk3 @ 1352000000 Finished 581556 instructions 
Clk3 @ 1353000000 Finished 581979 instructions 
Clk3 @ 1354000000 Finished 582407 instructions 
Clk3 @ 1355000000 Finished 582847 instructions 
Clk3 @ 1356000000 Finished 583267 instructions 
Clk3 @ 1357000000 Finished 583707 instructions 
Clk3 @ 1358000000 Finished 584127 instructions 
Clk3 @ 1359000000 Finished 584547 instructions 
Clk3 @ 1360000000 Finished 584967 instructions 
Sampling stash size at 584999 req has local max stash size of: 53
Clk3 @ 1361000000 Finished 585406 instructions 
Clk3 @ 1362000000 Finished 585827 instructions 
Clk3 @ 1363000000 Finished 586264 instructions 
Clk7 @ 1363000000 Finished 586264 instructions 
Clk3 @ 1364000000 Finished 586668 instructions 
Clk3 @ 1365000000 Finished 587087 instructions 
Clk3 @ 1366000000 Finished 587507 instructions 
Clk3 @ 1367000000 Finished 587927 instructions 
Clk3 @ 1368000000 Finished 588367 instructions 
Clk3 @ 1369000000 Finished 588800 instructions 
Clk3 @ 1370000000 Finished 589227 instructions 
Clk3 @ 1371000000 Finished 589647 instructions 
Clk@ 1371794177 Working on the # 590000 th memory instruction
Sampling stash size at 589999 req has local max stash size of: 53
Clk3 @ 1372000000 Finished 590087 instructions 
Clk7 @ 1373000000 Finished 590512 instructions 
Clk3 @ 1374000000 Finished 590943 instructions 
Clk3 @ 1375000000 Finished 591369 instructions 
Clk3 @ 1376000000 Finished 591807 instructions 
Clk3 @ 1377000000 Finished 592227 instructions 
Clk3 @ 1378000000 Finished 592659 instructions 
Clk3 @ 1379000000 Finished 593087 instructions 
Clk3 @ 1380000000 Finished 593524 instructions 
Clk3 @ 1381000000 Finished 593947 instructions 
Clk3 @ 1382000000 Finished 594367 instructions 
Clk3 @ 1383000000 Finished 594787 instructions 
Sampling stash size at 594999 req has local max stash size of: 51
Clk3 @ 1384000000 Finished 595223 instructions 
Clk3 @ 1385000000 Finished 595647 instructions 
Clk3 @ 1386000000 Finished 596087 instructions 
Clk3 @ 1387000000 Finished 596507 instructions 
Clk3 @ 1388000000 Finished 596947 instructions 
Clk3 @ 1389000000 Finished 597367 instructions 
Clk7 @ 1390000000 Finished 597788 instructions 
Clk3 @ 1391000000 Finished 598227 instructions 
Clk3 @ 1392000000 Finished 598666 instructions 
Clk3 @ 1393000000 Finished 599107 instructions 
Clk3 @ 1394000000 Finished 599527 instructions 
Clk3 @ 1395000000 Finished 599967 instructions 
Clk@ 1395065976 Working on the # 600000 th memory instruction
Sampling stash size at 599999 req has local max stash size of: 52
Clk3 @ 1396000000 Finished 600407 instructions 
Clk3 @ 1397000000 Finished 600847 instructions 
Clk3 @ 1398000000 Finished 601287 instructions 
Clk3 @ 1399000000 Finished 601706 instructions 
Clk3 @ 1400000000 Finished 602122 instructions 
Clk3 @ 1401000000 Finished 602529 instructions 
Clk3 @ 1402000000 Finished 602967 instructions 
Clk3 @ 1403000000 Finished 603407 instructions 
Clk3 @ 1404000000 Finished 603827 instructions 
Clk3 @ 1405000000 Finished 604259 instructions 
Clk3 @ 1406000000 Finished 604687 instructions 
Sampling stash size at 604999 req has local max stash size of: 51
Clk3 @ 1407000000 Finished 605127 instructions 
Clk3 @ 1408000000 Finished 605547 instructions 
Clk3 @ 1409000000 Finished 605980 instructions 
Clk3 @ 1410000000 Finished 606407 instructions 
Clk3 @ 1411000000 Finished 606829 instructions 

===*** Data ***====
Stall reason distribution: 
mc_hazard: 0
normal: 0
rs_hazard: 0
rw_swtich: 0
Early reshuffle distribution: 
0: 0
1: 0
2: 727
3: 1905
4: 2170
5: 2234
6: 2305
7: 2391
8: 2414
9: 2407
10: 2315
11: 2195
12: 2081
13: 1866
14: 1303
15: 263
16: 0
17: 0
18: 0
19: 0
20: 0
=================
Max stash size is: 137
Average stash size is: 27.2884
Average mem q size is: 173.455
Total mem q size is:231841549
mem_q_sample_times is:1336610
useful_read_pull_ddr: 76009 (0.325163) %
dummy_read_pull_ddr: 5539503 (23.6977) %
useful_early_pull_ddr: 226437 (0.968686) %
useful_early_push_ddr: 24785 (0.106029) %
useful_write_pull_ddr: 4449933 (19.0366) %
useful_write_push_ddr: 640353 (2.7394) %
dummy_early_pull_ddr: 19230 (0.082265) %
dummy_early_push_ddr: 596608 (2.55226) %
dummy_write_pull_ddr: 42755 (0.182904) %
dummy_write_push_ddr: 11760073 (50.309) %
=================
Stash violation number of times: 0
=================
Check NodeID traffic: 2515160
Update NodeID traffic: 3
=================
Read RS lines: 607101 (84.207) %
Write RS lines: 60710 (8.42068) %
Early RS lines: 53152 (7.37236) %
Read DDR lines: 11231116 (24.4377) %
Write DDR lines: 33132453 (72.0927) %
Early DDR lines: 1594560 (3.46959) %

====*** pos1 ***====
Stall reason distribution: 
mc_hazard: 0
normal: 0
rs_hazard: 0
rw_swtich: 0
Early reshuffle distribution: 
0: 0
1: 628
2: 1524
3: 1947
4: 2164
5: 2248
6: 2297
7: 2341
8: 2319
9: 2200
10: 2311
11: 2237
12: 2154
13: 1793
14: 1301
15: 294
16: 0
17: 0
=================
Max stash size is: 69
Average stash size is: 17.7063
Average mem q size is: 95.3999
Total mem q size is:4087885
mem_q_sample_times is:42850
useful_read_pull_ddr: 73080 (0.194843) %
dummy_read_pull_ddr: 9033435 (24.0846) %
useful_early_pull_ddr: 403314 (1.0753) %
useful_early_push_ddr: 12240 (0.0326339) %
useful_write_pull_ddr: 7227158 (19.2688) %
useful_write_push_ddr: 692459 (1.84621) %
dummy_early_pull_ddr: 31988 (0.0852853) %
dummy_early_push_ddr: 1088818 (2.90297) %
dummy_write_pull_ddr: 58042 (0.15475) %
dummy_write_push_ddr: 18886516 (50.3546) %
=================
Stash violation number of times: 0
=================
Check NodeID traffic: 2683104
Update NodeID traffic: 0
=================
Read RS lines: 607101 (83.9317) %
Write RS lines: 60710 (8.39316) %
Early RS lines: 55516 (7.67509) %
Read DDR lines: 9106515 (24.2795) %
Write DDR lines: 26864175 (71.6243) %
Early DDR lines: 1536360 (4.09619) %

====*** pos2 ***====
Stall reason distribution: 
mc_hazard: 0
normal: 0
rs_hazard: 0
rw_swtich: 0
Early reshuffle distribution: 
0: 0
1: 585
2: 1538
3: 1964
4: 2183
5: 2244
6: 2329
7: 2377
8: 2314
9: 2333
10: 2319
11: 2160
12: 2133
13: 1846
14: 1297
=================
Max stash size is: 66
Average stash size is: 15.6223
Average mem q size is: 89.8602
Total mem q size is:2892869
mem_q_sample_times is:32193
useful_read_pull_ddr: 54868 (0.181044) %
dummy_read_pull_ddr: 7230344 (23.8574) %
useful_early_pull_ddr: 402528 (1.32819) %
useful_early_push_ddr: 26100 (0.0861202) %
useful_write_pull_ddr: 5779346 (19.0697) %
useful_write_push_ddr: 582682 (1.92263) %
dummy_early_pull_ddr: 30955 (0.10214) %
dummy_early_push_ddr: 1070357 (3.53177) %
dummy_write_pull_ddr: 48814 (0.161068) %
dummy_write_push_ddr: 15080498 (49.76) %
=================
Stash violation number of times: 0
=================
Check NodeID traffic: 1024
Update NodeID traffic: 0
=================
Read RS lines: 607101 (83.9633) %
Write RS lines: 60710 (8.39632) %
Early RS lines: 55244 (7.64036) %
Read DDR lines: 7285212 (24.0385) %
Write DDR lines: 21491340 (70.9133) %
Early DDR lines: 1529940 (5.04823) %
=================
The final DRAM clk is: 1411653631 ticks.
Idle waiting clk is 92145374, which is 6.52748 %
DRAM Frequency is: 1600MHz
The final time in ns is: 8.82284e+08 ns.
Time distribution: 
Data pull time is: 0
data: 0
pos1: 0
pos2: 0
Data distribution: 
Pos2 data: 30306492
Pos1 data: 37507050
Data: 45958129
Node access DDR: 5030320
Pull DDR: 11231116
WB DDR: 33132453
Early DDR: 1594560
Achieved BW is: 58.8188 GB/s
Ideal BW is: 102.4 GB/s
Metadata cache conclusion: 
overall_hit: 9021134 overall_total: 14050607
Cache Size 64 KB Overall Hit rate: 64.2046 %. 
Simulation done. Statistics written to results_all/pagerank_output.txt
