Valid leaf ID range: 2097151:4194302
Num of top nodes: 2097152
Data level num of ways: 2097152
Z: 16
S: 27
A: 20
cached_total: 1
cached_total: 3
cached_total: 7
cached_total: 15
Total number of ORAM protected cache line blocks: 2097152
Cached number of levels: 3
Max number of levels: 22
Start lvl is: 0
data valid leaf right: 4194303
data num of levels: 22
data level num of ways: 2097152
data number of sets: 1
Cached node ID: 0 -- 11
Address space: 0 - 4 GB
pos1 valid leaf right: 524287
pos1 num of levels: 19
pos1 level num of ways: 262144
pos1 number of sets: 1
Cached node ID: 0 -- 1
Address space: 0 - 0.5 GB
pos2 valid leaf right: 65535
pos2 num of levels: 16
pos2 level num of ways: 32768
pos2 number of sets: 1
Cached node ID: 0 -- 0
Address space: 0 - 0.0625 GB
new addr: 1735
(myrs->posMap.find(new_addr) != myrs->posMap.end()): 1
(myrs->posMap[new_addr].pending): 0
myrs->posMap[new_addr] = 5941
#2 ID 0 set true here
Clk3 @ 1000000 Finished 727 instructions 
Clk3 @ 2000000 Finished 1447 instructions 
Clk3 @ 3000000 Finished 2187 instructions 
Clk3 @ 4000000 Finished 2936 instructions 
Clk3 @ 5000000 Finished 3704 instructions 
Clk3 @ 6000000 Finished 4452 instructions 
Sampling stash size at 4999 req has local max stash size of: 127
Clk7 @ 7000000 Finished 5216 instructions 
Clk3 @ 8000000 Finished 5987 instructions 
Clk3 @ 9000000 Finished 6747 instructions 
Clk3 @ 10000000 Finished 7527 instructions 
Clk3 @ 11000000 Finished 8275 instructions 
Clk3 @ 12000000 Finished 9047 instructions 
Clk3 @ 13000000 Finished 9827 instructions 
Clk@ 13221473 Working on the # 10000 th memory instruction
Sampling stash size at 9999 req has local max stash size of: 141
Clk3 @ 14000000 Finished 10607 instructions 
Clk3 @ 15000000 Finished 11387 instructions 
Clk3 @ 16000000 Finished 12167 instructions 
Clk3 @ 17000000 Finished 12964 instructions 
Clk3 @ 18000000 Finished 13744 instructions 
Clk7 @ 19000000 Finished 14527 instructions 
Sampling stash size at 14999 req has local max stash size of: 153
Clk3 @ 20000000 Finished 15287 instructions 
Clk3 @ 21000000 Finished 16043 instructions 
Clk3 @ 22000000 Finished 16818 instructions 
Clk3 @ 23000000 Finished 17615 instructions 
Clk3 @ 24000000 Finished 18407 instructions 
Clk3 @ 25000000 Finished 19187 instructions 
Clk3 @ 26000000 Finished 19967 instructions 
Clk@ 26037067 Working on the # 20000 th memory instruction
Sampling stash size at 19999 req has local max stash size of: 152
Clk3 @ 27000000 Finished 20747 instructions 
Clk3 @ 28000000 Finished 21547 instructions 
Clk3 @ 29000000 Finished 22327 instructions 
Clk3 @ 30000000 Finished 23107 instructions 
Clk3 @ 31000000 Finished 23895 instructions 
Clk3 @ 32000000 Finished 24687 instructions 
Sampling stash size at 24999 req has local max stash size of: 162
Clk3 @ 33000000 Finished 25487 instructions 
Clk3 @ 34000000 Finished 26269 instructions 
Clk3 @ 35000000 Finished 27063 instructions 
Clk3 @ 36000000 Finished 27867 instructions 
Clk3 @ 37000000 Finished 28647 instructions 
Clk3 @ 38000000 Finished 29447 instructions 
Clk@ 38691042 Working on the # 30000 th memory instruction
Sampling stash size at 29999 req has local max stash size of: 171
Clk3 @ 39000000 Finished 30227 instructions 
Clk3 @ 40000000 Finished 30986 instructions 
Clk3 @ 41000000 Finished 31767 instructions 
Clk3 @ 42000000 Finished 32567 instructions 
Clk7 @ 43000000 Finished 33367 instructions 
Clk3 @ 44000000 Finished 34152 instructions 
Clk7 @ 45000000 Finished 34934 instructions 
Sampling stash size at 34999 req has local max stash size of: 170
Clk3 @ 46000000 Finished 35734 instructions 
Clk3 @ 47000000 Finished 36541 instructions 
Clk3 @ 48000000 Finished 37327 instructions 
Clk3 @ 49000000 Finished 38127 instructions 
Clk3 @ 50000000 Finished 38887 instructions 
Clk3 @ 51000000 Finished 39687 instructions 
Clk@ 51387658 Working on the # 40000 th memory instruction
Sampling stash size at 39999 req has local max stash size of: 170
Clk3 @ 52000000 Finished 40487 instructions 
Clk3 @ 53000000 Finished 41267 instructions 
Clk3 @ 54000000 Finished 42067 instructions 
Clk3 @ 55000000 Finished 42867 instructions 
Clk3 @ 56000000 Finished 43647 instructions 
Clk7 @ 57000000 Finished 44467 instructions 
Sampling stash size at 44999 req has local max stash size of: 171
Clk3 @ 58000000 Finished 45247 instructions 
Clk3 @ 59000000 Finished 46027 instructions 
Clk3 @ 60000000 Finished 46807 instructions 
Clk3 @ 61000000 Finished 47627 instructions 
Clk7 @ 62000000 Finished 48447 instructions 
Clk3 @ 63000000 Finished 49241 instructions 
Clk@ 63950136 Working on the # 50000 th memory instruction
Sampling stash size at 49999 req has local max stash size of: 177
Clk7 @ 64000000 Finished 50041 instructions 
Clk3 @ 65000000 Finished 50847 instructions 
Clk3 @ 66000000 Finished 51648 instructions 
Clk3 @ 67000000 Finished 52447 instructions 
Clk3 @ 68000000 Finished 53247 instructions 
Clk3 @ 69000000 Finished 54047 instructions 
Clk3 @ 70000000 Finished 54841 instructions 
Sampling stash size at 54999 req has local max stash size of: 171
Clk3 @ 71000000 Finished 55648 instructions 
Clk3 @ 72000000 Finished 56447 instructions 
Clk3 @ 73000000 Finished 57247 instructions 
Clk7 @ 74000000 Finished 58047 instructions 
Clk7 @ 75000000 Finished 58848 instructions 
Clk3 @ 76000000 Finished 59647 instructions 
Clk@ 76453275 Working on the # 60000 th memory instruction
Sampling stash size at 59999 req has local max stash size of: 173
Clk7 @ 77000000 Finished 60407 instructions 
Clk3 @ 78000000 Finished 61167 instructions 
Clk7 @ 79000000 Finished 61927 instructions 
Clk3 @ 80000000 Finished 62707 instructions 
Clk3 @ 81000000 Finished 63507 instructions 
Clk3 @ 82000000 Finished 64287 instructions 
Sampling stash size at 64999 req has local max stash size of: 180
Clk7 @ 83000000 Finished 65069 instructions 
Clk3 @ 84000000 Finished 65873 instructions 
Clk3 @ 85000000 Finished 66680 instructions 
Clk3 @ 86000000 Finished 67487 instructions 
Clk3 @ 87000000 Finished 68287 instructions 
Clk3 @ 88000000 Finished 69087 instructions 
Clk3 @ 89000000 Finished 69887 instructions 
Clk@ 89135214 Working on the # 70000 th memory instruction
Sampling stash size at 69999 req has local max stash size of: 183
Clk3 @ 90000000 Finished 70687 instructions 
Clk3 @ 91000000 Finished 71507 instructions 
Clk7 @ 92000000 Finished 72313 instructions 
Clk3 @ 93000000 Finished 73114 instructions 
Clk3 @ 94000000 Finished 73917 instructions 
Clk7 @ 95000000 Finished 74727 instructions 
Sampling stash size at 74999 req has local max stash size of: 171
Clk3 @ 96000000 Finished 75507 instructions 
Clk3 @ 97000000 Finished 76295 instructions 
Clk3 @ 98000000 Finished 77067 instructions 
Clk7 @ 99000000 Finished 77847 instructions 
Clk7 @ 100000000 Finished 78676 instructions 
Clk3 @ 101000000 Finished 79478 instructions 
Clk@ 101645309 Working on the # 80000 th memory instruction
Sampling stash size at 79999 req has local max stash size of: 175
Clk3 @ 102000000 Finished 80284 instructions 
Clk3 @ 103000000 Finished 81085 instructions 
Clk3 @ 104000000 Finished 81887 instructions 
Clk3 @ 105000000 Finished 82667 instructions 
Clk3 @ 106000000 Finished 83467 instructions 
Clk3 @ 107000000 Finished 84259 instructions 
Sampling stash size at 84999 req has local max stash size of: 182
Clk3 @ 108000000 Finished 85058 instructions 
Clk7 @ 109000000 Finished 85819 instructions 
Clk7 @ 110000000 Finished 86626 instructions 
Clk3 @ 111000000 Finished 87424 instructions 
Clk3 @ 112000000 Finished 88207 instructions 
Clk3 @ 113000000 Finished 89007 instructions 
Clk3 @ 114000000 Finished 89791 instructions 
Clk@ 114250494 Working on the # 90000 th memory instruction
Sampling stash size at 89999 req has local max stash size of: 180
Clk3 @ 115000000 Finished 90607 instructions 
Clk3 @ 116000000 Finished 91405 instructions 
Clk3 @ 117000000 Finished 92185 instructions 
Clk3 @ 118000000 Finished 92967 instructions 
Clk3 @ 119000000 Finished 93720 instructions 
Clk3 @ 120000000 Finished 94525 instructions 
Sampling stash size at 94999 req has local max stash size of: 184
Clk3 @ 121000000 Finished 95327 instructions 
Clk7 @ 122000000 Finished 96129 instructions 
Clk3 @ 123000000 Finished 96947 instructions 
Clk3 @ 124000000 Finished 97743 instructions 
Clk7 @ 125000000 Finished 98537 instructions 
Clk3 @ 126000000 Finished 99327 instructions 
Clk@ 126828523 Working on the # 100000 th memory instruction
Sampling stash size at 99999 req has local max stash size of: 180
Clk3 @ 127000000 Finished 100127 instructions 
Clk3 @ 128000000 Finished 100947 instructions 
Clk3 @ 129000000 Finished 101747 instructions 
Clk3 @ 130000000 Finished 102567 instructions 
Clk3 @ 131000000 Finished 103367 instructions 
Clk3 @ 132000000 Finished 104167 instructions 
Clk3 @ 133000000 Finished 104947 instructions 
Sampling stash size at 104999 req has local max stash size of: 174
Clk3 @ 134000000 Finished 105748 instructions 
Clk3 @ 135000000 Finished 106540 instructions 
Clk3 @ 136000000 Finished 107327 instructions 
Clk3 @ 137000000 Finished 108127 instructions 
Clk3 @ 138000000 Finished 108907 instructions 
Clk3 @ 139000000 Finished 109707 instructions 
Clk@ 139358619 Working on the # 110000 th memory instruction
Sampling stash size at 109999 req has local max stash size of: 189
Clk3 @ 140000000 Finished 110507 instructions 
Clk3 @ 141000000 Finished 111307 instructions 
Clk3 @ 142000000 Finished 112125 instructions 
Clk3 @ 143000000 Finished 112907 instructions 
Clk3 @ 144000000 Finished 113707 instructions 
Clk3 @ 145000000 Finished 114487 instructions 
Sampling stash size at 114999 req has local max stash size of: 180
Clk3 @ 146000000 Finished 115287 instructions 
Clk3 @ 147000000 Finished 116087 instructions 
Clk3 @ 148000000 Finished 116855 instructions 
Clk3 @ 149000000 Finished 117667 instructions 
Clk3 @ 150000000 Finished 118467 instructions 
Clk3 @ 151000000 Finished 119267 instructions 
Clk@ 151917819 Working on the # 120000 th memory instruction
Sampling stash size at 119999 req has local max stash size of: 184
Clk3 @ 152000000 Finished 120063 instructions 
Clk3 @ 153000000 Finished 120823 instructions 
Clk3 @ 154000000 Finished 121587 instructions 
Clk7 @ 155000000 Finished 122314 instructions 
Clk3 @ 156000000 Finished 123075 instructions 
Clk7 @ 157000000 Finished 123829 instructions 
Clk3 @ 158000000 Finished 124607 instructions 
Sampling stash size at 124999 req has local max stash size of: 178
Clk3 @ 159000000 Finished 125387 instructions 
Clk7 @ 160000000 Finished 126167 instructions 
Clk3 @ 161000000 Finished 126947 instructions 
Clk3 @ 162000000 Finished 127747 instructions 
Clk3 @ 163000000 Finished 128527 instructions 
Clk7 @ 164000000 Finished 129335 instructions 
Clk@ 164832936 Working on the # 130000 th memory instruction
Sampling stash size at 129999 req has local max stash size of: 183
Clk3 @ 165000000 Finished 130127 instructions 
Clk3 @ 166000000 Finished 130947 instructions 
Clk3 @ 167000000 Finished 131727 instructions 
Clk7 @ 168000000 Finished 132527 instructions 
Clk3 @ 169000000 Finished 133344 instructions 
Clk3 @ 170000000 Finished 134167 instructions 
Clk3 @ 171000000 Finished 134981 instructions 
Sampling stash size at 134999 req has local max stash size of: 183
Clk7 @ 172000000 Finished 135769 instructions 
Clk3 @ 173000000 Finished 136587 instructions 
Clk3 @ 174000000 Finished 137387 instructions 
Clk3 @ 175000000 Finished 138187 instructions 
Clk3 @ 176000000 Finished 138987 instructions 
Clk3 @ 177000000 Finished 139767 instructions 
Clk@ 177273710 Working on the # 140000 th memory instruction
Sampling stash size at 139999 req has local max stash size of: 186
Clk3 @ 178000000 Finished 140587 instructions 
Clk3 @ 179000000 Finished 141387 instructions 
Clk3 @ 180000000 Finished 142203 instructions 
Clk7 @ 181000000 Finished 142995 instructions 
Clk3 @ 182000000 Finished 143807 instructions 
Clk7 @ 183000000 Finished 144597 instructions 
Sampling stash size at 144999 req has local max stash size of: 195
Clk3 @ 184000000 Finished 145400 instructions 
Clk3 @ 185000000 Finished 146207 instructions 
Clk3 @ 186000000 Finished 147007 instructions 
Clk3 @ 187000000 Finished 147807 instructions 
Clk3 @ 188000000 Finished 148608 instructions 
Clk7 @ 189000000 Finished 149426 instructions 
Clk@ 189719572 Working on the # 150000 th memory instruction
Sampling stash size at 149999 req has local max stash size of: 192
Clk3 @ 190000000 Finished 150227 instructions 
Clk3 @ 191000000 Finished 151023 instructions 
Clk3 @ 192000000 Finished 151807 instructions 
Clk3 @ 193000000 Finished 152567 instructions 
Clk3 @ 194000000 Finished 153352 instructions 
Clk3 @ 195000000 Finished 154147 instructions 
Clk3 @ 196000000 Finished 154922 instructions 
Sampling stash size at 154999 req has local max stash size of: 188
Clk3 @ 197000000 Finished 155723 instructions 
Clk3 @ 198000000 Finished 156527 instructions 
Clk3 @ 199000000 Finished 157327 instructions 
Clk3 @ 200000000 Finished 158147 instructions 
Clk3 @ 201000000 Finished 158947 instructions 
Clk3 @ 202000000 Finished 159747 instructions 
Clk@ 202319024 Working on the # 160000 th memory instruction
Sampling stash size at 159999 req has local max stash size of: 184
Clk7 @ 203000000 Finished 160538 instructions 
Clk3 @ 204000000 Finished 161329 instructions 
Clk3 @ 205000000 Finished 162145 instructions 
Clk3 @ 206000000 Finished 162947 instructions 
Clk3 @ 207000000 Finished 163747 instructions 
Clk7 @ 208000000 Finished 164533 instructions 
Sampling stash size at 164999 req has local max stash size of: 183
Clk7 @ 209000000 Finished 165327 instructions 
Clk3 @ 210000000 Finished 166107 instructions 
Clk3 @ 211000000 Finished 166907 instructions 
Clk3 @ 212000000 Finished 167687 instructions 
Clk3 @ 213000000 Finished 168505 instructions 
Clk7 @ 214000000 Finished 169307 instructions 
Clk@ 214882265 Working on the # 170000 th memory instruction
Sampling stash size at 169999 req has local max stash size of: 202
Clk3 @ 215000000 Finished 170087 instructions 
Clk3 @ 216000000 Finished 170887 instructions 
Clk3 @ 217000000 Finished 171647 instructions 
Clk3 @ 218000000 Finished 172447 instructions 
Clk3 @ 219000000 Finished 173247 instructions 
Clk7 @ 220000000 Finished 174051 instructions 
Clk3 @ 221000000 Finished 174848 instructions 
Sampling stash size at 174999 req has local max stash size of: 183
Clk3 @ 222000000 Finished 175642 instructions 
Clk7 @ 223000000 Finished 176459 instructions 
Clk7 @ 224000000 Finished 177267 instructions 
Clk3 @ 225000000 Finished 178063 instructions 
Clk3 @ 226000000 Finished 178855 instructions 
Clk3 @ 227000000 Finished 179618 instructions 
Clk@ 227474251 Working on the # 180000 th memory instruction
Sampling stash size at 179999 req has local max stash size of: 186
Clk7 @ 228000000 Finished 180418 instructions 
Clk7 @ 229000000 Finished 181219 instructions 
Clk3 @ 230000000 Finished 182007 instructions 
Clk3 @ 231000000 Finished 182797 instructions 
Clk3 @ 232000000 Finished 183567 instructions 
Clk3 @ 233000000 Finished 184347 instructions 
Sampling stash size at 184999 req has local max stash size of: 187
Clk3 @ 234000000 Finished 185127 instructions 
Clk3 @ 235000000 Finished 185907 instructions 
Clk3 @ 236000000 Finished 186667 instructions 
Clk3 @ 237000000 Finished 187447 instructions 
Clk3 @ 238000000 Finished 188228 instructions 
Clk3 @ 239000000 Finished 189030 instructions 
Clk3 @ 240000000 Finished 189847 instructions 
Clk@ 240188015 Working on the # 190000 th memory instruction
Sampling stash size at 189999 req has local max stash size of: 194
Clk3 @ 241000000 Finished 190627 instructions 
Clk3 @ 242000000 Finished 191445 instructions 
Clk3 @ 243000000 Finished 192247 instructions 
Clk3 @ 244000000 Finished 193047 instructions 
Clk3 @ 245000000 Finished 193847 instructions 
Clk3 @ 246000000 Finished 194647 instructions 
Sampling stash size at 194999 req has local max stash size of: 191
Clk3 @ 247000000 Finished 195447 instructions 
Clk3 @ 248000000 Finished 196255 instructions 
Clk3 @ 249000000 Finished 197056 instructions 
Clk3 @ 250000000 Finished 197863 instructions 
Clk3 @ 251000000 Finished 198643 instructions 
Clk3 @ 252000000 Finished 199457 instructions 
Clk@ 252671710 Working on the # 200000 th memory instruction
Sampling stash size at 199999 req has local max stash size of: 188
Clk3 @ 253000000 Finished 200267 instructions 
Clk3 @ 254000000 Finished 201087 instructions 
Clk3 @ 255000000 Finished 201875 instructions 
Clk7 @ 255000000 Finished 201875 instructions 
Clk3 @ 256000000 Finished 202659 instructions 
Clk3 @ 257000000 Finished 203467 instructions 
Clk3 @ 258000000 Finished 204267 instructions 
Sampling stash size at 204999 req has local max stash size of: 187
Clk3 @ 259000000 Finished 205084 instructions 
Clk3 @ 260000000 Finished 205887 instructions 
Clk3 @ 261000000 Finished 206683 instructions 
Clk3 @ 262000000 Finished 207487 instructions 
Clk3 @ 263000000 Finished 208287 instructions 
Clk3 @ 264000000 Finished 209082 instructions 
Clk3 @ 265000000 Finished 209850 instructions 
Clk@ 265174981 Working on the # 210000 th memory instruction
Sampling stash size at 209999 req has local max stash size of: 188
Clk3 @ 266000000 Finished 210647 instructions 
Clk3 @ 267000000 Finished 211447 instructions 
Clk3 @ 268000000 Finished 212247 instructions 
Clk3 @ 269000000 Finished 213045 instructions 
Clk3 @ 270000000 Finished 213807 instructions 
Clk3 @ 271000000 Finished 214607 instructions 
Sampling stash size at 214999 req has local max stash size of: 189
Clk3 @ 272000000 Finished 215407 instructions 
Clk3 @ 273000000 Finished 216207 instructions 
Clk3 @ 274000000 Finished 216994 instructions 
Clk7 @ 275000000 Finished 217766 instructions 
Clk3 @ 276000000 Finished 218567 instructions 
Clk3 @ 277000000 Finished 219375 instructions 
Clk@ 277766229 Working on the # 220000 th memory instruction
Sampling stash size at 219999 req has local max stash size of: 190
Clk3 @ 278000000 Finished 220187 instructions 
Clk3 @ 279000000 Finished 220987 instructions 
Clk3 @ 280000000 Finished 221807 instructions 
Clk3 @ 281000000 Finished 222607 instructions 
Clk7 @ 282000000 Finished 223427 instructions 
Clk3 @ 283000000 Finished 224223 instructions 
Sampling stash size at 224999 req has local max stash size of: 187
Clk3 @ 284000000 Finished 225009 instructions 
Clk3 @ 285000000 Finished 225807 instructions 
Clk3 @ 286000000 Finished 226591 instructions 
Clk3 @ 287000000 Finished 227389 instructions 
Clk3 @ 288000000 Finished 228187 instructions 
Clk3 @ 289000000 Finished 228967 instructions 
Clk7 @ 290000000 Finished 229767 instructions 
Clk@ 290296175 Working on the # 230000 th memory instruction
Sampling stash size at 229999 req has local max stash size of: 195
Clk3 @ 291000000 Finished 230559 instructions 
Clk3 @ 292000000 Finished 231367 instructions 
Clk3 @ 293000000 Finished 232167 instructions 
Clk3 @ 294000000 Finished 232927 instructions 
Clk3 @ 295000000 Finished 233735 instructions 
Clk3 @ 296000000 Finished 234543 instructions 
Sampling stash size at 234999 req has local max stash size of: 187
Clk3 @ 297000000 Finished 235335 instructions 
Clk3 @ 298000000 Finished 236123 instructions 
Clk3 @ 299000000 Finished 236903 instructions 
Clk3 @ 300000000 Finished 237687 instructions 
Clk3 @ 301000000 Finished 238487 instructions 
Clk3 @ 302000000 Finished 239267 instructions 
Clk@ 302940393 Working on the # 240000 th memory instruction
Sampling stash size at 239999 req has local max stash size of: 192
Clk3 @ 303000000 Finished 240047 instructions 
Clk7 @ 304000000 Finished 240807 instructions 
Clk3 @ 305000000 Finished 241595 instructions 
Clk3 @ 306000000 Finished 242387 instructions 
Clk3 @ 307000000 Finished 243176 instructions 
Clk3 @ 308000000 Finished 243927 instructions 
Clk3 @ 309000000 Finished 244647 instructions 
Sampling stash size at 244999 req has local max stash size of: 189
Clk7 @ 310000000 Finished 245418 instructions 
Clk3 @ 311000000 Finished 246187 instructions 
Clk3 @ 312000000 Finished 246947 instructions 
Clk3 @ 313000000 Finished 247687 instructions 
Clk3 @ 314000000 Finished 248446 instructions 
Clk7 @ 315000000 Finished 249207 instructions 
Clk3 @ 316000000 Finished 249987 instructions 
Clk@ 316016493 Working on the # 250000 th memory instruction
Sampling stash size at 249999 req has local max stash size of: 192
Clk3 @ 317000000 Finished 250768 instructions 
Clk3 @ 318000000 Finished 251567 instructions 
Clk3 @ 319000000 Finished 252376 instructions 
Clk7 @ 320000000 Finished 253174 instructions 
Clk3 @ 321000000 Finished 253967 instructions 
Clk7 @ 322000000 Finished 254755 instructions 
Sampling stash size at 254999 req has local max stash size of: 189
Clk3 @ 323000000 Finished 255527 instructions 
Clk3 @ 324000000 Finished 256333 instructions 
Clk7 @ 324000000 Finished 256333 instructions 
Clk3 @ 325000000 Finished 257147 instructions 
Clk7 @ 326000000 Finished 257934 instructions 
Clk3 @ 327000000 Finished 258741 instructions 
Clk3 @ 328000000 Finished 259527 instructions 
Clk@ 328584526 Working on the # 260000 th memory instruction
Sampling stash size at 259999 req has local max stash size of: 196
Clk3 @ 329000000 Finished 260327 instructions 
Clk3 @ 330000000 Finished 261116 instructions 
Clk3 @ 331000000 Finished 261907 instructions 
Clk3 @ 332000000 Finished 262707 instructions 
Clk3 @ 333000000 Finished 263487 instructions 
Clk3 @ 334000000 Finished 264292 instructions 
Sampling stash size at 264999 req has local max stash size of: 184
Clk7 @ 335000000 Finished 265095 instructions 
Clk3 @ 336000000 Finished 265907 instructions 
Clk3 @ 337000000 Finished 266707 instructions 
Clk3 @ 338000000 Finished 267527 instructions 
Clk3 @ 339000000 Finished 268327 instructions 
Clk7 @ 340000000 Finished 269131 instructions 
Clk3 @ 341000000 Finished 269944 instructions 
Clk@ 341067939 Working on the # 270000 th memory instruction
Sampling stash size at 269999 req has local max stash size of: 200
Clk7 @ 342000000 Finished 270722 instructions 
Clk3 @ 343000000 Finished 271527 instructions 
Clk3 @ 344000000 Finished 272327 instructions 
Clk3 @ 345000000 Finished 273127 instructions 
Clk3 @ 346000000 Finished 273919 instructions 
Clk3 @ 347000000 Finished 274687 instructions 
Sampling stash size at 274999 req has local max stash size of: 202
Clk3 @ 348000000 Finished 275495 instructions 
Clk7 @ 349000000 Finished 276297 instructions 
Clk7 @ 350000000 Finished 277098 instructions 
Clk3 @ 351000000 Finished 277897 instructions 
Clk3 @ 352000000 Finished 278667 instructions 
Clk3 @ 353000000 Finished 279487 instructions 
Clk@ 353641738 Working on the # 280000 th memory instruction
Sampling stash size at 279999 req has local max stash size of: 194
Clk3 @ 354000000 Finished 280283 instructions 
Clk3 @ 355000000 Finished 281103 instructions 
Clk3 @ 356000000 Finished 281909 instructions 
Clk3 @ 357000000 Finished 282727 instructions 
Clk3 @ 358000000 Finished 283543 instructions 
Clk3 @ 359000000 Finished 284344 instructions 
Sampling stash size at 284999 req has local max stash size of: 195
Clk3 @ 360000000 Finished 285143 instructions 
Clk3 @ 361000000 Finished 285943 instructions 
Clk3 @ 362000000 Finished 286747 instructions 
Clk3 @ 363000000 Finished 287547 instructions 
Clk3 @ 364000000 Finished 288347 instructions 
Clk3 @ 365000000 Finished 289147 instructions 
Clk3 @ 366000000 Finished 289947 instructions 
Clk@ 366065782 Working on the # 290000 th memory instruction
Sampling stash size at 289999 req has local max stash size of: 192
Clk3 @ 367000000 Finished 290747 instructions 
Clk3 @ 368000000 Finished 291528 instructions 
Clk3 @ 369000000 Finished 292347 instructions 
Clk3 @ 370000000 Finished 293147 instructions 
Clk3 @ 371000000 Finished 293947 instructions 
Clk7 @ 372000000 Finished 294732 instructions 
Sampling stash size at 294999 req has local max stash size of: 199
Clk3 @ 373000000 Finished 295541 instructions 
Clk7 @ 374000000 Finished 296357 instructions 
Clk3 @ 375000000 Finished 297167 instructions 
Clk7 @ 376000000 Finished 297987 instructions 
Clk3 @ 377000000 Finished 298769 instructions 
Clk3 @ 378000000 Finished 299587 instructions 
Clk@ 378522497 Working on the # 300000 th memory instruction
Sampling stash size at 299999 req has local max stash size of: 197
Clk3 @ 379000000 Finished 300387 instructions 
Clk3 @ 380000000 Finished 301167 instructions 
Clk3 @ 381000000 Finished 301967 instructions 
Clk7 @ 382000000 Finished 302756 instructions 
Clk3 @ 383000000 Finished 303541 instructions 
Clk3 @ 384000000 Finished 304327 instructions 
Sampling stash size at 304999 req has local max stash size of: 194
Clk3 @ 385000000 Finished 305107 instructions 
Clk3 @ 386000000 Finished 305867 instructions 
Clk3 @ 387000000 Finished 306647 instructions 
Clk7 @ 388000000 Finished 307407 instructions 
Clk3 @ 389000000 Finished 308207 instructions 
Clk3 @ 390000000 Finished 308967 instructions 
Clk7 @ 391000000 Finished 309728 instructions 
Clk@ 391333088 Working on the # 310000 th memory instruction
Sampling stash size at 309999 req has local max stash size of: 206
Clk3 @ 392000000 Finished 310533 instructions 
Clk3 @ 393000000 Finished 311345 instructions 
Clk7 @ 394000000 Finished 312165 instructions 
Clk3 @ 395000000 Finished 312967 instructions 
Clk3 @ 396000000 Finished 313767 instructions 
Clk7 @ 397000000 Finished 314579 instructions 
Sampling stash size at 314999 req has local max stash size of: 194
Clk7 @ 398000000 Finished 315368 instructions 
Clk3 @ 399000000 Finished 316167 instructions 
Clk3 @ 400000000 Finished 316967 instructions 
Clk3 @ 401000000 Finished 317747 instructions 
Clk3 @ 402000000 Finished 318558 instructions 
Clk3 @ 403000000 Finished 319358 instructions 
Clk@ 403821592 Working on the # 320000 th memory instruction
Sampling stash size at 319999 req has local max stash size of: 197
Clk3 @ 404000000 Finished 320127 instructions 
Clk3 @ 405000000 Finished 320943 instructions 
Clk3 @ 406000000 Finished 321727 instructions 
Clk3 @ 407000000 Finished 322527 instructions 
Clk3 @ 408000000 Finished 323327 instructions 
Clk3 @ 409000000 Finished 324107 instructions 
Clk3 @ 410000000 Finished 324907 instructions 
Sampling stash size at 324999 req has local max stash size of: 191
Clk3 @ 411000000 Finished 325714 instructions 
Clk3 @ 412000000 Finished 326525 instructions 
Clk7 @ 413000000 Finished 327325 instructions 
Clk7 @ 414000000 Finished 328081 instructions 
Clk3 @ 415000000 Finished 328867 instructions 
Clk3 @ 416000000 Finished 329647 instructions 
Clk@ 416435114 Working on the # 330000 th memory instruction
Sampling stash size at 329999 req has local max stash size of: 202
Clk3 @ 417000000 Finished 330446 instructions 
Clk3 @ 418000000 Finished 331230 instructions 
Clk3 @ 419000000 Finished 332027 instructions 
Clk3 @ 420000000 Finished 332827 instructions 
Clk3 @ 421000000 Finished 333627 instructions 
Clk3 @ 422000000 Finished 334427 instructions 
Sampling stash size at 334999 req has local max stash size of: 195
Clk3 @ 423000000 Finished 335207 instructions 
Clk3 @ 424000000 Finished 335987 instructions 
Clk7 @ 425000000 Finished 336788 instructions 
Clk3 @ 426000000 Finished 337607 instructions 
Clk3 @ 427000000 Finished 338407 instructions 
Clk3 @ 428000000 Finished 339202 instructions 
Clk7 @ 429000000 Finished 339990 instructions 
Clk@ 429005759 Working on the # 340000 th memory instruction
Sampling stash size at 339999 req has local max stash size of: 195
Clk3 @ 430000000 Finished 340787 instructions 
Clk3 @ 431000000 Finished 341567 instructions 
Clk3 @ 432000000 Finished 342327 instructions 
Clk3 @ 433000000 Finished 343087 instructions 
Clk7 @ 434000000 Finished 343875 instructions 
Clk3 @ 435000000 Finished 344687 instructions 
Sampling stash size at 344999 req has local max stash size of: 198
Clk3 @ 436000000 Finished 345487 instructions 
Clk3 @ 437000000 Finished 346307 instructions 
Clk3 @ 438000000 Finished 347100 instructions 
Clk3 @ 439000000 Finished 347907 instructions 
Clk3 @ 440000000 Finished 348707 instructions 
Clk3 @ 441000000 Finished 349527 instructions 
Clk@ 441591091 Working on the # 350000 th memory instruction
Sampling stash size at 349999 req has local max stash size of: 204
Clk3 @ 442000000 Finished 350327 instructions 
Clk3 @ 443000000 Finished 351092 instructions 
Clk3 @ 444000000 Finished 351907 instructions 
Clk3 @ 445000000 Finished 352725 instructions 
Clk3 @ 446000000 Finished 353527 instructions 
Clk3 @ 447000000 Finished 354310 instructions 
Sampling stash size at 354999 req has local max stash size of: 197
Clk3 @ 448000000 Finished 355107 instructions 
Clk3 @ 449000000 Finished 355907 instructions 
Clk3 @ 450000000 Finished 356707 instructions 
Clk3 @ 451000000 Finished 357507 instructions 
Clk3 @ 452000000 Finished 358287 instructions 
Clk3 @ 453000000 Finished 359067 instructions 
Clk3 @ 454000000 Finished 359867 instructions 
Clk@ 454158940 Working on the # 360000 th memory instruction
Sampling stash size at 359999 req has local max stash size of: 194
Clk3 @ 455000000 Finished 360667 instructions 
Clk3 @ 456000000 Finished 361467 instructions 
Clk3 @ 457000000 Finished 362227 instructions 
Clk3 @ 458000000 Finished 363047 instructions 
Clk3 @ 459000000 Finished 363834 instructions 
Clk3 @ 460000000 Finished 364622 instructions 
Sampling stash size at 364999 req has local max stash size of: 210
Clk3 @ 461000000 Finished 365387 instructions 
Clk3 @ 462000000 Finished 366127 instructions 
Clk3 @ 463000000 Finished 366927 instructions 
Clk3 @ 464000000 Finished 367707 instructions 
Clk3 @ 465000000 Finished 368507 instructions 
Clk3 @ 466000000 Finished 369287 instructions 
Clk@ 466926040 Working on the # 370000 th memory instruction
Sampling stash size at 369999 req has local max stash size of: 195
Clk3 @ 467000000 Finished 370052 instructions 
Clk3 @ 468000000 Finished 370832 instructions 
Clk3 @ 469000000 Finished 371615 instructions 
Clk3 @ 470000000 Finished 372387 instructions 
Clk3 @ 471000000 Finished 373122 instructions 
Clk7 @ 472000000 Finished 373847 instructions 
Clk3 @ 473000000 Finished 374637 instructions 
Sampling stash size at 374999 req has local max stash size of: 199
Clk3 @ 474000000 Finished 375428 instructions 
Clk3 @ 475000000 Finished 376228 instructions 
Clk7 @ 476000000 Finished 377032 instructions 
Clk3 @ 477000000 Finished 377822 instructions 
Clk3 @ 478000000 Finished 378607 instructions 
Clk3 @ 479000000 Finished 379427 instructions 
Clk@ 479703653 Working on the # 380000 th memory instruction
Sampling stash size at 379999 req has local max stash size of: 199
Clk3 @ 480000000 Finished 380227 instructions 
Clk7 @ 481000000 Finished 381022 instructions 
Clk3 @ 482000000 Finished 381807 instructions 
Clk3 @ 483000000 Finished 382607 instructions 
Clk3 @ 484000000 Finished 383408 instructions 
Clk3 @ 485000000 Finished 384227 instructions 
Sampling stash size at 384999 req has local max stash size of: 194
Clk3 @ 486000000 Finished 385017 instructions 
Clk3 @ 487000000 Finished 385827 instructions 
Clk3 @ 488000000 Finished 386627 instructions 
Clk3 @ 489000000 Finished 387427 instructions 
Clk3 @ 490000000 Finished 388227 instructions 
Clk3 @ 491000000 Finished 389004 instructions 
Clk3 @ 492000000 Finished 389787 instructions 
Clk@ 492264592 Working on the # 390000 th memory instruction
Sampling stash size at 389999 req has local max stash size of: 206
Clk3 @ 493000000 Finished 390587 instructions 
Clk3 @ 494000000 Finished 391402 instructions 
Clk3 @ 495000000 Finished 392203 instructions 
Clk3 @ 496000000 Finished 393007 instructions 
Clk3 @ 497000000 Finished 393807 instructions 
Clk3 @ 498000000 Finished 394627 instructions 
Sampling stash size at 394999 req has local max stash size of: 199
Clk3 @ 499000000 Finished 395427 instructions 
Clk7 @ 500000000 Finished 396209 instructions 
Clk7 @ 501000000 Finished 396998 instructions 
Clk3 @ 502000000 Finished 397807 instructions 
Clk3 @ 503000000 Finished 398627 instructions 
Clk3 @ 504000000 Finished 399427 instructions 
Clk@ 504712721 Working on the # 400000 th memory instruction
Sampling stash size at 399999 req has local max stash size of: 203
Clk3 @ 505000000 Finished 400227 instructions 
Clk3 @ 506000000 Finished 401039 instructions 
Clk3 @ 507000000 Finished 401847 instructions 
Clk3 @ 508000000 Finished 402647 instructions 
Clk7 @ 509000000 Finished 403436 instructions 
Clk3 @ 510000000 Finished 404221 instructions 
Sampling stash size at 404999 req has local max stash size of: 200
Clk3 @ 511000000 Finished 405007 instructions 
Clk3 @ 512000000 Finished 405807 instructions 
Clk3 @ 513000000 Finished 406627 instructions 
Clk3 @ 514000000 Finished 407443 instructions 
Clk3 @ 515000000 Finished 408239 instructions 
Clk3 @ 516000000 Finished 409047 instructions 
Clk3 @ 517000000 Finished 409867 instructions 
Clk@ 517166767 Working on the # 410000 th memory instruction
Sampling stash size at 409999 req has local max stash size of: 199
Clk3 @ 518000000 Finished 410667 instructions 
Clk3 @ 519000000 Finished 411467 instructions 
Clk3 @ 520000000 Finished 412247 instructions 
Clk3 @ 521000000 Finished 413051 instructions 
Clk7 @ 522000000 Finished 413830 instructions 
Clk3 @ 523000000 Finished 414647 instructions 
Sampling stash size at 414999 req has local max stash size of: 195
Clk3 @ 524000000 Finished 415447 instructions 
Clk7 @ 525000000 Finished 416241 instructions 
Clk7 @ 526000000 Finished 417047 instructions 
Clk3 @ 527000000 Finished 417827 instructions 
Clk3 @ 528000000 Finished 418607 instructions 
Clk3 @ 529000000 Finished 419367 instructions 
Clk@ 529799245 Working on the # 420000 th memory instruction
Sampling stash size at 419999 req has local max stash size of: 197
Clk3 @ 530000000 Finished 420167 instructions 
Clk3 @ 531000000 Finished 420967 instructions 
Clk3 @ 532000000 Finished 421747 instructions 
Clk3 @ 533000000 Finished 422547 instructions 
Clk3 @ 534000000 Finished 423347 instructions 
Clk3 @ 535000000 Finished 424147 instructions 
Clk3 @ 536000000 Finished 424927 instructions 
Sampling stash size at 424999 req has local max stash size of: 199
Clk3 @ 537000000 Finished 425707 instructions 
Clk3 @ 538000000 Finished 426479 instructions 
Clk3 @ 539000000 Finished 427227 instructions 
Clk3 @ 540000000 Finished 428026 instructions 
Clk3 @ 541000000 Finished 428807 instructions 
Clk3 @ 542000000 Finished 429606 instructions 
Clk@ 542491148 Working on the # 430000 th memory instruction
Sampling stash size at 429999 req has local max stash size of: 194
Clk3 @ 543000000 Finished 430407 instructions 
Clk3 @ 544000000 Finished 431207 instructions 
Clk3 @ 545000000 Finished 432007 instructions 
Clk3 @ 546000000 Finished 432787 instructions 
Clk3 @ 547000000 Finished 433567 instructions 
Clk3 @ 548000000 Finished 434347 instructions 
Sampling stash size at 434999 req has local max stash size of: 196
Clk3 @ 549000000 Finished 435119 instructions 
Clk3 @ 550000000 Finished 435916 instructions 
Clk3 @ 551000000 Finished 436707 instructions 
Clk3 @ 552000000 Finished 437527 instructions 
Clk3 @ 553000000 Finished 438327 instructions 
Clk3 @ 554000000 Finished 439140 instructions 
Clk3 @ 555000000 Finished 439962 instructions 
Clk@ 555046472 Working on the # 440000 th memory instruction
Sampling stash size at 439999 req has local max stash size of: 200
Clk3 @ 556000000 Finished 440762 instructions 
Clk3 @ 557000000 Finished 441567 instructions 
Clk3 @ 558000000 Finished 442347 instructions 
Clk3 @ 559000000 Finished 443167 instructions 
Clk3 @ 560000000 Finished 443967 instructions 
Clk3 @ 561000000 Finished 444779 instructions 
Sampling stash size at 444999 req has local max stash size of: 201
Clk3 @ 562000000 Finished 445587 instructions 
Clk3 @ 563000000 Finished 446387 instructions 
Clk7 @ 564000000 Finished 447205 instructions 
Clk3 @ 565000000 Finished 447999 instructions 
Clk3 @ 566000000 Finished 448807 instructions 
Clk3 @ 567000000 Finished 449603 instructions 
Clk@ 567533051 Working on the # 450000 th memory instruction
Sampling stash size at 449999 req has local max stash size of: 200
Clk3 @ 568000000 Finished 450363 instructions 
Clk3 @ 569000000 Finished 451147 instructions 
Clk3 @ 570000000 Finished 451922 instructions 
Clk3 @ 571000000 Finished 452724 instructions 
Clk3 @ 572000000 Finished 453503 instructions 
Clk3 @ 573000000 Finished 454307 instructions 
Sampling stash size at 454999 req has local max stash size of: 197
Clk3 @ 574000000 Finished 455087 instructions 
Clk7 @ 575000000 Finished 455873 instructions 
Clk3 @ 576000000 Finished 456667 instructions 
Clk3 @ 577000000 Finished 457447 instructions 
Clk3 @ 578000000 Finished 458247 instructions 
Clk3 @ 579000000 Finished 459047 instructions 
Clk3 @ 580000000 Finished 459847 instructions 
Clk@ 580198574 Working on the # 460000 th memory instruction
Sampling stash size at 459999 req has local max stash size of: 194
Clk3 @ 581000000 Finished 460647 instructions 
Clk3 @ 582000000 Finished 461447 instructions 
Clk3 @ 583000000 Finished 462247 instructions 
Clk3 @ 584000000 Finished 463047 instructions 
Clk3 @ 585000000 Finished 463847 instructions 
Clk3 @ 586000000 Finished 464630 instructions 
Sampling stash size at 464999 req has local max stash size of: 211
Clk3 @ 587000000 Finished 465407 instructions 
Clk3 @ 588000000 Finished 466207 instructions 
Clk3 @ 589000000 Finished 466988 instructions 
Clk3 @ 590000000 Finished 467807 instructions 
Clk3 @ 591000000 Finished 468607 instructions 
Clk3 @ 592000000 Finished 469407 instructions 
Clk@ 592751563 Working on the # 470000 th memory instruction
Sampling stash size at 469999 req has local max stash size of: 196
Clk3 @ 593000000 Finished 470196 instructions 
Clk3 @ 594000000 Finished 471007 instructions 
Clk7 @ 595000000 Finished 471805 instructions 
Clk3 @ 596000000 Finished 472578 instructions 
Clk3 @ 597000000 Finished 473386 instructions 
Clk3 @ 598000000 Finished 474172 instructions 
Clk3 @ 599000000 Finished 474941 instructions 
Sampling stash size at 474999 req has local max stash size of: 204
Clk3 @ 600000000 Finished 475747 instructions 
Clk3 @ 601000000 Finished 476527 instructions 
Clk3 @ 602000000 Finished 477307 instructions 
Clk3 @ 603000000 Finished 478102 instructions 
Clk3 @ 604000000 Finished 478884 instructions 
Clk3 @ 605000000 Finished 479667 instructions 
Clk@ 605432594 Working on the # 480000 th memory instruction
Sampling stash size at 479999 req has local max stash size of: 214
Clk3 @ 606000000 Finished 480427 instructions 
Clk3 @ 607000000 Finished 481187 instructions 
Clk3 @ 608000000 Finished 481947 instructions 
Clk3 @ 609000000 Finished 482707 instructions 
Clk7 @ 610000000 Finished 483496 instructions 
Clk7 @ 611000000 Finished 484268 instructions 
Sampling stash size at 484999 req has local max stash size of: 206
Clk3 @ 612000000 Finished 485047 instructions 
Clk3 @ 613000000 Finished 485827 instructions 
Clk7 @ 614000000 Finished 486590 instructions 
Clk3 @ 615000000 Finished 487347 instructions 
Clk3 @ 616000000 Finished 488067 instructions 
Clk3 @ 617000000 Finished 488787 instructions 
Clk3 @ 618000000 Finished 489547 instructions 
Clk@ 618597867 Working on the # 490000 th memory instruction
Sampling stash size at 489999 req has local max stash size of: 208
Clk3 @ 619000000 Finished 490307 instructions 
Clk3 @ 620000000 Finished 491067 instructions 
Clk3 @ 621000000 Finished 491827 instructions 
Clk3 @ 622000000 Finished 492607 instructions 
Clk3 @ 623000000 Finished 493387 instructions 
Clk3 @ 624000000 Finished 494147 instructions 
Clk3 @ 625000000 Finished 494887 instructions 
Sampling stash size at 494999 req has local max stash size of: 202
Clk3 @ 626000000 Finished 495607 instructions 
Clk3 @ 627000000 Finished 496368 instructions 
Clk3 @ 628000000 Finished 497147 instructions 
Clk7 @ 629000000 Finished 497917 instructions 
Clk3 @ 630000000 Finished 498706 instructions 
Clk3 @ 631000000 Finished 499447 instructions 
Warm up done after line access count: 499987 out of 999974 (50 %)
Clk@ 631706410 Working on the # 500000 th memory instruction
Sampling stash size at 499999 req has local max stash size of: 208
Clk3 @ 632000000 Finished 500227 instructions 
Clk3 @ 633000000 Finished 501007 instructions 
Clk3 @ 634000000 Finished 501788 instructions 
Clk3 @ 635000000 Finished 502586 instructions 
Clk3 @ 636000000 Finished 503367 instructions 
Clk3 @ 637000000 Finished 504187 instructions 
Clk3 @ 638000000 Finished 504967 instructions 
Sampling stash size at 504999 req has local max stash size of: 208
Clk3 @ 639000000 Finished 505754 instructions 
Clk3 @ 640000000 Finished 506562 instructions 
Clk3 @ 641000000 Finished 507340 instructions 
Clk3 @ 642000000 Finished 508127 instructions 
Clk3 @ 643000000 Finished 508907 instructions 
Clk3 @ 644000000 Finished 509703 instructions 
Clk@ 644383163 Working on the # 510000 th memory instruction
Sampling stash size at 509999 req has local max stash size of: 212
Clk7 @ 645000000 Finished 510476 instructions 
Clk3 @ 646000000 Finished 511247 instructions 
Clk7 @ 647000000 Finished 512035 instructions 
Clk3 @ 648000000 Finished 512842 instructions 
Clk3 @ 649000000 Finished 513647 instructions 
Clk3 @ 650000000 Finished 514427 instructions 
Sampling stash size at 514999 req has local max stash size of: 196
Clk3 @ 651000000 Finished 515227 instructions 
Clk3 @ 652000000 Finished 516025 instructions 
Clk3 @ 653000000 Finished 516807 instructions 
Clk3 @ 654000000 Finished 517616 instructions 
Clk3 @ 655000000 Finished 518387 instructions 
Clk3 @ 656000000 Finished 519200 instructions 
Clk@ 656998003 Working on the # 520000 th memory instruction
Clk3 @ 657000000 Finished 520002 instructions 
Sampling stash size at 519999 req has local max stash size of: 196
Clk3 @ 658000000 Finished 520806 instructions 
Clk7 @ 659000000 Finished 521598 instructions 
Clk3 @ 660000000 Finished 522387 instructions 
Clk3 @ 661000000 Finished 523187 instructions 
Clk3 @ 662000000 Finished 523987 instructions 
Clk3 @ 663000000 Finished 524787 instructions 
Sampling stash size at 524999 req has local max stash size of: 212
Clk3 @ 664000000 Finished 525574 instructions 
Clk3 @ 665000000 Finished 526341 instructions 
Clk3 @ 666000000 Finished 527147 instructions 
Clk3 @ 667000000 Finished 527947 instructions 
Clk3 @ 668000000 Finished 528765 instructions 
Clk3 @ 669000000 Finished 529567 instructions 
Clk@ 669555708 Working on the # 530000 th memory instruction
Sampling stash size at 529999 req has local max stash size of: 218
Clk3 @ 670000000 Finished 530366 instructions 
Clk3 @ 671000000 Finished 531173 instructions 
Clk3 @ 672000000 Finished 531984 instructions 
Clk3 @ 673000000 Finished 532787 instructions 
Clk3 @ 674000000 Finished 533581 instructions 
Clk3 @ 675000000 Finished 534407 instructions 
Sampling stash size at 534999 req has local max stash size of: 201
Clk3 @ 676000000 Finished 535227 instructions 
Clk7 @ 677000000 Finished 536035 instructions 
Clk3 @ 678000000 Finished 536827 instructions 
Clk7 @ 679000000 Finished 537614 instructions 
Clk3 @ 680000000 Finished 538427 instructions 
Clk3 @ 681000000 Finished 539221 instructions 
Clk@ 681954746 Working on the # 540000 th memory instruction
Sampling stash size at 539999 req has local max stash size of: 200
Clk3 @ 682000000 Finished 540027 instructions 
Clk7 @ 683000000 Finished 540846 instructions 
Clk3 @ 684000000 Finished 541627 instructions 
Clk3 @ 685000000 Finished 542447 instructions 
Clk3 @ 686000000 Finished 543247 instructions 
Clk3 @ 687000000 Finished 544047 instructions 
Clk3 @ 688000000 Finished 544847 instructions 
Sampling stash size at 544999 req has local max stash size of: 198
Clk3 @ 689000000 Finished 545647 instructions 
Clk3 @ 690000000 Finished 546447 instructions 
Clk3 @ 691000000 Finished 547262 instructions 
Clk7 @ 692000000 Finished 548066 instructions 
Clk3 @ 693000000 Finished 548827 instructions 
Clk3 @ 694000000 Finished 549624 instructions 
Clk@ 694473249 Working on the # 550000 th memory instruction
Sampling stash size at 549999 req has local max stash size of: 208
Clk3 @ 695000000 Finished 550422 instructions 
Clk3 @ 696000000 Finished 551227 instructions 
Clk3 @ 697000000 Finished 552010 instructions 
Clk3 @ 698000000 Finished 552825 instructions 
Clk3 @ 699000000 Finished 553627 instructions 
Clk3 @ 700000000 Finished 554423 instructions 
Sampling stash size at 554999 req has local max stash size of: 201
Clk3 @ 701000000 Finished 555227 instructions 
Clk3 @ 702000000 Finished 556027 instructions 
Clk3 @ 703000000 Finished 556782 instructions 
Clk7 @ 704000000 Finished 557585 instructions 
Clk3 @ 705000000 Finished 558387 instructions 
Clk3 @ 706000000 Finished 559207 instructions 
Clk@ 706969612 Working on the # 560000 th memory instruction
Sampling stash size at 559999 req has local max stash size of: 203
Clk3 @ 707000000 Finished 560027 instructions 
Clk3 @ 708000000 Finished 560827 instructions 
Clk3 @ 709000000 Finished 561647 instructions 
Clk3 @ 710000000 Finished 562467 instructions 
Clk7 @ 711000000 Finished 563285 instructions 
Clk3 @ 712000000 Finished 564067 instructions 
Clk3 @ 713000000 Finished 564867 instructions 
Sampling stash size at 564999 req has local max stash size of: 196
Clk3 @ 714000000 Finished 565687 instructions 
Clk7 @ 715000000 Finished 566513 instructions 
Clk3 @ 716000000 Finished 567320 instructions 
Clk3 @ 717000000 Finished 568127 instructions 
Clk3 @ 718000000 Finished 568927 instructions 
Clk7 @ 719000000 Finished 569741 instructions 
Clk@ 719322103 Working on the # 570000 th memory instruction
Sampling stash size at 569999 req has local max stash size of: 203
Clk3 @ 720000000 Finished 570547 instructions 
Clk3 @ 721000000 Finished 571367 instructions 
Clk7 @ 722000000 Finished 572140 instructions 
Clk3 @ 723000000 Finished 572927 instructions 
Clk3 @ 724000000 Finished 573747 instructions 
Clk3 @ 725000000 Finished 574541 instructions 
Sampling stash size at 574999 req has local max stash size of: 198
Clk3 @ 726000000 Finished 575327 instructions 
Clk7 @ 727000000 Finished 576113 instructions 
Clk3 @ 728000000 Finished 576907 instructions 
Clk3 @ 729000000 Finished 577704 instructions 
Clk3 @ 730000000 Finished 578487 instructions 
Clk7 @ 731000000 Finished 579267 instructions 
Clk@ 731896580 Working on the # 580000 th memory instruction
Sampling stash size at 579999 req has local max stash size of: 203
Clk3 @ 732000000 Finished 580086 instructions 
Clk3 @ 733000000 Finished 580887 instructions 
Clk7 @ 734000000 Finished 581690 instructions 
Clk3 @ 735000000 Finished 582487 instructions 
Clk3 @ 736000000 Finished 583287 instructions 
Clk3 @ 737000000 Finished 584087 instructions 
Clk3 @ 738000000 Finished 584887 instructions 
Sampling stash size at 584999 req has local max stash size of: 201
Clk3 @ 739000000 Finished 585687 instructions 
Clk3 @ 740000000 Finished 586467 instructions 
Clk3 @ 741000000 Finished 587247 instructions 
Clk3 @ 742000000 Finished 588035 instructions 
Clk3 @ 743000000 Finished 588847 instructions 
Clk3 @ 744000000 Finished 589647 instructions 
Clk@ 744430621 Working on the # 590000 th memory instruction
Sampling stash size at 589999 req has local max stash size of: 203
Clk7 @ 745000000 Finished 590447 instructions 
Clk3 @ 746000000 Finished 591247 instructions 
Clk3 @ 747000000 Finished 592067 instructions 
Clk3 @ 748000000 Finished 592867 instructions 
Clk3 @ 749000000 Finished 593687 instructions 
Clk3 @ 750000000 Finished 594487 instructions 
Sampling stash size at 594999 req has local max stash size of: 209
Clk3 @ 751000000 Finished 595287 instructions 
Clk3 @ 752000000 Finished 596091 instructions 
Clk3 @ 753000000 Finished 596887 instructions 
Clk3 @ 754000000 Finished 597687 instructions 
Clk3 @ 755000000 Finished 598479 instructions 
Clk3 @ 756000000 Finished 599284 instructions 
Clk@ 756899392 Working on the # 600000 th memory instruction
Sampling stash size at 599999 req has local max stash size of: 204
Clk3 @ 757000000 Finished 600074 instructions 
Clk3 @ 758000000 Finished 600867 instructions 
Clk3 @ 759000000 Finished 601647 instructions 
Clk3 @ 760000000 Finished 602427 instructions 
Clk3 @ 761000000 Finished 603227 instructions 
Clk3 @ 762000000 Finished 604027 instructions 
Clk3 @ 763000000 Finished 604815 instructions 
Sampling stash size at 604999 req has local max stash size of: 208
Clk3 @ 764000000 Finished 605607 instructions 
Clk3 @ 765000000 Finished 606401 instructions 
Clk3 @ 766000000 Finished 607187 instructions 
Clk7 @ 767000000 Finished 607963 instructions 
Clk3 @ 768000000 Finished 608765 instructions 
Clk3 @ 769000000 Finished 609527 instructions 
Clk@ 769649702 Working on the # 610000 th memory instruction
Sampling stash size at 609999 req has local max stash size of: 200
Clk3 @ 770000000 Finished 610267 instructions 
Clk3 @ 771000000 Finished 611027 instructions 
Clk3 @ 772000000 Finished 611803 instructions 
Clk3 @ 773000000 Finished 612567 instructions 
Clk3 @ 774000000 Finished 613347 instructions 
Clk7 @ 775000000 Finished 614112 instructions 
Clk3 @ 776000000 Finished 614887 instructions 
Sampling stash size at 614999 req has local max stash size of: 204
Clk3 @ 777000000 Finished 615667 instructions 
Clk3 @ 778000000 Finished 616447 instructions 
Clk3 @ 779000000 Finished 617207 instructions 
Clk3 @ 780000000 Finished 617986 instructions 
Clk3 @ 781000000 Finished 618747 instructions 
Clk3 @ 782000000 Finished 619527 instructions 
Clk@ 782579651 Working on the # 620000 th memory instruction
Sampling stash size at 619999 req has local max stash size of: 202
Clk3 @ 783000000 Finished 620327 instructions 
Clk3 @ 784000000 Finished 621127 instructions 
Clk3 @ 785000000 Finished 621927 instructions 
Clk3 @ 786000000 Finished 622727 instructions 
Clk3 @ 787000000 Finished 623527 instructions 
Clk3 @ 788000000 Finished 624347 instructions 
Sampling stash size at 624999 req has local max stash size of: 199
Clk3 @ 789000000 Finished 625141 instructions 
Clk3 @ 790000000 Finished 625944 instructions 
Clk3 @ 791000000 Finished 626767 instructions 
Clk3 @ 792000000 Finished 627567 instructions 
Clk3 @ 793000000 Finished 628372 instructions 
Clk3 @ 794000000 Finished 629187 instructions 
Clk3 @ 795000000 Finished 629987 instructions 
Clk@ 795015184 Working on the # 630000 th memory instruction
Sampling stash size at 629999 req has local max stash size of: 206
Clk3 @ 796000000 Finished 630782 instructions 
Clk3 @ 797000000 Finished 631587 instructions 
Clk3 @ 798000000 Finished 632387 instructions 
Clk3 @ 799000000 Finished 633167 instructions 
Clk7 @ 800000000 Finished 633976 instructions 
Clk3 @ 801000000 Finished 634771 instructions 
Sampling stash size at 634999 req has local max stash size of: 197
Clk3 @ 802000000 Finished 635563 instructions 
Clk3 @ 803000000 Finished 636347 instructions 
Clk7 @ 804000000 Finished 637160 instructions 
Clk3 @ 805000000 Finished 637947 instructions 
Clk7 @ 806000000 Finished 638745 instructions 
Clk3 @ 807000000 Finished 639547 instructions 
Clk@ 807560165 Working on the # 640000 th memory instruction
Sampling stash size at 639999 req has local max stash size of: 212
Clk3 @ 808000000 Finished 640327 instructions 
Clk3 @ 809000000 Finished 641127 instructions 
Clk3 @ 810000000 Finished 641927 instructions 
Clk3 @ 811000000 Finished 642727 instructions 
Clk3 @ 812000000 Finished 643527 instructions 
Clk3 @ 813000000 Finished 644307 instructions 
Sampling stash size at 644999 req has local max stash size of: 196
Clk3 @ 814000000 Finished 645107 instructions 
Clk7 @ 815000000 Finished 645895 instructions 
Clk3 @ 816000000 Finished 646692 instructions 
Clk7 @ 817000000 Finished 647506 instructions 
Clk3 @ 818000000 Finished 648265 instructions 
Clk7 @ 819000000 Finished 649032 instructions 
Clk3 @ 820000000 Finished 649842 instructions 
Clk@ 820195520 Working on the # 650000 th memory instruction
Sampling stash size at 649999 req has local max stash size of: 203
Clk3 @ 821000000 Finished 650627 instructions 
Clk3 @ 822000000 Finished 651427 instructions 
Clk3 @ 823000000 Finished 652227 instructions 
Clk3 @ 824000000 Finished 653027 instructions 
Clk3 @ 825000000 Finished 653827 instructions 
Clk3 @ 826000000 Finished 654627 instructions 
Sampling stash size at 654999 req has local max stash size of: 203
Clk7 @ 827000000 Finished 655430 instructions 
Clk3 @ 828000000 Finished 656207 instructions 
Clk3 @ 829000000 Finished 657002 instructions 
Clk3 @ 830000000 Finished 657767 instructions 
Clk7 @ 831000000 Finished 658574 instructions 
Clk7 @ 832000000 Finished 659347 instructions 
Clk@ 832789309 Working on the # 660000 th memory instruction
Sampling stash size at 659999 req has local max stash size of: 210
Clk3 @ 833000000 Finished 660167 instructions 
Clk3 @ 834000000 Finished 660967 instructions 
Clk3 @ 835000000 Finished 661767 instructions 
Clk7 @ 836000000 Finished 662566 instructions 
Clk7 @ 837000000 Finished 663347 instructions 
Clk3 @ 838000000 Finished 664147 instructions 
Clk3 @ 839000000 Finished 664947 instructions 
Sampling stash size at 664999 req has local max stash size of: 205
Clk3 @ 840000000 Finished 665747 instructions 
Clk3 @ 841000000 Finished 666547 instructions 
Clk7 @ 842000000 Finished 667334 instructions 
Clk3 @ 843000000 Finished 668147 instructions 
Clk3 @ 844000000 Finished 668947 instructions 
Clk3 @ 845000000 Finished 669742 instructions 
Clk@ 845331144 Working on the # 670000 th memory instruction
Sampling stash size at 669999 req has local max stash size of: 197
Clk3 @ 846000000 Finished 670527 instructions 
Clk3 @ 847000000 Finished 671307 instructions 
Clk3 @ 848000000 Finished 672107 instructions 
Clk3 @ 849000000 Finished 672916 instructions 
Clk3 @ 850000000 Finished 673727 instructions 
Clk3 @ 851000000 Finished 674527 instructions 
Sampling stash size at 674999 req has local max stash size of: 201
Clk3 @ 852000000 Finished 675327 instructions 
Clk3 @ 853000000 Finished 676127 instructions 
Clk3 @ 854000000 Finished 676927 instructions 
Clk3 @ 855000000 Finished 677734 instructions 
Clk3 @ 856000000 Finished 678527 instructions 
Clk3 @ 857000000 Finished 679327 instructions 
Clk@ 857839067 Working on the # 680000 th memory instruction
Sampling stash size at 679999 req has local max stash size of: 202
Clk3 @ 858000000 Finished 680127 instructions 
Clk3 @ 859000000 Finished 680944 instructions 
Clk3 @ 860000000 Finished 681727 instructions 
Clk3 @ 861000000 Finished 682519 instructions 
Clk7 @ 862000000 Finished 683315 instructions 
Clk7 @ 863000000 Finished 684103 instructions 
Clk7 @ 864000000 Finished 684861 instructions 
Sampling stash size at 684999 req has local max stash size of: 209
Clk3 @ 865000000 Finished 685625 instructions 
Clk3 @ 866000000 Finished 686367 instructions 
Clk3 @ 867000000 Finished 687167 instructions 
Clk7 @ 868000000 Finished 687987 instructions 
Clk3 @ 869000000 Finished 688807 instructions 
Clk3 @ 870000000 Finished 689607 instructions 
Clk@ 870477586 Working on the # 690000 th memory instruction
Sampling stash size at 689999 req has local max stash size of: 219
Clk7 @ 871000000 Finished 690427 instructions 
Clk3 @ 872000000 Finished 691247 instructions 
Clk3 @ 873000000 Finished 692047 instructions 
Clk3 @ 874000000 Finished 692864 instructions 
Clk7 @ 875000000 Finished 693663 instructions 
Clk7 @ 876000000 Finished 694467 instructions 
Sampling stash size at 694999 req has local max stash size of: 209
Clk3 @ 877000000 Finished 695267 instructions 
Clk3 @ 878000000 Finished 696087 instructions 
Clk3 @ 879000000 Finished 696903 instructions 
Clk3 @ 880000000 Finished 697707 instructions 
Clk7 @ 881000000 Finished 698502 instructions 
Clk3 @ 882000000 Finished 699307 instructions 
Clk@ 882845646 Working on the # 700000 th memory instruction
Sampling stash size at 699999 req has local max stash size of: 206
Clk3 @ 883000000 Finished 700119 instructions 
Clk3 @ 884000000 Finished 700907 instructions 
Clk3 @ 885000000 Finished 701687 instructions 
Clk3 @ 886000000 Finished 702487 instructions 
Clk3 @ 887000000 Finished 703287 instructions 
Clk3 @ 888000000 Finished 704107 instructions 
Clk3 @ 889000000 Finished 704907 instructions 
Sampling stash size at 704999 req has local max stash size of: 204
Clk3 @ 890000000 Finished 705707 instructions 
Clk7 @ 891000000 Finished 706521 instructions 
Clk3 @ 892000000 Finished 707327 instructions 
Clk7 @ 893000000 Finished 708119 instructions 
Clk3 @ 894000000 Finished 708907 instructions 
Clk3 @ 895000000 Finished 709703 instructions 
Clk@ 895371745 Working on the # 710000 th memory instruction
Sampling stash size at 709999 req has local max stash size of: 202
Clk3 @ 896000000 Finished 710501 instructions 
Clk3 @ 897000000 Finished 711307 instructions 
Clk3 @ 898000000 Finished 712105 instructions 
Clk3 @ 899000000 Finished 712905 instructions 
Clk3 @ 900000000 Finished 713707 instructions 
Clk3 @ 901000000 Finished 714507 instructions 
Sampling stash size at 714999 req has local max stash size of: 201
Clk3 @ 902000000 Finished 715307 instructions 
Clk3 @ 903000000 Finished 716107 instructions 
Clk3 @ 904000000 Finished 716864 instructions 
Clk3 @ 905000000 Finished 717647 instructions 
Clk7 @ 906000000 Finished 718459 instructions 
Clk3 @ 907000000 Finished 719247 instructions 
Clk@ 907929885 Working on the # 720000 th memory instruction
Sampling stash size at 719999 req has local max stash size of: 207
Clk3 @ 908000000 Finished 720047 instructions 
Clk7 @ 909000000 Finished 720848 instructions 
Clk3 @ 910000000 Finished 721647 instructions 
Clk3 @ 911000000 Finished 722447 instructions 
Clk3 @ 912000000 Finished 723227 instructions 
Clk3 @ 913000000 Finished 724007 instructions 
Clk3 @ 914000000 Finished 724787 instructions 
Sampling stash size at 724999 req has local max stash size of: 210
Clk7 @ 915000000 Finished 725592 instructions 
Clk3 @ 916000000 Finished 726387 instructions 
Clk3 @ 917000000 Finished 727167 instructions 
Clk3 @ 918000000 Finished 727947 instructions 
Clk7 @ 919000000 Finished 728720 instructions 
Clk3 @ 920000000 Finished 729487 instructions 
Clk@ 920666266 Working on the # 730000 th memory instruction
Sampling stash size at 729999 req has local max stash size of: 204
Clk3 @ 921000000 Finished 730254 instructions 
Clk3 @ 922000000 Finished 731007 instructions 
Clk3 @ 923000000 Finished 731747 instructions 
Clk3 @ 924000000 Finished 732507 instructions 
Clk3 @ 925000000 Finished 733287 instructions 
Clk3 @ 926000000 Finished 734089 instructions 
Clk3 @ 927000000 Finished 734887 instructions 
Sampling stash size at 734999 req has local max stash size of: 207
Clk3 @ 928000000 Finished 735667 instructions 
Clk7 @ 929000000 Finished 736448 instructions 
Clk3 @ 930000000 Finished 737227 instructions 
Clk3 @ 931000000 Finished 738007 instructions 
Clk3 @ 932000000 Finished 738787 instructions 
Clk3 @ 933000000 Finished 739567 instructions 
Clk@ 933555363 Working on the # 740000 th memory instruction
Sampling stash size at 739999 req has local max stash size of: 205
Clk7 @ 934000000 Finished 740348 instructions 
Clk7 @ 935000000 Finished 741119 instructions 
Clk3 @ 936000000 Finished 741907 instructions 
Clk3 @ 937000000 Finished 742667 instructions 
Clk3 @ 938000000 Finished 743427 instructions 
Clk7 @ 939000000 Finished 744198 instructions 
Clk3 @ 940000000 Finished 744947 instructions 
Sampling stash size at 744999 req has local max stash size of: 210
Clk3 @ 941000000 Finished 745727 instructions 
Clk7 @ 942000000 Finished 746465 instructions 
Clk3 @ 943000000 Finished 747183 instructions 
Clk3 @ 944000000 Finished 747963 instructions 
Clk3 @ 945000000 Finished 748747 instructions 
Clk3 @ 946000000 Finished 749547 instructions 
Clk@ 946554714 Working on the # 750000 th memory instruction
Sampling stash size at 749999 req has local max stash size of: 211
Clk3 @ 947000000 Finished 750347 instructions 
Clk7 @ 948000000 Finished 751156 instructions 
Clk3 @ 949000000 Finished 751947 instructions 
Clk3 @ 950000000 Finished 752747 instructions 
Clk3 @ 951000000 Finished 753547 instructions 
Clk3 @ 952000000 Finished 754347 instructions 
Sampling stash size at 754999 req has local max stash size of: 203
Clk3 @ 953000000 Finished 755127 instructions 
Clk3 @ 954000000 Finished 755927 instructions 
Clk3 @ 955000000 Finished 756707 instructions 
Clk7 @ 956000000 Finished 757491 instructions 
Clk3 @ 957000000 Finished 758303 instructions 
Clk3 @ 958000000 Finished 759118 instructions 
Clk3 @ 959000000 Finished 759942 instructions 
Clk@ 959068665 Working on the # 760000 th memory instruction
Sampling stash size at 759999 req has local max stash size of: 210
Clk7 @ 960000000 Finished 760723 instructions 
Clk3 @ 961000000 Finished 761524 instructions 
Clk3 @ 962000000 Finished 762287 instructions 
Clk3 @ 963000000 Finished 763107 instructions 
Clk3 @ 964000000 Finished 763907 instructions 
Clk3 @ 965000000 Finished 764703 instructions 
Sampling stash size at 764999 req has local max stash size of: 201
Clk3 @ 966000000 Finished 765527 instructions 
Clk3 @ 967000000 Finished 766347 instructions 
Clk3 @ 968000000 Finished 767163 instructions 
Clk3 @ 969000000 Finished 767947 instructions 
Clk3 @ 970000000 Finished 768747 instructions 
Clk3 @ 971000000 Finished 769547 instructions 
Clk@ 971567033 Working on the # 770000 th memory instruction
Sampling stash size at 769999 req has local max stash size of: 203
Clk3 @ 972000000 Finished 770347 instructions 
Clk3 @ 973000000 Finished 771155 instructions 
Clk3 @ 974000000 Finished 771947 instructions 
Clk3 @ 975000000 Finished 772747 instructions 
Clk3 @ 976000000 Finished 773547 instructions 
Clk3 @ 977000000 Finished 774347 instructions 
Sampling stash size at 774999 req has local max stash size of: 209
Clk3 @ 978000000 Finished 775147 instructions 
Clk3 @ 979000000 Finished 775947 instructions 
Clk7 @ 980000000 Finished 776741 instructions 
Clk3 @ 981000000 Finished 777507 instructions 
Clk3 @ 982000000 Finished 778307 instructions 
Clk7 @ 983000000 Finished 779102 instructions 
Clk3 @ 984000000 Finished 779878 instructions 
Clk@ 984147483 Working on the # 780000 th memory instruction
Sampling stash size at 779999 req has local max stash size of: 216
Clk3 @ 985000000 Finished 780687 instructions 
Clk3 @ 986000000 Finished 781487 instructions 
Clk3 @ 987000000 Finished 782287 instructions 
Clk7 @ 988000000 Finished 783088 instructions 
Clk3 @ 989000000 Finished 783907 instructions 
Clk3 @ 990000000 Finished 784687 instructions 
Sampling stash size at 784999 req has local max stash size of: 207
Clk3 @ 991000000 Finished 785487 instructions 
Clk3 @ 992000000 Finished 786290 instructions 
Clk3 @ 993000000 Finished 787107 instructions 
Clk3 @ 994000000 Finished 787907 instructions 
Clk3 @ 995000000 Finished 788727 instructions 
Clk3 @ 996000000 Finished 789543 instructions 
Clk@ 996579944 Working on the # 790000 th memory instruction
Sampling stash size at 789999 req has local max stash size of: 218
Clk7 @ 997000000 Finished 790347 instructions 
Clk3 @ 998000000 Finished 791127 instructions 
Clk7 @ 999000000 Finished 791923 instructions 
Clk3 @ 1000000000 Finished 792687 instructions 
Clk7 @ 1001000000 Finished 793477 instructions 
Clk3 @ 1002000000 Finished 794287 instructions 
Sampling stash size at 794999 req has local max stash size of: 201
Clk3 @ 1003000000 Finished 795087 instructions 
Clk3 @ 1004000000 Finished 795907 instructions 
Clk3 @ 1005000000 Finished 796727 instructions 
Clk3 @ 1006000000 Finished 797527 instructions 
Clk3 @ 1007000000 Finished 798331 instructions 
Clk3 @ 1008000000 Finished 799147 instructions 
Clk3 @ 1009000000 Finished 799967 instructions 
Clk@ 1009040332 Working on the # 800000 th memory instruction
Sampling stash size at 799999 req has local max stash size of: 208
Clk3 @ 1010000000 Finished 800767 instructions 
Clk3 @ 1011000000 Finished 801567 instructions 
Clk3 @ 1012000000 Finished 802376 instructions 
Clk3 @ 1013000000 Finished 803187 instructions 
Clk3 @ 1014000000 Finished 803987 instructions 
Clk3 @ 1015000000 Finished 804787 instructions 
Sampling stash size at 804999 req has local max stash size of: 204
Clk3 @ 1016000000 Finished 805587 instructions 
Clk3 @ 1017000000 Finished 806361 instructions 
Clk7 @ 1018000000 Finished 807139 instructions 
Clk7 @ 1019000000 Finished 807910 instructions 
Clk3 @ 1020000000 Finished 808667 instructions 
Clk3 @ 1021000000 Finished 809467 instructions 
Clk@ 1021663973 Working on the # 810000 th memory instruction
Sampling stash size at 809999 req has local max stash size of: 214
Clk3 @ 1022000000 Finished 810267 instructions 
Clk3 @ 1023000000 Finished 811087 instructions 
Clk3 @ 1024000000 Finished 811908 instructions 
Clk3 @ 1025000000 Finished 812727 instructions 
Clk3 @ 1026000000 Finished 813527 instructions 
Clk7 @ 1027000000 Finished 814329 instructions 
Sampling stash size at 814999 req has local max stash size of: 209
Clk3 @ 1028000000 Finished 815147 instructions 
Clk3 @ 1029000000 Finished 815941 instructions 
Clk3 @ 1030000000 Finished 816735 instructions 
Clk3 @ 1031000000 Finished 817547 instructions 
Clk3 @ 1032000000 Finished 818352 instructions 
Clk3 @ 1033000000 Finished 819177 instructions 
Clk3 @ 1034000000 Finished 819967 instructions 
Clk@ 1034044536 Working on the # 820000 th memory instruction
Sampling stash size at 819999 req has local max stash size of: 199
Clk3 @ 1035000000 Finished 820767 instructions 
Clk3 @ 1036000000 Finished 821564 instructions 
Clk3 @ 1037000000 Finished 822347 instructions 
Clk3 @ 1038000000 Finished 823121 instructions 
Clk3 @ 1039000000 Finished 823927 instructions 
Clk7 @ 1040000000 Finished 824744 instructions 
Sampling stash size at 824999 req has local max stash size of: 203
Clk3 @ 1041000000 Finished 825547 instructions 
Clk3 @ 1042000000 Finished 826346 instructions 
Clk3 @ 1043000000 Finished 827121 instructions 
Clk3 @ 1044000000 Finished 827936 instructions 
Clk7 @ 1045000000 Finished 828747 instructions 
Clk3 @ 1046000000 Finished 829567 instructions 
Clk@ 1046534832 Working on the # 830000 th memory instruction
Sampling stash size at 829999 req has local max stash size of: 209
Clk3 @ 1047000000 Finished 830367 instructions 
Clk3 @ 1048000000 Finished 831167 instructions 
Clk3 @ 1049000000 Finished 831987 instructions 
Clk3 @ 1050000000 Finished 832787 instructions 
Clk3 @ 1051000000 Finished 833587 instructions 
Clk3 @ 1052000000 Finished 834404 instructions 
Sampling stash size at 834999 req has local max stash size of: 206
Clk3 @ 1053000000 Finished 835171 instructions 
Clk3 @ 1054000000 Finished 835967 instructions 
Clk7 @ 1055000000 Finished 836747 instructions 
Clk3 @ 1056000000 Finished 837544 instructions 
Clk3 @ 1057000000 Finished 838287 instructions 
Clk3 @ 1058000000 Finished 839047 instructions 
Clk7 @ 1059000000 Finished 839828 instructions 
Clk@ 1059200466 Working on the # 840000 th memory instruction
Sampling stash size at 839999 req has local max stash size of: 208
Clk3 @ 1060000000 Finished 840637 instructions 
Clk3 @ 1061000000 Finished 841441 instructions 
Clk3 @ 1062000000 Finished 842207 instructions 
Clk3 @ 1063000000 Finished 843007 instructions 
Clk3 @ 1064000000 Finished 843793 instructions 
Clk3 @ 1065000000 Finished 844594 instructions 
Sampling stash size at 844999 req has local max stash size of: 210
Clk3 @ 1066000000 Finished 845392 instructions 
Clk3 @ 1067000000 Finished 846178 instructions 
Clk3 @ 1068000000 Finished 846987 instructions 
Clk3 @ 1069000000 Finished 847778 instructions 
Clk3 @ 1070000000 Finished 848567 instructions 
Clk3 @ 1071000000 Finished 849367 instructions 
Clk@ 1071830329 Working on the # 850000 th memory instruction
Sampling stash size at 849999 req has local max stash size of: 208
Clk3 @ 1072000000 Finished 850127 instructions 
Clk3 @ 1073000000 Finished 850922 instructions 
Clk3 @ 1074000000 Finished 851692 instructions 
Clk3 @ 1075000000 Finished 852467 instructions 
Clk3 @ 1076000000 Finished 853247 instructions 
Clk3 @ 1077000000 Finished 853987 instructions 
Clk3 @ 1078000000 Finished 854787 instructions 
Sampling stash size at 854999 req has local max stash size of: 203
Clk3 @ 1079000000 Finished 855583 instructions 
Clk3 @ 1080000000 Finished 856367 instructions 
Clk3 @ 1081000000 Finished 857167 instructions 
Clk3 @ 1082000000 Finished 857947 instructions 
Clk3 @ 1083000000 Finished 858761 instructions 
Clk3 @ 1084000000 Finished 859550 instructions 
Clk@ 1084546245 Working on the # 860000 th memory instruction
Sampling stash size at 859999 req has local max stash size of: 209
Clk3 @ 1085000000 Finished 860365 instructions 
Clk3 @ 1086000000 Finished 861147 instructions 
Clk3 @ 1087000000 Finished 861947 instructions 
Clk7 @ 1088000000 Finished 862747 instructions 
Clk3 @ 1089000000 Finished 863556 instructions 
Clk3 @ 1090000000 Finished 864347 instructions 
Sampling stash size at 864999 req has local max stash size of: 206
Clk7 @ 1091000000 Finished 865134 instructions 
Clk3 @ 1092000000 Finished 865907 instructions 
Clk3 @ 1093000000 Finished 866702 instructions 
Clk3 @ 1094000000 Finished 867487 instructions 
Clk3 @ 1095000000 Finished 868267 instructions 
Clk3 @ 1096000000 Finished 869007 instructions 
Clk3 @ 1097000000 Finished 869787 instructions 
Clk@ 1097264159 Working on the # 870000 th memory instruction
Sampling stash size at 869999 req has local max stash size of: 218
Clk3 @ 1098000000 Finished 870587 instructions 
Clk7 @ 1099000000 Finished 871403 instructions 
Clk3 @ 1100000000 Finished 872207 instructions 
Clk7 @ 1101000000 Finished 872998 instructions 
Clk3 @ 1102000000 Finished 873802 instructions 
Clk3 @ 1103000000 Finished 874623 instructions 
Sampling stash size at 874999 req has local max stash size of: 209
Clk3 @ 1104000000 Finished 875447 instructions 
Clk3 @ 1105000000 Finished 876247 instructions 
Clk3 @ 1106000000 Finished 877058 instructions 
Clk3 @ 1107000000 Finished 877884 instructions 
Clk3 @ 1108000000 Finished 878704 instructions 
Clk3 @ 1109000000 Finished 879507 instructions 
Clk@ 1109608041 Working on the # 880000 th memory instruction
Sampling stash size at 879999 req has local max stash size of: 202
Clk3 @ 1110000000 Finished 880307 instructions 
Clk3 @ 1111000000 Finished 881107 instructions 
Clk3 @ 1112000000 Finished 881907 instructions 
Clk3 @ 1113000000 Finished 882707 instructions 
Clk7 @ 1114000000 Finished 883507 instructions 
Clk3 @ 1115000000 Finished 884267 instructions 
Sampling stash size at 884999 req has local max stash size of: 216
Clk3 @ 1116000000 Finished 885067 instructions 
Clk3 @ 1117000000 Finished 885867 instructions 
Clk3 @ 1118000000 Finished 886687 instructions 
Clk3 @ 1119000000 Finished 887487 instructions 
Clk3 @ 1120000000 Finished 888287 instructions 
Clk3 @ 1121000000 Finished 889087 instructions 
Clk3 @ 1122000000 Finished 889907 instructions 
Clk@ 1122097447 Working on the # 890000 th memory instruction
Sampling stash size at 889999 req has local max stash size of: 209
Clk3 @ 1123000000 Finished 890731 instructions 
Clk3 @ 1124000000 Finished 891531 instructions 
Clk3 @ 1125000000 Finished 892327 instructions 
Clk3 @ 1126000000 Finished 893140 instructions 
Clk3 @ 1127000000 Finished 893947 instructions 
Clk7 @ 1128000000 Finished 894746 instructions 
Sampling stash size at 894999 req has local max stash size of: 213
Clk7 @ 1129000000 Finished 895538 instructions 
Clk3 @ 1130000000 Finished 896339 instructions 
Clk3 @ 1131000000 Finished 897138 instructions 
Clk3 @ 1132000000 Finished 897947 instructions 
Clk3 @ 1133000000 Finished 898727 instructions 
Clk7 @ 1134000000 Finished 899488 instructions 
Clk@ 1134648819 Working on the # 900000 th memory instruction
Sampling stash size at 899999 req has local max stash size of: 202
Clk7 @ 1135000000 Finished 900287 instructions 
Clk3 @ 1136000000 Finished 901081 instructions 
Clk3 @ 1137000000 Finished 901867 instructions 
Clk7 @ 1138000000 Finished 902635 instructions 
Clk3 @ 1139000000 Finished 903407 instructions 
Clk3 @ 1140000000 Finished 904207 instructions 
Clk3 @ 1141000000 Finished 904987 instructions 
Sampling stash size at 904999 req has local max stash size of: 207
Clk3 @ 1142000000 Finished 905783 instructions 
Clk3 @ 1143000000 Finished 906587 instructions 
Clk7 @ 1144000000 Finished 907350 instructions 
Clk3 @ 1145000000 Finished 908162 instructions 
Clk3 @ 1146000000 Finished 908947 instructions 
Clk3 @ 1147000000 Finished 909735 instructions 
Clk@ 1147330082 Working on the # 910000 th memory instruction
Sampling stash size at 909999 req has local max stash size of: 208
Clk3 @ 1148000000 Finished 910527 instructions 
Clk3 @ 1149000000 Finished 911303 instructions 
Clk3 @ 1150000000 Finished 912107 instructions 
Clk3 @ 1151000000 Finished 912887 instructions 
Clk3 @ 1152000000 Finished 913678 instructions 
Clk3 @ 1153000000 Finished 914447 instructions 
Sampling stash size at 914999 req has local max stash size of: 205
Clk3 @ 1154000000 Finished 915244 instructions 
Clk3 @ 1155000000 Finished 916027 instructions 
Clk3 @ 1156000000 Finished 916826 instructions 
Clk3 @ 1157000000 Finished 917627 instructions 
Clk3 @ 1158000000 Finished 918408 instructions 
Clk3 @ 1159000000 Finished 919227 instructions 
Clk@ 1159953031 Working on the # 920000 th memory instruction
Sampling stash size at 919999 req has local max stash size of: 211
Clk3 @ 1161000000 Finished 920847 instructions 
Clk3 @ 1162000000 Finished 921647 instructions 
Clk3 @ 1163000000 Finished 922460 instructions 
Clk3 @ 1164000000 Finished 923267 instructions 
Clk3 @ 1165000000 Finished 924047 instructions 
Clk3 @ 1166000000 Finished 924847 instructions 
Sampling stash size at 924999 req has local max stash size of: 208
Clk3 @ 1167000000 Finished 925627 instructions 
Clk7 @ 1168000000 Finished 926419 instructions 
Clk7 @ 1169000000 Finished 927217 instructions 
Clk3 @ 1170000000 Finished 927994 instructions 
Clk3 @ 1171000000 Finished 928787 instructions 
Clk3 @ 1172000000 Finished 929567 instructions 
Clk@ 1172572752 Working on the # 930000 th memory instruction
Sampling stash size at 929999 req has local max stash size of: 213
Clk3 @ 1173000000 Finished 930327 instructions 
Clk3 @ 1174000000 Finished 931107 instructions 
Clk3 @ 1175000000 Finished 931887 instructions 
Clk3 @ 1176000000 Finished 932687 instructions 
Clk3 @ 1177000000 Finished 933470 instructions 
Clk3 @ 1178000000 Finished 934267 instructions 
Sampling stash size at 934999 req has local max stash size of: 207
Clk3 @ 1179000000 Finished 935067 instructions 
Clk3 @ 1180000000 Finished 935860 instructions 
Clk3 @ 1181000000 Finished 936687 instructions 
Clk3 @ 1182000000 Finished 937482 instructions 
Clk3 @ 1183000000 Finished 938287 instructions 
Clk3 @ 1184000000 Finished 939093 instructions 
Clk3 @ 1185000000 Finished 939902 instructions 
Clk@ 1185122316 Working on the # 940000 th memory instruction
Sampling stash size at 939999 req has local max stash size of: 208
Clk3 @ 1186000000 Finished 940707 instructions 
Clk3 @ 1187000000 Finished 941487 instructions 
Clk3 @ 1188000000 Finished 942287 instructions 
Clk3 @ 1189000000 Finished 943068 instructions 
Clk3 @ 1190000000 Finished 943867 instructions 
Clk7 @ 1191000000 Finished 944656 instructions 
Sampling stash size at 944999 req has local max stash size of: 211
Clk3 @ 1192000000 Finished 945427 instructions 
Clk3 @ 1193000000 Finished 946224 instructions 
Clk3 @ 1194000000 Finished 947007 instructions 
Clk3 @ 1195000000 Finished 947787 instructions 
Clk3 @ 1196000000 Finished 948567 instructions 
Clk7 @ 1197000000 Finished 949346 instructions 
Clk@ 1197841112 Working on the # 950000 th memory instruction
Sampling stash size at 949999 req has local max stash size of: 198
Clk7 @ 1198000000 Finished 950124 instructions 
Clk3 @ 1199000000 Finished 950907 instructions 
Clk3 @ 1200000000 Finished 951687 instructions 
Clk3 @ 1201000000 Finished 952487 instructions 
Clk3 @ 1202000000 Finished 953267 instructions 
Clk3 @ 1203000000 Finished 954057 instructions 
Clk7 @ 1204000000 Finished 954832 instructions 
Sampling stash size at 954999 req has local max stash size of: 204
Clk3 @ 1205000000 Finished 955625 instructions 
Clk3 @ 1206000000 Finished 956383 instructions 
Clk3 @ 1207000000 Finished 957167 instructions 
Clk3 @ 1208000000 Finished 957947 instructions 
Clk3 @ 1209000000 Finished 958707 instructions 
Clk3 @ 1210000000 Finished 959507 instructions 
Clk@ 1210612594 Working on the # 960000 th memory instruction
Sampling stash size at 959999 req has local max stash size of: 209
Clk3 @ 1211000000 Finished 960281 instructions 
Clk3 @ 1212000000 Finished 961046 instructions 
Clk3 @ 1213000000 Finished 961807 instructions 
Clk7 @ 1214000000 Finished 962577 instructions 
Clk7 @ 1215000000 Finished 963347 instructions 
Clk3 @ 1216000000 Finished 964107 instructions 
Clk3 @ 1217000000 Finished 964867 instructions 
Sampling stash size at 964999 req has local max stash size of: 215
Clk7 @ 1218000000 Finished 965640 instructions 
Clk3 @ 1219000000 Finished 966394 instructions 
Clk3 @ 1220000000 Finished 967187 instructions 
Clk7 @ 1221000000 Finished 967959 instructions 
Clk3 @ 1222000000 Finished 968727 instructions 
Clk3 @ 1223000000 Finished 969489 instructions 
Clk@ 1223643858 Working on the # 970000 th memory instruction
Sampling stash size at 969999 req has local max stash size of: 210
Clk3 @ 1224000000 Finished 970274 instructions 
Clk3 @ 1225000000 Finished 971047 instructions 
Clk3 @ 1226000000 Finished 971827 instructions 
Clk3 @ 1227000000 Finished 972602 instructions 
Clk3 @ 1228000000 Finished 973347 instructions 
Clk3 @ 1229000000 Finished 974087 instructions 
Clk3 @ 1230000000 Finished 974828 instructions 
Sampling stash size at 974999 req has local max stash size of: 205
Clk3 @ 1231000000 Finished 975547 instructions 
Clk3 @ 1232000000 Finished 976267 instructions 
Clk3 @ 1233000000 Finished 976978 instructions 
Clk3 @ 1234000000 Finished 977707 instructions 
Clk3 @ 1235000000 Finished 978447 instructions 
Clk3 @ 1236000000 Finished 979207 instructions 
Clk3 @ 1237000000 Finished 979967 instructions 
Clk@ 1237035001 Working on the # 980000 th memory instruction
Sampling stash size at 979999 req has local max stash size of: 206
Clk3 @ 1238000000 Finished 980727 instructions 
Clk3 @ 1239000000 Finished 981487 instructions 
Clk3 @ 1240000000 Finished 982235 instructions 
Clk3 @ 1241000000 Finished 983007 instructions 
Clk3 @ 1242000000 Finished 983767 instructions 
Clk3 @ 1243000000 Finished 984537 instructions 
Sampling stash size at 984999 req has local max stash size of: 218
Clk3 @ 1244000000 Finished 985304 instructions 
Clk3 @ 1245000000 Finished 986074 instructions 
Clk7 @ 1246000000 Finished 986833 instructions 
Clk3 @ 1247000000 Finished 987607 instructions 
Clk7 @ 1248000000 Finished 988390 instructions 
Clk3 @ 1249000000 Finished 989161 instructions 
Clk3 @ 1250000000 Finished 989907 instructions 
Clk@ 1250110943 Working on the # 990000 th memory instruction
Sampling stash size at 989999 req has local max stash size of: 209
Clk7 @ 1251000000 Finished 990635 instructions 
Clk3 @ 1252000000 Finished 991387 instructions 
Clk3 @ 1253000000 Finished 992167 instructions 
Clk7 @ 1254000000 Finished 992928 instructions 
Clk7 @ 1255000000 Finished 993726 instructions 
Clk3 @ 1256000000 Finished 994507 instructions 
Sampling stash size at 994999 req has local max stash size of: 205
Clk7 @ 1257000000 Finished 995307 instructions 
Clk3 @ 1258000000 Finished 996087 instructions 
Clk3 @ 1259000000 Finished 996887 instructions 
Clk3 @ 1260000000 Finished 997667 instructions 
Clk7 @ 1261000000 Finished 998436 instructions 
Clk3 @ 1262000000 Finished 999227 instructions 

===*** Data ***====
Stall reason distribution: 
mc_hazard: 0
normal: 0
rs_hazard: 0
rw_swtich: 0
Early reshuffle distribution: 
0: 0
1: 0
2: 0
3: 1600
4: 3558
5: 3732
6: 3854
7: 3931
8: 3848
9: 3891
10: 3804
11: 3678
12: 3584
13: 3340
14: 2838
15: 1755
16: 83
17: 0
18: 0
19: 0
20: 0
21: 0
=================
Max stash size is: 219
Average stash size is: 97.0926
Average mem q size is: 148.029
Total mem q size is:166822480
mem_q_sample_times is:1126959
useful_read_pull_ddr: 497981 (1.29358) %
dummy_read_pull_ddr: 8751860 (22.7342) %
useful_early_pull_ddr: 359036 (0.932647) %
useful_early_push_ddr: 199509 (0.518253) %
useful_write_pull_ddr: 7221923 (18.76) %
useful_write_push_ddr: 3575921 (9.28896) %
dummy_early_pull_ddr: 44068 (0.114473) %
dummy_early_push_ddr: 820107 (2.13034) %
dummy_write_pull_ddr: 177789 (0.461832) %
dummy_write_push_ddr: 16848262 (43.7657) %
=================
Stash violation number of times: 0
=================
Check NodeID traffic: 4757585
Update NodeID traffic: 6
=================
Read RS lines: 999974 (84.2465) %
Write RS lines: 99996 (8.42453) %
Early RS lines: 86992 (7.32896) %
Read DDR lines: 18499604 (24.4438) %
Write DDR lines: 54572817 (72.1079) %
Early DDR lines: 2609760 (3.44832) %

====*** pos1 ***====
Stall reason distribution: 
mc_hazard: 0
normal: 0
rs_hazard: 0
rw_swtich: 0
Early reshuffle distribution: 
0: 0
1: 976
2: 2513
3: 3202
4: 3606
5: 3690
6: 3804
7: 3761
8: 3895
9: 3913
10: 3791
11: 3842
12: 3609
13: 3296
14: 2793
15: 1763
16: 86
17: 0
18: 0
=================
Max stash size is: 199
Average stash size is: 80.5222
Average mem q size is: 95.7572
Total mem q size is:7366215
mem_q_sample_times is:76926
useful_read_pull_ddr: 984671 (1.49417) %
dummy_read_pull_ddr: 15014913 (22.7841) %
useful_early_pull_ddr: 645637 (0.979711) %
useful_early_push_ddr: 298123 (0.452382) %
useful_write_pull_ddr: 12146714 (18.4318) %
useful_write_push_ddr: 5618819 (8.52618) %
dummy_early_pull_ddr: 120230 (0.182441) %
dummy_early_push_ddr: 1639070 (2.48718) %
dummy_write_pull_ddr: 652774 (0.990541) %
dummy_write_push_ddr: 28779805 (43.6714) %
=================
Stash violation number of times: 0
=================
Check NodeID traffic: 5750177
Update NodeID traffic: 0
=================
Read RS lines: 999974 (83.5365) %
Write RS lines: 99996 (8.35354) %
Early RS lines: 97080 (8.10994) %
Read DDR lines: 15999584 (24.2783) %
Write DDR lines: 47198112 (71.62) %
Early DDR lines: 2703060 (4.10171) %

====*** pos2 ***====
Stall reason distribution: 
mc_hazard: 0
normal: 0
rs_hazard: 0
rw_swtich: 0
Early reshuffle distribution: 
0: 0
1: 1035
2: 2500
3: 3164
4: 3587
5: 3697
6: 3786
7: 3832
8: 3917
9: 3884
10: 3887
11: 3841
12: 3673
13: 3460
14: 2922
15: 1812
=================
Max stash size is: 156
Average stash size is: 65.3521
Average mem q size is: 88.9133
Total mem q size is:5250955
mem_q_sample_times is:59057
useful_read_pull_ddr: 954870 (1.7658) %
dummy_read_pull_ddr: 12044792 (22.2739) %
useful_early_pull_ddr: 631522 (1.16784) %
useful_early_push_ddr: 224832 (0.415772) %
useful_write_pull_ddr: 9584467 (17.7241) %
useful_write_push_ddr: 4256143 (7.87069) %
dummy_early_pull_ddr: 141332 (0.261359) %
dummy_early_push_ddr: 1730034 (3.19927) %
dummy_write_pull_ddr: 815117 (1.50736) %
dummy_write_push_ddr: 23692739 (43.8139) %
=================
Stash violation number of times: 0
=================
Check NodeID traffic: 1558481
Update NodeID traffic: 0
=================
Read RS lines: 999974 (83.4728) %
Write RS lines: 99996 (8.34716) %
Early RS lines: 97994 (8.18005) %
Read DDR lines: 12999662 (24.0397) %
Write DDR lines: 38348466 (70.9161) %
Early DDR lines: 2727720 (5.04425) %
=================
The final DRAM clk is: 1262942651 ticks.
Idle waiting clk is 155752707, which is 12.3325 %
DRAM Frequency is: 1600MHz
The final time in ns is: 7.89339e+08 ns.
Time distribution: 
Data pull time is: 0
data: 0
pos1: 0
pos2: 0
Data distribution: 
Pos2 data: 54075848
Pos1 data: 65900756
Data: 75682181
Node access DDR: 9515170
Pull DDR: 18499604
WB DDR: 54572817
Early DDR: 2609760
Achieved BW is: 60.1824 GB/s
Ideal BW is: 102.4 GB/s
Metadata cache conclusion: 
overall_hit: 14730249 overall_total: 24242836
Cache Size 64 KB Overall Hit rate: 60.7612 %. 
Simulation done. Statistics written to results_all/redis_output.txt
