Valid leaf ID range: 4194303:8388606
Num of top nodes: 4194304
Data level num of ways: 4194304
Z: 16
S: 27
A: 20
cached_total: 1
cached_total: 3
cached_total: 7
cached_total: 15
cached_total: 31
Total number of ORAM protected cache line blocks: 4194304
Cached number of levels: 4
Max number of levels: 23
Start lvl is: 0
data valid leaf right: 8388607
data num of levels: 23
data level num of ways: 4194304
data number of sets: 1
Cached node ID: 0 -- 23
Address space: 0 - 4 GB
pos1 valid leaf right: 1048575
pos1 num of levels: 20
pos1 level num of ways: 524288
pos1 number of sets: 1
Cached node ID: 0 -- 2
Address space: 0 - 0.5 GB
pos2 valid leaf right: 131071
pos2 num of levels: 17
pos2 level num of ways: 65536
pos2 number of sets: 1
Cached node ID: 0 -- 1
Address space: 0 - 0.0625 GB
new addr: 101
(myrs->posMap.find(new_addr) != myrs->posMap.end()): 1
(myrs->posMap[new_addr].pending): 0
myrs->posMap[new_addr] = 257
#2 ID 0 set true here
Clk7 @ 1000000 Finished 1140 instructions 
Clk7 @ 2000000 Finished 2321 instructions 
Clk3 @ 3000000 Finished 3507 instructions 
Clk7 @ 4000000 Finished 4706 instructions 
Sampling stash size at 4999 req has local max stash size of: 133
Clk3 @ 5000000 Finished 5907 instructions 
Clk3 @ 6000000 Finished 7141 instructions 
Clk3 @ 7000000 Finished 8347 instructions 
Clk3 @ 8000000 Finished 9584 instructions 
Clk@ 8337370 Working on the # 10000 th memory instruction
Sampling stash size at 9999 req has local max stash size of: 149
Clk3 @ 9000000 Finished 10807 instructions 
Clk3 @ 10000000 Finished 12047 instructions 
Clk3 @ 11000000 Finished 13326 instructions 
Clk7 @ 12000000 Finished 14581 instructions 
Sampling stash size at 14999 req has local max stash size of: 92
Clk7 @ 13000000 Finished 15800 instructions 
Clk3 @ 14000000 Finished 17047 instructions 
Clk3 @ 15000000 Finished 18324 instructions 
Clk3 @ 16000000 Finished 19582 instructions 
Clk@ 16331892 Working on the # 20000 th memory instruction
Sampling stash size at 19999 req has local max stash size of: 72
Clk3 @ 17000000 Finished 20845 instructions 
Clk7 @ 18000000 Finished 22093 instructions 
Clk3 @ 19000000 Finished 23345 instructions 
Clk3 @ 20000000 Finished 24627 instructions 
Sampling stash size at 24999 req has local max stash size of: 79
Clk7 @ 21000000 Finished 25917 instructions 
Clk7 @ 22000000 Finished 27178 instructions 
Clk3 @ 23000000 Finished 28467 instructions 
Clk3 @ 24000000 Finished 29727 instructions 
Clk@ 24215274 Working on the # 30000 th memory instruction
Sampling stash size at 29999 req has local max stash size of: 78
Clk7 @ 25000000 Finished 30927 instructions 
Clk3 @ 26000000 Finished 32187 instructions 
Clk3 @ 27000000 Finished 33467 instructions 
Clk3 @ 28000000 Finished 34747 instructions 
Sampling stash size at 34999 req has local max stash size of: 71
Clk3 @ 29000000 Finished 36043 instructions 
Clk7 @ 30000000 Finished 37327 instructions 
Clk3 @ 31000000 Finished 38587 instructions 
Clk7 @ 32000000 Finished 39853 instructions 
Clk@ 32107424 Working on the # 40000 th memory instruction
Sampling stash size at 39999 req has local max stash size of: 75
Clk3 @ 33000000 Finished 41127 instructions 
Clk3 @ 34000000 Finished 42393 instructions 
Clk7 @ 35000000 Finished 43675 instructions 
Clk3 @ 36000000 Finished 44949 instructions 
Sampling stash size at 44999 req has local max stash size of: 78
Clk3 @ 37000000 Finished 46227 instructions 
Clk3 @ 38000000 Finished 47487 instructions 
Clk3 @ 39000000 Finished 48807 instructions 
Clk@ 39922493 Working on the # 50000 th memory instruction
Sampling stash size at 49999 req has local max stash size of: 77
Clk3 @ 40000000 Finished 50098 instructions 
Clk3 @ 41000000 Finished 51387 instructions 
Clk3 @ 42000000 Finished 52662 instructions 
Clk7 @ 43000000 Finished 53952 instructions 
Sampling stash size at 54999 req has local max stash size of: 73
Clk3 @ 44000000 Finished 55227 instructions 
Clk3 @ 45000000 Finished 56547 instructions 
Clk3 @ 46000000 Finished 57830 instructions 
Clk3 @ 47000000 Finished 59123 instructions 
Clk@ 47684984 Working on the # 60000 th memory instruction
Sampling stash size at 59999 req has local max stash size of: 74
Clk7 @ 48000000 Finished 60371 instructions 
Clk3 @ 49000000 Finished 61579 instructions 
Clk7 @ 50000000 Finished 62835 instructions 
Clk3 @ 51000000 Finished 64144 instructions 
Sampling stash size at 64999 req has local max stash size of: 78
Clk3 @ 52000000 Finished 65434 instructions 
Clk3 @ 53000000 Finished 66737 instructions 
Clk3 @ 54000000 Finished 68043 instructions 
Clk3 @ 55000000 Finished 69327 instructions 
Clk@ 55507409 Working on the # 70000 th memory instruction
Sampling stash size at 69999 req has local max stash size of: 75
Clk3 @ 56000000 Finished 70646 instructions 
Clk3 @ 57000000 Finished 71967 instructions 
Clk3 @ 58000000 Finished 73255 instructions 
Clk7 @ 59000000 Finished 74555 instructions 
Sampling stash size at 74999 req has local max stash size of: 77
Clk7 @ 60000000 Finished 75847 instructions 
Clk7 @ 61000000 Finished 77117 instructions 
Clk3 @ 62000000 Finished 78407 instructions 
Clk3 @ 63000000 Finished 79727 instructions 
Clk@ 63198756 Working on the # 80000 th memory instruction
Sampling stash size at 79999 req has local max stash size of: 78
Clk3 @ 64000000 Finished 81027 instructions 
Clk3 @ 65000000 Finished 82314 instructions 
Clk3 @ 66000000 Finished 83567 instructions 
Clk3 @ 67000000 Finished 84841 instructions 
Sampling stash size at 84999 req has local max stash size of: 74
Clk3 @ 68000000 Finished 86107 instructions 
Clk3 @ 69000000 Finished 87387 instructions 
Clk3 @ 70000000 Finished 88662 instructions 
Clk3 @ 71000000 Finished 89929 instructions 
Clk@ 71048200 Working on the # 90000 th memory instruction
Sampling stash size at 89999 req has local max stash size of: 119
Clk3 @ 72000000 Finished 91202 instructions 
Clk3 @ 73000000 Finished 92447 instructions 
Clk3 @ 74000000 Finished 93707 instructions 
Sampling stash size at 94999 req has local max stash size of: 126
Clk7 @ 75000000 Finished 95012 instructions 
Clk3 @ 76000000 Finished 96324 instructions 
Clk3 @ 77000000 Finished 97627 instructions 
Clk3 @ 78000000 Finished 98927 instructions 
Clk@ 78820044 Working on the # 100000 th memory instruction
Sampling stash size at 99999 req has local max stash size of: 133
Clk3 @ 79000000 Finished 100231 instructions 
Clk3 @ 80000000 Finished 101545 instructions 
Clk3 @ 81000000 Finished 102827 instructions 
Clk3 @ 82000000 Finished 104107 instructions 
Sampling stash size at 104999 req has local max stash size of: 123
Clk3 @ 83000000 Finished 105387 instructions 
Clk7 @ 84000000 Finished 106666 instructions 
Clk3 @ 85000000 Finished 107967 instructions 
Clk3 @ 86000000 Finished 109227 instructions 
Clk@ 86585927 Working on the # 110000 th memory instruction
Sampling stash size at 109999 req has local max stash size of: 115
Clk7 @ 87000000 Finished 110527 instructions 
Clk3 @ 88000000 Finished 111827 instructions 
Clk3 @ 89000000 Finished 113107 instructions 
Clk7 @ 90000000 Finished 114376 instructions 
Sampling stash size at 114999 req has local max stash size of: 111
Clk7 @ 91000000 Finished 115683 instructions 
Clk3 @ 92000000 Finished 116947 instructions 
Clk3 @ 93000000 Finished 118227 instructions 
Clk3 @ 94000000 Finished 119488 instructions 
Clk@ 94390850 Working on the # 120000 th memory instruction
Sampling stash size at 119999 req has local max stash size of: 112
Clk7 @ 95000000 Finished 120756 instructions 
Clk3 @ 96000000 Finished 121987 instructions 
Clk7 @ 97000000 Finished 123187 instructions 
Clk3 @ 98000000 Finished 124423 instructions 
Sampling stash size at 124999 req has local max stash size of: 114
Clk3 @ 99000000 Finished 125700 instructions 
Clk3 @ 100000000 Finished 126981 instructions 
Clk3 @ 101000000 Finished 128272 instructions 
Clk7 @ 102000000 Finished 129546 instructions 
Clk@ 102358220 Working on the # 130000 th memory instruction
Sampling stash size at 129999 req has local max stash size of: 109
Clk3 @ 103000000 Finished 130827 instructions 
Clk3 @ 104000000 Finished 132127 instructions 
Clk3 @ 105000000 Finished 133447 instructions 
Clk3 @ 106000000 Finished 134747 instructions 
Sampling stash size at 134999 req has local max stash size of: 105
Clk3 @ 107000000 Finished 136067 instructions 
Clk3 @ 108000000 Finished 137327 instructions 
Clk3 @ 109000000 Finished 138627 instructions 
Clk3 @ 110000000 Finished 139927 instructions 
Clk@ 110054017 Working on the # 140000 th memory instruction
Sampling stash size at 139999 req has local max stash size of: 109
Clk3 @ 111000000 Finished 141247 instructions 
Clk3 @ 112000000 Finished 142567 instructions 
Clk3 @ 113000000 Finished 143850 instructions 
Sampling stash size at 144999 req has local max stash size of: 107
Clk7 @ 114000000 Finished 145136 instructions 
Clk3 @ 115000000 Finished 146447 instructions 
Clk3 @ 116000000 Finished 147747 instructions 
Clk7 @ 117000000 Finished 149067 instructions 
Clk@ 117718432 Working on the # 150000 th memory instruction
Sampling stash size at 149999 req has local max stash size of: 101
Clk3 @ 118000000 Finished 150367 instructions 
Clk7 @ 119000000 Finished 151647 instructions 
Clk7 @ 120000000 Finished 152872 instructions 
Clk3 @ 121000000 Finished 154147 instructions 
Sampling stash size at 154999 req has local max stash size of: 113
Clk3 @ 122000000 Finished 155423 instructions 
Clk3 @ 123000000 Finished 156725 instructions 
Clk3 @ 124000000 Finished 158041 instructions 
Clk3 @ 125000000 Finished 159347 instructions 
Clk@ 125511185 Working on the # 160000 th memory instruction
Sampling stash size at 159999 req has local max stash size of: 102
Clk7 @ 126000000 Finished 160611 instructions 
Clk3 @ 127000000 Finished 161927 instructions 
Clk3 @ 128000000 Finished 163204 instructions 
Clk7 @ 129000000 Finished 164465 instructions 
Sampling stash size at 164999 req has local max stash size of: 100
Clk3 @ 130000000 Finished 165723 instructions 
Clk3 @ 131000000 Finished 166981 instructions 
Clk7 @ 132000000 Finished 168223 instructions 
Clk3 @ 133000000 Finished 169507 instructions 
Clk@ 133382338 Working on the # 170000 th memory instruction
Sampling stash size at 169999 req has local max stash size of: 104
Clk7 @ 134000000 Finished 170786 instructions 
Clk3 @ 135000000 Finished 172027 instructions 
Clk7 @ 136000000 Finished 173301 instructions 
Clk3 @ 137000000 Finished 174567 instructions 
Sampling stash size at 174999 req has local max stash size of: 102
Clk3 @ 138000000 Finished 175827 instructions 
Clk3 @ 139000000 Finished 177109 instructions 
Clk7 @ 140000000 Finished 178395 instructions 
Clk3 @ 141000000 Finished 179647 instructions 
Clk@ 141272851 Working on the # 180000 th memory instruction
Sampling stash size at 179999 req has local max stash size of: 104
Clk7 @ 142000000 Finished 180914 instructions 
Clk7 @ 143000000 Finished 182180 instructions 
Clk3 @ 144000000 Finished 183380 instructions 
Clk3 @ 145000000 Finished 184667 instructions 
Sampling stash size at 184999 req has local max stash size of: 101
Clk3 @ 146000000 Finished 185961 instructions 
Clk7 @ 147000000 Finished 187197 instructions 
Clk7 @ 148000000 Finished 188495 instructions 
Clk3 @ 149000000 Finished 189787 instructions 
Clk@ 149157085 Working on the # 190000 th memory instruction
Sampling stash size at 189999 req has local max stash size of: 105
Clk3 @ 150000000 Finished 191067 instructions 
Clk3 @ 151000000 Finished 192367 instructions 
Clk3 @ 152000000 Finished 193681 instructions 
Clk3 @ 153000000 Finished 194979 instructions 
Sampling stash size at 194999 req has local max stash size of: 124
Clk3 @ 154000000 Finished 196284 instructions 
Clk3 @ 155000000 Finished 197567 instructions 
Clk3 @ 156000000 Finished 198825 instructions 
Clk@ 156900462 Working on the # 200000 th memory instruction
Sampling stash size at 199999 req has local max stash size of: 121
Clk7 @ 157000000 Finished 200125 instructions 
Clk7 @ 158000000 Finished 201450 instructions 
Clk3 @ 159000000 Finished 202727 instructions 
Clk3 @ 160000000 Finished 204024 instructions 
Sampling stash size at 204999 req has local max stash size of: 113
Clk3 @ 161000000 Finished 205317 instructions 
Clk3 @ 162000000 Finished 206601 instructions 
Clk3 @ 163000000 Finished 207883 instructions 
Clk7 @ 164000000 Finished 209172 instructions 
Clk@ 164650119 Working on the # 210000 th memory instruction
Sampling stash size at 209999 req has local max stash size of: 97
Clk3 @ 165000000 Finished 210447 instructions 
Clk3 @ 166000000 Finished 211727 instructions 
Clk3 @ 167000000 Finished 213007 instructions 
Clk3 @ 168000000 Finished 214247 instructions 
Sampling stash size at 214999 req has local max stash size of: 102
Clk3 @ 169000000 Finished 215543 instructions 
Clk3 @ 170000000 Finished 216847 instructions 
Clk3 @ 171000000 Finished 218107 instructions 
Clk3 @ 172000000 Finished 219387 instructions 
Clk@ 172463710 Working on the # 220000 th memory instruction
Sampling stash size at 219999 req has local max stash size of: 99
Clk3 @ 173000000 Finished 220687 instructions 
Clk3 @ 174000000 Finished 221967 instructions 
Clk7 @ 175000000 Finished 223278 instructions 
Clk3 @ 176000000 Finished 224567 instructions 
Sampling stash size at 224999 req has local max stash size of: 106
Clk7 @ 177000000 Finished 225830 instructions 
Clk3 @ 178000000 Finished 227107 instructions 
Clk3 @ 179000000 Finished 228382 instructions 
Clk3 @ 180000000 Finished 229647 instructions 
Clk@ 180275412 Working on the # 230000 th memory instruction
Sampling stash size at 229999 req has local max stash size of: 95
Clk3 @ 181000000 Finished 230947 instructions 
Clk3 @ 182000000 Finished 232247 instructions 
Clk3 @ 183000000 Finished 233504 instructions 
Clk3 @ 184000000 Finished 234787 instructions 
Sampling stash size at 234999 req has local max stash size of: 98
Clk3 @ 185000000 Finished 236067 instructions 
Clk7 @ 186000000 Finished 237326 instructions 
Clk3 @ 187000000 Finished 238607 instructions 
Clk3 @ 188000000 Finished 239887 instructions 
Clk@ 188090938 Working on the # 240000 th memory instruction
Sampling stash size at 239999 req has local max stash size of: 98
Clk3 @ 189000000 Finished 241127 instructions 
Clk7 @ 190000000 Finished 242367 instructions 
Clk3 @ 191000000 Finished 243602 instructions 
Clk3 @ 192000000 Finished 244767 instructions 
Sampling stash size at 244999 req has local max stash size of: 95
Clk7 @ 193000000 Finished 245987 instructions 
Clk3 @ 194000000 Finished 247208 instructions 
Clk3 @ 195000000 Finished 248427 instructions 
Clk3 @ 196000000 Finished 249687 instructions 
Clk@ 196236793 Working on the # 250000 th memory instruction
Sampling stash size at 249999 req has local max stash size of: 92
Clk3 @ 197000000 Finished 250964 instructions 
Clk3 @ 198000000 Finished 252207 instructions 
Clk7 @ 199000000 Finished 253505 instructions 
Clk3 @ 200000000 Finished 254782 instructions 
Sampling stash size at 254999 req has local max stash size of: 95
Clk3 @ 201000000 Finished 256064 instructions 
Clk3 @ 202000000 Finished 257347 instructions 
Clk3 @ 203000000 Finished 258627 instructions 
Clk7 @ 204000000 Finished 259875 instructions 
Clk@ 204090152 Working on the # 260000 th memory instruction
Sampling stash size at 259999 req has local max stash size of: 93
Clk3 @ 205000000 Finished 261172 instructions 
Clk3 @ 206000000 Finished 262482 instructions 
Clk7 @ 207000000 Finished 263748 instructions 
Sampling stash size at 264999 req has local max stash size of: 94
Clk3 @ 208000000 Finished 265030 instructions 
Clk3 @ 209000000 Finished 266327 instructions 
Clk7 @ 210000000 Finished 267615 instructions 
Clk3 @ 211000000 Finished 268907 instructions 
Clk@ 211840966 Working on the # 270000 th memory instruction
Sampling stash size at 269999 req has local max stash size of: 99
Clk3 @ 212000000 Finished 270207 instructions 
Clk7 @ 213000000 Finished 271521 instructions 
Clk3 @ 214000000 Finished 272807 instructions 
Clk7 @ 215000000 Finished 274095 instructions 
Sampling stash size at 274999 req has local max stash size of: 94
Clk3 @ 216000000 Finished 275327 instructions 
Clk7 @ 217000000 Finished 276607 instructions 
Clk3 @ 218000000 Finished 277907 instructions 
Clk3 @ 219000000 Finished 279169 instructions 
Clk@ 219607338 Working on the # 280000 th memory instruction
Sampling stash size at 279999 req has local max stash size of: 108
Clk3 @ 220000000 Finished 280507 instructions 
Clk3 @ 221000000 Finished 281820 instructions 
Clk3 @ 222000000 Finished 283107 instructions 
Clk3 @ 223000000 Finished 284427 instructions 
Sampling stash size at 284999 req has local max stash size of: 99
Clk3 @ 224000000 Finished 285727 instructions 
Clk7 @ 225000000 Finished 287015 instructions 
Clk3 @ 226000000 Finished 288287 instructions 
Clk3 @ 227000000 Finished 289547 instructions 
Clk@ 227353121 Working on the # 290000 th memory instruction
Sampling stash size at 289999 req has local max stash size of: 119
Clk7 @ 228000000 Finished 290830 instructions 
Clk3 @ 229000000 Finished 292130 instructions 
Clk3 @ 230000000 Finished 293422 instructions 
Clk7 @ 231000000 Finished 294720 instructions 
Sampling stash size at 294999 req has local max stash size of: 108
Clk3 @ 232000000 Finished 296041 instructions 
Clk3 @ 233000000 Finished 297327 instructions 
Clk7 @ 234000000 Finished 298626 instructions 
Clk7 @ 235000000 Finished 299921 instructions 
Clk@ 235058944 Working on the # 300000 th memory instruction
Sampling stash size at 299999 req has local max stash size of: 110
Clk3 @ 236000000 Finished 301207 instructions 
Clk3 @ 237000000 Finished 302502 instructions 
Clk3 @ 238000000 Finished 303781 instructions 
Clk3 @ 239000000 Finished 305002 instructions 
Sampling stash size at 304999 req has local max stash size of: 100
Clk3 @ 240000000 Finished 306227 instructions 
Clk3 @ 241000000 Finished 307500 instructions 
Clk7 @ 242000000 Finished 308747 instructions 
Clk@ 242976680 Working on the # 310000 th memory instruction
Sampling stash size at 309999 req has local max stash size of: 99
Clk3 @ 243000000 Finished 310027 instructions 
Clk3 @ 244000000 Finished 311327 instructions 
Clk3 @ 245000000 Finished 312623 instructions 
Clk3 @ 246000000 Finished 313927 instructions 
Sampling stash size at 314999 req has local max stash size of: 120
Clk7 @ 247000000 Finished 315237 instructions 
Clk7 @ 248000000 Finished 316534 instructions 
Clk7 @ 249000000 Finished 317851 instructions 
Clk3 @ 250000000 Finished 319127 instructions 
Clk@ 250663597 Working on the # 320000 th memory instruction
Sampling stash size at 319999 req has local max stash size of: 97
Clk3 @ 251000000 Finished 320404 instructions 
Clk7 @ 252000000 Finished 321679 instructions 
Clk3 @ 253000000 Finished 322981 instructions 
Clk7 @ 254000000 Finished 324265 instructions 
Sampling stash size at 324999 req has local max stash size of: 110
Clk3 @ 255000000 Finished 325547 instructions 
Clk3 @ 256000000 Finished 326827 instructions 
Clk3 @ 257000000 Finished 328096 instructions 
Clk3 @ 258000000 Finished 329327 instructions 
Clk@ 258535436 Working on the # 330000 th memory instruction
Sampling stash size at 329999 req has local max stash size of: 118
Clk7 @ 259000000 Finished 330583 instructions 
Clk7 @ 260000000 Finished 331819 instructions 
Clk7 @ 261000000 Finished 333087 instructions 
Clk7 @ 262000000 Finished 334337 instructions 
Sampling stash size at 334999 req has local max stash size of: 109
Clk3 @ 263000000 Finished 335547 instructions 
Clk3 @ 264000000 Finished 336827 instructions 
Clk3 @ 265000000 Finished 338087 instructions 
Clk7 @ 266000000 Finished 339338 instructions 
Clk@ 266504657 Working on the # 340000 th memory instruction
Sampling stash size at 339999 req has local max stash size of: 107
Clk3 @ 267000000 Finished 340627 instructions 
Clk3 @ 268000000 Finished 341887 instructions 
Clk3 @ 269000000 Finished 343107 instructions 
Clk7 @ 270000000 Finished 344387 instructions 
Sampling stash size at 344999 req has local max stash size of: 108
Clk7 @ 271000000 Finished 345667 instructions 
Clk3 @ 272000000 Finished 346927 instructions 
Clk3 @ 273000000 Finished 348207 instructions 
Warm up done after line access count: 349120 out of 698241 (49.9999 %)
Clk7 @ 274000000 Finished 349507 instructions 
Clk@ 274381132 Working on the # 350000 th memory instruction
Sampling stash size at 349999 req has local max stash size of: 111
Clk3 @ 275000000 Finished 350762 instructions 
Clk3 @ 276000000 Finished 352047 instructions 
Clk3 @ 277000000 Finished 353327 instructions 
Clk3 @ 278000000 Finished 354600 instructions 
Sampling stash size at 354999 req has local max stash size of: 101
Clk3 @ 279000000 Finished 355907 instructions 
Clk3 @ 280000000 Finished 357185 instructions 
Clk3 @ 281000000 Finished 358443 instructions 
Clk7 @ 282000000 Finished 359719 instructions 
Clk@ 282213352 Working on the # 360000 th memory instruction
Sampling stash size at 359999 req has local max stash size of: 104
Clk3 @ 283000000 Finished 361007 instructions 
Clk3 @ 284000000 Finished 362282 instructions 
Clk3 @ 285000000 Finished 363547 instructions 
Clk7 @ 286000000 Finished 364785 instructions 
Sampling stash size at 364999 req has local max stash size of: 101
Clk3 @ 287000000 Finished 365967 instructions 
Clk3 @ 288000000 Finished 367223 instructions 
Clk3 @ 289000000 Finished 368487 instructions 
Clk3 @ 290000000 Finished 369747 instructions 
Clk@ 290196872 Working on the # 370000 th memory instruction
Sampling stash size at 369999 req has local max stash size of: 103
Clk3 @ 291000000 Finished 371027 instructions 
Clk3 @ 292000000 Finished 372305 instructions 
Clk3 @ 293000000 Finished 373524 instructions 
Clk3 @ 294000000 Finished 374807 instructions 
Sampling stash size at 374999 req has local max stash size of: 105
Clk3 @ 295000000 Finished 376107 instructions 
Clk3 @ 296000000 Finished 377367 instructions 
Clk7 @ 297000000 Finished 378655 instructions 
Clk3 @ 298000000 Finished 379947 instructions 
Clk@ 298039563 Working on the # 380000 th memory instruction
Sampling stash size at 379999 req has local max stash size of: 115
Clk7 @ 299000000 Finished 381202 instructions 
Clk7 @ 300000000 Finished 382501 instructions 
Clk3 @ 301000000 Finished 383807 instructions 
Sampling stash size at 384999 req has local max stash size of: 110
Clk3 @ 302000000 Finished 385087 instructions 
Clk3 @ 303000000 Finished 386407 instructions 
Clk3 @ 304000000 Finished 387707 instructions 
Clk3 @ 305000000 Finished 388992 instructions 
Clk@ 305782411 Working on the # 390000 th memory instruction
Sampling stash size at 389999 req has local max stash size of: 106
Clk3 @ 306000000 Finished 390286 instructions 
Clk7 @ 307000000 Finished 391567 instructions 
Clk3 @ 308000000 Finished 392847 instructions 
Clk3 @ 309000000 Finished 394144 instructions 
Sampling stash size at 394999 req has local max stash size of: 107
Clk7 @ 310000000 Finished 395421 instructions 
Clk3 @ 311000000 Finished 396647 instructions 
Clk3 @ 312000000 Finished 397931 instructions 
Clk3 @ 313000000 Finished 399233 instructions 
Clk@ 313582766 Working on the # 400000 th memory instruction
Sampling stash size at 399999 req has local max stash size of: 113
Clk7 @ 314000000 Finished 400527 instructions 
Clk3 @ 315000000 Finished 401867 instructions 
Clk3 @ 316000000 Finished 403167 instructions 
Clk7 @ 317000000 Finished 404421 instructions 
Sampling stash size at 404999 req has local max stash size of: 109
Clk3 @ 318000000 Finished 405707 instructions 
Clk3 @ 319000000 Finished 407006 instructions 
Clk7 @ 320000000 Finished 408276 instructions 
Clk3 @ 321000000 Finished 409582 instructions 
Clk@ 321338358 Working on the # 410000 th memory instruction
Sampling stash size at 409999 req has local max stash size of: 112
Clk3 @ 322000000 Finished 410828 instructions 
Clk3 @ 323000000 Finished 412088 instructions 
Clk7 @ 324000000 Finished 413376 instructions 
Clk3 @ 325000000 Finished 414647 instructions 
Sampling stash size at 414999 req has local max stash size of: 120
Clk3 @ 326000000 Finished 415944 instructions 
Clk3 @ 327000000 Finished 417234 instructions 
Clk7 @ 328000000 Finished 418521 instructions 
Clk7 @ 329000000 Finished 419767 instructions 
Clk@ 329183056 Working on the # 420000 th memory instruction
Sampling stash size at 419999 req has local max stash size of: 116
Clk3 @ 330000000 Finished 421027 instructions 
Clk3 @ 331000000 Finished 422302 instructions 
Clk3 @ 332000000 Finished 423567 instructions 
Clk7 @ 333000000 Finished 424847 instructions 
Sampling stash size at 424999 req has local max stash size of: 115
Clk7 @ 334000000 Finished 426109 instructions 
Clk3 @ 335000000 Finished 427327 instructions 
Clk3 @ 336000000 Finished 428607 instructions 
Clk3 @ 337000000 Finished 429870 instructions 
Clk@ 337096465 Working on the # 430000 th memory instruction
Sampling stash size at 429999 req has local max stash size of: 111
Clk3 @ 339000000 Finished 432467 instructions 
Clk3 @ 340000000 Finished 433743 instructions 
Clk3 @ 341000000 Finished 434970 instructions 
Sampling stash size at 434999 req has local max stash size of: 118
Clk3 @ 342000000 Finished 436267 instructions 
Clk7 @ 343000000 Finished 437581 instructions 
Clk3 @ 344000000 Finished 438857 instructions 
Clk@ 344881326 Working on the # 440000 th memory instruction
Sampling stash size at 439999 req has local max stash size of: 116
Clk3 @ 345000000 Finished 440147 instructions 
Clk3 @ 346000000 Finished 441434 instructions 
Clk7 @ 347000000 Finished 442685 instructions 
Clk7 @ 348000000 Finished 443968 instructions 
Sampling stash size at 444999 req has local max stash size of: 114
Clk3 @ 349000000 Finished 445273 instructions 
Clk3 @ 350000000 Finished 446565 instructions 
Clk3 @ 351000000 Finished 447847 instructions 
Clk3 @ 352000000 Finished 449142 instructions 
Clk@ 352688052 Working on the # 450000 th memory instruction
Sampling stash size at 449999 req has local max stash size of: 117
Clk3 @ 353000000 Finished 450408 instructions 
Clk3 @ 354000000 Finished 451667 instructions 
Clk3 @ 355000000 Finished 452947 instructions 
Clk7 @ 356000000 Finished 454217 instructions 
Sampling stash size at 454999 req has local max stash size of: 123
Clk7 @ 357000000 Finished 455485 instructions 
Clk3 @ 358000000 Finished 456767 instructions 
Clk7 @ 359000000 Finished 457992 instructions 
Clk7 @ 360000000 Finished 459249 instructions 
Clk@ 360576726 Working on the # 460000 th memory instruction
Sampling stash size at 459999 req has local max stash size of: 120
Clk3 @ 361000000 Finished 460547 instructions 
Clk3 @ 362000000 Finished 461847 instructions 
Clk3 @ 363000000 Finished 463147 instructions 
Clk3 @ 364000000 Finished 464443 instructions 
Sampling stash size at 464999 req has local max stash size of: 120
Clk3 @ 365000000 Finished 465687 instructions 
Clk7 @ 366000000 Finished 466987 instructions 
Clk3 @ 367000000 Finished 468262 instructions 
Clk3 @ 368000000 Finished 469541 instructions 
Clk@ 368355098 Working on the # 470000 th memory instruction
Sampling stash size at 469999 req has local max stash size of: 164
Clk3 @ 369000000 Finished 470807 instructions 
Clk3 @ 370000000 Finished 472068 instructions 
Clk3 @ 371000000 Finished 473321 instructions 
Clk3 @ 372000000 Finished 474587 instructions 
Sampling stash size at 474999 req has local max stash size of: 168
Clk3 @ 373000000 Finished 475847 instructions 
Clk3 @ 374000000 Finished 477127 instructions 
Clk3 @ 375000000 Finished 478407 instructions 
Clk3 @ 376000000 Finished 479687 instructions 
Clk@ 376257540 Working on the # 480000 th memory instruction
Sampling stash size at 479999 req has local max stash size of: 106
Clk3 @ 377000000 Finished 480907 instructions 
Clk7 @ 378000000 Finished 482149 instructions 
Clk3 @ 379000000 Finished 483407 instructions 
Clk7 @ 380000000 Finished 484640 instructions 
Sampling stash size at 484999 req has local max stash size of: 101
Clk3 @ 381000000 Finished 485847 instructions 
Clk7 @ 382000000 Finished 487068 instructions 
Clk3 @ 383000000 Finished 488207 instructions 
Clk3 @ 384000000 Finished 489387 instructions 
Clk@ 384510529 Working on the # 490000 th memory instruction
Sampling stash size at 489999 req has local max stash size of: 99
Clk3 @ 385000000 Finished 490587 instructions 
Clk3 @ 386000000 Finished 491804 instructions 
Clk3 @ 387000000 Finished 493047 instructions 
Clk3 @ 388000000 Finished 494271 instructions 
Sampling stash size at 494999 req has local max stash size of: 98
Clk3 @ 389000000 Finished 495427 instructions 
Clk3 @ 390000000 Finished 496667 instructions 
Clk3 @ 391000000 Finished 497927 instructions 
Clk7 @ 392000000 Finished 499171 instructions 
Clk@ 392651170 Working on the # 500000 th memory instruction
Sampling stash size at 499999 req has local max stash size of: 95
Clk3 @ 393000000 Finished 500427 instructions 
Clk3 @ 394000000 Finished 501667 instructions 
Clk3 @ 395000000 Finished 502923 instructions 
Clk3 @ 396000000 Finished 504187 instructions 
Sampling stash size at 504999 req has local max stash size of: 94
Clk3 @ 397000000 Finished 505472 instructions 
Clk7 @ 398000000 Finished 506750 instructions 
Clk3 @ 399000000 Finished 508027 instructions 
Clk3 @ 400000000 Finished 509291 instructions 
Clk@ 400550210 Working on the # 510000 th memory instruction
Sampling stash size at 509999 req has local max stash size of: 91
Clk3 @ 401000000 Finished 510547 instructions 
Clk3 @ 402000000 Finished 511812 instructions 
Clk7 @ 402000000 Finished 511812 instructions 
Clk3 @ 403000000 Finished 513097 instructions 
Clk3 @ 404000000 Finished 514383 instructions 
Sampling stash size at 514999 req has local max stash size of: 92
Clk3 @ 405000000 Finished 515641 instructions 
Clk3 @ 406000000 Finished 516887 instructions 
Clk7 @ 407000000 Finished 518146 instructions 
Clk3 @ 408000000 Finished 519403 instructions 
Clk@ 408464329 Working on the # 520000 th memory instruction
Sampling stash size at 519999 req has local max stash size of: 89
Clk3 @ 409000000 Finished 520687 instructions 
Clk3 @ 410000000 Finished 521986 instructions 
Clk7 @ 411000000 Finished 523267 instructions 
Clk7 @ 412000000 Finished 524562 instructions 
Sampling stash size at 524999 req has local max stash size of: 90
Clk3 @ 413000000 Finished 525823 instructions 
Clk3 @ 414000000 Finished 527087 instructions 
Clk7 @ 415000000 Finished 528383 instructions 
Clk7 @ 416000000 Finished 529672 instructions 
Clk@ 416253219 Working on the # 530000 th memory instruction
Sampling stash size at 529999 req has local max stash size of: 92
Clk3 @ 417000000 Finished 530967 instructions 
Clk3 @ 418000000 Finished 532234 instructions 
Clk3 @ 419000000 Finished 533507 instructions 
Clk3 @ 420000000 Finished 534807 instructions 
Sampling stash size at 534999 req has local max stash size of: 87
Clk3 @ 421000000 Finished 536087 instructions 
Clk3 @ 422000000 Finished 537367 instructions 
Clk3 @ 423000000 Finished 538672 instructions 
Clk@ 423999665 Working on the # 540000 th memory instruction
Clk3 @ 424000000 Finished 540000 instructions 
Sampling stash size at 539999 req has local max stash size of: 87
Clk3 @ 425000000 Finished 541271 instructions 
Clk7 @ 426000000 Finished 542588 instructions 
Clk3 @ 427000000 Finished 543907 instructions 
Sampling stash size at 544999 req has local max stash size of: 91
Clk3 @ 428000000 Finished 545187 instructions 
Clk3 @ 429000000 Finished 546487 instructions 
Clk3 @ 430000000 Finished 547783 instructions 
Clk3 @ 431000000 Finished 548989 instructions 
Clk@ 431796080 Working on the # 550000 th memory instruction
Sampling stash size at 549999 req has local max stash size of: 137
Clk7 @ 432000000 Finished 550259 instructions 
Clk3 @ 433000000 Finished 551547 instructions 
Clk3 @ 434000000 Finished 552827 instructions 
Clk7 @ 435000000 Finished 554127 instructions 
Sampling stash size at 554999 req has local max stash size of: 144
Clk3 @ 436000000 Finished 555420 instructions 
Clk3 @ 437000000 Finished 556667 instructions 
Clk3 @ 438000000 Finished 557967 instructions 
Clk3 @ 439000000 Finished 559273 instructions 
Clk@ 439540427 Working on the # 560000 th memory instruction
Sampling stash size at 559999 req has local max stash size of: 134
Clk3 @ 440000000 Finished 560601 instructions 
Clk3 @ 441000000 Finished 561922 instructions 
Clk7 @ 442000000 Finished 563227 instructions 
Clk3 @ 443000000 Finished 564467 instructions 
Sampling stash size at 564999 req has local max stash size of: 128
Clk7 @ 444000000 Finished 565785 instructions 
Clk3 @ 445000000 Finished 567087 instructions 
Clk3 @ 446000000 Finished 568402 instructions 
Clk3 @ 447000000 Finished 569683 instructions 
Clk@ 447241115 Working on the # 570000 th memory instruction
Sampling stash size at 569999 req has local max stash size of: 118
Clk3 @ 448000000 Finished 570987 instructions 
Clk3 @ 449000000 Finished 572247 instructions 
Clk3 @ 450000000 Finished 573543 instructions 
Clk3 @ 451000000 Finished 574807 instructions 
Sampling stash size at 574999 req has local max stash size of: 124
Clk3 @ 452000000 Finished 576087 instructions 
Clk7 @ 453000000 Finished 577352 instructions 
Clk3 @ 454000000 Finished 578627 instructions 
Clk3 @ 455000000 Finished 579865 instructions 
Clk@ 455101960 Working on the # 580000 th memory instruction
Sampling stash size at 579999 req has local max stash size of: 124
Clk7 @ 456000000 Finished 581165 instructions 
Clk3 @ 457000000 Finished 582464 instructions 
Clk7 @ 458000000 Finished 583765 instructions 
Sampling stash size at 584999 req has local max stash size of: 120
Clk3 @ 459000000 Finished 585064 instructions 
Clk3 @ 460000000 Finished 586367 instructions 
Clk3 @ 461000000 Finished 587627 instructions 
Clk3 @ 462000000 Finished 588927 instructions 
Clk@ 462817594 Working on the # 590000 th memory instruction
Sampling stash size at 589999 req has local max stash size of: 120
Clk3 @ 463000000 Finished 590235 instructions 
Clk3 @ 464000000 Finished 591547 instructions 
Clk3 @ 465000000 Finished 592847 instructions 
Clk3 @ 466000000 Finished 594127 instructions 
Sampling stash size at 594999 req has local max stash size of: 117
Clk7 @ 467000000 Finished 595408 instructions 
Clk7 @ 468000000 Finished 596709 instructions 
Clk3 @ 469000000 Finished 597987 instructions 
Clk3 @ 470000000 Finished 599287 instructions 
Clk@ 470540602 Working on the # 600000 th memory instruction
Sampling stash size at 599999 req has local max stash size of: 114
Clk3 @ 471000000 Finished 600587 instructions 
Clk7 @ 472000000 Finished 601872 instructions 
Clk7 @ 473000000 Finished 603135 instructions 
Clk3 @ 474000000 Finished 604413 instructions 
Sampling stash size at 604999 req has local max stash size of: 115
Clk3 @ 475000000 Finished 605687 instructions 
Clk3 @ 476000000 Finished 606947 instructions 
Clk7 @ 477000000 Finished 608213 instructions 
Clk7 @ 478000000 Finished 609472 instructions 
Clk@ 478453244 Working on the # 610000 th memory instruction
Sampling stash size at 609999 req has local max stash size of: 106
Clk3 @ 479000000 Finished 610647 instructions 
Clk7 @ 480000000 Finished 611906 instructions 
Clk7 @ 481000000 Finished 613147 instructions 
Clk3 @ 482000000 Finished 614401 instructions 
Sampling stash size at 614999 req has local max stash size of: 120
Clk3 @ 483000000 Finished 615687 instructions 
Clk3 @ 484000000 Finished 616967 instructions 
Clk3 @ 485000000 Finished 618187 instructions 
Clk3 @ 486000000 Finished 619446 instructions 
Clk@ 486423487 Working on the # 620000 th memory instruction
Sampling stash size at 619999 req has local max stash size of: 111
Clk3 @ 487000000 Finished 620747 instructions 
Clk3 @ 488000000 Finished 622067 instructions 
Clk3 @ 489000000 Finished 623367 instructions 
Clk3 @ 490000000 Finished 624655 instructions 
Sampling stash size at 624999 req has local max stash size of: 104
Clk3 @ 491000000 Finished 625907 instructions 
Clk3 @ 492000000 Finished 627207 instructions 
Clk3 @ 493000000 Finished 628507 instructions 
Clk3 @ 494000000 Finished 629826 instructions 
Clk@ 494135370 Working on the # 630000 th memory instruction
Sampling stash size at 629999 req has local max stash size of: 109
Clk3 @ 495000000 Finished 631124 instructions 
Clk3 @ 496000000 Finished 632407 instructions 
Clk3 @ 497000000 Finished 633700 instructions 
Clk3 @ 498000000 Finished 635004 instructions 
Sampling stash size at 634999 req has local max stash size of: 106
Clk3 @ 499000000 Finished 636267 instructions 
Clk7 @ 500000000 Finished 637555 instructions 
Clk3 @ 501000000 Finished 638827 instructions 
Clk@ 501890271 Working on the # 640000 th memory instruction
Sampling stash size at 639999 req has local max stash size of: 102
Clk3 @ 502000000 Finished 640126 instructions 
Clk3 @ 503000000 Finished 641355 instructions 
Clk3 @ 504000000 Finished 642627 instructions 
Clk3 @ 505000000 Finished 643907 instructions 
Sampling stash size at 644999 req has local max stash size of: 107
Clk3 @ 506000000 Finished 645187 instructions 
Clk7 @ 507000000 Finished 646475 instructions 
Clk3 @ 508000000 Finished 647747 instructions 
Clk3 @ 509000000 Finished 648993 instructions 
Clk@ 509769316 Working on the # 650000 th memory instruction
Sampling stash size at 649999 req has local max stash size of: 108
Clk3 @ 510000000 Finished 650287 instructions 
Clk7 @ 511000000 Finished 651554 instructions 
Clk7 @ 512000000 Finished 652834 instructions 
Clk3 @ 513000000 Finished 654127 instructions 
Sampling stash size at 654999 req has local max stash size of: 130
Clk3 @ 514000000 Finished 655387 instructions 
Clk3 @ 515000000 Finished 656607 instructions 
Clk3 @ 516000000 Finished 657847 instructions 
Clk3 @ 517000000 Finished 659087 instructions 
Clk@ 517735588 Working on the # 660000 th memory instruction
Sampling stash size at 659999 req has local max stash size of: 130
Clk3 @ 518000000 Finished 660327 instructions 
Clk7 @ 519000000 Finished 661558 instructions 
Clk3 @ 520000000 Finished 662792 instructions 
Clk3 @ 521000000 Finished 664027 instructions 
Sampling stash size at 664999 req has local max stash size of: 108
Clk7 @ 522000000 Finished 665286 instructions 
Clk3 @ 523000000 Finished 666547 instructions 
Clk3 @ 524000000 Finished 667787 instructions 
Clk3 @ 525000000 Finished 669047 instructions 
Clk@ 525765737 Working on the # 670000 th memory instruction
Sampling stash size at 669999 req has local max stash size of: 104
Clk3 @ 526000000 Finished 670287 instructions 
Clk3 @ 527000000 Finished 671501 instructions 
Clk3 @ 528000000 Finished 672767 instructions 
Clk3 @ 529000000 Finished 674047 instructions 
Sampling stash size at 674999 req has local max stash size of: 101
Clk7 @ 530000000 Finished 675301 instructions 
Clk3 @ 531000000 Finished 676587 instructions 
Clk3 @ 532000000 Finished 677887 instructions 
Clk3 @ 533000000 Finished 679147 instructions 
Clk@ 533652045 Working on the # 680000 th memory instruction
Sampling stash size at 679999 req has local max stash size of: 111
Clk3 @ 534000000 Finished 680447 instructions 
Clk3 @ 535000000 Finished 681747 instructions 
Clk3 @ 536000000 Finished 683023 instructions 
Clk3 @ 537000000 Finished 684308 instructions 
Sampling stash size at 684999 req has local max stash size of: 106
Clk3 @ 538000000 Finished 685562 instructions 
Clk3 @ 539000000 Finished 686787 instructions 
Clk3 @ 540000000 Finished 688087 instructions 
Clk3 @ 541000000 Finished 689402 instructions 
Clk@ 541474741 Working on the # 690000 th memory instruction
Sampling stash size at 689999 req has local max stash size of: 98
Clk3 @ 542000000 Finished 690687 instructions 
Clk3 @ 543000000 Finished 691967 instructions 
Clk3 @ 544000000 Finished 693243 instructions 
Clk7 @ 545000000 Finished 694487 instructions 
Sampling stash size at 694999 req has local max stash size of: 101
Clk7 @ 546000000 Finished 695772 instructions 
Clk3 @ 547000000 Finished 697027 instructions 

===*** Data ***====
Stall reason distribution: 
mc_hazard: 0
normal: 0
rs_hazard: 0
rw_swtich: 0
Early reshuffle distribution: 
0: 0
1: 0
2: 0
3: 0
4: 1277
5: 2640
6: 2666
7: 2710
8: 2672
9: 2688
10: 2575
11: 2586
12: 2446
13: 2192
14: 1634
15: 632
16: 1
17: 0
18: 0
19: 0
20: 0
21: 0
22: 0
=================
Max stash size is: 168
Average stash size is: 51.0947
Average mem q size is: 110.361
Total mem q size is:49349408
mem_q_sample_times is:447163
useful_read_pull_ddr: 154734 (0.577986) %
dummy_read_pull_ddr: 6304145 (23.5482) %
useful_early_pull_ddr: 230803 (0.86213) %
useful_early_push_ddr: 55772 (0.208328) %
useful_write_pull_ddr: 5129882 (19.1619) %
useful_write_push_ddr: 1177783 (4.39943) %
dummy_early_pull_ddr: 19301 (0.072096) %
dummy_early_push_ddr: 576844 (2.15471) %
dummy_write_pull_ddr: 37398 (0.139695) %
dummy_write_push_ddr: 13084586 (48.8755) %
=================
Stash violation number of times: 0
=================
Check NodeID traffic: 3742490
Update NodeID traffic: 9
=================
Read RS lines: 698241 (84.9956) %
Write RS lines: 69824 (8.49954) %
Early RS lines: 53438 (6.50491) %
Read DDR lines: 12917998 (24.5461) %
Write DDR lines: 38106448 (72.4077) %
Early DDR lines: 1603140 (3.0462) %

====*** pos1 ***====
Stall reason distribution: 
mc_hazard: 0
normal: 0
rs_hazard: 0
rw_swtich: 0
Early reshuffle distribution: 
0: 0
1: 342
2: 1748
3: 2255
4: 2455
5: 2629
6: 2710
7: 2724
8: 2714
9: 2712
10: 2627
11: 2571
12: 2510
13: 2244
14: 1651
15: 652
16: 0
17: 0
18: 0
19: 0
=================
Max stash size is: 78
Average stash size is: 20.5005
Average mem q size is: 89.8201
Total mem q size is:5063875
mem_q_sample_times is:56378
useful_read_pull_ddr: 101266 (0.207878) %
dummy_read_pull_ddr: 11768831 (24.159) %
useful_early_pull_ddr: 480437 (0.986239) %
useful_early_push_ddr: 26530 (0.0544606) %
useful_write_pull_ddr: 9436157 (19.3705) %
useful_write_push_ddr: 970117 (1.99145) %
dummy_early_pull_ddr: 37281 (0.0765302) %
dummy_early_push_ddr: 1282992 (2.63372) %
dummy_write_pull_ddr: 59907 (0.122977) %
dummy_write_push_ddr: 24550555 (50.3973) %
=================
Stash violation number of times: 0
=================
Check NodeID traffic: 4912058
Update NodeID traffic: 1
=================
Read RS lines: 698241 (83.8071) %
Write RS lines: 69824 (8.38069) %
Early RS lines: 65088 (7.81225) %
Read DDR lines: 11870097 (24.3669) %
Write DDR lines: 35016736 (71.8822) %
Early DDR lines: 1827240 (3.75095) %

====*** pos2 ***====
Stall reason distribution: 
mc_hazard: 0
normal: 0
rs_hazard: 0
rw_swtich: 0
Early reshuffle distribution: 
0: 0
1: 673
2: 1678
3: 2144
4: 2426
5: 2585
6: 2670
7: 2694
8: 2726
9: 2715
10: 2648
11: 2597
12: 2419
13: 2142
14: 1678
15: 661
16: 0
=================
Max stash size is: 63
Average stash size is: 15.7926
Average mem q size is: 84.3165
Total mem q size is:3743988
mem_q_sample_times is:44404
useful_read_pull_ddr: 67883 (0.167948) %
dummy_read_pull_ddr: 9707491 (24.0172) %
useful_early_pull_ddr: 475598 (1.17667) %
useful_early_push_ddr: 9083 (0.0224721) %
useful_write_pull_ddr: 7762373 (19.2048) %
useful_write_push_ddr: 718330 (1.77721) %
dummy_early_pull_ddr: 36187 (0.0895297) %
dummy_early_push_ddr: 1285432 (3.18027) %
dummy_write_pull_ddr: 57915 (0.143287) %
dummy_write_push_ddr: 20298694 (50.2207) %
=================
Stash violation number of times: 0
=================
Check NodeID traffic: 2114689
Update NodeID traffic: 0
=================
Read RS lines: 698241 (83.8248) %
Write RS lines: 69824 (8.38246) %
Early RS lines: 64912 (7.79277) %
Read DDR lines: 9775374 (24.1851) %
Write DDR lines: 28837312 (71.346) %
Early DDR lines: 1806300 (4.46894) %
=================
The final DRAM clk is: 547945595 ticks.
Idle waiting clk is 132266940, which is 24.1387 %
DRAM Frequency is: 1600MHz
The final time in ns is: 3.42466e+08 ns.
Time distribution: 
Data pull time is: 0
data: 0
pos1: 0
pos2: 0
Data distribution: 
Pos2 data: 40418986
Pos1 data: 48714073
Data: 52627586
Node access DDR: 7484980
Pull DDR: 12917998
WB DDR: 38106448
Early DDR: 1603140
Achieved BW is: 58.7089 GB/s
Ideal BW is: 102.4 GB/s
Metadata cache conclusion: 
overall_hit: 10209428 overall_total: 17692214
Cache Size 64 KB Overall Hit rate: 57.7058 %. 
Simulation done. Statistics written to results_all/pagerank_output.txt
