Valid leaf ID range: 16777215:33554430
Num of top nodes: 16777216
Data level num of ways: 16777216
Z: 16
S: 27
A: 20
cached_total: 1
cached_total: 3
cached_total: 7
cached_total: 15
cached_total: 31
cached_total: 63
cached_total: 127
Total number of ORAM protected cache line blocks: 16777216
Cached number of levels: 6
Max number of levels: 25
Start lvl is: 0
data valid leaf right: 33554431
data num of levels: 25
data level num of ways: 16777216
data number of sets: 1
Cached node ID: 0 -- 95
Address space: 0 - 4 GB
pos1 valid leaf right: 4194303
pos1 num of levels: 22
pos1 level num of ways: 2097152
pos1 number of sets: 1
Cached node ID: 0 -- 11
Address space: 0 - 0.5 GB
pos2 valid leaf right: 524287
pos2 num of levels: 19
pos2 level num of ways: 262144
pos2 number of sets: 1
Cached node ID: 0 -- 5
Address space: 0 - 0.0625 GB
new addr: 0
(myrs->posMap.find(new_addr) != myrs->posMap.end()): 1
(myrs->posMap[new_addr].pending): 0
myrs->posMap[new_addr] = 0
#2 ID 0 set true here
Clk7 @ 2000000 Finished 4381 instructions 
Sampling stash size at 4999 req has local max stash size of: 139
Clk3 @ 3000000 Finished 6725 instructions 
Clk3 @ 4000000 Finished 9064 instructions 
Clk@ 4397029 Working on the # 10000 th memory instruction
Sampling stash size at 9999 req has local max stash size of: 149
Clk3 @ 5000000 Finished 11447 instructions 
Clk7 @ 6000000 Finished 13877 instructions 
Sampling stash size at 14999 req has local max stash size of: 151
Clk3 @ 7000000 Finished 16245 instructions 
Clk7 @ 8000000 Finished 18683 instructions 
Clk@ 8546394 Working on the # 20000 th memory instruction
Sampling stash size at 19999 req has local max stash size of: 162
Clk3 @ 9000000 Finished 21083 instructions 
Clk3 @ 10000000 Finished 23502 instructions 
Sampling stash size at 24999 req has local max stash size of: 176
Clk7 @ 11000000 Finished 25957 instructions 
Clk3 @ 12000000 Finished 28406 instructions 
Clk@ 12655423 Working on the # 30000 th memory instruction
Sampling stash size at 29999 req has local max stash size of: 169
Clk3 @ 13000000 Finished 30784 instructions 
Clk3 @ 14000000 Finished 33147 instructions 
Sampling stash size at 34999 req has local max stash size of: 181
Clk3 @ 15000000 Finished 35603 instructions 
Clk3 @ 16000000 Finished 38062 instructions 
Clk@ 16800478 Working on the # 40000 th memory instruction
Sampling stash size at 39999 req has local max stash size of: 175
Clk3 @ 17000000 Finished 40480 instructions 
Clk7 @ 18000000 Finished 42886 instructions 
Sampling stash size at 44999 req has local max stash size of: 178
Clk7 @ 19000000 Finished 45353 instructions 
Clk3 @ 20000000 Finished 47755 instructions 
Clk@ 20910945 Working on the # 50000 th memory instruction
Sampling stash size at 49999 req has local max stash size of: 175
Clk7 @ 21000000 Finished 50212 instructions 
Clk7 @ 22000000 Finished 52692 instructions 
Sampling stash size at 54999 req has local max stash size of: 180
Clk3 @ 23000000 Finished 55125 instructions 
Clk3 @ 24000000 Finished 57587 instructions 
Clk@ 24975846 Working on the # 60000 th memory instruction
Sampling stash size at 59999 req has local max stash size of: 180
Clk7 @ 25000000 Finished 60050 instructions 
Clk3 @ 26000000 Finished 62287 instructions 
Clk7 @ 27000000 Finished 64676 instructions 
Sampling stash size at 64999 req has local max stash size of: 179
Clk3 @ 28000000 Finished 67124 instructions 
Clk7 @ 29000000 Finished 69563 instructions 
Clk@ 29177279 Working on the # 70000 th memory instruction
Sampling stash size at 69999 req has local max stash size of: 183
Clk3 @ 30000000 Finished 72024 instructions 
Clk3 @ 31000000 Finished 74467 instructions 
Sampling stash size at 74999 req has local max stash size of: 185
Clk7 @ 32000000 Finished 76898 instructions 
Clk3 @ 33000000 Finished 79321 instructions 
Clk@ 33275481 Working on the # 80000 th memory instruction
Sampling stash size at 79999 req has local max stash size of: 190
Clk7 @ 34000000 Finished 81752 instructions 
Clk3 @ 35000000 Finished 84127 instructions 
Sampling stash size at 84999 req has local max stash size of: 190
Clk7 @ 36000000 Finished 86556 instructions 
Clk7 @ 37000000 Finished 89016 instructions 
Clk@ 37405317 Working on the # 90000 th memory instruction
Sampling stash size at 89999 req has local max stash size of: 180
Clk3 @ 38000000 Finished 91445 instructions 
Clk7 @ 39000000 Finished 93794 instructions 
Sampling stash size at 94999 req has local max stash size of: 187
Clk3 @ 40000000 Finished 96262 instructions 
Clk3 @ 41000000 Finished 98725 instructions 
Clk@ 41522419 Working on the # 100000 th memory instruction
Sampling stash size at 99999 req has local max stash size of: 190
Clk3 @ 42000000 Finished 101162 instructions 
Clk3 @ 43000000 Finished 103607 instructions 
Sampling stash size at 104999 req has local max stash size of: 185
Clk3 @ 44000000 Finished 106041 instructions 
Clk3 @ 45000000 Finished 108463 instructions 
Clk@ 45639294 Working on the # 110000 th memory instruction
Sampling stash size at 109999 req has local max stash size of: 203
Clk3 @ 46000000 Finished 110886 instructions 
Clk7 @ 47000000 Finished 113331 instructions 
Sampling stash size at 114999 req has local max stash size of: 189
Clk7 @ 48000000 Finished 115775 instructions 
Clk3 @ 49000000 Finished 118202 instructions 
Clk@ 49735929 Working on the # 120000 th memory instruction
Sampling stash size at 119999 req has local max stash size of: 195
Clk7 @ 50000000 Finished 120627 instructions 
Clk7 @ 51000000 Finished 122907 instructions 
Sampling stash size at 124999 req has local max stash size of: 191
Clk7 @ 52000000 Finished 125128 instructions 
Clk3 @ 53000000 Finished 127543 instructions 
Clk3 @ 54000000 Finished 129947 instructions 
Clk@ 54019725 Working on the # 130000 th memory instruction
Sampling stash size at 129999 req has local max stash size of: 202
Clk3 @ 55000000 Finished 132370 instructions 
Clk7 @ 56000000 Finished 134828 instructions 
Sampling stash size at 134999 req has local max stash size of: 196
Clk3 @ 57000000 Finished 137255 instructions 
Clk3 @ 58000000 Finished 139687 instructions 
Clk@ 58124561 Working on the # 140000 th memory instruction
Sampling stash size at 139999 req has local max stash size of: 195
Clk7 @ 59000000 Finished 142151 instructions 
Clk7 @ 60000000 Finished 144603 instructions 
Sampling stash size at 144999 req has local max stash size of: 193
Clk7 @ 61000000 Finished 147039 instructions 
Clk7 @ 62000000 Finished 149502 instructions 
Clk@ 62206767 Working on the # 150000 th memory instruction
Sampling stash size at 149999 req has local max stash size of: 197
Clk3 @ 63000000 Finished 151947 instructions 
Clk3 @ 64000000 Finished 154312 instructions 
Sampling stash size at 154999 req has local max stash size of: 196
Clk3 @ 66000000 Finished 159181 instructions 
Clk@ 66334254 Working on the # 160000 th memory instruction
Sampling stash size at 159999 req has local max stash size of: 199
Clk3 @ 67000000 Finished 161622 instructions 
Clk7 @ 68000000 Finished 164023 instructions 
Sampling stash size at 164999 req has local max stash size of: 199
Clk3 @ 69000000 Finished 166367 instructions 
Clk7 @ 70000000 Finished 168731 instructions 
Clk@ 70517858 Working on the # 170000 th memory instruction
Sampling stash size at 169999 req has local max stash size of: 201
Clk3 @ 71000000 Finished 171152 instructions 
Clk3 @ 72000000 Finished 173547 instructions 
Sampling stash size at 174999 req has local max stash size of: 201
Clk3 @ 73000000 Finished 175991 instructions 
Clk3 @ 74000000 Finished 178444 instructions 
Clk@ 74647961 Working on the # 180000 th memory instruction
Sampling stash size at 179999 req has local max stash size of: 200
Clk3 @ 75000000 Finished 180856 instructions 
Clk3 @ 76000000 Finished 183221 instructions 
Sampling stash size at 184999 req has local max stash size of: 201
Clk3 @ 77000000 Finished 185622 instructions 
Clk7 @ 78000000 Finished 187892 instructions 
Clk@ 78856730 Working on the # 190000 th memory instruction
Sampling stash size at 189999 req has local max stash size of: 200
Clk3 @ 79000000 Finished 190347 instructions 
Clk3 @ 80000000 Finished 192782 instructions 
Sampling stash size at 194999 req has local max stash size of: 200
Clk3 @ 81000000 Finished 195202 instructions 
Clk3 @ 82000000 Finished 197667 instructions 
Clk@ 82966266 Working on the # 200000 th memory instruction
Sampling stash size at 199999 req has local max stash size of: 206
Clk7 @ 83000000 Finished 200076 instructions 
Clk7 @ 84000000 Finished 202498 instructions 
Clk7 @ 85000000 Finished 204928 instructions 
Sampling stash size at 204999 req has local max stash size of: 199
Clk7 @ 86000000 Finished 207344 instructions 
Clk7 @ 87000000 Finished 209776 instructions 
Clk@ 87090403 Working on the # 210000 th memory instruction
Sampling stash size at 209999 req has local max stash size of: 204
Clk3 @ 88000000 Finished 212199 instructions 
Clk7 @ 89000000 Finished 214611 instructions 
Sampling stash size at 214999 req has local max stash size of: 200
Clk3 @ 90000000 Finished 217043 instructions 
Clk7 @ 91000000 Finished 219428 instructions 
Clk@ 91228064 Working on the # 220000 th memory instruction
Sampling stash size at 219999 req has local max stash size of: 199
Clk7 @ 92000000 Finished 221864 instructions 
Clk3 @ 93000000 Finished 224327 instructions 
Sampling stash size at 224999 req has local max stash size of: 196
Clk3 @ 94000000 Finished 226757 instructions 
Clk3 @ 95000000 Finished 229162 instructions 
Clk@ 95336604 Working on the # 230000 th memory instruction
Sampling stash size at 229999 req has local max stash size of: 200
Clk3 @ 96000000 Finished 231642 instructions 
Clk7 @ 97000000 Finished 234055 instructions 
Sampling stash size at 234999 req has local max stash size of: 194
Clk7 @ 98000000 Finished 236503 instructions 
Clk3 @ 99000000 Finished 238964 instructions 
Clk@ 99422510 Working on the # 240000 th memory instruction
Sampling stash size at 239999 req has local max stash size of: 202
Clk3 @ 100000000 Finished 241367 instructions 
Clk7 @ 101000000 Finished 243750 instructions 
Sampling stash size at 244999 req has local max stash size of: 200
Clk3 @ 102000000 Finished 245947 instructions 
Clk3 @ 103000000 Finished 248134 instructions 
Clk@ 103813743 Working on the # 250000 th memory instruction
Sampling stash size at 249999 req has local max stash size of: 206
Clk7 @ 104000000 Finished 250437 instructions 
Clk3 @ 105000000 Finished 252825 instructions 
Sampling stash size at 254999 req has local max stash size of: 207
Clk7 @ 106000000 Finished 255215 instructions 
Clk7 @ 107000000 Finished 257619 instructions 
Clk@ 107989367 Working on the # 260000 th memory instruction
Sampling stash size at 259999 req has local max stash size of: 209
Clk3 @ 108000000 Finished 260024 instructions 
Clk7 @ 109000000 Finished 262458 instructions 
Clk7 @ 110000000 Finished 264842 instructions 
Sampling stash size at 264999 req has local max stash size of: 201
Clk3 @ 111000000 Finished 267282 instructions 
Clk3 @ 112000000 Finished 269727 instructions 
Clk@ 112109296 Working on the # 270000 th memory instruction
Sampling stash size at 269999 req has local max stash size of: 200
Clk3 @ 113000000 Finished 272164 instructions 
Clk7 @ 114000000 Finished 274544 instructions 
Sampling stash size at 274999 req has local max stash size of: 211
Clk3 @ 115000000 Finished 276955 instructions 
Clk3 @ 116000000 Finished 279347 instructions 
Clk@ 116264913 Working on the # 280000 th memory instruction
Sampling stash size at 279999 req has local max stash size of: 208
Clk3 @ 117000000 Finished 281807 instructions 
Clk3 @ 118000000 Finished 284235 instructions 
Sampling stash size at 284999 req has local max stash size of: 200
Clk3 @ 119000000 Finished 286651 instructions 
Clk3 @ 120000000 Finished 289091 instructions 
Clk@ 120380592 Working on the # 290000 th memory instruction
Sampling stash size at 289999 req has local max stash size of: 207
Clk3 @ 121000000 Finished 291522 instructions 
Clk3 @ 122000000 Finished 293928 instructions 
Sampling stash size at 294999 req has local max stash size of: 205
Clk7 @ 123000000 Finished 296387 instructions 
Clk7 @ 124000000 Finished 298826 instructions 
Clk@ 124479470 Working on the # 300000 th memory instruction
Sampling stash size at 299999 req has local max stash size of: 215
Clk7 @ 125000000 Finished 301246 instructions 
Clk3 @ 126000000 Finished 303695 instructions 
Sampling stash size at 304999 req has local max stash size of: 208
Clk7 @ 127000000 Finished 305990 instructions 
Clk7 @ 128000000 Finished 308407 instructions 
Clk@ 128686921 Working on the # 310000 th memory instruction
Sampling stash size at 309999 req has local max stash size of: 213
Clk3 @ 129000000 Finished 310765 instructions 
Clk3 @ 130000000 Finished 313193 instructions 
Sampling stash size at 314999 req has local max stash size of: 211
Clk3 @ 131000000 Finished 315630 instructions 
Clk3 @ 132000000 Finished 318043 instructions 
Clk@ 132804584 Working on the # 320000 th memory instruction
Sampling stash size at 319999 req has local max stash size of: 208
Clk7 @ 133000000 Finished 320443 instructions 
Clk3 @ 134000000 Finished 322907 instructions 
Sampling stash size at 324999 req has local max stash size of: 208
Clk3 @ 135000000 Finished 325313 instructions 
Clk3 @ 136000000 Finished 327714 instructions 
Clk@ 136973794 Working on the # 330000 th memory instruction
Sampling stash size at 329999 req has local max stash size of: 220
Clk3 @ 137000000 Finished 330065 instructions 
Clk7 @ 138000000 Finished 332407 instructions 
Clk3 @ 139000000 Finished 334823 instructions 
Clk7 @ 139000000 Finished 334823 instructions 
Sampling stash size at 334999 req has local max stash size of: 209
Clk3 @ 140000000 Finished 337214 instructions 
Clk3 @ 141000000 Finished 339627 instructions 
Clk@ 141152186 Working on the # 340000 th memory instruction
Sampling stash size at 339999 req has local max stash size of: 211
Clk3 @ 142000000 Finished 342044 instructions 
Clk7 @ 143000000 Finished 344382 instructions 
Sampling stash size at 344999 req has local max stash size of: 207
Clk7 @ 144000000 Finished 346802 instructions 
Clk3 @ 145000000 Finished 349244 instructions 
Clk@ 145304572 Working on the # 350000 th memory instruction
Sampling stash size at 349999 req has local max stash size of: 207
Clk3 @ 146000000 Finished 351667 instructions 
Clk3 @ 147000000 Finished 354122 instructions 
Sampling stash size at 354999 req has local max stash size of: 209
Clk7 @ 148000000 Finished 356565 instructions 
Clk3 @ 149000000 Finished 358962 instructions 
Clk@ 149421120 Working on the # 360000 th memory instruction
Sampling stash size at 359999 req has local max stash size of: 213
Clk3 @ 150000000 Finished 361424 instructions 
Clk7 @ 151000000 Finished 363860 instructions 
Sampling stash size at 364999 req has local max stash size of: 212
Clk3 @ 152000000 Finished 366136 instructions 
Clk3 @ 153000000 Finished 368564 instructions 
Clk@ 153596386 Working on the # 370000 th memory instruction
Sampling stash size at 369999 req has local max stash size of: 207
Clk3 @ 154000000 Finished 370947 instructions 
Clk3 @ 155000000 Finished 373223 instructions 
Sampling stash size at 374999 req has local max stash size of: 213
Clk3 @ 156000000 Finished 375547 instructions 
Clk3 @ 157000000 Finished 377983 instructions 
Clk@ 157818459 Working on the # 380000 th memory instruction
Sampling stash size at 379999 req has local max stash size of: 207
Clk3 @ 158000000 Finished 380430 instructions 
Clk7 @ 159000000 Finished 382840 instructions 
Sampling stash size at 384999 req has local max stash size of: 217
Clk7 @ 160000000 Finished 385287 instructions 
Clk3 @ 161000000 Finished 387721 instructions 
Clk@ 161949372 Working on the # 390000 th memory instruction
Sampling stash size at 389999 req has local max stash size of: 214
Clk3 @ 162000000 Finished 390122 instructions 
Clk3 @ 163000000 Finished 392550 instructions 
Clk7 @ 164000000 Finished 394993 instructions 
Sampling stash size at 394999 req has local max stash size of: 215
Clk7 @ 165000000 Finished 397359 instructions 
Clk3 @ 166000000 Finished 399806 instructions 
Clk@ 166078868 Working on the # 400000 th memory instruction
Sampling stash size at 399999 req has local max stash size of: 210
Clk7 @ 167000000 Finished 402204 instructions 
Clk7 @ 168000000 Finished 404607 instructions 
Sampling stash size at 404999 req has local max stash size of: 213
Clk3 @ 169000000 Finished 407010 instructions 
Clk3 @ 170000000 Finished 409446 instructions 
Clk@ 170225861 Working on the # 410000 th memory instruction
Sampling stash size at 409999 req has local max stash size of: 214
Clk3 @ 171000000 Finished 411867 instructions 
Clk3 @ 172000000 Finished 414264 instructions 
Sampling stash size at 414999 req has local max stash size of: 216
Clk3 @ 174000000 Finished 419122 instructions 
Clk@ 174363941 Working on the # 420000 th memory instruction
Sampling stash size at 419999 req has local max stash size of: 215
Clk3 @ 175000000 Finished 421530 instructions 
Clk7 @ 176000000 Finished 423959 instructions 
Sampling stash size at 424999 req has local max stash size of: 213
Clk7 @ 177000000 Finished 426383 instructions 
Clk3 @ 178000000 Finished 428767 instructions 
Clk@ 178505725 Working on the # 430000 th memory instruction
Sampling stash size at 429999 req has local max stash size of: 214
Clk7 @ 179000000 Finished 431200 instructions 
Clk7 @ 180000000 Finished 433601 instructions 
Sampling stash size at 434999 req has local max stash size of: 225
Clk7 @ 181000000 Finished 435889 instructions 
Clk3 @ 182000000 Finished 438315 instructions 
Clk@ 182687535 Working on the # 440000 th memory instruction
Sampling stash size at 439999 req has local max stash size of: 209
Clk3 @ 183000000 Finished 440766 instructions 
Clk3 @ 184000000 Finished 443165 instructions 
Sampling stash size at 444999 req has local max stash size of: 218
Clk7 @ 185000000 Finished 445607 instructions 
Clk3 @ 186000000 Finished 448043 instructions 
Clk@ 186811984 Working on the # 450000 th memory instruction
Sampling stash size at 449999 req has local max stash size of: 212
Clk3 @ 187000000 Finished 450464 instructions 
Clk3 @ 188000000 Finished 452883 instructions 
Sampling stash size at 454999 req has local max stash size of: 211
Clk3 @ 189000000 Finished 455307 instructions 
Clk7 @ 190000000 Finished 457691 instructions 
Clk@ 190943918 Working on the # 460000 th memory instruction
Sampling stash size at 459999 req has local max stash size of: 212
Clk3 @ 191000000 Finished 460134 instructions 
Clk3 @ 192000000 Finished 462567 instructions 
Clk7 @ 193000000 Finished 464967 instructions 
Sampling stash size at 464999 req has local max stash size of: 218
Clk3 @ 194000000 Finished 467383 instructions 
Clk3 @ 195000000 Finished 469833 instructions 
Clk@ 195068578 Working on the # 470000 th memory instruction
Sampling stash size at 469999 req has local max stash size of: 213
Clk7 @ 196000000 Finished 472261 instructions 
Clk7 @ 197000000 Finished 474658 instructions 
Sampling stash size at 474999 req has local max stash size of: 213
Clk3 @ 198000000 Finished 477082 instructions 
Clk7 @ 199000000 Finished 479527 instructions 
Clk@ 199196081 Working on the # 480000 th memory instruction
Sampling stash size at 479999 req has local max stash size of: 212
Clk3 @ 200000000 Finished 481924 instructions 
Clk7 @ 201000000 Finished 484296 instructions 
Sampling stash size at 484999 req has local max stash size of: 211
Clk3 @ 202000000 Finished 486727 instructions 
Clk7 @ 203000000 Finished 488853 instructions 
Clk@ 203496822 Working on the # 490000 th memory instruction
Sampling stash size at 489999 req has local max stash size of: 212
Clk7 @ 204000000 Finished 491178 instructions 
Clk7 @ 205000000 Finished 493422 instructions 
Sampling stash size at 494999 req has local max stash size of: 226
Clk3 @ 206000000 Finished 495546 instructions 
Clk3 @ 207000000 Finished 497841 instructions 
Clk@ 207951539 Working on the # 500000 th memory instruction
Warm up done after line access count: 500000 out of 1000000 (50 %)
Sampling stash size at 499999 req has local max stash size of: 211
Clk3 @ 208000000 Finished 500107 instructions 
Clk3 @ 209000000 Finished 502447 instructions 
Clk3 @ 210000000 Finished 504807 instructions 
Sampling stash size at 504999 req has local max stash size of: 214
Clk3 @ 211000000 Finished 507187 instructions 
Clk3 @ 212000000 Finished 509565 instructions 
Clk@ 212183312 Working on the # 510000 th memory instruction
Sampling stash size at 509999 req has local max stash size of: 216
Clk7 @ 213000000 Finished 511884 instructions 
Clk3 @ 214000000 Finished 514292 instructions 
Sampling stash size at 514999 req has local max stash size of: 219
Clk3 @ 215000000 Finished 516683 instructions 
Clk7 @ 216000000 Finished 519023 instructions 
Clk@ 216403897 Working on the # 520000 th memory instruction
Sampling stash size at 519999 req has local max stash size of: 227
Clk3 @ 217000000 Finished 521445 instructions 
Clk3 @ 218000000 Finished 523857 instructions 
Sampling stash size at 524999 req has local max stash size of: 215
Clk7 @ 219000000 Finished 526175 instructions 
Clk3 @ 220000000 Finished 528581 instructions 
Clk@ 220588824 Working on the # 530000 th memory instruction
Sampling stash size at 529999 req has local max stash size of: 215
Clk3 @ 221000000 Finished 531005 instructions 
Clk7 @ 222000000 Finished 533406 instructions 
Sampling stash size at 534999 req has local max stash size of: 216
Clk7 @ 223000000 Finished 535831 instructions 
Clk3 @ 224000000 Finished 538284 instructions 
Clk@ 224703650 Working on the # 540000 th memory instruction
Sampling stash size at 539999 req has local max stash size of: 224
Clk7 @ 225000000 Finished 540720 instructions 
Clk7 @ 226000000 Finished 543104 instructions 
Sampling stash size at 544999 req has local max stash size of: 223
Clk7 @ 227000000 Finished 545538 instructions 
Clk3 @ 228000000 Finished 547956 instructions 
Clk@ 228900259 Working on the # 550000 th memory instruction
Sampling stash size at 549999 req has local max stash size of: 223
Clk7 @ 229000000 Finished 550241 instructions 
Clk7 @ 230000000 Finished 552647 instructions 
Sampling stash size at 554999 req has local max stash size of: 220
Clk7 @ 231000000 Finished 555075 instructions 
Clk7 @ 232000000 Finished 557389 instructions 
Clk3 @ 233000000 Finished 559826 instructions 
Clk@ 233070505 Working on the # 560000 th memory instruction
Sampling stash size at 559999 req has local max stash size of: 222
Clk7 @ 234000000 Finished 562236 instructions 
Clk7 @ 235000000 Finished 564632 instructions 
Sampling stash size at 564999 req has local max stash size of: 212
Clk3 @ 236000000 Finished 567082 instructions 
Clk3 @ 237000000 Finished 569482 instructions 
Clk@ 237222560 Working on the # 570000 th memory instruction
Sampling stash size at 569999 req has local max stash size of: 219
Clk3 @ 238000000 Finished 571882 instructions 
Clk3 @ 239000000 Finished 574307 instructions 
Sampling stash size at 574999 req has local max stash size of: 210
Clk3 @ 240000000 Finished 576702 instructions 
Clk3 @ 241000000 Finished 579125 instructions 
Clk@ 241371136 Working on the # 580000 th memory instruction
Sampling stash size at 579999 req has local max stash size of: 217
Clk7 @ 242000000 Finished 581539 instructions 
Clk3 @ 243000000 Finished 583975 instructions 
Sampling stash size at 584999 req has local max stash size of: 219
Clk3 @ 244000000 Finished 586407 instructions 
Clk7 @ 245000000 Finished 588761 instructions 
Clk@ 245508456 Working on the # 590000 th memory instruction
Sampling stash size at 589999 req has local max stash size of: 214
Clk3 @ 246000000 Finished 591194 instructions 
Clk7 @ 247000000 Finished 593622 instructions 
Sampling stash size at 594999 req has local max stash size of: 229
Clk7 @ 248000000 Finished 596044 instructions 
Clk7 @ 249000000 Finished 598482 instructions 
Clk@ 249614199 Working on the # 600000 th memory instruction
Sampling stash size at 599999 req has local max stash size of: 222
Clk7 @ 250000000 Finished 600942 instructions 
Clk3 @ 251000000 Finished 603327 instructions 
Sampling stash size at 604999 req has local max stash size of: 217
Clk3 @ 252000000 Finished 605767 instructions 
Clk3 @ 253000000 Finished 608192 instructions 
Clk@ 253798776 Working on the # 610000 th memory instruction
Sampling stash size at 609999 req has local max stash size of: 217
Clk3 @ 254000000 Finished 610447 instructions 
Clk3 @ 255000000 Finished 612800 instructions 
Sampling stash size at 614999 req has local max stash size of: 234
Clk7 @ 256000000 Finished 615193 instructions 
Clk3 @ 257000000 Finished 617509 instructions 
Clk7 @ 258000000 Finished 619853 instructions 
Clk@ 258057484 Working on the # 620000 th memory instruction
Sampling stash size at 619999 req has local max stash size of: 218
Clk3 @ 259000000 Finished 622266 instructions 
Clk7 @ 260000000 Finished 624687 instructions 
Sampling stash size at 624999 req has local max stash size of: 229
Clk3 @ 261000000 Finished 627105 instructions 
Clk3 @ 262000000 Finished 629547 instructions 
Clk@ 262187265 Working on the # 630000 th memory instruction
Sampling stash size at 629999 req has local max stash size of: 223
Clk3 @ 263000000 Finished 631982 instructions 
Clk7 @ 264000000 Finished 634365 instructions 
Sampling stash size at 634999 req has local max stash size of: 223
Clk7 @ 265000000 Finished 636771 instructions 
Clk3 @ 266000000 Finished 639212 instructions 
Clk@ 266323098 Working on the # 640000 th memory instruction
Sampling stash size at 639999 req has local max stash size of: 223
Clk7 @ 267000000 Finished 641572 instructions 
Clk3 @ 268000000 Finished 644007 instructions 
Sampling stash size at 644999 req has local max stash size of: 234
Clk3 @ 269000000 Finished 646426 instructions 
Clk3 @ 270000000 Finished 648823 instructions 
Clk@ 270486105 Working on the # 650000 th memory instruction
Sampling stash size at 649999 req has local max stash size of: 223
Clk3 @ 271000000 Finished 651207 instructions 
Clk3 @ 272000000 Finished 653604 instructions 
Sampling stash size at 654999 req has local max stash size of: 223
Clk7 @ 273000000 Finished 655987 instructions 
Clk3 @ 274000000 Finished 658406 instructions 
Clk@ 274660862 Working on the # 660000 th memory instruction
Sampling stash size at 659999 req has local max stash size of: 226
Clk3 @ 275000000 Finished 660807 instructions 
Clk7 @ 276000000 Finished 663171 instructions 
Sampling stash size at 664999 req has local max stash size of: 219
Clk3 @ 278000000 Finished 667906 instructions 
Clk@ 278865077 Working on the # 670000 th memory instruction
Sampling stash size at 669999 req has local max stash size of: 224
Clk3 @ 279000000 Finished 670308 instructions 
Clk7 @ 280000000 Finished 672667 instructions 
Sampling stash size at 674999 req has local max stash size of: 226
Clk3 @ 281000000 Finished 675087 instructions 
Clk7 @ 282000000 Finished 677527 instructions 
Clk7 @ 283000000 Finished 679941 instructions 
Clk@ 283023322 Working on the # 680000 th memory instruction
Sampling stash size at 679999 req has local max stash size of: 220
Clk3 @ 284000000 Finished 682382 instructions 
Clk3 @ 285000000 Finished 684767 instructions 
Sampling stash size at 684999 req has local max stash size of: 216
Clk7 @ 286000000 Finished 687042 instructions 
Clk7 @ 287000000 Finished 689479 instructions 
Clk@ 287220158 Working on the # 690000 th memory instruction
Sampling stash size at 689999 req has local max stash size of: 225
Clk3 @ 288000000 Finished 691902 instructions 
Clk3 @ 289000000 Finished 694282 instructions 
Sampling stash size at 694999 req has local max stash size of: 231
Clk3 @ 290000000 Finished 696724 instructions 
Clk3 @ 291000000 Finished 699114 instructions 
Clk@ 291359514 Working on the # 700000 th memory instruction
Sampling stash size at 699999 req has local max stash size of: 223
Clk3 @ 292000000 Finished 701526 instructions 
Clk3 @ 293000000 Finished 703962 instructions 
Sampling stash size at 704999 req has local max stash size of: 228
Clk3 @ 294000000 Finished 706347 instructions 
Clk7 @ 295000000 Finished 708781 instructions 
Clk@ 295502474 Working on the # 710000 th memory instruction
Sampling stash size at 709999 req has local max stash size of: 229
Clk3 @ 296000000 Finished 711218 instructions 
Clk3 @ 297000000 Finished 713647 instructions 
Sampling stash size at 714999 req has local max stash size of: 219
Clk7 @ 298000000 Finished 716093 instructions 
Clk3 @ 299000000 Finished 718413 instructions 
Clk@ 299645541 Working on the # 720000 th memory instruction
Sampling stash size at 719999 req has local max stash size of: 224
Clk7 @ 300000000 Finished 720851 instructions 
Clk7 @ 301000000 Finished 723302 instructions 
Sampling stash size at 724999 req has local max stash size of: 223
Clk7 @ 302000000 Finished 725709 instructions 
Clk3 @ 303000000 Finished 728126 instructions 
Clk@ 303785941 Working on the # 730000 th memory instruction
Sampling stash size at 729999 req has local max stash size of: 225
Clk7 @ 304000000 Finished 730503 instructions 
Clk3 @ 305000000 Finished 732689 instructions 
Sampling stash size at 734999 req has local max stash size of: 215
Clk7 @ 306000000 Finished 735127 instructions 
Clk3 @ 307000000 Finished 737522 instructions 
Clk7 @ 308000000 Finished 739908 instructions 
Clk@ 308036359 Working on the # 740000 th memory instruction
Sampling stash size at 739999 req has local max stash size of: 226
Clk3 @ 309000000 Finished 742267 instructions 
Clk7 @ 310000000 Finished 744588 instructions 
Sampling stash size at 744999 req has local max stash size of: 228
Clk7 @ 311000000 Finished 746789 instructions 
Clk3 @ 312000000 Finished 749064 instructions 
Clk@ 312381011 Working on the # 750000 th memory instruction
Sampling stash size at 749999 req has local max stash size of: 233
Clk7 @ 313000000 Finished 751494 instructions 
Clk3 @ 314000000 Finished 753910 instructions 
Sampling stash size at 754999 req has local max stash size of: 214
Clk7 @ 315000000 Finished 756325 instructions 
Clk3 @ 316000000 Finished 758745 instructions 
Clk@ 316511707 Working on the # 760000 th memory instruction
Sampling stash size at 759999 req has local max stash size of: 221
Clk3 @ 317000000 Finished 761176 instructions 
Clk7 @ 317000000 Finished 761176 instructions 
Clk7 @ 318000000 Finished 763547 instructions 
Sampling stash size at 764999 req has local max stash size of: 235
Clk7 @ 319000000 Finished 765960 instructions 
Clk3 @ 320000000 Finished 768403 instructions 
Clk@ 320659648 Working on the # 770000 th memory instruction
Sampling stash size at 769999 req has local max stash size of: 223
Clk7 @ 321000000 Finished 770840 instructions 
Clk7 @ 322000000 Finished 773247 instructions 
Sampling stash size at 774999 req has local max stash size of: 226
Clk3 @ 323000000 Finished 775702 instructions 
Clk7 @ 324000000 Finished 778100 instructions 
Clk@ 324797754 Working on the # 780000 th memory instruction
Sampling stash size at 779999 req has local max stash size of: 222
Clk7 @ 325000000 Finished 780497 instructions 
Clk3 @ 326000000 Finished 782927 instructions 
Sampling stash size at 784999 req has local max stash size of: 222
Clk3 @ 327000000 Finished 785364 instructions 
Clk3 @ 328000000 Finished 787803 instructions 
Clk@ 328898814 Working on the # 790000 th memory instruction
Sampling stash size at 789999 req has local max stash size of: 223
Clk7 @ 329000000 Finished 790247 instructions 
Clk3 @ 330000000 Finished 792604 instructions 
Clk3 @ 331000000 Finished 794944 instructions 
Sampling stash size at 794999 req has local max stash size of: 224
Clk7 @ 332000000 Finished 797398 instructions 
Clk7 @ 333000000 Finished 799845 instructions 
Clk@ 333064370 Working on the # 800000 th memory instruction
Sampling stash size at 799999 req has local max stash size of: 220
Clk7 @ 334000000 Finished 802242 instructions 
Clk7 @ 335000000 Finished 804672 instructions 
Sampling stash size at 804999 req has local max stash size of: 220
Clk3 @ 336000000 Finished 807102 instructions 
Clk7 @ 337000000 Finished 809455 instructions 
Clk@ 337229697 Working on the # 810000 th memory instruction
Sampling stash size at 809999 req has local max stash size of: 229
Clk3 @ 338000000 Finished 811867 instructions 
Clk3 @ 339000000 Finished 814274 instructions 
Sampling stash size at 814999 req has local max stash size of: 229
Clk3 @ 340000000 Finished 816684 instructions 
Clk7 @ 341000000 Finished 819122 instructions 
Clk@ 341365057 Working on the # 820000 th memory instruction
Sampling stash size at 819999 req has local max stash size of: 226
Clk3 @ 342000000 Finished 821533 instructions 
Clk7 @ 343000000 Finished 823913 instructions 
Sampling stash size at 824999 req has local max stash size of: 224
Clk7 @ 344000000 Finished 826338 instructions 
Clk3 @ 345000000 Finished 828670 instructions 
Clk@ 345545896 Working on the # 830000 th memory instruction
Sampling stash size at 829999 req has local max stash size of: 227
Clk7 @ 346000000 Finished 831066 instructions 
Clk3 @ 347000000 Finished 833507 instructions 
Sampling stash size at 834999 req has local max stash size of: 225
Clk7 @ 348000000 Finished 835923 instructions 
Clk3 @ 349000000 Finished 838287 instructions 
Clk@ 349712031 Working on the # 840000 th memory instruction
Sampling stash size at 839999 req has local max stash size of: 231
Clk7 @ 350000000 Finished 840700 instructions 
Clk3 @ 351000000 Finished 843094 instructions 
Clk7 @ 351000000 Finished 843094 instructions 
Sampling stash size at 844999 req has local max stash size of: 223
Clk3 @ 352000000 Finished 845524 instructions 
Clk3 @ 353000000 Finished 847907 instructions 
Clk@ 353859536 Working on the # 850000 th memory instruction
Sampling stash size at 849999 req has local max stash size of: 225
Clk3 @ 354000000 Finished 850327 instructions 
Clk3 @ 355000000 Finished 852722 instructions 
Clk3 @ 356000000 Finished 854998 instructions 
Sampling stash size at 854999 req has local max stash size of: 232
Clk3 @ 357000000 Finished 857422 instructions 
Clk3 @ 358000000 Finished 859841 instructions 
Clk@ 358064230 Working on the # 860000 th memory instruction
Sampling stash size at 859999 req has local max stash size of: 228
Clk3 @ 359000000 Finished 862247 instructions 
Clk3 @ 360000000 Finished 864667 instructions 
Sampling stash size at 864999 req has local max stash size of: 223
Clk3 @ 361000000 Finished 867041 instructions 
Clk3 @ 362000000 Finished 869285 instructions 
Clk@ 362311487 Working on the # 870000 th memory instruction
Sampling stash size at 869999 req has local max stash size of: 232
Clk3 @ 363000000 Finished 871661 instructions 
Clk3 @ 364000000 Finished 874056 instructions 
Sampling stash size at 874999 req has local max stash size of: 225
Clk3 @ 365000000 Finished 876485 instructions 
Clk3 @ 366000000 Finished 878927 instructions 
Clk@ 366431797 Working on the # 880000 th memory instruction
Sampling stash size at 879999 req has local max stash size of: 220
Clk7 @ 367000000 Finished 881382 instructions 
Clk3 @ 368000000 Finished 883825 instructions 
Sampling stash size at 884999 req has local max stash size of: 225
Clk3 @ 369000000 Finished 886187 instructions 
Clk3 @ 370000000 Finished 888611 instructions 
Clk@ 370572885 Working on the # 890000 th memory instruction
Sampling stash size at 889999 req has local max stash size of: 218
Clk3 @ 371000000 Finished 891047 instructions 
Clk7 @ 372000000 Finished 893468 instructions 
Sampling stash size at 894999 req has local max stash size of: 220
Clk3 @ 373000000 Finished 895865 instructions 
Clk3 @ 374000000 Finished 898285 instructions 
Clk@ 374716610 Working on the # 900000 th memory instruction
Sampling stash size at 899999 req has local max stash size of: 226
Clk7 @ 375000000 Finished 900680 instructions 
Clk7 @ 376000000 Finished 903068 instructions 
Sampling stash size at 904999 req has local max stash size of: 229
Clk3 @ 377000000 Finished 905502 instructions 
Clk7 @ 378000000 Finished 907905 instructions 
Clk@ 378877479 Working on the # 910000 th memory instruction
Sampling stash size at 909999 req has local max stash size of: 228
Clk3 @ 379000000 Finished 910296 instructions 
Clk7 @ 380000000 Finished 912738 instructions 
Sampling stash size at 914999 req has local max stash size of: 225
Clk7 @ 381000000 Finished 915067 instructions 
Clk3 @ 382000000 Finished 917502 instructions 
Clk7 @ 383000000 Finished 919938 instructions 
Clk@ 383024970 Working on the # 920000 th memory instruction
Sampling stash size at 919999 req has local max stash size of: 223
Clk7 @ 384000000 Finished 922334 instructions 
Clk3 @ 385000000 Finished 924777 instructions 
Sampling stash size at 924999 req has local max stash size of: 231
Clk3 @ 386000000 Finished 927212 instructions 
Clk7 @ 386000000 Finished 927212 instructions 
Clk3 @ 387000000 Finished 929585 instructions 
Clk@ 387197704 Working on the # 930000 th memory instruction
Sampling stash size at 929999 req has local max stash size of: 224
Clk3 @ 388000000 Finished 931871 instructions 
Clk3 @ 389000000 Finished 934284 instructions 
Sampling stash size at 934999 req has local max stash size of: 226
Clk3 @ 390000000 Finished 936722 instructions 
Clk7 @ 391000000 Finished 939130 instructions 
Clk@ 391353539 Working on the # 940000 th memory instruction
Sampling stash size at 939999 req has local max stash size of: 220
Clk7 @ 392000000 Finished 941569 instructions 
Clk7 @ 393000000 Finished 944000 instructions 
Sampling stash size at 944999 req has local max stash size of: 228
Clk7 @ 394000000 Finished 946330 instructions 
Clk3 @ 395000000 Finished 948751 instructions 
Clk@ 395516898 Working on the # 950000 th memory instruction
Sampling stash size at 949999 req has local max stash size of: 235
Clk3 @ 396000000 Finished 951146 instructions 
Clk3 @ 397000000 Finished 953546 instructions 
Sampling stash size at 954999 req has local max stash size of: 220
Clk7 @ 398000000 Finished 955968 instructions 
Clk7 @ 399000000 Finished 958382 instructions 
Clk@ 399667305 Working on the # 960000 th memory instruction
Sampling stash size at 959999 req has local max stash size of: 227
Clk3 @ 400000000 Finished 960728 instructions 
Clk3 @ 401000000 Finished 963125 instructions 
Sampling stash size at 964999 req has local max stash size of: 234
Clk3 @ 402000000 Finished 965492 instructions 
Clk7 @ 403000000 Finished 967857 instructions 
Clk@ 403898829 Working on the # 970000 th memory instruction
Sampling stash size at 969999 req has local max stash size of: 224
Clk3 @ 404000000 Finished 970245 instructions 
Clk3 @ 405000000 Finished 972635 instructions 
Clk3 @ 406000000 Finished 974907 instructions 
Sampling stash size at 974999 req has local max stash size of: 226
Clk7 @ 407000000 Finished 976981 instructions 
Clk3 @ 408000000 Finished 979242 instructions 
Clk@ 408328456 Working on the # 980000 th memory instruction
Sampling stash size at 979999 req has local max stash size of: 226
Clk7 @ 409000000 Finished 981567 instructions 
Clk7 @ 410000000 Finished 983832 instructions 
Sampling stash size at 984999 req has local max stash size of: 220
Clk3 @ 411000000 Finished 986147 instructions 
Clk3 @ 412000000 Finished 988447 instructions 
Clk@ 412698690 Working on the # 990000 th memory instruction
Sampling stash size at 989999 req has local max stash size of: 233
Clk3 @ 413000000 Finished 990642 instructions 
Clk3 @ 414000000 Finished 992880 instructions 
Sampling stash size at 994999 req has local max stash size of: 226
Clk3 @ 415000000 Finished 995240 instructions 
Clk3 @ 416000000 Finished 997606 instructions 
Clk3 @ 417000000 Finished 999922 instructions 
Clk@ 417032736 Working on the # 1000000 th memory instruction
Sampling stash size at 999999 req has local max stash size of: 227

===*** Data ***====
Stall reason distribution: 
mc_hazard: 0
normal: 0
rs_hazard: 0
rw_swtich: 0
Early reshuffle distribution: 
0: 0
1: 0
2: 0
3: 0
4: 0
5: 0
6: 2028
7: 3871
8: 3929
9: 3897
10: 3832
11: 3812
12: 3631
13: 3432
14: 2920
15: 1811
16: 83
17: 0
18: 0
19: 0
20: 0
21: 0
22: 0
23: 0
24: 0
=================
Max stash size is: 239
Average stash size is: 114.52
Average mem q size is: 59.2697
Total mem q size is:15031217
mem_q_sample_times is:253607
useful_read_pull_ddr: 500006 (1.30924) %
dummy_read_pull_ddr: 8752290 (22.9174) %
useful_early_pull_ddr: 296560 (0.776528) %
useful_early_push_ddr: 170963 (0.447658) %
useful_write_pull_ddr: 7399190 (19.3744) %
useful_write_push_ddr: 3191389 (8.3565) %
dummy_early_pull_ddr: 18535 (0.048533) %
dummy_early_push_ddr: 626042 (1.63926) %
dummy_write_pull_ddr: 1114 (0.00291695) %
dummy_write_push_ddr: 17234428 (45.1275) %
=================
Stash violation number of times: 0
=================
Check NodeID traffic: 6541080
Update NodeID traffic: 34
=================
Read RS lines: 1000000 (85.7271) %
Write RS lines: 100000 (8.57271) %
Early RS lines: 66492 (5.70017) %
Read DDR lines: 18504136 (24.6479) %
Write DDR lines: 54575000 (72.695) %
Early DDR lines: 1994760 (2.65706) %

====*** pos1 ***====
Stall reason distribution: 
mc_hazard: 0
normal: 0
rs_hazard: 0
rw_swtich: 0
Early reshuffle distribution: 
0: 0
1: 0
2: 0
3: 1655
4: 3566
5: 3730
6: 3861
7: 3962
8: 3863
9: 3901
10: 3856
11: 3807
12: 3620
13: 3344
14: 2900
15: 1841
16: 89
17: 0
18: 0
19: 0
20: 0
21: 0
=================
Max stash size is: 57
Average stash size is: 20.898
Average mem q size is: 79.4725
Total mem q size is:7078140
mem_q_sample_times is:89064
useful_read_pull_ddr: 127136 (0.165562) %
dummy_read_pull_ddr: 18373628 (23.927) %
useful_early_pull_ddr: 703746 (0.91645) %
useful_early_push_ddr: 52449 (0.0683014) %
useful_write_pull_ddr: 14796612 (19.2688) %
useful_write_push_ddr: 1621367 (2.11142) %
dummy_early_pull_ddr: 44169 (0.0575189) %
dummy_early_push_ddr: 1839336 (2.39527) %
dummy_write_pull_ddr: 3388 (0.00441201) %
dummy_write_push_ddr: 39228633 (51.0853) %
=================
Stash violation number of times: 0
=================
Check NodeID traffic: 9509102
Update NodeID traffic: 6
=================
Read RS lines: 1000000 (84.1758) %
Write RS lines: 100000 (8.41758) %
Early RS lines: 87990 (7.40663) %
Read DDR lines: 18500764 (24.4346) %
Write DDR lines: 54575000 (72.0791) %
Early DDR lines: 2639700 (3.48634) %

====*** pos2 ***====
Stall reason distribution: 
mc_hazard: 0
normal: 0
rs_hazard: 0
rw_swtich: 0
Early reshuffle distribution: 
0: 0
1: 0
2: 1215
3: 3140
4: 3589
5: 3742
6: 3805
7: 3890
8: 3921
9: 3907
10: 3830
11: 3735
12: 3693
13: 3463
14: 2894
15: 1812
16: 89
17: 0
18: 0
=================
Max stash size is: 29
Average stash size is: 10.6341
Average mem q size is: 77.119
Total mem q size is:5735029
mem_q_sample_times is:74366
useful_read_pull_ddr: 21939 (0.0332759) %
dummy_read_pull_ddr: 15978061 (24.2347) %
useful_early_pull_ddr: 727607 (1.1036) %
useful_early_push_ddr: 7443 (0.0112891) %
useful_write_pull_ddr: 12792723 (19.4033) %
useful_write_push_ddr: 906812 (1.3754) %
dummy_early_pull_ddr: 46063 (0.0698659) %
dummy_early_push_ddr: 1949487 (2.95688) %
dummy_write_pull_ddr: 7277 (0.0110374) %
dummy_write_push_ddr: 33493188 (50.8007) %
=================
Stash violation number of times: 0
=================
Check NodeID traffic: 5749579
Update NodeID traffic: 0
=================
Read RS lines: 1000000 (83.7907) %
Write RS lines: 100000 (8.37907) %
Early RS lines: 93450 (7.83024) %
Read DDR lines: 16000000 (24.2679) %
Write DDR lines: 47200000 (71.5904) %
Early DDR lines: 2730600 (4.14163) %
=================
The final DRAM clk is: 417037797 ticks.
Idle waiting clk is 160529681, which is 38.4928 %
DRAM Frequency is: 1600MHz
The final time in ns is: 2.60649e+08 ns.
Time distribution: 
Data pull time is: 0
data: 0
pos1: 0
pos2: 0
Data distribution: 
Pos2 data: 65930600
Pos1 data: 75715464
Data: 75073896
Node access DDR: 13082160
Pull DDR: 18504136
WB DDR: 54575000
Early DDR: 1994760
Achieved BW is: 60.1722 GB/s
Ideal BW is: 102.4 GB/s
Metadata cache conclusion: 
overall_hit: 14452573 overall_total: 27533246
Cache Size 64 KB Overall Hit rate: 52.4914 %. 
Simulation done. Statistics written to results_all/stream_addr_output.txt
