Valid leaf ID range: 16777215:33554430
Num of top nodes: 16777216
Data level num of ways: 16777216
Z: 16
S: 27
A: 20
cached_total: 1
cached_total: 3
cached_total: 7
cached_total: 15
cached_total: 31
cached_total: 63
cached_total: 127
Total number of ORAM protected cache line blocks: 16777216
Cached number of levels: 6
Max number of levels: 25
Start lvl is: 0
data valid leaf right: 33554431
data num of levels: 25
data level num of ways: 16777216
data number of sets: 1
Cached node ID: 0 -- 95
Address space: 0 - 4 GB
pos1 valid leaf right: 4194303
pos1 num of levels: 22
pos1 level num of ways: 2097152
pos1 number of sets: 1
Cached node ID: 0 -- 11
Address space: 0 - 0.5 GB
pos2 valid leaf right: 524287
pos2 num of levels: 19
pos2 level num of ways: 262144
pos2 number of sets: 1
Cached node ID: 0 -- 5
Address space: 0 - 0.0625 GB
new addr: 404
(myrs->posMap.find(new_addr) != myrs->posMap.end()): 1
(myrs->posMap[new_addr].pending): 0
myrs->posMap[new_addr] = 1028
#2 ID 0 set true here
Clk7 @ 1000000 Finished 2117 instructions 
Clk7 @ 2000000 Finished 4386 instructions 
Sampling stash size at 4999 req has local max stash size of: 133
Clk7 @ 3000000 Finished 6727 instructions 
Clk3 @ 4000000 Finished 9061 instructions 
Clk@ 4397110 Working on the # 10000 th memory instruction
Sampling stash size at 9999 req has local max stash size of: 150
Clk7 @ 5000000 Finished 11459 instructions 
Clk3 @ 6000000 Finished 13888 instructions 
Sampling stash size at 14999 req has local max stash size of: 153
Clk7 @ 7000000 Finished 16262 instructions 
Clk3 @ 8000000 Finished 18701 instructions 
Clk@ 8544013 Working on the # 20000 th memory instruction
Sampling stash size at 19999 req has local max stash size of: 161
Clk3 @ 9000000 Finished 21102 instructions 
Clk7 @ 10000000 Finished 23511 instructions 
Sampling stash size at 24999 req has local max stash size of: 167
Clk3 @ 11000000 Finished 25999 instructions 
Clk3 @ 12000000 Finished 28444 instructions 
Clk@ 12635491 Working on the # 30000 th memory instruction
Sampling stash size at 29999 req has local max stash size of: 168
Clk3 @ 13000000 Finished 30823 instructions 
Clk3 @ 14000000 Finished 33206 instructions 
Sampling stash size at 34999 req has local max stash size of: 174
Clk3 @ 15000000 Finished 35661 instructions 
Clk3 @ 16000000 Finished 38107 instructions 
Clk@ 16775699 Working on the # 40000 th memory instruction
Sampling stash size at 39999 req has local max stash size of: 171
Clk3 @ 17000000 Finished 40543 instructions 
Clk7 @ 18000000 Finished 42955 instructions 
Sampling stash size at 44999 req has local max stash size of: 174
Clk3 @ 19000000 Finished 45442 instructions 
Clk3 @ 20000000 Finished 47827 instructions 
Clk@ 20882339 Working on the # 50000 th memory instruction
Sampling stash size at 49999 req has local max stash size of: 178
Clk3 @ 21000000 Finished 50286 instructions 
Clk7 @ 22000000 Finished 52766 instructions 
Sampling stash size at 54999 req has local max stash size of: 183
Clk3 @ 23000000 Finished 55206 instructions 
Clk3 @ 24000000 Finished 57654 instructions 
Clk@ 24945283 Working on the # 60000 th memory instruction
Sampling stash size at 59999 req has local max stash size of: 180
Clk3 @ 25000000 Finished 60127 instructions 
Clk7 @ 26000000 Finished 62363 instructions 
Sampling stash size at 64999 req has local max stash size of: 179
Clk7 @ 28000000 Finished 67204 instructions 
Clk7 @ 29000000 Finished 69637 instructions 
Clk@ 29147425 Working on the # 70000 th memory instruction
Sampling stash size at 69999 req has local max stash size of: 180
Clk7 @ 30000000 Finished 72100 instructions 
Clk7 @ 31000000 Finished 74565 instructions 
Sampling stash size at 74999 req has local max stash size of: 183
Clk3 @ 32000000 Finished 76987 instructions 
Clk7 @ 33000000 Finished 79433 instructions 
Clk@ 33226846 Working on the # 80000 th memory instruction
Sampling stash size at 79999 req has local max stash size of: 190
Clk7 @ 34000000 Finished 81887 instructions 
Clk3 @ 35000000 Finished 84263 instructions 
Sampling stash size at 84999 req has local max stash size of: 199
Clk3 @ 36000000 Finished 86683 instructions 
Clk3 @ 37000000 Finished 89143 instructions 
Clk@ 37354064 Working on the # 90000 th memory instruction
Sampling stash size at 89999 req has local max stash size of: 182
Clk3 @ 38000000 Finished 91528 instructions 
Clk7 @ 39000000 Finished 93917 instructions 
Sampling stash size at 94999 req has local max stash size of: 188
Clk3 @ 40000000 Finished 96369 instructions 
Clk3 @ 41000000 Finished 98827 instructions 
Clk@ 41482224 Working on the # 100000 th memory instruction
Sampling stash size at 99999 req has local max stash size of: 187
Clk7 @ 42000000 Finished 101250 instructions 
Clk3 @ 43000000 Finished 103689 instructions 
Sampling stash size at 104999 req has local max stash size of: 190
Clk3 @ 44000000 Finished 106127 instructions 
Clk3 @ 45000000 Finished 108544 instructions 
Clk@ 45599845 Working on the # 110000 th memory instruction
Sampling stash size at 109999 req has local max stash size of: 188
Clk7 @ 46000000 Finished 110988 instructions 
Clk3 @ 47000000 Finished 113447 instructions 
Sampling stash size at 114999 req has local max stash size of: 191
Clk3 @ 48000000 Finished 115884 instructions 
Clk3 @ 49000000 Finished 118326 instructions 
Clk@ 49684754 Working on the # 120000 th memory instruction
Sampling stash size at 119999 req has local max stash size of: 196
Clk3 @ 50000000 Finished 120758 instructions 
Clk3 @ 51000000 Finished 123018 instructions 
Sampling stash size at 124999 req has local max stash size of: 194
Clk7 @ 52000000 Finished 125244 instructions 
Clk3 @ 53000000 Finished 127643 instructions 
Clk@ 53974553 Working on the # 130000 th memory instruction
Sampling stash size at 129999 req has local max stash size of: 191
Clk3 @ 54000000 Finished 130063 instructions 
Clk3 @ 55000000 Finished 132487 instructions 
Clk3 @ 56000000 Finished 134962 instructions 
Sampling stash size at 134999 req has local max stash size of: 202
Clk3 @ 57000000 Finished 137371 instructions 
Clk3 @ 58000000 Finished 139807 instructions 
Clk@ 58078056 Working on the # 140000 th memory instruction
Sampling stash size at 139999 req has local max stash size of: 195
Clk3 @ 59000000 Finished 142275 instructions 
Clk3 @ 60000000 Finished 144722 instructions 
Sampling stash size at 144999 req has local max stash size of: 204
Clk7 @ 61000000 Finished 147153 instructions 
Clk3 @ 62000000 Finished 149626 instructions 
Clk@ 62153401 Working on the # 150000 th memory instruction
Sampling stash size at 149999 req has local max stash size of: 198
Clk7 @ 63000000 Finished 152078 instructions 
Clk3 @ 64000000 Finished 154427 instructions 
Sampling stash size at 154999 req has local max stash size of: 193
Clk3 @ 65000000 Finished 156865 instructions 
Clk3 @ 66000000 Finished 159309 instructions 
Clk@ 66280897 Working on the # 160000 th memory instruction
Sampling stash size at 159999 req has local max stash size of: 197
Clk7 @ 67000000 Finished 161753 instructions 
Clk3 @ 68000000 Finished 164147 instructions 
Sampling stash size at 164999 req has local max stash size of: 208
Clk3 @ 69000000 Finished 166487 instructions 
Clk7 @ 70000000 Finished 168866 instructions 
Clk@ 70459719 Working on the # 170000 th memory instruction
Sampling stash size at 169999 req has local max stash size of: 202
Clk3 @ 71000000 Finished 171288 instructions 
Clk7 @ 72000000 Finished 173689 instructions 
Sampling stash size at 174999 req has local max stash size of: 203
Clk3 @ 73000000 Finished 176126 instructions 
Clk7 @ 74000000 Finished 178564 instructions 
Clk@ 74595562 Working on the # 180000 th memory instruction
Sampling stash size at 179999 req has local max stash size of: 199
Clk3 @ 75000000 Finished 180987 instructions 
Clk3 @ 76000000 Finished 183346 instructions 
Sampling stash size at 184999 req has local max stash size of: 204
Clk7 @ 77000000 Finished 185744 instructions 
Clk3 @ 78000000 Finished 188025 instructions 
Clk@ 78808155 Working on the # 190000 th memory instruction
Sampling stash size at 189999 req has local max stash size of: 198
Clk7 @ 79000000 Finished 190467 instructions 
Clk3 @ 80000000 Finished 192922 instructions 
Sampling stash size at 194999 req has local max stash size of: 197
Clk3 @ 81000000 Finished 195347 instructions 
Clk7 @ 82000000 Finished 197808 instructions 
Clk@ 82903047 Working on the # 200000 th memory instruction
Sampling stash size at 199999 req has local max stash size of: 205
Clk7 @ 83000000 Finished 200242 instructions 
Clk7 @ 84000000 Finished 202654 instructions 
Sampling stash size at 204999 req has local max stash size of: 205
Clk3 @ 85000000 Finished 205092 instructions 
Clk7 @ 86000000 Finished 207497 instructions 
Clk3 @ 87000000 Finished 209936 instructions 
Clk@ 87024899 Working on the # 210000 th memory instruction
Sampling stash size at 209999 req has local max stash size of: 197
Clk7 @ 88000000 Finished 212349 instructions 
Clk3 @ 89000000 Finished 214782 instructions 
Sampling stash size at 214999 req has local max stash size of: 202
Clk7 @ 90000000 Finished 217168 instructions 
Clk3 @ 91000000 Finished 219563 instructions 
Clk@ 91174407 Working on the # 220000 th memory instruction
Sampling stash size at 219999 req has local max stash size of: 208
Clk3 @ 92000000 Finished 222002 instructions 
Clk7 @ 93000000 Finished 224457 instructions 
Sampling stash size at 224999 req has local max stash size of: 205
Clk3 @ 94000000 Finished 226887 instructions 
Clk3 @ 95000000 Finished 229305 instructions 
Clk@ 95280918 Working on the # 230000 th memory instruction
Sampling stash size at 229999 req has local max stash size of: 208
Clk7 @ 96000000 Finished 231757 instructions 
Clk3 @ 97000000 Finished 234164 instructions 
Sampling stash size at 234999 req has local max stash size of: 206
Clk3 @ 98000000 Finished 236607 instructions 
Clk7 @ 99000000 Finished 239057 instructions 
Clk@ 99383361 Working on the # 240000 th memory instruction
Sampling stash size at 239999 req has local max stash size of: 204
Clk7 @ 100000000 Finished 241467 instructions 
Clk7 @ 101000000 Finished 243846 instructions 
Sampling stash size at 244999 req has local max stash size of: 209
Clk3 @ 102000000 Finished 246041 instructions 
Clk3 @ 103000000 Finished 248207 instructions 
Clk@ 103781016 Working on the # 250000 th memory instruction
Sampling stash size at 249999 req has local max stash size of: 202
Clk7 @ 104000000 Finished 250505 instructions 
Clk7 @ 105000000 Finished 252893 instructions 
Sampling stash size at 254999 req has local max stash size of: 222
Clk7 @ 106000000 Finished 255266 instructions 
Clk3 @ 107000000 Finished 257667 instructions 
Clk@ 107965866 Working on the # 260000 th memory instruction
Sampling stash size at 259999 req has local max stash size of: 203
Clk3 @ 108000000 Finished 260084 instructions 
Clk7 @ 109000000 Finished 262505 instructions 
Clk3 @ 110000000 Finished 264893 instructions 
Sampling stash size at 264999 req has local max stash size of: 206
Clk3 @ 111000000 Finished 267343 instructions 
Clk3 @ 112000000 Finished 269801 instructions 
Clk@ 112080199 Working on the # 270000 th memory instruction
Sampling stash size at 269999 req has local max stash size of: 208
Clk7 @ 113000000 Finished 272240 instructions 
Clk7 @ 114000000 Finished 274615 instructions 
Sampling stash size at 274999 req has local max stash size of: 210
Clk3 @ 115000000 Finished 277051 instructions 
Clk7 @ 116000000 Finished 279441 instructions 
Clk@ 116229764 Working on the # 280000 th memory instruction
Sampling stash size at 279999 req has local max stash size of: 207
Clk7 @ 117000000 Finished 281895 instructions 
Clk3 @ 118000000 Finished 284329 instructions 
Sampling stash size at 284999 req has local max stash size of: 208
Clk3 @ 119000000 Finished 286763 instructions 
Clk7 @ 120000000 Finished 289190 instructions 
Clk@ 120336799 Working on the # 290000 th memory instruction
Sampling stash size at 289999 req has local max stash size of: 204
Clk3 @ 121000000 Finished 291618 instructions 
Clk7 @ 122000000 Finished 294045 instructions 
Sampling stash size at 294999 req has local max stash size of: 214
Clk3 @ 123000000 Finished 296503 instructions 
Clk7 @ 124000000 Finished 298933 instructions 
Clk@ 124431944 Working on the # 300000 th memory instruction
Sampling stash size at 299999 req has local max stash size of: 213
Clk3 @ 125000000 Finished 301364 instructions 
Clk3 @ 126000000 Finished 303800 instructions 
Sampling stash size at 304999 req has local max stash size of: 205
Clk3 @ 127000000 Finished 306087 instructions 
Clk3 @ 128000000 Finished 308503 instructions 
Clk@ 128649288 Working on the # 310000 th memory instruction
Sampling stash size at 309999 req has local max stash size of: 211
Clk7 @ 129000000 Finished 310847 instructions 
Clk3 @ 130000000 Finished 313276 instructions 
Sampling stash size at 314999 req has local max stash size of: 220
Clk7 @ 131000000 Finished 315716 instructions 
Clk7 @ 132000000 Finished 318141 instructions 
Clk@ 132760501 Working on the # 320000 th memory instruction
Sampling stash size at 319999 req has local max stash size of: 222
Clk3 @ 133000000 Finished 320547 instructions 
Clk3 @ 134000000 Finished 323021 instructions 
Sampling stash size at 324999 req has local max stash size of: 216
Clk3 @ 135000000 Finished 325421 instructions 
Clk7 @ 136000000 Finished 327813 instructions 
Clk@ 136914778 Working on the # 330000 th memory instruction
Sampling stash size at 329999 req has local max stash size of: 210
Clk7 @ 137000000 Finished 330204 instructions 
Clk7 @ 138000000 Finished 332545 instructions 
Clk3 @ 139000000 Finished 334965 instructions 
Sampling stash size at 334999 req has local max stash size of: 207
Clk3 @ 140000000 Finished 337367 instructions 
Clk7 @ 140000000 Finished 337367 instructions 
Clk7 @ 141000000 Finished 339803 instructions 
Clk@ 141080104 Working on the # 340000 th memory instruction
Sampling stash size at 339999 req has local max stash size of: 203
Clk7 @ 142000000 Finished 342209 instructions 
Clk3 @ 143000000 Finished 344548 instructions 
Sampling stash size at 344999 req has local max stash size of: 210
Clk3 @ 144000000 Finished 346962 instructions 
Clk3 @ 145000000 Finished 349402 instructions 
Clk@ 145243395 Working on the # 350000 th memory instruction
Sampling stash size at 349999 req has local max stash size of: 212
Clk3 @ 146000000 Finished 351820 instructions 
Clk7 @ 147000000 Finished 354277 instructions 
Sampling stash size at 354999 req has local max stash size of: 207
Clk7 @ 148000000 Finished 356706 instructions 
Clk7 @ 149000000 Finished 359085 instructions 
Clk@ 149374832 Working on the # 360000 th memory instruction
Sampling stash size at 359999 req has local max stash size of: 210
Clk3 @ 150000000 Finished 361527 instructions 
Clk3 @ 151000000 Finished 363966 instructions 
Sampling stash size at 364999 req has local max stash size of: 203
Clk7 @ 152000000 Finished 366244 instructions 
Clk3 @ 153000000 Finished 368667 instructions 
Clk@ 153551086 Working on the # 370000 th memory instruction
Sampling stash size at 369999 req has local max stash size of: 216
Clk7 @ 154000000 Finished 371067 instructions 
Clk7 @ 155000000 Finished 373328 instructions 
Sampling stash size at 374999 req has local max stash size of: 205
Clk3 @ 156000000 Finished 375670 instructions 
Clk3 @ 157000000 Finished 378107 instructions 
Clk@ 157769197 Working on the # 380000 th memory instruction
Sampling stash size at 379999 req has local max stash size of: 209
Clk7 @ 158000000 Finished 380549 instructions 
Clk7 @ 159000000 Finished 382959 instructions 
Sampling stash size at 384999 req has local max stash size of: 215
Clk3 @ 160000000 Finished 385421 instructions 
Clk7 @ 161000000 Finished 387869 instructions 
Clk@ 161890234 Working on the # 390000 th memory instruction
Sampling stash size at 389999 req has local max stash size of: 214
Clk3 @ 162000000 Finished 390267 instructions 
Clk7 @ 163000000 Finished 392722 instructions 
Sampling stash size at 394999 req has local max stash size of: 216
Clk3 @ 164000000 Finished 395182 instructions 
Clk3 @ 165000000 Finished 397531 instructions 
Clk7 @ 166000000 Finished 399989 instructions 
Clk@ 166002090 Working on the # 400000 th memory instruction
Sampling stash size at 399999 req has local max stash size of: 212
Clk3 @ 167000000 Finished 402406 instructions 
Clk3 @ 168000000 Finished 404804 instructions 
Sampling stash size at 404999 req has local max stash size of: 217
Clk7 @ 169000000 Finished 407222 instructions 
Clk3 @ 170000000 Finished 409646 instructions 
Clk@ 170142604 Working on the # 410000 th memory instruction
Sampling stash size at 409999 req has local max stash size of: 219
Clk7 @ 171000000 Finished 412081 instructions 
Clk7 @ 172000000 Finished 414481 instructions 
Sampling stash size at 414999 req has local max stash size of: 212
Clk7 @ 173000000 Finished 416923 instructions 
Clk3 @ 174000000 Finished 419326 instructions 
Clk@ 174271588 Working on the # 420000 th memory instruction
Sampling stash size at 419999 req has local max stash size of: 208
Clk3 @ 175000000 Finished 421766 instructions 
Clk3 @ 176000000 Finished 424182 instructions 
Sampling stash size at 424999 req has local max stash size of: 214
Clk3 @ 177000000 Finished 426584 instructions 
Clk3 @ 178000000 Finished 428987 instructions 
Clk@ 178414035 Working on the # 430000 th memory instruction
Sampling stash size at 429999 req has local max stash size of: 212
Clk7 @ 179000000 Finished 431406 instructions 
Clk7 @ 180000000 Finished 433807 instructions 
Sampling stash size at 434999 req has local max stash size of: 221
Clk3 @ 181000000 Finished 436102 instructions 
Clk3 @ 182000000 Finished 438523 instructions 
Clk@ 182597382 Working on the # 440000 th memory instruction
Sampling stash size at 439999 req has local max stash size of: 214
Clk3 @ 183000000 Finished 440984 instructions 
Clk3 @ 184000000 Finished 443403 instructions 
Sampling stash size at 444999 req has local max stash size of: 215
Clk3 @ 185000000 Finished 445845 instructions 
Clk3 @ 186000000 Finished 448285 instructions 
Clk@ 186710721 Working on the # 450000 th memory instruction
Sampling stash size at 449999 req has local max stash size of: 213
Clk3 @ 187000000 Finished 450705 instructions 
Clk7 @ 188000000 Finished 453138 instructions 
Sampling stash size at 454999 req has local max stash size of: 215
Clk3 @ 189000000 Finished 455561 instructions 
Clk3 @ 190000000 Finished 457947 instructions 
Clk@ 190832982 Working on the # 460000 th memory instruction
Sampling stash size at 459999 req has local max stash size of: 218
Clk3 @ 191000000 Finished 460405 instructions 
Clk3 @ 192000000 Finished 462846 instructions 
Sampling stash size at 464999 req has local max stash size of: 218
Clk3 @ 193000000 Finished 465219 instructions 
Clk3 @ 194000000 Finished 467643 instructions 
Clk@ 194965575 Working on the # 470000 th memory instruction
Sampling stash size at 469999 req has local max stash size of: 215
Clk3 @ 195000000 Finished 470086 instructions 
Clk7 @ 196000000 Finished 472487 instructions 
Clk3 @ 197000000 Finished 474922 instructions 
Sampling stash size at 474999 req has local max stash size of: 216
Clk7 @ 198000000 Finished 477361 instructions 
Clk3 @ 199000000 Finished 479822 instructions 
Clk@ 199078582 Working on the # 480000 th memory instruction
Sampling stash size at 479999 req has local max stash size of: 226
Clk3 @ 200000000 Finished 482203 instructions 
Clk7 @ 201000000 Finished 484599 instructions 
Sampling stash size at 484999 req has local max stash size of: 211
Clk7 @ 202000000 Finished 486979 instructions 
Clk3 @ 203000000 Finished 489107 instructions 
Clk@ 203384224 Working on the # 490000 th memory instruction
Sampling stash size at 489999 req has local max stash size of: 223
Clk3 @ 204000000 Finished 491435 instructions 
Clk7 @ 205000000 Finished 493676 instructions 
Sampling stash size at 494999 req has local max stash size of: 212
Clk3 @ 206000000 Finished 495799 instructions 
Clk7 @ 206000000 Finished 495800 instructions 
Clk3 @ 207000000 Finished 498071 instructions 
Clk@ 207845433 Working on the # 500000 th memory instruction
Warm up done after line access count: 500000 out of 1000000 (50 %)
Sampling stash size at 499999 req has local max stash size of: 209
Clk7 @ 208000000 Finished 500348 instructions 
Clk7 @ 209000000 Finished 502690 instructions 
Sampling stash size at 504999 req has local max stash size of: 219
Clk7 @ 210000000 Finished 505057 instructions 
Clk7 @ 211000000 Finished 507425 instructions 
Clk3 @ 212000000 Finished 509807 instructions 
Clk@ 212082057 Working on the # 510000 th memory instruction
Sampling stash size at 509999 req has local max stash size of: 217
Clk3 @ 213000000 Finished 512107 instructions 
Clk3 @ 214000000 Finished 514501 instructions 
Sampling stash size at 514999 req has local max stash size of: 224
Clk3 @ 215000000 Finished 516924 instructions 
Clk3 @ 216000000 Finished 519270 instructions 
Clk@ 216295959 Working on the # 520000 th memory instruction
Sampling stash size at 519999 req has local max stash size of: 222
Clk7 @ 217000000 Finished 521696 instructions 
Clk7 @ 218000000 Finished 524092 instructions 
Sampling stash size at 524999 req has local max stash size of: 216
Clk7 @ 219000000 Finished 526431 instructions 
Clk3 @ 220000000 Finished 528825 instructions 
Clk@ 220488573 Working on the # 530000 th memory instruction
Sampling stash size at 529999 req has local max stash size of: 221
Clk7 @ 221000000 Finished 531244 instructions 
Clk3 @ 222000000 Finished 533627 instructions 
Sampling stash size at 534999 req has local max stash size of: 221
Clk3 @ 223000000 Finished 536047 instructions 
Clk7 @ 224000000 Finished 538487 instructions 
Clk@ 224622270 Working on the # 540000 th memory instruction
Sampling stash size at 539999 req has local max stash size of: 218
Clk3 @ 225000000 Finished 540904 instructions 
Clk3 @ 226000000 Finished 543302 instructions 
Sampling stash size at 544999 req has local max stash size of: 217
Clk3 @ 227000000 Finished 545720 instructions 
Clk3 @ 228000000 Finished 548128 instructions 
Clk@ 228827119 Working on the # 550000 th memory instruction
Sampling stash size at 549999 req has local max stash size of: 216
Clk3 @ 229000000 Finished 550421 instructions 
Clk3 @ 230000000 Finished 552847 instructions 
Sampling stash size at 554999 req has local max stash size of: 218
Clk7 @ 231000000 Finished 555267 instructions 
Clk3 @ 232000000 Finished 557595 instructions 
Clk@ 232984513 Working on the # 560000 th memory instruction
Sampling stash size at 559999 req has local max stash size of: 215
Clk7 @ 233000000 Finished 560033 instructions 
Clk3 @ 234000000 Finished 562447 instructions 
Clk3 @ 235000000 Finished 564863 instructions 
Sampling stash size at 564999 req has local max stash size of: 222
Clk3 @ 236000000 Finished 567302 instructions 
Clk7 @ 237000000 Finished 569686 instructions 
Clk@ 237127828 Working on the # 570000 th memory instruction
Sampling stash size at 569999 req has local max stash size of: 217
Clk7 @ 238000000 Finished 572107 instructions 
Clk3 @ 239000000 Finished 574547 instructions 
Sampling stash size at 574999 req has local max stash size of: 217
Clk3 @ 240000000 Finished 576957 instructions 
Clk3 @ 241000000 Finished 579360 instructions 
Clk@ 241266094 Working on the # 580000 th memory instruction
Sampling stash size at 579999 req has local max stash size of: 219
Clk3 @ 242000000 Finished 581805 instructions 
Clk7 @ 243000000 Finished 584227 instructions 
Sampling stash size at 584999 req has local max stash size of: 213
Clk3 @ 244000000 Finished 586633 instructions 
Clk7 @ 245000000 Finished 589007 instructions 
Clk@ 245403793 Working on the # 590000 th memory instruction
Sampling stash size at 589999 req has local max stash size of: 219
Clk3 @ 246000000 Finished 591447 instructions 
Clk3 @ 247000000 Finished 593886 instructions 
Sampling stash size at 594999 req has local max stash size of: 219
Clk3 @ 248000000 Finished 596304 instructions 
Clk@ 249516638 Working on the # 600000 th memory instruction
Sampling stash size at 599999 req has local max stash size of: 213
Clk7 @ 250000000 Finished 601178 instructions 
Clk3 @ 251000000 Finished 603568 instructions 
Sampling stash size at 604999 req has local max stash size of: 226
Clk3 @ 252000000 Finished 605992 instructions 
Clk3 @ 253000000 Finished 608427 instructions 
Clk@ 253697940 Working on the # 610000 th memory instruction
Sampling stash size at 609999 req has local max stash size of: 212
Clk3 @ 254000000 Finished 610662 instructions 
Clk7 @ 255000000 Finished 613036 instructions 
Sampling stash size at 614999 req has local max stash size of: 217
Clk3 @ 256000000 Finished 615427 instructions 
Clk3 @ 257000000 Finished 617742 instructions 
Clk@ 257959742 Working on the # 620000 th memory instruction
Sampling stash size at 619999 req has local max stash size of: 218
Clk7 @ 258000000 Finished 620097 instructions 
Clk3 @ 259000000 Finished 622521 instructions 
Clk3 @ 260000000 Finished 624922 instructions 
Sampling stash size at 624999 req has local max stash size of: 218
Clk3 @ 261000000 Finished 627347 instructions 
Clk3 @ 262000000 Finished 629786 instructions 
Clk@ 262089277 Working on the # 630000 th memory instruction
Sampling stash size at 629999 req has local max stash size of: 222
Clk3 @ 263000000 Finished 632224 instructions 
Clk3 @ 264000000 Finished 634610 instructions 
Sampling stash size at 634999 req has local max stash size of: 228
Clk7 @ 265000000 Finished 637041 instructions 
Clk3 @ 266000000 Finished 639484 instructions 
Clk@ 266208511 Working on the # 640000 th memory instruction
Sampling stash size at 639999 req has local max stash size of: 220
Clk3 @ 267000000 Finished 641843 instructions 
Clk3 @ 268000000 Finished 644267 instructions 
Sampling stash size at 644999 req has local max stash size of: 217
Clk7 @ 269000000 Finished 646708 instructions 
Clk3 @ 270000000 Finished 649101 instructions 
Clk@ 270368274 Working on the # 650000 th memory instruction
Sampling stash size at 649999 req has local max stash size of: 228
Clk3 @ 271000000 Finished 651492 instructions 
Clk3 @ 272000000 Finished 653904 instructions 
Sampling stash size at 654999 req has local max stash size of: 219
Clk7 @ 274000000 Finished 658716 instructions 
Clk@ 274534215 Working on the # 660000 th memory instruction
Sampling stash size at 659999 req has local max stash size of: 211
Clk7 @ 275000000 Finished 661107 instructions 
Clk3 @ 276000000 Finished 663485 instructions 
Sampling stash size at 664999 req has local max stash size of: 216
Clk3 @ 277000000 Finished 665823 instructions 
Clk3 @ 278000000 Finished 668247 instructions 
Clk@ 278717287 Working on the # 670000 th memory instruction
Sampling stash size at 669999 req has local max stash size of: 219
Clk3 @ 279000000 Finished 670642 instructions 
Clk7 @ 280000000 Finished 673024 instructions 
Sampling stash size at 674999 req has local max stash size of: 235
Clk3 @ 281000000 Finished 675464 instructions 
Clk7 @ 282000000 Finished 677901 instructions 
Clk@ 282877902 Working on the # 680000 th memory instruction
Sampling stash size at 679999 req has local max stash size of: 220
Clk7 @ 283000000 Finished 680296 instructions 
Clk7 @ 284000000 Finished 682700 instructions 
Sampling stash size at 684999 req has local max stash size of: 221
Clk7 @ 285000000 Finished 685083 instructions 
Clk3 @ 286000000 Finished 687364 instructions 
Clk7 @ 287000000 Finished 689800 instructions 
Clk@ 287082245 Working on the # 690000 th memory instruction
Sampling stash size at 689999 req has local max stash size of: 219
Clk3 @ 288000000 Finished 692243 instructions 
Clk3 @ 289000000 Finished 694627 instructions 
Sampling stash size at 694999 req has local max stash size of: 219
Clk7 @ 290000000 Finished 697047 instructions 
Clk3 @ 291000000 Finished 699461 instructions 
Clk@ 291218878 Working on the # 700000 th memory instruction
Sampling stash size at 699999 req has local max stash size of: 220
Clk3 @ 292000000 Finished 701863 instructions 
Clk3 @ 293000000 Finished 704304 instructions 
Sampling stash size at 704999 req has local max stash size of: 218
Clk3 @ 294000000 Finished 706704 instructions 
Clk3 @ 295000000 Finished 709145 instructions 
Clk@ 295351499 Working on the # 710000 th memory instruction
Sampling stash size at 709999 req has local max stash size of: 225
Clk7 @ 296000000 Finished 711574 instructions 
Clk3 @ 297000000 Finished 714026 instructions 
Sampling stash size at 714999 req has local max stash size of: 220
Clk7 @ 298000000 Finished 716427 instructions 
Clk7 @ 299000000 Finished 718808 instructions 
Clk@ 299486514 Working on the # 720000 th memory instruction
Sampling stash size at 719999 req has local max stash size of: 216
Clk7 @ 300000000 Finished 721242 instructions 
Clk3 @ 301000000 Finished 723686 instructions 
Sampling stash size at 724999 req has local max stash size of: 221
Clk3 @ 302000000 Finished 726086 instructions 
Clk3 @ 303000000 Finished 728489 instructions 
Clk@ 303633609 Working on the # 730000 th memory instruction
Sampling stash size at 729999 req has local max stash size of: 227
Clk7 @ 304000000 Finished 730858 instructions 
Clk7 @ 305000000 Finished 733078 instructions 
Sampling stash size at 734999 req has local max stash size of: 219
Clk3 @ 306000000 Finished 735511 instructions 
Clk7 @ 307000000 Finished 737932 instructions 
Clk@ 307863886 Working on the # 740000 th memory instruction
Sampling stash size at 739999 req has local max stash size of: 215
Clk7 @ 308000000 Finished 740324 instructions 
Clk7 @ 309000000 Finished 742667 instructions 
Clk3 @ 310000000 Finished 744967 instructions 
Sampling stash size at 744999 req has local max stash size of: 228
Clk7 @ 311000000 Finished 747155 instructions 
Clk7 @ 312000000 Finished 749499 instructions 
Clk@ 312201892 Working on the # 750000 th memory instruction
Sampling stash size at 749999 req has local max stash size of: 228
Clk7 @ 313000000 Finished 751908 instructions 
Clk7 @ 314000000 Finished 754322 instructions 
Sampling stash size at 754999 req has local max stash size of: 222
Clk3 @ 315000000 Finished 756708 instructions 
Clk3 @ 316000000 Finished 759144 instructions 
Clk@ 316341547 Working on the # 760000 th memory instruction
Sampling stash size at 759999 req has local max stash size of: 232
Clk3 @ 317000000 Finished 761584 instructions 
Clk3 @ 318000000 Finished 763938 instructions 
Sampling stash size at 764999 req has local max stash size of: 221
Clk3 @ 319000000 Finished 766364 instructions 
Clk7 @ 320000000 Finished 768809 instructions 
Clk@ 320493309 Working on the # 770000 th memory instruction
Sampling stash size at 769999 req has local max stash size of: 224
Clk7 @ 321000000 Finished 771240 instructions 
Clk3 @ 322000000 Finished 773644 instructions 
Sampling stash size at 774999 req has local max stash size of: 226
Clk3 @ 323000000 Finished 776085 instructions 
Clk3 @ 324000000 Finished 778485 instructions 
Clk@ 324635172 Working on the # 780000 th memory instruction
Sampling stash size at 779999 req has local max stash size of: 220
Clk7 @ 325000000 Finished 780890 instructions 
Clk7 @ 326000000 Finished 783342 instructions 
Sampling stash size at 784999 req has local max stash size of: 230
Clk3 @ 327000000 Finished 785748 instructions 
Clk7 @ 327000000 Finished 785748 instructions 
Clk3 @ 328000000 Finished 788179 instructions 
Clk@ 328754575 Working on the # 790000 th memory instruction
Sampling stash size at 789999 req has local max stash size of: 220
Clk3 @ 329000000 Finished 790594 instructions 
Clk3 @ 330000000 Finished 792907 instructions 
Sampling stash size at 794999 req has local max stash size of: 219
Clk3 @ 331000000 Finished 795288 instructions 
Clk3 @ 332000000 Finished 797742 instructions 
Clk@ 332927900 Working on the # 800000 th memory instruction
Sampling stash size at 799999 req has local max stash size of: 222
Clk7 @ 333000000 Finished 800163 instructions 
Clk7 @ 334000000 Finished 802573 instructions 
Sampling stash size at 804999 req has local max stash size of: 222
Clk3 @ 336000000 Finished 807437 instructions 
Clk@ 337085577 Working on the # 810000 th memory instruction
Sampling stash size at 809999 req has local max stash size of: 220
Clk3 @ 338000000 Finished 812227 instructions 
Clk7 @ 339000000 Finished 814646 instructions 
Sampling stash size at 814999 req has local max stash size of: 224
Clk3 @ 340000000 Finished 817053 instructions 
Clk7 @ 341000000 Finished 819463 instructions 
Clk@ 341216831 Working on the # 820000 th memory instruction
Sampling stash size at 819999 req has local max stash size of: 225
Clk3 @ 342000000 Finished 821884 instructions 
Clk3 @ 343000000 Finished 824267 instructions 
Sampling stash size at 824999 req has local max stash size of: 220
Clk3 @ 344000000 Finished 826694 instructions 
Clk7 @ 345000000 Finished 829036 instructions 
Clk@ 345395355 Working on the # 830000 th memory instruction
Sampling stash size at 829999 req has local max stash size of: 224
Clk3 @ 346000000 Finished 831445 instructions 
Clk3 @ 347000000 Finished 833867 instructions 
Sampling stash size at 834999 req has local max stash size of: 218
Clk3 @ 348000000 Finished 836283 instructions 
Clk3 @ 349000000 Finished 838627 instructions 
Clk@ 349559220 Working on the # 840000 th memory instruction
Sampling stash size at 839999 req has local max stash size of: 219
Clk7 @ 350000000 Finished 841068 instructions 
Clk7 @ 351000000 Finished 843449 instructions 
Sampling stash size at 844999 req has local max stash size of: 222
Clk3 @ 352000000 Finished 845882 instructions 
Clk3 @ 353000000 Finished 848271 instructions 
Clk@ 353708178 Working on the # 850000 th memory instruction
Sampling stash size at 849999 req has local max stash size of: 227
Clk7 @ 354000000 Finished 850700 instructions 
Clk7 @ 355000000 Finished 853091 instructions 
Sampling stash size at 854999 req has local max stash size of: 216
Clk3 @ 356000000 Finished 855395 instructions 
Clk3 @ 357000000 Finished 857817 instructions 
Clk@ 357900724 Working on the # 860000 th memory instruction
Sampling stash size at 859999 req has local max stash size of: 225
Clk3 @ 358000000 Finished 860227 instructions 
Clk3 @ 359000000 Finished 862662 instructions 
Sampling stash size at 864999 req has local max stash size of: 222
Clk3 @ 360000000 Finished 865062 instructions 
Clk3 @ 361000000 Finished 867456 instructions 
Clk3 @ 362000000 Finished 869685 instructions 
Clk@ 362136449 Working on the # 870000 th memory instruction
Sampling stash size at 869999 req has local max stash size of: 234
Clk7 @ 363000000 Finished 872083 instructions 
Clk3 @ 364000000 Finished 874485 instructions 
Sampling stash size at 874999 req has local max stash size of: 226
Clk3 @ 365000000 Finished 876887 instructions 
Clk7 @ 366000000 Finished 879347 instructions 
Clk@ 366265461 Working on the # 880000 th memory instruction
Sampling stash size at 879999 req has local max stash size of: 222
Clk3 @ 367000000 Finished 881767 instructions 
Clk3 @ 368000000 Finished 884147 instructions 
Sampling stash size at 884999 req has local max stash size of: 221
Clk3 @ 369000000 Finished 886587 instructions 
Clk7 @ 370000000 Finished 889009 instructions 
Clk@ 370405569 Working on the # 890000 th memory instruction
Sampling stash size at 889999 req has local max stash size of: 231
Clk3 @ 371000000 Finished 891447 instructions 
Clk3 @ 372000000 Finished 893849 instructions 
Sampling stash size at 894999 req has local max stash size of: 227
Clk7 @ 373000000 Finished 896247 instructions 
Clk7 @ 374000000 Finished 898676 instructions 
Clk@ 374557194 Working on the # 900000 th memory instruction
Sampling stash size at 899999 req has local max stash size of: 217
Clk3 @ 375000000 Finished 901071 instructions 
Clk3 @ 376000000 Finished 903458 instructions 
Sampling stash size at 904999 req has local max stash size of: 228
Clk7 @ 377000000 Finished 905887 instructions 
Clk3 @ 378000000 Finished 908307 instructions 
Clk@ 378709069 Working on the # 910000 th memory instruction
Sampling stash size at 909999 req has local max stash size of: 221
Clk7 @ 379000000 Finished 910707 instructions 
Clk7 @ 380000000 Finished 913129 instructions 
Sampling stash size at 914999 req has local max stash size of: 222
Clk3 @ 381000000 Finished 915451 instructions 
Clk3 @ 382000000 Finished 917888 instructions 
Clk@ 382869545 Working on the # 920000 th memory instruction
Sampling stash size at 919999 req has local max stash size of: 226
Clk7 @ 383000000 Finished 920309 instructions 
Clk3 @ 384000000 Finished 922705 instructions 
Sampling stash size at 924999 req has local max stash size of: 232
Clk3 @ 385000000 Finished 925154 instructions 
Clk7 @ 386000000 Finished 927589 instructions 
Clk7 @ 387000000 Finished 929920 instructions 
Clk@ 387035795 Working on the # 930000 th memory instruction
Sampling stash size at 929999 req has local max stash size of: 233
Clk7 @ 388000000 Finished 932261 instructions 
Clk3 @ 389000000 Finished 934663 instructions 
Sampling stash size at 934999 req has local max stash size of: 222
Clk3 @ 390000000 Finished 937103 instructions 
Clk7 @ 391000000 Finished 939504 instructions 
Clk@ 391203295 Working on the # 940000 th memory instruction
Sampling stash size at 939999 req has local max stash size of: 223
Clk3 @ 392000000 Finished 941947 instructions 
Clk7 @ 393000000 Finished 944364 instructions 
Sampling stash size at 944999 req has local max stash size of: 227
Clk7 @ 394000000 Finished 946722 instructions 
Clk3 @ 395000000 Finished 949127 instructions 
Clk@ 395360385 Working on the # 950000 th memory instruction
Sampling stash size at 949999 req has local max stash size of: 239
Clk7 @ 396000000 Finished 951533 instructions 
Clk3 @ 397000000 Finished 953922 instructions 
Sampling stash size at 954999 req has local max stash size of: 239
Clk3 @ 398000000 Finished 956327 instructions 
Clk3 @ 399000000 Finished 958745 instructions 
Clk@ 399514319 Working on the # 960000 th memory instruction
Sampling stash size at 959999 req has local max stash size of: 231
Clk7 @ 400000000 Finished 961102 instructions 
Clk3 @ 401000000 Finished 963508 instructions 
Sampling stash size at 964999 req has local max stash size of: 221
Clk3 @ 402000000 Finished 965866 instructions 
Clk3 @ 403000000 Finished 968233 instructions 
Clk@ 403741187 Working on the # 970000 th memory instruction
Sampling stash size at 969999 req has local max stash size of: 222
Clk7 @ 404000000 Finished 970622 instructions 
Clk7 @ 405000000 Finished 973003 instructions 
Sampling stash size at 974999 req has local max stash size of: 220
Clk3 @ 406000000 Finished 975263 instructions 
Clk3 @ 407000000 Finished 977327 instructions 
Clk7 @ 408000000 Finished 979580 instructions 
Clk@ 408179674 Working on the # 980000 th memory instruction
Sampling stash size at 979999 req has local max stash size of: 226
Clk3 @ 409000000 Finished 981925 instructions 
Clk3 @ 410000000 Finished 984193 instructions 
Sampling stash size at 984999 req has local max stash size of: 222
Clk3 @ 411000000 Finished 986507 instructions 
Clk7 @ 412000000 Finished 988793 instructions 
Clk@ 412545605 Working on the # 990000 th memory instruction
Sampling stash size at 989999 req has local max stash size of: 225
Clk7 @ 413000000 Finished 990947 instructions 
Clk7 @ 414000000 Finished 993227 instructions 
Sampling stash size at 994999 req has local max stash size of: 232
Clk3 @ 415000000 Finished 995606 instructions 
Clk3 @ 416000000 Finished 997947 instructions 
Clk@ 416883980 Working on the # 1000000 th memory instruction
Sampling stash size at 999999 req has local max stash size of: 229

===*** Data ***====
Stall reason distribution: 
mc_hazard: 0
normal: 0
rs_hazard: 0
rw_swtich: 0
Early reshuffle distribution: 
0: 0
1: 0
2: 0
3: 0
4: 0
5: 0
6: 1746
7: 3876
8: 3824
9: 3897
10: 3827
11: 3788
12: 3571
13: 3391
14: 2849
15: 1798
16: 92
17: 0
18: 0
19: 0
20: 0
21: 0
22: 0
23: 0
24: 0
=================
Max stash size is: 239
Average stash size is: 114.557
Average mem q size is: 59.2096
Total mem q size is:14989987
mem_q_sample_times is:253168
useful_read_pull_ddr: 500007 (1.31003) %
dummy_read_pull_ddr: 8746797 (22.9168) %
useful_early_pull_ddr: 288366 (0.755525) %
useful_early_push_ddr: 166409 (0.435995) %
useful_write_pull_ddr: 7370069 (19.3097) %
useful_write_push_ddr: 3151181 (8.25616) %
dummy_early_pull_ddr: 21799 (0.0571138) %
dummy_early_push_ddr: 618126 (1.6195) %
dummy_write_pull_ddr: 30235 (0.0792164) %
dummy_write_push_ddr: 17274636 (45.2599) %
=================
Stash violation number of times: 0
=================
Check NodeID traffic: 6540348
Update NodeID traffic: 33
=================
Read RS lines: 1000000 (85.8135) %
Write RS lines: 100000 (8.58135) %
Early RS lines: 65318 (5.60517) %
Read DDR lines: 18494425 (24.6497) %
Write DDR lines: 54575000 (72.7386) %
Early DDR lines: 1959540 (2.61171) %

====*** pos1 ***====
Stall reason distribution: 
mc_hazard: 0
normal: 0
rs_hazard: 0
rw_swtich: 0
Early reshuffle distribution: 
0: 0
1: 0
2: 0
3: 1540
4: 3591
5: 3776
6: 3748
7: 3836
8: 3807
9: 3917
10: 3837
11: 3769
12: 3637
13: 3365
14: 2830
15: 1840
16: 82
17: 0
18: 0
19: 0
20: 0
21: 0
=================
Max stash size is: 180
Average stash size is: 76.1333
Average mem q size is: 79.6306
Total mem q size is:7089036
mem_q_sample_times is:89024
useful_read_pull_ddr: 772152 (1.00588) %
dummy_read_pull_ddr: 17727217 (23.0932) %
useful_early_pull_ddr: 676598 (0.881402) %
useful_early_push_ddr: 278080 (0.362254) %
useful_write_pull_ddr: 14619339 (19.0446) %
useful_write_push_ddr: 5312686 (6.92082) %
dummy_early_pull_ddr: 64177 (0.0836031) %
dummy_early_push_ddr: 1595645 (2.07864) %
dummy_write_pull_ddr: 180661 (0.235346) %
dummy_write_push_ddr: 35537314 (46.2943) %
=================
Stash violation number of times: 0
=================
Check NodeID traffic: 9511543
Update NodeID traffic: 6
=================
Read RS lines: 1000000 (84.2354) %
Write RS lines: 100000 (8.42354) %
Early RS lines: 87150 (7.34111) %
Read DDR lines: 18499369 (24.4413) %
Write DDR lines: 54575000 (72.1044) %
Early DDR lines: 2614500 (3.45427) %

====*** pos2 ***====
Stall reason distribution: 
mc_hazard: 0
normal: 0
rs_hazard: 0
rw_swtich: 0
Early reshuffle distribution: 
0: 0
1: 0
2: 1250
3: 3220
4: 3561
5: 3723
6: 3825
7: 3885
8: 3859
9: 3866
10: 3816
11: 3744
12: 3709
13: 3382
14: 2896
15: 1799
16: 85
17: 0
18: 0
=================
Max stash size is: 129
Average stash size is: 52.6936
Average mem q size is: 76.9149
Total mem q size is:5745235
mem_q_sample_times is:74696
useful_read_pull_ddr: 624265 (0.946972) %
dummy_read_pull_ddr: 15375735 (23.3241) %
useful_early_pull_ddr: 684611 (1.03851) %
useful_early_push_ddr: 169956 (0.257813) %
useful_write_pull_ddr: 12429784 (18.8552) %
useful_write_push_ddr: 3554854 (5.3925) %
dummy_early_pull_ddr: 86679 (0.131487) %
dummy_early_push_ddr: 1780954 (2.7016) %
dummy_write_pull_ddr: 370216 (0.561595) %
dummy_write_push_ddr: 30845146 (46.7902) %
=================
Stash violation number of times: 0
=================
Check NodeID traffic: 5748386
Update NodeID traffic: 0
=================
Read RS lines: 1000000 (83.8054) %
Write RS lines: 100000 (8.38054) %
Early RS lines: 93240 (7.81402) %
Read DDR lines: 16000000 (24.271) %
Write DDR lines: 47200000 (71.5996) %
Early DDR lines: 2722200 (4.12941) %
=================
The final DRAM clk is: 416888970 ticks.
Idle waiting clk is 160458720, which is 38.4896 %
DRAM Frequency is: 1600MHz
The final time in ns is: 2.60556e+08 ns.
Time distribution: 
Data pull time is: 0
data: 0
pos1: 0
pos2: 0
Data distribution: 
Pos2 data: 65922200
Pos1 data: 75688869
Data: 75028965
Node access DDR: 13080696
Pull DDR: 18494425
WB DDR: 54575000
Early DDR: 1959540
Achieved BW is: 60.1743 GB/s
Ideal BW is: 102.4 GB/s
Metadata cache conclusion: 
overall_hit: 14452248 overall_total: 27532659
Cache Size 64 KB Overall Hit rate: 52.4913 %. 
Simulation done. Statistics written to results_all/graphsearch_output.txt
