Valid leaf ID range: 2097151:4194302
Num of top nodes: 2097152
Data level num of ways: 2097152
Z: 16
S: 27
A: 20
cached_total: 1
cached_total: 3
cached_total: 7
cached_total: 15
Total number of ORAM protected cache line blocks: 2097152
Cached number of levels: 3
Max number of levels: 22
Start lvl is: 0
data valid leaf right: 4194303
data num of levels: 22
data level num of ways: 2097152
data number of sets: 1
Cached node ID: 0 -- 11
Address space: 0 - 4 GB
pos1 valid leaf right: 524287
pos1 num of levels: 19
pos1 level num of ways: 262144
pos1 number of sets: 1
Cached node ID: 0 -- 1
Address space: 0 - 0.5 GB
pos2 valid leaf right: 65535
pos2 num of levels: 16
pos2 level num of ways: 32768
pos2 number of sets: 1
Cached node ID: 0 -- 0
Address space: 0 - 0.0625 GB
new addr: 80
(myrs->posMap.find(new_addr) != myrs->posMap.end()): 1
(myrs->posMap[new_addr].pending): 0
myrs->posMap[new_addr] = 128
#2 ID 0 set true here
Clk3 @ 1000000 Finished 727 instructions 
Clk3 @ 2000000 Finished 1461 instructions 
Clk3 @ 3000000 Finished 2207 instructions 
Clk3 @ 4000000 Finished 2947 instructions 
Clk3 @ 5000000 Finished 3707 instructions 
Clk3 @ 6000000 Finished 4447 instructions 
Sampling stash size at 4999 req has local max stash size of: 58
Clk3 @ 7000000 Finished 5207 instructions 
Clk3 @ 8000000 Finished 5967 instructions 
Clk3 @ 9000000 Finished 6747 instructions 
Clk3 @ 10000000 Finished 7513 instructions 
Clk3 @ 11000000 Finished 8267 instructions 
Clk3 @ 12000000 Finished 9027 instructions 
Clk3 @ 13000000 Finished 9807 instructions 
Clk@ 13247127 Working on the # 10000 th memory instruction
Sampling stash size at 9999 req has local max stash size of: 60
Clk3 @ 14000000 Finished 10587 instructions 
Clk3 @ 15000000 Finished 11387 instructions 
Clk3 @ 16000000 Finished 12155 instructions 
Clk3 @ 17000000 Finished 12945 instructions 
Clk3 @ 18000000 Finished 13720 instructions 
Clk3 @ 19000000 Finished 14507 instructions 
Sampling stash size at 14999 req has local max stash size of: 63
Clk3 @ 20000000 Finished 15267 instructions 
Clk7 @ 21000000 Finished 16027 instructions 
Clk3 @ 22000000 Finished 16791 instructions 
Clk7 @ 23000000 Finished 17596 instructions 
Clk3 @ 24000000 Finished 18387 instructions 
Clk3 @ 25000000 Finished 19167 instructions 
Clk3 @ 26000000 Finished 19965 instructions 
Clk@ 26047475 Working on the # 20000 th memory instruction
Sampling stash size at 19999 req has local max stash size of: 59
Clk3 @ 27000000 Finished 20747 instructions 
Clk3 @ 28000000 Finished 21527 instructions 
Clk3 @ 29000000 Finished 22328 instructions 
Clk3 @ 30000000 Finished 23107 instructions 
Clk3 @ 31000000 Finished 23873 instructions 
Clk3 @ 32000000 Finished 24667 instructions 
Sampling stash size at 24999 req has local max stash size of: 58
Clk3 @ 33000000 Finished 25467 instructions 
Clk3 @ 34000000 Finished 26267 instructions 
Clk3 @ 35000000 Finished 27047 instructions 
Clk7 @ 36000000 Finished 27848 instructions 
Clk3 @ 37000000 Finished 28647 instructions 
Clk3 @ 38000000 Finished 29428 instructions 
Clk@ 38704574 Working on the # 30000 th memory instruction
Sampling stash size at 29999 req has local max stash size of: 60
Clk3 @ 39000000 Finished 30227 instructions 
Clk7 @ 40000000 Finished 30973 instructions 
Clk3 @ 41000000 Finished 31765 instructions 
Clk3 @ 42000000 Finished 32547 instructions 
Clk3 @ 43000000 Finished 33347 instructions 
Clk7 @ 44000000 Finished 34135 instructions 
Clk3 @ 45000000 Finished 34927 instructions 
Sampling stash size at 34999 req has local max stash size of: 62
Clk3 @ 46000000 Finished 35727 instructions 
Clk3 @ 47000000 Finished 36527 instructions 
Clk3 @ 48000000 Finished 37327 instructions 
Clk7 @ 49000000 Finished 38122 instructions 
Clk7 @ 50000000 Finished 38879 instructions 
Clk3 @ 51000000 Finished 39672 instructions 
Clk@ 51402286 Working on the # 40000 th memory instruction
Sampling stash size at 39999 req has local max stash size of: 62
Clk3 @ 52000000 Finished 40467 instructions 
Clk3 @ 53000000 Finished 41257 instructions 
Clk7 @ 54000000 Finished 42062 instructions 
Clk3 @ 55000000 Finished 42847 instructions 
Clk3 @ 56000000 Finished 43647 instructions 
Clk3 @ 57000000 Finished 44447 instructions 
Sampling stash size at 44999 req has local max stash size of: 60
Clk3 @ 58000000 Finished 45246 instructions 
Clk7 @ 59000000 Finished 46027 instructions 
Clk3 @ 60000000 Finished 46801 instructions 
Clk3 @ 61000000 Finished 47601 instructions 
Clk7 @ 62000000 Finished 48395 instructions 
Clk3 @ 63000000 Finished 49207 instructions 
Clk@ 63984021 Working on the # 50000 th memory instruction
Sampling stash size at 49999 req has local max stash size of: 62
Clk3 @ 64000000 Finished 50007 instructions 
Clk3 @ 65000000 Finished 50807 instructions 
Clk3 @ 66000000 Finished 51627 instructions 
Clk7 @ 67000000 Finished 52421 instructions 
Clk3 @ 68000000 Finished 53207 instructions 
Clk3 @ 69000000 Finished 54007 instructions 
Clk3 @ 70000000 Finished 54797 instructions 
Sampling stash size at 54999 req has local max stash size of: 64
Clk3 @ 71000000 Finished 55605 instructions 
Clk3 @ 72000000 Finished 56400 instructions 
Clk7 @ 73000000 Finished 57191 instructions 
Clk3 @ 74000000 Finished 58007 instructions 
Clk3 @ 75000000 Finished 58800 instructions 
Clk7 @ 76000000 Finished 59593 instructions 
Clk@ 76506422 Working on the # 60000 th memory instruction
Sampling stash size at 59999 req has local max stash size of: 62
Clk7 @ 77000000 Finished 60374 instructions 
Clk3 @ 78000000 Finished 61127 instructions 
Clk3 @ 79000000 Finished 61887 instructions 
Clk3 @ 80000000 Finished 62651 instructions 
Clk3 @ 81000000 Finished 63462 instructions 
Clk3 @ 82000000 Finished 64247 instructions 
Sampling stash size at 64999 req has local max stash size of: 62
Clk7 @ 83000000 Finished 65027 instructions 
Clk3 @ 84000000 Finished 65827 instructions 
Clk3 @ 85000000 Finished 66627 instructions 
Clk3 @ 86000000 Finished 67443 instructions 
Clk3 @ 87000000 Finished 68227 instructions 
Clk3 @ 88000000 Finished 69027 instructions 
Clk3 @ 89000000 Finished 69827 instructions 
Clk@ 89209419 Working on the # 70000 th memory instruction
Sampling stash size at 69999 req has local max stash size of: 62
Clk3 @ 90000000 Finished 70627 instructions 
Clk3 @ 91000000 Finished 71447 instructions 
Clk3 @ 92000000 Finished 72247 instructions 
Clk3 @ 93000000 Finished 73047 instructions 
Clk3 @ 94000000 Finished 73847 instructions 
Clk3 @ 95000000 Finished 74647 instructions 
Sampling stash size at 74999 req has local max stash size of: 63
Clk3 @ 96000000 Finished 75447 instructions 
Clk3 @ 97000000 Finished 76235 instructions 
Clk3 @ 98000000 Finished 77007 instructions 
Clk7 @ 99000000 Finished 77792 instructions 
Clk3 @ 100000000 Finished 78601 instructions 
Clk@ 101746982 Working on the # 80000 th memory instruction
Sampling stash size at 79999 req has local max stash size of: 66
Clk7 @ 102000000 Finished 80196 instructions 
Clk3 @ 103000000 Finished 80987 instructions 
Clk3 @ 104000000 Finished 81807 instructions 
Clk3 @ 105000000 Finished 82602 instructions 
Clk3 @ 106000000 Finished 83407 instructions 
Clk3 @ 107000000 Finished 84207 instructions 
Sampling stash size at 84999 req has local max stash size of: 63
Clk3 @ 108000000 Finished 85020 instructions 
Clk3 @ 109000000 Finished 85787 instructions 
Clk3 @ 110000000 Finished 86600 instructions 
Clk3 @ 111000000 Finished 87407 instructions 
Clk3 @ 112000000 Finished 88207 instructions 
Clk3 @ 113000000 Finished 89007 instructions 
Clk3 @ 114000000 Finished 89787 instructions 
Clk@ 114253028 Working on the # 90000 th memory instruction
Sampling stash size at 89999 req has local max stash size of: 65
Clk3 @ 115000000 Finished 90587 instructions 
Clk3 @ 116000000 Finished 91367 instructions 
Clk7 @ 117000000 Finished 92148 instructions 
Clk3 @ 118000000 Finished 92947 instructions 
Clk3 @ 119000000 Finished 93700 instructions 
Clk3 @ 120000000 Finished 94505 instructions 
Sampling stash size at 94999 req has local max stash size of: 62
Clk7 @ 121000000 Finished 95303 instructions 
Clk3 @ 122000000 Finished 96093 instructions 
Clk3 @ 123000000 Finished 96901 instructions 
Clk3 @ 124000000 Finished 97687 instructions 
Clk3 @ 125000000 Finished 98487 instructions 
Clk3 @ 126000000 Finished 99287 instructions 
Clk@ 126869317 Working on the # 100000 th memory instruction
Sampling stash size at 99999 req has local max stash size of: 61
Clk3 @ 127000000 Finished 100105 instructions 
Clk3 @ 128000000 Finished 100901 instructions 
Clk3 @ 129000000 Finished 101707 instructions 
Clk3 @ 130000000 Finished 102507 instructions 
Clk3 @ 131000000 Finished 103307 instructions 
Clk3 @ 132000000 Finished 104107 instructions 
Clk3 @ 133000000 Finished 104887 instructions 
Sampling stash size at 104999 req has local max stash size of: 60
Clk3 @ 134000000 Finished 105687 instructions 
Clk3 @ 135000000 Finished 106481 instructions 
Clk3 @ 136000000 Finished 107267 instructions 
Clk3 @ 137000000 Finished 108067 instructions 
Clk3 @ 138000000 Finished 108847 instructions 
Clk3 @ 139000000 Finished 109667 instructions 
Clk@ 139409126 Working on the # 110000 th memory instruction
Sampling stash size at 109999 req has local max stash size of: 62
Clk3 @ 140000000 Finished 110467 instructions 
Clk3 @ 141000000 Finished 111277 instructions 
Clk3 @ 142000000 Finished 112087 instructions 
Clk3 @ 143000000 Finished 112887 instructions 
Clk3 @ 144000000 Finished 113687 instructions 
Clk3 @ 145000000 Finished 114482 instructions 
Sampling stash size at 114999 req has local max stash size of: 62
Clk3 @ 146000000 Finished 115267 instructions 
Clk3 @ 147000000 Finished 116067 instructions 
Clk3 @ 148000000 Finished 116847 instructions 
Clk3 @ 149000000 Finished 117647 instructions 
Clk3 @ 150000000 Finished 118447 instructions 
Clk3 @ 151000000 Finished 119227 instructions 
Clk@ 151961237 Working on the # 120000 th memory instruction
Sampling stash size at 119999 req has local max stash size of: 62
Clk3 @ 152000000 Finished 120027 instructions 
Clk3 @ 153000000 Finished 120801 instructions 
Clk3 @ 154000000 Finished 121567 instructions 
Clk3 @ 155000000 Finished 122307 instructions 
Clk3 @ 156000000 Finished 123067 instructions 
Clk3 @ 157000000 Finished 123827 instructions 
Clk7 @ 158000000 Finished 124605 instructions 
Sampling stash size at 124999 req has local max stash size of: 66
Clk3 @ 159000000 Finished 125383 instructions 
Clk3 @ 160000000 Finished 126167 instructions 
Clk3 @ 161000000 Finished 126967 instructions 
Clk3 @ 162000000 Finished 127747 instructions 
Clk3 @ 163000000 Finished 128547 instructions 
Clk7 @ 164000000 Finished 129347 instructions 
Clk@ 164817253 Working on the # 130000 th memory instruction
Sampling stash size at 129999 req has local max stash size of: 62
Clk3 @ 165000000 Finished 130147 instructions 
Clk7 @ 166000000 Finished 130947 instructions 
Clk3 @ 167000000 Finished 131727 instructions 
Clk3 @ 168000000 Finished 132527 instructions 
Clk3 @ 169000000 Finished 133327 instructions 
Clk3 @ 170000000 Finished 134147 instructions 
Clk3 @ 171000000 Finished 134947 instructions 
Sampling stash size at 134999 req has local max stash size of: 63
Clk3 @ 172000000 Finished 135747 instructions 
Clk7 @ 173000000 Finished 136562 instructions 
Clk3 @ 174000000 Finished 137347 instructions 
Clk3 @ 175000000 Finished 138167 instructions 
Clk3 @ 176000000 Finished 138967 instructions 
Clk3 @ 177000000 Finished 139767 instructions 
Clk@ 177286528 Working on the # 140000 th memory instruction
Sampling stash size at 139999 req has local max stash size of: 60
Clk3 @ 178000000 Finished 140572 instructions 
Clk3 @ 179000000 Finished 141387 instructions 
Clk3 @ 180000000 Finished 142187 instructions 
Clk3 @ 181000000 Finished 142987 instructions 
Clk3 @ 182000000 Finished 143787 instructions 
Clk3 @ 183000000 Finished 144587 instructions 
Sampling stash size at 144999 req has local max stash size of: 63
Clk3 @ 184000000 Finished 145387 instructions 
Clk3 @ 185000000 Finished 146202 instructions 
Clk3 @ 186000000 Finished 146987 instructions 
Clk3 @ 187000000 Finished 147787 instructions 
Clk3 @ 188000000 Finished 148587 instructions 
Clk7 @ 189000000 Finished 149399 instructions 
Clk@ 189756105 Working on the # 150000 th memory instruction
Sampling stash size at 149999 req has local max stash size of: 64
Clk7 @ 190000000 Finished 150187 instructions 
Clk3 @ 191000000 Finished 150987 instructions 
Clk3 @ 192000000 Finished 151787 instructions 
Clk3 @ 193000000 Finished 152566 instructions 
Clk7 @ 194000000 Finished 153347 instructions 
Clk3 @ 195000000 Finished 154127 instructions 
Clk3 @ 196000000 Finished 154887 instructions 
Sampling stash size at 154999 req has local max stash size of: 62
Clk7 @ 197000000 Finished 155679 instructions 
Clk3 @ 198000000 Finished 156487 instructions 
Clk3 @ 199000000 Finished 157287 instructions 
Clk3 @ 200000000 Finished 158087 instructions 
Clk3 @ 201000000 Finished 158892 instructions 
Clk7 @ 202000000 Finished 159697 instructions 
Clk@ 202376454 Working on the # 160000 th memory instruction
Sampling stash size at 159999 req has local max stash size of: 60
Clk3 @ 203000000 Finished 160487 instructions 
Clk3 @ 204000000 Finished 161292 instructions 
Clk3 @ 205000000 Finished 162087 instructions 
Clk3 @ 206000000 Finished 162867 instructions 
Clk3 @ 207000000 Finished 163673 instructions 
Clk3 @ 208000000 Finished 164447 instructions 
Sampling stash size at 164999 req has local max stash size of: 63
Clk7 @ 209000000 Finished 165247 instructions 
Clk3 @ 210000000 Finished 166047 instructions 
Clk3 @ 211000000 Finished 166841 instructions 
Clk3 @ 212000000 Finished 167627 instructions 
Clk3 @ 213000000 Finished 168415 instructions 
Clk3 @ 214000000 Finished 169207 instructions 
Clk3 @ 215000000 Finished 169987 instructions 
Clk@ 215008871 Working on the # 170000 th memory instruction
Sampling stash size at 169999 req has local max stash size of: 65
Clk3 @ 216000000 Finished 170787 instructions 
Clk3 @ 217000000 Finished 171547 instructions 
Clk3 @ 218000000 Finished 172362 instructions 
Clk3 @ 219000000 Finished 173167 instructions 
Clk3 @ 220000000 Finished 173967 instructions 
Clk3 @ 221000000 Finished 174767 instructions 
Sampling stash size at 174999 req has local max stash size of: 65
Clk3 @ 222000000 Finished 175558 instructions 
Clk3 @ 223000000 Finished 176367 instructions 
Clk3 @ 224000000 Finished 177167 instructions 
Clk3 @ 225000000 Finished 177967 instructions 
Clk3 @ 226000000 Finished 178767 instructions 
Clk3 @ 227000000 Finished 179547 instructions 
Clk@ 227561492 Working on the # 180000 th memory instruction
Sampling stash size at 179999 req has local max stash size of: 63
Clk3 @ 228000000 Finished 180347 instructions 
Clk3 @ 229000000 Finished 181147 instructions 
Clk3 @ 230000000 Finished 181947 instructions 
Clk3 @ 231000000 Finished 182727 instructions 
Clk3 @ 232000000 Finished 183494 instructions 
Clk3 @ 233000000 Finished 184287 instructions 
Sampling stash size at 184999 req has local max stash size of: 64
Clk3 @ 234000000 Finished 185078 instructions 
Clk3 @ 235000000 Finished 185867 instructions 
Clk3 @ 236000000 Finished 186627 instructions 
Clk3 @ 237000000 Finished 187407 instructions 
Clk3 @ 238000000 Finished 188187 instructions 
Clk3 @ 239000000 Finished 188999 instructions 
Clk7 @ 240000000 Finished 189788 instructions 
Clk@ 240248107 Working on the # 190000 th memory instruction
Sampling stash size at 189999 req has local max stash size of: 67
Clk3 @ 241000000 Finished 190587 instructions 
Clk3 @ 242000000 Finished 191387 instructions 
Clk3 @ 243000000 Finished 192205 instructions 
Clk3 @ 244000000 Finished 193007 instructions 
Clk7 @ 245000000 Finished 193827 instructions 
Clk3 @ 246000000 Finished 194607 instructions 
Sampling stash size at 194999 req has local max stash size of: 61
Clk7 @ 247000000 Finished 195407 instructions 
Clk3 @ 248000000 Finished 196207 instructions 
Clk3 @ 249000000 Finished 197007 instructions 
Clk3 @ 250000000 Finished 197822 instructions 
Clk3 @ 251000000 Finished 198607 instructions 
Clk3 @ 252000000 Finished 199427 instructions 
Clk@ 252696525 Working on the # 200000 th memory instruction
Sampling stash size at 199999 req has local max stash size of: 62
Clk3 @ 253000000 Finished 200247 instructions 
Clk3 @ 254000000 Finished 201050 instructions 
Clk3 @ 255000000 Finished 201867 instructions 
Clk3 @ 256000000 Finished 202640 instructions 
Clk3 @ 257000000 Finished 203464 instructions 
Clk3 @ 258000000 Finished 204267 instructions 
Sampling stash size at 204999 req has local max stash size of: 62
Clk3 @ 259000000 Finished 205067 instructions 
Clk3 @ 260000000 Finished 205867 instructions 
Clk3 @ 261000000 Finished 206667 instructions 
Clk3 @ 262000000 Finished 207467 instructions 
Clk3 @ 263000000 Finished 208267 instructions 
Clk7 @ 264000000 Finished 209051 instructions 
Clk3 @ 265000000 Finished 209827 instructions 
Clk@ 265212349 Working on the # 210000 th memory instruction
Sampling stash size at 209999 req has local max stash size of: 63
Clk3 @ 266000000 Finished 210627 instructions 
Clk3 @ 267000000 Finished 211427 instructions 
Clk3 @ 268000000 Finished 212227 instructions 
Clk3 @ 269000000 Finished 213024 instructions 
Clk7 @ 270000000 Finished 213787 instructions 
Clk7 @ 271000000 Finished 214598 instructions 
Sampling stash size at 214999 req has local max stash size of: 62
Clk3 @ 272000000 Finished 215401 instructions 
Clk3 @ 273000000 Finished 216203 instructions 
Clk7 @ 274000000 Finished 216992 instructions 
Clk3 @ 275000000 Finished 217767 instructions 
Clk3 @ 276000000 Finished 218567 instructions 
Clk3 @ 277000000 Finished 219387 instructions 
Clk@ 277752354 Working on the # 220000 th memory instruction
Sampling stash size at 219999 req has local max stash size of: 62
Clk7 @ 278000000 Finished 220192 instructions 
Clk3 @ 279000000 Finished 220987 instructions 
Clk3 @ 280000000 Finished 221791 instructions 
Clk3 @ 281000000 Finished 222607 instructions 
Clk3 @ 282000000 Finished 223422 instructions 
Clk3 @ 283000000 Finished 224227 instructions 
Sampling stash size at 224999 req has local max stash size of: 64
Clk7 @ 284000000 Finished 225007 instructions 
Clk3 @ 285000000 Finished 225807 instructions 
Clk3 @ 286000000 Finished 226593 instructions 
Clk3 @ 287000000 Finished 227387 instructions 
Clk3 @ 288000000 Finished 228167 instructions 
Clk3 @ 289000000 Finished 228967 instructions 
Clk3 @ 290000000 Finished 229767 instructions 
Clk@ 290283513 Working on the # 230000 th memory instruction
Sampling stash size at 229999 req has local max stash size of: 64
Clk3 @ 291000000 Finished 230567 instructions 
Clk3 @ 292000000 Finished 231387 instructions 
Clk3 @ 293000000 Finished 232167 instructions 
Clk3 @ 294000000 Finished 232947 instructions 
Clk3 @ 295000000 Finished 233740 instructions 
Clk3 @ 296000000 Finished 234543 instructions 
Sampling stash size at 234999 req has local max stash size of: 64
Clk3 @ 297000000 Finished 235347 instructions 
Clk3 @ 298000000 Finished 236147 instructions 
Clk7 @ 299000000 Finished 236924 instructions 
Clk3 @ 300000000 Finished 237707 instructions 
Clk3 @ 301000000 Finished 238502 instructions 
Clk3 @ 302000000 Finished 239287 instructions 
Clk@ 302916408 Working on the # 240000 th memory instruction
Sampling stash size at 239999 req has local max stash size of: 60
Clk7 @ 303000000 Finished 240061 instructions 
Clk3 @ 304000000 Finished 240807 instructions 
Clk3 @ 305000000 Finished 241575 instructions 
Clk3 @ 306000000 Finished 242353 instructions 
Clk3 @ 307000000 Finished 243127 instructions 
Clk7 @ 308000000 Finished 243877 instructions 
Clk3 @ 309000000 Finished 244587 instructions 
Sampling stash size at 244999 req has local max stash size of: 61
Clk7 @ 310000000 Finished 245359 instructions 
Clk3 @ 311000000 Finished 246121 instructions 
Clk3 @ 312000000 Finished 246887 instructions 
Clk3 @ 313000000 Finished 247627 instructions 
Clk3 @ 314000000 Finished 248387 instructions 
Clk3 @ 315000000 Finished 249158 instructions 
Clk3 @ 316000000 Finished 249927 instructions 
Clk@ 316083373 Working on the # 250000 th memory instruction
Sampling stash size at 249999 req has local max stash size of: 63
Clk7 @ 317000000 Finished 250707 instructions 
Clk7 @ 318000000 Finished 251503 instructions 
Clk3 @ 319000000 Finished 252307 instructions 
Clk7 @ 320000000 Finished 253100 instructions 
Clk3 @ 321000000 Finished 253886 instructions 
Clk3 @ 322000000 Finished 254669 instructions 
Sampling stash size at 254999 req has local max stash size of: 64
Clk3 @ 323000000 Finished 255447 instructions 
Clk3 @ 324000000 Finished 256247 instructions 
Clk3 @ 325000000 Finished 257058 instructions 
Clk7 @ 326000000 Finished 257836 instructions 
Clk3 @ 327000000 Finished 258639 instructions 
Clk3 @ 328000000 Finished 259420 instructions 
Clk@ 328719680 Working on the # 260000 th memory instruction
Sampling stash size at 259999 req has local max stash size of: 63
Clk3 @ 329000000 Finished 260225 instructions 
Clk3 @ 330000000 Finished 261007 instructions 
Clk3 @ 331000000 Finished 261807 instructions 
Clk3 @ 332000000 Finished 262607 instructions 
Clk7 @ 333000000 Finished 263391 instructions 
Clk7 @ 334000000 Finished 264194 instructions 
Clk3 @ 335000000 Finished 264987 instructions 
Sampling stash size at 264999 req has local max stash size of: 63
Clk3 @ 336000000 Finished 265803 instructions 
Clk7 @ 337000000 Finished 266624 instructions 
Clk3 @ 338000000 Finished 267441 instructions 
Clk3 @ 339000000 Finished 268247 instructions 
Clk3 @ 340000000 Finished 269047 instructions 
Clk3 @ 341000000 Finished 269863 instructions 
Clk@ 341169984 Working on the # 270000 th memory instruction
Sampling stash size at 269999 req has local max stash size of: 66
Clk3 @ 342000000 Finished 270627 instructions 
Clk3 @ 343000000 Finished 271441 instructions 
Clk3 @ 344000000 Finished 272247 instructions 
Clk3 @ 345000000 Finished 273047 instructions 
Clk3 @ 346000000 Finished 273847 instructions 
Clk3 @ 347000000 Finished 274627 instructions 
Sampling stash size at 274999 req has local max stash size of: 75
Clk3 @ 348000000 Finished 275427 instructions 
Clk3 @ 349000000 Finished 276227 instructions 
Clk3 @ 350000000 Finished 277027 instructions 
Clk3 @ 351000000 Finished 277834 instructions 
Clk3 @ 352000000 Finished 278618 instructions 
Clk3 @ 353000000 Finished 279427 instructions 
Clk@ 353696985 Working on the # 280000 th memory instruction
Sampling stash size at 279999 req has local max stash size of: 66
Clk3 @ 354000000 Finished 280227 instructions 
Clk3 @ 355000000 Finished 281047 instructions 
Clk3 @ 356000000 Finished 281867 instructions 
Clk3 @ 357000000 Finished 282667 instructions 
Clk3 @ 358000000 Finished 283487 instructions 
Clk3 @ 359000000 Finished 284287 instructions 
Sampling stash size at 284999 req has local max stash size of: 63
Clk3 @ 360000000 Finished 285104 instructions 
Clk3 @ 361000000 Finished 285905 instructions 
Clk3 @ 362000000 Finished 286687 instructions 
Clk3 @ 363000000 Finished 287487 instructions 
Clk3 @ 364000000 Finished 288287 instructions 
Clk7 @ 365000000 Finished 289072 instructions 
Clk3 @ 366000000 Finished 289867 instructions 
Clk@ 366164498 Working on the # 290000 th memory instruction
Sampling stash size at 289999 req has local max stash size of: 62
Clk3 @ 367000000 Finished 290667 instructions 
Clk3 @ 368000000 Finished 291467 instructions 
Clk3 @ 369000000 Finished 292267 instructions 
Clk3 @ 370000000 Finished 293067 instructions 
Clk7 @ 371000000 Finished 293850 instructions 
Clk7 @ 372000000 Finished 294647 instructions 
Sampling stash size at 294999 req has local max stash size of: 66
Clk3 @ 373000000 Finished 295467 instructions 
Clk3 @ 374000000 Finished 296283 instructions 
Clk7 @ 375000000 Finished 297094 instructions 
Clk3 @ 376000000 Finished 297921 instructions 
Clk3 @ 377000000 Finished 298707 instructions 
Clk3 @ 378000000 Finished 299507 instructions 
Clk@ 378607166 Working on the # 300000 th memory instruction
Sampling stash size at 299999 req has local max stash size of: 63
Clk3 @ 379000000 Finished 300308 instructions 
Clk3 @ 380000000 Finished 301087 instructions 
Clk3 @ 381000000 Finished 301887 instructions 
Clk3 @ 382000000 Finished 302679 instructions 
Clk3 @ 383000000 Finished 303464 instructions 
Clk3 @ 384000000 Finished 304266 instructions 
Sampling stash size at 304999 req has local max stash size of: 67
Clk3 @ 385000000 Finished 305027 instructions 
Clk3 @ 386000000 Finished 305787 instructions 
Clk3 @ 387000000 Finished 306567 instructions 
Clk3 @ 388000000 Finished 307347 instructions 
Clk7 @ 389000000 Finished 308139 instructions 
Clk3 @ 390000000 Finished 308907 instructions 
Clk3 @ 391000000 Finished 309667 instructions 
Clk@ 391413146 Working on the # 310000 th memory instruction
Sampling stash size at 309999 req has local max stash size of: 63
Clk3 @ 392000000 Finished 310467 instructions 
Clk3 @ 393000000 Finished 311267 instructions 
Clk7 @ 394000000 Finished 312074 instructions 
Clk3 @ 395000000 Finished 312887 instructions 
Clk3 @ 396000000 Finished 313702 instructions 
Clk3 @ 397000000 Finished 314507 instructions 
Sampling stash size at 314999 req has local max stash size of: 62
Clk3 @ 398000000 Finished 315322 instructions 
Clk3 @ 399000000 Finished 316127 instructions 
Clk3 @ 400000000 Finished 316927 instructions 
Clk3 @ 401000000 Finished 317725 instructions 
Clk3 @ 402000000 Finished 318527 instructions 
Clk7 @ 403000000 Finished 319310 instructions 
Clk@ 403856575 Working on the # 320000 th memory instruction
Sampling stash size at 319999 req has local max stash size of: 63
Clk3 @ 404000000 Finished 320107 instructions 
Clk3 @ 405000000 Finished 320907 instructions 
Clk3 @ 406000000 Finished 321702 instructions 
Clk3 @ 407000000 Finished 322487 instructions 
Clk3 @ 408000000 Finished 323287 instructions 
Clk3 @ 409000000 Finished 324067 instructions 
Clk3 @ 410000000 Finished 324867 instructions 
Sampling stash size at 324999 req has local max stash size of: 63
Clk7 @ 411000000 Finished 325668 instructions 
Clk3 @ 412000000 Finished 326481 instructions 
Clk3 @ 413000000 Finished 327287 instructions 
Clk7 @ 414000000 Finished 328052 instructions 
Clk7 @ 415000000 Finished 328827 instructions 
Clk3 @ 416000000 Finished 329607 instructions 
Clk@ 416482304 Working on the # 330000 th memory instruction
Sampling stash size at 329999 req has local max stash size of: 65
Clk3 @ 417000000 Finished 330407 instructions 
Clk3 @ 418000000 Finished 331207 instructions 
Clk7 @ 419000000 Finished 331986 instructions 
Clk3 @ 420000000 Finished 332787 instructions 
Clk3 @ 421000000 Finished 333581 instructions 
Clk3 @ 422000000 Finished 334367 instructions 
Sampling stash size at 334999 req has local max stash size of: 69
Clk3 @ 423000000 Finished 335167 instructions 
Clk3 @ 424000000 Finished 335947 instructions 
Clk3 @ 425000000 Finished 336764 instructions 
Clk3 @ 426000000 Finished 337567 instructions 
Clk3 @ 427000000 Finished 338367 instructions 
Clk3 @ 428000000 Finished 339167 instructions 
Clk3 @ 429000000 Finished 339967 instructions 
Clk@ 429045411 Working on the # 340000 th memory instruction
Sampling stash size at 339999 req has local max stash size of: 66
Clk3 @ 430000000 Finished 340752 instructions 
Clk3 @ 431000000 Finished 341538 instructions 
Clk7 @ 432000000 Finished 342322 instructions 
Clk3 @ 433000000 Finished 343074 instructions 
Clk3 @ 434000000 Finished 343887 instructions 
Clk3 @ 435000000 Finished 344704 instructions 
Sampling stash size at 344999 req has local max stash size of: 64
Clk3 @ 436000000 Finished 345527 instructions 
Clk3 @ 437000000 Finished 346327 instructions 
Clk3 @ 438000000 Finished 347121 instructions 
Clk3 @ 439000000 Finished 347927 instructions 
Clk3 @ 440000000 Finished 348747 instructions 
Clk3 @ 441000000 Finished 349547 instructions 
Clk@ 441552601 Working on the # 350000 th memory instruction
Sampling stash size at 349999 req has local max stash size of: 62
Clk3 @ 442000000 Finished 350350 instructions 
Clk3 @ 443000000 Finished 351146 instructions 
Clk3 @ 444000000 Finished 351960 instructions 
Clk3 @ 445000000 Finished 352767 instructions 
Clk7 @ 446000000 Finished 353582 instructions 
Clk3 @ 447000000 Finished 354367 instructions 
Sampling stash size at 354999 req has local max stash size of: 66
Clk3 @ 448000000 Finished 355167 instructions 
Clk3 @ 449000000 Finished 355967 instructions 
Clk3 @ 450000000 Finished 356767 instructions 
Clk3 @ 451000000 Finished 357547 instructions 
Clk3 @ 452000000 Finished 358307 instructions 
Clk3 @ 453000000 Finished 359104 instructions 
Clk3 @ 454000000 Finished 359887 instructions 
Clk@ 454137954 Working on the # 360000 th memory instruction
Sampling stash size at 359999 req has local max stash size of: 64
Clk3 @ 455000000 Finished 360687 instructions 
Clk3 @ 456000000 Finished 361484 instructions 
Clk3 @ 457000000 Finished 362267 instructions 
Clk3 @ 458000000 Finished 363079 instructions 
Clk3 @ 459000000 Finished 363867 instructions 
Clk3 @ 460000000 Finished 364644 instructions 
Sampling stash size at 364999 req has local max stash size of: 67
Clk3 @ 461000000 Finished 365417 instructions 
Clk3 @ 462000000 Finished 366167 instructions 
Clk3 @ 463000000 Finished 366948 instructions 
Clk3 @ 464000000 Finished 367742 instructions 
Clk7 @ 465000000 Finished 368531 instructions 
Clk3 @ 466000000 Finished 369307 instructions 
Clk@ 466885966 Working on the # 370000 th memory instruction
Sampling stash size at 369999 req has local max stash size of: 63
Clk3 @ 467000000 Finished 370087 instructions 
Clk3 @ 468000000 Finished 370854 instructions 
Clk3 @ 469000000 Finished 371627 instructions 
Clk3 @ 470000000 Finished 372407 instructions 
Clk3 @ 471000000 Finished 373147 instructions 
Clk3 @ 472000000 Finished 373887 instructions 
Clk7 @ 473000000 Finished 374672 instructions 
Sampling stash size at 374999 req has local max stash size of: 66
Clk3 @ 474000000 Finished 375471 instructions 
Clk3 @ 475000000 Finished 376267 instructions 
Clk7 @ 476000000 Finished 377067 instructions 
Clk3 @ 477000000 Finished 377847 instructions 
Clk3 @ 478000000 Finished 378663 instructions 
Clk7 @ 479000000 Finished 379471 instructions 
Clk@ 479641459 Working on the # 380000 th memory instruction
Sampling stash size at 379999 req has local max stash size of: 63
Clk3 @ 480000000 Finished 380287 instructions 
Clk3 @ 481000000 Finished 381068 instructions 
Clk3 @ 482000000 Finished 381887 instructions 
Clk3 @ 483000000 Finished 382687 instructions 
Clk3 @ 484000000 Finished 383507 instructions 
Clk3 @ 485000000 Finished 384307 instructions 
Sampling stash size at 384999 req has local max stash size of: 67
Clk3 @ 486000000 Finished 385087 instructions 
Clk7 @ 487000000 Finished 385887 instructions 
Clk3 @ 488000000 Finished 386707 instructions 
Warm up done after line access count: 387041 out of 774083 (49.9999 %)
Clk3 @ 489000000 Finished 387507 instructions 
Clk3 @ 490000000 Finished 388307 instructions 
Clk7 @ 491000000 Finished 389076 instructions 
Clk3 @ 492000000 Finished 389861 instructions 
Clk@ 492170812 Working on the # 390000 th memory instruction
Sampling stash size at 389999 req has local max stash size of: 67
Clk3 @ 493000000 Finished 390661 instructions 
Clk3 @ 494000000 Finished 391467 instructions 
Clk3 @ 495000000 Finished 392278 instructions 
Clk3 @ 496000000 Finished 393082 instructions 
Clk3 @ 497000000 Finished 393887 instructions 
Clk3 @ 498000000 Finished 394687 instructions 
Sampling stash size at 394999 req has local max stash size of: 67
Clk3 @ 499000000 Finished 395487 instructions 
Clk3 @ 500000000 Finished 396267 instructions 
Clk3 @ 501000000 Finished 397067 instructions 
Clk3 @ 502000000 Finished 397877 instructions 
Clk3 @ 503000000 Finished 398687 instructions 
Clk3 @ 504000000 Finished 399487 instructions 
Clk@ 504642996 Working on the # 400000 th memory instruction
Sampling stash size at 399999 req has local max stash size of: 65
Clk3 @ 505000000 Finished 400287 instructions 
Clk7 @ 506000000 Finished 401093 instructions 
Clk3 @ 507000000 Finished 401907 instructions 
Clk3 @ 508000000 Finished 402707 instructions 
Clk3 @ 509000000 Finished 403504 instructions 
Clk3 @ 510000000 Finished 404267 instructions 
Sampling stash size at 404999 req has local max stash size of: 63
Clk3 @ 511000000 Finished 405047 instructions 
Clk3 @ 512000000 Finished 405867 instructions 
Clk3 @ 513000000 Finished 406692 instructions 
Clk3 @ 514000000 Finished 407507 instructions 
Clk3 @ 515000000 Finished 408307 instructions 
Clk3 @ 516000000 Finished 409127 instructions 
Clk3 @ 517000000 Finished 409927 instructions 
Clk@ 517084503 Working on the # 410000 th memory instruction
Sampling stash size at 409999 req has local max stash size of: 66
Clk3 @ 518000000 Finished 410727 instructions 
Clk3 @ 519000000 Finished 411527 instructions 
Clk3 @ 520000000 Finished 412334 instructions 
Clk3 @ 521000000 Finished 413127 instructions 
Clk3 @ 522000000 Finished 413927 instructions 
Clk3 @ 523000000 Finished 414727 instructions 
Sampling stash size at 414999 req has local max stash size of: 64
Clk3 @ 524000000 Finished 415527 instructions 
Clk3 @ 525000000 Finished 416321 instructions 
Clk3 @ 526000000 Finished 417124 instructions 
Clk3 @ 527000000 Finished 417907 instructions 
Clk3 @ 528000000 Finished 418687 instructions 
Clk3 @ 529000000 Finished 419461 instructions 
Clk@ 529677317 Working on the # 420000 th memory instruction
Sampling stash size at 419999 req has local max stash size of: 67
Clk3 @ 530000000 Finished 420255 instructions 
Clk3 @ 531000000 Finished 421047 instructions 
Clk3 @ 532000000 Finished 421844 instructions 
Clk3 @ 533000000 Finished 422647 instructions 
Clk3 @ 534000000 Finished 423427 instructions 
Clk3 @ 535000000 Finished 424232 instructions 
Sampling stash size at 424999 req has local max stash size of: 66
Clk3 @ 536000000 Finished 425027 instructions 
Clk3 @ 537000000 Finished 425816 instructions 
Clk7 @ 538000000 Finished 426590 instructions 
Clk3 @ 539000000 Finished 427367 instructions 
Clk3 @ 540000000 Finished 428147 instructions 
Clk3 @ 541000000 Finished 428927 instructions 
Clk3 @ 542000000 Finished 429727 instructions 
Clk@ 542332086 Working on the # 430000 th memory instruction
Sampling stash size at 429999 req has local max stash size of: 64
Clk3 @ 543000000 Finished 430530 instructions 
Clk7 @ 544000000 Finished 431331 instructions 
Clk7 @ 545000000 Finished 432141 instructions 
Clk3 @ 546000000 Finished 432927 instructions 
Clk3 @ 547000000 Finished 433721 instructions 
Clk3 @ 548000000 Finished 434473 instructions 
Sampling stash size at 434999 req has local max stash size of: 65
Clk7 @ 549000000 Finished 435251 instructions 
Clk3 @ 550000000 Finished 436072 instructions 
Clk3 @ 551000000 Finished 436878 instructions 
Clk3 @ 552000000 Finished 437687 instructions 
Clk3 @ 553000000 Finished 438487 instructions 
Clk3 @ 554000000 Finished 439287 instructions 
Clk@ 554859833 Working on the # 440000 th memory instruction
Sampling stash size at 439999 req has local max stash size of: 63
Clk3 @ 555000000 Finished 440107 instructions 
Clk7 @ 556000000 Finished 440907 instructions 
Clk3 @ 557000000 Finished 441727 instructions 
Clk7 @ 558000000 Finished 442509 instructions 
Clk3 @ 559000000 Finished 443327 instructions 
Clk3 @ 560000000 Finished 444123 instructions 
Clk3 @ 561000000 Finished 444927 instructions 
Sampling stash size at 444999 req has local max stash size of: 66
Clk3 @ 562000000 Finished 445740 instructions 
Clk3 @ 563000000 Finished 446547 instructions 
Clk3 @ 564000000 Finished 447341 instructions 
Clk3 @ 565000000 Finished 448127 instructions 
Clk3 @ 566000000 Finished 448927 instructions 
Clk7 @ 567000000 Finished 449709 instructions 
Clk@ 567366929 Working on the # 450000 th memory instruction
Sampling stash size at 449999 req has local max stash size of: 65
Clk3 @ 568000000 Finished 450507 instructions 
Clk7 @ 569000000 Finished 451298 instructions 
Clk3 @ 570000000 Finished 452077 instructions 
Clk7 @ 571000000 Finished 452878 instructions 
Clk3 @ 572000000 Finished 453667 instructions 
Clk3 @ 573000000 Finished 454447 instructions 
Sampling stash size at 454999 req has local max stash size of: 65
Clk3 @ 574000000 Finished 455247 instructions 
Clk3 @ 575000000 Finished 456053 instructions 
Clk3 @ 576000000 Finished 456836 instructions 
Clk3 @ 577000000 Finished 457627 instructions 
Clk3 @ 578000000 Finished 458407 instructions 
Clk7 @ 579000000 Finished 459192 instructions 
Clk3 @ 580000000 Finished 459987 instructions 
Clk@ 580009184 Working on the # 460000 th memory instruction
Sampling stash size at 459999 req has local max stash size of: 65
Clk7 @ 581000000 Finished 460787 instructions 
Clk3 @ 582000000 Finished 461588 instructions 
Clk7 @ 583000000 Finished 462388 instructions 
Clk3 @ 584000000 Finished 463203 instructions 
Clk7 @ 585000000 Finished 463997 instructions 
Clk7 @ 586000000 Finished 464768 instructions 
Sampling stash size at 464999 req has local max stash size of: 70
Clk3 @ 587000000 Finished 465542 instructions 
Clk7 @ 588000000 Finished 466337 instructions 
Clk3 @ 589000000 Finished 467127 instructions 
Clk3 @ 590000000 Finished 467947 instructions 
Clk3 @ 591000000 Finished 468727 instructions 
Clk3 @ 592000000 Finished 469539 instructions 
Clk@ 592573730 Working on the # 470000 th memory instruction
Sampling stash size at 469999 req has local max stash size of: 69
Clk3 @ 593000000 Finished 470337 instructions 
Clk3 @ 594000000 Finished 471132 instructions 
Clk7 @ 595000000 Finished 471917 instructions 
Clk3 @ 596000000 Finished 472687 instructions 
Clk3 @ 597000000 Finished 473487 instructions 
Clk7 @ 598000000 Finished 474274 instructions 
Sampling stash size at 474999 req has local max stash size of: 66
Clk3 @ 599000000 Finished 475047 instructions 
Clk3 @ 600000000 Finished 475847 instructions 
Clk3 @ 601000000 Finished 476644 instructions 
Clk3 @ 602000000 Finished 477427 instructions 
Clk7 @ 603000000 Finished 478213 instructions 
Clk3 @ 604000000 Finished 478987 instructions 
Clk3 @ 605000000 Finished 479767 instructions 
Clk@ 605290646 Working on the # 480000 th memory instruction
Sampling stash size at 479999 req has local max stash size of: 66
Clk3 @ 606000000 Finished 480527 instructions 
Clk3 @ 607000000 Finished 481307 instructions 
Clk3 @ 608000000 Finished 482067 instructions 
Clk3 @ 609000000 Finished 482831 instructions 
Clk3 @ 610000000 Finished 483616 instructions 
Clk3 @ 611000000 Finished 484384 instructions 
Sampling stash size at 484999 req has local max stash size of: 64
Clk7 @ 612000000 Finished 485163 instructions 
Clk3 @ 613000000 Finished 485930 instructions 
Clk7 @ 614000000 Finished 486691 instructions 
Clk3 @ 615000000 Finished 487441 instructions 
Clk3 @ 616000000 Finished 488147 instructions 
Clk3 @ 617000000 Finished 488887 instructions 
Clk7 @ 618000000 Finished 489627 instructions 
Clk@ 618487601 Working on the # 490000 th memory instruction
Sampling stash size at 489999 req has local max stash size of: 63
Clk3 @ 619000000 Finished 490387 instructions 
Clk3 @ 620000000 Finished 491147 instructions 
Clk3 @ 621000000 Finished 491907 instructions 
Clk3 @ 622000000 Finished 492681 instructions 
Clk3 @ 623000000 Finished 493447 instructions 
Clk3 @ 624000000 Finished 494207 instructions 
Clk3 @ 625000000 Finished 494951 instructions 
Sampling stash size at 494999 req has local max stash size of: 67
Clk3 @ 626000000 Finished 495687 instructions 
Clk3 @ 627000000 Finished 496447 instructions 
Clk3 @ 628000000 Finished 497227 instructions 
Clk3 @ 629000000 Finished 498008 instructions 
Clk7 @ 630000000 Finished 498787 instructions 
Clk3 @ 631000000 Finished 499547 instructions 
Clk@ 631564084 Working on the # 500000 th memory instruction
Sampling stash size at 499999 req has local max stash size of: 65
Clk3 @ 632000000 Finished 500347 instructions 
Clk3 @ 633000000 Finished 501111 instructions 
Clk3 @ 634000000 Finished 501907 instructions 
Clk3 @ 635000000 Finished 502705 instructions 
Clk3 @ 636000000 Finished 503487 instructions 
Clk3 @ 637000000 Finished 504287 instructions 
Sampling stash size at 504999 req has local max stash size of: 63
Clk3 @ 638000000 Finished 505073 instructions 
Clk3 @ 639000000 Finished 505867 instructions 
Clk3 @ 640000000 Finished 506667 instructions 
Clk3 @ 641000000 Finished 507447 instructions 
Clk3 @ 642000000 Finished 508227 instructions 
Clk3 @ 643000000 Finished 509025 instructions 
Clk3 @ 644000000 Finished 509807 instructions 
Clk@ 644232309 Working on the # 510000 th memory instruction
Sampling stash size at 509999 req has local max stash size of: 64
Clk3 @ 645000000 Finished 510587 instructions 
Clk3 @ 646000000 Finished 511367 instructions 
Clk3 @ 647000000 Finished 512167 instructions 
Clk3 @ 648000000 Finished 512967 instructions 
Clk7 @ 649000000 Finished 513762 instructions 
Clk3 @ 650000000 Finished 514527 instructions 
Sampling stash size at 514999 req has local max stash size of: 67
Clk3 @ 651000000 Finished 515327 instructions 
Clk3 @ 652000000 Finished 516127 instructions 
Clk3 @ 653000000 Finished 516927 instructions 
Clk3 @ 654000000 Finished 517727 instructions 
Clk3 @ 655000000 Finished 518494 instructions 
Clk3 @ 656000000 Finished 519320 instructions 
Clk@ 656857015 Working on the # 520000 th memory instruction
Sampling stash size at 519999 req has local max stash size of: 64
Clk3 @ 657000000 Finished 520108 instructions 
Clk3 @ 658000000 Finished 520927 instructions 
Clk7 @ 659000000 Finished 521714 instructions 
Clk3 @ 660000000 Finished 522500 instructions 
Clk3 @ 661000000 Finished 523307 instructions 
Clk3 @ 662000000 Finished 524122 instructions 
Clk3 @ 663000000 Finished 524907 instructions 
Sampling stash size at 524999 req has local max stash size of: 66
Clk3 @ 664000000 Finished 525704 instructions 
Clk3 @ 665000000 Finished 526467 instructions 
Clk3 @ 666000000 Finished 527287 instructions 
Clk3 @ 667000000 Finished 528087 instructions 
Clk3 @ 668000000 Finished 528901 instructions 
Clk3 @ 669000000 Finished 529707 instructions 
Clk@ 669372036 Working on the # 530000 th memory instruction
Sampling stash size at 529999 req has local max stash size of: 66
Clk3 @ 670000000 Finished 530507 instructions 
Clk3 @ 671000000 Finished 531322 instructions 
Clk3 @ 672000000 Finished 532120 instructions 
Clk3 @ 673000000 Finished 532927 instructions 
Clk3 @ 674000000 Finished 533727 instructions 
Clk3 @ 675000000 Finished 534547 instructions 
Sampling stash size at 534999 req has local max stash size of: 67
Clk3 @ 676000000 Finished 535367 instructions 
Clk7 @ 677000000 Finished 536170 instructions 
Clk3 @ 678000000 Finished 536967 instructions 
Clk3 @ 679000000 Finished 537767 instructions 
Clk3 @ 680000000 Finished 538567 instructions 
Clk3 @ 681000000 Finished 539387 instructions 
Clk@ 681744062 Working on the # 540000 th memory instruction
Sampling stash size at 539999 req has local max stash size of: 68
Clk3 @ 682000000 Finished 540203 instructions 
Clk3 @ 683000000 Finished 540987 instructions 
Clk7 @ 684000000 Finished 541774 instructions 
Clk3 @ 685000000 Finished 542574 instructions 
Clk3 @ 686000000 Finished 543387 instructions 
Clk3 @ 687000000 Finished 544185 instructions 
Clk3 @ 688000000 Finished 544967 instructions 
Sampling stash size at 544999 req has local max stash size of: 66
Clk3 @ 689000000 Finished 545783 instructions 
Clk3 @ 690000000 Finished 546587 instructions 
Clk3 @ 691000000 Finished 547387 instructions 
Clk3 @ 692000000 Finished 548187 instructions 
Clk3 @ 693000000 Finished 548947 instructions 
Clk3 @ 694000000 Finished 549747 instructions 
Clk@ 694306461 Working on the # 550000 th memory instruction
Sampling stash size at 549999 req has local max stash size of: 65
Clk3 @ 695000000 Finished 550548 instructions 
Clk3 @ 696000000 Finished 551347 instructions 
Clk3 @ 697000000 Finished 552147 instructions 
Clk3 @ 698000000 Finished 552947 instructions 
Clk7 @ 699000000 Finished 553748 instructions 
Clk3 @ 700000000 Finished 554558 instructions 
Sampling stash size at 554999 req has local max stash size of: 65
Clk7 @ 701000000 Finished 555360 instructions 
Clk3 @ 702000000 Finished 556147 instructions 
Clk3 @ 703000000 Finished 556907 instructions 
Clk7 @ 704000000 Finished 557707 instructions 
Clk3 @ 705000000 Finished 558507 instructions 
Clk3 @ 706000000 Finished 559312 instructions 
Clk7 @ 706000000 Finished 559312 instructions 
Clk@ 706838162 Working on the # 560000 th memory instruction
Sampling stash size at 559999 req has local max stash size of: 68
Clk3 @ 707000000 Finished 560122 instructions 
Clk3 @ 708000000 Finished 560927 instructions 
Clk3 @ 709000000 Finished 561767 instructions 
Clk3 @ 710000000 Finished 562567 instructions 
Clk3 @ 711000000 Finished 563387 instructions 
Clk3 @ 712000000 Finished 564187 instructions 
Sampling stash size at 564999 req has local max stash size of: 68
Clk3 @ 713000000 Finished 565007 instructions 
Clk7 @ 714000000 Finished 565821 instructions 
Clk3 @ 715000000 Finished 566627 instructions 
Clk7 @ 716000000 Finished 567439 instructions 
Clk3 @ 717000000 Finished 568247 instructions 
Clk3 @ 718000000 Finished 569044 instructions 
Clk3 @ 719000000 Finished 569836 instructions 
Clk@ 719202805 Working on the # 570000 th memory instruction
Sampling stash size at 569999 req has local max stash size of: 66
Clk3 @ 720000000 Finished 570647 instructions 
Clk3 @ 721000000 Finished 571447 instructions 
Clk3 @ 722000000 Finished 572227 instructions 
Clk3 @ 723000000 Finished 573040 instructions 
Clk3 @ 724000000 Finished 573847 instructions 
Clk3 @ 725000000 Finished 574640 instructions 
Sampling stash size at 574999 req has local max stash size of: 66
Clk3 @ 726000000 Finished 575409 instructions 
Clk3 @ 727000000 Finished 576227 instructions 
Clk3 @ 728000000 Finished 577027 instructions 
Clk3 @ 729000000 Finished 577827 instructions 
Clk3 @ 730000000 Finished 578607 instructions 
Clk3 @ 731000000 Finished 579407 instructions 
Clk@ 731735060 Working on the # 580000 th memory instruction
Sampling stash size at 579999 req has local max stash size of: 66
Clk3 @ 732000000 Finished 580207 instructions 
Clk3 @ 733000000 Finished 581019 instructions 
Clk7 @ 734000000 Finished 581827 instructions 
Clk3 @ 735000000 Finished 582627 instructions 
Clk3 @ 736000000 Finished 583427 instructions 
Clk3 @ 737000000 Finished 584227 instructions 
Sampling stash size at 584999 req has local max stash size of: 69
Clk3 @ 738000000 Finished 585027 instructions 
Clk3 @ 739000000 Finished 585827 instructions 
Clk3 @ 740000000 Finished 586607 instructions 
Clk3 @ 741000000 Finished 587383 instructions 
Clk3 @ 742000000 Finished 588181 instructions 
Clk7 @ 743000000 Finished 588974 instructions 
Clk3 @ 744000000 Finished 589787 instructions 
Clk@ 744265918 Working on the # 590000 th memory instruction
Sampling stash size at 589999 req has local max stash size of: 67
Clk3 @ 745000000 Finished 590587 instructions 
Clk3 @ 746000000 Finished 591407 instructions 
Clk7 @ 747000000 Finished 592217 instructions 
Clk3 @ 748000000 Finished 593027 instructions 
Clk3 @ 749000000 Finished 593845 instructions 
Clk3 @ 750000000 Finished 594644 instructions 
Sampling stash size at 594999 req has local max stash size of: 67
Clk3 @ 751000000 Finished 595456 instructions 
Clk3 @ 752000000 Finished 596267 instructions 
Clk3 @ 753000000 Finished 597067 instructions 
Clk3 @ 754000000 Finished 597848 instructions 
Clk3 @ 755000000 Finished 598628 instructions 
Clk3 @ 756000000 Finished 599447 instructions 
Clk@ 756710519 Working on the # 600000 th memory instruction
Sampling stash size at 599999 req has local max stash size of: 68
Clk3 @ 757000000 Finished 600227 instructions 
Clk3 @ 758000000 Finished 601027 instructions 
Clk3 @ 759000000 Finished 601807 instructions 
Clk3 @ 760000000 Finished 602602 instructions 
Clk3 @ 761000000 Finished 603388 instructions 
Clk7 @ 762000000 Finished 604187 instructions 
Clk3 @ 763000000 Finished 604980 instructions 
Sampling stash size at 604999 req has local max stash size of: 67
Clk3 @ 764000000 Finished 605767 instructions 
Clk3 @ 765000000 Finished 606547 instructions 
Clk3 @ 766000000 Finished 607347 instructions 
Clk7 @ 767000000 Finished 608127 instructions 
Clk3 @ 768000000 Finished 608927 instructions 
Clk3 @ 769000000 Finished 609687 instructions 
Clk@ 769416874 Working on the # 610000 th memory instruction
Sampling stash size at 609999 req has local max stash size of: 67
Clk7 @ 770000000 Finished 610434 instructions 
Clk3 @ 771000000 Finished 611207 instructions 
Clk3 @ 772000000 Finished 611967 instructions 
Clk3 @ 773000000 Finished 612747 instructions 
Clk3 @ 774000000 Finished 613517 instructions 
Clk3 @ 775000000 Finished 614307 instructions 
Sampling stash size at 614999 req has local max stash size of: 74
Clk3 @ 776000000 Finished 615083 instructions 
Clk3 @ 777000000 Finished 615867 instructions 
Clk3 @ 778000000 Finished 616667 instructions 
Clk7 @ 779000000 Finished 617409 instructions 
Clk3 @ 780000000 Finished 618186 instructions 
Clk3 @ 781000000 Finished 618947 instructions 
Clk3 @ 782000000 Finished 619727 instructions 
Clk@ 782344632 Working on the # 620000 th memory instruction
Sampling stash size at 619999 req has local max stash size of: 66
Clk3 @ 783000000 Finished 620523 instructions 
Clk3 @ 784000000 Finished 621311 instructions 
Clk3 @ 785000000 Finished 622123 instructions 
Clk3 @ 786000000 Finished 622927 instructions 
Clk3 @ 787000000 Finished 623739 instructions 
Clk3 @ 788000000 Finished 624547 instructions 
Sampling stash size at 624999 req has local max stash size of: 65
Clk7 @ 789000000 Finished 625364 instructions 
Clk3 @ 790000000 Finished 626183 instructions 
Clk3 @ 791000000 Finished 626987 instructions 
Clk3 @ 792000000 Finished 627787 instructions 
Clk3 @ 793000000 Finished 628587 instructions 
Clk3 @ 794000000 Finished 629387 instructions 
Clk@ 794753491 Working on the # 630000 th memory instruction
Sampling stash size at 629999 req has local max stash size of: 66
Clk3 @ 795000000 Finished 630191 instructions 
Clk3 @ 796000000 Finished 631003 instructions 
Clk7 @ 797000000 Finished 631808 instructions 
Clk3 @ 798000000 Finished 632607 instructions 
Clk7 @ 799000000 Finished 633406 instructions 
Clk3 @ 800000000 Finished 634207 instructions 
Clk3 @ 801000000 Finished 634996 instructions 
Sampling stash size at 634999 req has local max stash size of: 68
Clk7 @ 802000000 Finished 635788 instructions 
Clk3 @ 803000000 Finished 636582 instructions 
Clk3 @ 804000000 Finished 637379 instructions 
Clk7 @ 805000000 Finished 638186 instructions 
Clk3 @ 806000000 Finished 638967 instructions 
Clk3 @ 807000000 Finished 639794 instructions 
Clk@ 807254197 Working on the # 640000 th memory instruction
Sampling stash size at 639999 req has local max stash size of: 68
Clk3 @ 808000000 Finished 640567 instructions 
Clk3 @ 809000000 Finished 641349 instructions 
Clk3 @ 810000000 Finished 642147 instructions 
Clk7 @ 811000000 Finished 642947 instructions 
Clk3 @ 812000000 Finished 643730 instructions 
Clk7 @ 812000000 Finished 643730 instructions 
Clk3 @ 813000000 Finished 644527 instructions 
Sampling stash size at 644999 req has local max stash size of: 65
Clk3 @ 814000000 Finished 645327 instructions 
Clk3 @ 815000000 Finished 646113 instructions 
Clk3 @ 816000000 Finished 646915 instructions 
Clk7 @ 817000000 Finished 647707 instructions 
Clk3 @ 818000000 Finished 648487 instructions 
Clk3 @ 819000000 Finished 649267 instructions 
Clk@ 819921188 Working on the # 650000 th memory instruction
Sampling stash size at 649999 req has local max stash size of: 67
Clk3 @ 820000000 Finished 650063 instructions 
Clk3 @ 821000000 Finished 650867 instructions 
Clk3 @ 822000000 Finished 651667 instructions 
Clk3 @ 823000000 Finished 652467 instructions 
Clk3 @ 824000000 Finished 653267 instructions 
Clk3 @ 825000000 Finished 654074 instructions 
Clk3 @ 826000000 Finished 654887 instructions 
Sampling stash size at 654999 req has local max stash size of: 64
Clk3 @ 827000000 Finished 655667 instructions 
Clk3 @ 828000000 Finished 656447 instructions 
Clk3 @ 829000000 Finished 657244 instructions 
Clk3 @ 830000000 Finished 658027 instructions 
Clk3 @ 831000000 Finished 658827 instructions 
Clk3 @ 832000000 Finished 659627 instructions 
Clk@ 832457403 Working on the # 660000 th memory instruction
Sampling stash size at 659999 req has local max stash size of: 64
Clk3 @ 833000000 Finished 660427 instructions 
Clk3 @ 834000000 Finished 661207 instructions 
Clk3 @ 835000000 Finished 662012 instructions 
Clk3 @ 836000000 Finished 662807 instructions 
Clk3 @ 837000000 Finished 663567 instructions 
Clk3 @ 838000000 Finished 664367 instructions 
Sampling stash size at 664999 req has local max stash size of: 70
Clk3 @ 839000000 Finished 665167 instructions 
Clk3 @ 840000000 Finished 665967 instructions 
Clk3 @ 841000000 Finished 666767 instructions 
Clk7 @ 842000000 Finished 667559 instructions 
Clk3 @ 843000000 Finished 668367 instructions 
Clk3 @ 844000000 Finished 669167 instructions 
Clk3 @ 845000000 Finished 669967 instructions 
Clk@ 845036437 Working on the # 670000 th memory instruction
Sampling stash size at 669999 req has local max stash size of: 74
Clk3 @ 846000000 Finished 670747 instructions 
Clk3 @ 847000000 Finished 671547 instructions 
Clk3 @ 848000000 Finished 672347 instructions 
Clk7 @ 849000000 Finished 673169 instructions 
Clk3 @ 850000000 Finished 673987 instructions 
Clk3 @ 851000000 Finished 674783 instructions 
Sampling stash size at 674999 req has local max stash size of: 79
Clk3 @ 852000000 Finished 675587 instructions 
Clk3 @ 853000000 Finished 676387 instructions 
Clk3 @ 854000000 Finished 677187 instructions 
Clk3 @ 855000000 Finished 677987 instructions 
Clk3 @ 856000000 Finished 678767 instructions 
Clk3 @ 857000000 Finished 679580 instructions 
Clk@ 857514059 Working on the # 680000 th memory instruction
Sampling stash size at 679999 req has local max stash size of: 73
Clk3 @ 858000000 Finished 680387 instructions 
Clk3 @ 859000000 Finished 681200 instructions 
Clk3 @ 860000000 Finished 681987 instructions 
Clk3 @ 861000000 Finished 682767 instructions 
Clk3 @ 862000000 Finished 683547 instructions 
Clk3 @ 863000000 Finished 684327 instructions 
Sampling stash size at 684999 req has local max stash size of: 68
Clk3 @ 864000000 Finished 685107 instructions 
Clk3 @ 865000000 Finished 685867 instructions 
Clk3 @ 866000000 Finished 686627 instructions 
Clk3 @ 867000000 Finished 687441 instructions 
Clk3 @ 868000000 Finished 688247 instructions 
Clk3 @ 869000000 Finished 689067 instructions 
Clk3 @ 870000000 Finished 689887 instructions 
Clk@ 870141589 Working on the # 690000 th memory instruction
Sampling stash size at 689999 req has local max stash size of: 72
Clk7 @ 871000000 Finished 690691 instructions 
Clk3 @ 872000000 Finished 691507 instructions 
Clk3 @ 873000000 Finished 692327 instructions 
Clk3 @ 874000000 Finished 693127 instructions 
Clk7 @ 875000000 Finished 693926 instructions 
Clk3 @ 876000000 Finished 694727 instructions 
Sampling stash size at 694999 req has local max stash size of: 68
Clk7 @ 877000000 Finished 695546 instructions 
Clk3 @ 878000000 Finished 696366 instructions 
Clk3 @ 879000000 Finished 697167 instructions 
Clk3 @ 880000000 Finished 697967 instructions 
Clk7 @ 881000000 Finished 698767 instructions 
Clk3 @ 882000000 Finished 699563 instructions 
Clk@ 882549482 Working on the # 700000 th memory instruction
Sampling stash size at 699999 req has local max stash size of: 70
Clk3 @ 883000000 Finished 700347 instructions 
Clk3 @ 884000000 Finished 701143 instructions 
Clk3 @ 885000000 Finished 701927 instructions 
Clk7 @ 886000000 Finished 702724 instructions 
Clk7 @ 887000000 Finished 703530 instructions 
Clk7 @ 888000000 Finished 704338 instructions 
Sampling stash size at 704999 req has local max stash size of: 68
Clk3 @ 889000000 Finished 705142 instructions 
Clk3 @ 890000000 Finished 705947 instructions 
Clk3 @ 891000000 Finished 706747 instructions 
Clk3 @ 892000000 Finished 707567 instructions 
Clk3 @ 893000000 Finished 708367 instructions 
Clk3 @ 894000000 Finished 709147 instructions 
Clk3 @ 895000000 Finished 709947 instructions 
Clk@ 895060852 Working on the # 710000 th memory instruction
Sampling stash size at 709999 req has local max stash size of: 74
Clk3 @ 896000000 Finished 710747 instructions 
Clk3 @ 897000000 Finished 711567 instructions 
Clk3 @ 898000000 Finished 712365 instructions 
Clk3 @ 899000000 Finished 713147 instructions 
Clk3 @ 900000000 Finished 713957 instructions 
Clk3 @ 901000000 Finished 714767 instructions 
Sampling stash size at 714999 req has local max stash size of: 74
Clk3 @ 902000000 Finished 715547 instructions 
Clk3 @ 903000000 Finished 716327 instructions 
Clk3 @ 904000000 Finished 717087 instructions 
Clk3 @ 905000000 Finished 717887 instructions 
Clk3 @ 906000000 Finished 718687 instructions 
Clk3 @ 907000000 Finished 719487 instructions 
Clk@ 907641792 Working on the # 720000 th memory instruction
Sampling stash size at 719999 req has local max stash size of: 71
Clk3 @ 908000000 Finished 720280 instructions 
Clk3 @ 909000000 Finished 721067 instructions 
Clk3 @ 910000000 Finished 721867 instructions 
Clk3 @ 911000000 Finished 722679 instructions 
Clk3 @ 912000000 Finished 723460 instructions 
Clk3 @ 913000000 Finished 724235 instructions 
Sampling stash size at 724999 req has local max stash size of: 75
Clk3 @ 914000000 Finished 725020 instructions 
Clk3 @ 915000000 Finished 725827 instructions 
Clk3 @ 916000000 Finished 726634 instructions 
Clk3 @ 917000000 Finished 727422 instructions 
Clk3 @ 918000000 Finished 728206 instructions 
Clk3 @ 919000000 Finished 728967 instructions 
Clk3 @ 920000000 Finished 729756 instructions 
Clk@ 920309656 Working on the # 730000 th memory instruction
Sampling stash size at 729999 req has local max stash size of: 69
Clk3 @ 921000000 Finished 730527 instructions 
Clk3 @ 922000000 Finished 731282 instructions 
Clk3 @ 923000000 Finished 732007 instructions 
Clk3 @ 924000000 Finished 732781 instructions 
Clk3 @ 925000000 Finished 733567 instructions 
Clk3 @ 926000000 Finished 734351 instructions 
Sampling stash size at 734999 req has local max stash size of: 72
Clk3 @ 927000000 Finished 735147 instructions 
Clk3 @ 928000000 Finished 735927 instructions 
Clk3 @ 929000000 Finished 736722 instructions 
Clk7 @ 930000000 Finished 737501 instructions 
Clk3 @ 931000000 Finished 738287 instructions 
Clk3 @ 932000000 Finished 739060 instructions 
Clk3 @ 933000000 Finished 739829 instructions 
Clk@ 933205697 Working on the # 740000 th memory instruction
Sampling stash size at 739999 req has local max stash size of: 74
Clk3 @ 934000000 Finished 740607 instructions 
Clk3 @ 935000000 Finished 741374 instructions 
Clk3 @ 936000000 Finished 742167 instructions 
Clk3 @ 937000000 Finished 742942 instructions 
Clk3 @ 938000000 Finished 743687 instructions 
Clk3 @ 939000000 Finished 744467 instructions 
Sampling stash size at 744999 req has local max stash size of: 74
Clk7 @ 940000000 Finished 745226 instructions 
Clk3 @ 941000000 Finished 745967 instructions 
Clk3 @ 942000000 Finished 746707 instructions 
Clk3 @ 943000000 Finished 747447 instructions 
Clk7 @ 944000000 Finished 748228 instructions 
Clk3 @ 945000000 Finished 749007 instructions 
Clk7 @ 946000000 Finished 749804 instructions 
Clk@ 946245455 Working on the # 750000 th memory instruction
Sampling stash size at 749999 req has local max stash size of: 72
Clk3 @ 947000000 Finished 750607 instructions 
Clk3 @ 948000000 Finished 751407 instructions 
Clk7 @ 949000000 Finished 752207 instructions 
Clk3 @ 950000000 Finished 753003 instructions 
Clk3 @ 951000000 Finished 753808 instructions 
Clk3 @ 952000000 Finished 754602 instructions 
Sampling stash size at 754999 req has local max stash size of: 72
Clk3 @ 953000000 Finished 755389 instructions 
Clk3 @ 954000000 Finished 756207 instructions 
Clk3 @ 955000000 Finished 756984 instructions 
Clk3 @ 956000000 Finished 757787 instructions 
Clk3 @ 957000000 Finished 758598 instructions 
Clk3 @ 958000000 Finished 759400 instructions 
Clk@ 958756313 Working on the # 760000 th memory instruction
Sampling stash size at 759999 req has local max stash size of: 72
Clk3 @ 959000000 Finished 760184 instructions 
Clk3 @ 960000000 Finished 760978 instructions 
Clk3 @ 961000000 Finished 761767 instructions 
Clk3 @ 962000000 Finished 762565 instructions 
Clk3 @ 963000000 Finished 763367 instructions 
Clk3 @ 964000000 Finished 764167 instructions 
Clk3 @ 965000000 Finished 764967 instructions 
Sampling stash size at 764999 req has local max stash size of: 64
Clk3 @ 966000000 Finished 765783 instructions 
Clk3 @ 967000000 Finished 766589 instructions 
Clk3 @ 968000000 Finished 767400 instructions 
Clk3 @ 969000000 Finished 768207 instructions 
Clk7 @ 970000000 Finished 769007 instructions 
Clk3 @ 971000000 Finished 769786 instructions 
Clk@ 971270035 Working on the # 770000 th memory instruction
Sampling stash size at 769999 req has local max stash size of: 66
Clk3 @ 972000000 Finished 770583 instructions 
Clk3 @ 973000000 Finished 771381 instructions 
Clk3 @ 974000000 Finished 772167 instructions 
Clk3 @ 975000000 Finished 772987 instructions 
Clk7 @ 976000000 Finished 773787 instructions 

===*** Data ***====
Stall reason distribution: 
mc_hazard: 0
normal: 0
rs_hazard: 0
rw_swtich: 0
Early reshuffle distribution: 
0: 0
1: 0
2: 0
3: 1228
4: 2764
5: 2919
6: 2944
7: 2865
8: 2971
9: 2987
10: 2934
11: 2828
12: 2675
13: 2469
14: 1999
15: 921
16: 8
17: 0
18: 0
19: 0
20: 0
21: 0
=================
Max stash size is: 79
Average stash size is: 30.4068
Average mem q size is: 149.219
Total mem q size is:130001317
mem_q_sample_times is:871214
useful_read_pull_ddr: 102807 (0.345447) %
dummy_read_pull_ddr: 7057714 (23.715) %
useful_early_pull_ddr: 278671 (0.936377) %
useful_early_push_ddr: 29196 (0.098103) %
useful_write_pull_ddr: 5690918 (19.1223) %
useful_write_push_ddr: 808497 (2.71667) %
dummy_early_pull_ddr: 21702 (0.072922) %
dummy_early_push_ddr: 730571 (2.45483) %
dummy_write_pull_ddr: 37578 (0.126268) %
dummy_write_push_ddr: 15002904 (50.412) %
=================
Stash violation number of times: 0
=================
Check NodeID traffic: 3681502
Update NodeID traffic: 4
=================
Read RS lines: 774083 (84.4594) %
Write RS lines: 77408 (8.44591) %
Early RS lines: 65024 (7.0947) %
Read DDR lines: 14320186 (24.4721) %
Write DDR lines: 42245416 (72.1942) %
Early DDR lines: 1950720 (3.33363) %

====*** pos1 ***====
Stall reason distribution: 
mc_hazard: 0
normal: 0
rs_hazard: 0
rw_swtich: 0
Early reshuffle distribution: 
0: 0
1: 783
2: 1940
3: 2476
4: 2757
5: 2884
6: 2890
7: 2936
8: 2990
9: 2929
10: 3022
11: 2871
12: 2800
13: 2499
14: 2011
15: 942
16: 0
17: 0
18: 0
=================
Max stash size is: 36
Average stash size is: 13.8599
Average mem q size is: 95.4106
Total mem q size is:5682371
mem_q_sample_times is:59557
useful_read_pull_ddr: 42637 (0.0836638) %
dummy_read_pull_ddr: 12342691 (24.2192) %
useful_early_pull_ddr: 541601 (1.06275) %
useful_early_push_ddr: 9109 (0.017874) %
useful_write_pull_ddr: 9882552 (19.3919) %
useful_write_push_ddr: 748638 (1.469) %
dummy_early_pull_ddr: 36518 (0.0716569) %
dummy_early_push_ddr: 1453192 (2.8515) %
dummy_write_pull_ddr: 25672 (0.0503745) %
dummy_write_push_ddr: 25879714 (50.7821) %
=================
Stash violation number of times: 0
=================
Check NodeID traffic: 4450714
Update NodeID traffic: 0
=================
Read RS lines: 774083 (83.6891) %
Write RS lines: 77408 (8.36888) %
Early RS lines: 73460 (7.94204) %
Read DDR lines: 12385328 (24.3029) %
Write DDR lines: 36536576 (71.6933) %
Early DDR lines: 2040420 (4.00378) %

====*** pos2 ***====
Stall reason distribution: 
mc_hazard: 0
normal: 0
rs_hazard: 0
rw_swtich: 0
Early reshuffle distribution: 
0: 0
1: 788
2: 1896
3: 2528
4: 2731
5: 2949
6: 2995
7: 3018
8: 2966
9: 2892
10: 2908
11: 2887
12: 2745
13: 2489
14: 1939
15: 903
=================
Max stash size is: 41
Average stash size is: 11.5763
Average mem q size is: 88.6345
Total mem q size is:4042708
mem_q_sample_times is:45611
useful_read_pull_ddr: 17848 (0.0427128) %
dummy_read_pull_ddr: 10045231 (24.0397) %
useful_early_pull_ddr: 541731 (1.29644) %
useful_early_push_ddr: 17008 (0.0407026) %
useful_write_pull_ddr: 8034869 (19.2286) %
useful_write_push_ddr: 647123 (1.54866) %
dummy_early_pull_ddr: 35419 (0.0847627) %
dummy_early_push_ddr: 1442842 (3.45293) %
dummy_write_pull_ddr: 15563 (0.0372445) %
dummy_write_push_ddr: 20988413 (50.2283) %
=================
Stash violation number of times: 0
=================
Check NodeID traffic: 1206717
Update NodeID traffic: 0
=================
Read RS lines: 774083 (83.7065) %
Write RS lines: 77408 (8.37061) %
Early RS lines: 73268 (7.92293) %
Read DDR lines: 10063079 (24.0824) %
Write DDR lines: 29685968 (71.0428) %
Early DDR lines: 2037000 (4.87483) %
=================
The final DRAM clk is: 976382833 ticks.
Idle waiting clk is 120459866, which is 12.3374 %
DRAM Frequency is: 1600MHz
The final time in ns is: 6.10239e+08 ns.
Time distribution: 
Data pull time is: 0
data: 0
pos1: 0
pos2: 0
Data distribution: 
Pos2 data: 41786047
Pos1 data: 50962324
Data: 58516322
Node access DDR: 7363004
Pull DDR: 14320186
WB DDR: 42245416
Early DDR: 1950720
Achieved BW is: 60.1885 GB/s
Ideal BW is: 102.4 GB/s
Metadata cache conclusion: 
overall_hit: 11404621 overall_total: 18765314
Cache Size 64 KB Overall Hit rate: 60.775 %. 
Simulation done. Statistics written to results_all/lbm_output.txt
