Valid leaf ID range: 16777215:33554430
Num of top nodes: 16777216
Data level num of ways: 16777216
Z: 16
S: 27
A: 20
cached_total: 1
cached_total: 3
cached_total: 7
cached_total: 15
cached_total: 31
cached_total: 63
cached_total: 127
Total number of ORAM protected cache line blocks: 16777216
Cached number of levels: 6
Max number of levels: 25
Start lvl is: 0
data valid leaf right: 33554431
data num of levels: 25
data level num of ways: 16777216
data number of sets: 1
Cached node ID: 0 -- 95
Address space: 0 - 4 GB
pos1 valid leaf right: 4194303
pos1 num of levels: 22
pos1 level num of ways: 2097152
pos1 number of sets: 1
Cached node ID: 0 -- 11
Address space: 0 - 0.5 GB
pos2 valid leaf right: 524287
pos2 num of levels: 19
pos2 level num of ways: 262144
pos2 number of sets: 1
Cached node ID: 0 -- 5
Address space: 0 - 0.0625 GB
new addr: 237c8b
(myrs->posMap.find(new_addr) != myrs->posMap.end()): 1
(myrs->posMap[new_addr].pending): 0
myrs->posMap[new_addr] = 2325643
#2 ID 0 set true here
Clk3 @ 1000000 Finished 2107 instructions 
Clk7 @ 2000000 Finished 4383 instructions 
Sampling stash size at 4999 req has local max stash size of: 135
Clk3 @ 3000000 Finished 6744 instructions 
Clk7 @ 4000000 Finished 9081 instructions 
Clk@ 4388566 Working on the # 10000 th memory instruction
Sampling stash size at 9999 req has local max stash size of: 145
Clk3 @ 5000000 Finished 11467 instructions 
Clk7 @ 6000000 Finished 13889 instructions 
Sampling stash size at 14999 req has local max stash size of: 153
Clk3 @ 7000000 Finished 16267 instructions 
Clk7 @ 8000000 Finished 18721 instructions 
Clk@ 8532648 Working on the # 20000 th memory instruction
Sampling stash size at 19999 req has local max stash size of: 159
Clk3 @ 9000000 Finished 21119 instructions 
Clk3 @ 10000000 Finished 23527 instructions 
Sampling stash size at 24999 req has local max stash size of: 164
Clk3 @ 11000000 Finished 25985 instructions 
Clk7 @ 12000000 Finished 28443 instructions 
Clk@ 12641615 Working on the # 30000 th memory instruction
Sampling stash size at 29999 req has local max stash size of: 170
Clk3 @ 13000000 Finished 30807 instructions 
Clk3 @ 14000000 Finished 33185 instructions 
Sampling stash size at 34999 req has local max stash size of: 173
Clk3 @ 15000000 Finished 35627 instructions 
Clk7 @ 16000000 Finished 38090 instructions 
Clk@ 16787991 Working on the # 40000 th memory instruction
Sampling stash size at 39999 req has local max stash size of: 183
Clk3 @ 17000000 Finished 40507 instructions 
Clk3 @ 18000000 Finished 42922 instructions 
Sampling stash size at 44999 req has local max stash size of: 174
Clk3 @ 19000000 Finished 45402 instructions 
Clk3 @ 20000000 Finished 47804 instructions 
Clk@ 20893654 Working on the # 50000 th memory instruction
Sampling stash size at 49999 req has local max stash size of: 192
Clk3 @ 21000000 Finished 50256 instructions 
Clk3 @ 22000000 Finished 52742 instructions 
Sampling stash size at 54999 req has local max stash size of: 178
Clk7 @ 23000000 Finished 55167 instructions 
Clk7 @ 24000000 Finished 57626 instructions 
Clk@ 24957234 Working on the # 60000 th memory instruction
Sampling stash size at 59999 req has local max stash size of: 188
Clk3 @ 25000000 Finished 60101 instructions 
Clk3 @ 26000000 Finished 62343 instructions 
Clk3 @ 27000000 Finished 64742 instructions 
Sampling stash size at 64999 req has local max stash size of: 182
Clk3 @ 28000000 Finished 67185 instructions 
Clk3 @ 29000000 Finished 69645 instructions 
Clk@ 29142271 Working on the # 70000 th memory instruction
Sampling stash size at 69999 req has local max stash size of: 178
Clk3 @ 30000000 Finished 72107 instructions 
Clk7 @ 31000000 Finished 74567 instructions 
Sampling stash size at 74999 req has local max stash size of: 182
Clk3 @ 32000000 Finished 76983 instructions 
Clk3 @ 33000000 Finished 79407 instructions 
Clk@ 33235778 Working on the # 80000 th memory instruction
Sampling stash size at 79999 req has local max stash size of: 182
Clk7 @ 34000000 Finished 81856 instructions 
Clk3 @ 35000000 Finished 84228 instructions 
Sampling stash size at 84999 req has local max stash size of: 185
Clk7 @ 36000000 Finished 86649 instructions 
Clk3 @ 37000000 Finished 89092 instructions 
Clk@ 37372375 Working on the # 90000 th memory instruction
Sampling stash size at 89999 req has local max stash size of: 190
Clk3 @ 38000000 Finished 91502 instructions 
Clk7 @ 39000000 Finished 93870 instructions 
Sampling stash size at 94999 req has local max stash size of: 184
Clk7 @ 40000000 Finished 96339 instructions 
Clk3 @ 41000000 Finished 98800 instructions 
Clk@ 41492529 Working on the # 100000 th memory instruction
Sampling stash size at 99999 req has local max stash size of: 188
Clk7 @ 42000000 Finished 101234 instructions 
Clk7 @ 43000000 Finished 103685 instructions 
Sampling stash size at 104999 req has local max stash size of: 189
Clk7 @ 44000000 Finished 106127 instructions 
Clk3 @ 45000000 Finished 108544 instructions 
Clk@ 45599785 Working on the # 110000 th memory instruction
Sampling stash size at 109999 req has local max stash size of: 187
Clk3 @ 46000000 Finished 110982 instructions 
Clk7 @ 47000000 Finished 113445 instructions 
Sampling stash size at 114999 req has local max stash size of: 191
Clk7 @ 48000000 Finished 115870 instructions 
Clk7 @ 49000000 Finished 118293 instructions 
Clk@ 49696607 Working on the # 120000 th memory instruction
Sampling stash size at 119999 req has local max stash size of: 196
Clk3 @ 50000000 Finished 120736 instructions 
Clk7 @ 51000000 Finished 123007 instructions 
Sampling stash size at 124999 req has local max stash size of: 195
Clk3 @ 52000000 Finished 125227 instructions 
Clk3 @ 53000000 Finished 127627 instructions 
Clk@ 53975575 Working on the # 130000 th memory instruction
Sampling stash size at 129999 req has local max stash size of: 201
Clk7 @ 54000000 Finished 130061 instructions 
Clk3 @ 55000000 Finished 132489 instructions 
Clk7 @ 56000000 Finished 134981 instructions 
Sampling stash size at 134999 req has local max stash size of: 199
Clk7 @ 57000000 Finished 137401 instructions 
Clk3 @ 58000000 Finished 139812 instructions 
Clk@ 58076254 Working on the # 140000 th memory instruction
Sampling stash size at 139999 req has local max stash size of: 195
Clk3 @ 59000000 Finished 142267 instructions 
Clk7 @ 60000000 Finished 144718 instructions 
Sampling stash size at 144999 req has local max stash size of: 191
Clk3 @ 61000000 Finished 147147 instructions 
Clk7 @ 62000000 Finished 149609 instructions 
Clk@ 62158494 Working on the # 150000 th memory instruction
Sampling stash size at 149999 req has local max stash size of: 198
Clk3 @ 63000000 Finished 152065 instructions 
Clk7 @ 64000000 Finished 154407 instructions 
Sampling stash size at 154999 req has local max stash size of: 198
Clk3 @ 65000000 Finished 156860 instructions 
Clk3 @ 66000000 Finished 159298 instructions 
Clk@ 66285134 Working on the # 160000 th memory instruction
Sampling stash size at 159999 req has local max stash size of: 207
Clk7 @ 67000000 Finished 161742 instructions 
Clk3 @ 68000000 Finished 164142 instructions 
Sampling stash size at 164999 req has local max stash size of: 202
Clk3 @ 69000000 Finished 166483 instructions 
Clk7 @ 70000000 Finished 168867 instructions 
Clk@ 70461228 Working on the # 170000 th memory instruction
Sampling stash size at 169999 req has local max stash size of: 205
Clk7 @ 71000000 Finished 171288 instructions 
Clk7 @ 72000000 Finished 173700 instructions 
Sampling stash size at 174999 req has local max stash size of: 198
Clk3 @ 73000000 Finished 176127 instructions 
Clk3 @ 74000000 Finished 178583 instructions 
Clk@ 74589610 Working on the # 180000 th memory instruction
Sampling stash size at 179999 req has local max stash size of: 194
Clk3 @ 75000000 Finished 181007 instructions 
Clk7 @ 76000000 Finished 183372 instructions 
Sampling stash size at 184999 req has local max stash size of: 208
Clk7 @ 77000000 Finished 185769 instructions 
Clk7 @ 78000000 Finished 188061 instructions 
Clk@ 78789072 Working on the # 190000 th memory instruction
Sampling stash size at 189999 req has local max stash size of: 206
Clk3 @ 79000000 Finished 190507 instructions 
Clk7 @ 80000000 Finished 192947 instructions 
Sampling stash size at 194999 req has local max stash size of: 195
Clk3 @ 81000000 Finished 195383 instructions 
Clk3 @ 82000000 Finished 197847 instructions 
Clk@ 82884430 Working on the # 200000 th memory instruction
Sampling stash size at 199999 req has local max stash size of: 203
Clk7 @ 83000000 Finished 200283 instructions 
Clk3 @ 84000000 Finished 202695 instructions 
Sampling stash size at 204999 req has local max stash size of: 202
Clk7 @ 85000000 Finished 205142 instructions 
Clk7 @ 86000000 Finished 207560 instructions 
Clk7 @ 87000000 Finished 209993 instructions 
Clk@ 87001291 Working on the # 210000 th memory instruction
Sampling stash size at 209999 req has local max stash size of: 201
Clk7 @ 88000000 Finished 212407 instructions 
Clk7 @ 89000000 Finished 214820 instructions 
Sampling stash size at 214999 req has local max stash size of: 195
Clk3 @ 90000000 Finished 217212 instructions 
Clk3 @ 91000000 Finished 219623 instructions 
Clk@ 91147677 Working on the # 220000 th memory instruction
Sampling stash size at 219999 req has local max stash size of: 198
Clk3 @ 92000000 Finished 222065 instructions 
Clk7 @ 93000000 Finished 224538 instructions 
Sampling stash size at 224999 req has local max stash size of: 201
Clk3 @ 94000000 Finished 226967 instructions 
Clk3 @ 95000000 Finished 229372 instructions 
Clk@ 95250620 Working on the # 230000 th memory instruction
Sampling stash size at 229999 req has local max stash size of: 198
Clk3 @ 96000000 Finished 231847 instructions 
Clk7 @ 97000000 Finished 234271 instructions 
Sampling stash size at 234999 req has local max stash size of: 208
Clk3 @ 98000000 Finished 236707 instructions 
Clk7 @ 99000000 Finished 239153 instructions 
Clk@ 99344048 Working on the # 240000 th memory instruction
Sampling stash size at 239999 req has local max stash size of: 203
Clk3 @ 100000000 Finished 241573 instructions 
Clk7 @ 101000000 Finished 243920 instructions 
Sampling stash size at 244999 req has local max stash size of: 204
Clk3 @ 102000000 Finished 246147 instructions 
Clk3 @ 103000000 Finished 248333 instructions 
Clk@ 103723584 Working on the # 250000 th memory instruction
Sampling stash size at 249999 req has local max stash size of: 202
Clk3 @ 104000000 Finished 250643 instructions 
Clk3 @ 105000000 Finished 253042 instructions 
Sampling stash size at 254999 req has local max stash size of: 203
Clk3 @ 106000000 Finished 255407 instructions 
Clk3 @ 107000000 Finished 257827 instructions 
Clk@ 107906319 Working on the # 260000 th memory instruction
Sampling stash size at 259999 req has local max stash size of: 218
Clk3 @ 108000000 Finished 260227 instructions 
Clk7 @ 109000000 Finished 262669 instructions 
Sampling stash size at 264999 req has local max stash size of: 207
Clk3 @ 110000000 Finished 265067 instructions 
Clk3 @ 111000000 Finished 267507 instructions 
Clk3 @ 112000000 Finished 269960 instructions 
Clk@ 112015222 Working on the # 270000 th memory instruction
Sampling stash size at 269999 req has local max stash size of: 204
Clk3 @ 113000000 Finished 272403 instructions 
Clk3 @ 114000000 Finished 274767 instructions 
Sampling stash size at 274999 req has local max stash size of: 203
Clk7 @ 115000000 Finished 277203 instructions 
Clk7 @ 116000000 Finished 279598 instructions 
Clk@ 116164445 Working on the # 280000 th memory instruction
Sampling stash size at 279999 req has local max stash size of: 200
Clk3 @ 117000000 Finished 282034 instructions 
Clk3 @ 118000000 Finished 284484 instructions 
Sampling stash size at 284999 req has local max stash size of: 199
Clk3 @ 119000000 Finished 286906 instructions 
Clk3 @ 120000000 Finished 289347 instructions 
Clk@ 120272896 Working on the # 290000 th memory instruction
Sampling stash size at 289999 req has local max stash size of: 210
Clk7 @ 121000000 Finished 291784 instructions 
Clk3 @ 122000000 Finished 294202 instructions 
Sampling stash size at 294999 req has local max stash size of: 211
Clk7 @ 123000000 Finished 296653 instructions 
Clk3 @ 124000000 Finished 299087 instructions 
Clk@ 124370652 Working on the # 300000 th memory instruction
Sampling stash size at 299999 req has local max stash size of: 206
Clk3 @ 125000000 Finished 301507 instructions 
Clk7 @ 126000000 Finished 303949 instructions 
Sampling stash size at 304999 req has local max stash size of: 208
Clk3 @ 127000000 Finished 306245 instructions 
Clk7 @ 128000000 Finished 308627 instructions 
Clk@ 128586772 Working on the # 310000 th memory instruction
Sampling stash size at 309999 req has local max stash size of: 208
Clk3 @ 129000000 Finished 311006 instructions 
Clk3 @ 130000000 Finished 313442 instructions 
Sampling stash size at 314999 req has local max stash size of: 211
Clk3 @ 131000000 Finished 315890 instructions 
Clk7 @ 132000000 Finished 318297 instructions 
Clk@ 132691417 Working on the # 320000 th memory instruction
Sampling stash size at 319999 req has local max stash size of: 203
Clk3 @ 133000000 Finished 320707 instructions 
Clk7 @ 134000000 Finished 323166 instructions 
Sampling stash size at 324999 req has local max stash size of: 205
Clk3 @ 135000000 Finished 325561 instructions 
Clk7 @ 136000000 Finished 327966 instructions 
Clk@ 136851936 Working on the # 330000 th memory instruction
Sampling stash size at 329999 req has local max stash size of: 207
Clk7 @ 137000000 Finished 330347 instructions 
Clk3 @ 138000000 Finished 332687 instructions 
Sampling stash size at 334999 req has local max stash size of: 210
Clk7 @ 139000000 Finished 335107 instructions 
Clk3 @ 140000000 Finished 337503 instructions 
Clk3 @ 141000000 Finished 339927 instructions 
Clk@ 141028375 Working on the # 340000 th memory instruction
Sampling stash size at 339999 req has local max stash size of: 206
Clk3 @ 142000000 Finished 342351 instructions 
Clk3 @ 143000000 Finished 344702 instructions 
Sampling stash size at 344999 req has local max stash size of: 212
Clk3 @ 144000000 Finished 347107 instructions 
Clk3 @ 145000000 Finished 349564 instructions 
Clk@ 145173754 Working on the # 350000 th memory instruction
Sampling stash size at 349999 req has local max stash size of: 211
Clk3 @ 146000000 Finished 352002 instructions 
Clk3 @ 147000000 Finished 354446 instructions 
Sampling stash size at 354999 req has local max stash size of: 212
Clk7 @ 148000000 Finished 356894 instructions 
Clk3 @ 149000000 Finished 359281 instructions 
Clk@ 149296129 Working on the # 360000 th memory instruction
Sampling stash size at 359999 req has local max stash size of: 208
Clk7 @ 150000000 Finished 361734 instructions 
Clk7 @ 151000000 Finished 364159 instructions 
Sampling stash size at 364999 req has local max stash size of: 208
Clk3 @ 152000000 Finished 366427 instructions 
Clk3 @ 153000000 Finished 368847 instructions 
Clk@ 153476156 Working on the # 370000 th memory instruction
Sampling stash size at 369999 req has local max stash size of: 213
Clk3 @ 154000000 Finished 371241 instructions 
Clk7 @ 155000000 Finished 373468 instructions 
Sampling stash size at 374999 req has local max stash size of: 208
Clk3 @ 156000000 Finished 375843 instructions 
Clk3 @ 157000000 Finished 378285 instructions 
Clk@ 157696228 Working on the # 380000 th memory instruction
Sampling stash size at 379999 req has local max stash size of: 218
Clk3 @ 158000000 Finished 380740 instructions 
Clk3 @ 159000000 Finished 383147 instructions 
Sampling stash size at 384999 req has local max stash size of: 215
Clk3 @ 160000000 Finished 385603 instructions 
Clk7 @ 161000000 Finished 388019 instructions 
Clk@ 161832835 Working on the # 390000 th memory instruction
Sampling stash size at 389999 req has local max stash size of: 210
Clk3 @ 162000000 Finished 390405 instructions 
Clk7 @ 163000000 Finished 392844 instructions 
Sampling stash size at 394999 req has local max stash size of: 222
Clk7 @ 164000000 Finished 395293 instructions 
Clk@ 165952532 Working on the # 400000 th memory instruction
Sampling stash size at 399999 req has local max stash size of: 208
Clk7 @ 166000000 Finished 400104 instructions 
Clk3 @ 167000000 Finished 402527 instructions 
Clk3 @ 168000000 Finished 404925 instructions 
Sampling stash size at 404999 req has local max stash size of: 210
Clk3 @ 169000000 Finished 407341 instructions 
Clk3 @ 170000000 Finished 409771 instructions 
Clk@ 170089417 Working on the # 410000 th memory instruction
Sampling stash size at 409999 req has local max stash size of: 217
Clk7 @ 171000000 Finished 412185 instructions 
Clk3 @ 172000000 Finished 414602 instructions 
Sampling stash size at 414999 req has local max stash size of: 217
Clk7 @ 173000000 Finished 417046 instructions 
Clk3 @ 174000000 Finished 419445 instructions 
Clk@ 174224611 Working on the # 420000 th memory instruction
Sampling stash size at 419999 req has local max stash size of: 212
Clk3 @ 175000000 Finished 421887 instructions 
Clk7 @ 176000000 Finished 424305 instructions 
Sampling stash size at 424999 req has local max stash size of: 222
Clk7 @ 177000000 Finished 426693 instructions 
Clk3 @ 178000000 Finished 429106 instructions 
Clk@ 178365891 Working on the # 430000 th memory instruction
Sampling stash size at 429999 req has local max stash size of: 215
Clk3 @ 179000000 Finished 431525 instructions 
Clk3 @ 180000000 Finished 433907 instructions 
Sampling stash size at 434999 req has local max stash size of: 208
Clk7 @ 181000000 Finished 436220 instructions 
Clk3 @ 182000000 Finished 438645 instructions 
Clk@ 182547274 Working on the # 440000 th memory instruction
Sampling stash size at 439999 req has local max stash size of: 208
Clk3 @ 183000000 Finished 441106 instructions 
Clk3 @ 184000000 Finished 443507 instructions 
Sampling stash size at 444999 req has local max stash size of: 209
Clk3 @ 185000000 Finished 445963 instructions 
Clk3 @ 186000000 Finished 448405 instructions 
Clk@ 186655370 Working on the # 450000 th memory instruction
Sampling stash size at 449999 req has local max stash size of: 208
Clk3 @ 187000000 Finished 450846 instructions 
Clk7 @ 188000000 Finished 453270 instructions 
Sampling stash size at 454999 req has local max stash size of: 214
Clk7 @ 190000000 Finished 458116 instructions 
Clk@ 190766125 Working on the # 460000 th memory instruction
Sampling stash size at 459999 req has local max stash size of: 215
Clk3 @ 191000000 Finished 460567 instructions 
Clk7 @ 192000000 Finished 463017 instructions 
Sampling stash size at 464999 req has local max stash size of: 215
Clk7 @ 193000000 Finished 465391 instructions 
Clk7 @ 194000000 Finished 467828 instructions 
Clk@ 194887447 Working on the # 470000 th memory instruction
Sampling stash size at 469999 req has local max stash size of: 212
Clk7 @ 195000000 Finished 470270 instructions 
Clk3 @ 196000000 Finished 472681 instructions 
Sampling stash size at 474999 req has local max stash size of: 222
Clk3 @ 197000000 Finished 475107 instructions 
Clk7 @ 198000000 Finished 477555 instructions 
Clk7 @ 199000000 Finished 479989 instructions 
Clk@ 199001777 Working on the # 480000 th memory instruction
Sampling stash size at 479999 req has local max stash size of: 215
Clk7 @ 200000000 Finished 482362 instructions 
Clk7 @ 201000000 Finished 484758 instructions 
Sampling stash size at 484999 req has local max stash size of: 210
Clk7 @ 202000000 Finished 487125 instructions 
Clk7 @ 203000000 Finished 489263 instructions 
Clk@ 203318796 Working on the # 490000 th memory instruction
Sampling stash size at 489999 req has local max stash size of: 226
Clk3 @ 204000000 Finished 491571 instructions 
Clk7 @ 205000000 Finished 493816 instructions 
Sampling stash size at 494999 req has local max stash size of: 216
Clk7 @ 206000000 Finished 495935 instructions 
Clk3 @ 207000000 Finished 498220 instructions 
Clk@ 207784450 Working on the # 500000 th memory instruction
Warm up done after line access count: 500000 out of 1000000 (50 %)
Sampling stash size at 499999 req has local max stash size of: 211
Clk3 @ 208000000 Finished 500489 instructions 
Clk3 @ 209000000 Finished 502834 instructions 
Sampling stash size at 504999 req has local max stash size of: 224
Clk7 @ 210000000 Finished 505196 instructions 
Clk3 @ 211000000 Finished 507573 instructions 
Clk7 @ 212000000 Finished 509962 instructions 
Clk@ 212016535 Working on the # 510000 th memory instruction
Sampling stash size at 509999 req has local max stash size of: 217
Clk3 @ 213000000 Finished 512267 instructions 
Clk3 @ 214000000 Finished 514647 instructions 
Sampling stash size at 514999 req has local max stash size of: 220
Clk7 @ 215000000 Finished 517071 instructions 
Clk7 @ 216000000 Finished 519407 instructions 
Clk@ 216237647 Working on the # 520000 th memory instruction
Sampling stash size at 519999 req has local max stash size of: 218
Clk3 @ 217000000 Finished 521847 instructions 
Clk3 @ 218000000 Finished 524247 instructions 
Sampling stash size at 524999 req has local max stash size of: 215
Clk3 @ 219000000 Finished 526583 instructions 
Clk7 @ 220000000 Finished 528999 instructions 
Clk@ 220415324 Working on the # 530000 th memory instruction
Sampling stash size at 529999 req has local max stash size of: 221
Clk3 @ 221000000 Finished 531425 instructions 
Clk7 @ 222000000 Finished 533808 instructions 
Sampling stash size at 534999 req has local max stash size of: 219
Clk3 @ 223000000 Finished 536252 instructions 
Clk3 @ 224000000 Finished 538722 instructions 
Clk@ 224524316 Working on the # 540000 th memory instruction
Sampling stash size at 539999 req has local max stash size of: 214
Clk3 @ 225000000 Finished 541122 instructions 
Clk3 @ 226000000 Finished 543562 instructions 
Sampling stash size at 544999 req has local max stash size of: 214
Clk3 @ 227000000 Finished 545967 instructions 
Clk3 @ 228000000 Finished 548372 instructions 
Clk@ 228722138 Working on the # 550000 th memory instruction
Sampling stash size at 549999 req has local max stash size of: 216
Clk3 @ 229000000 Finished 550664 instructions 
Clk3 @ 230000000 Finished 553085 instructions 
Sampling stash size at 554999 req has local max stash size of: 217
Clk3 @ 231000000 Finished 555515 instructions 
Clk7 @ 232000000 Finished 557849 instructions 
Clk@ 232883719 Working on the # 560000 th memory instruction
Sampling stash size at 559999 req has local max stash size of: 213
Clk7 @ 233000000 Finished 560272 instructions 
Clk3 @ 234000000 Finished 562705 instructions 
Sampling stash size at 564999 req has local max stash size of: 213
Clk3 @ 235000000 Finished 565114 instructions 
Clk7 @ 236000000 Finished 567559 instructions 
Clk7 @ 237000000 Finished 569934 instructions 
Clk@ 237025603 Working on the # 570000 th memory instruction
Sampling stash size at 569999 req has local max stash size of: 219
Clk3 @ 238000000 Finished 572351 instructions 
Clk3 @ 239000000 Finished 574787 instructions 
Sampling stash size at 574999 req has local max stash size of: 216
Clk3 @ 240000000 Finished 577197 instructions 
Clk3 @ 241000000 Finished 579587 instructions 
Clk@ 241171007 Working on the # 580000 th memory instruction
Sampling stash size at 579999 req has local max stash size of: 213
Clk3 @ 242000000 Finished 582025 instructions 
Clk3 @ 243000000 Finished 584462 instructions 
Sampling stash size at 584999 req has local max stash size of: 216
Clk3 @ 244000000 Finished 586843 instructions 
Clk7 @ 245000000 Finished 589258 instructions 
Clk@ 245303963 Working on the # 590000 th memory instruction
Sampling stash size at 589999 req has local max stash size of: 213
Clk3 @ 246000000 Finished 591686 instructions 
Clk7 @ 247000000 Finished 594108 instructions 
Sampling stash size at 594999 req has local max stash size of: 213
Clk7 @ 248000000 Finished 596520 instructions 
Clk3 @ 249000000 Finished 598947 instructions 
Clk@ 249426908 Working on the # 600000 th memory instruction
Sampling stash size at 599999 req has local max stash size of: 215
Clk3 @ 250000000 Finished 601402 instructions 
Clk7 @ 251000000 Finished 603808 instructions 
Sampling stash size at 604999 req has local max stash size of: 219
Clk3 @ 252000000 Finished 606222 instructions 
Clk7 @ 253000000 Finished 608679 instructions 
Clk@ 253600525 Working on the # 610000 th memory instruction
Sampling stash size at 609999 req has local max stash size of: 215
Clk7 @ 254000000 Finished 610890 instructions 
Clk7 @ 255000000 Finished 613278 instructions 
Sampling stash size at 614999 req has local max stash size of: 217
Clk3 @ 256000000 Finished 615667 instructions 
Clk3 @ 257000000 Finished 617984 instructions 
Clk@ 257845937 Working on the # 620000 th memory instruction
Sampling stash size at 619999 req has local max stash size of: 223
Clk7 @ 258000000 Finished 620371 instructions 
Clk7 @ 259000000 Finished 622792 instructions 
Sampling stash size at 624999 req has local max stash size of: 214
Clk3 @ 260000000 Finished 625185 instructions 
Clk3 @ 261000000 Finished 627642 instructions 
Clk@ 261975391 Working on the # 630000 th memory instruction
Sampling stash size at 629999 req has local max stash size of: 217
Clk7 @ 262000000 Finished 630058 instructions 
Clk7 @ 263000000 Finished 632490 instructions 
Clk3 @ 264000000 Finished 634855 instructions 
Sampling stash size at 634999 req has local max stash size of: 214
Clk3 @ 265000000 Finished 637267 instructions 
Clk7 @ 266000000 Finished 639708 instructions 
Clk@ 266119565 Working on the # 640000 th memory instruction
Sampling stash size at 639999 req has local max stash size of: 217
Clk3 @ 267000000 Finished 642066 instructions 
Clk3 @ 268000000 Finished 644506 instructions 
Sampling stash size at 644999 req has local max stash size of: 218
Clk7 @ 269000000 Finished 646957 instructions 
Clk3 @ 270000000 Finished 649343 instructions 
Clk@ 270267767 Working on the # 650000 th memory instruction
Sampling stash size at 649999 req has local max stash size of: 235
Clk3 @ 271000000 Finished 651704 instructions 
Clk3 @ 272000000 Finished 654146 instructions 
Sampling stash size at 654999 req has local max stash size of: 221
Clk3 @ 273000000 Finished 656525 instructions 
Clk7 @ 274000000 Finished 658947 instructions 
Clk@ 274443747 Working on the # 660000 th memory instruction
Sampling stash size at 659999 req has local max stash size of: 222
Clk7 @ 275000000 Finished 661331 instructions 
Clk3 @ 276000000 Finished 663706 instructions 
Sampling stash size at 664999 req has local max stash size of: 227
Clk3 @ 277000000 Finished 666063 instructions 
Clk3 @ 278000000 Finished 668486 instructions 
Clk@ 278629539 Working on the # 670000 th memory instruction
Sampling stash size at 669999 req has local max stash size of: 217
Clk3 @ 279000000 Finished 670822 instructions 
Clk3 @ 280000000 Finished 673242 instructions 
Sampling stash size at 674999 req has local max stash size of: 225
Clk7 @ 281000000 Finished 675649 instructions 
Clk3 @ 282000000 Finished 678087 instructions 
Clk@ 282797834 Working on the # 680000 th memory instruction
Sampling stash size at 679999 req has local max stash size of: 224
Clk7 @ 283000000 Finished 680492 instructions 
Clk3 @ 284000000 Finished 682904 instructions 
Sampling stash size at 684999 req has local max stash size of: 219
Clk3 @ 285000000 Finished 685281 instructions 
Clk7 @ 286000000 Finished 687570 instructions 
Clk@ 286998465 Working on the # 690000 th memory instruction
Clk3 @ 287000000 Finished 690003 instructions 
Sampling stash size at 689999 req has local max stash size of: 223
Clk3 @ 288000000 Finished 692444 instructions 
Clk3 @ 289000000 Finished 694845 instructions 
Sampling stash size at 694999 req has local max stash size of: 230
Clk3 @ 290000000 Finished 697283 instructions 
Clk3 @ 291000000 Finished 699693 instructions 
Clk@ 291122644 Working on the # 700000 th memory instruction
Sampling stash size at 699999 req has local max stash size of: 217
Clk7 @ 292000000 Finished 702072 instructions 
Clk3 @ 293000000 Finished 704497 instructions 
Sampling stash size at 704999 req has local max stash size of: 225
Clk3 @ 294000000 Finished 706903 instructions 
Clk3 @ 295000000 Finished 709327 instructions 
Clk@ 295277968 Working on the # 710000 th memory instruction
Sampling stash size at 709999 req has local max stash size of: 223
Clk3 @ 296000000 Finished 711747 instructions 
Clk3 @ 297000000 Finished 714182 instructions 
Sampling stash size at 714999 req has local max stash size of: 218
Clk7 @ 298000000 Finished 716572 instructions 
Clk3 @ 299000000 Finished 718964 instructions 
Clk@ 299421020 Working on the # 720000 th memory instruction
Sampling stash size at 719999 req has local max stash size of: 229
Clk3 @ 300000000 Finished 721407 instructions 
Clk3 @ 301000000 Finished 723863 instructions 
Sampling stash size at 724999 req has local max stash size of: 223
Clk3 @ 302000000 Finished 726267 instructions 
Clk7 @ 303000000 Finished 728680 instructions 
Clk@ 303556438 Working on the # 730000 th memory instruction
Sampling stash size at 729999 req has local max stash size of: 223
Clk3 @ 304000000 Finished 731027 instructions 
Clk3 @ 305000000 Finished 733265 instructions 
Sampling stash size at 734999 req has local max stash size of: 220
Clk3 @ 306000000 Finished 735701 instructions 
Clk3 @ 307000000 Finished 738115 instructions 
Clk@ 307789636 Working on the # 740000 th memory instruction
Sampling stash size at 739999 req has local max stash size of: 220
Clk7 @ 308000000 Finished 740496 instructions 
Clk3 @ 309000000 Finished 742843 instructions 
Sampling stash size at 744999 req has local max stash size of: 222
Clk7 @ 310000000 Finished 745119 instructions 
Clk3 @ 311000000 Finished 747307 instructions 
Clk3 @ 312000000 Finished 749662 instructions 
Clk@ 312139656 Working on the # 750000 th memory instruction
Sampling stash size at 749999 req has local max stash size of: 217
Clk3 @ 313000000 Finished 752086 instructions 
Clk3 @ 314000000 Finished 754482 instructions 
Sampling stash size at 754999 req has local max stash size of: 223
Clk3 @ 315000000 Finished 756901 instructions 
Clk3 @ 316000000 Finished 759341 instructions 
Clk@ 316263415 Working on the # 760000 th memory instruction
Sampling stash size at 759999 req has local max stash size of: 223
Clk7 @ 317000000 Finished 761766 instructions 
Clk7 @ 318000000 Finished 764111 instructions 
Sampling stash size at 764999 req has local max stash size of: 220
Clk7 @ 319000000 Finished 766564 instructions 
Clk3 @ 320000000 Finished 768987 instructions 
Clk@ 320423120 Working on the # 770000 th memory instruction
Sampling stash size at 769999 req has local max stash size of: 233
Clk7 @ 321000000 Finished 771425 instructions 
Clk3 @ 322000000 Finished 773846 instructions 
Sampling stash size at 774999 req has local max stash size of: 221
Clk3 @ 323000000 Finished 776269 instructions 
Clk3 @ 324000000 Finished 778657 instructions 
Clk@ 324562273 Working on the # 780000 th memory instruction
Sampling stash size at 779999 req has local max stash size of: 229
Clk3 @ 325000000 Finished 781064 instructions 
Clk7 @ 326000000 Finished 783487 instructions 
Sampling stash size at 784999 req has local max stash size of: 226
Clk3 @ 327000000 Finished 785907 instructions 
Clk3 @ 328000000 Finished 788344 instructions 
Clk@ 328680875 Working on the # 790000 th memory instruction
Sampling stash size at 789999 req has local max stash size of: 220
Clk3 @ 329000000 Finished 790763 instructions 
Clk7 @ 330000000 Finished 793052 instructions 
Sampling stash size at 794999 req has local max stash size of: 222
Clk7 @ 331000000 Finished 795459 instructions 
Clk7 @ 332000000 Finished 797899 instructions 
Clk@ 332858205 Working on the # 800000 th memory instruction
Sampling stash size at 799999 req has local max stash size of: 223
Clk3 @ 333000000 Finished 800323 instructions 
Clk3 @ 334000000 Finished 802728 instructions 
Sampling stash size at 804999 req has local max stash size of: 228
Clk3 @ 335000000 Finished 805181 instructions 
Clk7 @ 336000000 Finished 807607 instructions 
Clk7 @ 337000000 Finished 809962 instructions 
Clk@ 337016115 Working on the # 810000 th memory instruction
Sampling stash size at 809999 req has local max stash size of: 220
Clk7 @ 338000000 Finished 812388 instructions 
Clk7 @ 339000000 Finished 814807 instructions 
Sampling stash size at 814999 req has local max stash size of: 233
Clk3 @ 340000000 Finished 817227 instructions 
Clk7 @ 341000000 Finished 819640 instructions 
Clk@ 341144235 Working on the # 820000 th memory instruction
Sampling stash size at 819999 req has local max stash size of: 219
Clk3 @ 342000000 Finished 822083 instructions 
Clk3 @ 343000000 Finished 824467 instructions 
Sampling stash size at 824999 req has local max stash size of: 223
Clk3 @ 344000000 Finished 826881 instructions 
Clk3 @ 345000000 Finished 829242 instructions 
Clk@ 345311996 Working on the # 830000 th memory instruction
Sampling stash size at 829999 req has local max stash size of: 228
Clk7 @ 346000000 Finished 831651 instructions 
Clk3 @ 347000000 Finished 834083 instructions 
Sampling stash size at 834999 req has local max stash size of: 227
Clk7 @ 348000000 Finished 836489 instructions 
Clk7 @ 349000000 Finished 838848 instructions 
Clk@ 349473169 Working on the # 840000 th memory instruction
Sampling stash size at 839999 req has local max stash size of: 233
Clk7 @ 350000000 Finished 841268 instructions 
Clk3 @ 351000000 Finished 843664 instructions 
Sampling stash size at 844999 req has local max stash size of: 222
Clk7 @ 352000000 Finished 846067 instructions 
Clk3 @ 353000000 Finished 848476 instructions 
Clk@ 353627720 Working on the # 850000 th memory instruction
Sampling stash size at 849999 req has local max stash size of: 224
Clk7 @ 354000000 Finished 850888 instructions 
Clk7 @ 355000000 Finished 853263 instructions 
Sampling stash size at 854999 req has local max stash size of: 230
Clk7 @ 356000000 Finished 855584 instructions 
Clk3 @ 357000000 Finished 858011 instructions 
Clk@ 357819797 Working on the # 860000 th memory instruction
Sampling stash size at 859999 req has local max stash size of: 225
Clk7 @ 358000000 Finished 860427 instructions 
Clk7 @ 359000000 Finished 862854 instructions 
Sampling stash size at 864999 req has local max stash size of: 232
Clk7 @ 360000000 Finished 865265 instructions 
Clk7 @ 361000000 Finished 867658 instructions 
Clk3 @ 362000000 Finished 869852 instructions 
Clk@ 362060565 Working on the # 870000 th memory instruction
Sampling stash size at 869999 req has local max stash size of: 232
Clk7 @ 363000000 Finished 872264 instructions 
Clk3 @ 364000000 Finished 874643 instructions 
Sampling stash size at 874999 req has local max stash size of: 229
Clk3 @ 365000000 Finished 877055 instructions 
Clk7 @ 366000000 Finished 879511 instructions 
Clk@ 366195695 Working on the # 880000 th memory instruction
Sampling stash size at 879999 req has local max stash size of: 226
Clk3 @ 367000000 Finished 881947 instructions 
Clk7 @ 368000000 Finished 884315 instructions 
Sampling stash size at 884999 req has local max stash size of: 232
Clk3 @ 369000000 Finished 886747 instructions 
Clk3 @ 370000000 Finished 889167 instructions 
Clk@ 370346991 Working on the # 890000 th memory instruction
Sampling stash size at 889999 req has local max stash size of: 217
Clk7 @ 371000000 Finished 891594 instructions 
Clk7 @ 372000000 Finished 894024 instructions 
Sampling stash size at 894999 req has local max stash size of: 227
Clk3 @ 373000000 Finished 896423 instructions 
Clk3 @ 374000000 Finished 898844 instructions 
Clk@ 374484976 Working on the # 900000 th memory instruction
Sampling stash size at 899999 req has local max stash size of: 223
Clk3 @ 375000000 Finished 901244 instructions 
Clk3 @ 376000000 Finished 903642 instructions 
Sampling stash size at 904999 req has local max stash size of: 232
Clk7 @ 377000000 Finished 906075 instructions 
Clk3 @ 378000000 Finished 908505 instructions 
Clk@ 378628311 Working on the # 910000 th memory instruction
Sampling stash size at 909999 req has local max stash size of: 221
Clk7 @ 379000000 Finished 910896 instructions 
Clk3 @ 380000000 Finished 913346 instructions 
Sampling stash size at 914999 req has local max stash size of: 227
Clk3 @ 381000000 Finished 915679 instructions 
Clk3 @ 382000000 Finished 918104 instructions 
Clk@ 382774614 Working on the # 920000 th memory instruction
Sampling stash size at 919999 req has local max stash size of: 228
Clk3 @ 383000000 Finished 920545 instructions 
Clk3 @ 384000000 Finished 922935 instructions 
Sampling stash size at 924999 req has local max stash size of: 222
Clk7 @ 385000000 Finished 925389 instructions 
Clk3 @ 386000000 Finished 927819 instructions 
Clk@ 386936613 Working on the # 930000 th memory instruction
Sampling stash size at 929999 req has local max stash size of: 227
Clk3 @ 387000000 Finished 930140 instructions 
Clk7 @ 388000000 Finished 932513 instructions 
Clk3 @ 389000000 Finished 934928 instructions 
Sampling stash size at 934999 req has local max stash size of: 229
Clk7 @ 390000000 Finished 937363 instructions 
Clk7 @ 391000000 Finished 939787 instructions 
Clk@ 391086304 Working on the # 940000 th memory instruction
Sampling stash size at 939999 req has local max stash size of: 227
Clk7 @ 392000000 Finished 942227 instructions 
Clk7 @ 393000000 Finished 944630 instructions 
Sampling stash size at 944999 req has local max stash size of: 236
Clk7 @ 394000000 Finished 946988 instructions 
Clk3 @ 395000000 Finished 949407 instructions 
Clk@ 395247010 Working on the # 950000 th memory instruction
Sampling stash size at 949999 req has local max stash size of: 222
Clk7 @ 396000000 Finished 951807 instructions 
Clk3 @ 397000000 Finished 954214 instructions 
Sampling stash size at 954999 req has local max stash size of: 226
Clk7 @ 398000000 Finished 956630 instructions 
Clk7 @ 399000000 Finished 959050 instructions 
Clk@ 399391542 Working on the # 960000 th memory instruction
Sampling stash size at 959999 req has local max stash size of: 221
Clk7 @ 400000000 Finished 961378 instructions 
Clk3 @ 401000000 Finished 963767 instructions 
Sampling stash size at 964999 req has local max stash size of: 227
Clk7 @ 402000000 Finished 966122 instructions 
Clk3 @ 403000000 Finished 968482 instructions 
Clk@ 403637854 Working on the # 970000 th memory instruction
Sampling stash size at 969999 req has local max stash size of: 226
Clk3 @ 404000000 Finished 970866 instructions 
Clk3 @ 405000000 Finished 973244 instructions 
Sampling stash size at 974999 req has local max stash size of: 228
Clk3 @ 406000000 Finished 975453 instructions 
Clk3 @ 407000000 Finished 977547 instructions 
Clk3 @ 408000000 Finished 979827 instructions 
Clk@ 408073670 Working on the # 980000 th memory instruction
Sampling stash size at 979999 req has local max stash size of: 223
Clk3 @ 409000000 Finished 982163 instructions 
Clk7 @ 410000000 Finished 984440 instructions 
Sampling stash size at 984999 req has local max stash size of: 227
Clk3 @ 411000000 Finished 986763 instructions 
Clk7 @ 412000000 Finished 989027 instructions 
Clk@ 412433642 Working on the # 990000 th memory instruction
Sampling stash size at 989999 req has local max stash size of: 226
Clk7 @ 413000000 Finished 991208 instructions 
Clk3 @ 414000000 Finished 993525 instructions 
Sampling stash size at 994999 req has local max stash size of: 227
Clk3 @ 415000000 Finished 995887 instructions 
Clk7 @ 415000000 Finished 995887 instructions 
Clk3 @ 416000000 Finished 998246 instructions 
Clk@ 416748911 Working on the # 1000000 th memory instruction
Sampling stash size at 999999 req has local max stash size of: 219

===*** Data ***====
Stall reason distribution: 
mc_hazard: 0
normal: 0
rs_hazard: 0
rw_swtich: 0
Early reshuffle distribution: 
0: 0
1: 0
2: 0
3: 0
4: 0
5: 0
6: 1860
7: 3732
8: 3818
9: 3889
10: 3881
11: 3757
12: 3662
13: 3413
14: 2888
15: 1868
16: 75
17: 0
18: 0
19: 0
20: 0
21: 0
22: 0
23: 0
24: 0
=================
Max stash size is: 236
Average stash size is: 114.863
Average mem q size is: 59.182
Total mem q size is:14975111
mem_q_sample_times is:253035
useful_read_pull_ddr: 500005 (1.30954) %
dummy_read_pull_ddr: 8750363 (22.9177) %
useful_early_pull_ddr: 294626 (0.771643) %
useful_early_push_ddr: 170191 (0.445741) %
useful_write_pull_ddr: 7398556 (19.3773) %
useful_write_push_ddr: 3190347 (8.35571) %
dummy_early_pull_ddr: 18497 (0.0484448) %
dummy_early_push_ddr: 621826 (1.6286) %
dummy_write_pull_ddr: 1748 (0.00457812) %
dummy_write_push_ddr: 17235470 (45.1407) %
=================
Stash violation number of times: 0
=================
Check NodeID traffic: 6541264
Update NodeID traffic: 33
=================
Read RS lines: 1000000 (85.7864) %
Write RS lines: 100000 (8.57864) %
Early RS lines: 65686 (5.63497) %
Read DDR lines: 18500502 (24.6522) %
Write DDR lines: 54575000 (72.722) %
Early DDR lines: 1970580 (2.62583) %

====*** pos1 ***====
Stall reason distribution: 
mc_hazard: 0
normal: 0
rs_hazard: 0
rw_swtich: 0
Early reshuffle distribution: 
0: 0
1: 0
2: 0
3: 1602
4: 3496
5: 3744
6: 3842
7: 3956
8: 3769
9: 3815
10: 3846
11: 3709
12: 3642
13: 3341
14: 2835
15: 1686
16: 104
17: 0
18: 0
19: 0
20: 0
21: 0
=================
Max stash size is: 235
Average stash size is: 104.065
Average mem q size is: 79.5384
Total mem q size is:7092119
mem_q_sample_times is:89166
useful_read_pull_ddr: 999995 (1.30287) %
dummy_read_pull_ddr: 17499979 (22.8003) %
useful_early_pull_ddr: 693439 (0.903466) %
useful_early_push_ddr: 411479 (0.536107) %
useful_write_pull_ddr: 14781417 (19.2584) %
useful_write_push_ddr: 7372733 (9.60577) %
dummy_early_pull_ddr: 44140 (0.057509) %
dummy_early_push_ddr: 1454162 (1.89459) %
dummy_write_pull_ddr: 18583 (0.0242114) %
dummy_write_push_ddr: 33477267 (43.6168) %
=================
Stash violation number of times: 0
=================
Check NodeID traffic: 9510137
Update NodeID traffic: 6
=================
Read RS lines: 1000000 (84.262) %
Write RS lines: 100000 (8.4262) %
Early RS lines: 86774 (7.31175) %
Read DDR lines: 18499974 (24.4456) %
Write DDR lines: 54575000 (72.1146) %
Early DDR lines: 2603220 (3.43985) %

====*** pos2 ***====
Stall reason distribution: 
mc_hazard: 0
normal: 0
rs_hazard: 0
rw_swtich: 0
Early reshuffle distribution: 
0: 0
1: 0
2: 1258
3: 3202
4: 3608
5: 3787
6: 3886
7: 3827
8: 3853
9: 3862
10: 3746
11: 3621
12: 3583
13: 3302
14: 2625
15: 1473
16: 32
17: 0
18: 0
=================
Max stash size is: 241
Average stash size is: 100.576
Average mem q size is: 76.9748
Total mem q size is:5738622
mem_q_sample_times is:74552
useful_read_pull_ddr: 999980 (1.51824) %
dummy_read_pull_ddr: 15000020 (22.7741) %
useful_early_pull_ddr: 704606 (1.06978) %
useful_early_push_ddr: 422448 (0.64139) %
useful_write_pull_ddr: 12660350 (19.2218) %
useful_write_push_ddr: 7222461 (10.9656) %
dummy_early_pull_ddr: 50313 (0.0763887) %
dummy_early_push_ddr: 1487053 (2.25775) %
dummy_write_pull_ddr: 139650 (0.212026) %
dummy_write_push_ddr: 27177539 (41.2629) %
=================
Stash violation number of times: 0
=================
Check NodeID traffic: 5749926
Update NodeID traffic: 0
=================
Read RS lines: 1000000 (83.9398) %
Write RS lines: 100000 (8.39398) %
Early RS lines: 91330 (7.66622) %
Read DDR lines: 16000000 (24.2923) %
Write DDR lines: 47200000 (71.6624) %
Early DDR lines: 2664420 (4.04531) %
=================
The final DRAM clk is: 416753732 ticks.
Idle waiting clk is 160353630, which is 38.4768 %
DRAM Frequency is: 1600MHz
The final time in ns is: 2.60471e+08 ns.
Time distribution: 
Data pull time is: 0
data: 0
pos1: 0
pos2: 0
Data distribution: 
Pos2 data: 65864420
Pos1 data: 75678194
Data: 75046082
Node access DDR: 13082528
Pull DDR: 18500502
WB DDR: 54575000
Early DDR: 1970580
Achieved BW is: 60.1819 GB/s
Ideal BW is: 102.4 GB/s
Metadata cache conclusion: 
overall_hit: 14449754 overall_total: 27532843
Cache Size 64 KB Overall Hit rate: 52.4819 %. 
Simulation done. Statistics written to results_all/random_addr_output.txt
