Valid leaf ID range: 4194303:8388606
Num of top nodes: 4194304
Data level num of ways: 4194304
Z: 16
S: 27
A: 20
cached_total: 1
cached_total: 3
cached_total: 7
cached_total: 15
cached_total: 31
Total number of ORAM protected cache line blocks: 4194304
Cached number of levels: 4
Max number of levels: 23
Start lvl is: 0
data valid leaf right: 8388607
data num of levels: 23
data level num of ways: 4194304
data number of sets: 1
Cached node ID: 0 -- 23
Address space: 0 - 4 GB
pos1 valid leaf right: 1048575
pos1 num of levels: 20
pos1 level num of ways: 524288
pos1 number of sets: 1
Cached node ID: 0 -- 2
Address space: 0 - 0.5 GB
pos2 valid leaf right: 131071
pos2 num of levels: 17
pos2 level num of ways: 65536
pos2 number of sets: 1
Cached node ID: 0 -- 1
Address space: 0 - 0.0625 GB
new addr: a
(myrs->posMap.find(new_addr) != myrs->posMap.end()): 1
(myrs->posMap[new_addr].pending): 0
myrs->posMap[new_addr] = 10
#2 ID 0 set true here
Clk3 @ 1000000 Finished 1136 instructions 
Clk3 @ 2000000 Finished 2307 instructions 
Clk7 @ 3000000 Finished 3507 instructions 
Clk3 @ 4000000 Finished 4705 instructions 
Sampling stash size at 4999 req has local max stash size of: 133
Clk7 @ 5000000 Finished 5907 instructions 
Clk3 @ 6000000 Finished 7136 instructions 
Clk3 @ 7000000 Finished 8347 instructions 
Clk3 @ 8000000 Finished 9581 instructions 
Clk@ 8337742 Working on the # 10000 th memory instruction
Sampling stash size at 9999 req has local max stash size of: 146
Clk7 @ 9000000 Finished 10807 instructions 
Clk3 @ 10000000 Finished 12063 instructions 
Clk7 @ 11000000 Finished 13324 instructions 
Clk7 @ 12000000 Finished 14576 instructions 
Sampling stash size at 14999 req has local max stash size of: 149
Clk3 @ 13000000 Finished 15804 instructions 
Clk3 @ 14000000 Finished 17065 instructions 
Clk3 @ 15000000 Finished 18327 instructions 
Clk3 @ 16000000 Finished 19580 instructions 
Clk@ 16330624 Working on the # 20000 th memory instruction
Sampling stash size at 19999 req has local max stash size of: 153
Clk3 @ 17000000 Finished 20847 instructions 
Clk3 @ 18000000 Finished 22104 instructions 
Clk3 @ 19000000 Finished 23347 instructions 
Clk7 @ 20000000 Finished 24627 instructions 
Sampling stash size at 24999 req has local max stash size of: 163
Clk7 @ 21000000 Finished 25915 instructions 
Clk7 @ 22000000 Finished 27168 instructions 
Clk7 @ 23000000 Finished 28458 instructions 
Clk3 @ 24000000 Finished 29727 instructions 
Clk@ 24217639 Working on the # 30000 th memory instruction
Sampling stash size at 29999 req has local max stash size of: 173
Clk3 @ 25000000 Finished 30942 instructions 
Clk3 @ 26000000 Finished 32199 instructions 
Clk3 @ 27000000 Finished 33476 instructions 
Clk7 @ 28000000 Finished 34747 instructions 
Sampling stash size at 34999 req has local max stash size of: 163
Clk3 @ 29000000 Finished 36041 instructions 
Clk7 @ 30000000 Finished 37318 instructions 
Clk3 @ 31000000 Finished 38587 instructions 
Clk3 @ 32000000 Finished 39867 instructions 
Clk@ 32102421 Working on the # 40000 th memory instruction
Sampling stash size at 39999 req has local max stash size of: 172
Clk3 @ 33000000 Finished 41147 instructions 
Clk3 @ 34000000 Finished 42418 instructions 
Clk7 @ 35000000 Finished 43707 instructions 
Clk3 @ 36000000 Finished 44987 instructions 
Sampling stash size at 44999 req has local max stash size of: 171
Clk3 @ 37000000 Finished 46245 instructions 
Clk3 @ 38000000 Finished 47507 instructions 
Clk3 @ 39000000 Finished 48827 instructions 
Clk@ 39902234 Working on the # 50000 th memory instruction
Sampling stash size at 49999 req has local max stash size of: 179
Clk3 @ 40000000 Finished 50127 instructions 
Clk3 @ 41000000 Finished 51427 instructions 
Clk7 @ 42000000 Finished 52699 instructions 
Clk3 @ 43000000 Finished 54007 instructions 
Sampling stash size at 54999 req has local max stash size of: 170
Clk3 @ 44000000 Finished 55267 instructions 
Clk3 @ 45000000 Finished 56567 instructions 
Clk3 @ 46000000 Finished 57853 instructions 
Clk3 @ 47000000 Finished 59147 instructions 
Clk@ 47655712 Working on the # 60000 th memory instruction
Sampling stash size at 59999 req has local max stash size of: 177
Clk3 @ 48000000 Finished 60427 instructions 
Clk3 @ 49000000 Finished 61639 instructions 
Clk7 @ 50000000 Finished 62888 instructions 
Clk3 @ 51000000 Finished 64187 instructions 
Sampling stash size at 64999 req has local max stash size of: 180
Clk7 @ 52000000 Finished 65475 instructions 
Clk7 @ 53000000 Finished 66786 instructions 
Clk7 @ 54000000 Finished 68093 instructions 
Clk3 @ 55000000 Finished 69387 instructions 
Clk@ 55466268 Working on the # 70000 th memory instruction
Sampling stash size at 69999 req has local max stash size of: 182
Clk3 @ 56000000 Finished 70701 instructions 
Clk7 @ 57000000 Finished 71996 instructions 
Clk3 @ 58000000 Finished 73282 instructions 
Clk3 @ 59000000 Finished 74587 instructions 
Sampling stash size at 74999 req has local max stash size of: 179
Clk3 @ 60000000 Finished 75887 instructions 
Clk3 @ 61000000 Finished 77147 instructions 
Clk3 @ 62000000 Finished 78447 instructions 
Clk3 @ 63000000 Finished 79764 instructions 
Clk@ 63180655 Working on the # 80000 th memory instruction
Sampling stash size at 79999 req has local max stash size of: 179
Clk3 @ 64000000 Finished 81043 instructions 
Clk3 @ 65000000 Finished 82307 instructions 
Clk3 @ 66000000 Finished 83576 instructions 
Clk3 @ 67000000 Finished 84841 instructions 
Sampling stash size at 84999 req has local max stash size of: 185
Clk7 @ 68000000 Finished 86103 instructions 
Clk3 @ 69000000 Finished 87387 instructions 
Clk3 @ 70000000 Finished 88647 instructions 
Clk7 @ 71000000 Finished 89921 instructions 
Clk@ 71062925 Working on the # 90000 th memory instruction
Sampling stash size at 89999 req has local max stash size of: 184
Clk3 @ 72000000 Finished 91187 instructions 
Clk3 @ 73000000 Finished 92427 instructions 
Clk7 @ 74000000 Finished 93702 instructions 
Sampling stash size at 94999 req has local max stash size of: 184
Clk3 @ 75000000 Finished 95016 instructions 
Clk3 @ 76000000 Finished 96327 instructions 
Clk3 @ 77000000 Finished 97643 instructions 
Clk7 @ 78000000 Finished 98924 instructions 
Clk@ 78836657 Working on the # 100000 th memory instruction
Sampling stash size at 99999 req has local max stash size of: 191
Clk3 @ 79000000 Finished 100207 instructions 
Clk7 @ 80000000 Finished 101507 instructions 
Clk3 @ 81000000 Finished 102817 instructions 
Clk3 @ 82000000 Finished 104087 instructions 
Sampling stash size at 104999 req has local max stash size of: 184
Clk7 @ 83000000 Finished 105371 instructions 
Clk3 @ 84000000 Finished 106664 instructions 
Clk3 @ 85000000 Finished 107947 instructions 
Clk3 @ 86000000 Finished 109227 instructions 
Clk@ 86588645 Working on the # 110000 th memory instruction
Sampling stash size at 109999 req has local max stash size of: 193
Clk3 @ 87000000 Finished 110527 instructions 
Clk3 @ 88000000 Finished 111827 instructions 
Clk3 @ 89000000 Finished 113107 instructions 
Clk7 @ 90000000 Finished 114378 instructions 
Sampling stash size at 114999 req has local max stash size of: 185
Clk3 @ 91000000 Finished 115667 instructions 
Clk3 @ 92000000 Finished 116947 instructions 
Clk3 @ 93000000 Finished 118230 instructions 
Clk3 @ 94000000 Finished 119507 instructions 
Clk@ 94376988 Working on the # 120000 th memory instruction
Sampling stash size at 119999 req has local max stash size of: 188
Clk3 @ 95000000 Finished 120766 instructions 
Clk3 @ 96000000 Finished 121987 instructions 
Clk3 @ 97000000 Finished 123187 instructions 
Clk3 @ 98000000 Finished 124414 instructions 
Sampling stash size at 124999 req has local max stash size of: 190
Clk3 @ 99000000 Finished 125683 instructions 
Clk7 @ 100000000 Finished 126976 instructions 
Clk7 @ 101000000 Finished 128270 instructions 
Clk3 @ 102000000 Finished 129547 instructions 
Clk@ 102346601 Working on the # 130000 th memory instruction
Sampling stash size at 129999 req has local max stash size of: 191
Clk7 @ 103000000 Finished 130851 instructions 
Clk3 @ 104000000 Finished 132147 instructions 
Clk3 @ 105000000 Finished 133441 instructions 
Clk7 @ 106000000 Finished 134753 instructions 
Sampling stash size at 134999 req has local max stash size of: 184
Clk3 @ 107000000 Finished 136080 instructions 
Clk7 @ 108000000 Finished 137327 instructions 
Clk3 @ 109000000 Finished 138622 instructions 
Clk3 @ 110000000 Finished 139922 instructions 
Clk@ 110055119 Working on the # 140000 th memory instruction
Sampling stash size at 139999 req has local max stash size of: 189
Clk7 @ 111000000 Finished 141235 instructions 
Clk3 @ 112000000 Finished 142534 instructions 
Clk3 @ 113000000 Finished 143827 instructions 
Sampling stash size at 144999 req has local max stash size of: 191
Clk3 @ 114000000 Finished 145099 instructions 
Clk3 @ 115000000 Finished 146407 instructions 
Clk7 @ 116000000 Finished 147693 instructions 
Clk3 @ 117000000 Finished 149007 instructions 
Clk@ 117762803 Working on the # 150000 th memory instruction
Sampling stash size at 149999 req has local max stash size of: 186
Clk3 @ 118000000 Finished 150307 instructions 
Clk7 @ 119000000 Finished 151588 instructions 
Clk3 @ 120000000 Finished 152827 instructions 
Clk7 @ 121000000 Finished 154087 instructions 
Sampling stash size at 154999 req has local max stash size of: 184
Clk7 @ 122000000 Finished 155350 instructions 
Clk3 @ 123000000 Finished 156667 instructions 
Clk3 @ 124000000 Finished 157987 instructions 
Clk7 @ 125000000 Finished 159280 instructions 
Clk@ 125556684 Working on the # 160000 th memory instruction
Sampling stash size at 159999 req has local max stash size of: 191
Clk3 @ 126000000 Finished 160547 instructions 
Clk3 @ 127000000 Finished 161867 instructions 
Clk7 @ 128000000 Finished 163142 instructions 
Clk3 @ 129000000 Finished 164407 instructions 
Sampling stash size at 164999 req has local max stash size of: 190
Clk3 @ 130000000 Finished 165667 instructions 
Clk3 @ 131000000 Finished 166922 instructions 
Clk3 @ 132000000 Finished 168147 instructions 
Clk7 @ 133000000 Finished 169416 instructions 
Clk@ 133454056 Working on the # 170000 th memory instruction
Sampling stash size at 169999 req has local max stash size of: 184
Clk3 @ 134000000 Finished 170687 instructions 
Clk3 @ 135000000 Finished 171927 instructions 
Clk3 @ 136000000 Finished 173202 instructions 
Clk3 @ 137000000 Finished 174481 instructions 
Sampling stash size at 174999 req has local max stash size of: 192
Clk3 @ 138000000 Finished 175727 instructions 
Clk3 @ 139000000 Finished 177007 instructions 
Clk3 @ 140000000 Finished 178287 instructions 
Clk7 @ 141000000 Finished 179529 instructions 
Clk@ 141358295 Working on the # 180000 th memory instruction
Sampling stash size at 179999 req has local max stash size of: 192
Clk3 @ 142000000 Finished 180807 instructions 
Clk7 @ 143000000 Finished 182068 instructions 
Clk3 @ 144000000 Finished 183282 instructions 
Clk3 @ 145000000 Finished 184547 instructions 
Sampling stash size at 184999 req has local max stash size of: 189
Clk3 @ 146000000 Finished 185842 instructions 
Clk3 @ 147000000 Finished 187067 instructions 
Clk7 @ 148000000 Finished 188359 instructions 
Clk7 @ 149000000 Finished 189662 instructions 
Clk@ 149260243 Working on the # 190000 th memory instruction
Sampling stash size at 189999 req has local max stash size of: 190
Clk7 @ 150000000 Finished 190935 instructions 
Clk3 @ 151000000 Finished 192247 instructions 
Clk7 @ 152000000 Finished 193558 instructions 
Clk3 @ 153000000 Finished 194867 instructions 
Sampling stash size at 194999 req has local max stash size of: 186
Clk3 @ 154000000 Finished 196168 instructions 
Clk3 @ 155000000 Finished 197463 instructions 
Clk3 @ 156000000 Finished 198707 instructions 
Clk@ 156983578 Working on the # 200000 th memory instruction
Sampling stash size at 199999 req has local max stash size of: 185
Clk7 @ 157000000 Finished 200017 instructions 
Clk3 @ 158000000 Finished 201347 instructions 
Clk3 @ 159000000 Finished 202627 instructions 
Clk3 @ 160000000 Finished 203929 instructions 
Sampling stash size at 204999 req has local max stash size of: 190
Clk3 @ 161000000 Finished 205227 instructions 
Clk3 @ 162000000 Finished 206502 instructions 
Clk3 @ 163000000 Finished 207767 instructions 
Clk7 @ 164000000 Finished 209051 instructions 
Clk@ 164737701 Working on the # 210000 th memory instruction
Sampling stash size at 209999 req has local max stash size of: 193
Clk3 @ 165000000 Finished 210347 instructions 
Clk7 @ 166000000 Finished 211608 instructions 
Clk3 @ 167000000 Finished 212907 instructions 
Clk3 @ 168000000 Finished 214127 instructions 
Sampling stash size at 214999 req has local max stash size of: 188
Clk3 @ 169000000 Finished 215424 instructions 
Clk3 @ 170000000 Finished 216727 instructions 
Clk3 @ 171000000 Finished 217987 instructions 
Clk3 @ 172000000 Finished 219267 instructions 
Clk@ 172555405 Working on the # 220000 th memory instruction
Sampling stash size at 219999 req has local max stash size of: 190
Clk3 @ 173000000 Finished 220567 instructions 
Clk7 @ 174000000 Finished 221847 instructions 
Clk3 @ 175000000 Finished 223167 instructions 
Clk3 @ 176000000 Finished 224462 instructions 
Sampling stash size at 224999 req has local max stash size of: 197
Clk3 @ 177000000 Finished 225727 instructions 
Clk3 @ 178000000 Finished 227003 instructions 
Clk7 @ 179000000 Finished 228273 instructions 
Clk3 @ 180000000 Finished 229547 instructions 
Clk@ 180356052 Working on the # 230000 th memory instruction
Sampling stash size at 229999 req has local max stash size of: 187
Clk3 @ 181000000 Finished 230827 instructions 
Clk3 @ 182000000 Finished 232119 instructions 
Clk3 @ 183000000 Finished 233381 instructions 
Clk3 @ 184000000 Finished 234667 instructions 
Sampling stash size at 234999 req has local max stash size of: 195
Clk3 @ 185000000 Finished 235947 instructions 
Clk7 @ 186000000 Finished 237205 instructions 
Clk3 @ 187000000 Finished 238487 instructions 
Clk3 @ 188000000 Finished 239775 instructions 
Clk@ 188175693 Working on the # 240000 th memory instruction
Sampling stash size at 239999 req has local max stash size of: 187
Clk7 @ 189000000 Finished 241027 instructions 
Clk3 @ 190000000 Finished 242278 instructions 
Clk3 @ 191000000 Finished 243507 instructions 
Clk7 @ 192000000 Finished 244678 instructions 
Sampling stash size at 244999 req has local max stash size of: 187
Clk3 @ 193000000 Finished 245887 instructions 
Clk3 @ 194000000 Finished 247123 instructions 
Clk3 @ 195000000 Finished 248341 instructions 
Clk7 @ 196000000 Finished 249592 instructions 
Warm up done after line access count: 249977 out of 499955 (49.9999 %)
Clk@ 196311261 Working on the # 250000 th memory instruction
Sampling stash size at 249999 req has local max stash size of: 189
Clk3 @ 197000000 Finished 250865 instructions 
Clk3 @ 198000000 Finished 252127 instructions 
Clk3 @ 199000000 Finished 253422 instructions 
Clk3 @ 200000000 Finished 254705 instructions 
Sampling stash size at 254999 req has local max stash size of: 188
Clk3 @ 201000000 Finished 255967 instructions 
Clk7 @ 202000000 Finished 257265 instructions 
Clk3 @ 203000000 Finished 258546 instructions 
Clk7 @ 204000000 Finished 259790 instructions 
Clk@ 204156050 Working on the # 260000 th memory instruction
Sampling stash size at 259999 req has local max stash size of: 186
Clk7 @ 205000000 Finished 261096 instructions 
Clk3 @ 206000000 Finished 262407 instructions 
Clk3 @ 207000000 Finished 263687 instructions 
Clk3 @ 208000000 Finished 264982 instructions 
Sampling stash size at 264999 req has local max stash size of: 193
Clk3 @ 209000000 Finished 266281 instructions 
Clk7 @ 210000000 Finished 267571 instructions 
Clk7 @ 211000000 Finished 268861 instructions 
Clk@ 211881376 Working on the # 270000 th memory instruction
Sampling stash size at 269999 req has local max stash size of: 194
Clk3 @ 212000000 Finished 270147 instructions 
Clk3 @ 213000000 Finished 271467 instructions 
Clk3 @ 214000000 Finished 272761 instructions 
Clk3 @ 215000000 Finished 274047 instructions 
Sampling stash size at 274999 req has local max stash size of: 187
Clk7 @ 216000000 Finished 275294 instructions 
Clk3 @ 217000000 Finished 276587 instructions 
Clk3 @ 218000000 Finished 277887 instructions 
Clk7 @ 219000000 Finished 279155 instructions 
Clk@ 219627317 Working on the # 280000 th memory instruction
Sampling stash size at 279999 req has local max stash size of: 192
Clk3 @ 220000000 Finished 280487 instructions 
Clk3 @ 221000000 Finished 281807 instructions 
Clk3 @ 222000000 Finished 283087 instructions 
Clk3 @ 223000000 Finished 284422 instructions 
Sampling stash size at 284999 req has local max stash size of: 202
Clk3 @ 224000000 Finished 285727 instructions 
Clk3 @ 225000000 Finished 287027 instructions 
Clk3 @ 226000000 Finished 288287 instructions 
Clk3 @ 227000000 Finished 289562 instructions 
Clk@ 227344310 Working on the # 290000 th memory instruction
Sampling stash size at 289999 req has local max stash size of: 198
Clk7 @ 228000000 Finished 290840 instructions 
Clk3 @ 229000000 Finished 292141 instructions 
Clk3 @ 230000000 Finished 293427 instructions 
Clk3 @ 231000000 Finished 294741 instructions 
Sampling stash size at 294999 req has local max stash size of: 202
Clk7 @ 232000000 Finished 296027 instructions 
Clk3 @ 233000000 Finished 297323 instructions 
Clk3 @ 234000000 Finished 298620 instructions 
Clk7 @ 235000000 Finished 299919 instructions 
Clk@ 235058876 Working on the # 300000 th memory instruction
Sampling stash size at 299999 req has local max stash size of: 184
Clk3 @ 236000000 Finished 301194 instructions 
Clk3 @ 237000000 Finished 302487 instructions 
Clk3 @ 238000000 Finished 303744 instructions 
Clk3 @ 239000000 Finished 304967 instructions 
Sampling stash size at 304999 req has local max stash size of: 193
Clk7 @ 240000000 Finished 306207 instructions 
Clk3 @ 241000000 Finished 307467 instructions 
Clk3 @ 242000000 Finished 308747 instructions 
Clk@ 242997040 Working on the # 310000 th memory instruction
Clk3 @ 243000000 Finished 310003 instructions 
Sampling stash size at 309999 req has local max stash size of: 194
Clk3 @ 244000000 Finished 311304 instructions 
Clk3 @ 245000000 Finished 312587 instructions 
Clk7 @ 246000000 Finished 313895 instructions 
Sampling stash size at 314999 req has local max stash size of: 190
Clk3 @ 247000000 Finished 315207 instructions 
Clk3 @ 248000000 Finished 316487 instructions 
Clk3 @ 249000000 Finished 317805 instructions 
Clk7 @ 250000000 Finished 319080 instructions 
Clk@ 250712545 Working on the # 320000 th memory instruction
Sampling stash size at 319999 req has local max stash size of: 199
Clk3 @ 251000000 Finished 320335 instructions 
Clk3 @ 252000000 Finished 321607 instructions 
Clk3 @ 253000000 Finished 322907 instructions 
Clk3 @ 254000000 Finished 324187 instructions 
Sampling stash size at 324999 req has local max stash size of: 198
Clk3 @ 255000000 Finished 325487 instructions 
Clk3 @ 256000000 Finished 326784 instructions 
Clk3 @ 257000000 Finished 328027 instructions 
Clk3 @ 258000000 Finished 329267 instructions 
Clk@ 258579943 Working on the # 330000 th memory instruction
Sampling stash size at 329999 req has local max stash size of: 196
Clk7 @ 259000000 Finished 330527 instructions 
Clk3 @ 260000000 Finished 331767 instructions 
Clk3 @ 261000000 Finished 333027 instructions 
Clk3 @ 262000000 Finished 334267 instructions 
Sampling stash size at 334999 req has local max stash size of: 193
Clk7 @ 263000000 Finished 335471 instructions 
Clk7 @ 264000000 Finished 336743 instructions 
Clk3 @ 265000000 Finished 338007 instructions 
Clk3 @ 266000000 Finished 339267 instructions 
Clk@ 266555744 Working on the # 340000 th memory instruction
Sampling stash size at 339999 req has local max stash size of: 195
Clk3 @ 267000000 Finished 340567 instructions 
Clk7 @ 268000000 Finished 341833 instructions 
Clk3 @ 269000000 Finished 343067 instructions 
Clk3 @ 270000000 Finished 344347 instructions 
Sampling stash size at 344999 req has local max stash size of: 191
Clk7 @ 271000000 Finished 345628 instructions 
Clk7 @ 272000000 Finished 346866 instructions 
Clk3 @ 273000000 Finished 348146 instructions 
Clk3 @ 274000000 Finished 349427 instructions 
Clk@ 274436738 Working on the # 350000 th memory instruction
Sampling stash size at 349999 req has local max stash size of: 196
Clk3 @ 275000000 Finished 350687 instructions 
Clk3 @ 276000000 Finished 351964 instructions 
Clk3 @ 277000000 Finished 353227 instructions 
Clk7 @ 278000000 Finished 354499 instructions 
Sampling stash size at 354999 req has local max stash size of: 197
Clk3 @ 279000000 Finished 355787 instructions 
Clk7 @ 280000000 Finished 357064 instructions 
Clk3 @ 281000000 Finished 358322 instructions 
Clk3 @ 282000000 Finished 359581 instructions 
Clk@ 282329024 Working on the # 360000 th memory instruction
Sampling stash size at 359999 req has local max stash size of: 194
Clk3 @ 283000000 Finished 360867 instructions 
Clk3 @ 284000000 Finished 362127 instructions 
Clk3 @ 285000000 Finished 363415 instructions 
Clk3 @ 286000000 Finished 364667 instructions 
Sampling stash size at 364999 req has local max stash size of: 197
Clk3 @ 287000000 Finished 365867 instructions 
Clk3 @ 288000000 Finished 367107 instructions 
Clk7 @ 289000000 Finished 368363 instructions 
Clk3 @ 290000000 Finished 369627 instructions 
Clk@ 290295824 Working on the # 370000 th memory instruction
Sampling stash size at 369999 req has local max stash size of: 195
Clk3 @ 291000000 Finished 370907 instructions 
Clk3 @ 292000000 Finished 372175 instructions 
Clk3 @ 293000000 Finished 373393 instructions 
Clk3 @ 294000000 Finished 374661 instructions 
Sampling stash size at 374999 req has local max stash size of: 197
Clk3 @ 295000000 Finished 375962 instructions 
Clk3 @ 296000000 Finished 377229 instructions 
Clk3 @ 297000000 Finished 378508 instructions 
Clk3 @ 298000000 Finished 379827 instructions 
Clk@ 298130689 Working on the # 380000 th memory instruction
Sampling stash size at 379999 req has local max stash size of: 193
Clk3 @ 299000000 Finished 381085 instructions 
Clk3 @ 300000000 Finished 382387 instructions 
Clk3 @ 301000000 Finished 383687 instructions 
Clk3 @ 302000000 Finished 384981 instructions 
Sampling stash size at 384999 req has local max stash size of: 190
Clk3 @ 303000000 Finished 386298 instructions 
Clk3 @ 304000000 Finished 387604 instructions 
Clk3 @ 305000000 Finished 388887 instructions 
Clk@ 305874180 Working on the # 390000 th memory instruction
Sampling stash size at 389999 req has local max stash size of: 192
Clk3 @ 306000000 Finished 390166 instructions 
Clk3 @ 307000000 Finished 391469 instructions 
Clk3 @ 308000000 Finished 392747 instructions 
Clk3 @ 309000000 Finished 394044 instructions 
Sampling stash size at 394999 req has local max stash size of: 199
Clk7 @ 310000000 Finished 395316 instructions 
Clk3 @ 311000000 Finished 396539 instructions 
Clk3 @ 312000000 Finished 397823 instructions 
Clk3 @ 313000000 Finished 399107 instructions 
Clk@ 313686927 Working on the # 400000 th memory instruction
Sampling stash size at 399999 req has local max stash size of: 191
Clk7 @ 314000000 Finished 400393 instructions 
Clk3 @ 315000000 Finished 401709 instructions 
Clk3 @ 316000000 Finished 403003 instructions 
Clk3 @ 317000000 Finished 404262 instructions 
Sampling stash size at 404999 req has local max stash size of: 187
Clk3 @ 318000000 Finished 405564 instructions 
Clk3 @ 319000000 Finished 406844 instructions 
Clk3 @ 320000000 Finished 408107 instructions 
Clk3 @ 321000000 Finished 409387 instructions 
Clk@ 321488066 Working on the # 410000 th memory instruction
Sampling stash size at 409999 req has local max stash size of: 201
Clk3 @ 322000000 Finished 410647 instructions 
Clk7 @ 323000000 Finished 411887 instructions 
Clk7 @ 324000000 Finished 413169 instructions 
Clk7 @ 325000000 Finished 414430 instructions 
Sampling stash size at 414999 req has local max stash size of: 189
Clk3 @ 326000000 Finished 415727 instructions 
Clk3 @ 327000000 Finished 417043 instructions 
Clk3 @ 328000000 Finished 418327 instructions 
Clk3 @ 329000000 Finished 419587 instructions 
Clk@ 329318309 Working on the # 420000 th memory instruction
Sampling stash size at 419999 req has local max stash size of: 187
Clk7 @ 330000000 Finished 420868 instructions 
Clk3 @ 331000000 Finished 422133 instructions 
Clk3 @ 332000000 Finished 423407 instructions 
Clk3 @ 333000000 Finished 424687 instructions 
Sampling stash size at 424999 req has local max stash size of: 203
Clk3 @ 334000000 Finished 425964 instructions 
Clk3 @ 335000000 Finished 427167 instructions 
Clk3 @ 336000000 Finished 428461 instructions 
Clk3 @ 337000000 Finished 429727 instructions 
Clk@ 337204479 Working on the # 430000 th memory instruction
Sampling stash size at 429999 req has local max stash size of: 190
Clk3 @ 338000000 Finished 431027 instructions 
Clk7 @ 339000000 Finished 432326 instructions 
Clk3 @ 340000000 Finished 433587 instructions 
Clk7 @ 341000000 Finished 434813 instructions 
Sampling stash size at 434999 req has local max stash size of: 197
Clk3 @ 342000000 Finished 436123 instructions 
Clk3 @ 343000000 Finished 437407 instructions 
Clk7 @ 344000000 Finished 438699 instructions 
Clk3 @ 345000000 Finished 439987 instructions 
Clk@ 345006133 Working on the # 440000 th memory instruction
Sampling stash size at 439999 req has local max stash size of: 192
Clk3 @ 346000000 Finished 441284 instructions 
Clk3 @ 347000000 Finished 442546 instructions 
Clk7 @ 348000000 Finished 443849 instructions 
Sampling stash size at 444999 req has local max stash size of: 191
Clk3 @ 349000000 Finished 445144 instructions 
Clk3 @ 350000000 Finished 446427 instructions 
Clk7 @ 351000000 Finished 447715 instructions 
Clk7 @ 352000000 Finished 449007 instructions 
Clk@ 352781871 Working on the # 450000 th memory instruction
Sampling stash size at 449999 req has local max stash size of: 192
Clk7 @ 353000000 Finished 450277 instructions 
Clk3 @ 354000000 Finished 451543 instructions 
Clk3 @ 355000000 Finished 452837 instructions 
Clk7 @ 356000000 Finished 454087 instructions 
Sampling stash size at 454999 req has local max stash size of: 189
Clk3 @ 357000000 Finished 455347 instructions 
Clk3 @ 358000000 Finished 456607 instructions 
Clk3 @ 359000000 Finished 457847 instructions 
Clk3 @ 360000000 Finished 459121 instructions 
Clk@ 360693207 Working on the # 460000 th memory instruction
Sampling stash size at 459999 req has local max stash size of: 196
Clk3 @ 361000000 Finished 460397 instructions 
Clk3 @ 362000000 Finished 461681 instructions 
Clk7 @ 363000000 Finished 462967 instructions 
Clk3 @ 364000000 Finished 464267 instructions 
Sampling stash size at 464999 req has local max stash size of: 196
Clk3 @ 365000000 Finished 465507 instructions 
Clk3 @ 366000000 Finished 466807 instructions 
Clk7 @ 367000000 Finished 468112 instructions 
Clk7 @ 368000000 Finished 469387 instructions 
Clk@ 368477281 Working on the # 470000 th memory instruction
Sampling stash size at 469999 req has local max stash size of: 189
Clk3 @ 369000000 Finished 470667 instructions 
Clk3 @ 370000000 Finished 471947 instructions 
Clk3 @ 371000000 Finished 473187 instructions 
Clk7 @ 372000000 Finished 474463 instructions 
Sampling stash size at 474999 req has local max stash size of: 199
Clk3 @ 373000000 Finished 475727 instructions 
Clk7 @ 374000000 Finished 476990 instructions 
Clk3 @ 375000000 Finished 478267 instructions 
Clk3 @ 376000000 Finished 479545 instructions 
Clk@ 376368242 Working on the # 480000 th memory instruction
Sampling stash size at 479999 req has local max stash size of: 195
Clk7 @ 377000000 Finished 480767 instructions 
Clk3 @ 378000000 Finished 482010 instructions 
Clk3 @ 379000000 Finished 483266 instructions 
Clk3 @ 380000000 Finished 484498 instructions 
Sampling stash size at 484999 req has local max stash size of: 186
Clk3 @ 381000000 Finished 485727 instructions 
Clk3 @ 382000000 Finished 486947 instructions 
Clk3 @ 383000000 Finished 488084 instructions 
Clk7 @ 384000000 Finished 489256 instructions 
Clk@ 384606392 Working on the # 490000 th memory instruction
Sampling stash size at 489999 req has local max stash size of: 199
Clk3 @ 385000000 Finished 490472 instructions 
Clk3 @ 386000000 Finished 491687 instructions 
Clk3 @ 387000000 Finished 492913 instructions 
Clk3 @ 388000000 Finished 494147 instructions 
Sampling stash size at 494999 req has local max stash size of: 192
Clk3 @ 389000000 Finished 495307 instructions 
Clk7 @ 390000000 Finished 496527 instructions 
Clk3 @ 391000000 Finished 497787 instructions 
Clk7 @ 392000000 Finished 499059 instructions 

===*** Data ***====
Stall reason distribution: 
mc_hazard: 0
normal: 0
rs_hazard: 0
rw_swtich: 0
Early reshuffle distribution: 
0: 0
1: 0
2: 0
3: 0
4: 868
5: 1845
6: 1893
7: 1974
8: 1983
9: 1901
10: 1884
11: 1729
12: 1678
13: 1455
14: 947
15: 44
16: 0
17: 0
18: 0
19: 0
20: 0
21: 0
22: 0
=================
Max stash size is: 203
Average stash size is: 98.5283
Average mem q size is: 110.326
Total mem q size is:35349870
mem_q_sample_times is:320412
useful_read_pull_ddr: 249864 (1.30528) %
dummy_read_pull_ddr: 4374655 (22.8531) %
useful_early_pull_ddr: 146869 (0.767241) %
useful_early_push_ddr: 79913 (0.417464) %
useful_write_pull_ddr: 3576088 (18.6814) %
useful_write_push_ddr: 1521501 (7.94829) %
dummy_early_pull_ddr: 25001 (0.130605) %
dummy_early_push_ddr: 354817 (1.85356) %
dummy_write_pull_ddr: 123608 (0.645726) %
dummy_write_push_ddr: 8690182 (45.3973) %
=================
Stash violation number of times: 0
=================
Check NodeID traffic: 2677499
Update NodeID traffic: 7
=================
Read RS lines: 499955 (85.2655) %
Write RS lines: 49994 (8.52629) %
Early RS lines: 36402 (6.20823) %
Read DDR lines: 9248956 (24.5818) %
Write DDR lines: 27284196 (72.5157) %
Early DDR lines: 1092060 (2.90247) %

====*** pos1 ***====
Stall reason distribution: 
mc_hazard: 0
normal: 0
rs_hazard: 0
rw_swtich: 0
Early reshuffle distribution: 
0: 0
1: 250
2: 1187
3: 1610
4: 1792
5: 1846
6: 1915
7: 1944
8: 1923
9: 1906
10: 1878
11: 1783
12: 1665
13: 1461
14: 882
15: 49
16: 0
17: 0
18: 0
19: 0
=================
Max stash size is: 177
Average stash size is: 77.0052
Average mem q size is: 89.462
Total mem q size is:3630011
mem_q_sample_times is:40576
useful_read_pull_ddr: 498386 (1.43171) %
dummy_read_pull_ddr: 8000849 (22.984) %
useful_early_pull_ddr: 286821 (0.82395) %
useful_early_push_ddr: 125689 (0.361067) %
useful_write_pull_ddr: 6427330 (18.4638) %
useful_write_push_ddr: 2513214 (7.21971) %
dummy_early_pull_ddr: 64297 (0.184706) %
dummy_early_push_ddr: 762433 (2.19024) %
dummy_write_pull_ddr: 371854 (1.06822) %
dummy_write_push_ddr: 15759593 (45.2726) %
=================
Stash violation number of times: 0
=================
Check NodeID traffic: 3514494
Update NodeID traffic: 0
=================
Read RS lines: 499955 (84.149) %
Write RS lines: 49994 (8.41464) %
Early RS lines: 44182 (7.43641) %
Read DDR lines: 8499235 (24.4157) %
Write DDR lines: 25071991 (72.0243) %
Early DDR lines: 1239240 (3.55996) %

====*** pos2 ***====
Stall reason distribution: 
mc_hazard: 0
normal: 0
rs_hazard: 0
rw_swtich: 0
Early reshuffle distribution: 
0: 0
1: 498
2: 1223
3: 1593
4: 1793
5: 1838
6: 1888
7: 1935
8: 1943
9: 1969
10: 1923
11: 1867
12: 1697
13: 1386
14: 874
15: 42
16: 0
=================
Max stash size is: 134
Average stash size is: 59.357
Average mem q size is: 84.1287
Total mem q size is:2670664
mem_q_sample_times is:31745
useful_read_pull_ddr: 486555 (1.68406) %
dummy_read_pull_ddr: 6512815 (22.5421) %
useful_early_pull_ddr: 282203 (0.976759) %
useful_early_push_ddr: 69501 (0.240556) %
useful_write_pull_ddr: 5176673 (17.9175) %
useful_write_push_ddr: 1770202 (6.12701) %
dummy_early_pull_ddr: 70513 (0.244059) %
dummy_early_push_ddr: 822663 (2.8474) %
dummy_write_pull_ddr: 422655 (1.46289) %
dummy_write_push_ddr: 13277992 (45.9577) %
=================
Stash violation number of times: 0
=================
Check NodeID traffic: 1516245
Update NodeID traffic: 0
=================
Read RS lines: 499955 (84.042) %
Write RS lines: 49994 (8.40395) %
Early RS lines: 44938 (7.55404) %
Read DDR lines: 6999370 (24.2262) %
Write DDR lines: 20647522 (71.4651) %
Early DDR lines: 1244880 (4.30877) %
=================
The final DRAM clk is: 392733854 ticks.
Idle waiting clk is 94255956, which is 24 %
DRAM Frequency is: 1600MHz
The final time in ns is: 2.45459e+08 ns.
Time distribution: 
Data pull time is: 0
data: 0
pos1: 0
pos2: 0
Data distribution: 
Pos2 data: 28891772
Pos1 data: 34810466
Data: 37625212
Node access DDR: 5354998
Pull DDR: 9248956
WB DDR: 27284196
Early DDR: 1092060
Achieved BW is: 58.559 GB/s
Ideal BW is: 102.4 GB/s
Metadata cache conclusion: 
overall_hit: 7310075 overall_total: 12667028
Cache Size 64 KB Overall Hit rate: 57.7095 %. 
Simulation done. Statistics written to results_all/dblp_output.txt
