Valid leaf ID range: 16777215:33554430
Num of top nodes: 16777216
Data level num of ways: 16777216
Z: 16
S: 27
A: 20
cached_total: 1
cached_total: 3
cached_total: 7
cached_total: 15
cached_total: 31
cached_total: 63
cached_total: 127
Total number of ORAM protected cache line blocks: 16777216
Cached number of levels: 6
Max number of levels: 25
Start lvl is: 0
data valid leaf right: 33554431
data num of levels: 25
data level num of ways: 16777216
data number of sets: 1
Cached node ID: 0 -- 95
Address space: 0 - 4 GB
pos1 valid leaf right: 4194303
pos1 num of levels: 22
pos1 level num of ways: 2097152
pos1 number of sets: 1
Cached node ID: 0 -- 11
Address space: 0 - 0.5 GB
pos2 valid leaf right: 524287
pos2 num of levels: 19
pos2 level num of ways: 262144
pos2 number of sets: 1
Cached node ID: 0 -- 5
Address space: 0 - 0.0625 GB
new addr: f3c9
(myrs->posMap.find(new_addr) != myrs->posMap.end()): 1
(myrs->posMap[new_addr].pending): 0
myrs->posMap[new_addr] = 62409
#2 ID 0 set true here
Clk7 @ 1000000 Finished 2112 instructions 
Clk3 @ 2000000 Finished 4383 instructions 
Sampling stash size at 4999 req has local max stash size of: 132
Clk7 @ 3000000 Finished 6737 instructions 
Clk3 @ 4000000 Finished 9071 instructions 
Clk@ 4389624 Working on the # 10000 th memory instruction
Sampling stash size at 9999 req has local max stash size of: 150
Clk3 @ 5000000 Finished 11467 instructions 
Clk3 @ 6000000 Finished 13902 instructions 
Sampling stash size at 14999 req has local max stash size of: 149
Clk3 @ 7000000 Finished 16267 instructions 
Clk3 @ 8000000 Finished 18707 instructions 
Clk@ 8537414 Working on the # 20000 th memory instruction
Sampling stash size at 19999 req has local max stash size of: 160
Clk7 @ 9000000 Finished 21111 instructions 
Clk3 @ 10000000 Finished 23524 instructions 
Sampling stash size at 24999 req has local max stash size of: 168
Clk3 @ 11000000 Finished 25977 instructions 
Clk7 @ 12000000 Finished 28422 instructions 
Clk@ 12647243 Working on the # 30000 th memory instruction
Sampling stash size at 29999 req has local max stash size of: 169
Clk3 @ 13000000 Finished 30803 instructions 
Clk3 @ 14000000 Finished 33166 instructions 
Sampling stash size at 34999 req has local max stash size of: 171
Clk7 @ 15000000 Finished 35614 instructions 
Clk3 @ 16000000 Finished 38062 instructions 
Clk@ 16801196 Working on the # 40000 th memory instruction
Sampling stash size at 39999 req has local max stash size of: 175
Clk7 @ 17000000 Finished 40479 instructions 
Clk7 @ 18000000 Finished 42888 instructions 
Sampling stash size at 44999 req has local max stash size of: 178
Clk7 @ 19000000 Finished 45365 instructions 
Clk3 @ 20000000 Finished 47766 instructions 
Clk@ 20901833 Working on the # 50000 th memory instruction
Sampling stash size at 49999 req has local max stash size of: 177
Clk7 @ 21000000 Finished 50240 instructions 
Clk3 @ 22000000 Finished 52707 instructions 
Sampling stash size at 54999 req has local max stash size of: 178
Clk3 @ 23000000 Finished 55143 instructions 
Clk3 @ 24000000 Finished 57602 instructions 
Clk@ 24969277 Working on the # 60000 th memory instruction
Sampling stash size at 59999 req has local max stash size of: 174
Clk3 @ 25000000 Finished 60067 instructions 
Clk3 @ 26000000 Finished 62306 instructions 
Clk3 @ 27000000 Finished 64694 instructions 
Sampling stash size at 64999 req has local max stash size of: 196
Clk7 @ 28000000 Finished 67149 instructions 
Clk7 @ 29000000 Finished 69590 instructions 
Clk@ 29164397 Working on the # 70000 th memory instruction
Sampling stash size at 69999 req has local max stash size of: 180
Clk3 @ 30000000 Finished 72064 instructions 
Clk3 @ 31000000 Finished 74525 instructions 
Sampling stash size at 74999 req has local max stash size of: 180
Clk7 @ 32000000 Finished 76960 instructions 
Clk7 @ 33000000 Finished 79390 instructions 
Clk@ 33243700 Working on the # 80000 th memory instruction
Sampling stash size at 79999 req has local max stash size of: 180
Clk7 @ 34000000 Finished 81832 instructions 
Clk7 @ 35000000 Finished 84201 instructions 
Sampling stash size at 84999 req has local max stash size of: 190
Clk7 @ 36000000 Finished 86633 instructions 
Clk3 @ 37000000 Finished 89084 instructions 
Clk@ 37376636 Working on the # 90000 th memory instruction
Sampling stash size at 89999 req has local max stash size of: 182
Clk3 @ 38000000 Finished 91482 instructions 
Clk3 @ 39000000 Finished 93847 instructions 
Sampling stash size at 94999 req has local max stash size of: 188
Clk7 @ 40000000 Finished 96317 instructions 
Clk3 @ 41000000 Finished 98767 instructions 
Clk@ 41506659 Working on the # 100000 th memory instruction
Sampling stash size at 99999 req has local max stash size of: 197
Clk3 @ 42000000 Finished 101187 instructions 
Clk3 @ 43000000 Finished 103624 instructions 
Sampling stash size at 104999 req has local max stash size of: 199
Clk7 @ 44000000 Finished 106052 instructions 
Clk3 @ 45000000 Finished 108487 instructions 
Clk@ 45628173 Working on the # 110000 th memory instruction
Sampling stash size at 109999 req has local max stash size of: 189
Clk3 @ 46000000 Finished 110907 instructions 
Clk7 @ 47000000 Finished 113371 instructions 
Sampling stash size at 114999 req has local max stash size of: 186
Clk3 @ 48000000 Finished 115811 instructions 
Clk7 @ 49000000 Finished 118251 instructions 
Clk@ 49718318 Working on the # 120000 th memory instruction
Sampling stash size at 119999 req has local max stash size of: 189
Clk3 @ 50000000 Finished 120677 instructions 
Clk3 @ 51000000 Finished 122944 instructions 
Sampling stash size at 124999 req has local max stash size of: 196
Clk7 @ 52000000 Finished 125168 instructions 
Clk7 @ 53000000 Finished 127577 instructions 
Clk@ 53998068 Working on the # 130000 th memory instruction
Clk3 @ 54000000 Finished 130004 instructions 
Sampling stash size at 129999 req has local max stash size of: 201
Clk7 @ 55000000 Finished 132442 instructions 
Clk7 @ 56000000 Finished 134923 instructions 
Sampling stash size at 134999 req has local max stash size of: 193
Clk7 @ 57000000 Finished 137338 instructions 
Clk3 @ 58000000 Finished 139767 instructions 
Clk@ 58093153 Working on the # 140000 th memory instruction
Sampling stash size at 139999 req has local max stash size of: 189
Clk3 @ 59000000 Finished 142227 instructions 
Clk3 @ 60000000 Finished 144651 instructions 
Sampling stash size at 144999 req has local max stash size of: 189
Clk3 @ 61000000 Finished 147067 instructions 
Clk3 @ 62000000 Finished 149525 instructions 
Clk@ 62195434 Working on the # 150000 th memory instruction
Sampling stash size at 149999 req has local max stash size of: 195
Clk3 @ 63000000 Finished 151973 instructions 
Clk3 @ 64000000 Finished 154327 instructions 
Sampling stash size at 154999 req has local max stash size of: 191
Clk3 @ 65000000 Finished 156760 instructions 
Clk7 @ 66000000 Finished 159211 instructions 
Clk@ 66321402 Working on the # 160000 th memory instruction
Sampling stash size at 159999 req has local max stash size of: 209
Clk7 @ 67000000 Finished 161646 instructions 
Clk3 @ 68000000 Finished 164047 instructions 
Sampling stash size at 164999 req has local max stash size of: 193
Clk7 @ 69000000 Finished 166395 instructions 
Clk3 @ 70000000 Finished 168764 instructions 
Clk@ 70504247 Working on the # 170000 th memory instruction
Sampling stash size at 169999 req has local max stash size of: 200
Clk3 @ 71000000 Finished 171187 instructions 
Clk3 @ 72000000 Finished 173565 instructions 
Sampling stash size at 174999 req has local max stash size of: 204
Clk3 @ 73000000 Finished 175998 instructions 
Clk@ 74644871 Working on the # 180000 th memory instruction
Sampling stash size at 179999 req has local max stash size of: 194
Clk3 @ 75000000 Finished 180867 instructions 
Clk3 @ 76000000 Finished 183238 instructions 
Sampling stash size at 184999 req has local max stash size of: 207
Clk7 @ 77000000 Finished 185644 instructions 
Clk3 @ 78000000 Finished 187921 instructions 
Clk@ 78845014 Working on the # 190000 th memory instruction
Sampling stash size at 189999 req has local max stash size of: 204
Clk3 @ 79000000 Finished 190374 instructions 
Clk3 @ 80000000 Finished 192807 instructions 
Sampling stash size at 194999 req has local max stash size of: 203
Clk3 @ 81000000 Finished 195227 instructions 
Clk7 @ 81000000 Finished 195227 instructions 
Clk7 @ 82000000 Finished 197690 instructions 
Clk@ 82959958 Working on the # 200000 th memory instruction
Sampling stash size at 199999 req has local max stash size of: 204
Clk7 @ 83000000 Finished 200090 instructions 
Clk7 @ 84000000 Finished 202499 instructions 
Clk3 @ 85000000 Finished 204938 instructions 
Sampling stash size at 204999 req has local max stash size of: 202
Clk3 @ 86000000 Finished 207345 instructions 
Clk7 @ 87000000 Finished 209772 instructions 
Clk@ 87090763 Working on the # 210000 th memory instruction
Sampling stash size at 209999 req has local max stash size of: 197
Clk7 @ 88000000 Finished 212197 instructions 
Clk3 @ 89000000 Finished 214608 instructions 
Sampling stash size at 214999 req has local max stash size of: 211
Clk3 @ 90000000 Finished 217047 instructions 
Clk3 @ 91000000 Finished 219427 instructions 
Clk@ 91228187 Working on the # 220000 th memory instruction
Sampling stash size at 219999 req has local max stash size of: 201
Clk3 @ 92000000 Finished 221863 instructions 
Clk3 @ 93000000 Finished 224326 instructions 
Sampling stash size at 224999 req has local max stash size of: 198
Clk3 @ 94000000 Finished 226767 instructions 
Clk7 @ 95000000 Finished 229171 instructions 
Clk@ 95328587 Working on the # 230000 th memory instruction
Sampling stash size at 229999 req has local max stash size of: 200
Clk3 @ 96000000 Finished 231660 instructions 
Clk3 @ 97000000 Finished 234061 instructions 
Sampling stash size at 234999 req has local max stash size of: 213
Clk3 @ 98000000 Finished 236503 instructions 
Clk3 @ 99000000 Finished 238947 instructions 
Clk@ 99427303 Working on the # 240000 th memory instruction
Sampling stash size at 239999 req has local max stash size of: 198
Clk3 @ 100000000 Finished 241352 instructions 
Clk7 @ 101000000 Finished 243737 instructions 
Sampling stash size at 244999 req has local max stash size of: 199
Clk7 @ 102000000 Finished 245956 instructions 
Clk3 @ 103000000 Finished 248147 instructions 
Clk@ 103804963 Working on the # 250000 th memory instruction
Sampling stash size at 249999 req has local max stash size of: 199
Clk7 @ 104000000 Finished 250452 instructions 
Clk3 @ 105000000 Finished 252844 instructions 
Sampling stash size at 254999 req has local max stash size of: 198
Clk7 @ 106000000 Finished 255228 instructions 
Clk7 @ 107000000 Finished 257648 instructions 
Clk@ 107970335 Working on the # 260000 th memory instruction
Sampling stash size at 259999 req has local max stash size of: 195
Clk7 @ 108000000 Finished 260067 instructions 
Clk3 @ 109000000 Finished 262523 instructions 
Clk3 @ 110000000 Finished 264907 instructions 
Sampling stash size at 264999 req has local max stash size of: 212
Clk3 @ 111000000 Finished 267367 instructions 
Clk7 @ 112000000 Finished 269827 instructions 
Clk@ 112068917 Working on the # 270000 th memory instruction
Sampling stash size at 269999 req has local max stash size of: 197
Clk3 @ 113000000 Finished 272273 instructions 
Clk7 @ 113000000 Finished 272273 instructions 
Clk3 @ 114000000 Finished 274641 instructions 
Sampling stash size at 274999 req has local max stash size of: 202
Clk3 @ 115000000 Finished 277082 instructions 
Clk7 @ 116000000 Finished 279492 instructions 
Clk@ 116207510 Working on the # 280000 th memory instruction
Sampling stash size at 279999 req has local max stash size of: 202
Clk3 @ 117000000 Finished 281925 instructions 
Clk3 @ 118000000 Finished 284362 instructions 
Sampling stash size at 284999 req has local max stash size of: 200
Clk3 @ 119000000 Finished 286782 instructions 
Clk3 @ 120000000 Finished 289220 instructions 
Clk@ 120329198 Working on the # 290000 th memory instruction
Sampling stash size at 289999 req has local max stash size of: 220
Clk3 @ 121000000 Finished 291647 instructions 
Clk3 @ 122000000 Finished 294067 instructions 
Sampling stash size at 294999 req has local max stash size of: 198
Clk3 @ 123000000 Finished 296512 instructions 
Clk7 @ 124000000 Finished 298948 instructions 
Clk@ 124425557 Working on the # 300000 th memory instruction
Sampling stash size at 299999 req has local max stash size of: 197
Clk3 @ 125000000 Finished 301367 instructions 
Clk7 @ 126000000 Finished 303807 instructions 
Sampling stash size at 304999 req has local max stash size of: 199
Clk7 @ 127000000 Finished 306098 instructions 
Clk3 @ 128000000 Finished 308503 instructions 
Clk@ 128648709 Working on the # 310000 th memory instruction
Sampling stash size at 309999 req has local max stash size of: 200
Clk7 @ 129000000 Finished 310857 instructions 
Clk3 @ 130000000 Finished 313281 instructions 
Sampling stash size at 314999 req has local max stash size of: 215
Clk3 @ 131000000 Finished 315723 instructions 
Clk3 @ 132000000 Finished 318143 instructions 
Clk@ 132758891 Working on the # 320000 th memory instruction
Sampling stash size at 319999 req has local max stash size of: 208
Clk3 @ 133000000 Finished 320545 instructions 
Clk3 @ 134000000 Finished 323002 instructions 
Sampling stash size at 324999 req has local max stash size of: 204
Clk7 @ 135000000 Finished 325399 instructions 
Clk3 @ 136000000 Finished 327806 instructions 
Clk@ 136925822 Working on the # 330000 th memory instruction
Sampling stash size at 329999 req has local max stash size of: 200
Clk7 @ 137000000 Finished 330169 instructions 
Clk3 @ 138000000 Finished 332523 instructions 
Clk7 @ 139000000 Finished 334942 instructions 
Sampling stash size at 334999 req has local max stash size of: 210
Clk7 @ 140000000 Finished 337344 instructions 
Clk3 @ 141000000 Finished 339767 instructions 
Clk@ 141093789 Working on the # 340000 th memory instruction
Sampling stash size at 339999 req has local max stash size of: 214
Clk3 @ 142000000 Finished 342185 instructions 
Clk3 @ 143000000 Finished 344526 instructions 
Sampling stash size at 344999 req has local max stash size of: 207
Clk7 @ 144000000 Finished 346952 instructions 
Clk7 @ 145000000 Finished 349394 instructions 
Clk@ 145244917 Working on the # 350000 th memory instruction
Sampling stash size at 349999 req has local max stash size of: 204
Clk7 @ 146000000 Finished 351829 instructions 
Clk7 @ 147000000 Finished 354280 instructions 
Sampling stash size at 354999 req has local max stash size of: 198
Clk7 @ 148000000 Finished 356724 instructions 
Clk3 @ 149000000 Finished 359105 instructions 
Clk@ 149363401 Working on the # 360000 th memory instruction
Sampling stash size at 359999 req has local max stash size of: 202
Clk3 @ 150000000 Finished 361566 instructions 
Clk3 @ 151000000 Finished 363987 instructions 
Sampling stash size at 364999 req has local max stash size of: 204
Clk3 @ 152000000 Finished 366262 instructions 
Clk7 @ 153000000 Finished 368685 instructions 
Clk@ 153542931 Working on the # 370000 th memory instruction
Sampling stash size at 369999 req has local max stash size of: 206
Clk3 @ 154000000 Finished 371090 instructions 
Clk3 @ 155000000 Finished 373361 instructions 
Sampling stash size at 374999 req has local max stash size of: 200
Clk3 @ 156000000 Finished 375705 instructions 
Clk3 @ 157000000 Finished 378127 instructions 
Clk@ 157764540 Working on the # 380000 th memory instruction
Sampling stash size at 379999 req has local max stash size of: 210
Clk3 @ 158000000 Finished 380566 instructions 
Clk7 @ 159000000 Finished 382965 instructions 
Sampling stash size at 384999 req has local max stash size of: 213
Clk3 @ 160000000 Finished 385407 instructions 
Clk7 @ 161000000 Finished 387853 instructions 
Clk@ 161896911 Working on the # 390000 th memory instruction
Sampling stash size at 389999 req has local max stash size of: 203
Clk7 @ 162000000 Finished 390254 instructions 
Clk7 @ 163000000 Finished 392706 instructions 
Sampling stash size at 394999 req has local max stash size of: 215
Clk7 @ 164000000 Finished 395181 instructions 
Clk3 @ 165000000 Finished 397562 instructions 
Clk@ 165995278 Working on the # 400000 th memory instruction
Sampling stash size at 399999 req has local max stash size of: 203
Clk3 @ 166000000 Finished 400007 instructions 
Clk3 @ 167000000 Finished 402423 instructions 
Clk7 @ 168000000 Finished 404815 instructions 
Sampling stash size at 404999 req has local max stash size of: 205
Clk3 @ 169000000 Finished 407227 instructions 
Clk7 @ 170000000 Finished 409657 instructions 
Clk@ 170140458 Working on the # 410000 th memory instruction
Sampling stash size at 409999 req has local max stash size of: 207
Clk7 @ 171000000 Finished 412067 instructions 
Clk7 @ 172000000 Finished 414483 instructions 
Sampling stash size at 414999 req has local max stash size of: 204
Clk3 @ 173000000 Finished 416925 instructions 
Clk3 @ 174000000 Finished 419327 instructions 
Clk@ 174270711 Working on the # 420000 th memory instruction
Sampling stash size at 419999 req has local max stash size of: 204
Clk7 @ 175000000 Finished 421777 instructions 
Clk3 @ 176000000 Finished 424203 instructions 
Sampling stash size at 424999 req has local max stash size of: 208
Clk7 @ 177000000 Finished 426620 instructions 
Clk3 @ 178000000 Finished 429003 instructions 
Clk@ 178407711 Working on the # 430000 th memory instruction
Sampling stash size at 429999 req has local max stash size of: 200
Clk7 @ 179000000 Finished 431443 instructions 
Clk3 @ 180000000 Finished 433827 instructions 
Sampling stash size at 434999 req has local max stash size of: 207
Clk3 @ 181000000 Finished 436127 instructions 
Clk7 @ 182000000 Finished 438546 instructions 
Clk@ 182587786 Working on the # 440000 th memory instruction
Sampling stash size at 439999 req has local max stash size of: 219
Clk3 @ 183000000 Finished 441011 instructions 
Clk3 @ 184000000 Finished 443407 instructions 
Sampling stash size at 444999 req has local max stash size of: 213
Clk3 @ 185000000 Finished 445842 instructions 
Clk3 @ 186000000 Finished 448285 instructions 
Clk@ 186704353 Working on the # 450000 th memory instruction
Sampling stash size at 449999 req has local max stash size of: 204
Clk3 @ 187000000 Finished 450707 instructions 
Clk3 @ 188000000 Finished 453143 instructions 
Sampling stash size at 454999 req has local max stash size of: 210
Clk3 @ 189000000 Finished 455562 instructions 
Clk7 @ 190000000 Finished 457951 instructions 
Clk@ 190835984 Working on the # 460000 th memory instruction
Sampling stash size at 459999 req has local max stash size of: 210
Clk7 @ 191000000 Finished 460399 instructions 
Clk3 @ 192000000 Finished 462842 instructions 
Sampling stash size at 464999 req has local max stash size of: 216
Clk3 @ 193000000 Finished 465213 instructions 
Clk3 @ 194000000 Finished 467630 instructions 
Clk@ 194971415 Working on the # 470000 th memory instruction
Sampling stash size at 469999 req has local max stash size of: 207
Clk3 @ 195000000 Finished 470067 instructions 
Clk3 @ 196000000 Finished 472482 instructions 
Clk3 @ 197000000 Finished 474892 instructions 
Sampling stash size at 474999 req has local max stash size of: 208
Clk7 @ 198000000 Finished 477340 instructions 
Clk3 @ 199000000 Finished 479787 instructions 
Clk@ 199088274 Working on the # 480000 th memory instruction
Sampling stash size at 479999 req has local max stash size of: 213
Clk3 @ 200000000 Finished 482147 instructions 
Clk7 @ 201000000 Finished 484545 instructions 
Sampling stash size at 484999 req has local max stash size of: 204
Clk3 @ 202000000 Finished 486915 instructions 
Clk3 @ 203000000 Finished 489063 instructions 
Clk@ 203400756 Working on the # 490000 th memory instruction
Sampling stash size at 489999 req has local max stash size of: 210
Clk7 @ 204000000 Finished 491399 instructions 
Clk3 @ 205000000 Finished 493627 instructions 
Sampling stash size at 494999 req has local max stash size of: 213
Clk3 @ 206000000 Finished 495747 instructions 
Clk3 @ 207000000 Finished 498023 instructions 
Clk@ 207870239 Working on the # 500000 th memory instruction
Warm up done after line access count: 500000 out of 1000000 (50 %)
Sampling stash size at 499999 req has local max stash size of: 209
Clk7 @ 208000000 Finished 500298 instructions 
Clk7 @ 209000000 Finished 502629 instructions 
Clk3 @ 210000000 Finished 504985 instructions 
Sampling stash size at 504999 req has local max stash size of: 223
Clk7 @ 211000000 Finished 507354 instructions 
Clk7 @ 212000000 Finished 509746 instructions 
Clk@ 212113891 Working on the # 510000 th memory instruction
Sampling stash size at 509999 req has local max stash size of: 207
Clk3 @ 213000000 Finished 512044 instructions 
Clk3 @ 214000000 Finished 514443 instructions 
Sampling stash size at 514999 req has local max stash size of: 206
Clk7 @ 215000000 Finished 516855 instructions 
Clk7 @ 216000000 Finished 519209 instructions 
Clk@ 216321290 Working on the # 520000 th memory instruction
Sampling stash size at 519999 req has local max stash size of: 212
Clk3 @ 217000000 Finished 521643 instructions 
Clk3 @ 218000000 Finished 524027 instructions 
Sampling stash size at 524999 req has local max stash size of: 205
Clk3 @ 219000000 Finished 526381 instructions 
Clk7 @ 220000000 Finished 528767 instructions 
Clk@ 220510312 Working on the # 530000 th memory instruction
Sampling stash size at 529999 req has local max stash size of: 220
Clk3 @ 221000000 Finished 531184 instructions 
Clk7 @ 222000000 Finished 533580 instructions 
Sampling stash size at 534999 req has local max stash size of: 224
Clk7 @ 223000000 Finished 536018 instructions 
Clk3 @ 224000000 Finished 538464 instructions 
Clk@ 224630475 Working on the # 540000 th memory instruction
Sampling stash size at 539999 req has local max stash size of: 207
Clk3 @ 225000000 Finished 540891 instructions 
Clk7 @ 226000000 Finished 543294 instructions 
Sampling stash size at 544999 req has local max stash size of: 207
Clk3 @ 227000000 Finished 545725 instructions 
Clk3 @ 228000000 Finished 548143 instructions 
Clk@ 228823333 Working on the # 550000 th memory instruction
Sampling stash size at 549999 req has local max stash size of: 207
Clk3 @ 229000000 Finished 550426 instructions 
Clk7 @ 230000000 Finished 552860 instructions 
Sampling stash size at 554999 req has local max stash size of: 206
Clk7 @ 231000000 Finished 555267 instructions 
Clk7 @ 232000000 Finished 557614 instructions 
Clk@ 232979072 Working on the # 560000 th memory instruction
Sampling stash size at 559999 req has local max stash size of: 204
Clk7 @ 233000000 Finished 560046 instructions 
Clk7 @ 234000000 Finished 562453 instructions 
Clk3 @ 235000000 Finished 564862 instructions 
Sampling stash size at 564999 req has local max stash size of: 218
Clk3 @ 236000000 Finished 567304 instructions 
Clk7 @ 237000000 Finished 569684 instructions 
Clk@ 237126950 Working on the # 570000 th memory instruction
Sampling stash size at 569999 req has local max stash size of: 205
Clk7 @ 238000000 Finished 572105 instructions 
Clk3 @ 239000000 Finished 574547 instructions 
Sampling stash size at 574999 req has local max stash size of: 203
Clk3 @ 240000000 Finished 576947 instructions 
Clk3 @ 241000000 Finished 579343 instructions 
Clk@ 241269465 Working on the # 580000 th memory instruction
Sampling stash size at 579999 req has local max stash size of: 218
Clk7 @ 242000000 Finished 581787 instructions 
Clk3 @ 243000000 Finished 584239 instructions 
Sampling stash size at 584999 req has local max stash size of: 209
Clk7 @ 244000000 Finished 586647 instructions 
Clk3 @ 245000000 Finished 589022 instructions 
Clk@ 245399207 Working on the # 590000 th memory instruction
Sampling stash size at 589999 req has local max stash size of: 202
Clk3 @ 246000000 Finished 591464 instructions 
Clk3 @ 247000000 Finished 593887 instructions 
Sampling stash size at 594999 req has local max stash size of: 212
Clk3 @ 248000000 Finished 596307 instructions 
Clk7 @ 249000000 Finished 598729 instructions 
Clk@ 249508242 Working on the # 600000 th memory instruction
Sampling stash size at 599999 req has local max stash size of: 204
Clk7 @ 250000000 Finished 601200 instructions 
Clk3 @ 251000000 Finished 603599 instructions 
Sampling stash size at 604999 req has local max stash size of: 205
Clk3 @ 252000000 Finished 606029 instructions 
Clk7 @ 253000000 Finished 608481 instructions 
Clk@ 253682824 Working on the # 610000 th memory instruction
Sampling stash size at 609999 req has local max stash size of: 209
Clk7 @ 254000000 Finished 610704 instructions 
Clk3 @ 255000000 Finished 613079 instructions 
Sampling stash size at 614999 req has local max stash size of: 213
Clk3 @ 256000000 Finished 615466 instructions 
Clk7 @ 257000000 Finished 617787 instructions 
Clk@ 257934588 Working on the # 620000 th memory instruction
Sampling stash size at 619999 req has local max stash size of: 217
Clk7 @ 258000000 Finished 620160 instructions 
Clk3 @ 259000000 Finished 622587 instructions 
Clk3 @ 260000000 Finished 624984 instructions 
Sampling stash size at 624999 req has local max stash size of: 219
Clk7 @ 261000000 Finished 627430 instructions 
Clk3 @ 262000000 Finished 629867 instructions 
Clk@ 262053579 Working on the # 630000 th memory instruction
Sampling stash size at 629999 req has local max stash size of: 212
Clk3 @ 263000000 Finished 632303 instructions 
Clk7 @ 264000000 Finished 634658 instructions 
Sampling stash size at 634999 req has local max stash size of: 210
Clk3 @ 265000000 Finished 637067 instructions 
Clk3 @ 266000000 Finished 639507 instructions 
Clk@ 266198034 Working on the # 640000 th memory instruction
Sampling stash size at 639999 req has local max stash size of: 208
Clk3 @ 267000000 Finished 641876 instructions 
Clk3 @ 268000000 Finished 644306 instructions 
Sampling stash size at 644999 req has local max stash size of: 211
Clk3 @ 269000000 Finished 646730 instructions 
Clk7 @ 270000000 Finished 649117 instructions 
Clk@ 270364520 Working on the # 650000 th memory instruction
Sampling stash size at 649999 req has local max stash size of: 207
Clk3 @ 271000000 Finished 651500 instructions 
Clk3 @ 272000000 Finished 653905 instructions 
Sampling stash size at 654999 req has local max stash size of: 220
Clk7 @ 273000000 Finished 656268 instructions 
Clk7 @ 274000000 Finished 658697 instructions 
Clk@ 274546687 Working on the # 660000 th memory instruction
Sampling stash size at 659999 req has local max stash size of: 217
Clk3 @ 275000000 Finished 661084 instructions 
Clk3 @ 276000000 Finished 663447 instructions 
Sampling stash size at 664999 req has local max stash size of: 209
Clk3 @ 277000000 Finished 665774 instructions 
Clk3 @ 278000000 Finished 668207 instructions 
Clk@ 278737164 Working on the # 670000 th memory instruction
Sampling stash size at 669999 req has local max stash size of: 207
Clk7 @ 279000000 Finished 670602 instructions 
Clk7 @ 280000000 Finished 672991 instructions 
Sampling stash size at 674999 req has local max stash size of: 212
Clk7 @ 281000000 Finished 675421 instructions 
Clk3 @ 282000000 Finished 677864 instructions 
Clk@ 282885961 Working on the # 680000 th memory instruction
Sampling stash size at 679999 req has local max stash size of: 216
Clk3 @ 283000000 Finished 680281 instructions 
Clk3 @ 284000000 Finished 682683 instructions 
Sampling stash size at 684999 req has local max stash size of: 210
Clk3 @ 285000000 Finished 685066 instructions 
Clk3 @ 286000000 Finished 687347 instructions 
Clk3 @ 287000000 Finished 689787 instructions 
Clk@ 287085030 Working on the # 690000 th memory instruction
Sampling stash size at 689999 req has local max stash size of: 211
Clk3 @ 288000000 Finished 692213 instructions 
Clk7 @ 289000000 Finished 694622 instructions 
Sampling stash size at 694999 req has local max stash size of: 209
Clk7 @ 290000000 Finished 697056 instructions 
Clk7 @ 291000000 Finished 699456 instructions 
Clk@ 291219381 Working on the # 700000 th memory instruction
Sampling stash size at 699999 req has local max stash size of: 207
Clk7 @ 292000000 Finished 701871 instructions 
Clk3 @ 293000000 Finished 704290 instructions 
Sampling stash size at 704999 req has local max stash size of: 206
Clk3 @ 294000000 Finished 706707 instructions 
Clk7 @ 295000000 Finished 709127 instructions 
Clk@ 295358324 Working on the # 710000 th memory instruction
Sampling stash size at 709999 req has local max stash size of: 210
Clk7 @ 296000000 Finished 711561 instructions 
Clk7 @ 297000000 Finished 713991 instructions 
Sampling stash size at 714999 req has local max stash size of: 209
Clk7 @ 298000000 Finished 716384 instructions 
Clk3 @ 299000000 Finished 718747 instructions 
Clk@ 299508217 Working on the # 720000 th memory instruction
Sampling stash size at 719999 req has local max stash size of: 213
Clk3 @ 300000000 Finished 721187 instructions 
Clk3 @ 301000000 Finished 723647 instructions 
Sampling stash size at 724999 req has local max stash size of: 211
Clk3 @ 302000000 Finished 726059 instructions 
Clk7 @ 303000000 Finished 728453 instructions 
Clk@ 303646348 Working on the # 730000 th memory instruction
Sampling stash size at 729999 req has local max stash size of: 206
Clk7 @ 304000000 Finished 730821 instructions 
Clk7 @ 305000000 Finished 733041 instructions 
Sampling stash size at 734999 req has local max stash size of: 205
Clk3 @ 306000000 Finished 735483 instructions 
Clk3 @ 307000000 Finished 737897 instructions 
Clk@ 307887157 Working on the # 740000 th memory instruction
Sampling stash size at 739999 req has local max stash size of: 208
Clk3 @ 308000000 Finished 740267 instructions 
Clk3 @ 309000000 Finished 742627 instructions 
Clk3 @ 310000000 Finished 744927 instructions 
Sampling stash size at 744999 req has local max stash size of: 214
Clk3 @ 311000000 Finished 747102 instructions 
Clk7 @ 312000000 Finished 749440 instructions 
Clk@ 312229899 Working on the # 750000 th memory instruction
Sampling stash size at 749999 req has local max stash size of: 207
Clk7 @ 313000000 Finished 751863 instructions 
Clk3 @ 314000000 Finished 754265 instructions 
Sampling stash size at 754999 req has local max stash size of: 207
Clk7 @ 315000000 Finished 756667 instructions 
Clk7 @ 316000000 Finished 759086 instructions 
Clk@ 316367341 Working on the # 760000 th memory instruction
Sampling stash size at 759999 req has local max stash size of: 211
Clk3 @ 317000000 Finished 761523 instructions 
Clk3 @ 318000000 Finished 763887 instructions 
Sampling stash size at 764999 req has local max stash size of: 213
Clk7 @ 319000000 Finished 766327 instructions 
Clk3 @ 320000000 Finished 768762 instructions 
Clk@ 320513095 Working on the # 770000 th memory instruction
Sampling stash size at 769999 req has local max stash size of: 207
Clk3 @ 321000000 Finished 771202 instructions 
Clk3 @ 322000000 Finished 773606 instructions 
Sampling stash size at 774999 req has local max stash size of: 217
Clk7 @ 323000000 Finished 776028 instructions 
Clk3 @ 324000000 Finished 778424 instructions 
Clk@ 324657548 Working on the # 780000 th memory instruction
Sampling stash size at 779999 req has local max stash size of: 209
Clk7 @ 325000000 Finished 780835 instructions 
Clk3 @ 326000000 Finished 783269 instructions 
Clk7 @ 326000000 Finished 783269 instructions 
Sampling stash size at 784999 req has local max stash size of: 211
Clk3 @ 327000000 Finished 785686 instructions 
Clk3 @ 328000000 Finished 788141 instructions 
Clk@ 328763513 Working on the # 790000 th memory instruction
Sampling stash size at 789999 req has local max stash size of: 212
Clk7 @ 329000000 Finished 790567 instructions 
Clk3 @ 330000000 Finished 792867 instructions 
Sampling stash size at 794999 req has local max stash size of: 214
Clk7 @ 331000000 Finished 795242 instructions 
Clk3 @ 332000000 Finished 797687 instructions 
Clk@ 332948092 Working on the # 800000 th memory instruction
Sampling stash size at 799999 req has local max stash size of: 218
Clk3 @ 333000000 Finished 800120 instructions 
Clk3 @ 334000000 Finished 802526 instructions 
Clk7 @ 335000000 Finished 804962 instructions 
Sampling stash size at 804999 req has local max stash size of: 215
Clk3 @ 336000000 Finished 807385 instructions 
Clk7 @ 337000000 Finished 809732 instructions 
Clk@ 337109570 Working on the # 810000 th memory instruction
Sampling stash size at 809999 req has local max stash size of: 218
Clk7 @ 338000000 Finished 812160 instructions 
Clk3 @ 339000000 Finished 814562 instructions 
Sampling stash size at 814999 req has local max stash size of: 221
Clk3 @ 340000000 Finished 816981 instructions 
Clk7 @ 341000000 Finished 819388 instructions 
Clk@ 341248526 Working on the # 820000 th memory instruction
Sampling stash size at 819999 req has local max stash size of: 209
Clk3 @ 342000000 Finished 821819 instructions 
Clk3 @ 343000000 Finished 824204 instructions 
Sampling stash size at 824999 req has local max stash size of: 213
Clk3 @ 344000000 Finished 826634 instructions 
Clk7 @ 345000000 Finished 828980 instructions 
Clk@ 345419006 Working on the # 830000 th memory instruction
Sampling stash size at 829999 req has local max stash size of: 221
Clk7 @ 346000000 Finished 831384 instructions 
Clk3 @ 347000000 Finished 833807 instructions 
Sampling stash size at 834999 req has local max stash size of: 212
Clk3 @ 348000000 Finished 836241 instructions 
Clk7 @ 349000000 Finished 838589 instructions 
Clk@ 349575319 Working on the # 840000 th memory instruction
Sampling stash size at 839999 req has local max stash size of: 208
Clk3 @ 350000000 Finished 841026 instructions 
Clk7 @ 351000000 Finished 843408 instructions 
Sampling stash size at 844999 req has local max stash size of: 215
Clk3 @ 352000000 Finished 845847 instructions 
Clk3 @ 353000000 Finished 848244 instructions 
Clk@ 353726201 Working on the # 850000 th memory instruction
Sampling stash size at 849999 req has local max stash size of: 215
Clk7 @ 354000000 Finished 850665 instructions 
Clk3 @ 355000000 Finished 853058 instructions 
Sampling stash size at 854999 req has local max stash size of: 217
Clk3 @ 356000000 Finished 855362 instructions 
Clk7 @ 357000000 Finished 857776 instructions 
Clk@ 357915413 Working on the # 860000 th memory instruction
Sampling stash size at 859999 req has local max stash size of: 216
Clk3 @ 358000000 Finished 860202 instructions 
Clk3 @ 359000000 Finished 862626 instructions 
Sampling stash size at 864999 req has local max stash size of: 222
Clk7 @ 360000000 Finished 865022 instructions 
Clk7 @ 361000000 Finished 867408 instructions 
Clk3 @ 362000000 Finished 869647 instructions 
Clk@ 362153581 Working on the # 870000 th memory instruction
Sampling stash size at 869999 req has local max stash size of: 212
Clk7 @ 363000000 Finished 872034 instructions 
Clk3 @ 364000000 Finished 874442 instructions 
Sampling stash size at 874999 req has local max stash size of: 207
Clk7 @ 365000000 Finished 876844 instructions 
Clk3 @ 366000000 Finished 879306 instructions 
Clk@ 366282158 Working on the # 880000 th memory instruction
Sampling stash size at 879999 req has local max stash size of: 209
Clk3 @ 367000000 Finished 881741 instructions 
Clk3 @ 368000000 Finished 884107 instructions 
Sampling stash size at 884999 req has local max stash size of: 223
Clk3 @ 369000000 Finished 886523 instructions 
Clk3 @ 370000000 Finished 888953 instructions 
Clk@ 370431972 Working on the # 890000 th memory instruction
Sampling stash size at 889999 req has local max stash size of: 225
Clk3 @ 371000000 Finished 891402 instructions 
Clk3 @ 372000000 Finished 893821 instructions 
Sampling stash size at 894999 req has local max stash size of: 209
Clk3 @ 373000000 Finished 896224 instructions 
Clk3 @ 374000000 Finished 898644 instructions 
Clk@ 374573681 Working on the # 900000 th memory instruction
Sampling stash size at 899999 req has local max stash size of: 215
Clk7 @ 375000000 Finished 901040 instructions 
Clk3 @ 376000000 Finished 903424 instructions 
Sampling stash size at 904999 req has local max stash size of: 210
Clk7 @ 377000000 Finished 905837 instructions 
Clk7 @ 378000000 Finished 908233 instructions 
Clk@ 378738182 Working on the # 910000 th memory instruction
Sampling stash size at 909999 req has local max stash size of: 213
Clk7 @ 379000000 Finished 910635 instructions 
Clk3 @ 380000000 Finished 913075 instructions 
Sampling stash size at 914999 req has local max stash size of: 219
Clk3 @ 381000000 Finished 915405 instructions 
Clk7 @ 382000000 Finished 917826 instructions 
Clk@ 382888827 Working on the # 920000 th memory instruction
Sampling stash size at 919999 req has local max stash size of: 215
Clk7 @ 383000000 Finished 920265 instructions 
Clk7 @ 384000000 Finished 922668 instructions 
Sampling stash size at 924999 req has local max stash size of: 209
Clk3 @ 385000000 Finished 925105 instructions 
Clk3 @ 386000000 Finished 927546 instructions 
Clk7 @ 387000000 Finished 929869 instructions 
Clk@ 387056896 Working on the # 930000 th memory instruction
Sampling stash size at 929999 req has local max stash size of: 213
Clk7 @ 388000000 Finished 932211 instructions 
Clk3 @ 389000000 Finished 934625 instructions 
Sampling stash size at 934999 req has local max stash size of: 217
Clk3 @ 390000000 Finished 937049 instructions 
Clk3 @ 391000000 Finished 939450 instructions 
Clk@ 391222778 Working on the # 940000 th memory instruction
Sampling stash size at 939999 req has local max stash size of: 214
Clk3 @ 392000000 Finished 941887 instructions 
Clk3 @ 393000000 Finished 944303 instructions 
Sampling stash size at 944999 req has local max stash size of: 215
Clk7 @ 394000000 Finished 946663 instructions 
Clk3 @ 395000000 Finished 949067 instructions 
Clk@ 395385399 Working on the # 950000 th memory instruction
Sampling stash size at 949999 req has local max stash size of: 215
Clk7 @ 396000000 Finished 951448 instructions 
Clk7 @ 397000000 Finished 953833 instructions 
Sampling stash size at 954999 req has local max stash size of: 214
Clk7 @ 398000000 Finished 956259 instructions 
Clk7 @ 399000000 Finished 958680 instructions 
Clk@ 399548605 Working on the # 960000 th memory instruction
Sampling stash size at 959999 req has local max stash size of: 212
Clk3 @ 400000000 Finished 961024 instructions 
Clk3 @ 401000000 Finished 963427 instructions 
Sampling stash size at 964999 req has local max stash size of: 204
Clk3 @ 402000000 Finished 965761 instructions 
Clk3 @ 403000000 Finished 968127 instructions 
Clk@ 403786742 Working on the # 970000 th memory instruction
Sampling stash size at 969999 req has local max stash size of: 219
Clk3 @ 404000000 Finished 970506 instructions 
Clk3 @ 405000000 Finished 972884 instructions 
Sampling stash size at 974999 req has local max stash size of: 217
Clk3 @ 406000000 Finished 975142 instructions 
Clk3 @ 407000000 Finished 977207 instructions 
Clk3 @ 408000000 Finished 979447 instructions 
Clk@ 408236601 Working on the # 980000 th memory instruction
Sampling stash size at 979999 req has local max stash size of: 212
Clk7 @ 409000000 Finished 981772 instructions 
Clk3 @ 410000000 Finished 984047 instructions 
Sampling stash size at 984999 req has local max stash size of: 214
Clk3 @ 411000000 Finished 986367 instructions 
Clk3 @ 412000000 Finished 988650 instructions 
Clk@ 412610384 Working on the # 990000 th memory instruction
Sampling stash size at 989999 req has local max stash size of: 219
Clk3 @ 413000000 Finished 990802 instructions 
Clk7 @ 414000000 Finished 993080 instructions 
Sampling stash size at 994999 req has local max stash size of: 221
Clk7 @ 415000000 Finished 995443 instructions 
Clk7 @ 416000000 Finished 997796 instructions 
Clk@ 416948850 Working on the # 1000000 th memory instruction
Sampling stash size at 999999 req has local max stash size of: 211

===*** Data ***====
Stall reason distribution: 
mc_hazard: 0
normal: 0
rs_hazard: 0
rw_swtich: 0
Early reshuffle distribution: 
0: 0
1: 0
2: 0
3: 0
4: 0
5: 0
6: 1931
7: 3839
8: 3919
9: 3863
10: 3751
11: 3802
12: 3724
13: 3314
14: 2808
15: 1827
16: 90
17: 0
18: 0
19: 0
20: 0
21: 0
22: 0
23: 0
24: 0
=================
Max stash size is: 225
Average stash size is: 111.119
Average mem q size is: 59.2829
Total mem q size is:15020399
mem_q_sample_times is:253368
useful_read_pull_ddr: 500006 (1.30956) %
dummy_read_pull_ddr: 8751213 (22.9202) %
useful_early_pull_ddr: 275005 (0.720262) %
useful_early_push_ddr: 152906 (0.400474) %
useful_write_pull_ddr: 7237742 (18.9563) %
useful_write_push_ddr: 2960015 (7.75254) %
dummy_early_pull_ddr: 37761 (0.0988994) %
dummy_early_push_ddr: 638208 (1.67152) %
dummy_write_pull_ddr: 162562 (0.425764) %
dummy_write_push_ddr: 17465802 (45.7445) %
=================
Stash violation number of times: 0
=================
Check NodeID traffic: 6541527
Update NodeID traffic: 34
=================
Read RS lines: 1000000 (85.7827) %
Write RS lines: 100000 (8.57827) %
Early RS lines: 65736 (5.63901) %
Read DDR lines: 18502375 (24.6536) %
Write DDR lines: 54575000 (72.7187) %
Early DDR lines: 1972080 (2.62771) %

====*** pos1 ***====
Stall reason distribution: 
mc_hazard: 0
normal: 0
rs_hazard: 0
rw_swtich: 0
Early reshuffle distribution: 
0: 0
1: 0
2: 0
3: 1597
4: 3537
5: 3818
6: 3864
7: 3832
8: 3837
9: 3839
10: 3836
11: 3689
12: 3617
13: 3380
14: 2869
15: 1793
16: 88
17: 0
18: 0
19: 0
20: 0
21: 0
=================
Max stash size is: 65
Average stash size is: 24.2168
Average mem q size is: 79.5735
Total mem q size is:7080287
mem_q_sample_times is:88978
useful_read_pull_ddr: 168602 (0.219631) %
dummy_read_pull_ddr: 18331515 (23.8798) %
useful_early_pull_ddr: 693014 (0.902763) %
useful_early_push_ddr: 65450 (0.0852592) %
useful_write_pull_ddr: 14760658 (19.2282) %
useful_write_push_ddr: 1843490 (2.40144) %
dummy_early_pull_ddr: 48118 (0.0626815) %
dummy_early_push_ddr: 1809178 (2.35675) %
dummy_write_pull_ddr: 39342 (0.0512493) %
dummy_write_push_ddr: 39006510 (50.8123) %
=================
Stash violation number of times: 0
=================
Check NodeID traffic: 9510218
Update NodeID traffic: 6
=================
Read RS lines: 1000000 (84.2324) %
Write RS lines: 100000 (8.42324) %
Early RS lines: 87192 (7.34439) %
Read DDR lines: 18500117 (24.4417) %
Write DDR lines: 54575000 (72.1025) %
Early DDR lines: 2615760 (3.45585) %

====*** pos2 ***====
Stall reason distribution: 
mc_hazard: 0
normal: 0
rs_hazard: 0
rw_swtich: 0
Early reshuffle distribution: 
0: 0
1: 0
2: 1218
3: 3181
4: 3560
5: 3800
6: 3738
7: 3822
8: 3877
9: 3918
10: 3812
11: 3849
12: 3602
13: 3336
14: 2859
15: 1814
16: 90
17: 0
18: 0
=================
Max stash size is: 49
Average stash size is: 17.0448
Average mem q size is: 76.9466
Total mem q size is:5740756
mem_q_sample_times is:74607
useful_read_pull_ddr: 97371 (0.147721) %
dummy_read_pull_ddr: 15902629 (24.1258) %
useful_early_pull_ddr: 720484 (1.09304) %
useful_early_push_ddr: 37112 (0.0563024) %
useful_write_pull_ddr: 12763324 (19.3632) %
useful_write_push_ddr: 1362732 (2.06739) %
dummy_early_pull_ddr: 48902 (0.0741889) %
dummy_early_push_ddr: 1908982 (2.89611) %
dummy_write_pull_ddr: 36676 (0.055641) %
dummy_write_push_ddr: 33037268 (50.1207) %
=================
Stash violation number of times: 0
=================
Check NodeID traffic: 5748214
Update NodeID traffic: 0
=================
Read RS lines: 1000000 (83.8257) %
Write RS lines: 100000 (8.38257) %
Early RS lines: 92952 (7.79176) %
Read DDR lines: 16000000 (24.2735) %
Write DDR lines: 47200000 (71.6069) %
Early DDR lines: 2715480 (4.11964) %
=================
The final DRAM clk is: 416953618 ticks.
Idle waiting clk is 160481385, which is 38.489 %
DRAM Frequency is: 1600MHz
The final time in ns is: 2.60596e+08 ns.
Time distribution: 
Data pull time is: 0
data: 0
pos1: 0
pos2: 0
Data distribution: 
Pos2 data: 65915480
Pos1 data: 75690877
Data: 75049455
Node access DDR: 13083054
Pull DDR: 18502375
WB DDR: 54575000
Early DDR: 1972080
Achieved BW is: 60.1689 GB/s
Ideal BW is: 102.4 GB/s
Metadata cache conclusion: 
overall_hit: 14450818 overall_total: 27532868
Cache Size 64 KB Overall Hit rate: 52.4857 %. 
Simulation done. Statistics written to results_all/orca_output.txt
