Valid leaf ID range: 8388607:16777214
Num of top nodes: 8388608
Data level num of ways: 8388608
Z: 16
S: 27
A: 20
cached_total: 1
cached_total: 3
cached_total: 7
cached_total: 15
cached_total: 31
cached_total: 63
Total number of ORAM protected cache line blocks: 8388608
Cached number of levels: 5
Max number of levels: 24
Start lvl is: 0
data valid leaf right: 16777215
data num of levels: 24
data level num of ways: 8388608
data number of sets: 1
Cached node ID: 0 -- 47
Address space: 0 - 4 GB
pos1 valid leaf right: 2097151
pos1 num of levels: 21
pos1 level num of ways: 1048576
pos1 number of sets: 1
Cached node ID: 0 -- 5
Address space: 0 - 0.5 GB
pos2 valid leaf right: 262143
pos2 num of levels: 18
pos2 level num of ways: 131072
pos2 number of sets: 1
Cached node ID: 0 -- 2
Address space: 0 - 0.0625 GB
new addr: 0
(myrs->posMap.find(new_addr) != myrs->posMap.end()): 1
(myrs->posMap[new_addr].pending): 0
myrs->posMap[new_addr] = 0
#2 ID 0 set true here
Clk3 @ 1000000 Finished 1688 instructions 
Clk3 @ 2000000 Finished 3487 instructions 
Sampling stash size at 4999 req has local max stash size of: 133
Clk7 @ 3000000 Finished 5317 instructions 
Clk3 @ 4000000 Finished 7205 instructions 
Clk3 @ 5000000 Finished 9058 instructions 
Clk@ 5499375 Working on the # 10000 th memory instruction
Sampling stash size at 9999 req has local max stash size of: 148
Clk3 @ 6000000 Finished 10946 instructions 
Clk7 @ 7000000 Finished 12857 instructions 
Clk7 @ 8000000 Finished 14783 instructions 
Sampling stash size at 14999 req has local max stash size of: 158
Clk3 @ 9000000 Finished 16647 instructions 
Clk3 @ 10000000 Finished 18587 instructions 
Clk@ 10744217 Working on the # 20000 th memory instruction
Sampling stash size at 19999 req has local max stash size of: 158
Clk3 @ 11000000 Finished 20487 instructions 
Clk3 @ 12000000 Finished 22407 instructions 
Clk3 @ 13000000 Finished 24334 instructions 
Sampling stash size at 24999 req has local max stash size of: 168
Clk7 @ 14000000 Finished 26306 instructions 
Clk3 @ 15000000 Finished 28243 instructions 
Clk@ 15899385 Working on the # 30000 th memory instruction
Sampling stash size at 29999 req has local max stash size of: 168
Clk3 @ 16000000 Finished 30187 instructions 
Clk3 @ 17000000 Finished 32015 instructions 
Clk3 @ 18000000 Finished 33987 instructions 
Sampling stash size at 34999 req has local max stash size of: 167
Clk3 @ 19000000 Finished 35927 instructions 
Clk3 @ 20000000 Finished 37887 instructions 
Clk3 @ 21000000 Finished 39807 instructions 
Clk@ 21092644 Working on the # 40000 th memory instruction
Sampling stash size at 39999 req has local max stash size of: 171
Clk3 @ 22000000 Finished 41727 instructions 
Clk3 @ 23000000 Finished 43667 instructions 
Sampling stash size at 44999 req has local max stash size of: 176
Clk3 @ 24000000 Finished 45627 instructions 
Clk3 @ 25000000 Finished 47547 instructions 
Clk3 @ 26000000 Finished 49542 instructions 
Clk@ 26237748 Working on the # 50000 th memory instruction
Sampling stash size at 49999 req has local max stash size of: 180
Clk3 @ 27000000 Finished 51487 instructions 
Clk3 @ 28000000 Finished 53413 instructions 
Sampling stash size at 54999 req has local max stash size of: 175
Clk3 @ 29000000 Finished 55368 instructions 
Clk3 @ 30000000 Finished 57347 instructions 
Clk7 @ 31000000 Finished 59318 instructions 
Clk@ 31343583 Working on the # 60000 th memory instruction
Sampling stash size at 59999 req has local max stash size of: 183
Clk3 @ 32000000 Finished 61200 instructions 
Clk3 @ 33000000 Finished 63048 instructions 
Sampling stash size at 64999 req has local max stash size of: 184
Clk3 @ 34000000 Finished 65007 instructions 
Clk7 @ 35000000 Finished 66984 instructions 
Clk7 @ 36000000 Finished 68951 instructions 
Clk@ 36528838 Working on the # 70000 th memory instruction
Sampling stash size at 69999 req has local max stash size of: 177
Clk3 @ 37000000 Finished 70927 instructions 
Clk3 @ 38000000 Finished 72903 instructions 
Clk3 @ 39000000 Finished 74882 instructions 
Sampling stash size at 74999 req has local max stash size of: 186
Clk3 @ 40000000 Finished 76807 instructions 
Clk3 @ 41000000 Finished 78753 instructions 
Clk@ 41632394 Working on the # 80000 th memory instruction
Sampling stash size at 79999 req has local max stash size of: 186
Clk3 @ 42000000 Finished 80707 instructions 
Clk3 @ 43000000 Finished 82630 instructions 
Clk3 @ 44000000 Finished 84528 instructions 
Sampling stash size at 84999 req has local max stash size of: 202
Clk7 @ 45000000 Finished 86471 instructions 
Clk3 @ 46000000 Finished 88407 instructions 
Clk@ 46814274 Working on the # 90000 th memory instruction
Sampling stash size at 89999 req has local max stash size of: 187
Clk3 @ 47000000 Finished 90363 instructions 
Clk7 @ 48000000 Finished 92277 instructions 
Clk3 @ 49000000 Finished 94160 instructions 
Sampling stash size at 94999 req has local max stash size of: 198
Clk7 @ 50000000 Finished 96132 instructions 
Clk7 @ 51000000 Finished 98127 instructions 
Clk@ 51959829 Working on the # 100000 th memory instruction
Sampling stash size at 99999 req has local max stash size of: 184
Clk7 @ 52000000 Finished 100072 instructions 
Clk3 @ 53000000 Finished 102022 instructions 
Clk3 @ 54000000 Finished 103927 instructions 
Sampling stash size at 104999 req has local max stash size of: 188
Clk3 @ 55000000 Finished 105887 instructions 
Clk3 @ 56000000 Finished 107813 instructions 
Clk3 @ 57000000 Finished 109742 instructions 
Clk@ 57129566 Working on the # 110000 th memory instruction
Sampling stash size at 109999 req has local max stash size of: 183
Clk3 @ 58000000 Finished 111702 instructions 
Clk3 @ 59000000 Finished 113647 instructions 
Sampling stash size at 114999 req has local max stash size of: 192
Clk7 @ 60000000 Finished 115593 instructions 
Clk7 @ 61000000 Finished 117566 instructions 
Clk7 @ 62000000 Finished 119517 instructions 
Clk@ 62243150 Working on the # 120000 th memory instruction
Sampling stash size at 119999 req has local max stash size of: 194
Clk3 @ 63000000 Finished 121447 instructions 
Clk3 @ 64000000 Finished 123247 instructions 
Sampling stash size at 124999 req has local max stash size of: 198
Clk7 @ 65000000 Finished 125086 instructions 
Clk3 @ 66000000 Finished 126996 instructions 
Clk3 @ 67000000 Finished 128943 instructions 
Clk@ 67540715 Working on the # 130000 th memory instruction
Sampling stash size at 129999 req has local max stash size of: 194
Clk3 @ 68000000 Finished 130907 instructions 
Clk3 @ 69000000 Finished 132864 instructions 
Clk7 @ 70000000 Finished 134827 instructions 
Sampling stash size at 134999 req has local max stash size of: 188
Clk7 @ 71000000 Finished 136787 instructions 
Clk7 @ 72000000 Finished 138751 instructions 
Clk@ 72638870 Working on the # 140000 th memory instruction
Sampling stash size at 139999 req has local max stash size of: 199
Clk7 @ 73000000 Finished 140720 instructions 
Clk7 @ 74000000 Finished 142668 instructions 
Clk3 @ 75000000 Finished 144627 instructions 
Sampling stash size at 144999 req has local max stash size of: 191
Clk3 @ 76000000 Finished 146606 instructions 
Clk3 @ 77000000 Finished 148565 instructions 
Clk@ 77726526 Working on the # 150000 th memory instruction
Sampling stash size at 149999 req has local max stash size of: 189
Clk3 @ 78000000 Finished 150527 instructions 
Clk7 @ 79000000 Finished 152445 instructions 
Clk7 @ 80000000 Finished 154336 instructions 
Sampling stash size at 154999 req has local max stash size of: 200
Clk3 @ 81000000 Finished 156264 instructions 
Clk7 @ 82000000 Finished 158210 instructions 
Clk@ 82914339 Working on the # 160000 th memory instruction
Sampling stash size at 159999 req has local max stash size of: 192
Clk3 @ 83000000 Finished 160147 instructions 
Clk3 @ 84000000 Finished 162108 instructions 
Clk3 @ 85000000 Finished 164007 instructions 
Sampling stash size at 164999 req has local max stash size of: 195
Clk7 @ 86000000 Finished 165903 instructions 
Clk3 @ 87000000 Finished 167762 instructions 
Clk7 @ 88000000 Finished 169694 instructions 
Clk@ 88150805 Working on the # 170000 th memory instruction
Sampling stash size at 169999 req has local max stash size of: 190
Clk7 @ 89000000 Finished 171588 instructions 
Clk3 @ 90000000 Finished 173508 instructions 
Sampling stash size at 174999 req has local max stash size of: 202
Clk3 @ 91000000 Finished 175441 instructions 
Clk7 @ 92000000 Finished 177387 instructions 
Clk3 @ 93000000 Finished 179307 instructions 
Clk@ 93356601 Working on the # 180000 th memory instruction
Sampling stash size at 179999 req has local max stash size of: 190
Clk3 @ 94000000 Finished 181247 instructions 
Clk3 @ 95000000 Finished 183107 instructions 
Sampling stash size at 184999 req has local max stash size of: 190
Clk3 @ 96000000 Finished 185047 instructions 
Clk7 @ 97000000 Finished 186885 instructions 
Clk3 @ 98000000 Finished 188827 instructions 
Clk@ 98589958 Working on the # 190000 th memory instruction
Sampling stash size at 189999 req has local max stash size of: 197
Clk3 @ 99000000 Finished 190775 instructions 
Clk3 @ 100000000 Finished 192767 instructions 
Clk3 @ 101000000 Finished 194723 instructions 
Sampling stash size at 194999 req has local max stash size of: 199
Clk3 @ 102000000 Finished 196687 instructions 
Clk7 @ 103000000 Finished 198611 instructions 
Clk@ 103698278 Working on the # 200000 th memory instruction
Sampling stash size at 199999 req has local max stash size of: 192
Clk3 @ 104000000 Finished 200587 instructions 
Clk3 @ 105000000 Finished 202541 instructions 
Clk7 @ 106000000 Finished 204481 instructions 
Sampling stash size at 204999 req has local max stash size of: 195
Clk3 @ 107000000 Finished 206422 instructions 
Clk3 @ 108000000 Finished 208367 instructions 
Clk@ 108847204 Working on the # 210000 th memory instruction
Sampling stash size at 209999 req has local max stash size of: 196
Clk3 @ 109000000 Finished 210300 instructions 
Clk3 @ 110000000 Finished 212222 instructions 
Clk3 @ 111000000 Finished 214123 instructions 
Sampling stash size at 214999 req has local max stash size of: 206
Clk3 @ 112000000 Finished 216084 instructions 
Clk7 @ 113000000 Finished 217961 instructions 
Clk3 @ 114000000 Finished 219927 instructions 
Clk@ 114034611 Working on the # 220000 th memory instruction
Sampling stash size at 219999 req has local max stash size of: 200
Clk3 @ 115000000 Finished 221882 instructions 
Clk3 @ 116000000 Finished 223866 instructions 
Sampling stash size at 224999 req has local max stash size of: 196
Clk3 @ 117000000 Finished 225803 instructions 
Clk7 @ 118000000 Finished 227751 instructions 
Clk3 @ 119000000 Finished 229687 instructions 
Clk@ 119159543 Working on the # 230000 th memory instruction
Sampling stash size at 229999 req has local max stash size of: 192
Clk3 @ 120000000 Finished 231660 instructions 
Clk3 @ 121000000 Finished 233602 instructions 
Sampling stash size at 234999 req has local max stash size of: 195
Clk7 @ 122000000 Finished 235565 instructions 
Clk3 @ 123000000 Finished 237507 instructions 
Clk7 @ 124000000 Finished 239454 instructions 
Clk@ 124272733 Working on the # 240000 th memory instruction
Sampling stash size at 239999 req has local max stash size of: 196
Clk3 @ 125000000 Finished 241387 instructions 
Clk3 @ 126000000 Finished 243301 instructions 
Sampling stash size at 244999 req has local max stash size of: 202
Clk7 @ 127000000 Finished 245068 instructions 
Clk7 @ 128000000 Finished 246907 instructions 
Clk3 @ 129000000 Finished 248701 instructions 
Clk@ 129698990 Working on the # 250000 th memory instruction
Warm up done after line access count: 250000 out of 500000 (50 %)
Sampling stash size at 249999 req has local max stash size of: 195
Clk3 @ 130000000 Finished 250567 instructions 
Clk7 @ 131000000 Finished 252464 instructions 
Clk3 @ 132000000 Finished 254387 instructions 
Sampling stash size at 254999 req has local max stash size of: 197
Clk3 @ 133000000 Finished 256287 instructions 
Clk3 @ 134000000 Finished 258241 instructions 
Clk@ 134916122 Working on the # 260000 th memory instruction
Sampling stash size at 259999 req has local max stash size of: 200
Clk3 @ 135000000 Finished 260165 instructions 
Clk7 @ 136000000 Finished 262117 instructions 
Clk3 @ 137000000 Finished 264034 instructions 
Sampling stash size at 264999 req has local max stash size of: 198
Clk3 @ 138000000 Finished 265987 instructions 
Clk3 @ 139000000 Finished 267947 instructions 
Clk7 @ 140000000 Finished 269907 instructions 
Clk@ 140046678 Working on the # 270000 th memory instruction
Sampling stash size at 269999 req has local max stash size of: 200
Clk3 @ 141000000 Finished 271873 instructions 
Clk3 @ 142000000 Finished 273834 instructions 
Sampling stash size at 274999 req has local max stash size of: 197
Clk3 @ 143000000 Finished 275707 instructions 
Clk3 @ 144000000 Finished 277685 instructions 
Clk3 @ 145000000 Finished 279603 instructions 
Clk@ 145201238 Working on the # 280000 th memory instruction
Sampling stash size at 279999 req has local max stash size of: 205
Clk3 @ 146000000 Finished 281566 instructions 
Clk3 @ 147000000 Finished 283501 instructions 
Sampling stash size at 284999 req has local max stash size of: 203
Clk3 @ 148000000 Finished 285447 instructions 
Clk3 @ 149000000 Finished 287407 instructions 
Clk7 @ 149000000 Finished 287407 instructions 
Clk7 @ 150000000 Finished 289332 instructions 
Clk@ 150348005 Working on the # 290000 th memory instruction
Sampling stash size at 289999 req has local max stash size of: 203
Clk7 @ 151000000 Finished 291267 instructions 
Clk3 @ 152000000 Finished 293242 instructions 
Sampling stash size at 294999 req has local max stash size of: 201
Clk3 @ 153000000 Finished 295174 instructions 
Clk3 @ 154000000 Finished 297144 instructions 
Clk3 @ 155000000 Finished 299087 instructions 
Clk@ 155464117 Working on the # 300000 th memory instruction
Sampling stash size at 299999 req has local max stash size of: 200
Clk3 @ 156000000 Finished 301026 instructions 
Clk3 @ 157000000 Finished 302985 instructions 
Clk3 @ 158000000 Finished 304878 instructions 
Sampling stash size at 304999 req has local max stash size of: 206
Clk3 @ 159000000 Finished 306727 instructions 
Clk3 @ 160000000 Finished 308621 instructions 
Clk@ 160733903 Working on the # 310000 th memory instruction
Sampling stash size at 309999 req has local max stash size of: 206
Clk7 @ 161000000 Finished 310532 instructions 
Clk7 @ 162000000 Finished 312470 instructions 
Clk7 @ 163000000 Finished 314405 instructions 
Sampling stash size at 314999 req has local max stash size of: 203
Clk7 @ 164000000 Finished 316332 instructions 
Clk3 @ 165000000 Finished 318267 instructions 
Clk@ 165888472 Working on the # 320000 th memory instruction
Sampling stash size at 319999 req has local max stash size of: 206
Clk3 @ 166000000 Finished 320187 instructions 
Clk3 @ 167000000 Finished 322146 instructions 
Clk3 @ 168000000 Finished 324067 instructions 
Sampling stash size at 324999 req has local max stash size of: 205
Clk3 @ 169000000 Finished 326006 instructions 
Clk7 @ 170000000 Finished 327919 instructions 
Clk7 @ 171000000 Finished 329825 instructions 
Clk@ 171091205 Working on the # 330000 th memory instruction
Sampling stash size at 329999 req has local max stash size of: 199
Clk7 @ 172000000 Finished 331699 instructions 
Clk7 @ 173000000 Finished 333567 instructions 
Sampling stash size at 334999 req has local max stash size of: 217
Clk3 @ 174000000 Finished 335447 instructions 
Clk7 @ 175000000 Finished 337380 instructions 
Clk3 @ 176000000 Finished 339305 instructions 
Clk@ 176356591 Working on the # 340000 th memory instruction
Sampling stash size at 339999 req has local max stash size of: 199
Clk3 @ 177000000 Finished 341247 instructions 
Clk7 @ 178000000 Finished 343091 instructions 
Clk3 @ 179000000 Finished 345000 instructions 
Sampling stash size at 344999 req has local max stash size of: 216
Clk3 @ 180000000 Finished 346910 instructions 
Clk7 @ 181000000 Finished 348866 instructions 
Clk@ 181579400 Working on the # 350000 th memory instruction
Sampling stash size at 349999 req has local max stash size of: 198
Clk3 @ 182000000 Finished 350787 instructions 
Clk3 @ 183000000 Finished 352745 instructions 
Clk3 @ 184000000 Finished 354683 instructions 
Sampling stash size at 354999 req has local max stash size of: 200
Clk3 @ 185000000 Finished 356647 instructions 
Clk7 @ 186000000 Finished 358551 instructions 
Clk@ 186747504 Working on the # 360000 th memory instruction
Sampling stash size at 359999 req has local max stash size of: 202
Clk7 @ 187000000 Finished 360499 instructions 
Clk3 @ 188000000 Finished 362457 instructions 
Clk3 @ 189000000 Finished 364390 instructions 
Sampling stash size at 364999 req has local max stash size of: 206
Clk3 @ 190000000 Finished 366227 instructions 
Clk7 @ 191000000 Finished 368163 instructions 
Clk@ 191955888 Working on the # 370000 th memory instruction
Sampling stash size at 369999 req has local max stash size of: 197
Clk3 @ 192000000 Finished 370087 instructions 
Clk3 @ 193000000 Finished 371987 instructions 
Clk7 @ 194000000 Finished 373787 instructions 
Sampling stash size at 374999 req has local max stash size of: 195
Clk3 @ 195000000 Finished 375723 instructions 
Clk7 @ 196000000 Finished 377667 instructions 
Clk3 @ 197000000 Finished 379652 instructions 
Clk@ 197172465 Working on the # 380000 th memory instruction
Sampling stash size at 379999 req has local max stash size of: 207
Clk3 @ 198000000 Finished 381583 instructions 
Clk7 @ 199000000 Finished 383548 instructions 
Sampling stash size at 384999 req has local max stash size of: 205
Clk3 @ 200000000 Finished 385496 instructions 
Clk7 @ 201000000 Finished 387452 instructions 
Clk3 @ 202000000 Finished 389383 instructions 
Clk@ 202318700 Working on the # 390000 th memory instruction
Sampling stash size at 389999 req has local max stash size of: 211
Clk7 @ 203000000 Finished 391342 instructions 
Clk7 @ 204000000 Finished 393288 instructions 
Sampling stash size at 394999 req has local max stash size of: 199
Clk7 @ 205000000 Finished 395245 instructions 
Clk3 @ 206000000 Finished 397121 instructions 
Clk3 @ 207000000 Finished 399071 instructions 
Clk@ 207468265 Working on the # 400000 th memory instruction
Sampling stash size at 399999 req has local max stash size of: 200
Clk7 @ 208000000 Finished 401007 instructions 
Clk3 @ 209000000 Finished 402957 instructions 
Clk7 @ 210000000 Finished 404849 instructions 
Sampling stash size at 404999 req has local max stash size of: 204
Clk3 @ 212000000 Finished 408693 instructions 
Clk@ 212674364 Working on the # 410000 th memory instruction
Sampling stash size at 409999 req has local max stash size of: 209
Clk3 @ 213000000 Finished 410627 instructions 
Clk3 @ 214000000 Finished 412547 instructions 
Clk7 @ 215000000 Finished 414449 instructions 
Sampling stash size at 414999 req has local max stash size of: 209
Clk3 @ 216000000 Finished 416401 instructions 
Clk3 @ 217000000 Finished 418364 instructions 
Clk@ 217858517 Working on the # 420000 th memory instruction
Sampling stash size at 419999 req has local max stash size of: 214
Clk3 @ 218000000 Finished 420279 instructions 
Clk3 @ 219000000 Finished 422218 instructions 
Clk7 @ 220000000 Finished 424148 instructions 
Sampling stash size at 424999 req has local max stash size of: 210
Clk3 @ 221000000 Finished 426087 instructions 
Clk3 @ 222000000 Finished 427947 instructions 
Clk7 @ 223000000 Finished 429897 instructions 
Clk@ 223050586 Working on the # 430000 th memory instruction
Sampling stash size at 429999 req has local max stash size of: 206
Clk7 @ 224000000 Finished 431855 instructions 
Clk3 @ 225000000 Finished 433787 instructions 
Sampling stash size at 434999 req has local max stash size of: 205
Clk7 @ 226000000 Finished 435648 instructions 
Clk3 @ 227000000 Finished 437616 instructions 
Clk3 @ 228000000 Finished 439567 instructions 
Clk@ 228215540 Working on the # 440000 th memory instruction
Sampling stash size at 439999 req has local max stash size of: 212
Clk7 @ 229000000 Finished 441534 instructions 
Clk3 @ 230000000 Finished 443447 instructions 
Sampling stash size at 444999 req has local max stash size of: 208
Clk3 @ 231000000 Finished 445396 instructions 
Clk3 @ 232000000 Finished 447347 instructions 
Clk3 @ 233000000 Finished 449296 instructions 
Clk@ 233362550 Working on the # 450000 th memory instruction
Sampling stash size at 449999 req has local max stash size of: 202
Clk3 @ 234000000 Finished 451261 instructions 
Clk3 @ 235000000 Finished 453187 instructions 
Sampling stash size at 454999 req has local max stash size of: 203
Clk3 @ 236000000 Finished 455107 instructions 
Clk3 @ 237000000 Finished 457058 instructions 
Clk7 @ 238000000 Finished 458990 instructions 
Clk@ 238520222 Working on the # 460000 th memory instruction
Sampling stash size at 459999 req has local max stash size of: 203
Clk7 @ 239000000 Finished 460938 instructions 
Clk7 @ 240000000 Finished 462913 instructions 
Clk7 @ 241000000 Finished 464839 instructions 
Sampling stash size at 464999 req has local max stash size of: 202
Clk7 @ 242000000 Finished 466734 instructions 
Clk3 @ 243000000 Finished 468667 instructions 
Clk@ 243681479 Working on the # 470000 th memory instruction
Sampling stash size at 469999 req has local max stash size of: 204
Clk3 @ 244000000 Finished 470627 instructions 
Clk3 @ 245000000 Finished 472547 instructions 
Clk3 @ 246000000 Finished 474487 instructions 
Sampling stash size at 474999 req has local max stash size of: 200
Clk3 @ 247000000 Finished 476407 instructions 
Clk3 @ 248000000 Finished 478347 instructions 
Clk@ 248855010 Working on the # 480000 th memory instruction
Sampling stash size at 479999 req has local max stash size of: 202
Clk3 @ 249000000 Finished 480262 instructions 
Clk3 @ 250000000 Finished 482162 instructions 
Clk3 @ 251000000 Finished 484047 instructions 
Sampling stash size at 484999 req has local max stash size of: 216
Clk3 @ 252000000 Finished 485962 instructions 
Clk3 @ 253000000 Finished 487762 instructions 
Clk7 @ 254000000 Finished 489519 instructions 
Clk@ 254264259 Working on the # 490000 th memory instruction
Sampling stash size at 489999 req has local max stash size of: 199
Clk3 @ 255000000 Finished 491367 instructions 
Clk7 @ 256000000 Finished 493187 instructions 
Clk3 @ 257000000 Finished 494967 instructions 
Sampling stash size at 494999 req has local max stash size of: 202
Clk3 @ 258000000 Finished 496727 instructions 
Clk3 @ 259000000 Finished 498587 instructions 
Clk@ 259772605 Working on the # 500000 th memory instruction
Sampling stash size at 499999 req has local max stash size of: 202

===*** Data ***====
Stall reason distribution: 
mc_hazard: 0
normal: 0
rs_hazard: 0
rw_swtich: 0
Early reshuffle distribution: 
0: 0
1: 0
2: 0
3: 0
4: 0
5: 975
6: 1862
7: 1881
8: 1913
9: 1829
10: 1873
11: 1791
12: 1646
13: 1415
14: 937
15: 50
16: 0
17: 0
18: 0
19: 0
20: 0
21: 0
22: 0
23: 0
=================
Max stash size is: 217
Average stash size is: 106.511
Average mem q size is: 78.9418
Total mem q size is:14384940
mem_q_sample_times is:182222
useful_read_pull_ddr: 250007 (1.31046) %
dummy_read_pull_ddr: 4375905 (22.9371) %
useful_early_pull_ddr: 135961 (0.712664) %
useful_early_push_ddr: 76581 (0.401413) %
useful_write_pull_ddr: 3636801 (19.0629) %
useful_write_push_ddr: 1507100 (7.89974) %
dummy_early_pull_ddr: 16563 (0.0868179) %
dummy_early_push_ddr: 309215 (1.62081) %
dummy_write_pull_ddr: 63503 (0.332862) %
dummy_write_push_ddr: 8706217 (45.6352) %
=================
Stash violation number of times: 0
=================
Check NodeID traffic: 2976785
Update NodeID traffic: 16
=================
Read RS lines: 500000 (85.8599) %
Write RS lines: 50000 (8.58599) %
Early RS lines: 32344 (5.55411) %
Read DDR lines: 9251402 (24.6643) %
Write DDR lines: 27287500 (72.7488) %
Early DDR lines: 970320 (2.58688) %

====*** pos1 ***====
Stall reason distribution: 
mc_hazard: 0
normal: 0
rs_hazard: 0
rw_swtich: 0
Early reshuffle distribution: 
0: 0
1: 0
2: 590
3: 1543
4: 1759
5: 1880
6: 1954
7: 1890
8: 1936
9: 1908
10: 1916
11: 1848
12: 1738
13: 1413
14: 901
15: 46
16: 0
17: 0
18: 0
19: 0
20: 0
=================
Max stash size is: 122
Average stash size is: 51.2738
Average mem q size is: 82.884
Total mem q size is:3551414
mem_q_sample_times is:42848
useful_read_pull_ddr: 250123 (0.679794) %
dummy_read_pull_ddr: 8749877 (23.7808) %
useful_early_pull_ddr: 323952 (0.88045) %
useful_early_push_ddr: 89848 (0.244193) %
useful_write_pull_ddr: 7134077 (19.3893) %
useful_write_push_ddr: 1800117 (4.89243) %
dummy_early_pull_ddr: 28492 (0.0774367) %
dummy_early_push_ddr: 801628 (2.1787) %
dummy_write_pull_ddr: 65923 (0.179168) %
dummy_write_push_ddr: 17549883 (47.6978) %
=================
Stash violation number of times: 0
=================
Check NodeID traffic: 4142240
Update NodeID traffic: 1
=================
Read RS lines: 500000 (84.3677) %
Write RS lines: 50000 (8.43677) %
Early RS lines: 42644 (7.19555) %
Read DDR lines: 9000000 (24.4606) %
Write DDR lines: 26550000 (72.1587) %
Early DDR lines: 1243920 (3.38078) %

====*** pos2 ***====
Stall reason distribution: 
mc_hazard: 0
normal: 0
rs_hazard: 0
rw_swtich: 0
Early reshuffle distribution: 
0: 0
1: 239
2: 1233
3: 1608
4: 1808
5: 1861
6: 1903
7: 1907
8: 1869
9: 1926
10: 1907
11: 1868
12: 1673
13: 1372
14: 898
15: 31
16: 0
17: 0
=================
Max stash size is: 115
Average stash size is: 47.2223
Average mem q size is: 79.7648
Total mem q size is:2768556
mem_q_sample_times is:34709
useful_read_pull_ddr: 249510 (0.808447) %
dummy_read_pull_ddr: 7250490 (23.4926) %
useful_early_pull_ddr: 318682 (1.03257) %
useful_early_push_ddr: 78661 (0.254873) %
useful_write_pull_ddr: 5890962 (19.0875) %
useful_write_push_ddr: 1649504 (5.34462) %
dummy_early_pull_ddr: 32045 (0.10383) %
dummy_early_push_ddr: 808472 (2.61956) %
dummy_write_pull_ddr: 109038 (0.353298) %
dummy_write_push_ddr: 14475496 (46.9026) %
=================
Stash violation number of times: 0
=================
Check NodeID traffic: 2210625
Update NodeID traffic: 0
=================
Read RS lines: 500000 (84.1459) %
Write RS lines: 50000 (8.41459) %
Early RS lines: 44206 (7.43951) %
Read DDR lines: 7500000 (24.3011) %
Write DDR lines: 22125000 (71.6881) %
Early DDR lines: 1237860 (4.01084) %
=================
The final DRAM clk is: 259779231 ticks.
Idle waiting clk is 86429991, which is 33.2706 %
DRAM Frequency is: 1600MHz
The final time in ns is: 1.62362e+08 ns.
Time distribution: 
Data pull time is: 0
data: 0
pos1: 0
pos2: 0
Data distribution: 
Pos2 data: 30862860
Pos1 data: 36793920
Data: 37509222
Node access DDR: 5953570
Pull DDR: 9251402
WB DDR: 27287500
Early DDR: 970320
Achieved BW is: 61.0906 GB/s
Ideal BW is: 102.4 GB/s
Metadata cache conclusion: 
overall_hit: 7263174 overall_total: 13216172
Cache Size 64 KB Overall Hit rate: 54.9567 %. 
Simulation done. Statistics written to results_all/criteo_output.txt
