Valid leaf ID range: 16777215:33554430
Num of top nodes: 16777216
Data level num of ways: 16777216
Z: 16
S: 27
A: 20
cached_total: 1
cached_total: 3
cached_total: 7
cached_total: 15
cached_total: 31
cached_total: 63
cached_total: 127
Total number of ORAM protected cache line blocks: 16777216
Cached number of levels: 6
Max number of levels: 25
Start lvl is: 0
data valid leaf right: 33554431
data num of levels: 25
data level num of ways: 16777216
data number of sets: 1
Cached node ID: 0 -- 95
Address space: 0 - 4 GB
pos1 valid leaf right: 4194303
pos1 num of levels: 22
pos1 level num of ways: 2097152
pos1 number of sets: 1
Cached node ID: 0 -- 11
Address space: 0 - 0.5 GB
pos2 valid leaf right: 524287
pos2 num of levels: 19
pos2 level num of ways: 262144
pos2 number of sets: 1
Cached node ID: 0 -- 5
Address space: 0 - 0.0625 GB
new addr: 2a
(myrs->posMap.find(new_addr) != myrs->posMap.end()): 1
(myrs->posMap[new_addr].pending): 0
myrs->posMap[new_addr] = 42
#2 ID 0 set true here
Clk7 @ 1000000 Finished 2123 instructions 
Clk3 @ 2000000 Finished 4387 instructions 
Sampling stash size at 4999 req has local max stash size of: 138
Clk7 @ 3000000 Finished 6736 instructions 
Clk3 @ 4000000 Finished 9087 instructions 
Clk@ 4384521 Working on the # 10000 th memory instruction
Sampling stash size at 9999 req has local max stash size of: 157
Clk3 @ 5000000 Finished 11464 instructions 
Clk3 @ 6000000 Finished 13887 instructions 
Sampling stash size at 14999 req has local max stash size of: 152
Clk3 @ 7000000 Finished 16257 instructions 
Clk3 @ 8000000 Finished 18687 instructions 
Clk@ 8545850 Working on the # 20000 th memory instruction
Sampling stash size at 19999 req has local max stash size of: 155
Clk7 @ 9000000 Finished 21095 instructions 
Clk7 @ 10000000 Finished 23516 instructions 
Sampling stash size at 24999 req has local max stash size of: 164
Clk3 @ 11000000 Finished 25982 instructions 
Clk7 @ 12000000 Finished 28444 instructions 
Clk@ 12637140 Working on the # 30000 th memory instruction
Sampling stash size at 29999 req has local max stash size of: 174
Clk7 @ 13000000 Finished 30826 instructions 
Clk7 @ 14000000 Finished 33209 instructions 
Sampling stash size at 34999 req has local max stash size of: 174
Clk3 @ 15000000 Finished 35662 instructions 
Clk3 @ 16000000 Finished 38107 instructions 
Clk@ 16784005 Working on the # 40000 th memory instruction
Sampling stash size at 39999 req has local max stash size of: 172
Clk7 @ 17000000 Finished 40518 instructions 
Clk7 @ 18000000 Finished 42934 instructions 
Sampling stash size at 44999 req has local max stash size of: 177
Clk3 @ 19000000 Finished 45401 instructions 
Clk3 @ 20000000 Finished 47806 instructions 
Clk@ 20887328 Working on the # 50000 th memory instruction
Sampling stash size at 49999 req has local max stash size of: 171
Clk7 @ 21000000 Finished 50277 instructions 
Clk3 @ 22000000 Finished 52742 instructions 
Sampling stash size at 54999 req has local max stash size of: 181
Clk3 @ 23000000 Finished 55168 instructions 
Clk3 @ 24000000 Finished 57640 instructions 
Clk@ 24947464 Working on the # 60000 th memory instruction
Sampling stash size at 59999 req has local max stash size of: 188
Clk3 @ 25000000 Finished 60125 instructions 
Clk7 @ 26000000 Finished 62361 instructions 
Clk7 @ 27000000 Finished 64751 instructions 
Sampling stash size at 64999 req has local max stash size of: 189
Clk3 @ 28000000 Finished 67202 instructions 
Clk7 @ 29000000 Finished 69633 instructions 
Clk@ 29148069 Working on the # 70000 th memory instruction
Sampling stash size at 69999 req has local max stash size of: 185
Clk3 @ 30000000 Finished 72094 instructions 
Clk3 @ 31000000 Finished 74561 instructions 
Sampling stash size at 74999 req has local max stash size of: 188
Clk3 @ 32000000 Finished 76968 instructions 
Clk3 @ 33000000 Finished 79406 instructions 
Clk@ 33239081 Working on the # 80000 th memory instruction
Sampling stash size at 79999 req has local max stash size of: 194
Clk3 @ 34000000 Finished 81850 instructions 
Clk7 @ 35000000 Finished 84224 instructions 
Sampling stash size at 84999 req has local max stash size of: 185
Clk3 @ 36000000 Finished 86646 instructions 
Clk7 @ 37000000 Finished 89088 instructions 
Clk@ 37374055 Working on the # 90000 th memory instruction
Sampling stash size at 89999 req has local max stash size of: 188
Clk7 @ 38000000 Finished 91487 instructions 
Clk3 @ 39000000 Finished 93845 instructions 
Sampling stash size at 94999 req has local max stash size of: 187
Clk3 @ 40000000 Finished 96313 instructions 
Clk7 @ 41000000 Finished 98774 instructions 
Clk@ 41505446 Working on the # 100000 th memory instruction
Sampling stash size at 99999 req has local max stash size of: 191
Clk7 @ 42000000 Finished 101203 instructions 
Clk3 @ 43000000 Finished 103647 instructions 
Sampling stash size at 104999 req has local max stash size of: 183
Clk3 @ 44000000 Finished 106085 instructions 
Clk3 @ 45000000 Finished 108509 instructions 
Clk@ 45615729 Working on the # 110000 th memory instruction
Sampling stash size at 109999 req has local max stash size of: 190
Clk3 @ 46000000 Finished 110947 instructions 
Clk3 @ 47000000 Finished 113407 instructions 
Sampling stash size at 114999 req has local max stash size of: 191
Clk3 @ 48000000 Finished 115847 instructions 
Clk3 @ 49000000 Finished 118267 instructions 
Clk@ 49710075 Working on the # 120000 th memory instruction
Sampling stash size at 119999 req has local max stash size of: 198
Clk7 @ 50000000 Finished 120687 instructions 
Clk3 @ 51000000 Finished 122943 instructions 
Sampling stash size at 124999 req has local max stash size of: 193
Clk3 @ 52000000 Finished 125166 instructions 
Clk3 @ 53000000 Finished 127564 instructions 
Clk3 @ 54000000 Finished 129985 instructions 
Clk@ 54006232 Working on the # 130000 th memory instruction
Sampling stash size at 129999 req has local max stash size of: 192
Clk3 @ 55000000 Finished 132431 instructions 
Clk3 @ 56000000 Finished 134885 instructions 
Sampling stash size at 134999 req has local max stash size of: 200
Clk3 @ 57000000 Finished 137303 instructions 
Clk7 @ 58000000 Finished 139748 instructions 
Clk@ 58100638 Working on the # 140000 th memory instruction
Sampling stash size at 139999 req has local max stash size of: 193
Clk3 @ 59000000 Finished 142224 instructions 
Clk7 @ 60000000 Finished 144667 instructions 
Sampling stash size at 144999 req has local max stash size of: 202
Clk3 @ 61000000 Finished 147107 instructions 
Clk7 @ 62000000 Finished 149569 instructions 
Clk@ 62172318 Working on the # 150000 th memory instruction
Sampling stash size at 149999 req has local max stash size of: 194
Clk7 @ 63000000 Finished 152018 instructions 
Clk3 @ 64000000 Finished 154363 instructions 
Sampling stash size at 154999 req has local max stash size of: 195
Clk7 @ 65000000 Finished 156796 instructions 
Clk7 @ 66000000 Finished 159227 instructions 
Clk@ 66313184 Working on the # 160000 th memory instruction
Sampling stash size at 159999 req has local max stash size of: 194
Clk3 @ 67000000 Finished 161677 instructions 
Clk3 @ 68000000 Finished 164082 instructions 
Sampling stash size at 164999 req has local max stash size of: 196
Clk7 @ 69000000 Finished 166423 instructions 
Clk3 @ 70000000 Finished 168803 instructions 
Clk@ 70491437 Working on the # 170000 th memory instruction
Sampling stash size at 169999 req has local max stash size of: 199
Clk3 @ 71000000 Finished 171225 instructions 
Clk3 @ 72000000 Finished 173603 instructions 
Sampling stash size at 174999 req has local max stash size of: 199
Clk3 @ 73000000 Finished 176027 instructions 
Clk7 @ 74000000 Finished 178475 instructions 
Clk@ 74633867 Working on the # 180000 th memory instruction
Sampling stash size at 179999 req has local max stash size of: 207
Clk7 @ 75000000 Finished 180899 instructions 
Clk3 @ 76000000 Finished 183247 instructions 
Sampling stash size at 184999 req has local max stash size of: 213
Clk3 @ 77000000 Finished 185647 instructions 
Clk7 @ 78000000 Finished 187924 instructions 
Clk@ 78845571 Working on the # 190000 th memory instruction
Sampling stash size at 189999 req has local max stash size of: 201
Clk3 @ 79000000 Finished 190380 instructions 
Clk3 @ 80000000 Finished 192827 instructions 
Sampling stash size at 194999 req has local max stash size of: 199
Clk7 @ 81000000 Finished 195256 instructions 
Clk3 @ 82000000 Finished 197725 instructions 
Clk@ 82939180 Working on the # 200000 th memory instruction
Sampling stash size at 199999 req has local max stash size of: 201
Clk3 @ 83000000 Finished 200145 instructions 
Clk7 @ 84000000 Finished 202557 instructions 
Clk3 @ 85000000 Finished 204982 instructions 
Sampling stash size at 204999 req has local max stash size of: 201
Clk3 @ 86000000 Finished 207387 instructions 
Clk7 @ 87000000 Finished 209826 instructions 
Clk@ 87070137 Working on the # 210000 th memory instruction
Sampling stash size at 209999 req has local max stash size of: 202
Clk7 @ 88000000 Finished 212238 instructions 
Clk7 @ 89000000 Finished 214655 instructions 
Sampling stash size at 214999 req has local max stash size of: 197
Clk7 @ 90000000 Finished 217088 instructions 
Clk7 @ 91000000 Finished 219475 instructions 
Clk@ 91210099 Working on the # 220000 th memory instruction
Sampling stash size at 219999 req has local max stash size of: 203
Clk3 @ 92000000 Finished 221905 instructions 
Clk3 @ 93000000 Finished 224367 instructions 
Sampling stash size at 224999 req has local max stash size of: 209
Clk7 @ 94000000 Finished 226805 instructions 
Clk3 @ 95000000 Finished 229222 instructions 
Clk@ 95310850 Working on the # 230000 th memory instruction
Sampling stash size at 229999 req has local max stash size of: 208
Clk3 @ 96000000 Finished 231685 instructions 
Clk3 @ 97000000 Finished 234102 instructions 
Sampling stash size at 234999 req has local max stash size of: 208
Clk3 @ 98000000 Finished 236545 instructions 
Clk3 @ 99000000 Finished 238996 instructions 
Clk@ 99410341 Working on the # 240000 th memory instruction
Sampling stash size at 239999 req has local max stash size of: 200
Clk7 @ 100000000 Finished 241409 instructions 
Clk3 @ 101000000 Finished 243785 instructions 
Sampling stash size at 244999 req has local max stash size of: 206
Clk3 @ 102000000 Finished 245994 instructions 
Clk3 @ 103000000 Finished 248167 instructions 
Clk@ 103798844 Working on the # 250000 th memory instruction
Sampling stash size at 249999 req has local max stash size of: 213
Clk3 @ 104000000 Finished 250467 instructions 
Clk7 @ 105000000 Finished 252854 instructions 
Sampling stash size at 254999 req has local max stash size of: 201
Clk7 @ 106000000 Finished 255243 instructions 
Clk3 @ 107000000 Finished 257663 instructions 
Clk@ 107966893 Working on the # 260000 th memory instruction
Sampling stash size at 259999 req has local max stash size of: 210
Clk3 @ 108000000 Finished 260085 instructions 
Clk3 @ 109000000 Finished 262523 instructions 
Clk7 @ 110000000 Finished 264908 instructions 
Sampling stash size at 264999 req has local max stash size of: 206
Clk7 @ 111000000 Finished 267366 instructions 
Clk3 @ 112000000 Finished 269826 instructions 
Clk@ 112071400 Working on the # 270000 th memory instruction
Sampling stash size at 269999 req has local max stash size of: 202
Clk3 @ 113000000 Finished 272266 instructions 
Clk3 @ 114000000 Finished 274642 instructions 
Sampling stash size at 274999 req has local max stash size of: 208
Clk7 @ 115000000 Finished 277072 instructions 
Clk3 @ 116000000 Finished 279466 instructions 
Clk@ 116219511 Working on the # 280000 th memory instruction
Sampling stash size at 279999 req has local max stash size of: 204
Clk3 @ 117000000 Finished 281902 instructions 
Clk7 @ 118000000 Finished 284337 instructions 
Sampling stash size at 284999 req has local max stash size of: 207
Clk3 @ 119000000 Finished 286749 instructions 
Clk7 @ 120000000 Finished 289189 instructions 
Clk@ 120339004 Working on the # 290000 th memory instruction
Sampling stash size at 289999 req has local max stash size of: 208
Clk3 @ 121000000 Finished 291607 instructions 
Clk3 @ 122000000 Finished 294025 instructions 
Sampling stash size at 294999 req has local max stash size of: 216
Clk3 @ 123000000 Finished 296481 instructions 
Clk3 @ 124000000 Finished 298917 instructions 
Clk@ 124439551 Working on the # 300000 th memory instruction
Sampling stash size at 299999 req has local max stash size of: 209
Clk7 @ 125000000 Finished 301341 instructions 
Clk7 @ 126000000 Finished 303773 instructions 
Sampling stash size at 304999 req has local max stash size of: 209
Clk3 @ 127000000 Finished 306083 instructions 
Clk3 @ 128000000 Finished 308487 instructions 
Clk@ 128651546 Working on the # 310000 th memory instruction
Sampling stash size at 309999 req has local max stash size of: 200
Clk7 @ 129000000 Finished 310840 instructions 
Clk3 @ 130000000 Finished 313272 instructions 
Sampling stash size at 314999 req has local max stash size of: 209
Clk7 @ 131000000 Finished 315725 instructions 
Clk3 @ 132000000 Finished 318143 instructions 
Clk@ 132760042 Working on the # 320000 th memory instruction
Sampling stash size at 319999 req has local max stash size of: 206
Clk3 @ 133000000 Finished 320547 instructions 
Clk7 @ 134000000 Finished 323007 instructions 
Sampling stash size at 324999 req has local max stash size of: 212
Clk3 @ 135000000 Finished 325405 instructions 
Clk7 @ 136000000 Finished 327804 instructions 
Clk@ 136920599 Working on the # 330000 th memory instruction
Sampling stash size at 329999 req has local max stash size of: 211
Clk3 @ 137000000 Finished 330187 instructions 
Clk7 @ 138000000 Finished 332526 instructions 
Clk3 @ 139000000 Finished 334928 instructions 
Sampling stash size at 334999 req has local max stash size of: 206
Clk7 @ 140000000 Finished 337336 instructions 
Clk7 @ 141000000 Finished 339764 instructions 
Clk@ 141095437 Working on the # 340000 th memory instruction
Sampling stash size at 339999 req has local max stash size of: 208
Clk7 @ 142000000 Finished 342189 instructions 
Clk7 @ 143000000 Finished 344518 instructions 
Sampling stash size at 344999 req has local max stash size of: 209
Clk3 @ 144000000 Finished 346927 instructions 
Clk7 @ 145000000 Finished 349363 instructions 
Clk@ 145259074 Working on the # 350000 th memory instruction
Sampling stash size at 349999 req has local max stash size of: 203
Clk7 @ 146000000 Finished 351788 instructions 
Clk3 @ 147000000 Finished 354246 instructions 
Sampling stash size at 354999 req has local max stash size of: 210
Clk3 @ 148000000 Finished 356682 instructions 
Clk7 @ 149000000 Finished 359047 instructions 
Clk@ 149387201 Working on the # 360000 th memory instruction
Sampling stash size at 359999 req has local max stash size of: 215
Clk3 @ 150000000 Finished 361507 instructions 
Clk7 @ 151000000 Finished 363938 instructions 
Sampling stash size at 364999 req has local max stash size of: 204
Clk7 @ 152000000 Finished 366207 instructions 
Clk3 @ 153000000 Finished 368627 instructions 
Clk@ 153572284 Working on the # 370000 th memory instruction
Sampling stash size at 369999 req has local max stash size of: 209
Clk3 @ 154000000 Finished 371021 instructions 
Clk7 @ 155000000 Finished 373300 instructions 
Sampling stash size at 374999 req has local max stash size of: 212
Clk3 @ 156000000 Finished 375644 instructions 
Clk7 @ 157000000 Finished 378079 instructions 
Clk@ 157780444 Working on the # 380000 th memory instruction
Sampling stash size at 379999 req has local max stash size of: 208
Clk3 @ 158000000 Finished 380527 instructions 
Clk3 @ 159000000 Finished 382947 instructions 
Sampling stash size at 384999 req has local max stash size of: 200
Clk3 @ 160000000 Finished 385406 instructions 
Clk3 @ 161000000 Finished 387845 instructions 
Clk@ 161902500 Working on the # 390000 th memory instruction
Sampling stash size at 389999 req has local max stash size of: 202
Clk7 @ 162000000 Finished 390241 instructions 
Clk3 @ 163000000 Finished 392691 instructions 
Sampling stash size at 394999 req has local max stash size of: 211
Clk3 @ 164000000 Finished 395142 instructions 
Clk7 @ 165000000 Finished 397494 instructions 
Clk3 @ 166000000 Finished 399947 instructions 
Clk@ 166020062 Working on the # 400000 th memory instruction
Sampling stash size at 399999 req has local max stash size of: 207
Clk7 @ 167000000 Finished 402355 instructions 
Clk3 @ 168000000 Finished 404752 instructions 
Sampling stash size at 404999 req has local max stash size of: 206
Clk7 @ 169000000 Finished 407160 instructions 
Clk3 @ 170000000 Finished 409591 instructions 
Clk@ 170164465 Working on the # 410000 th memory instruction
Sampling stash size at 409999 req has local max stash size of: 208
Clk3 @ 171000000 Finished 412026 instructions 
Clk3 @ 172000000 Finished 414419 instructions 
Sampling stash size at 414999 req has local max stash size of: 205
Clk7 @ 173000000 Finished 416866 instructions 
Clk3 @ 174000000 Finished 419267 instructions 
Clk@ 174296692 Working on the # 420000 th memory instruction
Sampling stash size at 419999 req has local max stash size of: 212
Clk3 @ 175000000 Finished 421707 instructions 
Clk3 @ 176000000 Finished 424122 instructions 
Sampling stash size at 424999 req has local max stash size of: 211
Clk7 @ 177000000 Finished 426542 instructions 
Clk3 @ 178000000 Finished 428923 instructions 
Clk@ 178441620 Working on the # 430000 th memory instruction
Sampling stash size at 429999 req has local max stash size of: 213
Clk3 @ 179000000 Finished 431344 instructions 
Clk7 @ 180000000 Finished 433738 instructions 
Sampling stash size at 434999 req has local max stash size of: 210
Clk3 @ 181000000 Finished 436036 instructions 
Clk7 @ 182000000 Finished 438448 instructions 
Clk@ 182633677 Working on the # 440000 th memory instruction
Sampling stash size at 439999 req has local max stash size of: 211
Clk7 @ 183000000 Finished 440895 instructions 
Clk3 @ 184000000 Finished 443305 instructions 
Sampling stash size at 444999 req has local max stash size of: 210
Clk7 @ 185000000 Finished 445754 instructions 
Clk3 @ 186000000 Finished 448190 instructions 
Clk@ 186748873 Working on the # 450000 th memory instruction
Sampling stash size at 449999 req has local max stash size of: 213
Clk3 @ 187000000 Finished 450607 instructions 
Clk7 @ 188000000 Finished 453052 instructions 
Sampling stash size at 454999 req has local max stash size of: 212
Clk3 @ 189000000 Finished 455463 instructions 
Clk3 @ 190000000 Finished 457864 instructions 
Clk@ 190868325 Working on the # 460000 th memory instruction
Sampling stash size at 459999 req has local max stash size of: 210
Clk3 @ 191000000 Finished 460322 instructions 
Clk3 @ 192000000 Finished 462767 instructions 
Sampling stash size at 464999 req has local max stash size of: 213
Clk3 @ 193000000 Finished 465147 instructions 
Clk3 @ 194000000 Finished 467563 instructions 
Clk7 @ 195000000 Finished 469999 instructions 
Clk@ 195000598 Working on the # 470000 th memory instruction
Sampling stash size at 469999 req has local max stash size of: 205
Clk7 @ 196000000 Finished 472408 instructions 
Clk7 @ 197000000 Finished 474835 instructions 
Sampling stash size at 474999 req has local max stash size of: 211
Clk7 @ 198000000 Finished 477271 instructions 
Clk7 @ 199000000 Finished 479730 instructions 
Clk@ 199114514 Working on the # 480000 th memory instruction
Sampling stash size at 479999 req has local max stash size of: 210
Clk7 @ 200000000 Finished 482094 instructions 
Clk7 @ 201000000 Finished 484497 instructions 
Sampling stash size at 484999 req has local max stash size of: 214
Clk3 @ 202000000 Finished 486887 instructions 
Clk3 @ 203000000 Finished 489027 instructions 
Clk@ 203418667 Working on the # 490000 th memory instruction
Sampling stash size at 489999 req has local max stash size of: 207
Clk3 @ 204000000 Finished 491351 instructions 
Clk7 @ 205000000 Finished 493588 instructions 
Sampling stash size at 494999 req has local max stash size of: 203
Clk7 @ 206000000 Finished 495714 instructions 
Clk7 @ 207000000 Finished 497988 instructions 
Clk@ 207883353 Working on the # 500000 th memory instruction
Warm up done after line access count: 500000 out of 1000000 (50 %)
Sampling stash size at 499999 req has local max stash size of: 211
Clk7 @ 208000000 Finished 500262 instructions 
Clk3 @ 209000000 Finished 502587 instructions 
Clk3 @ 210000000 Finished 504962 instructions 
Sampling stash size at 504999 req has local max stash size of: 216
Clk3 @ 211000000 Finished 507342 instructions 
Clk3 @ 212000000 Finished 509721 instructions 
Clk@ 212117754 Working on the # 510000 th memory instruction
Sampling stash size at 509999 req has local max stash size of: 203
Clk3 @ 213000000 Finished 512027 instructions 
Clk3 @ 214000000 Finished 514425 instructions 
Sampling stash size at 514999 req has local max stash size of: 209
Clk3 @ 215000000 Finished 516807 instructions 
Clk7 @ 216000000 Finished 519139 instructions 
Clk@ 216350015 Working on the # 520000 th memory instruction
Sampling stash size at 519999 req has local max stash size of: 216
Clk3 @ 217000000 Finished 521582 instructions 
Clk3 @ 218000000 Finished 523987 instructions 
Sampling stash size at 524999 req has local max stash size of: 213
Clk3 @ 219000000 Finished 526327 instructions 
Clk3 @ 220000000 Finished 528707 instructions 
Clk@ 220531016 Working on the # 530000 th memory instruction
Sampling stash size at 529999 req has local max stash size of: 210
Clk7 @ 221000000 Finished 531139 instructions 
Clk3 @ 222000000 Finished 533544 instructions 
Sampling stash size at 534999 req has local max stash size of: 206
Clk3 @ 223000000 Finished 535967 instructions 
Clk3 @ 224000000 Finished 538425 instructions 
Clk@ 224644944 Working on the # 540000 th memory instruction
Sampling stash size at 539999 req has local max stash size of: 208
Clk3 @ 225000000 Finished 540862 instructions 
Clk7 @ 226000000 Finished 543267 instructions 
Sampling stash size at 544999 req has local max stash size of: 206
Clk3 @ 227000000 Finished 545686 instructions 
Clk7 @ 228000000 Finished 548106 instructions 
Clk@ 228838714 Working on the # 550000 th memory instruction
Sampling stash size at 549999 req has local max stash size of: 211
Clk3 @ 229000000 Finished 550387 instructions 
Clk7 @ 230000000 Finished 552814 instructions 
Sampling stash size at 554999 req has local max stash size of: 209
Clk7 @ 231000000 Finished 555224 instructions 
Clk3 @ 232000000 Finished 557561 instructions 
Clk7 @ 233000000 Finished 559974 instructions 
Clk@ 233009612 Working on the # 560000 th memory instruction
Sampling stash size at 559999 req has local max stash size of: 212
Clk3 @ 234000000 Finished 562387 instructions 
Clk3 @ 235000000 Finished 564803 instructions 
Sampling stash size at 564999 req has local max stash size of: 212
Clk7 @ 236000000 Finished 567228 instructions 
Clk7 @ 237000000 Finished 569624 instructions 
Clk@ 237153732 Working on the # 570000 th memory instruction
Sampling stash size at 569999 req has local max stash size of: 212
Clk7 @ 238000000 Finished 572042 instructions 
Clk3 @ 239000000 Finished 574484 instructions 
Sampling stash size at 574999 req has local max stash size of: 211
Clk3 @ 240000000 Finished 576883 instructions 
Clk3 @ 241000000 Finished 579284 instructions 
Clk@ 241297139 Working on the # 580000 th memory instruction
Sampling stash size at 579999 req has local max stash size of: 208
Clk7 @ 242000000 Finished 581716 instructions 
Clk7 @ 243000000 Finished 584165 instructions 
Sampling stash size at 584999 req has local max stash size of: 205
Clk3 @ 244000000 Finished 586567 instructions 
Clk7 @ 245000000 Finished 588930 instructions 
Clk@ 245435050 Working on the # 590000 th memory instruction
Sampling stash size at 589999 req has local max stash size of: 211
Clk3 @ 246000000 Finished 591367 instructions 
Clk7 @ 247000000 Finished 593784 instructions 
Sampling stash size at 594999 req has local max stash size of: 214
Clk3 @ 248000000 Finished 596203 instructions 
Clk3 @ 249000000 Finished 598627 instructions 
Clk@ 249555133 Working on the # 600000 th memory instruction
Sampling stash size at 599999 req has local max stash size of: 222
Clk3 @ 250000000 Finished 601080 instructions 
Clk7 @ 251000000 Finished 603485 instructions 
Sampling stash size at 604999 req has local max stash size of: 216
Clk7 @ 252000000 Finished 605918 instructions 
Clk3 @ 253000000 Finished 608347 instructions 
Clk@ 253731679 Working on the # 610000 th memory instruction
Sampling stash size at 609999 req has local max stash size of: 216
Clk3 @ 254000000 Finished 610584 instructions 
Clk3 @ 255000000 Finished 612953 instructions 
Sampling stash size at 614999 req has local max stash size of: 208
Clk7 @ 256000000 Finished 615363 instructions 
Clk3 @ 257000000 Finished 617682 instructions 
Clk@ 257987188 Working on the # 620000 th memory instruction
Sampling stash size at 619999 req has local max stash size of: 207
Clk3 @ 258000000 Finished 620027 instructions 
Clk3 @ 259000000 Finished 622455 instructions 
Clk3 @ 260000000 Finished 624867 instructions 
Sampling stash size at 624999 req has local max stash size of: 209
Clk3 @ 261000000 Finished 627315 instructions 
Clk7 @ 262000000 Finished 629750 instructions 
Clk@ 262104229 Working on the # 630000 th memory instruction
Sampling stash size at 629999 req has local max stash size of: 214
Clk3 @ 263000000 Finished 632181 instructions 
Clk7 @ 264000000 Finished 634564 instructions 
Sampling stash size at 634999 req has local max stash size of: 215
Clk3 @ 265000000 Finished 636970 instructions 
Clk7 @ 266000000 Finished 639398 instructions 
Clk@ 266244864 Working on the # 640000 th memory instruction
Sampling stash size at 639999 req has local max stash size of: 217
Clk3 @ 267000000 Finished 641764 instructions 
Clk7 @ 268000000 Finished 644186 instructions 
Sampling stash size at 644999 req has local max stash size of: 205
Clk7 @ 269000000 Finished 646612 instructions 
Clk3 @ 270000000 Finished 649014 instructions 
Clk@ 270403752 Working on the # 650000 th memory instruction
Sampling stash size at 649999 req has local max stash size of: 214
Clk7 @ 271000000 Finished 651401 instructions 
Sampling stash size at 654999 req has local max stash size of: 214
Clk3 @ 273000000 Finished 656167 instructions 
Clk7 @ 274000000 Finished 658603 instructions 
Clk@ 274581092 Working on the # 660000 th memory instruction
Sampling stash size at 659999 req has local max stash size of: 215
Clk7 @ 275000000 Finished 661006 instructions 
Clk3 @ 276000000 Finished 663367 instructions 
Sampling stash size at 664999 req has local max stash size of: 220
Clk7 @ 277000000 Finished 665704 instructions 
Clk3 @ 278000000 Finished 668126 instructions 
Clk@ 278772380 Working on the # 670000 th memory instruction
Sampling stash size at 669999 req has local max stash size of: 205
Clk3 @ 279000000 Finished 670527 instructions 
Clk7 @ 280000000 Finished 672887 instructions 
Sampling stash size at 674999 req has local max stash size of: 211
Clk7 @ 281000000 Finished 675318 instructions 
Clk3 @ 282000000 Finished 677764 instructions 
Clk@ 282928974 Working on the # 680000 th memory instruction
Sampling stash size at 679999 req has local max stash size of: 212
Clk7 @ 283000000 Finished 680170 instructions 
Clk3 @ 284000000 Finished 682572 instructions 
Clk3 @ 285000000 Finished 684966 instructions 
Sampling stash size at 684999 req has local max stash size of: 205
Clk3 @ 286000000 Finished 687242 instructions 
Clk3 @ 287000000 Finished 689666 instructions 
Clk@ 287139258 Working on the # 690000 th memory instruction
Sampling stash size at 689999 req has local max stash size of: 209
Clk3 @ 288000000 Finished 692109 instructions 
Clk7 @ 289000000 Finished 694528 instructions 
Sampling stash size at 694999 req has local max stash size of: 204
Clk7 @ 290000000 Finished 696964 instructions 
Clk7 @ 291000000 Finished 699382 instructions 
Clk@ 291254176 Working on the # 700000 th memory instruction
Sampling stash size at 699999 req has local max stash size of: 205
Clk7 @ 292000000 Finished 701768 instructions 
Clk7 @ 293000000 Finished 704187 instructions 
Sampling stash size at 704999 req has local max stash size of: 210
Clk7 @ 294000000 Finished 706603 instructions 
Clk3 @ 295000000 Finished 709027 instructions 
Clk@ 295399680 Working on the # 710000 th memory instruction
Sampling stash size at 709999 req has local max stash size of: 209
Clk3 @ 296000000 Finished 711467 instructions 
Clk7 @ 297000000 Finished 713904 instructions 
Sampling stash size at 714999 req has local max stash size of: 214
Clk3 @ 298000000 Finished 716325 instructions 
Clk7 @ 299000000 Finished 718649 instructions 
Clk@ 299547056 Working on the # 720000 th memory instruction
Sampling stash size at 719999 req has local max stash size of: 211
Clk7 @ 300000000 Finished 721102 instructions 
Clk3 @ 301000000 Finished 723541 instructions 
Sampling stash size at 724999 req has local max stash size of: 206
Clk7 @ 302000000 Finished 725946 instructions 
Clk3 @ 303000000 Finished 728365 instructions 
Clk@ 303692416 Working on the # 730000 th memory instruction
Sampling stash size at 729999 req has local max stash size of: 214
Clk3 @ 304000000 Finished 730717 instructions 
Clk3 @ 305000000 Finished 732927 instructions 
Sampling stash size at 734999 req has local max stash size of: 211
Clk3 @ 306000000 Finished 735364 instructions 
Clk3 @ 307000000 Finished 737767 instructions 
Clk@ 307931221 Working on the # 740000 th memory instruction
Sampling stash size at 739999 req has local max stash size of: 208
Clk7 @ 308000000 Finished 740164 instructions 
Clk3 @ 309000000 Finished 742513 instructions 
Clk7 @ 310000000 Finished 744824 instructions 
Sampling stash size at 744999 req has local max stash size of: 220
Clk7 @ 311000000 Finished 746989 instructions 
Clk3 @ 312000000 Finished 749296 instructions 
Clk@ 312285793 Working on the # 750000 th memory instruction
Sampling stash size at 749999 req has local max stash size of: 211
Clk3 @ 313000000 Finished 751722 instructions 
Clk3 @ 314000000 Finished 754140 instructions 
Sampling stash size at 754999 req has local max stash size of: 207
Clk7 @ 315000000 Finished 756523 instructions 
Clk3 @ 316000000 Finished 758966 instructions 
Clk@ 316421329 Working on the # 760000 th memory instruction
Sampling stash size at 759999 req has local max stash size of: 218
Clk3 @ 317000000 Finished 761391 instructions 
Clk3 @ 318000000 Finished 763767 instructions 
Sampling stash size at 764999 req has local max stash size of: 229
Clk3 @ 319000000 Finished 766201 instructions 
Clk3 @ 320000000 Finished 768627 instructions 
Clk@ 320568730 Working on the # 770000 th memory instruction
Sampling stash size at 769999 req has local max stash size of: 208
Clk3 @ 321000000 Finished 771070 instructions 
Clk3 @ 322000000 Finished 773487 instructions 
Sampling stash size at 774999 req has local max stash size of: 214
Clk3 @ 323000000 Finished 775924 instructions 
Clk3 @ 324000000 Finished 778304 instructions 
Clk@ 324703957 Working on the # 780000 th memory instruction
Sampling stash size at 779999 req has local max stash size of: 215
Clk7 @ 325000000 Finished 780723 instructions 
Clk3 @ 326000000 Finished 783148 instructions 
Sampling stash size at 784999 req has local max stash size of: 219
Clk3 @ 327000000 Finished 785587 instructions 
Clk3 @ 328000000 Finished 788022 instructions 
Clk@ 328812733 Working on the # 790000 th memory instruction
Sampling stash size at 789999 req has local max stash size of: 207
Clk3 @ 329000000 Finished 790461 instructions 
Clk7 @ 329000000 Finished 790461 instructions 
Clk3 @ 330000000 Finished 792789 instructions 
Sampling stash size at 794999 req has local max stash size of: 207
Clk3 @ 331000000 Finished 795156 instructions 
Clk7 @ 332000000 Finished 797592 instructions 
Clk@ 332988397 Working on the # 800000 th memory instruction
Sampling stash size at 799999 req has local max stash size of: 216
Clk3 @ 333000000 Finished 800024 instructions 
Clk3 @ 334000000 Finished 802423 instructions 
Clk3 @ 335000000 Finished 804858 instructions 
Sampling stash size at 804999 req has local max stash size of: 214
Clk3 @ 336000000 Finished 807290 instructions 
Clk3 @ 337000000 Finished 809647 instructions 
Clk@ 337150552 Working on the # 810000 th memory instruction
Sampling stash size at 809999 req has local max stash size of: 215
Clk3 @ 338000000 Finished 812067 instructions 
Clk7 @ 339000000 Finished 814472 instructions 
Sampling stash size at 814999 req has local max stash size of: 210
Clk7 @ 340000000 Finished 816887 instructions 
Clk7 @ 341000000 Finished 819297 instructions 
Clk@ 341285276 Working on the # 820000 th memory instruction
Sampling stash size at 819999 req has local max stash size of: 217
Clk7 @ 342000000 Finished 821735 instructions 
Clk3 @ 343000000 Finished 824127 instructions 
Sampling stash size at 824999 req has local max stash size of: 214
Clk7 @ 344000000 Finished 826557 instructions 
Clk@ 345451423 Working on the # 830000 th memory instruction
Sampling stash size at 829999 req has local max stash size of: 213
Clk7 @ 346000000 Finished 831319 instructions 
Clk3 @ 347000000 Finished 833744 instructions 
Sampling stash size at 834999 req has local max stash size of: 217
Clk7 @ 348000000 Finished 836159 instructions 
Clk3 @ 349000000 Finished 838502 instructions 
Clk@ 349613822 Working on the # 840000 th memory instruction
Sampling stash size at 839999 req has local max stash size of: 213
Clk3 @ 350000000 Finished 840940 instructions 
Clk3 @ 351000000 Finished 843327 instructions 
Sampling stash size at 844999 req has local max stash size of: 211
Clk7 @ 352000000 Finished 845748 instructions 
Clk7 @ 353000000 Finished 848151 instructions 
Clk@ 353761286 Working on the # 850000 th memory instruction
Sampling stash size at 849999 req has local max stash size of: 211
Clk3 @ 354000000 Finished 850574 instructions 
Clk3 @ 355000000 Finished 852967 instructions 
Sampling stash size at 854999 req has local max stash size of: 213
Clk7 @ 356000000 Finished 855263 instructions 
Clk3 @ 357000000 Finished 857687 instructions 
Clk@ 357960673 Working on the # 860000 th memory instruction
Sampling stash size at 859999 req has local max stash size of: 213
Clk7 @ 358000000 Finished 860091 instructions 
Clk7 @ 359000000 Finished 862514 instructions 
Clk3 @ 360000000 Finished 864927 instructions 
Sampling stash size at 864999 req has local max stash size of: 217
Clk3 @ 361000000 Finished 867307 instructions 
Clk7 @ 362000000 Finished 869533 instructions 
Clk@ 362201238 Working on the # 870000 th memory instruction
Sampling stash size at 869999 req has local max stash size of: 222
Clk3 @ 363000000 Finished 871906 instructions 
Clk3 @ 364000000 Finished 874321 instructions 
Sampling stash size at 874999 req has local max stash size of: 206
Clk3 @ 365000000 Finished 876721 instructions 
Clk7 @ 366000000 Finished 879157 instructions 
Clk@ 366340327 Working on the # 880000 th memory instruction
Sampling stash size at 879999 req has local max stash size of: 220
Clk3 @ 367000000 Finished 881604 instructions 
Clk7 @ 368000000 Finished 884003 instructions 
Sampling stash size at 884999 req has local max stash size of: 213
Clk3 @ 369000000 Finished 886407 instructions 
Clk7 @ 370000000 Finished 888831 instructions 
Clk@ 370481961 Working on the # 890000 th memory instruction
Sampling stash size at 889999 req has local max stash size of: 214
Clk3 @ 371000000 Finished 891266 instructions 
Clk3 @ 372000000 Finished 893683 instructions 
Sampling stash size at 894999 req has local max stash size of: 216
Clk3 @ 373000000 Finished 896102 instructions 
Clk7 @ 374000000 Finished 898536 instructions 
Clk@ 374614569 Working on the # 900000 th memory instruction
Sampling stash size at 899999 req has local max stash size of: 218
Clk3 @ 375000000 Finished 900939 instructions 
Clk7 @ 376000000 Finished 903331 instructions 
Sampling stash size at 904999 req has local max stash size of: 214
Clk3 @ 377000000 Finished 905767 instructions 
Clk3 @ 378000000 Finished 908182 instructions 
Clk@ 378757183 Working on the # 910000 th memory instruction
Sampling stash size at 909999 req has local max stash size of: 212
Clk7 @ 379000000 Finished 910588 instructions 
Clk7 @ 380000000 Finished 913019 instructions 
Sampling stash size at 914999 req has local max stash size of: 218
Clk3 @ 381000000 Finished 915347 instructions 
Clk3 @ 382000000 Finished 917797 instructions 
Clk@ 382912611 Working on the # 920000 th memory instruction
Sampling stash size at 919999 req has local max stash size of: 220
Clk3 @ 383000000 Finished 920207 instructions 
Clk3 @ 384000000 Finished 922605 instructions 
Sampling stash size at 924999 req has local max stash size of: 215
Clk3 @ 385000000 Finished 925047 instructions 
Clk3 @ 386000000 Finished 927476 instructions 
Clk7 @ 387000000 Finished 929822 instructions 
Clk@ 387081081 Working on the # 930000 th memory instruction
Sampling stash size at 929999 req has local max stash size of: 212
Clk3 @ 388000000 Finished 932162 instructions 
Clk7 @ 389000000 Finished 934578 instructions 
Sampling stash size at 934999 req has local max stash size of: 212
Clk3 @ 390000000 Finished 937024 instructions 
Clk3 @ 391000000 Finished 939423 instructions 
Clk@ 391232574 Working on the # 940000 th memory instruction
Sampling stash size at 939999 req has local max stash size of: 209
Clk3 @ 392000000 Finished 941862 instructions 
Clk3 @ 393000000 Finished 944287 instructions 
Sampling stash size at 944999 req has local max stash size of: 215
Clk7 @ 394000000 Finished 946638 instructions 
Clk7 @ 395000000 Finished 949032 instructions 
Clk@ 395401163 Working on the # 950000 th memory instruction
Sampling stash size at 949999 req has local max stash size of: 210
Clk3 @ 396000000 Finished 951425 instructions 
Clk7 @ 397000000 Finished 953830 instructions 
Sampling stash size at 954999 req has local max stash size of: 219
Clk7 @ 398000000 Finished 956259 instructions 
Clk7 @ 399000000 Finished 958682 instructions 
Clk@ 399543367 Working on the # 960000 th memory instruction
Sampling stash size at 959999 req has local max stash size of: 224
Clk7 @ 400000000 Finished 961030 instructions 
Clk3 @ 401000000 Finished 963427 instructions 
Sampling stash size at 964999 req has local max stash size of: 211
Clk7 @ 402000000 Finished 965783 instructions 
Clk3 @ 403000000 Finished 968166 instructions 
Clk@ 403768488 Working on the # 970000 th memory instruction
Sampling stash size at 969999 req has local max stash size of: 220
Clk3 @ 404000000 Finished 970552 instructions 
Clk7 @ 405000000 Finished 972951 instructions 
Sampling stash size at 974999 req has local max stash size of: 213
Clk3 @ 406000000 Finished 975205 instructions 
Clk7 @ 407000000 Finished 977267 instructions 
Clk3 @ 408000000 Finished 979525 instructions 
Clk@ 408201700 Working on the # 980000 th memory instruction
Sampling stash size at 979999 req has local max stash size of: 218
Clk3 @ 409000000 Finished 981847 instructions 
Clk3 @ 410000000 Finished 984124 instructions 
Clk7 @ 410000000 Finished 984124 instructions 
Sampling stash size at 984999 req has local max stash size of: 214
Clk3 @ 411000000 Finished 986425 instructions 
Clk7 @ 412000000 Finished 988714 instructions 
Clk@ 412582216 Working on the # 990000 th memory instruction
Sampling stash size at 989999 req has local max stash size of: 216
Clk7 @ 413000000 Finished 990861 instructions 
Clk7 @ 414000000 Finished 993147 instructions 
Sampling stash size at 994999 req has local max stash size of: 209
Clk3 @ 415000000 Finished 995519 instructions 
Clk7 @ 416000000 Finished 997879 instructions 
Clk@ 416915680 Working on the # 1000000 th memory instruction
Sampling stash size at 999999 req has local max stash size of: 213

===*** Data ***====
Stall reason distribution: 
mc_hazard: 0
normal: 0
rs_hazard: 0
rw_swtich: 0
Early reshuffle distribution: 
0: 0
1: 0
2: 0
3: 0
4: 0
5: 0
6: 2060
7: 3878
8: 3871
9: 3849
10: 3834
11: 3818
12: 3631
13: 3393
14: 2876
15: 1825
16: 101
17: 0
18: 0
19: 0
20: 0
21: 0
22: 0
23: 0
24: 0
=================
Max stash size is: 229
Average stash size is: 111.289
Average mem q size is: 59.333
Total mem q size is:14999677
mem_q_sample_times is:252805
useful_read_pull_ddr: 500007 (1.30951) %
dummy_read_pull_ddr: 8750650 (22.9179) %
useful_early_pull_ddr: 275382 (0.721223) %
useful_early_push_ddr: 154613 (0.40493) %
useful_write_pull_ddr: 7238843 (18.9585) %
useful_write_push_ddr: 2978656 (7.80107) %
dummy_early_pull_ddr: 37945 (0.0993776) %
dummy_early_push_ddr: 637920 (1.67071) %
dummy_write_pull_ddr: 161461 (0.422865) %
dummy_write_push_ddr: 17447161 (45.694) %
=================
Stash violation number of times: 0
=================
Check NodeID traffic: 6541742
Update NodeID traffic: 35
=================
Read RS lines: 1000000 (85.7433) %
Write RS lines: 100000 (8.57433) %
Early RS lines: 66272 (5.68238) %
Read DDR lines: 18502895 (24.6488) %
Write DDR lines: 54575000 (72.7026) %
Early DDR lines: 1988160 (2.64855) %

====*** pos1 ***====
Stall reason distribution: 
mc_hazard: 0
normal: 0
rs_hazard: 0
rw_swtich: 0
Early reshuffle distribution: 
0: 0
1: 0
2: 0
3: 1661
4: 3543
5: 3715
6: 3745
7: 3836
8: 3857
9: 3929
10: 3903
11: 3838
12: 3640
13: 3401
14: 2841
15: 1784
16: 113
17: 0
18: 0
19: 0
20: 0
21: 0
=================
Max stash size is: 123
Average stash size is: 50.8077
Average mem q size is: 79.3406
Total mem q size is:7093998
mem_q_sample_times is:89412
useful_read_pull_ddr: 500078 (0.651327) %
dummy_read_pull_ddr: 17999847 (23.4439) %
useful_early_pull_ddr: 670915 (0.873834) %
useful_early_push_ddr: 173704 (0.226241) %
useful_write_pull_ddr: 14549850 (18.9505) %
useful_write_push_ddr: 3624885 (4.72124) %
dummy_early_pull_ddr: 73787 (0.096104) %
dummy_early_push_ddr: 1709954 (2.22713) %
dummy_write_pull_ddr: 250150 (0.325808) %
dummy_write_push_ddr: 37225115 (48.4839) %
=================
Stash violation number of times: 0
=================
Check NodeID traffic: 9508590
Update NodeID traffic: 5
=================
Read RS lines: 1000000 (84.2026) %
Write RS lines: 100000 (8.42026) %
Early RS lines: 87612 (7.37716) %
Read DDR lines: 18499925 (24.4374) %
Write DDR lines: 54575000 (72.0907) %
Early DDR lines: 2628360 (3.47192) %

====*** pos2 ***====
Stall reason distribution: 
mc_hazard: 0
normal: 0
rs_hazard: 0
rw_swtich: 0
Early reshuffle distribution: 
0: 0
1: 0
2: 1228
3: 3215
4: 3528
5: 3737
6: 3864
7: 3836
8: 3827
9: 3813
10: 3760
11: 3758
12: 3631
13: 3375
14: 2841
15: 1794
16: 93
17: 0
18: 0
=================
Max stash size is: 103
Average stash size is: 41.7572
Average mem q size is: 76.9662
Total mem q size is:5749604
mem_q_sample_times is:74703
useful_read_pull_ddr: 498204 (0.75595) %
dummy_read_pull_ddr: 15501796 (23.5217) %
useful_early_pull_ddr: 673986 (1.02267) %
useful_early_push_ddr: 125969 (0.191139) %
useful_write_pull_ddr: 12395295 (18.808) %
useful_write_push_ddr: 2909053 (4.41406) %
dummy_early_pull_ddr: 92238 (0.139957) %
dummy_early_push_ddr: 1812127 (2.74963) %
dummy_write_pull_ddr: 404705 (0.61408) %
dummy_write_push_ddr: 31490947 (47.7828) %
=================
Stash violation number of times: 0
=================
Check NodeID traffic: 5750169
Update NodeID traffic: 0
=================
Read RS lines: 1000000 (83.8504) %
Write RS lines: 100000 (8.38504) %
Early RS lines: 92600 (7.76455) %
Read DDR lines: 16000000 (24.2776) %
Write DDR lines: 47200000 (71.619) %
Early DDR lines: 2704320 (4.1034) %
=================
The final DRAM clk is: 416920987 ticks.
Idle waiting clk is 160484447, which is 38.4928 %
DRAM Frequency is: 1600MHz
The final time in ns is: 2.60576e+08 ns.
Time distribution: 
Data pull time is: 0
data: 0
pos1: 0
pos2: 0
Data distribution: 
Pos2 data: 65904320
Pos1 data: 75703285
Data: 75066055
Node access DDR: 13083484
Pull DDR: 18502895
WB DDR: 54575000
Early DDR: 1988160
Achieved BW is: 60.1782 GB/s
Ideal BW is: 102.4 GB/s
Metadata cache conclusion: 
overall_hit: 14450332 overall_total: 27533136
Cache Size 64 KB Overall Hit rate: 52.4834 %. 
Simulation done. Statistics written to results_all/dblp_output.txt
