Valid leaf ID range: 8388607:16777214
Num of top nodes: 8388608
Data level num of ways: 8388608
Z: 16
S: 27
A: 20
cached_total: 1
cached_total: 3
cached_total: 7
cached_total: 15
cached_total: 31
cached_total: 63
Total number of ORAM protected cache line blocks: 8388608
Cached number of levels: 5
Max number of levels: 24
Start lvl is: 0
data valid leaf right: 16777215
data num of levels: 24
data level num of ways: 8388608
data number of sets: 1
Cached node ID: 0 -- 47
Address space: 0 - 4 GB
pos1 valid leaf right: 2097151
pos1 num of levels: 21
pos1 level num of ways: 1048576
pos1 number of sets: 1
Cached node ID: 0 -- 5
Address space: 0 - 0.5 GB
pos2 valid leaf right: 262143
pos2 num of levels: 18
pos2 level num of ways: 131072
pos2 number of sets: 1
Cached node ID: 0 -- 2
Address space: 0 - 0.0625 GB
new addr: 202
(myrs->posMap.find(new_addr) != myrs->posMap.end()): 1
(myrs->posMap[new_addr].pending): 0
myrs->posMap[new_addr] = 514
#2 ID 0 set true here
Clk7 @ 1000000 Finished 1687 instructions 
Clk3 @ 2000000 Finished 3487 instructions 
Sampling stash size at 4999 req has local max stash size of: 129
Clk3 @ 3000000 Finished 5301 instructions 
Clk3 @ 4000000 Finished 7185 instructions 
Clk7 @ 5000000 Finished 9037 instructions 
Clk@ 5506495 Working on the # 10000 th memory instruction
Sampling stash size at 9999 req has local max stash size of: 148
Clk3 @ 6000000 Finished 10928 instructions 
Clk3 @ 7000000 Finished 12847 instructions 
Clk3 @ 8000000 Finished 14767 instructions 
Sampling stash size at 14999 req has local max stash size of: 151
Clk3 @ 9000000 Finished 16627 instructions 
Clk3 @ 10000000 Finished 18562 instructions 
Clk@ 10760040 Working on the # 20000 th memory instruction
Sampling stash size at 19999 req has local max stash size of: 155
Clk3 @ 11000000 Finished 20458 instructions 
Clk7 @ 12000000 Finished 22381 instructions 
Clk3 @ 13000000 Finished 24301 instructions 
Sampling stash size at 24999 req has local max stash size of: 111
Clk3 @ 14000000 Finished 26247 instructions 
Clk3 @ 15000000 Finished 28185 instructions 
Clk@ 15932292 Working on the # 30000 th memory instruction
Sampling stash size at 29999 req has local max stash size of: 105
Clk3 @ 16000000 Finished 30124 instructions 
Clk3 @ 17000000 Finished 31951 instructions 
Clk3 @ 18000000 Finished 33922 instructions 
Sampling stash size at 34999 req has local max stash size of: 108
Clk3 @ 19000000 Finished 35881 instructions 
Clk7 @ 20000000 Finished 37832 instructions 
Clk7 @ 21000000 Finished 39758 instructions 
Clk@ 21121082 Working on the # 40000 th memory instruction
Sampling stash size at 39999 req has local max stash size of: 106
Clk7 @ 22000000 Finished 41674 instructions 
Clk7 @ 23000000 Finished 43622 instructions 
Sampling stash size at 44999 req has local max stash size of: 106
Clk3 @ 24000000 Finished 45582 instructions 
Clk3 @ 25000000 Finished 47507 instructions 
Clk3 @ 26000000 Finished 49507 instructions 
Clk@ 26253566 Working on the # 50000 th memory instruction
Sampling stash size at 49999 req has local max stash size of: 110
Clk3 @ 27000000 Finished 51467 instructions 
Clk3 @ 28000000 Finished 53401 instructions 
Sampling stash size at 54999 req has local max stash size of: 110
Clk3 @ 29000000 Finished 55347 instructions 
Clk7 @ 30000000 Finished 57316 instructions 
Clk3 @ 31000000 Finished 59282 instructions 
Clk@ 31369956 Working on the # 60000 th memory instruction
Sampling stash size at 59999 req has local max stash size of: 111
Clk7 @ 32000000 Finished 61150 instructions 
Clk3 @ 33000000 Finished 62987 instructions 
Clk3 @ 34000000 Finished 64947 instructions 
Sampling stash size at 64999 req has local max stash size of: 104
Clk3 @ 35000000 Finished 66922 instructions 
Clk3 @ 36000000 Finished 68889 instructions 
Clk@ 36569307 Working on the # 70000 th memory instruction
Sampling stash size at 69999 req has local max stash size of: 106
Clk7 @ 37000000 Finished 70837 instructions 
Clk3 @ 38000000 Finished 72791 instructions 
Clk7 @ 39000000 Finished 74748 instructions 
Sampling stash size at 74999 req has local max stash size of: 112
Clk7 @ 40000000 Finished 76687 instructions 
Clk7 @ 41000000 Finished 78639 instructions 
Clk@ 41687214 Working on the # 80000 th memory instruction
Sampling stash size at 79999 req has local max stash size of: 119
Clk3 @ 42000000 Finished 80602 instructions 
Clk3 @ 43000000 Finished 82521 instructions 
Clk3 @ 44000000 Finished 84425 instructions 
Sampling stash size at 84999 req has local max stash size of: 111
Clk3 @ 45000000 Finished 86361 instructions 
Clk7 @ 46000000 Finished 88304 instructions 
Clk@ 46870724 Working on the # 90000 th memory instruction
Sampling stash size at 89999 req has local max stash size of: 113
Clk7 @ 47000000 Finished 90248 instructions 
Clk3 @ 48000000 Finished 92167 instructions 
Clk3 @ 49000000 Finished 94062 instructions 
Sampling stash size at 94999 req has local max stash size of: 110
Clk3 @ 50000000 Finished 96027 instructions 
Clk3 @ 51000000 Finished 98007 instructions 
Clk3 @ 52000000 Finished 99963 instructions 
Clk@ 52018297 Working on the # 100000 th memory instruction
Sampling stash size at 99999 req has local max stash size of: 113
Clk3 @ 53000000 Finished 101902 instructions 
Clk7 @ 54000000 Finished 103827 instructions 
Sampling stash size at 104999 req has local max stash size of: 113
Clk7 @ 55000000 Finished 105769 instructions 
Clk3 @ 56000000 Finished 107720 instructions 
Clk3 @ 57000000 Finished 109647 instructions 
Clk@ 57174103 Working on the # 110000 th memory instruction
Sampling stash size at 109999 req has local max stash size of: 113
Clk7 @ 58000000 Finished 111613 instructions 
Clk7 @ 59000000 Finished 113574 instructions 
Sampling stash size at 114999 req has local max stash size of: 156
Clk3 @ 60000000 Finished 115527 instructions 
Clk7 @ 61000000 Finished 117488 instructions 
Clk7 @ 62000000 Finished 119451 instructions 
Clk@ 62275083 Working on the # 120000 th memory instruction
Sampling stash size at 119999 req has local max stash size of: 158
Clk3 @ 63000000 Finished 121398 instructions 
Clk7 @ 64000000 Finished 123204 instructions 
Sampling stash size at 124999 req has local max stash size of: 155
Clk3 @ 65000000 Finished 125043 instructions 
Clk7 @ 66000000 Finished 126952 instructions 
Clk3 @ 67000000 Finished 128901 instructions 
Clk@ 67568709 Working on the # 130000 th memory instruction
Sampling stash size at 129999 req has local max stash size of: 165
Clk3 @ 68000000 Finished 130846 instructions 
Clk3 @ 69000000 Finished 132802 instructions 
Clk3 @ 70000000 Finished 134767 instructions 
Sampling stash size at 134999 req has local max stash size of: 154
Clk3 @ 71000000 Finished 136742 instructions 
Clk3 @ 72000000 Finished 138684 instructions 
Clk@ 72676261 Working on the # 140000 th memory instruction
Sampling stash size at 139999 req has local max stash size of: 157
Clk7 @ 73000000 Finished 140642 instructions 
Clk7 @ 74000000 Finished 142604 instructions 
Clk3 @ 75000000 Finished 144547 instructions 
Sampling stash size at 144999 req has local max stash size of: 152
Clk7 @ 76000000 Finished 146506 instructions 
Clk7 @ 77000000 Finished 148456 instructions 
Clk@ 77788488 Working on the # 150000 th memory instruction
Sampling stash size at 149999 req has local max stash size of: 152
Clk3 @ 78000000 Finished 150423 instructions 
Clk3 @ 79000000 Finished 152367 instructions 
Clk7 @ 80000000 Finished 154263 instructions 
Sampling stash size at 154999 req has local max stash size of: 156
Clk3 @ 81000000 Finished 156179 instructions 
Clk3 @ 82000000 Finished 158127 instructions 
Clk@ 82951883 Working on the # 160000 th memory instruction
Sampling stash size at 159999 req has local max stash size of: 165
Clk7 @ 83000000 Finished 160082 instructions 
Clk7 @ 84000000 Finished 162041 instructions 
Clk3 @ 85000000 Finished 163964 instructions 
Sampling stash size at 164999 req has local max stash size of: 161
Clk7 @ 86000000 Finished 165847 instructions 
Clk7 @ 87000000 Finished 167708 instructions 
Clk3 @ 88000000 Finished 169644 instructions 
Clk@ 88181599 Working on the # 170000 th memory instruction
Sampling stash size at 169999 req has local max stash size of: 155
Clk3 @ 89000000 Finished 171543 instructions 
Clk7 @ 90000000 Finished 173465 instructions 
Sampling stash size at 174999 req has local max stash size of: 145
Clk3 @ 91000000 Finished 175387 instructions 
Clk7 @ 92000000 Finished 177333 instructions 
Clk7 @ 93000000 Finished 179263 instructions 
Clk@ 93380804 Working on the # 180000 th memory instruction
Sampling stash size at 179999 req has local max stash size of: 155
Clk3 @ 94000000 Finished 181187 instructions 
Clk3 @ 95000000 Finished 183047 instructions 
Clk3 @ 96000000 Finished 184967 instructions 
Sampling stash size at 184999 req has local max stash size of: 156
Clk3 @ 97000000 Finished 186812 instructions 
Clk3 @ 98000000 Finished 188766 instructions 
Clk@ 98615376 Working on the # 190000 th memory instruction
Sampling stash size at 189999 req has local max stash size of: 157
Clk3 @ 99000000 Finished 190727 instructions 
Clk7 @ 100000000 Finished 192719 instructions 
Clk3 @ 101000000 Finished 194667 instructions 
Sampling stash size at 194999 req has local max stash size of: 145
Clk3 @ 102000000 Finished 196621 instructions 
Clk3 @ 103000000 Finished 198525 instructions 
Clk@ 103737304 Working on the # 200000 th memory instruction
Sampling stash size at 199999 req has local max stash size of: 149
Clk7 @ 104000000 Finished 200508 instructions 
Clk7 @ 105000000 Finished 202454 instructions 
Clk3 @ 106000000 Finished 204390 instructions 
Sampling stash size at 204999 req has local max stash size of: 148
Clk3 @ 107000000 Finished 206327 instructions 
Clk3 @ 108000000 Finished 208264 instructions 
Clk@ 108905422 Working on the # 210000 th memory instruction
Sampling stash size at 209999 req has local max stash size of: 149
Clk3 @ 109000000 Finished 210187 instructions 
Clk7 @ 110000000 Finished 212108 instructions 
Clk7 @ 111000000 Finished 213990 instructions 
Sampling stash size at 214999 req has local max stash size of: 137
Clk3 @ 112000000 Finished 215964 instructions 
Clk3 @ 113000000 Finished 217842 instructions 
Clk3 @ 114000000 Finished 219806 instructions 
Clk7 @ 114000000 Finished 219806 instructions 
Clk@ 114096360 Working on the # 220000 th memory instruction
Sampling stash size at 219999 req has local max stash size of: 149
Clk3 @ 115000000 Finished 221763 instructions 
Clk7 @ 116000000 Finished 223746 instructions 
Sampling stash size at 224999 req has local max stash size of: 144
Clk3 @ 117000000 Finished 225680 instructions 
Clk7 @ 118000000 Finished 227607 instructions 
Clk3 @ 119000000 Finished 229552 instructions 
Clk@ 119232292 Working on the # 230000 th memory instruction
Sampling stash size at 229999 req has local max stash size of: 150
Clk3 @ 120000000 Finished 231523 instructions 
Clk3 @ 121000000 Finished 233447 instructions 
Sampling stash size at 234999 req has local max stash size of: 144
Clk3 @ 122000000 Finished 235407 instructions 
Clk3 @ 123000000 Finished 237345 instructions 
Clk3 @ 124000000 Finished 239287 instructions 
Clk@ 124360043 Working on the # 240000 th memory instruction
Sampling stash size at 239999 req has local max stash size of: 145
Clk7 @ 125000000 Finished 241211 instructions 
Clk3 @ 126000000 Finished 243130 instructions 
Clk7 @ 127000000 Finished 244893 instructions 
Sampling stash size at 244999 req has local max stash size of: 147
Clk3 @ 128000000 Finished 246742 instructions 
Clk7 @ 129000000 Finished 248526 instructions 
Clk@ 129797540 Working on the # 250000 th memory instruction
Sampling stash size at 249999 req has local max stash size of: 151
Clk3 @ 130000000 Finished 250380 instructions 
Clk7 @ 131000000 Finished 252268 instructions 
Clk7 @ 132000000 Finished 254191 instructions 
Sampling stash size at 254999 req has local max stash size of: 149
Clk3 @ 133000000 Finished 256085 instructions 
Clk3 @ 134000000 Finished 258027 instructions 
Clk3 @ 135000000 Finished 259924 instructions 
Clk@ 135038534 Working on the # 260000 th memory instruction
Sampling stash size at 259999 req has local max stash size of: 140
Clk7 @ 136000000 Finished 261889 instructions 
Clk7 @ 137000000 Finished 263802 instructions 
Sampling stash size at 264999 req has local max stash size of: 144
Clk3 @ 138000000 Finished 265742 instructions 
Clk3 @ 139000000 Finished 267667 instructions 
Clk3 @ 140000000 Finished 269627 instructions 
Clk@ 140186779 Working on the # 270000 th memory instruction
Sampling stash size at 269999 req has local max stash size of: 165
Clk3 @ 141000000 Finished 271607 instructions 
Clk3 @ 142000000 Finished 273567 instructions 
Sampling stash size at 274999 req has local max stash size of: 161
Clk7 @ 143000000 Finished 275440 instructions 
Clk3 @ 144000000 Finished 277401 instructions 
Clk3 @ 145000000 Finished 279322 instructions 
Clk@ 145341692 Working on the # 280000 th memory instruction
Sampling stash size at 279999 req has local max stash size of: 148
Clk3 @ 146000000 Finished 281278 instructions 
Clk7 @ 146000000 Finished 281278 instructions 
Clk3 @ 147000000 Finished 283227 instructions 
Sampling stash size at 284999 req has local max stash size of: 143
Clk3 @ 148000000 Finished 285181 instructions 
Clk7 @ 149000000 Finished 287128 instructions 
Clk7 @ 150000000 Finished 289071 instructions 
Clk@ 150487960 Working on the # 290000 th memory instruction
Sampling stash size at 289999 req has local max stash size of: 142
Clk3 @ 151000000 Finished 290997 instructions 
Clk3 @ 152000000 Finished 292953 instructions 
Clk3 @ 153000000 Finished 294884 instructions 
Sampling stash size at 294999 req has local max stash size of: 133
Clk7 @ 154000000 Finished 296857 instructions 
Clk3 @ 155000000 Finished 298796 instructions 
Clk@ 155610124 Working on the # 300000 th memory instruction
Sampling stash size at 299999 req has local max stash size of: 140
Clk3 @ 156000000 Finished 300762 instructions 
Clk3 @ 157000000 Finished 302722 instructions 
Clk3 @ 158000000 Finished 304644 instructions 
Sampling stash size at 304999 req has local max stash size of: 136
Clk3 @ 159000000 Finished 306462 instructions 
Clk3 @ 160000000 Finished 308402 instructions 
Clk@ 160864476 Working on the # 310000 th memory instruction
Sampling stash size at 309999 req has local max stash size of: 136
Clk7 @ 161000000 Finished 310266 instructions 
Clk7 @ 162000000 Finished 312222 instructions 
Clk3 @ 163000000 Finished 314147 instructions 
Sampling stash size at 314999 req has local max stash size of: 145
Clk3 @ 164000000 Finished 316087 instructions 
Clk3 @ 165000000 Finished 318031 instructions 
Clk3 @ 166000000 Finished 319967 instructions 
Clk@ 166016750 Working on the # 320000 th memory instruction
Sampling stash size at 319999 req has local max stash size of: 138
Clk3 @ 167000000 Finished 321887 instructions 
Clk3 @ 168000000 Finished 323827 instructions 
Sampling stash size at 324999 req has local max stash size of: 142
Clk3 @ 169000000 Finished 325744 instructions 
Clk7 @ 170000000 Finished 327668 instructions 
Clk7 @ 171000000 Finished 329551 instructions 
Clk@ 171237581 Working on the # 330000 th memory instruction
Sampling stash size at 329999 req has local max stash size of: 140
Clk3 @ 172000000 Finished 331447 instructions 
Clk7 @ 173000000 Finished 333304 instructions 
Sampling stash size at 334999 req has local max stash size of: 141
Clk3 @ 174000000 Finished 335207 instructions 
Clk3 @ 175000000 Finished 337107 instructions 
Clk3 @ 176000000 Finished 339041 instructions 
Clk@ 176503060 Working on the # 340000 th memory instruction
Sampling stash size at 339999 req has local max stash size of: 162
Clk7 @ 177000000 Finished 340962 instructions 
Clk3 @ 178000000 Finished 342847 instructions 
Clk3 @ 179000000 Finished 344711 instructions 
Sampling stash size at 344999 req has local max stash size of: 141
Clk3 @ 180000000 Finished 346642 instructions 
Clk7 @ 181000000 Finished 348553 instructions 
Clk@ 181748140 Working on the # 350000 th memory instruction
Sampling stash size at 349999 req has local max stash size of: 159
Clk3 @ 182000000 Finished 350483 instructions 
Clk7 @ 183000000 Finished 352409 instructions 
Clk7 @ 184000000 Finished 354352 instructions 
Sampling stash size at 354999 req has local max stash size of: 163
Clk7 @ 185000000 Finished 356287 instructions 
Clk7 @ 186000000 Finished 358227 instructions 
Clk@ 186921518 Working on the # 360000 th memory instruction
Sampling stash size at 359999 req has local max stash size of: 150
Clk7 @ 187000000 Finished 360152 instructions 
Clk7 @ 188000000 Finished 362098 instructions 
Clk3 @ 189000000 Finished 364041 instructions 
Sampling stash size at 364999 req has local max stash size of: 138
Clk3 @ 190000000 Finished 365901 instructions 
Clk3 @ 191000000 Finished 367807 instructions 
Clk3 @ 192000000 Finished 369747 instructions 
Clk@ 192134526 Working on the # 370000 th memory instruction
Sampling stash size at 369999 req has local max stash size of: 139
Clk3 @ 193000000 Finished 371643 instructions 
Clk7 @ 194000000 Finished 373466 instructions 
Sampling stash size at 374999 req has local max stash size of: 140
Clk3 @ 195000000 Finished 375367 instructions 
Clk3 @ 196000000 Finished 377316 instructions 
Clk3 @ 197000000 Finished 379287 instructions 
Clk@ 197357156 Working on the # 380000 th memory instruction
Sampling stash size at 379999 req has local max stash size of: 141
Clk3 @ 198000000 Finished 381227 instructions 
Clk7 @ 199000000 Finished 383168 instructions 
Sampling stash size at 384999 req has local max stash size of: 141
Clk7 @ 200000000 Finished 385135 instructions 
Clk3 @ 201000000 Finished 387087 instructions 
Clk3 @ 202000000 Finished 389022 instructions 
Clk@ 202512218 Working on the # 390000 th memory instruction
Sampling stash size at 389999 req has local max stash size of: 154
Clk3 @ 203000000 Finished 390964 instructions 
Clk3 @ 204000000 Finished 392907 instructions 
Clk3 @ 205000000 Finished 394867 instructions 
Sampling stash size at 394999 req has local max stash size of: 150
Clk3 @ 206000000 Finished 396739 instructions 
Clk3 @ 207000000 Finished 398687 instructions 
Clk@ 207667981 Working on the # 400000 th memory instruction
Sampling stash size at 399999 req has local max stash size of: 141
Clk7 @ 208000000 Finished 400625 instructions 
Clk3 @ 209000000 Finished 402587 instructions 
Clk3 @ 210000000 Finished 404487 instructions 
Sampling stash size at 404999 req has local max stash size of: 139
Clk3 @ 211000000 Finished 406422 instructions 
Clk3 @ 212000000 Finished 408344 instructions 
Warm up done after line access count: 409364 out of 818729 (49.9999 %)
Clk@ 212855283 Working on the # 410000 th memory instruction
Sampling stash size at 409999 req has local max stash size of: 146
Clk3 @ 213000000 Finished 410283 instructions 
Clk3 @ 214000000 Finished 412207 instructions 
Clk7 @ 215000000 Finished 414110 instructions 
Sampling stash size at 414999 req has local max stash size of: 145
Clk3 @ 216000000 Finished 416052 instructions 
Clk3 @ 217000000 Finished 418024 instructions 
Clk7 @ 218000000 Finished 419940 instructions 
Clk@ 218030192 Working on the # 420000 th memory instruction
Sampling stash size at 419999 req has local max stash size of: 148
Clk3 @ 219000000 Finished 421847 instructions 
Clk3 @ 220000000 Finished 423783 instructions 
Sampling stash size at 424999 req has local max stash size of: 146
Clk3 @ 221000000 Finished 425707 instructions 
Clk3 @ 222000000 Finished 427545 instructions 
Clk3 @ 223000000 Finished 429486 instructions 
Clk@ 223263015 Working on the # 430000 th memory instruction
Sampling stash size at 429999 req has local max stash size of: 138
Clk3 @ 224000000 Finished 431436 instructions 
Clk3 @ 225000000 Finished 433363 instructions 
Sampling stash size at 434999 req has local max stash size of: 148
Clk7 @ 226000000 Finished 435199 instructions 
Clk7 @ 227000000 Finished 437149 instructions 
Clk7 @ 228000000 Finished 439114 instructions 
Clk@ 228443533 Working on the # 440000 th memory instruction
Sampling stash size at 439999 req has local max stash size of: 146
Clk7 @ 229000000 Finished 441098 instructions 
Clk3 @ 230000000 Finished 443021 instructions 
Clk3 @ 231000000 Finished 444975 instructions 
Sampling stash size at 444999 req has local max stash size of: 138
Clk7 @ 232000000 Finished 446917 instructions 
Clk3 @ 233000000 Finished 448862 instructions 
Clk@ 233591654 Working on the # 450000 th memory instruction
Sampling stash size at 449999 req has local max stash size of: 149
Clk3 @ 234000000 Finished 450787 instructions 
Clk3 @ 235000000 Finished 452727 instructions 
Clk3 @ 236000000 Finished 454663 instructions 
Sampling stash size at 454999 req has local max stash size of: 154
Clk3 @ 237000000 Finished 456607 instructions 
Clk3 @ 238000000 Finished 458508 instructions 
Clk@ 238768660 Working on the # 460000 th memory instruction
Sampling stash size at 459999 req has local max stash size of: 153
Clk7 @ 239000000 Finished 460451 instructions 
Clk3 @ 240000000 Finished 462405 instructions 
Clk3 @ 241000000 Finished 464352 instructions 
Sampling stash size at 464999 req has local max stash size of: 152
Clk3 @ 242000000 Finished 466225 instructions 
Clk3 @ 243000000 Finished 468167 instructions 
Clk@ 243938336 Working on the # 470000 th memory instruction
Sampling stash size at 469999 req has local max stash size of: 147
Clk3 @ 244000000 Finished 470118 instructions 
Clk3 @ 245000000 Finished 472065 instructions 
Clk3 @ 246000000 Finished 473985 instructions 
Sampling stash size at 474999 req has local max stash size of: 154
Clk7 @ 247000000 Finished 475916 instructions 
Clk3 @ 248000000 Finished 477867 instructions 
Clk3 @ 249000000 Finished 479807 instructions 
Clk@ 249104698 Working on the # 480000 th memory instruction
Sampling stash size at 479999 req has local max stash size of: 154
Clk3 @ 250000000 Finished 481706 instructions 
Clk3 @ 251000000 Finished 483587 instructions 
Sampling stash size at 484999 req has local max stash size of: 152
Clk3 @ 252000000 Finished 485467 instructions 
Clk7 @ 253000000 Finished 487322 instructions 
Clk7 @ 254000000 Finished 489019 instructions 
Clk@ 254528590 Working on the # 490000 th memory instruction
Sampling stash size at 489999 req has local max stash size of: 148
Clk3 @ 255000000 Finished 490867 instructions 
Clk3 @ 256000000 Finished 492687 instructions 
Clk3 @ 257000000 Finished 494483 instructions 
Sampling stash size at 494999 req has local max stash size of: 150
Clk3 @ 258000000 Finished 496227 instructions 
Clk7 @ 259000000 Finished 498067 instructions 
Clk7 @ 260000000 Finished 499907 instructions 
Clk@ 260045103 Working on the # 500000 th memory instruction
Sampling stash size at 499999 req has local max stash size of: 152
Clk3 @ 261000000 Finished 501768 instructions 
Clk7 @ 262000000 Finished 503665 instructions 
Sampling stash size at 504999 req has local max stash size of: 147
Clk3 @ 263000000 Finished 505547 instructions 
Clk7 @ 264000000 Finished 507447 instructions 
Clk3 @ 265000000 Finished 509347 instructions 
Clk@ 265342926 Working on the # 510000 th memory instruction
Sampling stash size at 509999 req has local max stash size of: 150
Clk7 @ 266000000 Finished 511196 instructions 
Clk3 @ 267000000 Finished 513127 instructions 
Sampling stash size at 514999 req has local max stash size of: 155
Clk3 @ 268000000 Finished 515047 instructions 
Clk7 @ 269000000 Finished 516982 instructions 
Clk3 @ 270000000 Finished 518843 instructions 
Clk@ 270594653 Working on the # 520000 th memory instruction
Sampling stash size at 519999 req has local max stash size of: 151
Clk7 @ 271000000 Finished 520781 instructions 
Clk3 @ 272000000 Finished 522727 instructions 
Clk7 @ 273000000 Finished 524661 instructions 
Sampling stash size at 524999 req has local max stash size of: 153
Clk3 @ 274000000 Finished 526507 instructions 
Clk7 @ 275000000 Finished 528429 instructions 
Clk@ 275814296 Working on the # 530000 th memory instruction
Sampling stash size at 529999 req has local max stash size of: 169
Clk3 @ 276000000 Finished 530367 instructions 
Clk3 @ 277000000 Finished 532283 instructions 
Clk3 @ 278000000 Finished 534223 instructions 
Sampling stash size at 534999 req has local max stash size of: 186
Clk3 @ 279000000 Finished 536161 instructions 
Clk7 @ 280000000 Finished 538112 instructions 
Clk@ 280967660 Working on the # 540000 th memory instruction
Sampling stash size at 539999 req has local max stash size of: 192
Clk3 @ 281000000 Finished 540065 instructions 
Clk3 @ 282000000 Finished 541987 instructions 
Clk3 @ 283000000 Finished 543967 instructions 
Sampling stash size at 544999 req has local max stash size of: 193
Clk3 @ 284000000 Finished 545923 instructions 
Clk3 @ 285000000 Finished 547862 instructions 
Clk3 @ 286000000 Finished 549667 instructions 
Clk@ 286166276 Working on the # 550000 th memory instruction
Sampling stash size at 549999 req has local max stash size of: 161
Clk3 @ 287000000 Finished 551607 instructions 
Clk7 @ 288000000 Finished 553548 instructions 
Sampling stash size at 554999 req has local max stash size of: 146
Clk7 @ 289000000 Finished 555518 instructions 
Clk3 @ 290000000 Finished 557367 instructions 
Clk3 @ 291000000 Finished 559307 instructions 
Clk@ 291354712 Working on the # 560000 th memory instruction
Sampling stash size at 559999 req has local max stash size of: 146
Clk3 @ 292000000 Finished 561267 instructions 
Clk7 @ 293000000 Finished 563208 instructions 
Sampling stash size at 564999 req has local max stash size of: 139
Clk3 @ 294000000 Finished 565137 instructions 
Clk3 @ 295000000 Finished 567096 instructions 
Clk3 @ 296000000 Finished 569062 instructions 
Clk@ 296497538 Working on the # 570000 th memory instruction
Sampling stash size at 569999 req has local max stash size of: 144
Clk7 @ 297000000 Finished 570978 instructions 
Clk3 @ 298000000 Finished 572904 instructions 
Clk3 @ 299000000 Finished 574856 instructions 
Sampling stash size at 574999 req has local max stash size of: 143
Clk3 @ 300000000 Finished 576767 instructions 
Clk3 @ 301000000 Finished 578702 instructions 
Clk@ 301688188 Working on the # 580000 th memory instruction
Sampling stash size at 579999 req has local max stash size of: 136
Clk3 @ 302000000 Finished 580607 instructions 
Clk7 @ 303000000 Finished 582551 instructions 
Clk3 @ 304000000 Finished 584507 instructions 
Sampling stash size at 584999 req has local max stash size of: 139
Clk7 @ 305000000 Finished 586445 instructions 
Clk3 @ 306000000 Finished 588327 instructions 
Clk@ 306859766 Working on the # 590000 th memory instruction
Sampling stash size at 589999 req has local max stash size of: 141
Clk3 @ 307000000 Finished 590268 instructions 
Clk3 @ 308000000 Finished 592247 instructions 
Clk3 @ 309000000 Finished 594180 instructions 
Sampling stash size at 594999 req has local max stash size of: 133
Clk7 @ 310000000 Finished 596118 instructions 
Clk3 @ 311000000 Finished 598042 instructions 
Clk3 @ 312000000 Finished 599997 instructions 
Clk@ 312001286 Working on the # 600000 th memory instruction
Sampling stash size at 599999 req has local max stash size of: 132
Clk7 @ 313000000 Finished 601941 instructions 
Clk3 @ 314000000 Finished 603867 instructions 
Sampling stash size at 604999 req has local max stash size of: 130
Clk3 @ 315000000 Finished 605806 instructions 
Clk3 @ 316000000 Finished 607727 instructions 
Clk7 @ 317000000 Finished 609615 instructions 
Clk@ 317235671 Working on the # 610000 th memory instruction
Sampling stash size at 609999 req has local max stash size of: 132
Clk3 @ 318000000 Finished 611387 instructions 
Clk3 @ 319000000 Finished 613281 instructions 
Sampling stash size at 614999 req has local max stash size of: 128
Clk7 @ 320000000 Finished 615189 instructions 
Clk3 @ 321000000 Finished 617121 instructions 
Clk3 @ 322000000 Finished 618987 instructions 
Clk@ 322519443 Working on the # 620000 th memory instruction
Sampling stash size at 619999 req has local max stash size of: 128
Clk3 @ 323000000 Finished 620942 instructions 
Clk3 @ 324000000 Finished 622904 instructions 
Clk3 @ 325000000 Finished 624845 instructions 
Sampling stash size at 624999 req has local max stash size of: 134
Clk7 @ 326000000 Finished 626771 instructions 
Clk3 @ 327000000 Finished 628705 instructions 
Clk@ 327658064 Working on the # 630000 th memory instruction
Sampling stash size at 629999 req has local max stash size of: 127
Clk3 @ 328000000 Finished 630647 instructions 
Clk3 @ 329000000 Finished 632567 instructions 
Sampling stash size at 634999 req has local max stash size of: 160
Clk3 @ 331000000 Finished 636407 instructions 
Clk7 @ 332000000 Finished 638367 instructions 
Clk@ 332839642 Working on the # 640000 th memory instruction
Sampling stash size at 639999 req has local max stash size of: 172
Clk7 @ 333000000 Finished 640263 instructions 
Clk3 @ 334000000 Finished 642162 instructions 
Clk3 @ 335000000 Finished 644103 instructions 
Sampling stash size at 644999 req has local max stash size of: 178
Clk7 @ 336000000 Finished 646044 instructions 
Clk3 @ 337000000 Finished 647936 instructions 
Clk3 @ 338000000 Finished 649866 instructions 
Clk@ 338068587 Working on the # 650000 th memory instruction
Sampling stash size at 649999 req has local max stash size of: 177
Clk3 @ 339000000 Finished 651743 instructions 
Clk3 @ 340000000 Finished 653666 instructions 
Sampling stash size at 654999 req has local max stash size of: 183
Clk3 @ 341000000 Finished 655562 instructions 
Clk7 @ 342000000 Finished 657453 instructions 
Clk7 @ 343000000 Finished 659331 instructions 
Clk@ 343345361 Working on the # 660000 th memory instruction
Sampling stash size at 659999 req has local max stash size of: 172
Clk7 @ 344000000 Finished 661227 instructions 
Clk3 @ 345000000 Finished 663107 instructions 
Clk3 @ 346000000 Finished 664968 instructions 
Sampling stash size at 664999 req has local max stash size of: 165
Clk3 @ 347000000 Finished 666862 instructions 
Clk3 @ 348000000 Finished 668801 instructions 
Clk@ 348639291 Working on the # 670000 th memory instruction
Sampling stash size at 669999 req has local max stash size of: 163
Clk3 @ 349000000 Finished 670647 instructions 
Clk3 @ 350000000 Finished 672561 instructions 
Clk7 @ 351000000 Finished 674476 instructions 
Sampling stash size at 674999 req has local max stash size of: 168
Clk3 @ 352000000 Finished 676407 instructions 
Clk3 @ 353000000 Finished 678347 instructions 
Clk@ 353848997 Working on the # 680000 th memory instruction
Sampling stash size at 679999 req has local max stash size of: 172
Clk3 @ 354000000 Finished 680289 instructions 
Clk7 @ 355000000 Finished 682228 instructions 
Clk3 @ 356000000 Finished 684149 instructions 
Sampling stash size at 684999 req has local max stash size of: 161
Clk7 @ 357000000 Finished 685999 instructions 
Clk3 @ 358000000 Finished 687907 instructions 
Clk7 @ 359000000 Finished 689852 instructions 
Clk@ 359075561 Working on the # 690000 th memory instruction
Sampling stash size at 689999 req has local max stash size of: 165
Clk3 @ 360000000 Finished 691787 instructions 
Clk3 @ 361000000 Finished 693707 instructions 
Sampling stash size at 694999 req has local max stash size of: 157
Clk3 @ 362000000 Finished 695665 instructions 
Clk7 @ 363000000 Finished 697589 instructions 
Clk3 @ 364000000 Finished 699522 instructions 
Clk@ 364248699 Working on the # 700000 th memory instruction
Sampling stash size at 699999 req has local max stash size of: 158
Clk3 @ 365000000 Finished 701394 instructions 
Clk7 @ 366000000 Finished 703329 instructions 
Sampling stash size at 704999 req has local max stash size of: 171
Clk7 @ 367000000 Finished 705257 instructions 
Clk7 @ 368000000 Finished 707168 instructions 
Clk7 @ 369000000 Finished 709117 instructions 
Clk@ 369453452 Working on the # 710000 th memory instruction
Sampling stash size at 709999 req has local max stash size of: 161
Clk3 @ 371000000 Finished 713003 instructions 
Clk3 @ 372000000 Finished 714967 instructions 
Sampling stash size at 714999 req has local max stash size of: 162
Clk3 @ 373000000 Finished 716822 instructions 
Clk3 @ 374000000 Finished 718740 instructions 
Clk@ 374653138 Working on the # 720000 th memory instruction
Sampling stash size at 719999 req has local max stash size of: 162
Clk3 @ 375000000 Finished 720667 instructions 
Clk7 @ 376000000 Finished 722626 instructions 
Clk3 @ 377000000 Finished 724547 instructions 
Sampling stash size at 724999 req has local max stash size of: 156
Clk3 @ 378000000 Finished 726487 instructions 
Clk3 @ 379000000 Finished 728388 instructions 
Clk@ 379842182 Working on the # 730000 th memory instruction
Sampling stash size at 729999 req has local max stash size of: 155
Clk7 @ 380000000 Finished 730288 instructions 
Clk3 @ 381000000 Finished 732047 instructions 
Clk3 @ 382000000 Finished 733947 instructions 
Sampling stash size at 734999 req has local max stash size of: 154
Clk7 @ 383000000 Finished 735898 instructions 
Clk7 @ 384000000 Finished 737807 instructions 
Clk3 @ 385000000 Finished 739704 instructions 
Clk@ 385155960 Working on the # 740000 th memory instruction
Sampling stash size at 739999 req has local max stash size of: 157
Clk3 @ 386000000 Finished 741584 instructions 
Clk3 @ 387000000 Finished 743467 instructions 
Sampling stash size at 744999 req has local max stash size of: 153
Clk7 @ 388000000 Finished 745304 instructions 
Clk3 @ 389000000 Finished 747087 instructions 
Clk3 @ 390000000 Finished 748962 instructions 
Clk@ 390532160 Working on the # 750000 th memory instruction
Sampling stash size at 749999 req has local max stash size of: 154
Clk3 @ 391000000 Finished 750903 instructions 
Clk3 @ 392000000 Finished 752807 instructions 
Clk3 @ 393000000 Finished 754727 instructions 
Sampling stash size at 754999 req has local max stash size of: 151
Clk3 @ 394000000 Finished 756667 instructions 
Clk3 @ 395000000 Finished 758621 instructions 
Clk@ 395705810 Working on the # 760000 th memory instruction
Sampling stash size at 759999 req has local max stash size of: 157
Clk7 @ 396000000 Finished 760560 instructions 
Clk3 @ 397000000 Finished 762442 instructions 
Clk3 @ 398000000 Finished 764381 instructions 
Sampling stash size at 764999 req has local max stash size of: 153
Clk3 @ 399000000 Finished 766347 instructions 
Clk3 @ 400000000 Finished 768300 instructions 
Clk@ 400877202 Working on the # 770000 th memory instruction
Sampling stash size at 769999 req has local max stash size of: 157
Clk3 @ 401000000 Finished 770247 instructions 
Clk7 @ 401000000 Finished 770247 instructions 
Clk7 @ 402000000 Finished 772190 instructions 
Clk7 @ 403000000 Finished 774138 instructions 
Sampling stash size at 774999 req has local max stash size of: 163
Clk3 @ 404000000 Finished 776093 instructions 
Clk3 @ 405000000 Finished 778007 instructions 
Clk3 @ 406000000 Finished 779927 instructions 
Clk@ 406034551 Working on the # 780000 th memory instruction
Sampling stash size at 779999 req has local max stash size of: 161
Clk3 @ 407000000 Finished 781882 instructions 
Clk7 @ 408000000 Finished 783830 instructions 
Sampling stash size at 784999 req has local max stash size of: 145
Clk7 @ 409000000 Finished 785748 instructions 
Clk7 @ 410000000 Finished 787687 instructions 
Clk3 @ 411000000 Finished 789627 instructions 
Clk@ 411193447 Working on the # 790000 th memory instruction
Sampling stash size at 789999 req has local max stash size of: 152
Clk3 @ 412000000 Finished 791567 instructions 
Clk3 @ 413000000 Finished 793381 instructions 
Sampling stash size at 794999 req has local max stash size of: 150
Clk7 @ 414000000 Finished 795313 instructions 
Clk3 @ 415000000 Finished 797277 instructions 
Clk3 @ 416000000 Finished 799227 instructions 
Clk@ 416399380 Working on the # 800000 th memory instruction
Sampling stash size at 799999 req has local max stash size of: 156
Clk3 @ 417000000 Finished 801162 instructions 
Clk7 @ 417000000 Finished 801162 instructions 
Clk3 @ 418000000 Finished 803085 instructions 
Sampling stash size at 804999 req has local max stash size of: 155
Clk3 @ 419000000 Finished 805027 instructions 
Clk3 @ 420000000 Finished 806982 instructions 
Clk3 @ 421000000 Finished 808846 instructions 
Clk@ 421592685 Working on the # 810000 th memory instruction
Sampling stash size at 809999 req has local max stash size of: 153
Clk3 @ 422000000 Finished 810783 instructions 
Clk7 @ 423000000 Finished 812703 instructions 
Clk3 @ 424000000 Finished 814619 instructions 
Sampling stash size at 814999 req has local max stash size of: 148
Clk3 @ 425000000 Finished 816507 instructions 
Clk3 @ 426000000 Finished 818456 instructions 

===*** Data ***====
Stall reason distribution: 
mc_hazard: 0
normal: 0
rs_hazard: 0
rw_swtich: 0
Early reshuffle distribution: 
0: 0
1: 0
2: 0
3: 0
4: 0
5: 1594
6: 3158
7: 3235
8: 3266
9: 3233
10: 3159
11: 3042
12: 2992
13: 2743
14: 2214
15: 1107
16: 11
17: 0
18: 0
19: 0
20: 0
21: 0
22: 0
23: 0
=================
Max stash size is: 193
Average stash size is: 74.3895
Average mem q size is: 78.808
Total mem q size is:23590538
mem_q_sample_times is:299342
useful_read_pull_ddr: 269584 (0.860117) %
dummy_read_pull_ddr: 7304317 (23.3047) %
useful_early_pull_ddr: 257022 (0.820037) %
useful_early_push_ddr: 95050 (0.30326) %
useful_write_pull_ddr: 6009456 (19.1734) %
useful_write_push_ddr: 1848545 (5.89784) %
dummy_early_pull_ddr: 22577 (0.0720327) %
dummy_early_push_ddr: 612171 (1.95315) %
dummy_write_pull_ddr: 49376 (0.157536) %
dummy_write_push_ddr: 14874628 (47.458) %
=================
Stash violation number of times: 0
=================
Check NodeID traffic: 4873322
Update NodeID traffic: 16
=================
Read RS lines: 818729 (85.2746) %
Write RS lines: 81872 (8.52737) %
Early RS lines: 59508 (6.19805) %
Read DDR lines: 15147265 (24.5841) %
Write DDR lines: 44681644 (72.5185) %
Early DDR lines: 1785240 (2.89745) %

====*** pos1 ***====
Stall reason distribution: 
mc_hazard: 0
normal: 0
rs_hazard: 0
rw_swtich: 0
Early reshuffle distribution: 
0: 0
1: 0
2: 1078
3: 2632
4: 2898
5: 3056
6: 3081
7: 3136
8: 3181
9: 3146
10: 3140
11: 3079
12: 2921
13: 2686
14: 2123
15: 1045
16: 7
17: 0
18: 0
19: 0
20: 0
=================
Max stash size is: 88
Average stash size is: 22.9588
Average mem q size is: 82.9277
Total mem q size is:5842175
mem_q_sample_times is:70449
useful_read_pull_ddr: 134449 (0.222675) %
dummy_read_pull_ddr: 14602673 (24.185) %
useful_early_pull_ddr: 571197 (0.946019) %
useful_early_push_ddr: 42019 (0.0695921) %
useful_write_pull_ddr: 11728814 (19.4253) %
useful_write_push_ddr: 1295009 (2.1448) %
dummy_early_pull_ddr: 43030 (0.0712665) %
dummy_early_push_ddr: 1511614 (2.50354) %
dummy_write_pull_ddr: 60754 (0.100621) %
dummy_write_push_ddr: 30389455 (50.3312) %
=================
Stash violation number of times: 0
=================
Check NodeID traffic: 6782025
Update NodeID traffic: 4
=================
Read RS lines: 818729 (83.9706) %
Write RS lines: 81872 (8.39696) %
Early RS lines: 74418 (7.63247) %
Read DDR lines: 14737122 (24.4077) %
Write DDR lines: 43474032 (72.0019) %
Early DDR lines: 2167860 (3.59042) %

====*** pos2 ***====
Stall reason distribution: 
mc_hazard: 0
normal: 0
rs_hazard: 0
rw_swtich: 0
Early reshuffle distribution: 
0: 0
1: 377
2: 1985
3: 2579
4: 2906
5: 3099
6: 3062
7: 3158
8: 3117
9: 3051
10: 3170
11: 3013
12: 2908
13: 2654
14: 2095
15: 1117
16: 7
17: 0
=================
Max stash size is: 69
Average stash size is: 15.8046
Average mem q size is: 80.1986
Total mem q size is:4519752
mem_q_sample_times is:56357
useful_read_pull_ddr: 77686 (0.153331) %
dummy_read_pull_ddr: 12203249 (24.0859) %
useful_early_pull_ddr: 568188 (1.12145) %
useful_early_push_ddr: 13091 (0.0258381) %
useful_write_pull_ddr: 9761905 (19.2674) %
useful_write_push_ddr: 868951 (1.71508) %
dummy_early_pull_ddr: 42724 (0.0843257) %
dummy_early_push_ddr: 1532157 (3.02407) %
dummy_write_pull_ddr: 62735 (0.123822) %
dummy_write_push_ddr: 25534769 (50.3988) %
=================
Stash violation number of times: 0
=================
Check NodeID traffic: 3617287
Update NodeID traffic: 0
=================
Read RS lines: 818729 (83.7834) %
Write RS lines: 81872 (8.37825) %
Early RS lines: 76596 (7.83834) %
Read DDR lines: 12280935 (24.2393) %
Write DDR lines: 36228360 (71.5051) %
Early DDR lines: 2156160 (4.25568) %
=================
The final DRAM clk is: 426148929 ticks.
Idle waiting clk is 142119225, which is 33.3497 %
DRAM Frequency is: 1600MHz
The final time in ns is: 2.66343e+08 ns.
Time distribution: 
Data pull time is: 0
data: 0
pos1: 0
pos2: 0
Data distribution: 
Pos2 data: 50665455
Pos1 data: 60379014
Data: 61614149
Node access DDR: 9746644
Pull DDR: 15147265
WB DDR: 44681644
Early DDR: 1785240
Achieved BW is: 61.1349 GB/s
Ideal BW is: 102.4 GB/s
Metadata cache conclusion: 
overall_hit: 11896542 overall_total: 21644178
Cache Size 64 KB Overall Hit rate: 54.9642 %. 
Simulation done. Statistics written to results_all/pagerank_output.txt
