Valid leaf ID range: 16777215:33554430
Num of top nodes: 16777216
Data level num of ways: 16777216
Z: 16
S: 27
A: 20
cached_total: 1
cached_total: 3
cached_total: 7
cached_total: 15
cached_total: 31
cached_total: 63
cached_total: 127
Total number of ORAM protected cache line blocks: 16777216
Cached number of levels: 6
Max number of levels: 25
Start lvl is: 0
data valid leaf right: 33554431
data num of levels: 25
data level num of ways: 16777216
data number of sets: 1
Cached node ID: 0 -- 95
Address space: 0 - 4 GB
pos1 valid leaf right: 4194303
pos1 num of levels: 22
pos1 level num of ways: 2097152
pos1 number of sets: 1
Cached node ID: 0 -- 11
Address space: 0 - 0.5 GB
pos2 valid leaf right: 524287
pos2 num of levels: 19
pos2 level num of ways: 262144
pos2 number of sets: 1
Cached node ID: 0 -- 5
Address space: 0 - 0.0625 GB
new addr: 237c8b
(myrs->posMap.find(new_addr) != myrs->posMap.end()): 1
(myrs->posMap[new_addr].pending): 0
myrs->posMap[new_addr] = 2325643
#2 ID 0 set true here
Clk7 @ 1000000 Finished 2107 instructions 
Clk7 @ 2000000 Finished 4380 instructions 
Sampling stash size at 4999 req has local max stash size of: 138
Clk7 @ 3000000 Finished 6727 instructions 
Clk7 @ 4000000 Finished 9071 instructions 
Clk@ 4390716 Working on the # 10000 th memory instruction
Sampling stash size at 9999 req has local max stash size of: 157
Clk7 @ 5000000 Finished 11464 instructions 
Clk3 @ 6000000 Finished 13888 instructions 
Sampling stash size at 14999 req has local max stash size of: 162
Clk3 @ 7000000 Finished 16268 instructions 
Clk7 @ 8000000 Finished 18708 instructions 
Clk@ 8540970 Working on the # 20000 th memory instruction
Sampling stash size at 19999 req has local max stash size of: 159
Clk7 @ 9000000 Finished 21105 instructions 
Clk3 @ 10000000 Finished 23507 instructions 
Sampling stash size at 24999 req has local max stash size of: 166
Clk3 @ 11000000 Finished 25979 instructions 
Clk7 @ 12000000 Finished 28427 instructions 
Clk@ 12641839 Working on the # 30000 th memory instruction
Sampling stash size at 29999 req has local max stash size of: 168
Clk3 @ 13000000 Finished 30807 instructions 
Clk3 @ 14000000 Finished 33183 instructions 
Sampling stash size at 34999 req has local max stash size of: 179
Clk7 @ 15000000 Finished 35627 instructions 
Clk3 @ 16000000 Finished 38081 instructions 
Clk@ 16791150 Working on the # 40000 th memory instruction
Sampling stash size at 39999 req has local max stash size of: 172
Clk7 @ 17000000 Finished 40505 instructions 
Clk3 @ 18000000 Finished 42914 instructions 
Sampling stash size at 44999 req has local max stash size of: 177
Clk3 @ 19000000 Finished 45387 instructions 
Clk3 @ 20000000 Finished 47787 instructions 
Clk@ 20895231 Working on the # 50000 th memory instruction
Sampling stash size at 49999 req has local max stash size of: 172
Clk7 @ 21000000 Finished 50257 instructions 
Clk3 @ 22000000 Finished 52710 instructions 
Sampling stash size at 54999 req has local max stash size of: 178
Clk7 @ 23000000 Finished 55129 instructions 
Clk3 @ 24000000 Finished 57587 instructions 
Clk@ 24976063 Working on the # 60000 th memory instruction
Sampling stash size at 59999 req has local max stash size of: 177
Clk7 @ 25000000 Finished 60052 instructions 
Clk3 @ 26000000 Finished 62287 instructions 
Clk3 @ 27000000 Finished 64680 instructions 
Sampling stash size at 64999 req has local max stash size of: 187
Clk3 @ 28000000 Finished 67113 instructions 
Clk3 @ 29000000 Finished 69564 instructions 
Clk@ 29177591 Working on the # 70000 th memory instruction
Sampling stash size at 69999 req has local max stash size of: 191
Clk7 @ 30000000 Finished 72040 instructions 
Clk7 @ 31000000 Finished 74492 instructions 
Sampling stash size at 74999 req has local max stash size of: 182
Clk7 @ 32000000 Finished 76910 instructions 
Clk3 @ 33000000 Finished 79342 instructions 
Clk@ 33264281 Working on the # 80000 th memory instruction
Sampling stash size at 79999 req has local max stash size of: 184
Clk3 @ 34000000 Finished 81798 instructions 
Clk3 @ 35000000 Finished 84167 instructions 
Sampling stash size at 84999 req has local max stash size of: 186
Clk3 @ 36000000 Finished 86584 instructions 
Clk7 @ 37000000 Finished 89044 instructions 
Clk@ 37391169 Working on the # 90000 th memory instruction
Sampling stash size at 89999 req has local max stash size of: 190
Clk3 @ 38000000 Finished 91463 instructions 
Clk3 @ 39000000 Finished 93824 instructions 
Clk7 @ 39000000 Finished 93824 instructions 
Sampling stash size at 94999 req has local max stash size of: 185
Clk7 @ 40000000 Finished 96277 instructions 
Clk3 @ 41000000 Finished 98727 instructions 
Clk@ 41519668 Working on the # 100000 th memory instruction
Sampling stash size at 99999 req has local max stash size of: 188
Clk3 @ 42000000 Finished 101163 instructions 
Clk3 @ 43000000 Finished 103604 instructions 
Sampling stash size at 104999 req has local max stash size of: 184
Clk3 @ 44000000 Finished 106047 instructions 
Clk3 @ 45000000 Finished 108470 instructions 
Clk@ 45635183 Working on the # 110000 th memory instruction
Sampling stash size at 109999 req has local max stash size of: 189
Clk3 @ 46000000 Finished 110887 instructions 
Clk7 @ 47000000 Finished 113353 instructions 
Sampling stash size at 114999 req has local max stash size of: 197
Clk7 @ 48000000 Finished 115801 instructions 
Clk3 @ 49000000 Finished 118207 instructions 
Clk@ 49732377 Working on the # 120000 th memory instruction
Sampling stash size at 119999 req has local max stash size of: 193
Clk3 @ 50000000 Finished 120645 instructions 
Clk3 @ 51000000 Finished 122915 instructions 
Sampling stash size at 124999 req has local max stash size of: 194
Clk3 @ 52000000 Finished 125141 instructions 
Clk3 @ 53000000 Finished 127545 instructions 
Clk3 @ 54000000 Finished 129963 instructions 
Clk@ 54015466 Working on the # 130000 th memory instruction
Sampling stash size at 129999 req has local max stash size of: 198
Clk3 @ 55000000 Finished 132401 instructions 
Clk3 @ 56000000 Finished 134861 instructions 
Sampling stash size at 134999 req has local max stash size of: 195
Clk7 @ 57000000 Finished 137283 instructions 
Clk7 @ 58000000 Finished 139703 instructions 
Clk@ 58119279 Working on the # 140000 th memory instruction
Sampling stash size at 139999 req has local max stash size of: 195
Clk3 @ 59000000 Finished 142167 instructions 
Clk3 @ 60000000 Finished 144606 instructions 
Sampling stash size at 144999 req has local max stash size of: 194
Clk7 @ 61000000 Finished 147036 instructions 
Clk7 @ 62000000 Finished 149491 instructions 
Clk@ 62208644 Working on the # 150000 th memory instruction
Sampling stash size at 149999 req has local max stash size of: 200
Clk3 @ 63000000 Finished 151942 instructions 
Clk3 @ 64000000 Finished 154307 instructions 
Sampling stash size at 154999 req has local max stash size of: 196
Clk3 @ 65000000 Finished 156747 instructions 
Clk7 @ 66000000 Finished 159200 instructions 
Clk@ 66326589 Working on the # 160000 th memory instruction
Sampling stash size at 159999 req has local max stash size of: 194
Clk3 @ 67000000 Finished 161642 instructions 
Clk3 @ 68000000 Finished 164044 instructions 
Sampling stash size at 164999 req has local max stash size of: 200
Clk7 @ 69000000 Finished 166387 instructions 
Clk3 @ 70000000 Finished 168775 instructions 
Clk@ 70498090 Working on the # 170000 th memory instruction
Sampling stash size at 169999 req has local max stash size of: 198
Clk3 @ 71000000 Finished 171207 instructions 
Clk3 @ 72000000 Finished 173601 instructions 
Sampling stash size at 174999 req has local max stash size of: 200
Clk3 @ 73000000 Finished 176040 instructions 
Clk3 @ 74000000 Finished 178483 instructions 
Clk@ 74626452 Working on the # 180000 th memory instruction
Sampling stash size at 179999 req has local max stash size of: 196
Clk3 @ 75000000 Finished 180907 instructions 
Clk3 @ 76000000 Finished 183266 instructions 
Sampling stash size at 184999 req has local max stash size of: 208
Clk3 @ 77000000 Finished 185667 instructions 
Clk7 @ 78000000 Finished 187947 instructions 
Clk@ 78844162 Working on the # 190000 th memory instruction
Sampling stash size at 189999 req has local max stash size of: 199
Clk3 @ 79000000 Finished 190384 instructions 
Clk3 @ 80000000 Finished 192827 instructions 
Sampling stash size at 194999 req has local max stash size of: 205
Clk3 @ 81000000 Finished 195264 instructions 
Clk3 @ 82000000 Finished 197727 instructions 
Clk@ 82936063 Working on the # 200000 th memory instruction
Sampling stash size at 199999 req has local max stash size of: 203
Clk7 @ 83000000 Finished 200155 instructions 
Clk3 @ 84000000 Finished 202565 instructions 
Sampling stash size at 204999 req has local max stash size of: 214
Clk3 @ 85000000 Finished 205007 instructions 
Clk7 @ 86000000 Finished 207428 instructions 
Clk7 @ 87000000 Finished 209873 instructions 
Clk@ 87050741 Working on the # 210000 th memory instruction
Sampling stash size at 209999 req has local max stash size of: 207
Clk3 @ 88000000 Finished 212287 instructions 
Clk3 @ 89000000 Finished 214711 instructions 
Sampling stash size at 214999 req has local max stash size of: 206
Clk3 @ 90000000 Finished 217127 instructions 
Clk7 @ 91000000 Finished 219523 instructions 
Clk@ 91188955 Working on the # 220000 th memory instruction
Sampling stash size at 219999 req has local max stash size of: 203
Clk7 @ 92000000 Finished 221962 instructions 
Clk7 @ 93000000 Finished 224406 instructions 
Sampling stash size at 224999 req has local max stash size of: 208
Clk7 @ 94000000 Finished 226848 instructions 
Clk3 @ 95000000 Finished 229267 instructions 
Clk@ 95293638 Working on the # 230000 th memory instruction
Sampling stash size at 229999 req has local max stash size of: 208
Clk7 @ 96000000 Finished 231734 instructions 
Clk3 @ 97000000 Finished 234143 instructions 
Sampling stash size at 234999 req has local max stash size of: 213
Clk3 @ 98000000 Finished 236582 instructions 
Clk3 @ 99000000 Finished 239049 instructions 
Clk@ 99385943 Working on the # 240000 th memory instruction
Sampling stash size at 239999 req has local max stash size of: 202
Clk3 @ 100000000 Finished 241483 instructions 
Clk3 @ 101000000 Finished 243858 instructions 
Sampling stash size at 244999 req has local max stash size of: 201
Clk7 @ 102000000 Finished 246083 instructions 
Clk7 @ 103000000 Finished 248247 instructions 
Clk@ 103762921 Working on the # 250000 th memory instruction
Sampling stash size at 249999 req has local max stash size of: 209
Clk7 @ 104000000 Finished 250555 instructions 
Clk7 @ 105000000 Finished 252939 instructions 
Sampling stash size at 254999 req has local max stash size of: 206
Clk3 @ 106000000 Finished 255322 instructions 
Clk7 @ 107000000 Finished 257733 instructions 
Clk@ 107939173 Working on the # 260000 th memory instruction
Sampling stash size at 259999 req has local max stash size of: 199
Clk3 @ 108000000 Finished 260147 instructions 
Clk3 @ 109000000 Finished 262584 instructions 
Clk3 @ 110000000 Finished 264977 instructions 
Sampling stash size at 264999 req has local max stash size of: 209
Clk3 @ 111000000 Finished 267430 instructions 
Clk3 @ 112000000 Finished 269882 instructions 
Clk@ 112048292 Working on the # 270000 th memory instruction
Sampling stash size at 269999 req has local max stash size of: 209
Clk7 @ 113000000 Finished 272318 instructions 
Clk7 @ 114000000 Finished 274688 instructions 
Sampling stash size at 274999 req has local max stash size of: 208
Clk3 @ 115000000 Finished 277142 instructions 
Clk3 @ 116000000 Finished 279546 instructions 
Clk@ 116183871 Working on the # 280000 th memory instruction
Sampling stash size at 279999 req has local max stash size of: 211
Clk7 @ 117000000 Finished 281967 instructions 
Clk7 @ 118000000 Finished 284415 instructions 
Sampling stash size at 284999 req has local max stash size of: 205
Clk3 @ 119000000 Finished 286841 instructions 
Clk3 @ 120000000 Finished 289292 instructions 
Clk@ 120295318 Working on the # 290000 th memory instruction
Sampling stash size at 289999 req has local max stash size of: 207
Clk3 @ 121000000 Finished 291727 instructions 
Clk7 @ 122000000 Finished 294153 instructions 
Sampling stash size at 294999 req has local max stash size of: 206
Clk3 @ 123000000 Finished 296596 instructions 
Clk3 @ 124000000 Finished 299042 instructions 
Clk@ 124393741 Working on the # 300000 th memory instruction
Sampling stash size at 299999 req has local max stash size of: 207
Clk3 @ 125000000 Finished 301447 instructions 
Clk3 @ 126000000 Finished 303897 instructions 
Sampling stash size at 304999 req has local max stash size of: 206
Clk3 @ 127000000 Finished 306187 instructions 
Clk7 @ 128000000 Finished 308577 instructions 
Clk@ 128613252 Working on the # 310000 th memory instruction
Sampling stash size at 309999 req has local max stash size of: 217
Clk3 @ 129000000 Finished 310944 instructions 
Clk7 @ 129000000 Finished 310944 instructions 
Clk7 @ 130000000 Finished 313377 instructions 
Sampling stash size at 314999 req has local max stash size of: 209
Clk3 @ 131000000 Finished 315827 instructions 
Clk3 @ 132000000 Finished 318237 instructions 
Clk@ 132719208 Working on the # 320000 th memory instruction
Sampling stash size at 319999 req has local max stash size of: 210
Clk7 @ 133000000 Finished 320653 instructions 
Clk3 @ 134000000 Finished 323103 instructions 
Sampling stash size at 324999 req has local max stash size of: 221
Clk3 @ 135000000 Finished 325501 instructions 
Clk3 @ 136000000 Finished 327893 instructions 
Clk@ 136882431 Working on the # 330000 th memory instruction
Sampling stash size at 329999 req has local max stash size of: 217
Clk7 @ 137000000 Finished 330275 instructions 
Clk3 @ 138000000 Finished 332615 instructions 
Sampling stash size at 334999 req has local max stash size of: 216
Clk7 @ 139000000 Finished 335028 instructions 
Clk3 @ 140000000 Finished 337424 instructions 
Clk3 @ 141000000 Finished 339844 instructions 
Clk@ 141063061 Working on the # 340000 th memory instruction
Sampling stash size at 339999 req has local max stash size of: 208
Clk3 @ 142000000 Finished 342267 instructions 
Clk3 @ 143000000 Finished 344613 instructions 
Sampling stash size at 344999 req has local max stash size of: 211
Clk3 @ 144000000 Finished 347027 instructions 
Clk3 @ 145000000 Finished 349479 instructions 
Clk@ 145209212 Working on the # 350000 th memory instruction
Sampling stash size at 349999 req has local max stash size of: 216
Clk7 @ 146000000 Finished 351910 instructions 
Clk7 @ 147000000 Finished 354348 instructions 
Sampling stash size at 354999 req has local max stash size of: 208
Clk7 @ 148000000 Finished 356804 instructions 
Clk3 @ 149000000 Finished 359178 instructions 
Clk@ 149333106 Working on the # 360000 th memory instruction
Sampling stash size at 359999 req has local max stash size of: 207
Clk7 @ 150000000 Finished 361644 instructions 
Clk3 @ 151000000 Finished 364081 instructions 
Sampling stash size at 364999 req has local max stash size of: 233
Clk3 @ 152000000 Finished 366346 instructions 
Clk7 @ 153000000 Finished 368784 instructions 
Clk@ 153504637 Working on the # 370000 th memory instruction
Sampling stash size at 369999 req has local max stash size of: 220
Clk7 @ 154000000 Finished 371174 instructions 
Clk7 @ 155000000 Finished 373416 instructions 
Sampling stash size at 374999 req has local max stash size of: 213
Clk3 @ 156000000 Finished 375782 instructions 
Clk7 @ 157000000 Finished 378208 instructions 
Clk@ 157724003 Working on the # 380000 th memory instruction
Sampling stash size at 379999 req has local max stash size of: 216
Clk3 @ 158000000 Finished 380667 instructions 
Clk3 @ 159000000 Finished 383088 instructions 
Sampling stash size at 384999 req has local max stash size of: 208
Clk3 @ 160000000 Finished 385539 instructions 
Clk3 @ 161000000 Finished 387966 instructions 
Clk@ 161851381 Working on the # 390000 th memory instruction
Sampling stash size at 389999 req has local max stash size of: 207
Clk7 @ 162000000 Finished 390363 instructions 
Clk3 @ 163000000 Finished 392821 instructions 
Sampling stash size at 394999 req has local max stash size of: 216
Clk3 @ 164000000 Finished 395286 instructions 
Clk7 @ 165000000 Finished 397647 instructions 
Clk@ 165955916 Working on the # 400000 th memory instruction
Sampling stash size at 399999 req has local max stash size of: 217
Clk3 @ 166000000 Finished 400097 instructions 
Clk3 @ 167000000 Finished 402504 instructions 
Clk3 @ 168000000 Finished 404887 instructions 
Sampling stash size at 404999 req has local max stash size of: 213
Clk7 @ 169000000 Finished 407310 instructions 
Clk3 @ 170000000 Finished 409727 instructions 
Clk@ 170107401 Working on the # 410000 th memory instruction
Sampling stash size at 409999 req has local max stash size of: 216
Clk3 @ 171000000 Finished 412147 instructions 
Clk3 @ 172000000 Finished 414562 instructions 
Sampling stash size at 414999 req has local max stash size of: 210
Clk3 @ 173000000 Finished 417002 instructions 
Clk3 @ 174000000 Finished 419406 instructions 
Clk@ 174239158 Working on the # 420000 th memory instruction
Sampling stash size at 419999 req has local max stash size of: 222
Clk7 @ 175000000 Finished 421845 instructions 
Sampling stash size at 424999 req has local max stash size of: 209
Clk7 @ 177000000 Finished 426667 instructions 
Clk3 @ 178000000 Finished 429074 instructions 
Clk@ 178382180 Working on the # 430000 th memory instruction
Sampling stash size at 429999 req has local max stash size of: 214
Clk3 @ 179000000 Finished 431487 instructions 
Clk3 @ 180000000 Finished 433894 instructions 
Sampling stash size at 434999 req has local max stash size of: 215
Clk7 @ 181000000 Finished 436205 instructions 
Clk7 @ 182000000 Finished 438627 instructions 
Clk@ 182558357 Working on the # 440000 th memory instruction
Sampling stash size at 439999 req has local max stash size of: 215
Clk3 @ 183000000 Finished 441081 instructions 
Clk7 @ 184000000 Finished 443499 instructions 
Sampling stash size at 444999 req has local max stash size of: 208
Clk3 @ 185000000 Finished 445941 instructions 
Clk3 @ 186000000 Finished 448386 instructions 
Clk@ 186664731 Working on the # 450000 th memory instruction
Sampling stash size at 449999 req has local max stash size of: 215
Clk7 @ 187000000 Finished 450825 instructions 
Clk3 @ 188000000 Finished 453244 instructions 
Sampling stash size at 454999 req has local max stash size of: 216
Clk7 @ 189000000 Finished 455668 instructions 
Clk3 @ 190000000 Finished 458080 instructions 
Clk@ 190785040 Working on the # 460000 th memory instruction
Sampling stash size at 459999 req has local max stash size of: 207
Clk3 @ 191000000 Finished 460524 instructions 
Clk7 @ 192000000 Finished 462971 instructions 
Sampling stash size at 464999 req has local max stash size of: 220
Clk3 @ 193000000 Finished 465347 instructions 
Clk3 @ 194000000 Finished 467769 instructions 
Clk@ 194914261 Working on the # 470000 th memory instruction
Sampling stash size at 469999 req has local max stash size of: 214
Clk7 @ 195000000 Finished 470209 instructions 
Clk3 @ 196000000 Finished 472625 instructions 
Sampling stash size at 474999 req has local max stash size of: 217
Clk7 @ 197000000 Finished 475057 instructions 
Clk3 @ 198000000 Finished 477506 instructions 
Clk3 @ 199000000 Finished 479957 instructions 
Clk@ 199017045 Working on the # 480000 th memory instruction
Sampling stash size at 479999 req has local max stash size of: 215
Clk7 @ 200000000 Finished 482340 instructions 
Clk7 @ 201000000 Finished 484734 instructions 
Sampling stash size at 484999 req has local max stash size of: 213
Clk3 @ 202000000 Finished 487124 instructions 
Clk3 @ 203000000 Finished 489264 instructions 
Clk@ 203317073 Working on the # 490000 th memory instruction
Sampling stash size at 489999 req has local max stash size of: 225
Clk3 @ 204000000 Finished 491567 instructions 
Clk3 @ 205000000 Finished 493823 instructions 
Sampling stash size at 494999 req has local max stash size of: 217
Clk3 @ 206000000 Finished 495947 instructions 
Clk7 @ 207000000 Finished 498237 instructions 
Clk@ 207776478 Working on the # 500000 th memory instruction
Warm up done after line access count: 500000 out of 1000000 (50 %)
Sampling stash size at 499999 req has local max stash size of: 215
Clk3 @ 208000000 Finished 500507 instructions 
Clk3 @ 209000000 Finished 502855 instructions 
Sampling stash size at 504999 req has local max stash size of: 214
Clk3 @ 210000000 Finished 505222 instructions 
Clk3 @ 211000000 Finished 507606 instructions 
Clk7 @ 212000000 Finished 509984 instructions 
Clk@ 212005366 Working on the # 510000 th memory instruction
Sampling stash size at 509999 req has local max stash size of: 216
Clk7 @ 213000000 Finished 512313 instructions 
Clk3 @ 214000000 Finished 514698 instructions 
Sampling stash size at 514999 req has local max stash size of: 212
Clk3 @ 215000000 Finished 517114 instructions 
Clk3 @ 216000000 Finished 519464 instructions 
Clk@ 216218317 Working on the # 520000 th memory instruction
Sampling stash size at 519999 req has local max stash size of: 210
Clk7 @ 217000000 Finished 521888 instructions 
Clk3 @ 218000000 Finished 524287 instructions 
Sampling stash size at 524999 req has local max stash size of: 218
Clk3 @ 219000000 Finished 526623 instructions 
Clk7 @ 220000000 Finished 529031 instructions 
Clk@ 220403780 Working on the # 530000 th memory instruction
Sampling stash size at 529999 req has local max stash size of: 214
Clk7 @ 221000000 Finished 531447 instructions 
Clk7 @ 222000000 Finished 533838 instructions 
Sampling stash size at 534999 req has local max stash size of: 217
Clk3 @ 223000000 Finished 536284 instructions 
Clk3 @ 224000000 Finished 538730 instructions 
Clk@ 224518083 Working on the # 540000 th memory instruction
Sampling stash size at 539999 req has local max stash size of: 235
Clk7 @ 225000000 Finished 541128 instructions 
Clk3 @ 226000000 Finished 543561 instructions 
Sampling stash size at 544999 req has local max stash size of: 218
Clk3 @ 227000000 Finished 545987 instructions 
Clk3 @ 228000000 Finished 548402 instructions 
Clk@ 228706307 Working on the # 550000 th memory instruction
Sampling stash size at 549999 req has local max stash size of: 213
Clk3 @ 229000000 Finished 550704 instructions 
Clk7 @ 230000000 Finished 553127 instructions 
Sampling stash size at 554999 req has local max stash size of: 219
Clk3 @ 231000000 Finished 555550 instructions 
Clk3 @ 232000000 Finished 557905 instructions 
Clk@ 232864081 Working on the # 560000 th memory instruction
Sampling stash size at 559999 req has local max stash size of: 216
Clk3 @ 233000000 Finished 560324 instructions 
Clk3 @ 234000000 Finished 562743 instructions 
Sampling stash size at 564999 req has local max stash size of: 219
Clk7 @ 235000000 Finished 565164 instructions 
Clk7 @ 236000000 Finished 567619 instructions 
Clk@ 236996627 Working on the # 570000 th memory instruction
Clk3 @ 237000000 Finished 570007 instructions 
Sampling stash size at 569999 req has local max stash size of: 221
Clk3 @ 238000000 Finished 572422 instructions 
Clk3 @ 239000000 Finished 574844 instructions 
Sampling stash size at 574999 req has local max stash size of: 214
Clk3 @ 240000000 Finished 577247 instructions 
Clk3 @ 241000000 Finished 579647 instructions 
Clk@ 241144850 Working on the # 580000 th memory instruction
Sampling stash size at 579999 req has local max stash size of: 220
Clk7 @ 242000000 Finished 582088 instructions 
Clk3 @ 243000000 Finished 584541 instructions 
Sampling stash size at 584999 req has local max stash size of: 218
Clk7 @ 244000000 Finished 586907 instructions 
Clk7 @ 245000000 Finished 589331 instructions 
Clk@ 245272546 Working on the # 590000 th memory instruction
Sampling stash size at 589999 req has local max stash size of: 224
Clk3 @ 246000000 Finished 591782 instructions 
Clk3 @ 247000000 Finished 594202 instructions 
Sampling stash size at 594999 req has local max stash size of: 220
Clk3 @ 248000000 Finished 596607 instructions 
Clk7 @ 249000000 Finished 599067 instructions 
Clk@ 249375959 Working on the # 600000 th memory instruction
Sampling stash size at 599999 req has local max stash size of: 215
Clk3 @ 250000000 Finished 601516 instructions 
Sampling stash size at 604999 req has local max stash size of: 224
Clk3 @ 252000000 Finished 606343 instructions 
Clk3 @ 253000000 Finished 608767 instructions 
Clk@ 253557881 Working on the # 610000 th memory instruction
Sampling stash size at 609999 req has local max stash size of: 224
Clk7 @ 254000000 Finished 610994 instructions 
Clk3 @ 255000000 Finished 613387 instructions 
Sampling stash size at 614999 req has local max stash size of: 232
Clk7 @ 256000000 Finished 615782 instructions 
Clk3 @ 257000000 Finished 618090 instructions 
Clk@ 257802574 Working on the # 620000 th memory instruction
Sampling stash size at 619999 req has local max stash size of: 221
Clk3 @ 258000000 Finished 620481 instructions 
Clk3 @ 259000000 Finished 622887 instructions 
Sampling stash size at 624999 req has local max stash size of: 230
Clk3 @ 260000000 Finished 625267 instructions 
Clk3 @ 261000000 Finished 627721 instructions 
Clk@ 261935922 Working on the # 630000 th memory instruction
Sampling stash size at 629999 req has local max stash size of: 217
Clk3 @ 262000000 Finished 630149 instructions 
Clk3 @ 263000000 Finished 632582 instructions 
Clk7 @ 264000000 Finished 634979 instructions 
Sampling stash size at 634999 req has local max stash size of: 214
Clk3 @ 265000000 Finished 637402 instructions 
Clk3 @ 266000000 Finished 639843 instructions 
Clk@ 266065153 Working on the # 640000 th memory instruction
Sampling stash size at 639999 req has local max stash size of: 224
Clk7 @ 267000000 Finished 642195 instructions 
Clk3 @ 268000000 Finished 644640 instructions 
Sampling stash size at 644999 req has local max stash size of: 230
Clk3 @ 269000000 Finished 647067 instructions 
Clk3 @ 270000000 Finished 649462 instructions 
Clk@ 270221030 Working on the # 650000 th memory instruction
Sampling stash size at 649999 req has local max stash size of: 216
Clk7 @ 271000000 Finished 651821 instructions 
Clk3 @ 272000000 Finished 654244 instructions 
Sampling stash size at 654999 req has local max stash size of: 219
Clk3 @ 273000000 Finished 656614 instructions 
Clk3 @ 274000000 Finished 659030 instructions 
Clk@ 274408005 Working on the # 660000 th memory instruction
Sampling stash size at 659999 req has local max stash size of: 227
Clk7 @ 275000000 Finished 661418 instructions 
Clk7 @ 276000000 Finished 663774 instructions 
Sampling stash size at 664999 req has local max stash size of: 220
Clk7 @ 277000000 Finished 666123 instructions 
Clk3 @ 278000000 Finished 668542 instructions 
Clk@ 278604135 Working on the # 670000 th memory instruction
Sampling stash size at 669999 req has local max stash size of: 220
Clk7 @ 279000000 Finished 670871 instructions 
Clk3 @ 280000000 Finished 673307 instructions 
Sampling stash size at 674999 req has local max stash size of: 226
Clk3 @ 281000000 Finished 675726 instructions 
Clk3 @ 282000000 Finished 678167 instructions 
Clk@ 282762348 Working on the # 680000 th memory instruction
Sampling stash size at 679999 req has local max stash size of: 219
Clk3 @ 283000000 Finished 680584 instructions 
Clk3 @ 284000000 Finished 682996 instructions 
Sampling stash size at 684999 req has local max stash size of: 224
Clk7 @ 285000000 Finished 685364 instructions 
Clk3 @ 286000000 Finished 687666 instructions 
Clk@ 286960117 Working on the # 690000 th memory instruction
Sampling stash size at 689999 req has local max stash size of: 217
Clk7 @ 287000000 Finished 690097 instructions 
Clk3 @ 288000000 Finished 692526 instructions 
Clk3 @ 289000000 Finished 694943 instructions 
Sampling stash size at 694999 req has local max stash size of: 231
Clk3 @ 290000000 Finished 697371 instructions 
Clk3 @ 291000000 Finished 699782 instructions 
Clk@ 291088720 Working on the # 700000 th memory instruction
Sampling stash size at 699999 req has local max stash size of: 219
Clk3 @ 292000000 Finished 702177 instructions 
Clk7 @ 293000000 Finished 704598 instructions 
Sampling stash size at 704999 req has local max stash size of: 224
Clk3 @ 294000000 Finished 707003 instructions 
Clk3 @ 295000000 Finished 709427 instructions 
Clk@ 295237179 Working on the # 710000 th memory instruction
Sampling stash size at 709999 req has local max stash size of: 220
Clk7 @ 296000000 Finished 711850 instructions 
Clk3 @ 297000000 Finished 714304 instructions 
Sampling stash size at 714999 req has local max stash size of: 218
Clk7 @ 298000000 Finished 716658 instructions 
Clk3 @ 299000000 Finished 719043 instructions 
Clk@ 299388247 Working on the # 720000 th memory instruction
Sampling stash size at 719999 req has local max stash size of: 221
Clk3 @ 300000000 Finished 721486 instructions 
Clk7 @ 301000000 Finished 723928 instructions 
Sampling stash size at 724999 req has local max stash size of: 221
Clk3 @ 302000000 Finished 726366 instructions 
Clk7 @ 303000000 Finished 728758 instructions 
Clk@ 303514397 Working on the # 730000 th memory instruction
Sampling stash size at 729999 req has local max stash size of: 229
Clk3 @ 304000000 Finished 731121 instructions 
Clk7 @ 305000000 Finished 733370 instructions 
Sampling stash size at 734999 req has local max stash size of: 223
Clk7 @ 306000000 Finished 735795 instructions 
Clk3 @ 307000000 Finished 738225 instructions 
Clk@ 307747223 Working on the # 740000 th memory instruction
Sampling stash size at 739999 req has local max stash size of: 223
Clk3 @ 308000000 Finished 740603 instructions 
Clk7 @ 309000000 Finished 742954 instructions 
Sampling stash size at 744999 req has local max stash size of: 219
Clk3 @ 310000000 Finished 745227 instructions 
Clk7 @ 311000000 Finished 747407 instructions 
Clk3 @ 312000000 Finished 749762 instructions 
Clk@ 312096434 Working on the # 750000 th memory instruction
Sampling stash size at 749999 req has local max stash size of: 219
Clk7 @ 313000000 Finished 752181 instructions 
Clk3 @ 314000000 Finished 754565 instructions 
Sampling stash size at 754999 req has local max stash size of: 221
Clk3 @ 315000000 Finished 756996 instructions 
Clk7 @ 315000000 Finished 756996 instructions 
Clk7 @ 316000000 Finished 759418 instructions 
Clk@ 316235858 Working on the # 760000 th memory instruction
Sampling stash size at 759999 req has local max stash size of: 221
Clk7 @ 317000000 Finished 761832 instructions 
Clk7 @ 318000000 Finished 764191 instructions 
Sampling stash size at 764999 req has local max stash size of: 221
Clk3 @ 319000000 Finished 766647 instructions 
Clk7 @ 320000000 Finished 769103 instructions 
Clk@ 320373460 Working on the # 770000 th memory instruction
Sampling stash size at 769999 req has local max stash size of: 225
Clk3 @ 321000000 Finished 771544 instructions 
Clk7 @ 321000000 Finished 771545 instructions 
Clk7 @ 322000000 Finished 773960 instructions 
Sampling stash size at 774999 req has local max stash size of: 227
Clk3 @ 323000000 Finished 776367 instructions 
Clk3 @ 324000000 Finished 778782 instructions 
Clk@ 324512902 Working on the # 780000 th memory instruction
Sampling stash size at 779999 req has local max stash size of: 231
Clk7 @ 325000000 Finished 781173 instructions 
Clk7 @ 326000000 Finished 783627 instructions 
Sampling stash size at 784999 req has local max stash size of: 222
Clk3 @ 328000000 Finished 788467 instructions 
Clk@ 328634354 Working on the # 790000 th memory instruction
Sampling stash size at 789999 req has local max stash size of: 225
Clk3 @ 329000000 Finished 790881 instructions 
Clk7 @ 330000000 Finished 793178 instructions 
Sampling stash size at 794999 req has local max stash size of: 228
Clk3 @ 331000000 Finished 795568 instructions 
Clk3 @ 332000000 Finished 798020 instructions 
Clk@ 332809353 Working on the # 800000 th memory instruction
Sampling stash size at 799999 req has local max stash size of: 226
Clk3 @ 333000000 Finished 800444 instructions 
Clk3 @ 334000000 Finished 802864 instructions 
Sampling stash size at 804999 req has local max stash size of: 223
Clk3 @ 335000000 Finished 805304 instructions 
Clk3 @ 336000000 Finished 807724 instructions 
Clk@ 336966437 Working on the # 810000 th memory instruction
Sampling stash size at 809999 req has local max stash size of: 226
Clk3 @ 337000000 Finished 810078 instructions 
Clk3 @ 338000000 Finished 812506 instructions 
Clk3 @ 339000000 Finished 814925 instructions 
Sampling stash size at 814999 req has local max stash size of: 222
Clk3 @ 340000000 Finished 817327 instructions 
Clk7 @ 341000000 Finished 819747 instructions 
Clk@ 341099289 Working on the # 820000 th memory instruction
Sampling stash size at 819999 req has local max stash size of: 224
Clk7 @ 342000000 Finished 822173 instructions 
Clk3 @ 343000000 Finished 824567 instructions 
Sampling stash size at 824999 req has local max stash size of: 228
Clk3 @ 344000000 Finished 826951 instructions 
Clk3 @ 345000000 Finished 829322 instructions 
Clk7 @ 345000000 Finished 829323 instructions 
Clk@ 345274867 Working on the # 830000 th memory instruction
Sampling stash size at 829999 req has local max stash size of: 221
Clk3 @ 346000000 Finished 831744 instructions 
Clk3 @ 347000000 Finished 834184 instructions 
Sampling stash size at 834999 req has local max stash size of: 221
Clk3 @ 348000000 Finished 836585 instructions 
Clk3 @ 349000000 Finished 838929 instructions 
Clk@ 349439215 Working on the # 840000 th memory instruction
Sampling stash size at 839999 req has local max stash size of: 227
Clk3 @ 350000000 Finished 841367 instructions 
Clk3 @ 351000000 Finished 843747 instructions 
Sampling stash size at 844999 req has local max stash size of: 218
Clk7 @ 352000000 Finished 846137 instructions 
Clk3 @ 353000000 Finished 848561 instructions 
Clk@ 353590780 Working on the # 850000 th memory instruction
Sampling stash size at 849999 req has local max stash size of: 218
Clk3 @ 354000000 Finished 850984 instructions 
Clk7 @ 355000000 Finished 853330 instructions 
Sampling stash size at 854999 req has local max stash size of: 244
Clk7 @ 356000000 Finished 855663 instructions 
Clk3 @ 357000000 Finished 858082 instructions 
Clk@ 357789649 Working on the # 860000 th memory instruction
Sampling stash size at 859999 req has local max stash size of: 227
Clk7 @ 358000000 Finished 860506 instructions 
Clk7 @ 359000000 Finished 862926 instructions 
Sampling stash size at 864999 req has local max stash size of: 218
Clk3 @ 361000000 Finished 867707 instructions 
Clk3 @ 362000000 Finished 869902 instructions 
Clk@ 362041175 Working on the # 870000 th memory instruction
Sampling stash size at 869999 req has local max stash size of: 241
Clk3 @ 363000000 Finished 872306 instructions 
Clk3 @ 364000000 Finished 874702 instructions 
Sampling stash size at 874999 req has local max stash size of: 225
Clk7 @ 365000000 Finished 877104 instructions 
Clk3 @ 366000000 Finished 879552 instructions 
Clk@ 366182558 Working on the # 880000 th memory instruction
Sampling stash size at 879999 req has local max stash size of: 224
Clk3 @ 367000000 Finished 881966 instructions 
Clk3 @ 368000000 Finished 884339 instructions 
Sampling stash size at 884999 req has local max stash size of: 217
Clk3 @ 369000000 Finished 886767 instructions 
Clk3 @ 370000000 Finished 889203 instructions 
Clk@ 370328392 Working on the # 890000 th memory instruction
Sampling stash size at 889999 req has local max stash size of: 219
Clk7 @ 371000000 Finished 891634 instructions 
Clk7 @ 372000000 Finished 894073 instructions 
Sampling stash size at 894999 req has local max stash size of: 239
Clk3 @ 373000000 Finished 896467 instructions 
Clk3 @ 374000000 Finished 898896 instructions 
Clk@ 374465364 Working on the # 900000 th memory instruction
Sampling stash size at 899999 req has local max stash size of: 222
Clk7 @ 375000000 Finished 901284 instructions 
Clk3 @ 376000000 Finished 903672 instructions 
Sampling stash size at 904999 req has local max stash size of: 230
Clk3 @ 377000000 Finished 906103 instructions 
Clk3 @ 378000000 Finished 908521 instructions 
Clk@ 378620801 Working on the # 910000 th memory instruction
Sampling stash size at 909999 req has local max stash size of: 225
Clk3 @ 379000000 Finished 910918 instructions 
Clk3 @ 380000000 Finished 913348 instructions 
Sampling stash size at 914999 req has local max stash size of: 221
Clk3 @ 381000000 Finished 915685 instructions 
Clk7 @ 382000000 Finished 918114 instructions 
Clk@ 382774707 Working on the # 920000 th memory instruction
Sampling stash size at 919999 req has local max stash size of: 224
Clk3 @ 383000000 Finished 920547 instructions 
Clk3 @ 384000000 Finished 922945 instructions 
Sampling stash size at 924999 req has local max stash size of: 232
Clk3 @ 385000000 Finished 925386 instructions 
Clk7 @ 386000000 Finished 927811 instructions 
Clk@ 386941369 Working on the # 930000 th memory instruction
Sampling stash size at 929999 req has local max stash size of: 236
Clk3 @ 387000000 Finished 930127 instructions 
Clk3 @ 388000000 Finished 932477 instructions 
Clk7 @ 389000000 Finished 934892 instructions 
Sampling stash size at 934999 req has local max stash size of: 222
Clk7 @ 390000000 Finished 937319 instructions 
Clk7 @ 391000000 Finished 939724 instructions 
Clk@ 391112741 Working on the # 940000 th memory instruction
Sampling stash size at 939999 req has local max stash size of: 235
Clk7 @ 392000000 Finished 942151 instructions 
Clk7 @ 393000000 Finished 944557 instructions 
Sampling stash size at 944999 req has local max stash size of: 221
Clk3 @ 394000000 Finished 946907 instructions 
Clk7 @ 395000000 Finished 949323 instructions 
Clk@ 395276269 Working on the # 950000 th memory instruction
Sampling stash size at 949999 req has local max stash size of: 227
Clk3 @ 396000000 Finished 951726 instructions 
Clk3 @ 397000000 Finished 954122 instructions 
Sampling stash size at 954999 req has local max stash size of: 222
Clk7 @ 398000000 Finished 956546 instructions 
Clk3 @ 399000000 Finished 958985 instructions 
Clk@ 399415235 Working on the # 960000 th memory instruction
Sampling stash size at 959999 req has local max stash size of: 222
Clk3 @ 400000000 Finished 961335 instructions 
Clk7 @ 401000000 Finished 963742 instructions 
Sampling stash size at 964999 req has local max stash size of: 229
Clk7 @ 402000000 Finished 966087 instructions 
Clk3 @ 403000000 Finished 968427 instructions 
Clk@ 403659797 Working on the # 970000 th memory instruction
Sampling stash size at 969999 req has local max stash size of: 225
Clk7 @ 404000000 Finished 970814 instructions 
Clk7 @ 405000000 Finished 973195 instructions 
Sampling stash size at 974999 req has local max stash size of: 225
Clk7 @ 406000000 Finished 975421 instructions 
Clk7 @ 407000000 Finished 977502 instructions 
Clk7 @ 408000000 Finished 979781 instructions 
Clk@ 408092130 Working on the # 980000 th memory instruction
Sampling stash size at 979999 req has local max stash size of: 225
Clk7 @ 409000000 Finished 982106 instructions 
Clk3 @ 410000000 Finished 984364 instructions 
Sampling stash size at 984999 req has local max stash size of: 227
Clk3 @ 411000000 Finished 986705 instructions 
Clk7 @ 412000000 Finished 988978 instructions 
Clk@ 412463076 Working on the # 990000 th memory instruction
Sampling stash size at 989999 req has local max stash size of: 228
Clk3 @ 413000000 Finished 991143 instructions 
Clk7 @ 414000000 Finished 993436 instructions 
Sampling stash size at 994999 req has local max stash size of: 225
Clk3 @ 415000000 Finished 995807 instructions 
Clk7 @ 416000000 Finished 998151 instructions 
Clk@ 416788347 Working on the # 1000000 th memory instruction
Sampling stash size at 999999 req has local max stash size of: 232

===*** Data ***====
Stall reason distribution: 
mc_hazard: 0
normal: 0
rs_hazard: 0
rw_swtich: 0
Early reshuffle distribution: 
0: 0
1: 0
2: 0
3: 0
4: 0
5: 0
6: 1886
7: 3816
8: 3874
9: 3864
10: 3757
11: 3808
12: 3667
13: 3314
14: 2910
15: 1879
16: 98
17: 0
18: 0
19: 0
20: 0
21: 0
22: 0
23: 0
24: 0
=================
Max stash size is: 244
Average stash size is: 114.909
Average mem q size is: 59.2214
Total mem q size is:14991376
mem_q_sample_times is:253141
useful_read_pull_ddr: 500004 (1.30957) %
dummy_read_pull_ddr: 8750164 (22.9177) %
useful_early_pull_ddr: 294500 (0.771328) %
useful_early_push_ddr: 170302 (0.44604) %
useful_write_pull_ddr: 7398620 (19.3778) %
useful_write_push_ddr: 3190861 (8.35722) %
dummy_early_pull_ddr: 18470 (0.048375) %
dummy_early_push_ddr: 621328 (1.62733) %
dummy_write_pull_ddr: 1684 (0.00441058) %
dummy_write_push_ddr: 17234956 (45.1403) %
=================
Stash violation number of times: 0
=================
Check NodeID traffic: 6540392
Update NodeID traffic: 35
=================
Read RS lines: 1000000 (85.782) %
Write RS lines: 100000 (8.5782) %
Early RS lines: 65746 (5.63982) %
Read DDR lines: 18500032 (24.6511) %
Write DDR lines: 54575000 (72.7207) %
Early DDR lines: 1972380 (2.62818) %

====*** pos1 ***====
Stall reason distribution: 
mc_hazard: 0
normal: 0
rs_hazard: 0
rw_swtich: 0
Early reshuffle distribution: 
0: 0
1: 0
2: 0
3: 1647
4: 3589
5: 3802
6: 3832
7: 3905
8: 3854
9: 3891
10: 3847
11: 3774
12: 3655
13: 3381
14: 2859
15: 1758
16: 80
17: 0
18: 0
19: 0
20: 0
21: 0
=================
Max stash size is: 238
Average stash size is: 103.605
Average mem q size is: 79.4019
Total mem q size is:7069229
mem_q_sample_times is:89031
useful_read_pull_ddr: 999993 (1.30236) %
dummy_read_pull_ddr: 17500516 (22.7922) %
useful_early_pull_ddr: 701206 (0.913231) %
useful_early_push_ddr: 416338 (0.542227) %
useful_write_pull_ddr: 14781687 (19.2513) %
useful_write_push_ddr: 7368600 (9.59666) %
dummy_early_pull_ddr: 44652 (0.0581535) %
dummy_early_push_ddr: 1470244 (1.91481) %
dummy_write_pull_ddr: 18313 (0.0238503) %
dummy_write_push_ddr: 33481400 (43.6053) %
=================
Stash violation number of times: 0
=================
Check NodeID traffic: 9508860
Update NodeID traffic: 5
=================
Read RS lines: 1000000 (84.1929) %
Write RS lines: 100000 (8.41929) %
Early RS lines: 87748 (7.38776) %
Read DDR lines: 18500509 (24.4367) %
Write DDR lines: 54575000 (72.0862) %
Early DDR lines: 2632440 (3.4771) %

====*** pos2 ***====
Stall reason distribution: 
mc_hazard: 0
normal: 0
rs_hazard: 0
rw_swtich: 0
Early reshuffle distribution: 
0: 0
1: 0
2: 1267
3: 3183
4: 3554
5: 3730
6: 3812
7: 3783
8: 3810
9: 3767
10: 3812
11: 3801
12: 3621
13: 3252
14: 2634
15: 1476
16: 34
17: 0
18: 0
=================
Max stash size is: 239
Average stash size is: 100.686
Average mem q size is: 77.167
Total mem q size is:5758279
mem_q_sample_times is:74621
useful_read_pull_ddr: 999983 (1.51844) %
dummy_read_pull_ddr: 15000017 (22.7769) %
useful_early_pull_ddr: 702446 (1.06664) %
useful_early_push_ddr: 420298 (0.638206) %
useful_write_pull_ddr: 12660641 (19.2247) %
useful_write_push_ddr: 7223687 (10.9689) %
dummy_early_pull_ddr: 50127 (0.0761159) %
dummy_early_push_ddr: 1483269 (2.25229) %
dummy_write_pull_ddr: 139359 (0.211611) %
dummy_write_push_ddr: 27176313 (41.2662) %
=================
Stash violation number of times: 0
=================
Check NodeID traffic: 5747636
Update NodeID traffic: 0
=================
Read RS lines: 1000000 (83.958) %
Write RS lines: 100000 (8.3958) %
Early RS lines: 91072 (7.64622) %
Read DDR lines: 16000000 (24.2954) %
Write DDR lines: 47200000 (71.6714) %
Early DDR lines: 2656140 (4.03325) %
=================
The final DRAM clk is: 416793653 ticks.
Idle waiting clk is 160297071, which is 38.4596 %
DRAM Frequency is: 1600MHz
The final time in ns is: 2.60496e+08 ns.
Time distribution: 
Data pull time is: 0
data: 0
pos1: 0
pos2: 0
Data distribution: 
Pos2 data: 65856140
Pos1 data: 75707949
Data: 75047412
Node access DDR: 13080784
Pull DDR: 18500032
WB DDR: 54575000
Early DDR: 1972380
Achieved BW is: 60.1804 GB/s
Ideal BW is: 102.4 GB/s
Metadata cache conclusion: 
overall_hit: 14451577 overall_total: 27532873
Cache Size 64 KB Overall Hit rate: 52.4884 %. 
Simulation done. Statistics written to results_all/random_addr_output.txt
