Valid leaf ID range: 8388607:16777214
Num of top nodes: 8388608
Data level num of ways: 8388608
Z: 16
S: 27
A: 20
cached_total: 1
cached_total: 3
cached_total: 7
cached_total: 15
cached_total: 31
cached_total: 63
Total number of ORAM protected cache line blocks: 8388608
Cached number of levels: 5
Max number of levels: 24
Start lvl is: 0
data valid leaf right: 16777215
data num of levels: 24
data level num of ways: 8388608
data number of sets: 1
Cached node ID: 0 -- 47
Address space: 0 - 4 GB
pos1 valid leaf right: 2097151
pos1 num of levels: 21
pos1 level num of ways: 1048576
pos1 number of sets: 1
Cached node ID: 0 -- 5
Address space: 0 - 0.5 GB
pos2 valid leaf right: 262143
pos2 num of levels: 18
pos2 level num of ways: 131072
pos2 number of sets: 1
Cached node ID: 0 -- 2
Address space: 0 - 0.0625 GB
new addr: 202
(myrs->posMap.find(new_addr) != myrs->posMap.end()): 1
(myrs->posMap[new_addr].pending): 0
myrs->posMap[new_addr] = 514
#2 ID 0 set true here
Clk7 @ 1000000 Finished 1691 instructions 
Clk3 @ 2000000 Finished 3487 instructions 
Sampling stash size at 4999 req has local max stash size of: 136
Clk3 @ 3000000 Finished 5303 instructions 
Clk7 @ 4000000 Finished 7174 instructions 
Clk3 @ 5000000 Finished 9027 instructions 
Clk@ 5515441 Working on the # 10000 th memory instruction
Sampling stash size at 9999 req has local max stash size of: 141
Clk3 @ 6000000 Finished 10915 instructions 
Clk3 @ 7000000 Finished 12827 instructions 
Clk7 @ 8000000 Finished 14748 instructions 
Sampling stash size at 14999 req has local max stash size of: 151
Clk3 @ 9000000 Finished 16627 instructions 
Clk3 @ 10000000 Finished 18567 instructions 
Clk@ 10754497 Working on the # 20000 th memory instruction
Sampling stash size at 19999 req has local max stash size of: 153
Clk3 @ 11000000 Finished 20468 instructions 
Clk3 @ 12000000 Finished 22387 instructions 
Clk3 @ 13000000 Finished 24307 instructions 
Sampling stash size at 24999 req has local max stash size of: 173
Clk3 @ 14000000 Finished 26263 instructions 
Clk3 @ 15000000 Finished 28205 instructions 
Clk@ 15919720 Working on the # 30000 th memory instruction
Sampling stash size at 29999 req has local max stash size of: 164
Clk3 @ 16000000 Finished 30146 instructions 
Clk3 @ 17000000 Finished 31977 instructions 
Clk3 @ 18000000 Finished 33943 instructions 
Sampling stash size at 34999 req has local max stash size of: 170
Clk3 @ 19000000 Finished 35902 instructions 
Clk3 @ 20000000 Finished 37867 instructions 
Clk7 @ 21000000 Finished 39790 instructions 
Clk@ 21105256 Working on the # 40000 th memory instruction
Sampling stash size at 39999 req has local max stash size of: 165
Clk3 @ 22000000 Finished 41712 instructions 
Clk3 @ 23000000 Finished 43648 instructions 
Sampling stash size at 44999 req has local max stash size of: 172
Clk7 @ 24000000 Finished 45607 instructions 
Clk7 @ 25000000 Finished 47529 instructions 
Clk7 @ 26000000 Finished 49523 instructions 
Clk@ 26245016 Working on the # 50000 th memory instruction
Sampling stash size at 49999 req has local max stash size of: 187
Clk3 @ 27000000 Finished 51482 instructions 
Clk3 @ 28000000 Finished 53427 instructions 
Sampling stash size at 54999 req has local max stash size of: 178
Clk3 @ 29000000 Finished 55383 instructions 
Clk3 @ 30000000 Finished 57367 instructions 
Clk7 @ 31000000 Finished 59347 instructions 
Clk@ 31331615 Working on the # 60000 th memory instruction
Sampling stash size at 59999 req has local max stash size of: 174
Clk3 @ 32000000 Finished 61227 instructions 
Clk3 @ 33000000 Finished 63085 instructions 
Sampling stash size at 64999 req has local max stash size of: 180
Clk3 @ 34000000 Finished 65021 instructions 
Clk3 @ 35000000 Finished 67002 instructions 
Clk7 @ 36000000 Finished 68977 instructions 
Clk@ 36516241 Working on the # 70000 th memory instruction
Sampling stash size at 69999 req has local max stash size of: 180
Clk3 @ 37000000 Finished 70947 instructions 
Clk3 @ 38000000 Finished 72907 instructions 
Clk3 @ 39000000 Finished 74885 instructions 
Sampling stash size at 74999 req has local max stash size of: 180
Clk7 @ 40000000 Finished 76816 instructions 
Clk3 @ 41000000 Finished 78763 instructions 
Clk@ 41621718 Working on the # 80000 th memory instruction
Sampling stash size at 79999 req has local max stash size of: 193
Clk3 @ 42000000 Finished 80727 instructions 
Clk7 @ 43000000 Finished 82643 instructions 
Clk7 @ 44000000 Finished 84546 instructions 
Sampling stash size at 84999 req has local max stash size of: 178
Clk3 @ 45000000 Finished 86475 instructions 
Clk3 @ 46000000 Finished 88426 instructions 
Clk@ 46799946 Working on the # 90000 th memory instruction
Sampling stash size at 89999 req has local max stash size of: 184
Clk7 @ 47000000 Finished 90401 instructions 
Clk7 @ 48000000 Finished 92321 instructions 
Clk3 @ 49000000 Finished 94207 instructions 
Sampling stash size at 94999 req has local max stash size of: 191
Clk3 @ 50000000 Finished 96187 instructions 
Clk3 @ 51000000 Finished 98167 instructions 
Clk@ 51937300 Working on the # 100000 th memory instruction
Sampling stash size at 99999 req has local max stash size of: 186
Clk3 @ 52000000 Finished 100124 instructions 
Clk3 @ 53000000 Finished 102067 instructions 
Clk3 @ 54000000 Finished 103987 instructions 
Sampling stash size at 104999 req has local max stash size of: 185
Clk3 @ 55000000 Finished 105933 instructions 
Clk3 @ 56000000 Finished 107868 instructions 
Clk3 @ 57000000 Finished 109807 instructions 
Clk@ 57095395 Working on the # 110000 th memory instruction
Sampling stash size at 109999 req has local max stash size of: 190
Clk3 @ 58000000 Finished 111780 instructions 
Clk7 @ 59000000 Finished 113737 instructions 
Sampling stash size at 114999 req has local max stash size of: 181
Clk3 @ 60000000 Finished 115707 instructions 
Clk3 @ 61000000 Finished 117667 instructions 
Clk3 @ 62000000 Finished 119630 instructions 
Clk@ 62181059 Working on the # 120000 th memory instruction
Sampling stash size at 119999 req has local max stash size of: 189
Clk3 @ 63000000 Finished 121567 instructions 
Clk7 @ 64000000 Finished 123380 instructions 
Sampling stash size at 124999 req has local max stash size of: 188
Clk7 @ 65000000 Finished 125208 instructions 
Clk3 @ 66000000 Finished 127138 instructions 
Clk3 @ 67000000 Finished 129084 instructions 
Clk@ 67472138 Working on the # 130000 th memory instruction
Sampling stash size at 129999 req has local max stash size of: 183
Clk7 @ 68000000 Finished 131031 instructions 
Clk3 @ 69000000 Finished 132983 instructions 
Clk3 @ 70000000 Finished 134962 instructions 
Sampling stash size at 134999 req has local max stash size of: 190
Clk7 @ 71000000 Finished 136939 instructions 
Clk3 @ 72000000 Finished 138895 instructions 
Clk@ 72573674 Working on the # 140000 th memory instruction
Sampling stash size at 139999 req has local max stash size of: 190
Clk3 @ 73000000 Finished 140844 instructions 
Clk7 @ 74000000 Finished 142793 instructions 
Clk3 @ 75000000 Finished 144727 instructions 
Sampling stash size at 144999 req has local max stash size of: 192
Clk3 @ 76000000 Finished 146689 instructions 
Clk3 @ 77000000 Finished 148654 instructions 
Clk@ 77681901 Working on the # 150000 th memory instruction
Sampling stash size at 149999 req has local max stash size of: 197
Clk7 @ 78000000 Finished 150620 instructions 
Clk3 @ 79000000 Finished 152542 instructions 
Clk3 @ 80000000 Finished 154436 instructions 
Sampling stash size at 154999 req has local max stash size of: 198
Clk7 @ 81000000 Finished 156380 instructions 
Clk3 @ 82000000 Finished 158343 instructions 
Clk@ 82843866 Working on the # 160000 th memory instruction
Sampling stash size at 159999 req has local max stash size of: 196
Clk3 @ 83000000 Finished 160284 instructions 
Clk7 @ 84000000 Finished 162257 instructions 
Clk3 @ 85000000 Finished 164167 instructions 
Sampling stash size at 164999 req has local max stash size of: 187
Clk7 @ 86000000 Finished 166061 instructions 
Clk3 @ 87000000 Finished 167926 instructions 
Clk3 @ 88000000 Finished 169867 instructions 
Clk@ 88065491 Working on the # 170000 th memory instruction
Sampling stash size at 169999 req has local max stash size of: 193
Clk3 @ 89000000 Finished 171767 instructions 
Clk7 @ 90000000 Finished 173676 instructions 
Sampling stash size at 174999 req has local max stash size of: 191
Clk3 @ 91000000 Finished 175587 instructions 
Clk7 @ 92000000 Finished 177538 instructions 
Clk7 @ 93000000 Finished 179455 instructions 
Clk@ 93274360 Working on the # 180000 th memory instruction
Sampling stash size at 179999 req has local max stash size of: 194
Clk3 @ 94000000 Finished 181401 instructions 
Clk3 @ 95000000 Finished 183247 instructions 
Sampling stash size at 184999 req has local max stash size of: 198
Clk7 @ 96000000 Finished 185188 instructions 
Clk3 @ 97000000 Finished 187042 instructions 
Clk3 @ 98000000 Finished 189002 instructions 
Clk@ 98506686 Working on the # 190000 th memory instruction
Sampling stash size at 189999 req has local max stash size of: 202
Clk7 @ 99000000 Finished 190952 instructions 
Clk3 @ 100000000 Finished 192943 instructions 
Clk3 @ 101000000 Finished 194887 instructions 
Sampling stash size at 194999 req has local max stash size of: 196
Clk3 @ 102000000 Finished 196853 instructions 
Clk@ 103613400 Working on the # 200000 th memory instruction
Sampling stash size at 199999 req has local max stash size of: 193
Clk7 @ 105000000 Finished 202698 instructions 
Clk3 @ 106000000 Finished 204640 instructions 
Sampling stash size at 204999 req has local max stash size of: 191
Clk3 @ 107000000 Finished 206567 instructions 
Clk3 @ 108000000 Finished 208493 instructions 
Clk@ 108777890 Working on the # 210000 th memory instruction
Sampling stash size at 209999 req has local max stash size of: 200
Clk3 @ 109000000 Finished 210437 instructions 
Clk3 @ 110000000 Finished 212364 instructions 
Clk7 @ 111000000 Finished 214263 instructions 
Sampling stash size at 214999 req has local max stash size of: 201
Clk7 @ 112000000 Finished 216214 instructions 
Clk7 @ 113000000 Finished 218108 instructions 
Clk@ 113961386 Working on the # 220000 th memory instruction
Sampling stash size at 219999 req has local max stash size of: 191
Clk3 @ 114000000 Finished 220076 instructions 
Clk3 @ 115000000 Finished 222027 instructions 
Clk3 @ 116000000 Finished 224002 instructions 
Sampling stash size at 224999 req has local max stash size of: 196
Clk7 @ 117000000 Finished 225942 instructions 
Clk3 @ 118000000 Finished 227887 instructions 
Clk3 @ 119000000 Finished 229822 instructions 
Clk@ 119090558 Working on the # 230000 th memory instruction
Sampling stash size at 229999 req has local max stash size of: 194
Clk3 @ 120000000 Finished 231787 instructions 
Clk3 @ 121000000 Finished 233724 instructions 
Sampling stash size at 234999 req has local max stash size of: 192
Clk3 @ 122000000 Finished 235687 instructions 
Clk3 @ 123000000 Finished 237627 instructions 
Clk3 @ 124000000 Finished 239584 instructions 
Clk@ 124209708 Working on the # 240000 th memory instruction
Sampling stash size at 239999 req has local max stash size of: 200
Clk3 @ 125000000 Finished 241507 instructions 
Clk3 @ 126000000 Finished 243407 instructions 
Sampling stash size at 244999 req has local max stash size of: 202
Clk7 @ 127000000 Finished 245169 instructions 
Clk3 @ 128000000 Finished 247021 instructions 
Clk7 @ 129000000 Finished 248804 instructions 
Clk@ 129649580 Working on the # 250000 th memory instruction
Sampling stash size at 249999 req has local max stash size of: 202
Clk7 @ 130000000 Finished 250647 instructions 
Clk3 @ 131000000 Finished 252564 instructions 
Clk7 @ 132000000 Finished 254476 instructions 
Sampling stash size at 254999 req has local max stash size of: 195
Clk3 @ 133000000 Finished 256367 instructions 
Clk7 @ 134000000 Finished 258300 instructions 
Clk@ 134885230 Working on the # 260000 th memory instruction
Sampling stash size at 259999 req has local max stash size of: 196
Clk7 @ 135000000 Finished 260226 instructions 
Clk3 @ 136000000 Finished 262182 instructions 
Clk3 @ 137000000 Finished 264087 instructions 
Sampling stash size at 264999 req has local max stash size of: 200
Clk3 @ 138000000 Finished 266025 instructions 
Clk3 @ 139000000 Finished 267964 instructions 
Clk3 @ 140000000 Finished 269927 instructions 
Clk@ 140033823 Working on the # 270000 th memory instruction
Sampling stash size at 269999 req has local max stash size of: 202
Clk3 @ 141000000 Finished 271905 instructions 
Clk7 @ 142000000 Finished 273860 instructions 
Sampling stash size at 274999 req has local max stash size of: 198
Clk3 @ 143000000 Finished 275729 instructions 
Clk3 @ 144000000 Finished 277716 instructions 
Clk7 @ 145000000 Finished 279627 instructions 
Clk@ 145193318 Working on the # 280000 th memory instruction
Sampling stash size at 279999 req has local max stash size of: 198
Clk3 @ 146000000 Finished 281580 instructions 
Clk7 @ 147000000 Finished 283527 instructions 
Sampling stash size at 284999 req has local max stash size of: 201
Clk3 @ 148000000 Finished 285469 instructions 
Clk3 @ 149000000 Finished 287421 instructions 
Clk3 @ 150000000 Finished 289347 instructions 
Clk@ 150342712 Working on the # 290000 th memory instruction
Sampling stash size at 289999 req has local max stash size of: 199
Clk3 @ 151000000 Finished 291267 instructions 
Clk7 @ 152000000 Finished 293216 instructions 
Sampling stash size at 294999 req has local max stash size of: 199
Clk3 @ 153000000 Finished 295162 instructions 
Clk7 @ 154000000 Finished 297125 instructions 
Clk3 @ 155000000 Finished 299071 instructions 
Clk@ 155472481 Working on the # 300000 th memory instruction
Sampling stash size at 299999 req has local max stash size of: 202
Clk7 @ 156000000 Finished 301021 instructions 
Clk3 @ 157000000 Finished 302967 instructions 
Clk7 @ 158000000 Finished 304877 instructions 
Sampling stash size at 304999 req has local max stash size of: 200
Clk3 @ 159000000 Finished 306723 instructions 
Clk3 @ 160000000 Finished 308627 instructions 
Clk@ 160728026 Working on the # 310000 th memory instruction
Sampling stash size at 309999 req has local max stash size of: 200
Clk3 @ 161000000 Finished 310527 instructions 
Clk3 @ 162000000 Finished 312478 instructions 
Clk3 @ 163000000 Finished 314407 instructions 
Sampling stash size at 314999 req has local max stash size of: 199
Clk7 @ 164000000 Finished 316321 instructions 
Clk3 @ 165000000 Finished 318267 instructions 
Clk@ 165883080 Working on the # 320000 th memory instruction
Sampling stash size at 319999 req has local max stash size of: 211
Clk7 @ 166000000 Finished 320195 instructions 
Clk3 @ 167000000 Finished 322147 instructions 
Clk7 @ 168000000 Finished 324067 instructions 
Sampling stash size at 324999 req has local max stash size of: 208
Clk7 @ 169000000 Finished 325993 instructions 
Clk7 @ 170000000 Finished 327889 instructions 
Clk7 @ 171000000 Finished 329786 instructions 
Clk@ 171111617 Working on the # 330000 th memory instruction
Sampling stash size at 329999 req has local max stash size of: 204
Clk3 @ 172000000 Finished 331647 instructions 
Clk3 @ 173000000 Finished 333526 instructions 
Sampling stash size at 334999 req has local max stash size of: 212
Clk3 @ 174000000 Finished 335407 instructions 
Clk7 @ 175000000 Finished 337335 instructions 
Clk7 @ 176000000 Finished 339254 instructions 
Clk@ 176379365 Working on the # 340000 th memory instruction
Sampling stash size at 339999 req has local max stash size of: 195
Clk3 @ 177000000 Finished 341205 instructions 
Clk7 @ 178000000 Finished 343039 instructions 
Clk3 @ 179000000 Finished 344947 instructions 
Sampling stash size at 344999 req has local max stash size of: 199
Clk3 @ 180000000 Finished 346863 instructions 
Clk7 @ 181000000 Finished 348802 instructions 
Clk@ 181613194 Working on the # 350000 th memory instruction
Sampling stash size at 349999 req has local max stash size of: 204
Clk3 @ 182000000 Finished 350722 instructions 
Clk3 @ 183000000 Finished 352667 instructions 
Clk3 @ 184000000 Finished 354607 instructions 
Sampling stash size at 354999 req has local max stash size of: 207
Clk3 @ 185000000 Finished 356585 instructions 
Clk3 @ 186000000 Finished 358492 instructions 
Clk@ 186772164 Working on the # 360000 th memory instruction
Sampling stash size at 359999 req has local max stash size of: 205
Clk7 @ 187000000 Finished 360446 instructions 
Clk3 @ 188000000 Finished 362387 instructions 
Clk3 @ 189000000 Finished 364336 instructions 
Sampling stash size at 364999 req has local max stash size of: 207
Clk7 @ 190000000 Finished 366140 instructions 
Clk3 @ 191000000 Finished 368083 instructions 
Clk@ 191991789 Working on the # 370000 th memory instruction
Sampling stash size at 369999 req has local max stash size of: 200
Clk3 @ 192000000 Finished 370013 instructions 
Clk3 @ 193000000 Finished 371925 instructions 
Clk7 @ 193000000 Finished 371925 instructions 
Clk3 @ 194000000 Finished 373741 instructions 
Sampling stash size at 374999 req has local max stash size of: 220
Clk7 @ 195000000 Finished 375673 instructions 
Clk3 @ 196000000 Finished 377607 instructions 
Clk3 @ 197000000 Finished 379579 instructions 
Clk@ 197208411 Working on the # 380000 th memory instruction
Sampling stash size at 379999 req has local max stash size of: 206
Clk7 @ 198000000 Finished 381508 instructions 
Clk7 @ 199000000 Finished 383462 instructions 
Sampling stash size at 384999 req has local max stash size of: 204
Clk3 @ 200000000 Finished 385417 instructions 
Clk7 @ 201000000 Finished 387382 instructions 
Clk3 @ 202000000 Finished 389322 instructions 
Clk@ 202354485 Working on the # 390000 th memory instruction
Sampling stash size at 389999 req has local max stash size of: 203
Clk3 @ 203000000 Finished 391267 instructions 
Clk7 @ 204000000 Finished 393192 instructions 
Sampling stash size at 394999 req has local max stash size of: 203
Clk7 @ 205000000 Finished 395161 instructions 
Clk7 @ 206000000 Finished 397022 instructions 
Clk7 @ 207000000 Finished 398979 instructions 
Clk@ 207525847 Working on the # 400000 th memory instruction
Sampling stash size at 399999 req has local max stash size of: 204
Clk3 @ 208000000 Finished 400904 instructions 
Clk3 @ 209000000 Finished 402852 instructions 
Clk7 @ 210000000 Finished 404766 instructions 
Sampling stash size at 404999 req has local max stash size of: 216
Clk7 @ 211000000 Finished 406672 instructions 
Clk3 @ 212000000 Finished 408601 instructions 
Clk@ 212718775 Working on the # 410000 th memory instruction
Sampling stash size at 409999 req has local max stash size of: 206
Clk3 @ 213000000 Finished 410546 instructions 
Clk3 @ 214000000 Finished 412482 instructions 
Clk3 @ 215000000 Finished 414387 instructions 
Sampling stash size at 414999 req has local max stash size of: 202
Clk3 @ 216000000 Finished 416347 instructions 
Clk3 @ 217000000 Finished 418302 instructions 
Clk@ 217891112 Working on the # 420000 th memory instruction
Sampling stash size at 419999 req has local max stash size of: 211
Clk7 @ 218000000 Finished 420215 instructions 
Clk3 @ 219000000 Finished 422146 instructions 
Clk3 @ 220000000 Finished 424064 instructions 
Sampling stash size at 424999 req has local max stash size of: 202
Clk3 @ 221000000 Finished 426003 instructions 
Clk3 @ 222000000 Finished 427857 instructions 
Clk3 @ 223000000 Finished 429781 instructions 
Clk@ 223109758 Working on the # 430000 th memory instruction
Sampling stash size at 429999 req has local max stash size of: 214
Clk7 @ 224000000 Finished 431746 instructions 
Clk7 @ 225000000 Finished 433667 instructions 
Sampling stash size at 434999 req has local max stash size of: 204
Clk7 @ 226000000 Finished 435513 instructions 
Clk7 @ 227000000 Finished 437470 instructions 
Clk7 @ 228000000 Finished 439428 instructions 
Clk@ 228286831 Working on the # 440000 th memory instruction
Sampling stash size at 439999 req has local max stash size of: 206
Clk3 @ 229000000 Finished 441407 instructions 
Clk3 @ 230000000 Finished 443323 instructions 
Sampling stash size at 444999 req has local max stash size of: 204
Clk3 @ 231000000 Finished 445267 instructions 
Clk7 @ 232000000 Finished 447200 instructions 
Clk3 @ 233000000 Finished 449147 instructions 
Clk@ 233443589 Working on the # 450000 th memory instruction
Sampling stash size at 449999 req has local max stash size of: 211
Clk3 @ 234000000 Finished 451087 instructions 
Clk3 @ 235000000 Finished 453027 instructions 
Clk3 @ 236000000 Finished 454958 instructions 
Sampling stash size at 454999 req has local max stash size of: 206
Clk3 @ 237000000 Finished 456887 instructions 
Clk7 @ 238000000 Finished 458805 instructions 
Clk@ 238621865 Working on the # 460000 th memory instruction
Sampling stash size at 459999 req has local max stash size of: 208
Clk7 @ 239000000 Finished 460724 instructions 
Clk3 @ 240000000 Finished 462696 instructions 
Warm up done after line access count: 463991 out of 927983 (49.9999 %)
Clk3 @ 241000000 Finished 464647 instructions 
Sampling stash size at 464999 req has local max stash size of: 204
Clk7 @ 242000000 Finished 466546 instructions 
Clk3 @ 243000000 Finished 468502 instructions 
Clk@ 243771256 Working on the # 470000 th memory instruction
Sampling stash size at 469999 req has local max stash size of: 206
Clk3 @ 244000000 Finished 470433 instructions 
Clk3 @ 245000000 Finished 472378 instructions 
Clk3 @ 246000000 Finished 474324 instructions 
Sampling stash size at 474999 req has local max stash size of: 212
Clk7 @ 247000000 Finished 476248 instructions 
Clk3 @ 248000000 Finished 478201 instructions 
Clk@ 248919580 Working on the # 480000 th memory instruction
Sampling stash size at 479999 req has local max stash size of: 210
Clk7 @ 249000000 Finished 480134 instructions 
Clk3 @ 250000000 Finished 482036 instructions 
Clk3 @ 251000000 Finished 483921 instructions 
Sampling stash size at 484999 req has local max stash size of: 208
Clk3 @ 252000000 Finished 485807 instructions 
Clk3 @ 253000000 Finished 487628 instructions 
Clk7 @ 254000000 Finished 489343 instructions 
Clk@ 254357487 Working on the # 490000 th memory instruction
Sampling stash size at 489999 req has local max stash size of: 204
Clk3 @ 255000000 Finished 491195 instructions 
Clk3 @ 256000000 Finished 493006 instructions 
Clk3 @ 257000000 Finished 494821 instructions 
Sampling stash size at 494999 req has local max stash size of: 216
Clk7 @ 258000000 Finished 496562 instructions 
Clk7 @ 259000000 Finished 498413 instructions 
Clk@ 259867079 Working on the # 500000 th memory instruction
Sampling stash size at 499999 req has local max stash size of: 200
Clk3 @ 260000000 Finished 500242 instructions 
Clk3 @ 261000000 Finished 502107 instructions 
Clk3 @ 262000000 Finished 504004 instructions 
Sampling stash size at 504999 req has local max stash size of: 206
Clk3 @ 263000000 Finished 505895 instructions 
Clk7 @ 263000000 Finished 505895 instructions 
Clk7 @ 264000000 Finished 507795 instructions 
Clk3 @ 265000000 Finished 509687 instructions 
Clk@ 265167503 Working on the # 510000 th memory instruction
Sampling stash size at 509999 req has local max stash size of: 208
Clk3 @ 266000000 Finished 511524 instructions 
Clk3 @ 267000000 Finished 513467 instructions 
Sampling stash size at 514999 req has local max stash size of: 206
Clk3 @ 268000000 Finished 515387 instructions 
Clk7 @ 269000000 Finished 517306 instructions 
Clk7 @ 270000000 Finished 519174 instructions 
Clk@ 270423556 Working on the # 520000 th memory instruction
Sampling stash size at 519999 req has local max stash size of: 202
Clk3 @ 271000000 Finished 521107 instructions 
Clk3 @ 272000000 Finished 523045 instructions 
Clk3 @ 273000000 Finished 524963 instructions 
Sampling stash size at 524999 req has local max stash size of: 208
Clk3 @ 274000000 Finished 526807 instructions 
Clk3 @ 275000000 Finished 528727 instructions 
Clk@ 275654903 Working on the # 530000 th memory instruction
Sampling stash size at 529999 req has local max stash size of: 213
Clk7 @ 276000000 Finished 530667 instructions 
Clk3 @ 277000000 Finished 532587 instructions 
Clk3 @ 278000000 Finished 534527 instructions 
Sampling stash size at 534999 req has local max stash size of: 209
Clk3 @ 279000000 Finished 536447 instructions 
Clk7 @ 280000000 Finished 538402 instructions 
Clk@ 280820140 Working on the # 540000 th memory instruction
Sampling stash size at 539999 req has local max stash size of: 216
Clk3 @ 281000000 Finished 540343 instructions 
Clk3 @ 282000000 Finished 542267 instructions 
Clk3 @ 283000000 Finished 544239 instructions 
Sampling stash size at 544999 req has local max stash size of: 205
Clk7 @ 284000000 Finished 546200 instructions 
Clk3 @ 285000000 Finished 548141 instructions 
Clk3 @ 286000000 Finished 549967 instructions 
Clk@ 286013240 Working on the # 550000 th memory instruction
Sampling stash size at 549999 req has local max stash size of: 203
Clk7 @ 287000000 Finished 551919 instructions 
Clk3 @ 288000000 Finished 553875 instructions 
Sampling stash size at 554999 req has local max stash size of: 209
Clk7 @ 289000000 Finished 555808 instructions 
Clk3 @ 290000000 Finished 557662 instructions 
Clk3 @ 291000000 Finished 559582 instructions 
Clk@ 291212843 Working on the # 560000 th memory instruction
Sampling stash size at 559999 req has local max stash size of: 211
Clk3 @ 292000000 Finished 561538 instructions 
Clk3 @ 293000000 Finished 563467 instructions 
Sampling stash size at 564999 req has local max stash size of: 219
Clk3 @ 294000000 Finished 565401 instructions 
Clk7 @ 295000000 Finished 567348 instructions 
Clk3 @ 296000000 Finished 569287 instructions 
Clk@ 296374764 Working on the # 570000 th memory instruction
Sampling stash size at 569999 req has local max stash size of: 213
Clk7 @ 297000000 Finished 571226 instructions 
Clk7 @ 298000000 Finished 573156 instructions 
Sampling stash size at 574999 req has local max stash size of: 213
Clk3 @ 299000000 Finished 575098 instructions 
Clk7 @ 300000000 Finished 577014 instructions 
Clk3 @ 301000000 Finished 578927 instructions 
Clk@ 301571046 Working on the # 580000 th memory instruction
Sampling stash size at 579999 req has local max stash size of: 216
Clk3 @ 302000000 Finished 580847 instructions 
Clk7 @ 303000000 Finished 582778 instructions 
Clk3 @ 304000000 Finished 584735 instructions 
Sampling stash size at 584999 req has local max stash size of: 211
Clk3 @ 305000000 Finished 586669 instructions 
Clk7 @ 306000000 Finished 588570 instructions 
Clk@ 306738640 Working on the # 590000 th memory instruction
Sampling stash size at 589999 req has local max stash size of: 212
Clk3 @ 307000000 Finished 590505 instructions 
Clk3 @ 308000000 Finished 592461 instructions 
Clk3 @ 309000000 Finished 594387 instructions 
Sampling stash size at 594999 req has local max stash size of: 216
Clk7 @ 310000000 Finished 596328 instructions 
Clk7 @ 311000000 Finished 598255 instructions 
Clk@ 311887231 Working on the # 600000 th memory instruction
Sampling stash size at 599999 req has local max stash size of: 212
Clk3 @ 312000000 Finished 600210 instructions 
Clk7 @ 313000000 Finished 602138 instructions 
Clk3 @ 314000000 Finished 604083 instructions 
Sampling stash size at 604999 req has local max stash size of: 219
Clk7 @ 315000000 Finished 606027 instructions 
Clk3 @ 316000000 Finished 607967 instructions 
Clk3 @ 317000000 Finished 609815 instructions 
Clk@ 317108446 Working on the # 610000 th memory instruction
Sampling stash size at 609999 req has local max stash size of: 208
Clk3 @ 318000000 Finished 611638 instructions 
Clk7 @ 319000000 Finished 613533 instructions 
Sampling stash size at 614999 req has local max stash size of: 204
Clk7 @ 320000000 Finished 615469 instructions 
Clk3 @ 321000000 Finished 617367 instructions 
Clk3 @ 322000000 Finished 619247 instructions 
Clk@ 322380611 Working on the # 620000 th memory instruction
Sampling stash size at 619999 req has local max stash size of: 230
Clk7 @ 323000000 Finished 621200 instructions 
Clk3 @ 324000000 Finished 623167 instructions 
Sampling stash size at 624999 req has local max stash size of: 209
Clk3 @ 325000000 Finished 625087 instructions 
Clk7 @ 326000000 Finished 627045 instructions 
Clk7 @ 327000000 Finished 628974 instructions 
Clk@ 327524232 Working on the # 630000 th memory instruction
Sampling stash size at 629999 req has local max stash size of: 209
Clk3 @ 328000000 Finished 630907 instructions 
Clk3 @ 329000000 Finished 632826 instructions 
Clk7 @ 330000000 Finished 634756 instructions 
Sampling stash size at 634999 req has local max stash size of: 211
Clk3 @ 331000000 Finished 636687 instructions 
Clk3 @ 332000000 Finished 638643 instructions 
Clk@ 332696823 Working on the # 640000 th memory instruction
Sampling stash size at 639999 req has local max stash size of: 207
Clk3 @ 333000000 Finished 640525 instructions 
Clk3 @ 334000000 Finished 642442 instructions 
Clk7 @ 335000000 Finished 644373 instructions 
Sampling stash size at 644999 req has local max stash size of: 210
Clk3 @ 336000000 Finished 646307 instructions 
Clk3 @ 337000000 Finished 648201 instructions 
Clk@ 337926049 Working on the # 650000 th memory instruction
Sampling stash size at 649999 req has local max stash size of: 214
Clk3 @ 338000000 Finished 650142 instructions 
Clk3 @ 339000000 Finished 652024 instructions 
Clk3 @ 340000000 Finished 653954 instructions 
Sampling stash size at 654999 req has local max stash size of: 208
Clk3 @ 341000000 Finished 655827 instructions 
Clk3 @ 342000000 Finished 657731 instructions 
Clk3 @ 343000000 Finished 659643 instructions 
Clk@ 343186258 Working on the # 660000 th memory instruction
Sampling stash size at 659999 req has local max stash size of: 217
Clk3 @ 344000000 Finished 661527 instructions 
Clk3 @ 345000000 Finished 663387 instructions 
Sampling stash size at 664999 req has local max stash size of: 213
Clk3 @ 346000000 Finished 665265 instructions 
Clk3 @ 347000000 Finished 667147 instructions 
Clk3 @ 348000000 Finished 669067 instructions 
Clk@ 348491065 Working on the # 670000 th memory instruction
Sampling stash size at 669999 req has local max stash size of: 214
Clk3 @ 349000000 Finished 670903 instructions 
Clk3 @ 350000000 Finished 672833 instructions 
Clk7 @ 351000000 Finished 674747 instructions 
Sampling stash size at 674999 req has local max stash size of: 224
Clk3 @ 352000000 Finished 676687 instructions 
Clk3 @ 353000000 Finished 678639 instructions 
Clk@ 353694437 Working on the # 680000 th memory instruction
Sampling stash size at 679999 req has local max stash size of: 217
Clk3 @ 354000000 Finished 680601 instructions 
Clk7 @ 355000000 Finished 682546 instructions 
Clk3 @ 356000000 Finished 684467 instructions 
Sampling stash size at 684999 req has local max stash size of: 213
Clk3 @ 357000000 Finished 686305 instructions 
Clk3 @ 358000000 Finished 688247 instructions 
Clk@ 358916673 Working on the # 690000 th memory instruction
Sampling stash size at 689999 req has local max stash size of: 212
Clk7 @ 359000000 Finished 690163 instructions 
Clk3 @ 360000000 Finished 692100 instructions 
Clk7 @ 361000000 Finished 694005 instructions 
Sampling stash size at 694999 req has local max stash size of: 221
Clk7 @ 362000000 Finished 695977 instructions 
Clk3 @ 363000000 Finished 697897 instructions 
Clk7 @ 364000000 Finished 699818 instructions 
Clk@ 364093522 Working on the # 700000 th memory instruction
Sampling stash size at 699999 req has local max stash size of: 220
Clk7 @ 365000000 Finished 701678 instructions 
Clk3 @ 366000000 Finished 703611 instructions 
Sampling stash size at 704999 req has local max stash size of: 213
Clk7 @ 367000000 Finished 705528 instructions 
Clk7 @ 368000000 Finished 707447 instructions 
Clk3 @ 369000000 Finished 709403 instructions 
Clk@ 369309751 Working on the # 710000 th memory instruction
Sampling stash size at 709999 req has local max stash size of: 213
Clk3 @ 370000000 Finished 711342 instructions 
Clk7 @ 371000000 Finished 713296 instructions 
Sampling stash size at 714999 req has local max stash size of: 214
Clk3 @ 372000000 Finished 715270 instructions 
Clk7 @ 373000000 Finished 717136 instructions 
Clk7 @ 374000000 Finished 719067 instructions 
Clk@ 374480412 Working on the # 720000 th memory instruction
Sampling stash size at 719999 req has local max stash size of: 219
Clk7 @ 375000000 Finished 720990 instructions 
Clk3 @ 376000000 Finished 722930 instructions 
Clk7 @ 377000000 Finished 724867 instructions 
Sampling stash size at 724999 req has local max stash size of: 207
Clk3 @ 378000000 Finished 726807 instructions 
Clk3 @ 379000000 Finished 728713 instructions 
Clk@ 379679966 Working on the # 730000 th memory instruction
Sampling stash size at 729999 req has local max stash size of: 216
Clk3 @ 380000000 Finished 730599 instructions 
Clk3 @ 381000000 Finished 732347 instructions 
Clk3 @ 382000000 Finished 734264 instructions 
Sampling stash size at 734999 req has local max stash size of: 217
Clk3 @ 383000000 Finished 736207 instructions 
Clk7 @ 384000000 Finished 738136 instructions 
Clk@ 384984186 Working on the # 740000 th memory instruction
Sampling stash size at 739999 req has local max stash size of: 215
Clk3 @ 385000000 Finished 740027 instructions 
Clk7 @ 386000000 Finished 741916 instructions 
Clk3 @ 387000000 Finished 743800 instructions 
Sampling stash size at 744999 req has local max stash size of: 216
Clk3 @ 388000000 Finished 745627 instructions 
Clk3 @ 389000000 Finished 747407 instructions 
Clk3 @ 390000000 Finished 749322 instructions 
Clk@ 390348408 Working on the # 750000 th memory instruction
Sampling stash size at 749999 req has local max stash size of: 212
Clk3 @ 391000000 Finished 751265 instructions 
Clk3 @ 392000000 Finished 753197 instructions 
Sampling stash size at 754999 req has local max stash size of: 211
Clk3 @ 393000000 Finished 755104 instructions 
Clk7 @ 394000000 Finished 757051 instructions 
Clk7 @ 395000000 Finished 759000 instructions 
Clk@ 395505151 Working on the # 760000 th memory instruction
Sampling stash size at 759999 req has local max stash size of: 223
Clk3 @ 396000000 Finished 760947 instructions 
Clk7 @ 397000000 Finished 762825 instructions 
Clk3 @ 398000000 Finished 764781 instructions 
Sampling stash size at 764999 req has local max stash size of: 217
Clk7 @ 399000000 Finished 766728 instructions 
Clk3 @ 400000000 Finished 768687 instructions 
Clk@ 400685038 Working on the # 770000 th memory instruction
Sampling stash size at 769999 req has local max stash size of: 210
Clk7 @ 401000000 Finished 770617 instructions 
Clk7 @ 402000000 Finished 772551 instructions 
Clk7 @ 403000000 Finished 774498 instructions 
Sampling stash size at 774999 req has local max stash size of: 212
Clk3 @ 404000000 Finished 776447 instructions 
Clk7 @ 405000000 Finished 778347 instructions 
Clk@ 405858684 Working on the # 780000 th memory instruction
Sampling stash size at 779999 req has local max stash size of: 213
Clk7 @ 406000000 Finished 780273 instructions 
Clk7 @ 407000000 Finished 782224 instructions 
Clk3 @ 408000000 Finished 784167 instructions 
Sampling stash size at 784999 req has local max stash size of: 223
Clk3 @ 409000000 Finished 786084 instructions 
Clk3 @ 410000000 Finished 788024 instructions 
Clk7 @ 411000000 Finished 789939 instructions 
Clk@ 411031129 Working on the # 790000 th memory instruction
Sampling stash size at 789999 req has local max stash size of: 213
Clk7 @ 412000000 Finished 791867 instructions 
Clk3 @ 413000000 Finished 793687 instructions 
Sampling stash size at 794999 req has local max stash size of: 216
Clk3 @ 414000000 Finished 795642 instructions 
Clk7 @ 415000000 Finished 797582 instructions 
Clk7 @ 416000000 Finished 799527 instructions 
Clk@ 416244440 Working on the # 800000 th memory instruction
Sampling stash size at 799999 req has local max stash size of: 211
Clk7 @ 417000000 Finished 801443 instructions 
Clk7 @ 418000000 Finished 803372 instructions 
Sampling stash size at 804999 req has local max stash size of: 212
Clk3 @ 419000000 Finished 805322 instructions 
Clk7 @ 420000000 Finished 807260 instructions 
Clk7 @ 421000000 Finished 809114 instructions 
Clk@ 421451882 Working on the # 810000 th memory instruction
Sampling stash size at 809999 req has local max stash size of: 223
Clk3 @ 422000000 Finished 811067 instructions 
Clk3 @ 423000000 Finished 812987 instructions 
Clk7 @ 424000000 Finished 814925 instructions 
Sampling stash size at 814999 req has local max stash size of: 213
Clk3 @ 425000000 Finished 816847 instructions 
Clk3 @ 426000000 Finished 818803 instructions 
Clk@ 426621343 Working on the # 820000 th memory instruction
Sampling stash size at 819999 req has local max stash size of: 223
Clk3 @ 427000000 Finished 820727 instructions 
Clk3 @ 428000000 Finished 822647 instructions 
Clk3 @ 429000000 Finished 824547 instructions 
Sampling stash size at 824999 req has local max stash size of: 210
Clk3 @ 430000000 Finished 826487 instructions 
Clk3 @ 431000000 Finished 828347 instructions 
Clk@ 431853985 Working on the # 830000 th memory instruction
Sampling stash size at 829999 req has local max stash size of: 217
Clk3 @ 432000000 Finished 830287 instructions 
Clk7 @ 433000000 Finished 832229 instructions 
Clk7 @ 434000000 Finished 834182 instructions 
Sampling stash size at 834999 req has local max stash size of: 216
Clk7 @ 435000000 Finished 836114 instructions 
Clk3 @ 436000000 Finished 838027 instructions 
Clk7 @ 437000000 Finished 839918 instructions 
Clk@ 437041092 Working on the # 840000 th memory instruction
Sampling stash size at 839999 req has local max stash size of: 222
Clk7 @ 438000000 Finished 841836 instructions 
Clk3 @ 439000000 Finished 843727 instructions 
Sampling stash size at 844999 req has local max stash size of: 209
Clk3 @ 440000000 Finished 845683 instructions 
Clk3 @ 441000000 Finished 847583 instructions 
Clk3 @ 442000000 Finished 849482 instructions 
Clk@ 442269012 Working on the # 850000 th memory instruction
Sampling stash size at 849999 req has local max stash size of: 221
Clk7 @ 443000000 Finished 851404 instructions 
Clk7 @ 444000000 Finished 853297 instructions 
Sampling stash size at 854999 req has local max stash size of: 216
Clk3 @ 445000000 Finished 855142 instructions 
Clk3 @ 446000000 Finished 857107 instructions 
Clk3 @ 447000000 Finished 859061 instructions 
Clk@ 447487929 Working on the # 860000 th memory instruction
Sampling stash size at 859999 req has local max stash size of: 208
Clk3 @ 448000000 Finished 861002 instructions 
Clk3 @ 449000000 Finished 862939 instructions 
Clk7 @ 450000000 Finished 864882 instructions 
Sampling stash size at 864999 req has local max stash size of: 211
Clk3 @ 451000000 Finished 866784 instructions 
Clk3 @ 452000000 Finished 868662 instructions 
Clk@ 452742171 Working on the # 870000 th memory instruction
Sampling stash size at 869999 req has local max stash size of: 212
Clk3 @ 453000000 Finished 870487 instructions 
Clk3 @ 454000000 Finished 872443 instructions 
Clk3 @ 455000000 Finished 874363 instructions 
Sampling stash size at 874999 req has local max stash size of: 210
Clk3 @ 456000000 Finished 876304 instructions 
Clk3 @ 457000000 Finished 878232 instructions 
Clk@ 457905383 Working on the # 880000 th memory instruction
Sampling stash size at 879999 req has local max stash size of: 227
Clk7 @ 458000000 Finished 880184 instructions 
Clk7 @ 459000000 Finished 882128 instructions 
Clk3 @ 460000000 Finished 884028 instructions 
Sampling stash size at 884999 req has local max stash size of: 210
Clk3 @ 461000000 Finished 885943 instructions 
Clk3 @ 462000000 Finished 887918 instructions 
Clk3 @ 463000000 Finished 889860 instructions 
Clk@ 463071503 Working on the # 890000 th memory instruction
Sampling stash size at 889999 req has local max stash size of: 213
Clk7 @ 464000000 Finished 891788 instructions 
Clk3 @ 465000000 Finished 893727 instructions 
Sampling stash size at 894999 req has local max stash size of: 212
Clk3 @ 466000000 Finished 895647 instructions 
Clk7 @ 467000000 Finished 897551 instructions 
Clk3 @ 468000000 Finished 899485 instructions 
Clk@ 468274420 Working on the # 900000 th memory instruction
Sampling stash size at 899999 req has local max stash size of: 217
Clk3 @ 469000000 Finished 901387 instructions 
Clk3 @ 470000000 Finished 903307 instructions 
Sampling stash size at 904999 req has local max stash size of: 210
Clk7 @ 471000000 Finished 905247 instructions 
Clk7 @ 472000000 Finished 907153 instructions 
Clk3 @ 473000000 Finished 909070 instructions 
Clk@ 473495408 Working on the # 910000 th memory instruction
Sampling stash size at 909999 req has local max stash size of: 223
Clk7 @ 474000000 Finished 910947 instructions 
Clk3 @ 475000000 Finished 912896 instructions 
Clk7 @ 476000000 Finished 914787 instructions 
Sampling stash size at 914999 req has local max stash size of: 223
Clk3 @ 477000000 Finished 916707 instructions 
Clk3 @ 478000000 Finished 918647 instructions 
Clk@ 478698973 Working on the # 920000 th memory instruction
Sampling stash size at 919999 req has local max stash size of: 218
Clk3 @ 479000000 Finished 920581 instructions 
Clk3 @ 480000000 Finished 922504 instructions 
Clk3 @ 481000000 Finished 924457 instructions 
Sampling stash size at 924999 req has local max stash size of: 213
Clk7 @ 482000000 Finished 926399 instructions 

===*** Data ***====
Stall reason distribution: 
mc_hazard: 0
normal: 0
rs_hazard: 0
rw_swtich: 0
Early reshuffle distribution: 
0: 0
1: 0
2: 0
3: 0
4: 0
5: 1641
6: 3507
7: 3569
8: 3583
9: 3593
10: 3658
11: 3569
12: 3345
13: 3144
14: 2534
15: 1555
16: 43
17: 0
18: 0
19: 0
20: 0
21: 0
22: 0
23: 0
=================
Max stash size is: 230
Average stash size is: 106.456
Average mem q size is: 78.6919
Total mem q size is:26654912
mem_q_sample_times is:338725
useful_read_pull_ddr: 452492 (1.27387) %
dummy_read_pull_ddr: 8130200 (22.8884) %
useful_early_pull_ddr: 292337 (0.822997) %
useful_early_push_ddr: 162994 (0.458866) %
useful_write_pull_ddr: 6821354 (19.2037) %
useful_write_push_ddr: 3011677 (8.47858) %
dummy_early_pull_ddr: 24067 (0.0677543) %
dummy_early_push_ddr: 637322 (1.79421) %
dummy_write_pull_ddr: 45846 (0.129067) %
dummy_write_push_ddr: 15942723 (44.8825) %
=================
Stash violation number of times: 0
=================
Check NodeID traffic: 5524515
Update NodeID traffic: 16
=================
Read RS lines: 927983 (85.2719) %
Write RS lines: 92798 (8.52717) %
Early RS lines: 67482 (6.20089) %
Read DDR lines: 17164955 (24.5797) %
Write DDR lines: 50644479 (72.5213) %
Early DDR lines: 2024460 (2.89896) %

====*** pos1 ***====
Stall reason distribution: 
mc_hazard: 0
normal: 0
rs_hazard: 0
rw_swtich: 0
Early reshuffle distribution: 
0: 0
1: 0
2: 1146
3: 2984
4: 3357
5: 3529
6: 3543
7: 3554
8: 3538
9: 3554
10: 3507
11: 3477
12: 3344
13: 3033
14: 2591
15: 1528
16: 44
17: 0
18: 0
19: 0
20: 0
=================
Max stash size is: 168
Average stash size is: 70.4983
Average mem q size is: 83.1788
Total mem q size is:6648568
mem_q_sample_times is:79931
useful_read_pull_ddr: 722795 (1.05557) %
dummy_read_pull_ddr: 15980899 (23.3385) %
useful_early_pull_ddr: 635719 (0.928404) %
useful_early_push_ddr: 242192 (0.353697) %
useful_write_pull_ddr: 13100077 (19.1313) %
useful_write_push_ddr: 4559468 (6.65864) %
dummy_early_pull_ddr: 71192 (0.103969) %
dummy_early_push_ddr: 1545877 (2.2576) %
dummy_write_pull_ddr: 262835 (0.383844) %
dummy_write_push_ddr: 31353358 (45.7884) %
=================
Stash violation number of times: 0
=================
Check NodeID traffic: 7688256
Update NodeID traffic: 2
=================
Read RS lines: 927983 (83.8863) %
Write RS lines: 92798 (8.3886) %
Early RS lines: 85458 (7.72509) %
Read DDR lines: 16703694 (24.3941) %
Write DDR lines: 49275738 (71.9623) %
Early DDR lines: 2494980 (3.64367) %

====*** pos2 ***====
Stall reason distribution: 
mc_hazard: 0
normal: 0
rs_hazard: 0
rw_swtich: 0
Early reshuffle distribution: 
0: 0
1: 487
2: 2332
3: 3040
4: 3243
5: 3503
6: 3555
7: 3555
8: 3595
9: 3630
10: 3589
11: 3497
12: 3406
13: 3082
14: 2548
15: 1490
16: 29
17: 0
=================
Max stash size is: 128
Average stash size is: 50.0195
Average mem q size is: 80.0972
Total mem q size is:5139755
mem_q_sample_times is:64169
useful_read_pull_ddr: 571567 (0.994227) %
dummy_read_pull_ddr: 13348178 (23.2188) %
useful_early_pull_ddr: 626494 (1.08977) %
useful_early_push_ddr: 142007 (0.247018) %
useful_write_pull_ddr: 10753890 (18.7061) %
useful_write_push_ddr: 3091490 (5.37757) %
dummy_early_pull_ddr: 83460 (0.145177) %
dummy_early_push_ddr: 1653759 (2.87667) %
dummy_write_pull_ddr: 381870 (0.664254) %
dummy_write_push_ddr: 26835865 (46.6803) %
=================
Stash violation number of times: 0
=================
Check NodeID traffic: 4100455
Update NodeID traffic: 0
=================
Read RS lines: 927983 (83.6064) %
Write RS lines: 92798 (8.36061) %
Early RS lines: 89162 (8.03303) %
Read DDR lines: 13919745 (24.2131) %
Write DDR lines: 41063115 (71.4283) %
Early DDR lines: 2505720 (4.35864) %
=================
The final DRAM clk is: 482825182 ticks.
Idle waiting clk is 160916620, which is 33.3281 %
DRAM Frequency is: 1600MHz
The final time in ns is: 3.01766e+08 ns.
Time distribution: 
Data pull time is: 0
data: 0
pos1: 0
pos2: 0
Data distribution: 
Pos2 data: 57488580
Pos1 data: 68474412
Data: 69833894
Node access DDR: 11049030
Pull DDR: 17164955
WB DDR: 50644479
Early DDR: 2024460
Achieved BW is: 61.1797 GB/s
Ideal BW is: 102.4 GB/s
Metadata cache conclusion: 
overall_hit: 13484299 overall_total: 24532485
Cache Size 64 KB Overall Hit rate: 54.9651 %. 
Simulation done. Statistics written to results_all/graphsearch_output.txt
