Valid leaf ID range: 4194303:8388606
Num of top nodes: 4194304
Data level num of ways: 4194304
Z: 16
S: 27
A: 20
cached_total: 1
cached_total: 3
cached_total: 7
cached_total: 15
cached_total: 31
Total number of ORAM protected cache line blocks: 4194304
Cached number of levels: 4
Max number of levels: 23
Start lvl is: 0
data valid leaf right: 8388607
data num of levels: 23
data level num of ways: 4194304
data number of sets: 1
Cached node ID: 0 -- 23
Address space: 0 - 4 GB
pos1 valid leaf right: 1048575
pos1 num of levels: 20
pos1 level num of ways: 524288
pos1 number of sets: 1
Cached node ID: 0 -- 2
Address space: 0 - 0.5 GB
pos2 valid leaf right: 131071
pos2 num of levels: 17
pos2 level num of ways: 65536
pos2 number of sets: 1
Cached node ID: 0 -- 1
Address space: 0 - 0.0625 GB
new addr: 101
(myrs->posMap.find(new_addr) != myrs->posMap.end()): 1
(myrs->posMap[new_addr].pending): 0
myrs->posMap[new_addr] = 257
#2 ID 0 set true here
Clk7 @ 1000000 Finished 1131 instructions 
Clk3 @ 2000000 Finished 2307 instructions 
Clk7 @ 3000000 Finished 3506 instructions 
Clk3 @ 4000000 Finished 4695 instructions 
Sampling stash size at 4999 req has local max stash size of: 123
Clk3 @ 5000000 Finished 5902 instructions 
Clk3 @ 6000000 Finished 7127 instructions 
Clk3 @ 7000000 Finished 8336 instructions 
Clk7 @ 8000000 Finished 9566 instructions 
Clk@ 8351261 Working on the # 10000 th memory instruction
Sampling stash size at 9999 req has local max stash size of: 144
Clk3 @ 9000000 Finished 10787 instructions 
Clk7 @ 10000000 Finished 12028 instructions 
Clk3 @ 11000000 Finished 13307 instructions 
Clk3 @ 12000000 Finished 14553 instructions 
Sampling stash size at 14999 req has local max stash size of: 149
Clk3 @ 13000000 Finished 15767 instructions 
Clk7 @ 14000000 Finished 17042 instructions 
Clk7 @ 15000000 Finished 18307 instructions 
Clk7 @ 16000000 Finished 19551 instructions 
Clk@ 16348693 Working on the # 20000 th memory instruction
Sampling stash size at 19999 req has local max stash size of: 151
Clk3 @ 17000000 Finished 20810 instructions 
Clk3 @ 18000000 Finished 22067 instructions 
Clk3 @ 19000000 Finished 23327 instructions 
Clk3 @ 20000000 Finished 24607 instructions 
Sampling stash size at 24999 req has local max stash size of: 159
Clk3 @ 21000000 Finished 25887 instructions 
Clk3 @ 22000000 Finished 27162 instructions 
Clk3 @ 23000000 Finished 28427 instructions 
Clk3 @ 24000000 Finished 29687 instructions 
Clk@ 24240638 Working on the # 30000 th memory instruction
Sampling stash size at 29999 req has local max stash size of: 163
Clk3 @ 25000000 Finished 30909 instructions 
Clk7 @ 26000000 Finished 32181 instructions 
Clk3 @ 27000000 Finished 33467 instructions 
Clk3 @ 28000000 Finished 34734 instructions 
Sampling stash size at 34999 req has local max stash size of: 155
Clk3 @ 29000000 Finished 36027 instructions 
Clk3 @ 30000000 Finished 37289 instructions 
Clk3 @ 31000000 Finished 38567 instructions 
Clk3 @ 32000000 Finished 39847 instructions 
Clk@ 32115722 Working on the # 40000 th memory instruction
Sampling stash size at 39999 req has local max stash size of: 159
Clk3 @ 33000000 Finished 41107 instructions 
Clk7 @ 34000000 Finished 42374 instructions 
Clk3 @ 35000000 Finished 43644 instructions 
Clk3 @ 36000000 Finished 44907 instructions 
Sampling stash size at 44999 req has local max stash size of: 168
Clk3 @ 37000000 Finished 46180 instructions 
Clk3 @ 38000000 Finished 47467 instructions 
Clk7 @ 39000000 Finished 48770 instructions 
Clk@ 39942794 Working on the # 50000 th memory instruction
Sampling stash size at 49999 req has local max stash size of: 169
Clk3 @ 40000000 Finished 50070 instructions 
Clk7 @ 41000000 Finished 51367 instructions 
Clk3 @ 42000000 Finished 52647 instructions 
Clk3 @ 43000000 Finished 53933 instructions 
Sampling stash size at 54999 req has local max stash size of: 161
Clk3 @ 44000000 Finished 55207 instructions 
Clk3 @ 45000000 Finished 56510 instructions 
Clk3 @ 46000000 Finished 57807 instructions 
Clk3 @ 47000000 Finished 59107 instructions 
Clk@ 47694489 Working on the # 60000 th memory instruction
Sampling stash size at 59999 req has local max stash size of: 170
Clk3 @ 48000000 Finished 60367 instructions 
Clk3 @ 49000000 Finished 61587 instructions 
Clk3 @ 50000000 Finished 62827 instructions 
Clk3 @ 51000000 Finished 64127 instructions 
Sampling stash size at 64999 req has local max stash size of: 167
Clk3 @ 52000000 Finished 65412 instructions 
Clk3 @ 53000000 Finished 66727 instructions 
Clk3 @ 54000000 Finished 68043 instructions 
Clk7 @ 55000000 Finished 69339 instructions 
Clk@ 55510939 Working on the # 70000 th memory instruction
Sampling stash size at 69999 req has local max stash size of: 167
Clk3 @ 56000000 Finished 70627 instructions 
Clk3 @ 57000000 Finished 71927 instructions 
Clk7 @ 58000000 Finished 73216 instructions 
Clk3 @ 59000000 Finished 74527 instructions 
Sampling stash size at 74999 req has local max stash size of: 171
Clk7 @ 60000000 Finished 75827 instructions 
Clk3 @ 61000000 Finished 77101 instructions 
Clk3 @ 62000000 Finished 78387 instructions 
Clk3 @ 63000000 Finished 79707 instructions 
Clk@ 63221501 Working on the # 80000 th memory instruction
Sampling stash size at 79999 req has local max stash size of: 183
Clk3 @ 64000000 Finished 80992 instructions 
Clk7 @ 64000000 Finished 80992 instructions 
Clk3 @ 65000000 Finished 82267 instructions 
Clk7 @ 66000000 Finished 83533 instructions 
Clk3 @ 67000000 Finished 84807 instructions 
Sampling stash size at 84999 req has local max stash size of: 172
Clk3 @ 68000000 Finished 86071 instructions 
Clk3 @ 69000000 Finished 87367 instructions 
Clk3 @ 70000000 Finished 88627 instructions 
Clk7 @ 71000000 Finished 89887 instructions 
Clk@ 71079891 Working on the # 90000 th memory instruction
Sampling stash size at 89999 req has local max stash size of: 180
Clk3 @ 72000000 Finished 91161 instructions 
Clk3 @ 73000000 Finished 92407 instructions 
Clk7 @ 74000000 Finished 93679 instructions 
Clk3 @ 75000000 Finished 95003 instructions 
Sampling stash size at 94999 req has local max stash size of: 183
Clk3 @ 76000000 Finished 96303 instructions 
Clk3 @ 77000000 Finished 97607 instructions 
Clk3 @ 78000000 Finished 98888 instructions 
Clk@ 78855612 Working on the # 100000 th memory instruction
Sampling stash size at 99999 req has local max stash size of: 180
Clk3 @ 79000000 Finished 100187 instructions 
Clk3 @ 80000000 Finished 101487 instructions 
Clk7 @ 81000000 Finished 102769 instructions 
Clk3 @ 82000000 Finished 104047 instructions 
Sampling stash size at 104999 req has local max stash size of: 186
Clk7 @ 83000000 Finished 105322 instructions 
Clk3 @ 84000000 Finished 106587 instructions 
Clk7 @ 85000000 Finished 107872 instructions 
Clk3 @ 86000000 Finished 109147 instructions 
Clk@ 86643286 Working on the # 110000 th memory instruction
Sampling stash size at 109999 req has local max stash size of: 188
Clk7 @ 87000000 Finished 110449 instructions 
Clk3 @ 88000000 Finished 111747 instructions 
Clk3 @ 89000000 Finished 113034 instructions 
Clk7 @ 90000000 Finished 114307 instructions 
Sampling stash size at 114999 req has local max stash size of: 174
Clk3 @ 91000000 Finished 115603 instructions 
Clk3 @ 92000000 Finished 116867 instructions 
Clk3 @ 93000000 Finished 118163 instructions 
Clk7 @ 94000000 Finished 119440 instructions 
Clk@ 94430294 Working on the # 120000 th memory instruction
Sampling stash size at 119999 req has local max stash size of: 175
Clk3 @ 95000000 Finished 120707 instructions 
Clk3 @ 96000000 Finished 121942 instructions 
Clk3 @ 97000000 Finished 123147 instructions 
Clk3 @ 98000000 Finished 124365 instructions 
Sampling stash size at 124999 req has local max stash size of: 176
Clk3 @ 99000000 Finished 125641 instructions 
Clk3 @ 100000000 Finished 126924 instructions 
Clk7 @ 100000000 Finished 126924 instructions 
Clk3 @ 101000000 Finished 128207 instructions 
Clk3 @ 102000000 Finished 129507 instructions 
Clk@ 102381767 Working on the # 130000 th memory instruction
Sampling stash size at 129999 req has local max stash size of: 178
Clk7 @ 103000000 Finished 130806 instructions 
Clk3 @ 104000000 Finished 132096 instructions 
Clk7 @ 105000000 Finished 133395 instructions 
Clk7 @ 106000000 Finished 134720 instructions 
Sampling stash size at 134999 req has local max stash size of: 179
Clk3 @ 107000000 Finished 136035 instructions 
Clk3 @ 108000000 Finished 137307 instructions 
Clk3 @ 109000000 Finished 138607 instructions 
Clk3 @ 110000000 Finished 139907 instructions 
Clk@ 110068878 Working on the # 140000 th memory instruction
Sampling stash size at 139999 req has local max stash size of: 186
Clk3 @ 111000000 Finished 141214 instructions 
Clk3 @ 113000000 Finished 143827 instructions 
Sampling stash size at 144999 req has local max stash size of: 182
Clk3 @ 114000000 Finished 145107 instructions 
Clk3 @ 115000000 Finished 146425 instructions 
Clk7 @ 116000000 Finished 147710 instructions 
Clk7 @ 117000000 Finished 149027 instructions 
Clk@ 117748538 Working on the # 150000 th memory instruction
Sampling stash size at 149999 req has local max stash size of: 188
Clk3 @ 118000000 Finished 150327 instructions 
Clk3 @ 119000000 Finished 151623 instructions 
Clk3 @ 120000000 Finished 152852 instructions 
Clk3 @ 121000000 Finished 154127 instructions 
Sampling stash size at 154999 req has local max stash size of: 179
Clk3 @ 122000000 Finished 155402 instructions 
Clk3 @ 123000000 Finished 156707 instructions 
Clk3 @ 124000000 Finished 158016 instructions 
Clk7 @ 125000000 Finished 159323 instructions 
Clk@ 125532854 Working on the # 160000 th memory instruction
Sampling stash size at 159999 req has local max stash size of: 183
Clk7 @ 126000000 Finished 160582 instructions 
Clk7 @ 127000000 Finished 161895 instructions 
Clk3 @ 128000000 Finished 163187 instructions 
Clk3 @ 129000000 Finished 164465 instructions 
Sampling stash size at 164999 req has local max stash size of: 185
Clk3 @ 130000000 Finished 165723 instructions 
Clk3 @ 131000000 Finished 166967 instructions 
Clk3 @ 132000000 Finished 168207 instructions 
Clk3 @ 133000000 Finished 169507 instructions 
Clk@ 133388096 Working on the # 170000 th memory instruction
Sampling stash size at 169999 req has local max stash size of: 182
Clk3 @ 134000000 Finished 170767 instructions 
Clk7 @ 135000000 Finished 172012 instructions 
Clk3 @ 136000000 Finished 173294 instructions 
Clk3 @ 137000000 Finished 174579 instructions 
Sampling stash size at 174999 req has local max stash size of: 187
Clk3 @ 138000000 Finished 175839 instructions 
Clk7 @ 139000000 Finished 177117 instructions 
Clk7 @ 140000000 Finished 178396 instructions 
Clk3 @ 141000000 Finished 179647 instructions 
Clk@ 141274498 Working on the # 180000 th memory instruction
Sampling stash size at 179999 req has local max stash size of: 187
Clk3 @ 142000000 Finished 180927 instructions 
Clk7 @ 143000000 Finished 182188 instructions 
Clk3 @ 144000000 Finished 183401 instructions 
Clk3 @ 145000000 Finished 184664 instructions 
Sampling stash size at 184999 req has local max stash size of: 186
Clk3 @ 146000000 Finished 185947 instructions 
Clk3 @ 147000000 Finished 187185 instructions 
Clk3 @ 148000000 Finished 188487 instructions 
Clk3 @ 149000000 Finished 189783 instructions 
Clk@ 149163813 Working on the # 190000 th memory instruction
Sampling stash size at 189999 req has local max stash size of: 194
Clk3 @ 150000000 Finished 191047 instructions 
Clk3 @ 151000000 Finished 192367 instructions 
Clk3 @ 152000000 Finished 193681 instructions 
Clk3 @ 153000000 Finished 194967 instructions 
Sampling stash size at 194999 req has local max stash size of: 185
Clk7 @ 154000000 Finished 196267 instructions 
Clk7 @ 155000000 Finished 197547 instructions 
Clk3 @ 156000000 Finished 198821 instructions 
Clk@ 156905295 Working on the # 200000 th memory instruction
Sampling stash size at 199999 req has local max stash size of: 186
Clk7 @ 157000000 Finished 200116 instructions 
Clk3 @ 158000000 Finished 201447 instructions 
Clk3 @ 159000000 Finished 202707 instructions 
Clk3 @ 160000000 Finished 203996 instructions 
Sampling stash size at 204999 req has local max stash size of: 186
Clk3 @ 161000000 Finished 205283 instructions 
Clk7 @ 162000000 Finished 206543 instructions 
Clk3 @ 163000000 Finished 207824 instructions 
Clk3 @ 164000000 Finished 209107 instructions 
Clk@ 164694017 Working on the # 210000 th memory instruction
Sampling stash size at 209999 req has local max stash size of: 189
Clk7 @ 165000000 Finished 210391 instructions 
Clk3 @ 166000000 Finished 211665 instructions 
Clk3 @ 167000000 Finished 212947 instructions 
Clk7 @ 168000000 Finished 214177 instructions 
Sampling stash size at 214999 req has local max stash size of: 188
Clk3 @ 169000000 Finished 215467 instructions 
Clk7 @ 170000000 Finished 216767 instructions 
Clk3 @ 171000000 Finished 218027 instructions 
Clk3 @ 172000000 Finished 219307 instructions 
Clk@ 172526026 Working on the # 220000 th memory instruction
Sampling stash size at 219999 req has local max stash size of: 184
Clk3 @ 173000000 Finished 220607 instructions 
Clk3 @ 174000000 Finished 221887 instructions 
Clk3 @ 175000000 Finished 223187 instructions 
Clk3 @ 176000000 Finished 224477 instructions 
Sampling stash size at 224999 req has local max stash size of: 183
Clk3 @ 177000000 Finished 225727 instructions 
Clk3 @ 178000000 Finished 227000 instructions 
Clk3 @ 179000000 Finished 228267 instructions 
Clk3 @ 180000000 Finished 229527 instructions 
Clk@ 180365232 Working on the # 230000 th memory instruction
Sampling stash size at 229999 req has local max stash size of: 204
Clk3 @ 181000000 Finished 230827 instructions 
Clk3 @ 182000000 Finished 232133 instructions 
Clk7 @ 183000000 Finished 233388 instructions 
Clk7 @ 184000000 Finished 234681 instructions 
Sampling stash size at 234999 req has local max stash size of: 186
Clk7 @ 185000000 Finished 235966 instructions 
Clk3 @ 186000000 Finished 237226 instructions 
Clk3 @ 187000000 Finished 238487 instructions 
Clk3 @ 188000000 Finished 239767 instructions 
Clk@ 188180876 Working on the # 240000 th memory instruction
Sampling stash size at 239999 req has local max stash size of: 187
Clk3 @ 189000000 Finished 241009 instructions 
Clk3 @ 190000000 Finished 242261 instructions 
Clk3 @ 191000000 Finished 243499 instructions 
Clk3 @ 192000000 Finished 244652 instructions 
Sampling stash size at 244999 req has local max stash size of: 189
Clk3 @ 193000000 Finished 245867 instructions 
Clk3 @ 194000000 Finished 247112 instructions 
Clk3 @ 195000000 Finished 248322 instructions 
Clk7 @ 196000000 Finished 249571 instructions 
Clk@ 196336433 Working on the # 250000 th memory instruction
Sampling stash size at 249999 req has local max stash size of: 188
Clk3 @ 197000000 Finished 250827 instructions 
Clk7 @ 198000000 Finished 252091 instructions 
Clk3 @ 199000000 Finished 253381 instructions 
Clk7 @ 200000000 Finished 254663 instructions 
Sampling stash size at 254999 req has local max stash size of: 194
Clk3 @ 201000000 Finished 255927 instructions 
Clk3 @ 202000000 Finished 257207 instructions 
Clk3 @ 203000000 Finished 258507 instructions 
Clk3 @ 204000000 Finished 259767 instructions 
Clk@ 204180159 Working on the # 260000 th memory instruction
Sampling stash size at 259999 req has local max stash size of: 196
Clk7 @ 205000000 Finished 261053 instructions 
Clk3 @ 206000000 Finished 262367 instructions 
Clk3 @ 207000000 Finished 263647 instructions 
Clk3 @ 208000000 Finished 264943 instructions 
Sampling stash size at 264999 req has local max stash size of: 188
Clk3 @ 209000000 Finished 266227 instructions 
Clk3 @ 210000000 Finished 267507 instructions 
Clk3 @ 211000000 Finished 268807 instructions 
Clk@ 211905484 Working on the # 270000 th memory instruction
Sampling stash size at 269999 req has local max stash size of: 188
Clk7 @ 212000000 Finished 270122 instructions 
Clk3 @ 213000000 Finished 271427 instructions 
Clk3 @ 214000000 Finished 272707 instructions 
Clk3 @ 215000000 Finished 273987 instructions 
Sampling stash size at 274999 req has local max stash size of: 202
Clk3 @ 216000000 Finished 275227 instructions 
Clk3 @ 217000000 Finished 276507 instructions 
Clk3 @ 218000000 Finished 277823 instructions 
Clk7 @ 219000000 Finished 279097 instructions 
Clk@ 219674266 Working on the # 280000 th memory instruction
Sampling stash size at 279999 req has local max stash size of: 195
Clk7 @ 220000000 Finished 280427 instructions 
Clk3 @ 221000000 Finished 281747 instructions 
Clk3 @ 222000000 Finished 283035 instructions 
Clk3 @ 223000000 Finished 284347 instructions 
Sampling stash size at 284999 req has local max stash size of: 200
Clk3 @ 224000000 Finished 285647 instructions 
Clk3 @ 225000000 Finished 286928 instructions 
Clk7 @ 226000000 Finished 288207 instructions 
Clk3 @ 227000000 Finished 289482 instructions 
Clk@ 227413856 Working on the # 290000 th memory instruction
Sampling stash size at 289999 req has local max stash size of: 191
Clk3 @ 228000000 Finished 290743 instructions 
Clk3 @ 229000000 Finished 292047 instructions 
Clk7 @ 230000000 Finished 293332 instructions 
Clk3 @ 231000000 Finished 294621 instructions 
Sampling stash size at 294999 req has local max stash size of: 194
Clk3 @ 232000000 Finished 295927 instructions 
Clk3 @ 233000000 Finished 297227 instructions 
Clk3 @ 234000000 Finished 298527 instructions 
Clk3 @ 235000000 Finished 299827 instructions 
Clk@ 235126080 Working on the # 300000 th memory instruction
Sampling stash size at 299999 req has local max stash size of: 196
Clk3 @ 236000000 Finished 301107 instructions 
Clk3 @ 237000000 Finished 302402 instructions 
Clk3 @ 238000000 Finished 303667 instructions 
Clk3 @ 239000000 Finished 304894 instructions 
Sampling stash size at 304999 req has local max stash size of: 198
Clk7 @ 240000000 Finished 306121 instructions 
Clk3 @ 241000000 Finished 307383 instructions 
Clk7 @ 242000000 Finished 308649 instructions 
Clk3 @ 243000000 Finished 309921 instructions 
Clk@ 243057477 Working on the # 310000 th memory instruction
Sampling stash size at 309999 req has local max stash size of: 197
Clk3 @ 244000000 Finished 311227 instructions 
Clk7 @ 245000000 Finished 312519 instructions 
Clk3 @ 246000000 Finished 313814 instructions 
Sampling stash size at 314999 req has local max stash size of: 193
Clk3 @ 247000000 Finished 315127 instructions 
Clk3 @ 248000000 Finished 316427 instructions 
Clk3 @ 249000000 Finished 317747 instructions 
Clk3 @ 250000000 Finished 319027 instructions 
Clk@ 250754909 Working on the # 320000 th memory instruction
Sampling stash size at 319999 req has local max stash size of: 199
Clk3 @ 251000000 Finished 320287 instructions 
Clk3 @ 252000000 Finished 321566 instructions 
Clk3 @ 253000000 Finished 322866 instructions 
Clk7 @ 254000000 Finished 324136 instructions 
Sampling stash size at 324999 req has local max stash size of: 194
Clk3 @ 255000000 Finished 325427 instructions 
Clk3 @ 256000000 Finished 326727 instructions 
Clk3 @ 257000000 Finished 327987 instructions 
Clk3 @ 258000000 Finished 329229 instructions 
Clk@ 258607229 Working on the # 330000 th memory instruction
Sampling stash size at 329999 req has local max stash size of: 208
Clk7 @ 259000000 Finished 330476 instructions 
Clk3 @ 260000000 Finished 331714 instructions 
Clk3 @ 261000000 Finished 332968 instructions 
Clk7 @ 262000000 Finished 334220 instructions 
Sampling stash size at 334999 req has local max stash size of: 199
Clk3 @ 263000000 Finished 335427 instructions 
Clk7 @ 264000000 Finished 336716 instructions 
Clk3 @ 265000000 Finished 337976 instructions 
Clk3 @ 266000000 Finished 339247 instructions 
Clk@ 266578215 Working on the # 340000 th memory instruction
Sampling stash size at 339999 req has local max stash size of: 195
Clk3 @ 267000000 Finished 340547 instructions 
Clk3 @ 268000000 Finished 341807 instructions 
Clk3 @ 269000000 Finished 343047 instructions 
Clk3 @ 270000000 Finished 344341 instructions 
Sampling stash size at 344999 req has local max stash size of: 201
Clk3 @ 271000000 Finished 345607 instructions 
Clk3 @ 272000000 Finished 346867 instructions 
Clk3 @ 273000000 Finished 348147 instructions 
Clk7 @ 274000000 Finished 349443 instructions 
Clk@ 274442812 Working on the # 350000 th memory instruction
Sampling stash size at 349999 req has local max stash size of: 200
Clk3 @ 275000000 Finished 350687 instructions 
Clk7 @ 276000000 Finished 351974 instructions 
Clk3 @ 277000000 Finished 353242 instructions 
Clk3 @ 278000000 Finished 354514 instructions 
Sampling stash size at 354999 req has local max stash size of: 195
Clk3 @ 279000000 Finished 355807 instructions 
Clk3 @ 280000000 Finished 357087 instructions 
Clk3 @ 281000000 Finished 358327 instructions 
Clk3 @ 282000000 Finished 359607 instructions 
Clk@ 282305339 Working on the # 360000 th memory instruction
Sampling stash size at 359999 req has local max stash size of: 200
Clk7 @ 283000000 Finished 360895 instructions 
Clk3 @ 284000000 Finished 362167 instructions 
Clk3 @ 285000000 Finished 363447 instructions 
Clk3 @ 286000000 Finished 364695 instructions 
Sampling stash size at 364999 req has local max stash size of: 196
Clk3 @ 287000000 Finished 365887 instructions 
Clk7 @ 288000000 Finished 367139 instructions 
Clk3 @ 289000000 Finished 368387 instructions 
Clk3 @ 290000000 Finished 369664 instructions 
Clk@ 290267015 Working on the # 370000 th memory instruction
Sampling stash size at 369999 req has local max stash size of: 213
Clk3 @ 291000000 Finished 370943 instructions 
Clk7 @ 292000000 Finished 372210 instructions 
Clk7 @ 293000000 Finished 373431 instructions 
Clk7 @ 294000000 Finished 374707 instructions 
Sampling stash size at 374999 req has local max stash size of: 198
Clk3 @ 295000000 Finished 375987 instructions 
Clk3 @ 296000000 Finished 377263 instructions 
Clk3 @ 297000000 Finished 378547 instructions 
Clk3 @ 298000000 Finished 379834 instructions 
Clk@ 298121314 Working on the # 380000 th memory instruction
Sampling stash size at 379999 req has local max stash size of: 205
Clk3 @ 299000000 Finished 381107 instructions 
Clk3 @ 300000000 Finished 382402 instructions 
Clk3 @ 301000000 Finished 383694 instructions 
Clk3 @ 302000000 Finished 384987 instructions 
Sampling stash size at 384999 req has local max stash size of: 203
Clk7 @ 303000000 Finished 386299 instructions 
Clk3 @ 304000000 Finished 387624 instructions 
Clk7 @ 305000000 Finished 388908 instructions 
Clk@ 305841099 Working on the # 390000 th memory instruction
Sampling stash size at 389999 req has local max stash size of: 193
Clk3 @ 306000000 Finished 390207 instructions 
Clk7 @ 307000000 Finished 391525 instructions 
Clk3 @ 308000000 Finished 392801 instructions 
Clk3 @ 309000000 Finished 394087 instructions 
Sampling stash size at 394999 req has local max stash size of: 196
Clk3 @ 310000000 Finished 395368 instructions 
Clk3 @ 311000000 Finished 396601 instructions 
Clk3 @ 312000000 Finished 397887 instructions 
Clk3 @ 313000000 Finished 399167 instructions 
Clk@ 313638700 Working on the # 400000 th memory instruction
Sampling stash size at 399999 req has local max stash size of: 197
Clk3 @ 314000000 Finished 400467 instructions 
Clk7 @ 315000000 Finished 401776 instructions 
Clk3 @ 316000000 Finished 403062 instructions 
Clk3 @ 317000000 Finished 404326 instructions 
Sampling stash size at 404999 req has local max stash size of: 200
Clk7 @ 318000000 Finished 405616 instructions 
Clk3 @ 319000000 Finished 406907 instructions 
Clk3 @ 320000000 Finished 408187 instructions 
Clk3 @ 321000000 Finished 409503 instructions 
Clk@ 321400136 Working on the # 410000 th memory instruction
Sampling stash size at 409999 req has local max stash size of: 198
Clk7 @ 322000000 Finished 410764 instructions 
Clk7 @ 323000000 Finished 412008 instructions 
Clk3 @ 324000000 Finished 413303 instructions 
Clk3 @ 325000000 Finished 414580 instructions 
Sampling stash size at 414999 req has local max stash size of: 198
Clk3 @ 326000000 Finished 415867 instructions 
Clk3 @ 327000000 Finished 417167 instructions 
Clk3 @ 328000000 Finished 418481 instructions 
Clk3 @ 329000000 Finished 419727 instructions 
Clk@ 329209871 Working on the # 420000 th memory instruction
Sampling stash size at 419999 req has local max stash size of: 193
Clk7 @ 330000000 Finished 421023 instructions 
Clk3 @ 331000000 Finished 422301 instructions 
Clk7 @ 332000000 Finished 423572 instructions 
Clk3 @ 333000000 Finished 424867 instructions 
Sampling stash size at 424999 req has local max stash size of: 202
Clk3 @ 334000000 Finished 426115 instructions 
Clk7 @ 335000000 Finished 427334 instructions 
Clk3 @ 336000000 Finished 428607 instructions 
Clk3 @ 337000000 Finished 429869 instructions 
Clk@ 337095099 Working on the # 430000 th memory instruction
Sampling stash size at 429999 req has local max stash size of: 191
Clk3 @ 338000000 Finished 431161 instructions 
Warm up done after line access count: 431450 out of 862900 (50 %)
Clk3 @ 339000000 Finished 432447 instructions 
Clk7 @ 340000000 Finished 433723 instructions 
Clk3 @ 341000000 Finished 434947 instructions 
Sampling stash size at 434999 req has local max stash size of: 201
Clk7 @ 342000000 Finished 436263 instructions 
Clk3 @ 343000000 Finished 437547 instructions 
Clk3 @ 344000000 Finished 438837 instructions 
Clk@ 344891066 Working on the # 440000 th memory instruction
Sampling stash size at 439999 req has local max stash size of: 206
Clk3 @ 345000000 Finished 440142 instructions 
Clk3 @ 346000000 Finished 441421 instructions 
Clk7 @ 347000000 Finished 442673 instructions 
Clk3 @ 348000000 Finished 443976 instructions 
Sampling stash size at 444999 req has local max stash size of: 197
Clk3 @ 349000000 Finished 445282 instructions 
Clk3 @ 350000000 Finished 446567 instructions 
Clk3 @ 351000000 Finished 447849 instructions 
Clk3 @ 352000000 Finished 449147 instructions 
Clk@ 352681773 Working on the # 450000 th memory instruction
Sampling stash size at 449999 req has local max stash size of: 210
Clk3 @ 353000000 Finished 450410 instructions 
Clk7 @ 354000000 Finished 451679 instructions 
Clk7 @ 355000000 Finished 452964 instructions 
Clk3 @ 356000000 Finished 454221 instructions 
Sampling stash size at 454999 req has local max stash size of: 197
Clk3 @ 357000000 Finished 455487 instructions 
Clk3 @ 358000000 Finished 456767 instructions 
Clk3 @ 359000000 Finished 458007 instructions 
Clk3 @ 360000000 Finished 459269 instructions 
Clk@ 360567448 Working on the # 460000 th memory instruction
Sampling stash size at 459999 req has local max stash size of: 213
Clk3 @ 361000000 Finished 460547 instructions 
Clk3 @ 362000000 Finished 461845 instructions 
Clk3 @ 363000000 Finished 463139 instructions 
Clk7 @ 364000000 Finished 464418 instructions 
Sampling stash size at 464999 req has local max stash size of: 208
Clk7 @ 365000000 Finished 465664 instructions 
Clk3 @ 366000000 Finished 466945 instructions 
Clk3 @ 367000000 Finished 468242 instructions 
Clk3 @ 368000000 Finished 469508 instructions 
Clk@ 368375600 Working on the # 470000 th memory instruction
Sampling stash size at 469999 req has local max stash size of: 208
Clk3 @ 369000000 Finished 470807 instructions 
Clk7 @ 370000000 Finished 472067 instructions 
Clk7 @ 371000000 Finished 473317 instructions 
Clk3 @ 372000000 Finished 474562 instructions 
Sampling stash size at 474999 req has local max stash size of: 199
Clk3 @ 373000000 Finished 475807 instructions 
Clk3 @ 374000000 Finished 477078 instructions 
Clk7 @ 375000000 Finished 478343 instructions 
Clk3 @ 376000000 Finished 479607 instructions 
Clk@ 376319135 Working on the # 480000 th memory instruction
Sampling stash size at 479999 req has local max stash size of: 206
Clk3 @ 377000000 Finished 480844 instructions 
Clk3 @ 378000000 Finished 482087 instructions 
Clk7 @ 379000000 Finished 483324 instructions 
Clk3 @ 380000000 Finished 484547 instructions 
Sampling stash size at 484999 req has local max stash size of: 196
Clk3 @ 381000000 Finished 485782 instructions 
Clk3 @ 382000000 Finished 487007 instructions 
Clk3 @ 383000000 Finished 488147 instructions 
Clk3 @ 384000000 Finished 489323 instructions 
Clk@ 384553665 Working on the # 490000 th memory instruction
Sampling stash size at 489999 req has local max stash size of: 195
Clk7 @ 385000000 Finished 490533 instructions 
Clk3 @ 386000000 Finished 491735 instructions 
Clk3 @ 387000000 Finished 492967 instructions 
Clk7 @ 388000000 Finished 494202 instructions 
Sampling stash size at 494999 req has local max stash size of: 198
Clk7 @ 389000000 Finished 495350 instructions 
Clk3 @ 390000000 Finished 496587 instructions 
Clk3 @ 391000000 Finished 497827 instructions 
Clk3 @ 392000000 Finished 499087 instructions 
Clk@ 392723807 Working on the # 500000 th memory instruction
Sampling stash size at 499999 req has local max stash size of: 198
Clk7 @ 393000000 Finished 500337 instructions 
Clk3 @ 394000000 Finished 501578 instructions 
Clk7 @ 395000000 Finished 502827 instructions 
Clk3 @ 396000000 Finished 504093 instructions 
Sampling stash size at 504999 req has local max stash size of: 209
Clk3 @ 397000000 Finished 505355 instructions 
Clk3 @ 398000000 Finished 506647 instructions 
Clk3 @ 399000000 Finished 507911 instructions 
Clk3 @ 400000000 Finished 509187 instructions 
Clk@ 400635485 Working on the # 510000 th memory instruction
Sampling stash size at 509999 req has local max stash size of: 199
Clk3 @ 401000000 Finished 510447 instructions 
Clk7 @ 402000000 Finished 511696 instructions 
Clk7 @ 403000000 Finished 512970 instructions 
Clk3 @ 404000000 Finished 514267 instructions 
Sampling stash size at 514999 req has local max stash size of: 214
Clk3 @ 405000000 Finished 515527 instructions 
Clk7 @ 406000000 Finished 516791 instructions 
Clk3 @ 407000000 Finished 518047 instructions 
Clk3 @ 408000000 Finished 519298 instructions 
Clk@ 408541488 Working on the # 520000 th memory instruction
Sampling stash size at 519999 req has local max stash size of: 211
Clk3 @ 409000000 Finished 520587 instructions 
Clk7 @ 410000000 Finished 521873 instructions 
Clk3 @ 411000000 Finished 523187 instructions 
Clk7 @ 412000000 Finished 524484 instructions 
Sampling stash size at 524999 req has local max stash size of: 204
Clk7 @ 413000000 Finished 525747 instructions 
Clk3 @ 414000000 Finished 527003 instructions 
Clk7 @ 415000000 Finished 528307 instructions 
Clk3 @ 416000000 Finished 529607 instructions 
Clk@ 416303716 Working on the # 530000 th memory instruction
Sampling stash size at 529999 req has local max stash size of: 204
Clk3 @ 417000000 Finished 530921 instructions 
Clk3 @ 418000000 Finished 532187 instructions 
Clk7 @ 419000000 Finished 533455 instructions 
Clk3 @ 420000000 Finished 534767 instructions 
Sampling stash size at 534999 req has local max stash size of: 197
Clk3 @ 421000000 Finished 536061 instructions 
Clk3 @ 422000000 Finished 537335 instructions 
Clk7 @ 423000000 Finished 538653 instructions 
Clk3 @ 424000000 Finished 539963 instructions 
Clk@ 424029003 Working on the # 540000 th memory instruction
Sampling stash size at 539999 req has local max stash size of: 202
Clk3 @ 425000000 Finished 541227 instructions 
Clk7 @ 426000000 Finished 542529 instructions 
Clk3 @ 427000000 Finished 543843 instructions 
Sampling stash size at 544999 req has local max stash size of: 207
Clk3 @ 428000000 Finished 545127 instructions 
Clk7 @ 429000000 Finished 546437 instructions 
Clk3 @ 430000000 Finished 547727 instructions 
Clk3 @ 431000000 Finished 548947 instructions 
Clk@ 431837497 Working on the # 550000 th memory instruction
Sampling stash size at 549999 req has local max stash size of: 208
Clk3 @ 432000000 Finished 550207 instructions 
Clk7 @ 433000000 Finished 551511 instructions 
Clk3 @ 434000000 Finished 552787 instructions 
Clk3 @ 435000000 Finished 554107 instructions 
Sampling stash size at 554999 req has local max stash size of: 204
Clk3 @ 436000000 Finished 555402 instructions 
Clk7 @ 437000000 Finished 556640 instructions 
Clk3 @ 438000000 Finished 557945 instructions 
Clk3 @ 439000000 Finished 559262 instructions 
Clk@ 439553332 Working on the # 560000 th memory instruction
Sampling stash size at 559999 req has local max stash size of: 205
Clk3 @ 440000000 Finished 560582 instructions 
Clk3 @ 441000000 Finished 561907 instructions 
Clk3 @ 442000000 Finished 563207 instructions 
Clk3 @ 443000000 Finished 564456 instructions 
Sampling stash size at 564999 req has local max stash size of: 203
Clk3 @ 444000000 Finished 565787 instructions 
Clk7 @ 445000000 Finished 567097 instructions 
Clk3 @ 446000000 Finished 568407 instructions 
Clk3 @ 447000000 Finished 569687 instructions 
Clk@ 447240539 Working on the # 570000 th memory instruction
Sampling stash size at 569999 req has local max stash size of: 212
Clk7 @ 448000000 Finished 570988 instructions 
Clk3 @ 449000000 Finished 572247 instructions 
Clk3 @ 450000000 Finished 573527 instructions 
Clk3 @ 451000000 Finished 574785 instructions 
Sampling stash size at 574999 req has local max stash size of: 203
Clk3 @ 452000000 Finished 576067 instructions 
Clk3 @ 453000000 Finished 577327 instructions 
Clk3 @ 454000000 Finished 578587 instructions 
Clk3 @ 455000000 Finished 579813 instructions 
Clk@ 455140899 Working on the # 580000 th memory instruction
Sampling stash size at 579999 req has local max stash size of: 204
Clk3 @ 456000000 Finished 581107 instructions 
Clk3 @ 457000000 Finished 582407 instructions 
Clk3 @ 458000000 Finished 583688 instructions 
Clk3 @ 459000000 Finished 584989 instructions 
Sampling stash size at 584999 req has local max stash size of: 202
Clk7 @ 460000000 Finished 586307 instructions 
Clk3 @ 461000000 Finished 587543 instructions 
Clk3 @ 462000000 Finished 588847 instructions 
Clk@ 462890509 Working on the # 590000 th memory instruction
Sampling stash size at 589999 req has local max stash size of: 213
Clk3 @ 463000000 Finished 590131 instructions 
Clk3 @ 464000000 Finished 591441 instructions 
Clk3 @ 465000000 Finished 592747 instructions 
Clk7 @ 466000000 Finished 594027 instructions 
Sampling stash size at 594999 req has local max stash size of: 192
Clk3 @ 467000000 Finished 595303 instructions 
Clk7 @ 468000000 Finished 596606 instructions 
Clk3 @ 469000000 Finished 597887 instructions 
Clk3 @ 470000000 Finished 599180 instructions 
Clk@ 470624729 Working on the # 600000 th memory instruction
Sampling stash size at 599999 req has local max stash size of: 200
Clk7 @ 471000000 Finished 600486 instructions 
Clk7 @ 472000000 Finished 601775 instructions 
Clk3 @ 473000000 Finished 603047 instructions 
Clk7 @ 474000000 Finished 604342 instructions 
Sampling stash size at 604999 req has local max stash size of: 205
Clk3 @ 475000000 Finished 605606 instructions 
Clk3 @ 476000000 Finished 606867 instructions 
Clk7 @ 477000000 Finished 608131 instructions 
Clk3 @ 478000000 Finished 609387 instructions 
Clk@ 478548565 Working on the # 610000 th memory instruction
Sampling stash size at 609999 req has local max stash size of: 204
Clk3 @ 479000000 Finished 610544 instructions 
Clk3 @ 480000000 Finished 611762 instructions 
Clk3 @ 481000000 Finished 613007 instructions 
Clk7 @ 482000000 Finished 614253 instructions 
Sampling stash size at 614999 req has local max stash size of: 210
Clk3 @ 483000000 Finished 615527 instructions 
Clk7 @ 484000000 Finished 616826 instructions 
Clk3 @ 485000000 Finished 618047 instructions 
Clk3 @ 486000000 Finished 619327 instructions 
Clk@ 486522603 Working on the # 620000 th memory instruction
Sampling stash size at 619999 req has local max stash size of: 205
Clk3 @ 487000000 Finished 620607 instructions 
Clk3 @ 488000000 Finished 621927 instructions 
Clk7 @ 489000000 Finished 623238 instructions 
Clk3 @ 490000000 Finished 624527 instructions 
Sampling stash size at 624999 req has local max stash size of: 200
Clk3 @ 491000000 Finished 625786 instructions 
Clk3 @ 492000000 Finished 627087 instructions 
Clk3 @ 493000000 Finished 628382 instructions 
Clk3 @ 494000000 Finished 629701 instructions 
Clk@ 494228294 Working on the # 630000 th memory instruction
Sampling stash size at 629999 req has local max stash size of: 212
Clk7 @ 495000000 Finished 630992 instructions 
Clk3 @ 496000000 Finished 632302 instructions 
Clk3 @ 497000000 Finished 633587 instructions 
Clk3 @ 498000000 Finished 634887 instructions 
Sampling stash size at 634999 req has local max stash size of: 200
Clk3 @ 499000000 Finished 636167 instructions 
Clk3 @ 500000000 Finished 637447 instructions 
Clk7 @ 501000000 Finished 638731 instructions 
Clk@ 501978101 Working on the # 640000 th memory instruction
Sampling stash size at 639999 req has local max stash size of: 200
Clk3 @ 502000000 Finished 640027 instructions 
Clk3 @ 503000000 Finished 641247 instructions 
Clk3 @ 504000000 Finished 642523 instructions 
Clk3 @ 505000000 Finished 643807 instructions 
Sampling stash size at 644999 req has local max stash size of: 203
Clk3 @ 506000000 Finished 645103 instructions 
Clk3 @ 507000000 Finished 646387 instructions 
Clk3 @ 508000000 Finished 647667 instructions 
Clk3 @ 509000000 Finished 648907 instructions 
Clk@ 509846848 Working on the # 650000 th memory instruction
Sampling stash size at 649999 req has local max stash size of: 207
Clk3 @ 510000000 Finished 650196 instructions 
Clk3 @ 511000000 Finished 651467 instructions 
Clk7 @ 512000000 Finished 652747 instructions 
Clk3 @ 513000000 Finished 654027 instructions 
Sampling stash size at 654999 req has local max stash size of: 205
Clk3 @ 514000000 Finished 655293 instructions 
Clk3 @ 515000000 Finished 656487 instructions 
Clk7 @ 516000000 Finished 657736 instructions 
Clk3 @ 517000000 Finished 658983 instructions 
Clk@ 517824941 Working on the # 660000 th memory instruction
Sampling stash size at 659999 req has local max stash size of: 206
Clk3 @ 518000000 Finished 660209 instructions 
Clk3 @ 519000000 Finished 661447 instructions 
Clk3 @ 520000000 Finished 662701 instructions 
Clk3 @ 521000000 Finished 663927 instructions 
Sampling stash size at 664999 req has local max stash size of: 204
Clk7 @ 522000000 Finished 665174 instructions 
Clk3 @ 523000000 Finished 666432 instructions 
Clk3 @ 524000000 Finished 667707 instructions 
Clk7 @ 525000000 Finished 668962 instructions 
Clk@ 525845306 Working on the # 670000 th memory instruction
Sampling stash size at 669999 req has local max stash size of: 204
Clk3 @ 526000000 Finished 670187 instructions 
Clk3 @ 527000000 Finished 671403 instructions 
Clk7 @ 528000000 Finished 672666 instructions 
Clk3 @ 529000000 Finished 673945 instructions 
Sampling stash size at 674999 req has local max stash size of: 207
Clk3 @ 530000000 Finished 675187 instructions 
Clk7 @ 531000000 Finished 676468 instructions 
Clk7 @ 532000000 Finished 677785 instructions 
Clk3 @ 533000000 Finished 679047 instructions 
Clk@ 533723102 Working on the # 680000 th memory instruction
Sampling stash size at 679999 req has local max stash size of: 199
Clk3 @ 534000000 Finished 680352 instructions 
Clk3 @ 535000000 Finished 681652 instructions 
Clk3 @ 536000000 Finished 682927 instructions 
Clk7 @ 537000000 Finished 684212 instructions 
Sampling stash size at 684999 req has local max stash size of: 206
Clk7 @ 538000000 Finished 685460 instructions 
Clk7 @ 539000000 Finished 686707 instructions 
Clk3 @ 540000000 Finished 688022 instructions 
Clk3 @ 541000000 Finished 689327 instructions 
Clk@ 541543603 Working on the # 690000 th memory instruction
Sampling stash size at 689999 req has local max stash size of: 203
Clk7 @ 542000000 Finished 690605 instructions 
Clk3 @ 543000000 Finished 691883 instructions 
Clk3 @ 544000000 Finished 693160 instructions 
Clk3 @ 545000000 Finished 694407 instructions 
Sampling stash size at 694999 req has local max stash size of: 214
Clk7 @ 546000000 Finished 695701 instructions 
Clk3 @ 547000000 Finished 696987 instructions 
Clk3 @ 548000000 Finished 698267 instructions 
Clk3 @ 549000000 Finished 699541 instructions 
Clk@ 549362542 Working on the # 700000 th memory instruction
Sampling stash size at 699999 req has local max stash size of: 210
Clk3 @ 550000000 Finished 700787 instructions 
Clk3 @ 551000000 Finished 702027 instructions 
Clk3 @ 552000000 Finished 703307 instructions 
Clk3 @ 553000000 Finished 704607 instructions 
Sampling stash size at 704999 req has local max stash size of: 216
Clk7 @ 554000000 Finished 705854 instructions 
Clk7 @ 555000000 Finished 707135 instructions 
Clk3 @ 556000000 Finished 708428 instructions 
Clk7 @ 557000000 Finished 709683 instructions 
Clk@ 557238716 Working on the # 710000 th memory instruction
Sampling stash size at 709999 req has local max stash size of: 208
Clk3 @ 558000000 Finished 710987 instructions 
Clk3 @ 559000000 Finished 712283 instructions 
Clk3 @ 560000000 Finished 713566 instructions 
Clk3 @ 561000000 Finished 714847 instructions 
Sampling stash size at 714999 req has local max stash size of: 208
Clk7 @ 562000000 Finished 716107 instructions 
Clk3 @ 563000000 Finished 717327 instructions 
Clk3 @ 564000000 Finished 718587 instructions 
Clk3 @ 565000000 Finished 719866 instructions 
Clk@ 565103453 Working on the # 720000 th memory instruction
Sampling stash size at 719999 req has local max stash size of: 214
Clk3 @ 566000000 Finished 721127 instructions 
Clk7 @ 567000000 Finished 722419 instructions 
Clk3 @ 568000000 Finished 723687 instructions 
Clk3 @ 569000000 Finished 724947 instructions 
Sampling stash size at 724999 req has local max stash size of: 202
Clk3 @ 570000000 Finished 726227 instructions 
Clk3 @ 571000000 Finished 727467 instructions 
Clk3 @ 572000000 Finished 728687 instructions 
Clk3 @ 573000000 Finished 729927 instructions 
Clk@ 573061120 Working on the # 730000 th memory instruction
Sampling stash size at 729999 req has local max stash size of: 201
Clk3 @ 574000000 Finished 731121 instructions 
Clk3 @ 575000000 Finished 732267 instructions 
Clk3 @ 576000000 Finished 733527 instructions 
Clk3 @ 577000000 Finished 734807 instructions 
Sampling stash size at 734999 req has local max stash size of: 200
Clk3 @ 578000000 Finished 736063 instructions 
Clk7 @ 579000000 Finished 737321 instructions 
Clk3 @ 580000000 Finished 738587 instructions 
Clk3 @ 581000000 Finished 739867 instructions 
Clk@ 581096901 Working on the # 740000 th memory instruction
Sampling stash size at 739999 req has local max stash size of: 208
Clk7 @ 582000000 Finished 741139 instructions 
Clk3 @ 583000000 Finished 742427 instructions 
Clk3 @ 584000000 Finished 743687 instructions 
Clk3 @ 585000000 Finished 744964 instructions 
Sampling stash size at 744999 req has local max stash size of: 200
Clk3 @ 586000000 Finished 746187 instructions 
Clk7 @ 587000000 Finished 747372 instructions 
Clk3 @ 588000000 Finished 748667 instructions 
Clk3 @ 589000000 Finished 749947 instructions 
Clk@ 589036767 Working on the # 750000 th memory instruction
Sampling stash size at 749999 req has local max stash size of: 205
Clk3 @ 590000000 Finished 751227 instructions 
Clk3 @ 591000000 Finished 752522 instructions 
Clk3 @ 592000000 Finished 753782 instructions 
Sampling stash size at 754999 req has local max stash size of: 206
Clk3 @ 593000000 Finished 755047 instructions 
Clk3 @ 594000000 Finished 756347 instructions 
Clk7 @ 595000000 Finished 757605 instructions 
Clk3 @ 596000000 Finished 758887 instructions 
Clk@ 596841582 Working on the # 760000 th memory instruction
Sampling stash size at 759999 req has local max stash size of: 215
Clk3 @ 597000000 Finished 760188 instructions 
Clk3 @ 598000000 Finished 761467 instructions 
Clk3 @ 599000000 Finished 762707 instructions 
Clk3 @ 600000000 Finished 764007 instructions 
Sampling stash size at 764999 req has local max stash size of: 201
Clk3 @ 601000000 Finished 765327 instructions 
Clk7 @ 602000000 Finished 766627 instructions 
Clk3 @ 603000000 Finished 767927 instructions 
Clk7 @ 604000000 Finished 769231 instructions 
Clk@ 604599525 Working on the # 770000 th memory instruction
Sampling stash size at 769999 req has local max stash size of: 200
Clk3 @ 605000000 Finished 770527 instructions 
Clk3 @ 606000000 Finished 771842 instructions 
Clk3 @ 607000000 Finished 773147 instructions 
Clk7 @ 608000000 Finished 774427 instructions 
Sampling stash size at 774999 req has local max stash size of: 204
Clk7 @ 609000000 Finished 775727 instructions 
Clk3 @ 610000000 Finished 777023 instructions 
Clk3 @ 611000000 Finished 778265 instructions 
Clk3 @ 612000000 Finished 779517 instructions 
Clk@ 612371483 Working on the # 780000 th memory instruction
Sampling stash size at 779999 req has local max stash size of: 209
Clk3 @ 613000000 Finished 780807 instructions 
Clk3 @ 614000000 Finished 782087 instructions 
Clk3 @ 615000000 Finished 783387 instructions 
Clk3 @ 616000000 Finished 784667 instructions 
Sampling stash size at 784999 req has local max stash size of: 198
Clk3 @ 617000000 Finished 785935 instructions 
Clk3 @ 618000000 Finished 787223 instructions 
Clk3 @ 619000000 Finished 788500 instructions 
Clk7 @ 620000000 Finished 789758 instructions 
Clk@ 620189462 Working on the # 790000 th memory instruction
Sampling stash size at 789999 req has local max stash size of: 211
Clk3 @ 621000000 Finished 791027 instructions 
Clk3 @ 622000000 Finished 792267 instructions 
Clk7 @ 623000000 Finished 793472 instructions 
Clk7 @ 624000000 Finished 794747 instructions 
Sampling stash size at 794999 req has local max stash size of: 210
Clk3 @ 625000000 Finished 796061 instructions 
Clk3 @ 626000000 Finished 797347 instructions 
Clk3 @ 627000000 Finished 798627 instructions 
Clk7 @ 628000000 Finished 799919 instructions 
Clk@ 628069296 Working on the # 800000 th memory instruction
Sampling stash size at 799999 req has local max stash size of: 210
Clk3 @ 629000000 Finished 801184 instructions 
Clk3 @ 630000000 Finished 802506 instructions 
Clk7 @ 631000000 Finished 803823 instructions 
Sampling stash size at 804999 req has local max stash size of: 208
Clk3 @ 632000000 Finished 805107 instructions 
Clk3 @ 633000000 Finished 806407 instructions 
Clk3 @ 634000000 Finished 807686 instructions 
Clk3 @ 635000000 Finished 808907 instructions 
Clk@ 635863546 Working on the # 810000 th memory instruction
Sampling stash size at 809999 req has local max stash size of: 219
Clk3 @ 636000000 Finished 810167 instructions 
Clk7 @ 637000000 Finished 811484 instructions 
Clk3 @ 638000000 Finished 812785 instructions 
Clk3 @ 639000000 Finished 814067 instructions 
Sampling stash size at 814999 req has local max stash size of: 213
Clk3 @ 640000000 Finished 815347 instructions 
Clk3 @ 641000000 Finished 816607 instructions 
Clk3 @ 642000000 Finished 817911 instructions 
Clk3 @ 643000000 Finished 819214 instructions 
Clk@ 643620676 Working on the # 820000 th memory instruction
Sampling stash size at 819999 req has local max stash size of: 211
Clk3 @ 644000000 Finished 820467 instructions 
Clk3 @ 645000000 Finished 821747 instructions 
Clk3 @ 646000000 Finished 822967 instructions 
Clk3 @ 647000000 Finished 824227 instructions 
Sampling stash size at 824999 req has local max stash size of: 203
Clk3 @ 648000000 Finished 825487 instructions 
Clk3 @ 649000000 Finished 826767 instructions 
Clk3 @ 650000000 Finished 828047 instructions 
Clk3 @ 651000000 Finished 829308 instructions 
Clk@ 651538774 Working on the # 830000 th memory instruction
Sampling stash size at 829999 req has local max stash size of: 218
Clk3 @ 652000000 Finished 830587 instructions 
Clk7 @ 653000000 Finished 831869 instructions 
Clk3 @ 654000000 Finished 833167 instructions 
Clk3 @ 655000000 Finished 834447 instructions 
Sampling stash size at 834999 req has local max stash size of: 212
Clk7 @ 656000000 Finished 835726 instructions 
Clk3 @ 657000000 Finished 836987 instructions 
Clk3 @ 658000000 Finished 838249 instructions 
Clk7 @ 659000000 Finished 839507 instructions 
Clk@ 659386481 Working on the # 840000 th memory instruction
Sampling stash size at 839999 req has local max stash size of: 203
Clk3 @ 660000000 Finished 840789 instructions 
Clk3 @ 661000000 Finished 842047 instructions 
Clk3 @ 662000000 Finished 843319 instructions 
Clk7 @ 663000000 Finished 844584 instructions 
Sampling stash size at 844999 req has local max stash size of: 207
Clk3 @ 664000000 Finished 845847 instructions 
Clk3 @ 665000000 Finished 847107 instructions 
Clk3 @ 666000000 Finished 848387 instructions 
Clk3 @ 667000000 Finished 849667 instructions 
Clk@ 667263143 Working on the # 850000 th memory instruction
Sampling stash size at 849999 req has local max stash size of: 210
Clk3 @ 668000000 Finished 850927 instructions 
Clk7 @ 669000000 Finished 852183 instructions 
Clk3 @ 670000000 Finished 853387 instructions 
Clk3 @ 671000000 Finished 854587 instructions 
Sampling stash size at 854999 req has local max stash size of: 208
Clk3 @ 672000000 Finished 855847 instructions 
Clk3 @ 673000000 Finished 857147 instructions 
Clk3 @ 674000000 Finished 858404 instructions 
Clk3 @ 675000000 Finished 859662 instructions 
Clk@ 675257158 Working on the # 860000 th memory instruction
Sampling stash size at 859999 req has local max stash size of: 210
Clk3 @ 676000000 Finished 860947 instructions 
Clk3 @ 677000000 Finished 862227 instructions 

===*** Data ***====
Stall reason distribution: 
mc_hazard: 0
normal: 0
rs_hazard: 0
rw_swtich: 0
Early reshuffle distribution: 
0: 0
1: 0
2: 0
3: 0
4: 1504
5: 3265
6: 3318
7: 3365
8: 3320
9: 3333
10: 3249
11: 3245
12: 3105
13: 2813
14: 2268
15: 1241
16: 16
17: 0
18: 0
19: 0
20: 0
21: 0
22: 0
=================
Max stash size is: 219
Average stash size is: 99.1694
Average mem q size is: 109.851
Total mem q size is:60753650
mem_q_sample_times is:553053
useful_read_pull_ddr: 414822 (1.2527) %
dummy_read_pull_ddr: 7566434 (22.8495) %
useful_early_pull_ddr: 291383 (0.879933) %
useful_early_push_ddr: 156184 (0.471652) %
useful_write_pull_ddr: 6316840 (19.0759) %
useful_write_push_ddr: 2859031 (8.63384) %
dummy_early_pull_ddr: 26585 (0.0802827) %
dummy_early_push_ddr: 648088 (1.95713) %
dummy_write_pull_ddr: 68760 (0.207645) %
dummy_write_push_ddr: 14766110 (44.5914) %
=================
Stash violation number of times: 0
=================
Check NodeID traffic: 4621499
Update NodeID traffic: 8
=================
Read RS lines: 862900 (84.8247) %
Write RS lines: 86290 (8.48247) %
Early RS lines: 68084 (6.69279) %
Read DDR lines: 15962055 (24.5203) %
Write DDR lines: 47092738 (72.3421) %
Early DDR lines: 2042520 (3.13764) %

====*** pos1 ***====
Stall reason distribution: 
mc_hazard: 0
normal: 0
rs_hazard: 0
rw_swtich: 0
Early reshuffle distribution: 
0: 0
1: 453
2: 2104
3: 2664
4: 3077
5: 3204
6: 3237
7: 3256
8: 3320
9: 3266
10: 3303
11: 3235
12: 3101
13: 2872
14: 2350
15: 1279
16: 21
17: 0
18: 0
19: 0
=================
Max stash size is: 163
Average stash size is: 65.4609
Average mem q size is: 89.8535
Total mem q size is:6277438
mem_q_sample_times is:69863
useful_read_pull_ddr: 668820 (1.11035) %
dummy_read_pull_ddr: 14000480 (23.2432) %
useful_early_pull_ddr: 574512 (0.953787) %
useful_early_push_ddr: 194880 (0.323534) %
useful_write_pull_ddr: 11410198 (18.9429) %
useful_write_push_ddr: 3863573 (6.41418) %
dummy_early_pull_ddr: 74633 (0.123903) %
dummy_early_push_ddr: 1447075 (2.40239) %
dummy_write_pull_ddr: 325242 (0.539957) %
dummy_write_push_ddr: 27675422 (45.9459) %
=================
Stash violation number of times: 0
=================
Check NodeID traffic: 6069689
Update NodeID traffic: 2
=================
Read RS lines: 862900 (83.7219) %
Write RS lines: 86290 (8.37219) %
Early RS lines: 81484 (7.90589) %
Read DDR lines: 14669300 (24.3535) %
Write DDR lines: 43274435 (71.8429) %
Early DDR lines: 2291100 (3.80361) %

====*** pos2 ***====
Stall reason distribution: 
mc_hazard: 0
normal: 0
rs_hazard: 0
rw_swtich: 0
Early reshuffle distribution: 
0: 0
1: 823
2: 2143
3: 2858
4: 3107
5: 3124
6: 3296
7: 3421
8: 3287
9: 3269
10: 3295
11: 3261
12: 3082
13: 2814
14: 2359
15: 1216
16: 16
=================
Max stash size is: 123
Average stash size is: 48.3499
Average mem q size is: 84.3495
Total mem q size is:4606244
mem_q_sample_times is:54609
useful_read_pull_ddr: 525414 (1.05035) %
dummy_read_pull_ddr: 11555186 (23.0999) %
useful_early_pull_ddr: 572816 (1.14511) %
useful_early_push_ddr: 121558 (0.243006) %
useful_write_pull_ddr: 9277352 (18.5463) %
useful_write_push_ddr: 2719359 (5.43625) %
dummy_early_pull_ddr: 80069 (0.160065) %
dummy_early_push_ddr: 1529857 (3.05833) %
dummy_write_pull_ddr: 387128 (0.773905) %
dummy_write_push_ddr: 23253931 (46.4868) %
=================
Stash violation number of times: 0
=================
Check NodeID traffic: 2615295
Update NodeID traffic: 0
=================
Read RS lines: 862900 (83.6199) %
Write RS lines: 86290 (8.36199) %
Early RS lines: 82742 (8.01816) %
Read DDR lines: 12080600 (24.1503) %
Write DDR lines: 35637770 (71.2432) %
Early DDR lines: 2304300 (4.60651) %
=================
The final DRAM clk is: 677525346 ticks.
Idle waiting clk is 163613208, which is 24.1486 %
DRAM Frequency is: 1600MHz
The final time in ns is: 4.23453e+08 ns.
Time distribution: 
Data pull time is: 0
data: 0
pos1: 0
pos2: 0
Data distribution: 
Pos2 data: 50022670
Pos1 data: 60234835
Data: 65097313
Node access DDR: 9242998
Pull DDR: 15962055
WB DDR: 47092738
Early DDR: 2042520
Achieved BW is: 58.7289 GB/s
Ideal BW is: 102.4 GB/s
Metadata cache conclusion: 
overall_hit: 12619755 overall_total: 21865412
Cache Size 64 KB Overall Hit rate: 57.7156 %. 
Simulation done. Statistics written to results_all/graphsearch_output.txt
