Valid leaf ID range: 16777215:33554430
Num of top nodes: 16777216
Data level num of ways: 16777216
Z: 16
S: 27
A: 20
cached_total: 1
cached_total: 3
cached_total: 7
cached_total: 15
cached_total: 31
cached_total: 63
cached_total: 127
Total number of ORAM protected cache line blocks: 16777216
Cached number of levels: 6
Max number of levels: 25
Start lvl is: 0
data valid leaf right: 33554431
data num of levels: 25
data level num of ways: 16777216
data number of sets: 1
Cached node ID: 0 -- 95
Address space: 0 - 4 GB
pos1 valid leaf right: 4194303
pos1 num of levels: 22
pos1 level num of ways: 2097152
pos1 number of sets: 1
Cached node ID: 0 -- 11
Address space: 0 - 0.5 GB
pos2 valid leaf right: 524287
pos2 num of levels: 19
pos2 level num of ways: 262144
pos2 number of sets: 1
Cached node ID: 0 -- 5
Address space: 0 - 0.0625 GB
new addr: 405
(myrs->posMap.find(new_addr) != myrs->posMap.end()): 1
(myrs->posMap[new_addr].pending): 0
myrs->posMap[new_addr] = 1029
#2 ID 0 set true here
Clk3 @ 1000000 Finished 2107 instructions 
Clk3 @ 2000000 Finished 4367 instructions 
Sampling stash size at 4999 req has local max stash size of: 136
Clk7 @ 3000000 Finished 6712 instructions 
Clk7 @ 4000000 Finished 9057 instructions 
Clk@ 4399094 Working on the # 10000 th memory instruction
Sampling stash size at 9999 req has local max stash size of: 148
Clk3 @ 5000000 Finished 11447 instructions 
Clk3 @ 6000000 Finished 13867 instructions 
Sampling stash size at 14999 req has local max stash size of: 157
Clk3 @ 7000000 Finished 16240 instructions 
Clk7 @ 8000000 Finished 18682 instructions 
Clk@ 8547476 Working on the # 20000 th memory instruction
Sampling stash size at 19999 req has local max stash size of: 166
Clk3 @ 9000000 Finished 21081 instructions 
Clk3 @ 10000000 Finished 23507 instructions 
Sampling stash size at 24999 req has local max stash size of: 163
Clk7 @ 11000000 Finished 25966 instructions 
Clk7 @ 12000000 Finished 28407 instructions 
Clk@ 12651742 Working on the # 30000 th memory instruction
Sampling stash size at 29999 req has local max stash size of: 166
Clk3 @ 13000000 Finished 30787 instructions 
Clk7 @ 14000000 Finished 33173 instructions 
Sampling stash size at 34999 req has local max stash size of: 168
Clk7 @ 15000000 Finished 35628 instructions 
Clk3 @ 16000000 Finished 38091 instructions 
Clk@ 16785532 Working on the # 40000 th memory instruction
Sampling stash size at 39999 req has local max stash size of: 172
Clk3 @ 17000000 Finished 40510 instructions 
Clk3 @ 18000000 Finished 42922 instructions 
Sampling stash size at 44999 req has local max stash size of: 170
Clk7 @ 19000000 Finished 45387 instructions 
Clk3 @ 20000000 Finished 47786 instructions 
Clk@ 20897514 Working on the # 50000 th memory instruction
Sampling stash size at 49999 req has local max stash size of: 176
Clk7 @ 21000000 Finished 50255 instructions 
Clk3 @ 22000000 Finished 52725 instructions 
Sampling stash size at 54999 req has local max stash size of: 175
Clk3 @ 23000000 Finished 55161 instructions 
Clk7 @ 24000000 Finished 57607 instructions 
Clk@ 24965985 Working on the # 60000 th memory instruction
Sampling stash size at 59999 req has local max stash size of: 184
Clk7 @ 25000000 Finished 60078 instructions 
Clk7 @ 26000000 Finished 62305 instructions 
Clk3 @ 27000000 Finished 64702 instructions 
Sampling stash size at 64999 req has local max stash size of: 176
Clk3 @ 28000000 Finished 67155 instructions 
Clk7 @ 29000000 Finished 69597 instructions 
Clk@ 29165020 Working on the # 70000 th memory instruction
Sampling stash size at 69999 req has local max stash size of: 185
Clk3 @ 30000000 Finished 72070 instructions 
Clk3 @ 31000000 Finished 74531 instructions 
Sampling stash size at 74999 req has local max stash size of: 181
Clk3 @ 32000000 Finished 76943 instructions 
Clk3 @ 33000000 Finished 79381 instructions 
Clk@ 33247654 Working on the # 80000 th memory instruction
Sampling stash size at 79999 req has local max stash size of: 183
Clk7 @ 34000000 Finished 81816 instructions 
Clk7 @ 35000000 Finished 84194 instructions 
Sampling stash size at 84999 req has local max stash size of: 182
Clk7 @ 36000000 Finished 86622 instructions 
Clk7 @ 37000000 Finished 89078 instructions 
Clk@ 37377415 Working on the # 90000 th memory instruction
Sampling stash size at 89999 req has local max stash size of: 190
Clk7 @ 38000000 Finished 91494 instructions 
Clk3 @ 39000000 Finished 93873 instructions 
Sampling stash size at 94999 req has local max stash size of: 187
Clk7 @ 40000000 Finished 96347 instructions 
Clk3 @ 41000000 Finished 98802 instructions 
Clk@ 41487193 Working on the # 100000 th memory instruction
Sampling stash size at 99999 req has local max stash size of: 190
Clk3 @ 42000000 Finished 101247 instructions 
Clk3 @ 43000000 Finished 103688 instructions 
Sampling stash size at 104999 req has local max stash size of: 186
Clk3 @ 44000000 Finished 106126 instructions 
Clk3 @ 45000000 Finished 108544 instructions 
Clk@ 45597870 Working on the # 110000 th memory instruction
Sampling stash size at 109999 req has local max stash size of: 185
Clk7 @ 46000000 Finished 110987 instructions 
Clk7 @ 47000000 Finished 113471 instructions 
Sampling stash size at 114999 req has local max stash size of: 195
Clk3 @ 48000000 Finished 115922 instructions 
Clk3 @ 49000000 Finished 118347 instructions 
Clk@ 49673367 Working on the # 120000 th memory instruction
Sampling stash size at 119999 req has local max stash size of: 194
Clk7 @ 50000000 Finished 120775 instructions 
Clk7 @ 51000000 Finished 123024 instructions 
Sampling stash size at 124999 req has local max stash size of: 190
Clk3 @ 52000000 Finished 125261 instructions 
Clk7 @ 53000000 Finished 127664 instructions 
Clk@ 53958144 Working on the # 130000 th memory instruction
Sampling stash size at 129999 req has local max stash size of: 201
Clk3 @ 54000000 Finished 130104 instructions 
Clk3 @ 55000000 Finished 132524 instructions 
Clk7 @ 56000000 Finished 134995 instructions 
Sampling stash size at 134999 req has local max stash size of: 192
Clk7 @ 57000000 Finished 137421 instructions 
Clk3 @ 58000000 Finished 139827 instructions 
Clk@ 58070357 Working on the # 140000 th memory instruction
Sampling stash size at 139999 req has local max stash size of: 196
Clk3 @ 59000000 Finished 142284 instructions 
Clk3 @ 60000000 Finished 144739 instructions 
Sampling stash size at 144999 req has local max stash size of: 199
Clk7 @ 61000000 Finished 147177 instructions 
Clk3 @ 62000000 Finished 149625 instructions 
Clk@ 62154017 Working on the # 150000 th memory instruction
Sampling stash size at 149999 req has local max stash size of: 201
Clk7 @ 63000000 Finished 152068 instructions 
Clk7 @ 64000000 Finished 154408 instructions 
Sampling stash size at 154999 req has local max stash size of: 192
Clk7 @ 65000000 Finished 156859 instructions 
Clk3 @ 66000000 Finished 159305 instructions 
Clk@ 66285732 Working on the # 160000 th memory instruction
Sampling stash size at 159999 req has local max stash size of: 198
Clk3 @ 67000000 Finished 161747 instructions 
Clk7 @ 68000000 Finished 164147 instructions 
Sampling stash size at 164999 req has local max stash size of: 200
Clk3 @ 69000000 Finished 166483 instructions 
Clk3 @ 70000000 Finished 168867 instructions 
Clk@ 70460524 Working on the # 170000 th memory instruction
Sampling stash size at 169999 req has local max stash size of: 194
Clk7 @ 71000000 Finished 171292 instructions 
Clk3 @ 72000000 Finished 173684 instructions 
Sampling stash size at 174999 req has local max stash size of: 196
Clk3 @ 73000000 Finished 176122 instructions 
Clk3 @ 74000000 Finished 178567 instructions 
Clk@ 74597887 Working on the # 180000 th memory instruction
Sampling stash size at 179999 req has local max stash size of: 202
Clk7 @ 75000000 Finished 180983 instructions 
Clk3 @ 76000000 Finished 183347 instructions 
Sampling stash size at 184999 req has local max stash size of: 198
Clk3 @ 77000000 Finished 185744 instructions 
Clk7 @ 78000000 Finished 188025 instructions 
Clk@ 78799965 Working on the # 190000 th memory instruction
Sampling stash size at 189999 req has local max stash size of: 198
Clk7 @ 79000000 Finished 190483 instructions 
Clk7 @ 80000000 Finished 192927 instructions 
Sampling stash size at 194999 req has local max stash size of: 204
Clk7 @ 81000000 Finished 195358 instructions 
Clk7 @ 82000000 Finished 197807 instructions 
Clk@ 82902601 Working on the # 200000 th memory instruction
Sampling stash size at 199999 req has local max stash size of: 199
Clk7 @ 83000000 Finished 200234 instructions 
Clk3 @ 84000000 Finished 202636 instructions 
Sampling stash size at 204999 req has local max stash size of: 202
Clk3 @ 85000000 Finished 205084 instructions 
Clk7 @ 86000000 Finished 207496 instructions 
Clk3 @ 87000000 Finished 209937 instructions 
Clk@ 87025478 Working on the # 210000 th memory instruction
Sampling stash size at 209999 req has local max stash size of: 198
Clk3 @ 88000000 Finished 212362 instructions 
Clk3 @ 89000000 Finished 214787 instructions 
Sampling stash size at 214999 req has local max stash size of: 200
Clk3 @ 90000000 Finished 217187 instructions 
Clk7 @ 91000000 Finished 219604 instructions 
Clk@ 91157493 Working on the # 220000 th memory instruction
Sampling stash size at 219999 req has local max stash size of: 201
Clk3 @ 92000000 Finished 222047 instructions 
Clk7 @ 93000000 Finished 224517 instructions 
Sampling stash size at 224999 req has local max stash size of: 199
Clk7 @ 94000000 Finished 226948 instructions 
Clk7 @ 95000000 Finished 229372 instructions 
Clk@ 95252065 Working on the # 230000 th memory instruction
Sampling stash size at 229999 req has local max stash size of: 211
Clk3 @ 96000000 Finished 231843 instructions 
Clk7 @ 97000000 Finished 234250 instructions 
Sampling stash size at 234999 req has local max stash size of: 214
Clk3 @ 98000000 Finished 236705 instructions 
Clk3 @ 99000000 Finished 239165 instructions 
Clk@ 99340034 Working on the # 240000 th memory instruction
Sampling stash size at 239999 req has local max stash size of: 198
Clk7 @ 100000000 Finished 241574 instructions 
Clk7 @ 101000000 Finished 243906 instructions 
Sampling stash size at 244999 req has local max stash size of: 204
Clk3 @ 102000000 Finished 246135 instructions 
Clk7 @ 103000000 Finished 248306 instructions 
Clk@ 103731700 Working on the # 250000 th memory instruction
Sampling stash size at 249999 req has local max stash size of: 209
Clk7 @ 104000000 Finished 250625 instructions 
Clk3 @ 105000000 Finished 253021 instructions 
Sampling stash size at 254999 req has local max stash size of: 205
Clk7 @ 106000000 Finished 255403 instructions 
Clk3 @ 107000000 Finished 257832 instructions 
Clk@ 107898675 Working on the # 260000 th memory instruction
Sampling stash size at 259999 req has local max stash size of: 199
Clk3 @ 108000000 Finished 260247 instructions 
Clk3 @ 109000000 Finished 262684 instructions 
Sampling stash size at 264999 req has local max stash size of: 202
Clk3 @ 110000000 Finished 265067 instructions 
Clk3 @ 111000000 Finished 267507 instructions 
Clk7 @ 112000000 Finished 269969 instructions 
Clk@ 112010922 Working on the # 270000 th memory instruction
Sampling stash size at 269999 req has local max stash size of: 205
Clk3 @ 113000000 Finished 272424 instructions 
Clk3 @ 114000000 Finished 274793 instructions 
Sampling stash size at 274999 req has local max stash size of: 207
Clk7 @ 115000000 Finished 277228 instructions 
Clk3 @ 116000000 Finished 279657 instructions 
Clk@ 116142160 Working on the # 280000 th memory instruction
Sampling stash size at 279999 req has local max stash size of: 207
Clk7 @ 117000000 Finished 282083 instructions 
Clk3 @ 118000000 Finished 284525 instructions 
Sampling stash size at 284999 req has local max stash size of: 213
Clk7 @ 119000000 Finished 286946 instructions 
Clk3 @ 120000000 Finished 289397 instructions 
Clk@ 120256420 Working on the # 290000 th memory instruction
Sampling stash size at 289999 req has local max stash size of: 215
Clk3 @ 121000000 Finished 291807 instructions 
Clk3 @ 122000000 Finished 294221 instructions 
Sampling stash size at 294999 req has local max stash size of: 205
Clk7 @ 123000000 Finished 296667 instructions 
Clk3 @ 124000000 Finished 299105 instructions 
Clk@ 124359920 Working on the # 300000 th memory instruction
Sampling stash size at 299999 req has local max stash size of: 212
Clk7 @ 125000000 Finished 301533 instructions 
Clk3 @ 126000000 Finished 303963 instructions 
Sampling stash size at 304999 req has local max stash size of: 205
Clk7 @ 127000000 Finished 306264 instructions 
Clk3 @ 128000000 Finished 308645 instructions 
Clk@ 128578357 Working on the # 310000 th memory instruction
Sampling stash size at 309999 req has local max stash size of: 207
Clk7 @ 129000000 Finished 311009 instructions 
Clk3 @ 130000000 Finished 313447 instructions 
Sampling stash size at 314999 req has local max stash size of: 209
Clk3 @ 131000000 Finished 315885 instructions 
Clk3 @ 132000000 Finished 318302 instructions 
Clk@ 132695110 Working on the # 320000 th memory instruction
Sampling stash size at 319999 req has local max stash size of: 206
Clk3 @ 133000000 Finished 320706 instructions 
Clk7 @ 134000000 Finished 323153 instructions 
Sampling stash size at 324999 req has local max stash size of: 210
Clk7 @ 135000000 Finished 325551 instructions 
Clk7 @ 136000000 Finished 327958 instructions 
Clk@ 136853549 Working on the # 330000 th memory instruction
Sampling stash size at 329999 req has local max stash size of: 214
Clk3 @ 137000000 Finished 330342 instructions 
Clk3 @ 138000000 Finished 332682 instructions 
Sampling stash size at 334999 req has local max stash size of: 212
Clk7 @ 139000000 Finished 335114 instructions 
Clk3 @ 140000000 Finished 337527 instructions 
Clk3 @ 141000000 Finished 339943 instructions 
Clk@ 141022085 Working on the # 340000 th memory instruction
Sampling stash size at 339999 req has local max stash size of: 214
Clk7 @ 142000000 Finished 342356 instructions 
Clk3 @ 143000000 Finished 344712 instructions 
Sampling stash size at 344999 req has local max stash size of: 207
Clk3 @ 144000000 Finished 347127 instructions 
Clk7 @ 145000000 Finished 349568 instructions 
Clk@ 145172440 Working on the # 350000 th memory instruction
Sampling stash size at 349999 req has local max stash size of: 217
Clk3 @ 146000000 Finished 351987 instructions 
Clk3 @ 147000000 Finished 354427 instructions 
Sampling stash size at 354999 req has local max stash size of: 214
Clk3 @ 148000000 Finished 356882 instructions 
Clk7 @ 149000000 Finished 359245 instructions 
Clk@ 149309201 Working on the # 360000 th memory instruction
Sampling stash size at 359999 req has local max stash size of: 208
Clk3 @ 150000000 Finished 361701 instructions 
Clk3 @ 151000000 Finished 364126 instructions 
Sampling stash size at 364999 req has local max stash size of: 211
Clk3 @ 152000000 Finished 366387 instructions 
Clk3 @ 153000000 Finished 368823 instructions 
Clk@ 153489280 Working on the # 370000 th memory instruction
Sampling stash size at 369999 req has local max stash size of: 213
Clk3 @ 154000000 Finished 371207 instructions 
Clk3 @ 155000000 Finished 373447 instructions 
Sampling stash size at 374999 req has local max stash size of: 218
Clk3 @ 156000000 Finished 375817 instructions 
Clk3 @ 157000000 Finished 378246 instructions 
Clk@ 157708961 Working on the # 380000 th memory instruction
Sampling stash size at 379999 req has local max stash size of: 208
Clk3 @ 158000000 Finished 380702 instructions 
Clk7 @ 159000000 Finished 383108 instructions 
Sampling stash size at 384999 req has local max stash size of: 217
Clk3 @ 160000000 Finished 385566 instructions 
Clk3 @ 161000000 Finished 388007 instructions 
Clk@ 161829303 Working on the # 390000 th memory instruction
Sampling stash size at 389999 req has local max stash size of: 207
Clk3 @ 162000000 Finished 390419 instructions 
Clk3 @ 163000000 Finished 392876 instructions 
Sampling stash size at 394999 req has local max stash size of: 211
Clk3 @ 164000000 Finished 395345 instructions 
Clk7 @ 165000000 Finished 397709 instructions 
Clk@ 165928682 Working on the # 400000 th memory instruction
Sampling stash size at 399999 req has local max stash size of: 211
Clk7 @ 166000000 Finished 400161 instructions 
Clk3 @ 167000000 Finished 402587 instructions 
Clk3 @ 168000000 Finished 404995 instructions 
Sampling stash size at 404999 req has local max stash size of: 208
Clk7 @ 169000000 Finished 407419 instructions 
Clk3 @ 170000000 Finished 409845 instructions 
Clk@ 170060011 Working on the # 410000 th memory instruction
Sampling stash size at 409999 req has local max stash size of: 214
Clk3 @ 171000000 Finished 412274 instructions 
Clk3 @ 172000000 Finished 414676 instructions 
Sampling stash size at 414999 req has local max stash size of: 208
Clk7 @ 173000000 Finished 417123 instructions 
Clk7 @ 174000000 Finished 419526 instructions 
Clk@ 174190328 Working on the # 420000 th memory instruction
Sampling stash size at 419999 req has local max stash size of: 209
Clk3 @ 175000000 Finished 421964 instructions 
Clk3 @ 176000000 Finished 424387 instructions 
Sampling stash size at 424999 req has local max stash size of: 208
Clk3 @ 177000000 Finished 426785 instructions 
Clk7 @ 178000000 Finished 429189 instructions 
Clk@ 178329301 Working on the # 430000 th memory instruction
Sampling stash size at 429999 req has local max stash size of: 214
Clk3 @ 179000000 Finished 431627 instructions 
Clk3 @ 180000000 Finished 434007 instructions 
Sampling stash size at 434999 req has local max stash size of: 210
Clk3 @ 181000000 Finished 436324 instructions 
Clk7 @ 182000000 Finished 438761 instructions 
Clk@ 182503570 Working on the # 440000 th memory instruction
Sampling stash size at 439999 req has local max stash size of: 226
Clk3 @ 183000000 Finished 441207 instructions 
Clk3 @ 184000000 Finished 443627 instructions 
Sampling stash size at 444999 req has local max stash size of: 213
Clk3 @ 185000000 Finished 446069 instructions 
Clk7 @ 186000000 Finished 448508 instructions 
Clk@ 186618174 Working on the # 450000 th memory instruction
Sampling stash size at 449999 req has local max stash size of: 212
Clk7 @ 187000000 Finished 450928 instructions 
Clk3 @ 188000000 Finished 453370 instructions 
Sampling stash size at 454999 req has local max stash size of: 216
Clk3 @ 189000000 Finished 455789 instructions 
Clk3 @ 190000000 Finished 458187 instructions 
Clk@ 190738922 Working on the # 460000 th memory instruction
Sampling stash size at 459999 req has local max stash size of: 217
Clk3 @ 191000000 Finished 460629 instructions 
Clk3 @ 192000000 Finished 463067 instructions 
Sampling stash size at 464999 req has local max stash size of: 217
Clk3 @ 193000000 Finished 465427 instructions 
Clk3 @ 194000000 Finished 467845 instructions 
Clk@ 194882654 Working on the # 470000 th memory instruction
Sampling stash size at 469999 req has local max stash size of: 212
Clk3 @ 195000000 Finished 470286 instructions 
Clk3 @ 196000000 Finished 472687 instructions 
Sampling stash size at 474999 req has local max stash size of: 215
Clk7 @ 197000000 Finished 475123 instructions 
Clk7 @ 198000000 Finished 477564 instructions 
Clk@ 198995176 Working on the # 480000 th memory instruction
Sampling stash size at 479999 req has local max stash size of: 215
Clk3 @ 199000000 Finished 480007 instructions 
Clk7 @ 200000000 Finished 482390 instructions 
Clk7 @ 201000000 Finished 484805 instructions 
Sampling stash size at 484999 req has local max stash size of: 217
Clk3 @ 202000000 Finished 487163 instructions 
Clk7 @ 203000000 Finished 489317 instructions 
Clk@ 203294212 Working on the # 490000 th memory instruction
Sampling stash size at 489999 req has local max stash size of: 214
Clk3 @ 204000000 Finished 491618 instructions 
Clk3 @ 205000000 Finished 493875 instructions 
Sampling stash size at 494999 req has local max stash size of: 214
Clk3 @ 206000000 Finished 496002 instructions 
Clk3 @ 207000000 Finished 498287 instructions 
Clk@ 207756458 Working on the # 500000 th memory instruction
Warm up done after line access count: 500000 out of 1000000 (50 %)
Sampling stash size at 499999 req has local max stash size of: 211
Clk3 @ 208000000 Finished 500562 instructions 
Clk3 @ 209000000 Finished 502923 instructions 
Sampling stash size at 504999 req has local max stash size of: 213
Clk3 @ 210000000 Finished 505302 instructions 
Clk7 @ 211000000 Finished 507678 instructions 
Clk@ 211976542 Working on the # 510000 th memory instruction
Sampling stash size at 509999 req has local max stash size of: 210
Clk7 @ 212000000 Finished 510055 instructions 
Clk7 @ 213000000 Finished 512381 instructions 
Clk7 @ 214000000 Finished 514765 instructions 
Sampling stash size at 514999 req has local max stash size of: 222
Clk3 @ 215000000 Finished 517183 instructions 
Clk7 @ 216000000 Finished 519531 instructions 
Clk@ 216192540 Working on the # 520000 th memory instruction
Sampling stash size at 519999 req has local max stash size of: 217
Clk3 @ 217000000 Finished 521947 instructions 
Clk3 @ 218000000 Finished 524342 instructions 
Sampling stash size at 524999 req has local max stash size of: 215
Clk3 @ 219000000 Finished 526682 instructions 
Clk7 @ 220000000 Finished 529086 instructions 
Clk@ 220383358 Working on the # 530000 th memory instruction
Sampling stash size at 529999 req has local max stash size of: 222
Clk3 @ 221000000 Finished 531502 instructions 
Clk7 @ 222000000 Finished 533893 instructions 
Sampling stash size at 534999 req has local max stash size of: 218
Clk3 @ 223000000 Finished 536325 instructions 
Clk3 @ 224000000 Finished 538782 instructions 
Clk@ 224500769 Working on the # 540000 th memory instruction
Sampling stash size at 539999 req has local max stash size of: 215
Clk7 @ 225000000 Finished 541183 instructions 
Clk7 @ 226000000 Finished 543633 instructions 
Sampling stash size at 544999 req has local max stash size of: 222
Clk7 @ 227000000 Finished 546054 instructions 
Clk3 @ 228000000 Finished 548466 instructions 
Clk@ 228685866 Working on the # 550000 th memory instruction
Sampling stash size at 549999 req has local max stash size of: 215
Clk7 @ 229000000 Finished 550751 instructions 
Clk7 @ 230000000 Finished 553189 instructions 
Sampling stash size at 554999 req has local max stash size of: 214
Clk7 @ 231000000 Finished 555608 instructions 
Clk3 @ 232000000 Finished 557945 instructions 
Clk@ 232843360 Working on the # 560000 th memory instruction
Sampling stash size at 559999 req has local max stash size of: 213
Clk7 @ 233000000 Finished 560367 instructions 
Clk3 @ 234000000 Finished 562804 instructions 
Sampling stash size at 564999 req has local max stash size of: 217
Clk7 @ 235000000 Finished 565210 instructions 
Clk3 @ 236000000 Finished 567663 instructions 
Clk@ 236980058 Working on the # 570000 th memory instruction
Sampling stash size at 569999 req has local max stash size of: 218
Clk3 @ 237000000 Finished 570047 instructions 
Clk3 @ 238000000 Finished 572462 instructions 
Clk7 @ 239000000 Finished 574903 instructions 
Sampling stash size at 574999 req has local max stash size of: 227
Clk3 @ 240000000 Finished 577296 instructions 
Clk3 @ 241000000 Finished 579702 instructions 
Clk@ 241127301 Working on the # 580000 th memory instruction
Sampling stash size at 579999 req has local max stash size of: 212
Clk7 @ 242000000 Finished 582139 instructions 
Clk3 @ 243000000 Finished 584585 instructions 
Sampling stash size at 584999 req has local max stash size of: 218
Clk3 @ 244000000 Finished 586939 instructions 
Clk3 @ 245000000 Finished 589365 instructions 
Clk@ 245261341 Working on the # 590000 th memory instruction
Sampling stash size at 589999 req has local max stash size of: 226
Clk3 @ 246000000 Finished 591810 instructions 
Clk7 @ 247000000 Finished 594228 instructions 
Sampling stash size at 594999 req has local max stash size of: 224
Clk3 @ 248000000 Finished 596645 instructions 
Clk7 @ 248000000 Finished 596645 instructions 
Clk3 @ 249000000 Finished 599084 instructions 
Clk@ 249370977 Working on the # 600000 th memory instruction
Sampling stash size at 599999 req has local max stash size of: 218
Clk7 @ 250000000 Finished 601539 instructions 
Clk7 @ 251000000 Finished 603928 instructions 
Sampling stash size at 604999 req has local max stash size of: 218
Clk3 @ 252000000 Finished 606347 instructions 
Clk3 @ 253000000 Finished 608787 instructions 
Clk@ 253552448 Working on the # 610000 th memory instruction
Sampling stash size at 609999 req has local max stash size of: 219
Clk3 @ 254000000 Finished 611006 instructions 
Clk3 @ 255000000 Finished 613391 instructions 
Sampling stash size at 614999 req has local max stash size of: 219
Clk7 @ 256000000 Finished 615781 instructions 
Clk3 @ 257000000 Finished 618084 instructions 
Clk7 @ 257000000 Finished 618085 instructions 
Clk@ 257809294 Working on the # 620000 th memory instruction
Sampling stash size at 619999 req has local max stash size of: 215
Clk3 @ 258000000 Finished 620462 instructions 
Clk3 @ 259000000 Finished 622887 instructions 
Sampling stash size at 624999 req has local max stash size of: 220
Clk3 @ 260000000 Finished 625282 instructions 
Clk7 @ 261000000 Finished 627737 instructions 
Clk@ 261929408 Working on the # 630000 th memory instruction
Sampling stash size at 629999 req has local max stash size of: 219
Clk3 @ 262000000 Finished 630167 instructions 
Clk7 @ 263000000 Finished 632588 instructions 
Clk3 @ 264000000 Finished 634982 instructions 
Sampling stash size at 634999 req has local max stash size of: 226
Clk3 @ 265000000 Finished 637407 instructions 
Clk7 @ 266000000 Finished 639854 instructions 
Clk@ 266062607 Working on the # 640000 th memory instruction
Sampling stash size at 639999 req has local max stash size of: 226
Clk3 @ 267000000 Finished 642204 instructions 
Clk3 @ 268000000 Finished 644654 instructions 
Sampling stash size at 644999 req has local max stash size of: 210
Clk3 @ 269000000 Finished 647087 instructions 
Clk3 @ 270000000 Finished 649483 instructions 
Clk@ 270213979 Working on the # 650000 th memory instruction
Sampling stash size at 649999 req has local max stash size of: 221
Clk3 @ 271000000 Finished 651847 instructions 
Clk3 @ 272000000 Finished 654278 instructions 
Sampling stash size at 654999 req has local max stash size of: 221
Clk3 @ 273000000 Finished 656645 instructions 
Clk7 @ 274000000 Finished 659068 instructions 
Clk@ 274390294 Working on the # 660000 th memory instruction
Sampling stash size at 659999 req has local max stash size of: 220
Clk3 @ 275000000 Finished 661454 instructions 
Clk7 @ 276000000 Finished 663812 instructions 
Sampling stash size at 664999 req has local max stash size of: 217
Clk3 @ 277000000 Finished 666154 instructions 
Clk7 @ 278000000 Finished 668574 instructions 
Clk@ 278589953 Working on the # 670000 th memory instruction
Sampling stash size at 669999 req has local max stash size of: 217
Clk7 @ 279000000 Finished 670898 instructions 
Clk7 @ 280000000 Finished 673347 instructions 
Sampling stash size at 674999 req has local max stash size of: 216
Clk3 @ 281000000 Finished 675762 instructions 
Clk3 @ 282000000 Finished 678189 instructions 
Clk@ 282753826 Working on the # 680000 th memory instruction
Sampling stash size at 679999 req has local max stash size of: 223
Clk7 @ 283000000 Finished 680603 instructions 
Clk7 @ 284000000 Finished 683018 instructions 
Sampling stash size at 684999 req has local max stash size of: 223
Clk7 @ 285000000 Finished 685368 instructions 
Clk7 @ 286000000 Finished 687670 instructions 
Clk@ 286957270 Working on the # 690000 th memory instruction
Sampling stash size at 689999 req has local max stash size of: 213
Clk3 @ 287000000 Finished 690106 instructions 
Clk3 @ 288000000 Finished 692536 instructions 
Clk7 @ 289000000 Finished 694948 instructions 
Sampling stash size at 694999 req has local max stash size of: 231
Clk7 @ 290000000 Finished 697385 instructions 
Clk3 @ 291000000 Finished 699790 instructions 
Clk@ 291083529 Working on the # 700000 th memory instruction
Sampling stash size at 699999 req has local max stash size of: 218
Clk7 @ 292000000 Finished 702169 instructions 
Clk3 @ 293000000 Finished 704603 instructions 
Sampling stash size at 704999 req has local max stash size of: 218
Clk3 @ 294000000 Finished 706994 instructions 
Clk3 @ 295000000 Finished 709437 instructions 
Clk@ 295235525 Working on the # 710000 th memory instruction
Sampling stash size at 709999 req has local max stash size of: 215
Clk3 @ 296000000 Finished 711882 instructions 
Clk3 @ 297000000 Finished 714330 instructions 
Sampling stash size at 714999 req has local max stash size of: 216
Clk3 @ 298000000 Finished 716704 instructions 
Clk3 @ 299000000 Finished 719102 instructions 
Clk@ 299364893 Working on the # 720000 th memory instruction
Sampling stash size at 719999 req has local max stash size of: 222
Clk7 @ 300000000 Finished 721539 instructions 
Clk7 @ 301000000 Finished 723968 instructions 
Sampling stash size at 724999 req has local max stash size of: 224
Clk7 @ 302000000 Finished 726387 instructions 
Clk3 @ 303000000 Finished 728807 instructions 
Clk@ 303499905 Working on the # 730000 th memory instruction
Sampling stash size at 729999 req has local max stash size of: 226
Clk3 @ 304000000 Finished 731147 instructions 
Clk3 @ 305000000 Finished 733402 instructions 
Sampling stash size at 734999 req has local max stash size of: 218
Clk7 @ 306000000 Finished 735833 instructions 
Clk3 @ 307000000 Finished 738261 instructions 
Clk@ 307731824 Working on the # 740000 th memory instruction
Sampling stash size at 739999 req has local max stash size of: 217
Clk3 @ 308000000 Finished 740639 instructions 
Clk3 @ 309000000 Finished 742982 instructions 
Sampling stash size at 744999 req has local max stash size of: 220
Clk3 @ 310000000 Finished 745264 instructions 
Clk3 @ 311000000 Finished 747447 instructions 
Clk3 @ 312000000 Finished 749803 instructions 
Clk@ 312081043 Working on the # 750000 th memory instruction
Sampling stash size at 749999 req has local max stash size of: 221
Clk7 @ 313000000 Finished 752231 instructions 
Clk7 @ 314000000 Finished 754618 instructions 
Sampling stash size at 754999 req has local max stash size of: 216
Clk3 @ 315000000 Finished 757043 instructions 
Clk3 @ 316000000 Finished 759465 instructions 
Clk@ 316215127 Working on the # 760000 th memory instruction
Sampling stash size at 759999 req has local max stash size of: 214
Clk3 @ 317000000 Finished 761883 instructions 
Clk3 @ 318000000 Finished 764243 instructions 
Sampling stash size at 764999 req has local max stash size of: 220
Clk7 @ 319000000 Finished 766687 instructions 
Clk3 @ 320000000 Finished 769147 instructions 
Clk@ 320358091 Working on the # 770000 th memory instruction
Sampling stash size at 769999 req has local max stash size of: 221
Clk7 @ 321000000 Finished 771563 instructions 
Clk3 @ 322000000 Finished 773966 instructions 
Sampling stash size at 774999 req has local max stash size of: 219
Clk3 @ 323000000 Finished 776388 instructions 
Clk3 @ 324000000 Finished 778786 instructions 
Clk@ 324511877 Working on the # 780000 th memory instruction
Sampling stash size at 779999 req has local max stash size of: 222
Clk7 @ 325000000 Finished 781167 instructions 
Clk7 @ 326000000 Finished 783614 instructions 
Sampling stash size at 784999 req has local max stash size of: 227
Clk3 @ 327000000 Finished 786030 instructions 
Clk3 @ 328000000 Finished 788482 instructions 
Clk@ 328627900 Working on the # 790000 th memory instruction
Sampling stash size at 789999 req has local max stash size of: 213
Clk3 @ 329000000 Finished 790899 instructions 
Clk7 @ 330000000 Finished 793188 instructions 
Sampling stash size at 794999 req has local max stash size of: 219
Clk7 @ 331000000 Finished 795585 instructions 
Clk3 @ 332000000 Finished 798027 instructions 
Clk@ 332809258 Working on the # 800000 th memory instruction
Sampling stash size at 799999 req has local max stash size of: 222
Clk7 @ 333000000 Finished 800443 instructions 
Clk7 @ 334000000 Finished 802854 instructions 
Sampling stash size at 804999 req has local max stash size of: 230
Clk7 @ 335000000 Finished 805296 instructions 
Clk7 @ 336000000 Finished 807706 instructions 
Clk@ 336974033 Working on the # 810000 th memory instruction
Sampling stash size at 809999 req has local max stash size of: 217
Clk3 @ 337000000 Finished 810062 instructions 
Clk7 @ 338000000 Finished 812495 instructions 
Clk7 @ 339000000 Finished 814919 instructions 
Sampling stash size at 814999 req has local max stash size of: 211
Clk3 @ 341000000 Finished 819762 instructions 
Clk@ 341097227 Working on the # 820000 th memory instruction
Sampling stash size at 819999 req has local max stash size of: 226
Clk7 @ 342000000 Finished 822168 instructions 
Clk3 @ 343000000 Finished 824567 instructions 
Sampling stash size at 824999 req has local max stash size of: 225
Clk3 @ 344000000 Finished 826963 instructions 
Clk3 @ 345000000 Finished 829323 instructions 
Clk@ 345278240 Working on the # 830000 th memory instruction
Sampling stash size at 829999 req has local max stash size of: 221
Clk3 @ 346000000 Finished 831724 instructions 
Clk7 @ 347000000 Finished 834157 instructions 
Sampling stash size at 834999 req has local max stash size of: 213
Clk7 @ 348000000 Finished 836565 instructions 
Clk3 @ 349000000 Finished 838903 instructions 
Clk@ 349447204 Working on the # 840000 th memory instruction
Sampling stash size at 839999 req has local max stash size of: 217
Clk3 @ 350000000 Finished 841345 instructions 
Clk3 @ 351000000 Finished 843727 instructions 
Sampling stash size at 844999 req has local max stash size of: 227
Clk7 @ 352000000 Finished 846128 instructions 
Clk7 @ 353000000 Finished 848544 instructions 
Clk@ 353597555 Working on the # 850000 th memory instruction
Sampling stash size at 849999 req has local max stash size of: 223
Clk3 @ 354000000 Finished 850967 instructions 
Clk3 @ 355000000 Finished 853331 instructions 
Sampling stash size at 854999 req has local max stash size of: 230
Clk3 @ 356000000 Finished 855665 instructions 
Clk7 @ 356000000 Finished 855665 instructions 
Clk3 @ 357000000 Finished 858086 instructions 
Clk@ 357791458 Working on the # 860000 th memory instruction
Sampling stash size at 859999 req has local max stash size of: 215
Clk3 @ 358000000 Finished 860504 instructions 
Clk7 @ 359000000 Finished 862922 instructions 
Sampling stash size at 864999 req has local max stash size of: 227
Clk3 @ 360000000 Finished 865326 instructions 
Clk3 @ 361000000 Finished 867723 instructions 
Clk3 @ 362000000 Finished 869922 instructions 
Clk@ 362033463 Working on the # 870000 th memory instruction
Sampling stash size at 869999 req has local max stash size of: 218
Clk3 @ 363000000 Finished 872327 instructions 
Clk7 @ 364000000 Finished 874727 instructions 
Sampling stash size at 874999 req has local max stash size of: 220
Clk7 @ 365000000 Finished 877123 instructions 
Clk3 @ 366000000 Finished 879567 instructions 
Clk@ 366174530 Working on the # 880000 th memory instruction
Sampling stash size at 879999 req has local max stash size of: 215
Clk7 @ 367000000 Finished 881988 instructions 
Clk3 @ 368000000 Finished 884345 instructions 
Sampling stash size at 884999 req has local max stash size of: 218
Clk3 @ 369000000 Finished 886787 instructions 
Clk3 @ 370000000 Finished 889203 instructions 
Clk@ 370328008 Working on the # 890000 th memory instruction
Sampling stash size at 889999 req has local max stash size of: 222
Clk3 @ 371000000 Finished 891627 instructions 
Clk7 @ 372000000 Finished 894069 instructions 
Sampling stash size at 894999 req has local max stash size of: 217
Clk3 @ 373000000 Finished 896469 instructions 
Clk3 @ 374000000 Finished 898887 instructions 
Clk@ 374469661 Working on the # 900000 th memory instruction
Sampling stash size at 899999 req has local max stash size of: 214
Clk7 @ 375000000 Finished 901286 instructions 
Clk3 @ 376000000 Finished 903663 instructions 
Sampling stash size at 904999 req has local max stash size of: 237
Clk3 @ 377000000 Finished 906101 instructions 
Clk7 @ 378000000 Finished 908528 instructions 
Clk@ 378616743 Working on the # 910000 th memory instruction
Sampling stash size at 909999 req has local max stash size of: 222
Clk3 @ 379000000 Finished 910932 instructions 
Clk3 @ 380000000 Finished 913367 instructions 
Sampling stash size at 914999 req has local max stash size of: 223
Clk3 @ 381000000 Finished 915703 instructions 
Clk3 @ 382000000 Finished 918131 instructions 
Clk@ 382765511 Working on the # 920000 th memory instruction
Sampling stash size at 919999 req has local max stash size of: 217
Clk7 @ 383000000 Finished 920566 instructions 
Clk3 @ 384000000 Finished 922967 instructions 
Sampling stash size at 924999 req has local max stash size of: 218
Clk7 @ 385000000 Finished 925408 instructions 
Clk7 @ 386000000 Finished 927828 instructions 
Clk@ 386938641 Working on the # 930000 th memory instruction
Sampling stash size at 929999 req has local max stash size of: 214
Clk7 @ 387000000 Finished 930133 instructions 
Clk3 @ 388000000 Finished 932482 instructions 
Clk3 @ 389000000 Finished 934884 instructions 
Sampling stash size at 934999 req has local max stash size of: 224
Clk3 @ 390000000 Finished 937312 instructions 
Clk3 @ 391000000 Finished 939726 instructions 
Clk@ 391110056 Working on the # 940000 th memory instruction
Sampling stash size at 939999 req has local max stash size of: 221
Clk3 @ 392000000 Finished 942162 instructions 
Clk7 @ 393000000 Finished 944587 instructions 
Sampling stash size at 944999 req has local max stash size of: 227
Clk7 @ 394000000 Finished 946944 instructions 
Clk7 @ 395000000 Finished 949342 instructions 
Clk@ 395271554 Working on the # 950000 th memory instruction
Sampling stash size at 949999 req has local max stash size of: 223
Clk7 @ 396000000 Finished 951747 instructions 
Clk3 @ 397000000 Finished 954147 instructions 
Sampling stash size at 954999 req has local max stash size of: 216
Clk3 @ 398000000 Finished 956567 instructions 
Clk3 @ 399000000 Finished 958987 instructions 
Clk@ 399415847 Working on the # 960000 th memory instruction
Sampling stash size at 959999 req has local max stash size of: 221
Clk7 @ 400000000 Finished 961341 instructions 
Clk3 @ 401000000 Finished 963762 instructions 
Sampling stash size at 964999 req has local max stash size of: 228
Clk7 @ 402000000 Finished 966109 instructions 
Clk3 @ 403000000 Finished 968484 instructions 
Clk@ 403633757 Working on the # 970000 th memory instruction
Sampling stash size at 969999 req has local max stash size of: 230
Clk3 @ 404000000 Finished 970869 instructions 
Clk7 @ 405000000 Finished 973237 instructions 
Sampling stash size at 974999 req has local max stash size of: 227
Clk7 @ 406000000 Finished 975460 instructions 
Clk3 @ 407000000 Finished 977562 instructions 
Clk3 @ 408000000 Finished 979843 instructions 
Clk@ 408067454 Working on the # 980000 th memory instruction
Sampling stash size at 979999 req has local max stash size of: 217
Clk3 @ 409000000 Finished 982165 instructions 
Clk3 @ 410000000 Finished 984425 instructions 
Sampling stash size at 984999 req has local max stash size of: 219
Clk3 @ 411000000 Finished 986743 instructions 
Clk7 @ 412000000 Finished 989009 instructions 
Clk@ 412444986 Working on the # 990000 th memory instruction
Sampling stash size at 989999 req has local max stash size of: 212
Clk3 @ 413000000 Finished 991167 instructions 
Clk3 @ 414000000 Finished 993461 instructions 
Sampling stash size at 994999 req has local max stash size of: 224
Clk3 @ 415000000 Finished 995832 instructions 
Clk7 @ 416000000 Finished 998183 instructions 
Clk@ 416780778 Working on the # 1000000 th memory instruction
Sampling stash size at 999999 req has local max stash size of: 221

===*** Data ***====
Stall reason distribution: 
mc_hazard: 0
normal: 0
rs_hazard: 0
rw_swtich: 0
Early reshuffle distribution: 
0: 0
1: 0
2: 0
3: 0
4: 0
5: 0
6: 1963
7: 3931
8: 3893
9: 3873
10: 3835
11: 3761
12: 3650
13: 3469
14: 2869
15: 1787
16: 88
17: 0
18: 0
19: 0
20: 0
21: 0
22: 0
23: 0
24: 0
=================
Max stash size is: 237
Average stash size is: 113.495
Average mem q size is: 59.2872
Total mem q size is:15037435
mem_q_sample_times is:253637
useful_read_pull_ddr: 500006 (1.30945) %
dummy_read_pull_ddr: 8750465 (22.9164) %
useful_early_pull_ddr: 287155 (0.752024) %
useful_early_push_ddr: 165317 (0.432945) %
useful_write_pull_ddr: 7328772 (19.1931) %
useful_write_push_ddr: 3108818 (8.14161) %
dummy_early_pull_ddr: 26699 (0.0699214) %
dummy_early_push_ddr: 628549 (1.64609) %
dummy_write_pull_ddr: 71532 (0.187333) %
dummy_write_push_ddr: 17316999 (45.3511) %
=================
Stash violation number of times: 0
=================
Check NodeID traffic: 6540388
Update NodeID traffic: 33
=================
Read RS lines: 1000000 (85.7458) %
Write RS lines: 100000 (8.57458) %
Early RS lines: 66238 (5.67963) %
Read DDR lines: 18502885 (24.6491) %
Write DDR lines: 54575000 (72.7036) %
Early DDR lines: 1987140 (2.64722) %

====*** pos1 ***====
Stall reason distribution: 
mc_hazard: 0
normal: 0
rs_hazard: 0
rw_swtich: 0
Early reshuffle distribution: 
0: 0
1: 0
2: 0
3: 1661
4: 3630
5: 3746
6: 3870
7: 3771
8: 3863
9: 3870
10: 3800
11: 3762
12: 3635
13: 3403
14: 2795
15: 1840
16: 84
17: 0
18: 0
19: 0
20: 0
21: 0
=================
Max stash size is: 110
Average stash size is: 26.9283
Average mem q size is: 79.474
Total mem q size is:7074377
mem_q_sample_times is:89015
useful_read_pull_ddr: 191470 (0.249395) %
dummy_read_pull_ddr: 18308639 (23.8475) %
useful_early_pull_ddr: 693473 (0.903266) %
useful_early_push_ddr: 67509 (0.0879322) %
useful_write_pull_ddr: 14744109 (19.2046) %
useful_write_push_ddr: 1875829 (2.44332) %
dummy_early_pull_ddr: 49937 (0.0650442) %
dummy_early_push_ddr: 1812881 (2.36132) %
dummy_write_pull_ddr: 55891 (0.0727995) %
dummy_write_push_ddr: 38974171 (50.7649) %
=================
Stash violation number of times: 0
=================
Check NodeID traffic: 9508829
Update NodeID traffic: 5
=================
Read RS lines: 1000000 (84.2134) %
Write RS lines: 100000 (8.42134) %
Early RS lines: 87460 (7.3653) %
Read DDR lines: 18500109 (24.4391) %
Write DDR lines: 54575000 (72.0948) %
Early DDR lines: 2623800 (3.4661) %

====*** pos2 ***====
Stall reason distribution: 
mc_hazard: 0
normal: 0
rs_hazard: 0
rw_swtich: 0
Early reshuffle distribution: 
0: 0
1: 0
2: 1259
3: 3209
4: 3413
5: 3623
6: 3706
7: 3792
8: 3858
9: 3843
10: 3813
11: 3748
12: 3597
13: 3413
14: 2879
15: 1849
16: 89
17: 0
18: 0
=================
Max stash size is: 73
Average stash size is: 15.9949
Average mem q size is: 77.1487
Total mem q size is:5719341
mem_q_sample_times is:74134
useful_read_pull_ddr: 91581 (0.138991) %
dummy_read_pull_ddr: 15908419 (24.1439) %
useful_early_pull_ddr: 709943 (1.07747) %
useful_early_push_ddr: 18487 (0.0280574) %
useful_write_pull_ddr: 12732458 (19.3238) %
useful_write_push_ddr: 1100119 (1.66963) %
dummy_early_pull_ddr: 52201 (0.0792246) %
dummy_early_push_ddr: 1909289 (2.8977) %
dummy_write_pull_ddr: 67542 (0.102507) %
dummy_write_push_ddr: 33299881 (50.5387) %
=================
Stash violation number of times: 0
=================
Check NodeID traffic: 5749307
Update NodeID traffic: 0
=================
Read RS lines: 1000000 (83.8798) %
Write RS lines: 100000 (8.38798) %
Early RS lines: 92182 (7.73221) %
Read DDR lines: 16000000 (24.2829) %
Write DDR lines: 47200000 (71.6346) %
Early DDR lines: 2689920 (4.08245) %
=================
The final DRAM clk is: 416786408 ticks.
Idle waiting clk is 160309043, which is 38.4631 %
DRAM Frequency is: 1600MHz
The final time in ns is: 2.60492e+08 ns.
Time distribution: 
Data pull time is: 0
data: 0
pos1: 0
pos2: 0
Data distribution: 
Pos2 data: 65889920
Pos1 data: 75698909
Data: 75065025
Node access DDR: 13080776
Pull DDR: 18502885
WB DDR: 54575000
Early DDR: 1987140
Achieved BW is: 60.1921 GB/s
Ideal BW is: 102.4 GB/s
Metadata cache conclusion: 
overall_hit: 14452442 overall_total: 27533119
Cache Size 64 KB Overall Hit rate: 52.4911 %. 
Simulation done. Statistics written to results_all/pagerank_output.txt
