Valid leaf ID range: 8388607:16777214
Num of top nodes: 8388608
Data level num of ways: 8388608
Z: 16
S: 27
A: 20
cached_total: 1
cached_total: 3
cached_total: 7
cached_total: 15
cached_total: 31
cached_total: 63
Total number of ORAM protected cache line blocks: 8388608
Cached number of levels: 5
Max number of levels: 24
Start lvl is: 0
data valid leaf right: 16777215
data num of levels: 24
data level num of ways: 8388608
data number of sets: 1
Cached node ID: 0 -- 47
Address space: 0 - 4 GB
pos1 valid leaf right: 2097151
pos1 num of levels: 21
pos1 level num of ways: 1048576
pos1 number of sets: 1
Cached node ID: 0 -- 5
Address space: 0 - 0.5 GB
pos2 valid leaf right: 262143
pos2 num of levels: 18
pos2 level num of ways: 131072
pos2 number of sets: 1
Cached node ID: 0 -- 2
Address space: 0 - 0.0625 GB
new addr: 79e4
(myrs->posMap.find(new_addr) != myrs->posMap.end()): 1
(myrs->posMap[new_addr].pending): 0
myrs->posMap[new_addr] = 31204
#2 ID 0 set true here
Clk7 @ 1000000 Finished 1687 instructions 
Clk3 @ 2000000 Finished 3478 instructions 
Sampling stash size at 4999 req has local max stash size of: 130
Clk7 @ 3000000 Finished 5284 instructions 
Clk3 @ 4000000 Finished 7167 instructions 
Clk7 @ 5000000 Finished 9025 instructions 
Clk@ 5512798 Working on the # 10000 th memory instruction
Sampling stash size at 9999 req has local max stash size of: 144
Clk7 @ 6000000 Finished 10907 instructions 
Clk3 @ 7000000 Finished 12844 instructions 
Clk3 @ 8000000 Finished 14747 instructions 
Sampling stash size at 14999 req has local max stash size of: 153
Clk7 @ 9000000 Finished 16621 instructions 
Clk3 @ 10000000 Finished 18566 instructions 
Clk@ 10756637 Working on the # 20000 th memory instruction
Sampling stash size at 19999 req has local max stash size of: 163
Clk3 @ 11000000 Finished 20462 instructions 
Clk3 @ 13000000 Finished 24302 instructions 
Sampling stash size at 24999 req has local max stash size of: 167
Clk3 @ 14000000 Finished 26262 instructions 
Clk7 @ 15000000 Finished 28193 instructions 
Clk@ 15914659 Working on the # 30000 th memory instruction
Sampling stash size at 29999 req has local max stash size of: 172
Clk3 @ 16000000 Finished 30153 instructions 
Clk3 @ 17000000 Finished 31996 instructions 
Clk3 @ 18000000 Finished 33985 instructions 
Sampling stash size at 34999 req has local max stash size of: 170
Clk7 @ 19000000 Finished 35937 instructions 
Clk3 @ 20000000 Finished 37887 instructions 
Clk3 @ 21000000 Finished 39807 instructions 
Clk@ 21097378 Working on the # 40000 th memory instruction
Sampling stash size at 39999 req has local max stash size of: 173
Clk3 @ 22000000 Finished 41727 instructions 
Clk7 @ 23000000 Finished 43667 instructions 
Sampling stash size at 44999 req has local max stash size of: 173
Clk7 @ 24000000 Finished 45628 instructions 
Clk3 @ 25000000 Finished 47547 instructions 
Clk3 @ 26000000 Finished 49536 instructions 
Clk@ 26241098 Working on the # 50000 th memory instruction
Sampling stash size at 49999 req has local max stash size of: 181
Clk3 @ 27000000 Finished 51487 instructions 
Clk3 @ 28000000 Finished 53407 instructions 
Sampling stash size at 54999 req has local max stash size of: 175
Clk3 @ 29000000 Finished 55363 instructions 
Clk3 @ 30000000 Finished 57347 instructions 
Clk7 @ 31000000 Finished 59301 instructions 
Clk@ 31353095 Working on the # 60000 th memory instruction
Sampling stash size at 59999 req has local max stash size of: 177
Clk3 @ 32000000 Finished 61183 instructions 
Clk3 @ 33000000 Finished 63007 instructions 
Clk3 @ 34000000 Finished 64963 instructions 
Sampling stash size at 64999 req has local max stash size of: 183
Clk7 @ 35000000 Finished 66935 instructions 
Clk3 @ 36000000 Finished 68907 instructions 
Clk@ 36550880 Working on the # 70000 th memory instruction
Sampling stash size at 69999 req has local max stash size of: 189
Clk7 @ 37000000 Finished 70879 instructions 
Clk7 @ 38000000 Finished 72841 instructions 
Clk3 @ 39000000 Finished 74803 instructions 
Sampling stash size at 74999 req has local max stash size of: 181
Clk3 @ 40000000 Finished 76740 instructions 
Clk7 @ 41000000 Finished 78693 instructions 
Clk@ 41664511 Working on the # 80000 th memory instruction
Sampling stash size at 79999 req has local max stash size of: 184
Clk3 @ 42000000 Finished 80647 instructions 
Clk3 @ 44000000 Finished 84474 instructions 
Sampling stash size at 84999 req has local max stash size of: 188
Clk3 @ 45000000 Finished 86403 instructions 
Clk3 @ 46000000 Finished 88328 instructions 
Clk@ 46849729 Working on the # 90000 th memory instruction
Sampling stash size at 89999 req has local max stash size of: 184
Clk7 @ 47000000 Finished 90294 instructions 
Clk3 @ 48000000 Finished 92207 instructions 
Clk3 @ 49000000 Finished 94087 instructions 
Sampling stash size at 94999 req has local max stash size of: 188
Clk3 @ 50000000 Finished 96064 instructions 
Clk7 @ 51000000 Finished 98039 instructions 
Clk3 @ 52000000 Finished 99987 instructions 
Clk@ 52003870 Working on the # 100000 th memory instruction
Sampling stash size at 99999 req has local max stash size of: 192
Clk7 @ 53000000 Finished 101944 instructions 
Clk3 @ 54000000 Finished 103862 instructions 
Sampling stash size at 104999 req has local max stash size of: 190
Clk3 @ 55000000 Finished 105819 instructions 
Clk7 @ 56000000 Finished 107747 instructions 
Clk3 @ 57000000 Finished 109669 instructions 
Clk@ 57159990 Working on the # 110000 th memory instruction
Sampling stash size at 109999 req has local max stash size of: 187
Clk7 @ 58000000 Finished 111629 instructions 
Clk3 @ 59000000 Finished 113587 instructions 
Sampling stash size at 114999 req has local max stash size of: 189
Clk3 @ 60000000 Finished 115547 instructions 
Clk3 @ 61000000 Finished 117507 instructions 
Clk3 @ 62000000 Finished 119456 instructions 
Clk@ 62271509 Working on the # 120000 th memory instruction
Sampling stash size at 119999 req has local max stash size of: 188
Clk7 @ 63000000 Finished 121390 instructions 
Clk7 @ 64000000 Finished 123197 instructions 
Sampling stash size at 124999 req has local max stash size of: 203
Clk3 @ 66000000 Finished 126947 instructions 
Clk3 @ 67000000 Finished 128895 instructions 
Clk@ 67573875 Working on the # 130000 th memory instruction
Sampling stash size at 129999 req has local max stash size of: 189
Clk3 @ 68000000 Finished 130847 instructions 
Clk3 @ 69000000 Finished 132807 instructions 
Clk3 @ 70000000 Finished 134783 instructions 
Sampling stash size at 134999 req has local max stash size of: 197
Clk3 @ 71000000 Finished 136767 instructions 
Clk3 @ 72000000 Finished 138707 instructions 
Clk@ 72661191 Working on the # 140000 th memory instruction
Sampling stash size at 139999 req has local max stash size of: 191
Clk3 @ 73000000 Finished 140681 instructions 
Clk7 @ 74000000 Finished 142643 instructions 
Clk3 @ 75000000 Finished 144587 instructions 
Sampling stash size at 144999 req has local max stash size of: 190
Clk7 @ 76000000 Finished 146540 instructions 
Clk7 @ 77000000 Finished 148487 instructions 
Clk@ 77775896 Working on the # 150000 th memory instruction
Sampling stash size at 149999 req has local max stash size of: 191
Clk3 @ 78000000 Finished 150447 instructions 
Clk7 @ 79000000 Finished 152390 instructions 
Clk7 @ 80000000 Finished 154287 instructions 
Sampling stash size at 154999 req has local max stash size of: 201
Clk3 @ 81000000 Finished 156209 instructions 
Clk3 @ 82000000 Finished 158162 instructions 
Clk@ 82940792 Working on the # 160000 th memory instruction
Sampling stash size at 159999 req has local max stash size of: 194
Clk3 @ 83000000 Finished 160102 instructions 
Clk7 @ 84000000 Finished 162066 instructions 
Clk7 @ 85000000 Finished 163976 instructions 
Sampling stash size at 164999 req has local max stash size of: 192
Clk7 @ 86000000 Finished 165869 instructions 
Clk3 @ 87000000 Finished 167729 instructions 
Clk7 @ 88000000 Finished 169670 instructions 
Clk@ 88167018 Working on the # 170000 th memory instruction
Sampling stash size at 169999 req has local max stash size of: 200
Clk3 @ 89000000 Finished 171566 instructions 
Clk7 @ 90000000 Finished 173476 instructions 
Sampling stash size at 174999 req has local max stash size of: 194
Clk7 @ 91000000 Finished 175396 instructions 
Clk7 @ 92000000 Finished 177335 instructions 
Clk7 @ 93000000 Finished 179261 instructions 
Clk@ 93379835 Working on the # 180000 th memory instruction
Sampling stash size at 179999 req has local max stash size of: 191
Clk7 @ 94000000 Finished 181193 instructions 
Clk7 @ 95000000 Finished 183057 instructions 
Clk7 @ 96000000 Finished 184999 instructions 
Sampling stash size at 184999 req has local max stash size of: 194
Clk3 @ 97000000 Finished 186847 instructions 
Clk3 @ 98000000 Finished 188800 instructions 
Clk@ 98599546 Working on the # 190000 th memory instruction
Sampling stash size at 189999 req has local max stash size of: 190
Clk3 @ 99000000 Finished 190762 instructions 
Clk7 @ 100000000 Finished 192745 instructions 
Clk7 @ 101000000 Finished 194698 instructions 
Sampling stash size at 194999 req has local max stash size of: 195
Clk7 @ 102000000 Finished 196653 instructions 
Clk7 @ 103000000 Finished 198583 instructions 
Clk@ 103717941 Working on the # 200000 th memory instruction
Sampling stash size at 199999 req has local max stash size of: 197
Clk3 @ 104000000 Finished 200547 instructions 
Clk7 @ 105000000 Finished 202479 instructions 
Clk7 @ 106000000 Finished 204411 instructions 
Sampling stash size at 204999 req has local max stash size of: 200
Clk7 @ 107000000 Finished 206345 instructions 
Clk3 @ 108000000 Finished 208263 instructions 
Clk@ 108903872 Working on the # 210000 th memory instruction
Sampling stash size at 209999 req has local max stash size of: 192
Clk7 @ 109000000 Finished 210187 instructions 
Clk3 @ 110000000 Finished 212107 instructions 
Clk7 @ 111000000 Finished 213987 instructions 
Sampling stash size at 214999 req has local max stash size of: 191
Clk7 @ 112000000 Finished 215949 instructions 
Clk3 @ 113000000 Finished 217825 instructions 
Clk7 @ 114000000 Finished 219787 instructions 
Clk@ 114103591 Working on the # 220000 th memory instruction
Sampling stash size at 219999 req has local max stash size of: 190
Clk3 @ 115000000 Finished 221747 instructions 
Clk7 @ 116000000 Finished 223733 instructions 
Sampling stash size at 224999 req has local max stash size of: 204
Clk3 @ 117000000 Finished 225683 instructions 
Clk3 @ 118000000 Finished 227647 instructions 
Clk3 @ 119000000 Finished 229585 instructions 
Clk@ 119213439 Working on the # 230000 th memory instruction
Sampling stash size at 229999 req has local max stash size of: 198
Clk7 @ 120000000 Finished 231552 instructions 
Clk3 @ 121000000 Finished 233467 instructions 
Sampling stash size at 234999 req has local max stash size of: 202
Clk3 @ 122000000 Finished 235441 instructions 
Clk3 @ 123000000 Finished 237387 instructions 
Clk3 @ 124000000 Finished 239345 instructions 
Clk@ 124330341 Working on the # 240000 th memory instruction
Sampling stash size at 239999 req has local max stash size of: 200
Clk3 @ 125000000 Finished 241267 instructions 
Clk3 @ 126000000 Finished 243205 instructions 
Clk7 @ 127000000 Finished 244957 instructions 
Sampling stash size at 244999 req has local max stash size of: 192
Clk3 @ 128000000 Finished 246807 instructions 
Clk3 @ 129000000 Finished 248601 instructions 
Clk@ 129758948 Working on the # 250000 th memory instruction
Warm up done after line access count: 250000 out of 500000 (50 %)
Sampling stash size at 249999 req has local max stash size of: 202
Clk7 @ 130000000 Finished 250449 instructions 
Clk7 @ 131000000 Finished 252347 instructions 
Clk3 @ 132000000 Finished 254267 instructions 
Sampling stash size at 254999 req has local max stash size of: 190
Clk3 @ 133000000 Finished 256163 instructions 
Clk3 @ 134000000 Finished 258107 instructions 
Clk@ 134985358 Working on the # 260000 th memory instruction
Sampling stash size at 259999 req has local max stash size of: 196
Clk3 @ 135000000 Finished 260027 instructions 
Clk7 @ 136000000 Finished 261971 instructions 
Clk3 @ 137000000 Finished 263883 instructions 
Sampling stash size at 264999 req has local max stash size of: 203
Clk3 @ 138000000 Finished 265827 instructions 
Clk7 @ 139000000 Finished 267781 instructions 
Clk3 @ 140000000 Finished 269727 instructions 
Clk@ 140139683 Working on the # 270000 th memory instruction
Sampling stash size at 269999 req has local max stash size of: 193
Clk3 @ 141000000 Finished 271687 instructions 
Clk3 @ 142000000 Finished 273647 instructions 
Sampling stash size at 274999 req has local max stash size of: 208
Clk7 @ 143000000 Finished 275523 instructions 
Clk3 @ 144000000 Finished 277493 instructions 
Clk3 @ 145000000 Finished 279407 instructions 
Clk@ 145300060 Working on the # 280000 th memory instruction
Sampling stash size at 279999 req has local max stash size of: 196
Clk3 @ 146000000 Finished 281367 instructions 
Clk3 @ 147000000 Finished 283296 instructions 
Sampling stash size at 284999 req has local max stash size of: 204
Clk7 @ 148000000 Finished 285258 instructions 
Clk7 @ 149000000 Finished 287207 instructions 
Clk7 @ 150000000 Finished 289145 instructions 
Clk@ 150443995 Working on the # 290000 th memory instruction
Sampling stash size at 289999 req has local max stash size of: 198
Clk7 @ 151000000 Finished 291084 instructions 
Clk7 @ 152000000 Finished 293055 instructions 
Clk3 @ 153000000 Finished 295001 instructions 
Sampling stash size at 294999 req has local max stash size of: 215
Clk3 @ 154000000 Finished 296949 instructions 
Clk3 @ 155000000 Finished 298896 instructions 
Clk@ 155559158 Working on the # 300000 th memory instruction
Sampling stash size at 299999 req has local max stash size of: 190
Clk7 @ 156000000 Finished 300859 instructions 
Clk3 @ 157000000 Finished 302807 instructions 
Clk7 @ 158000000 Finished 304735 instructions 
Sampling stash size at 304999 req has local max stash size of: 199
Clk7 @ 159000000 Finished 306578 instructions 
Clk3 @ 160000000 Finished 308502 instructions 
Clk@ 160812254 Working on the # 310000 th memory instruction
Sampling stash size at 309999 req has local max stash size of: 218
Clk3 @ 161000000 Finished 310367 instructions 
Clk3 @ 162000000 Finished 312321 instructions 
Clk7 @ 163000000 Finished 314261 instructions 
Sampling stash size at 314999 req has local max stash size of: 200
Clk3 @ 164000000 Finished 316204 instructions 
Clk3 @ 165000000 Finished 318147 instructions 
Clk@ 165947355 Working on the # 320000 th memory instruction
Sampling stash size at 319999 req has local max stash size of: 200
Clk3 @ 166000000 Finished 320087 instructions 
Clk3 @ 167000000 Finished 322018 instructions 
Clk7 @ 168000000 Finished 323952 instructions 
Sampling stash size at 324999 req has local max stash size of: 195
Clk3 @ 169000000 Finished 325887 instructions 
Clk3 @ 170000000 Finished 327813 instructions 
Clk3 @ 171000000 Finished 329707 instructions 
Clk@ 171153750 Working on the # 330000 th memory instruction
Sampling stash size at 329999 req has local max stash size of: 195
Clk7 @ 172000000 Finished 331583 instructions 
Clk7 @ 173000000 Finished 333467 instructions 
Sampling stash size at 334999 req has local max stash size of: 199
Clk3 @ 174000000 Finished 335347 instructions 
Clk7 @ 175000000 Finished 337264 instructions 
Clk7 @ 176000000 Finished 339192 instructions 
Clk@ 176413088 Working on the # 340000 th memory instruction
Sampling stash size at 339999 req has local max stash size of: 195
Clk3 @ 177000000 Finished 341142 instructions 
Clk7 @ 178000000 Finished 342996 instructions 
Clk3 @ 179000000 Finished 344907 instructions 
Sampling stash size at 344999 req has local max stash size of: 196
Clk3 @ 180000000 Finished 346817 instructions 
Clk7 @ 181000000 Finished 348759 instructions 
Clk@ 181638818 Working on the # 350000 th memory instruction
Sampling stash size at 349999 req has local max stash size of: 212
Clk3 @ 182000000 Finished 350683 instructions 
Clk7 @ 183000000 Finished 352645 instructions 
Clk3 @ 184000000 Finished 354580 instructions 
Sampling stash size at 354999 req has local max stash size of: 204
Clk7 @ 185000000 Finished 356540 instructions 
Clk3 @ 186000000 Finished 358447 instructions 
Clk@ 186795824 Working on the # 360000 th memory instruction
Sampling stash size at 359999 req has local max stash size of: 213
Clk3 @ 187000000 Finished 360403 instructions 
Clk7 @ 188000000 Finished 362327 instructions 
Clk7 @ 189000000 Finished 364287 instructions 
Sampling stash size at 364999 req has local max stash size of: 199
Clk3 @ 191000000 Finished 368047 instructions 
Clk3 @ 192000000 Finished 369967 instructions 
Clk@ 192014834 Working on the # 370000 th memory instruction
Sampling stash size at 369999 req has local max stash size of: 196
Clk7 @ 193000000 Finished 371863 instructions 
Clk3 @ 194000000 Finished 373673 instructions 
Sampling stash size at 374999 req has local max stash size of: 201
Clk3 @ 195000000 Finished 375610 instructions 
Clk7 @ 195000000 Finished 375610 instructions 
Clk7 @ 196000000 Finished 377547 instructions 
Clk3 @ 197000000 Finished 379524 instructions 
Clk@ 197238755 Working on the # 380000 th memory instruction
Sampling stash size at 379999 req has local max stash size of: 214
Clk3 @ 198000000 Finished 381462 instructions 
Clk3 @ 199000000 Finished 383427 instructions 
Sampling stash size at 384999 req has local max stash size of: 202
Clk3 @ 200000000 Finished 385387 instructions 
Clk3 @ 201000000 Finished 387367 instructions 
Clk7 @ 202000000 Finished 389296 instructions 
Clk@ 202366645 Working on the # 390000 th memory instruction
Sampling stash size at 389999 req has local max stash size of: 205
Clk3 @ 203000000 Finished 391243 instructions 
Clk3 @ 204000000 Finished 393187 instructions 
Sampling stash size at 394999 req has local max stash size of: 201
Clk7 @ 205000000 Finished 395158 instructions 
Clk3 @ 206000000 Finished 397007 instructions 
Clk3 @ 207000000 Finished 398947 instructions 
Clk@ 207530534 Working on the # 400000 th memory instruction
Sampling stash size at 399999 req has local max stash size of: 192
Clk7 @ 208000000 Finished 400899 instructions 
Clk3 @ 209000000 Finished 402847 instructions 
Clk3 @ 210000000 Finished 404765 instructions 
Sampling stash size at 404999 req has local max stash size of: 201
Clk3 @ 211000000 Finished 406687 instructions 
Clk7 @ 212000000 Finished 408612 instructions 
Clk@ 212708584 Working on the # 410000 th memory instruction
Sampling stash size at 409999 req has local max stash size of: 197
Clk3 @ 213000000 Finished 410567 instructions 
Clk3 @ 214000000 Finished 412502 instructions 
Clk7 @ 215000000 Finished 414416 instructions 
Sampling stash size at 414999 req has local max stash size of: 204
Clk3 @ 216000000 Finished 416365 instructions 
Clk3 @ 217000000 Finished 418326 instructions 
Clk@ 217871230 Working on the # 420000 th memory instruction
Sampling stash size at 419999 req has local max stash size of: 200
Clk7 @ 218000000 Finished 420249 instructions 
Clk3 @ 219000000 Finished 422164 instructions 
Clk3 @ 220000000 Finished 424082 instructions 
Sampling stash size at 424999 req has local max stash size of: 199
Clk3 @ 221000000 Finished 426019 instructions 
Clk3 @ 222000000 Finished 427867 instructions 
Clk3 @ 223000000 Finished 429787 instructions 
Clk@ 223107451 Working on the # 430000 th memory instruction
Sampling stash size at 429999 req has local max stash size of: 197
Clk7 @ 224000000 Finished 431755 instructions 
Clk3 @ 225000000 Finished 433686 instructions 
Sampling stash size at 434999 req has local max stash size of: 213
Clk7 @ 226000000 Finished 435549 instructions 
Clk3 @ 227000000 Finished 437520 instructions 
Clk3 @ 228000000 Finished 439489 instructions 
Clk@ 228251098 Working on the # 440000 th memory instruction
Sampling stash size at 439999 req has local max stash size of: 196
Clk3 @ 229000000 Finished 441476 instructions 
Clk7 @ 229000000 Finished 441476 instructions 
Clk3 @ 230000000 Finished 443407 instructions 
Sampling stash size at 444999 req has local max stash size of: 200
Clk3 @ 231000000 Finished 445367 instructions 
Clk3 @ 232000000 Finished 447307 instructions 
Clk7 @ 233000000 Finished 449250 instructions 
Clk@ 233389288 Working on the # 450000 th memory instruction
Sampling stash size at 449999 req has local max stash size of: 200
Clk3 @ 234000000 Finished 451207 instructions 
Clk3 @ 235000000 Finished 453147 instructions 
Sampling stash size at 454999 req has local max stash size of: 202
Clk7 @ 236000000 Finished 455086 instructions 
Clk3 @ 237000000 Finished 457027 instructions 
Clk7 @ 238000000 Finished 458952 instructions 
Clk@ 238543385 Working on the # 460000 th memory instruction
Sampling stash size at 459999 req has local max stash size of: 209
Clk3 @ 239000000 Finished 460886 instructions 
Clk3 @ 240000000 Finished 462850 instructions 
Clk7 @ 240000000 Finished 462850 instructions 
Clk3 @ 241000000 Finished 464782 instructions 
Sampling stash size at 464999 req has local max stash size of: 205
Clk7 @ 242000000 Finished 466674 instructions 
Clk3 @ 243000000 Finished 468627 instructions 
Clk@ 243703554 Working on the # 470000 th memory instruction
Sampling stash size at 469999 req has local max stash size of: 200
Clk3 @ 244000000 Finished 470580 instructions 
Clk7 @ 245000000 Finished 472487 instructions 
Clk7 @ 246000000 Finished 474427 instructions 
Sampling stash size at 474999 req has local max stash size of: 198
Clk7 @ 247000000 Finished 476347 instructions 
Clk3 @ 248000000 Finished 478302 instructions 
Clk@ 248874010 Working on the # 480000 th memory instruction
Sampling stash size at 479999 req has local max stash size of: 212
Clk3 @ 249000000 Finished 480225 instructions 
Clk3 @ 250000000 Finished 482127 instructions 
Clk3 @ 251000000 Finished 484027 instructions 
Sampling stash size at 484999 req has local max stash size of: 199
Clk3 @ 252000000 Finished 485927 instructions 
Clk3 @ 253000000 Finished 487741 instructions 
Clk3 @ 254000000 Finished 489483 instructions 
Clk@ 254287495 Working on the # 490000 th memory instruction
Sampling stash size at 489999 req has local max stash size of: 204
Clk3 @ 255000000 Finished 491313 instructions 
Clk7 @ 256000000 Finished 493126 instructions 
Clk3 @ 257000000 Finished 494927 instructions 
Sampling stash size at 494999 req has local max stash size of: 208
Clk3 @ 258000000 Finished 496687 instructions 
Clk7 @ 259000000 Finished 498540 instructions 
Clk@ 259795388 Working on the # 500000 th memory instruction
Sampling stash size at 499999 req has local max stash size of: 208

===*** Data ***====
Stall reason distribution: 
mc_hazard: 0
normal: 0
rs_hazard: 0
rw_swtich: 0
Early reshuffle distribution: 
0: 0
1: 0
2: 0
3: 0
4: 0
5: 949
6: 1907
7: 1938
8: 1933
9: 1908
10: 1840
11: 1792
12: 1670
13: 1379
14: 852
15: 47
16: 0
17: 0
18: 0
19: 0
20: 0
21: 0
22: 0
23: 0
=================
Max stash size is: 218
Average stash size is: 105.619
Average mem q size is: 78.931
Total mem q size is:14376493
mem_q_sample_times is:182140
useful_read_pull_ddr: 250006 (1.31031) %
dummy_read_pull_ddr: 4375418 (22.9321) %
useful_early_pull_ddr: 134697 (0.705963) %
useful_early_push_ddr: 75428 (0.395327) %
useful_write_pull_ddr: 3619186 (18.9686) %
useful_write_push_ddr: 1480407 (7.75899) %
dummy_early_pull_ddr: 18541 (0.0971756) %
dummy_early_push_ddr: 312174 (1.63614) %
dummy_write_pull_ddr: 81118 (0.425149) %
dummy_write_push_ddr: 8732910 (45.7702) %
=================
Stash violation number of times: 0
=================
Check NodeID traffic: 2976029
Update NodeID traffic: 15
=================
Read RS lines: 500000 (85.8472) %
Write RS lines: 50000 (8.58472) %
Early RS lines: 32430 (5.56805) %
Read DDR lines: 9250817 (24.6615) %
Write DDR lines: 27287500 (72.7449) %
Early DDR lines: 972900 (2.59362) %

====*** pos1 ***====
Stall reason distribution: 
mc_hazard: 0
normal: 0
rs_hazard: 0
rw_swtich: 0
Early reshuffle distribution: 
0: 0
1: 0
2: 639
3: 1625
4: 1778
5: 1897
6: 1906
7: 1896
8: 1902
9: 1882
10: 1854
11: 1892
12: 1781
13: 1465
14: 913
15: 48
16: 0
17: 0
18: 0
19: 0
20: 0
=================
Max stash size is: 78
Average stash size is: 30.6979
Average mem q size is: 82.9327
Total mem q size is:3572823
mem_q_sample_times is:43081
useful_read_pull_ddr: 126531 (0.343831) %
dummy_read_pull_ddr: 8873469 (24.1125) %
useful_early_pull_ddr: 329791 (0.896163) %
useful_early_push_ddr: 46290 (0.125787) %
useful_write_pull_ddr: 7169269 (19.4815) %
useful_write_push_ddr: 1115936 (3.03241) %
dummy_early_pull_ddr: 24472 (0.0664994) %
dummy_early_push_ddr: 849787 (2.30918) %
dummy_write_pull_ddr: 30731 (0.0835074) %
dummy_write_push_ddr: 18234064 (49.5486) %
=================
Stash violation number of times: 0
=================
Check NodeID traffic: 4142251
Update NodeID traffic: 1
=================
Read RS lines: 500000 (84.3233) %
Write RS lines: 50000 (8.43233) %
Early RS lines: 42956 (7.24438) %
Read DDR lines: 9000000 (24.4563) %
Write DDR lines: 26550000 (72.1461) %
Early DDR lines: 1250340 (3.39763) %

====*** pos2 ***====
Stall reason distribution: 
mc_hazard: 0
normal: 0
rs_hazard: 0
rw_swtich: 0
Early reshuffle distribution: 
0: 0
1: 273
2: 1242
3: 1615
4: 1789
5: 1945
6: 1981
7: 1942
8: 1974
9: 1948
10: 1929
11: 1837
12: 1687
13: 1432
14: 871
15: 47
16: 0
17: 0
=================
Max stash size is: 61
Average stash size is: 23.2489
Average mem q size is: 79.8545
Total mem q size is:2761450
mem_q_sample_times is:34581
useful_read_pull_ddr: 89745 (0.29058) %
dummy_read_pull_ddr: 7410255 (23.9932) %
useful_early_pull_ddr: 331780 (1.07425) %
useful_early_push_ddr: 30725 (0.0994825) %
useful_write_pull_ddr: 5961901 (19.3037) %
useful_write_push_ddr: 869973 (2.81683) %
dummy_early_pull_ddr: 25169 (0.0814931) %
dummy_early_push_ddr: 872146 (2.82387) %
dummy_write_pull_ddr: 38099 (0.123358) %
dummy_write_push_ddr: 15255027 (49.3933) %
=================
Stash violation number of times: 0
=================
Check NodeID traffic: 2208404
Update NodeID traffic: 0
=================
Read RS lines: 500000 (84.0302) %
Write RS lines: 50000 (8.40302) %
Early RS lines: 45024 (7.56675) %
Read DDR lines: 7500000 (24.2838) %
Write DDR lines: 22125000 (71.6371) %
Early DDR lines: 1259820 (4.07909) %
=================
The final DRAM clk is: 259802418 ticks.
Idle waiting clk is 86448413, which is 33.2747 %
DRAM Frequency is: 1600MHz
The final time in ns is: 1.62377e+08 ns.
Time distribution: 
Data pull time is: 0
data: 0
pos1: 0
pos2: 0
Data distribution: 
Pos2 data: 30884820
Pos1 data: 36800340
Data: 37511217
Node access DDR: 5952058
Pull DDR: 9250817
WB DDR: 27287500
Early DDR: 972900
Achieved BW is: 61.0962 GB/s
Ideal BW is: 102.4 GB/s
Metadata cache conclusion: 
overall_hit: 7265321 overall_total: 13216215
Cache Size 64 KB Overall Hit rate: 54.9728 %. 
Simulation done. Statistics written to results_all/orca_output.txt
