Valid leaf ID range: 8388607:16777214
Num of top nodes: 8388608
Data level num of ways: 8388608
Z: 16
S: 27
A: 20
cached_total: 1
cached_total: 3
cached_total: 7
cached_total: 15
cached_total: 31
cached_total: 63
Total number of ORAM protected cache line blocks: 8388608
Cached number of levels: 5
Max number of levels: 24
Start lvl is: 0
data valid leaf right: 16777215
data num of levels: 24
data level num of ways: 8388608
data number of sets: 1
Cached node ID: 0 -- 47
Address space: 0 - 4 GB
pos1 valid leaf right: 2097151
pos1 num of levels: 21
pos1 level num of ways: 1048576
pos1 number of sets: 1
Cached node ID: 0 -- 5
Address space: 0 - 0.5 GB
pos2 valid leaf right: 262143
pos2 num of levels: 18
pos2 level num of ways: 131072
pos2 number of sets: 1
Cached node ID: 0 -- 2
Address space: 0 - 0.0625 GB
new addr: 15
(myrs->posMap.find(new_addr) != myrs->posMap.end()): 1
(myrs->posMap[new_addr].pending): 0
myrs->posMap[new_addr] = 21
#2 ID 0 set true here
Clk3 @ 1000000 Finished 1687 instructions 
Clk3 @ 2000000 Finished 3487 instructions 
Sampling stash size at 4999 req has local max stash size of: 138
Clk7 @ 3000000 Finished 5289 instructions 
Clk3 @ 4000000 Finished 7184 instructions 
Clk7 @ 5000000 Finished 9029 instructions 
Clk@ 5510268 Working on the # 10000 th memory instruction
Sampling stash size at 9999 req has local max stash size of: 146
Clk3 @ 6000000 Finished 10923 instructions 
Clk3 @ 7000000 Finished 12847 instructions 
Clk7 @ 8000000 Finished 14773 instructions 
Sampling stash size at 14999 req has local max stash size of: 153
Clk7 @ 9000000 Finished 16641 instructions 
Clk3 @ 10000000 Finished 18576 instructions 
Clk@ 10751105 Working on the # 20000 th memory instruction
Sampling stash size at 19999 req has local max stash size of: 157
Clk7 @ 11000000 Finished 20482 instructions 
Clk3 @ 12000000 Finished 22407 instructions 
Clk7 @ 13000000 Finished 24340 instructions 
Sampling stash size at 24999 req has local max stash size of: 161
Clk3 @ 14000000 Finished 26302 instructions 
Clk7 @ 15000000 Finished 28247 instructions 
Clk@ 15904179 Working on the # 30000 th memory instruction
Sampling stash size at 29999 req has local max stash size of: 173
Clk7 @ 16000000 Finished 30177 instructions 
Clk3 @ 17000000 Finished 32001 instructions 
Clk3 @ 18000000 Finished 33958 instructions 
Sampling stash size at 34999 req has local max stash size of: 171
Clk7 @ 19000000 Finished 35902 instructions 
Clk3 @ 20000000 Finished 37863 instructions 
Clk3 @ 21000000 Finished 39787 instructions 
Clk@ 21105413 Working on the # 40000 th memory instruction
Sampling stash size at 39999 req has local max stash size of: 177
Clk3 @ 22000000 Finished 41694 instructions 
Clk7 @ 23000000 Finished 43630 instructions 
Sampling stash size at 44999 req has local max stash size of: 177
Clk7 @ 24000000 Finished 45587 instructions 
Clk3 @ 25000000 Finished 47507 instructions 
Clk7 @ 26000000 Finished 49506 instructions 
Clk@ 26255220 Working on the # 50000 th memory instruction
Sampling stash size at 49999 req has local max stash size of: 181
Clk7 @ 27000000 Finished 51450 instructions 
Clk7 @ 28000000 Finished 53392 instructions 
Sampling stash size at 54999 req has local max stash size of: 187
Clk7 @ 29000000 Finished 55352 instructions 
Clk7 @ 30000000 Finished 57309 instructions 
Clk3 @ 31000000 Finished 59301 instructions 
Clk@ 31358369 Working on the # 60000 th memory instruction
Sampling stash size at 59999 req has local max stash size of: 189
Clk3 @ 32000000 Finished 61167 instructions 
Clk3 @ 33000000 Finished 63007 instructions 
Clk7 @ 34000000 Finished 64955 instructions 
Sampling stash size at 64999 req has local max stash size of: 180
Clk3 @ 35000000 Finished 66944 instructions 
Clk7 @ 36000000 Finished 68915 instructions 
Clk@ 36553702 Working on the # 70000 th memory instruction
Sampling stash size at 69999 req has local max stash size of: 183
Clk3 @ 37000000 Finished 70883 instructions 
Clk3 @ 38000000 Finished 72841 instructions 
Clk3 @ 39000000 Finished 74824 instructions 
Sampling stash size at 74999 req has local max stash size of: 185
Clk7 @ 40000000 Finished 76759 instructions 
Clk7 @ 41000000 Finished 78707 instructions 
Clk@ 41657165 Working on the # 80000 th memory instruction
Sampling stash size at 79999 req has local max stash size of: 190
Clk3 @ 42000000 Finished 80667 instructions 
Clk3 @ 43000000 Finished 82587 instructions 
Clk7 @ 44000000 Finished 84487 instructions 
Sampling stash size at 84999 req has local max stash size of: 189
Clk3 @ 45000000 Finished 86418 instructions 
Clk7 @ 46000000 Finished 88367 instructions 
Clk@ 46835395 Working on the # 90000 th memory instruction
Sampling stash size at 89999 req has local max stash size of: 191
Clk3 @ 47000000 Finished 90324 instructions 
Clk3 @ 48000000 Finished 92227 instructions 
Clk7 @ 49000000 Finished 94118 instructions 
Sampling stash size at 94999 req has local max stash size of: 187
Clk3 @ 50000000 Finished 96089 instructions 
Clk3 @ 51000000 Finished 98084 instructions 
Clk@ 51972991 Working on the # 100000 th memory instruction
Sampling stash size at 99999 req has local max stash size of: 194
Clk3 @ 52000000 Finished 100047 instructions 
Clk7 @ 53000000 Finished 102000 instructions 
Clk7 @ 54000000 Finished 103935 instructions 
Sampling stash size at 104999 req has local max stash size of: 187
Clk7 @ 55000000 Finished 105884 instructions 
Clk3 @ 56000000 Finished 107807 instructions 
Clk3 @ 57000000 Finished 109740 instructions 
Clk@ 57127089 Working on the # 110000 th memory instruction
Sampling stash size at 109999 req has local max stash size of: 185
Clk3 @ 58000000 Finished 111723 instructions 
Clk3 @ 59000000 Finished 113669 instructions 
Sampling stash size at 114999 req has local max stash size of: 189
Clk3 @ 60000000 Finished 115618 instructions 
Clk3 @ 61000000 Finished 117575 instructions 
Clk3 @ 62000000 Finished 119522 instructions 
Clk@ 62240061 Working on the # 120000 th memory instruction
Sampling stash size at 119999 req has local max stash size of: 189
Clk3 @ 63000000 Finished 121449 instructions 
Clk3 @ 64000000 Finished 123267 instructions 
Sampling stash size at 124999 req has local max stash size of: 202
Clk3 @ 65000000 Finished 125101 instructions 
Clk7 @ 66000000 Finished 127007 instructions 
Clk7 @ 67000000 Finished 128965 instructions 
Clk@ 67538869 Working on the # 130000 th memory instruction
Sampling stash size at 129999 req has local max stash size of: 192
Clk3 @ 68000000 Finished 130916 instructions 
Clk7 @ 69000000 Finished 132863 instructions 
Clk3 @ 70000000 Finished 134827 instructions 
Sampling stash size at 134999 req has local max stash size of: 205
Clk3 @ 71000000 Finished 136805 instructions 
Clk3 @ 72000000 Finished 138744 instructions 
Clk@ 72650456 Working on the # 140000 th memory instruction
Sampling stash size at 139999 req has local max stash size of: 194
Clk3 @ 73000000 Finished 140687 instructions 
Clk3 @ 74000000 Finished 142638 instructions 
Clk7 @ 75000000 Finished 144595 instructions 
Sampling stash size at 144999 req has local max stash size of: 202
Clk7 @ 76000000 Finished 146556 instructions 
Clk3 @ 77000000 Finished 148507 instructions 
Clk@ 77760477 Working on the # 150000 th memory instruction
Sampling stash size at 149999 req has local max stash size of: 192
Clk3 @ 78000000 Finished 150471 instructions 
Clk7 @ 79000000 Finished 152402 instructions 
Clk3 @ 80000000 Finished 154297 instructions 
Sampling stash size at 154999 req has local max stash size of: 201
Clk3 @ 81000000 Finished 156227 instructions 
Clk3 @ 82000000 Finished 158185 instructions 
Clk@ 82926146 Working on the # 160000 th memory instruction
Sampling stash size at 159999 req has local max stash size of: 206
Clk3 @ 83000000 Finished 160124 instructions 
Clk3 @ 84000000 Finished 162083 instructions 
Clk3 @ 85000000 Finished 163992 instructions 
Sampling stash size at 164999 req has local max stash size of: 193
Clk3 @ 86000000 Finished 165883 instructions 
Clk7 @ 87000000 Finished 167736 instructions 
Clk7 @ 88000000 Finished 169667 instructions 
Clk@ 88164144 Working on the # 170000 th memory instruction
Sampling stash size at 169999 req has local max stash size of: 197
Clk3 @ 89000000 Finished 171567 instructions 
Clk7 @ 90000000 Finished 173495 instructions 
Sampling stash size at 174999 req has local max stash size of: 212
Clk3 @ 91000000 Finished 175407 instructions 
Clk3 @ 92000000 Finished 177347 instructions 
Clk7 @ 93000000 Finished 179282 instructions 
Clk@ 93368321 Working on the # 180000 th memory instruction
Sampling stash size at 179999 req has local max stash size of: 195
Clk3 @ 94000000 Finished 181224 instructions 
Clk3 @ 95000000 Finished 183083 instructions 
Sampling stash size at 184999 req has local max stash size of: 193
Clk3 @ 96000000 Finished 185027 instructions 
Clk7 @ 97000000 Finished 186867 instructions 
Clk3 @ 98000000 Finished 188807 instructions 
Clk@ 98591792 Working on the # 190000 th memory instruction
Sampling stash size at 189999 req has local max stash size of: 199
Clk3 @ 99000000 Finished 190770 instructions 
Clk3 @ 100000000 Finished 192765 instructions 
Clk7 @ 101000000 Finished 194728 instructions 
Sampling stash size at 194999 req has local max stash size of: 192
Clk3 @ 102000000 Finished 196704 instructions 
Clk3 @ 103000000 Finished 198622 instructions 
Clk@ 103693253 Working on the # 200000 th memory instruction
Sampling stash size at 199999 req has local max stash size of: 193
Clk7 @ 104000000 Finished 200597 instructions 
Clk7 @ 105000000 Finished 202528 instructions 
Clk7 @ 106000000 Finished 204466 instructions 
Sampling stash size at 204999 req has local max stash size of: 203
Clk3 @ 107000000 Finished 206396 instructions 
Clk3 @ 108000000 Finished 208327 instructions 
Clk@ 108867407 Working on the # 210000 th memory instruction
Sampling stash size at 209999 req has local max stash size of: 196
Clk7 @ 109000000 Finished 210262 instructions 
Clk3 @ 110000000 Finished 212183 instructions 
Clk3 @ 111000000 Finished 214086 instructions 
Sampling stash size at 214999 req has local max stash size of: 193
Clk3 @ 112000000 Finished 216047 instructions 
Clk3 @ 113000000 Finished 217947 instructions 
Clk3 @ 114000000 Finished 219907 instructions 
Clk@ 114044588 Working on the # 220000 th memory instruction
Sampling stash size at 219999 req has local max stash size of: 203
Clk7 @ 115000000 Finished 221851 instructions 
Clk3 @ 116000000 Finished 223807 instructions 
Sampling stash size at 224999 req has local max stash size of: 194
Clk7 @ 117000000 Finished 225756 instructions 
Clk3 @ 118000000 Finished 227702 instructions 
Clk7 @ 119000000 Finished 229647 instructions 
Clk@ 119181033 Working on the # 230000 th memory instruction
Sampling stash size at 229999 req has local max stash size of: 198
Clk3 @ 120000000 Finished 231627 instructions 
Clk3 @ 121000000 Finished 233547 instructions 
Sampling stash size at 234999 req has local max stash size of: 201
Clk3 @ 122000000 Finished 235502 instructions 
Clk3 @ 123000000 Finished 237429 instructions 
Clk3 @ 124000000 Finished 239375 instructions 
Clk@ 124315710 Working on the # 240000 th memory instruction
Sampling stash size at 239999 req has local max stash size of: 203
Clk7 @ 125000000 Finished 241293 instructions 
Clk7 @ 126000000 Finished 243222 instructions 
Clk3 @ 127000000 Finished 244967 instructions 
Sampling stash size at 244999 req has local max stash size of: 210
Clk3 @ 128000000 Finished 246803 instructions 
Clk3 @ 129000000 Finished 248587 instructions 
Clk@ 129765528 Working on the # 250000 th memory instruction
Warm up done after line access count: 250000 out of 500000 (50 %)
Sampling stash size at 249999 req has local max stash size of: 196
Clk7 @ 130000000 Finished 250447 instructions 
Clk3 @ 131000000 Finished 252342 instructions 
Clk3 @ 132000000 Finished 254248 instructions 
Sampling stash size at 254999 req has local max stash size of: 196
Clk7 @ 133000000 Finished 256164 instructions 
Clk7 @ 134000000 Finished 258108 instructions 
Clk@ 134988144 Working on the # 260000 th memory instruction
Sampling stash size at 259999 req has local max stash size of: 199
Clk3 @ 135000000 Finished 260022 instructions 
Clk3 @ 136000000 Finished 261964 instructions 
Clk3 @ 137000000 Finished 263864 instructions 
Sampling stash size at 264999 req has local max stash size of: 197
Clk3 @ 138000000 Finished 265787 instructions 
Clk3 @ 139000000 Finished 267732 instructions 
Clk3 @ 140000000 Finished 269702 instructions 
Clk@ 140152087 Working on the # 270000 th memory instruction
Sampling stash size at 269999 req has local max stash size of: 193
Clk3 @ 141000000 Finished 271668 instructions 
Clk7 @ 142000000 Finished 273631 instructions 
Sampling stash size at 274999 req has local max stash size of: 199
Clk3 @ 143000000 Finished 275507 instructions 
Clk3 @ 144000000 Finished 277482 instructions 
Clk3 @ 145000000 Finished 279402 instructions 
Clk@ 145300858 Working on the # 280000 th memory instruction
Sampling stash size at 279999 req has local max stash size of: 195
Clk3 @ 146000000 Finished 281367 instructions 
Clk3 @ 147000000 Finished 283327 instructions 
Sampling stash size at 284999 req has local max stash size of: 204
Clk3 @ 148000000 Finished 285277 instructions 
Clk3 @ 149000000 Finished 287229 instructions 
Clk7 @ 150000000 Finished 289167 instructions 
Clk@ 150439805 Working on the # 290000 th memory instruction
Sampling stash size at 289999 req has local max stash size of: 198
Clk3 @ 151000000 Finished 291087 instructions 
Clk3 @ 152000000 Finished 293047 instructions 
Clk7 @ 153000000 Finished 294995 instructions 
Sampling stash size at 294999 req has local max stash size of: 198
Clk7 @ 154000000 Finished 296963 instructions 
Clk3 @ 155000000 Finished 298901 instructions 
Clk@ 155558377 Working on the # 300000 th memory instruction
Sampling stash size at 299999 req has local max stash size of: 215
Clk3 @ 156000000 Finished 300860 instructions 
Clk7 @ 157000000 Finished 302827 instructions 
Clk3 @ 158000000 Finished 304747 instructions 
Sampling stash size at 304999 req has local max stash size of: 196
Clk7 @ 159000000 Finished 306567 instructions 
Clk3 @ 160000000 Finished 308487 instructions 
Clk@ 160812424 Working on the # 310000 th memory instruction
Sampling stash size at 309999 req has local max stash size of: 198
Clk3 @ 161000000 Finished 310371 instructions 
Clk3 @ 162000000 Finished 312330 instructions 
Clk3 @ 163000000 Finished 314263 instructions 
Sampling stash size at 314999 req has local max stash size of: 203
Clk7 @ 164000000 Finished 316184 instructions 
Clk3 @ 165000000 Finished 318135 instructions 
Clk@ 165956122 Working on the # 320000 th memory instruction
Sampling stash size at 319999 req has local max stash size of: 198
Clk3 @ 166000000 Finished 320067 instructions 
Clk7 @ 167000000 Finished 322005 instructions 
Clk7 @ 168000000 Finished 323935 instructions 
Sampling stash size at 324999 req has local max stash size of: 194
Clk3 @ 169000000 Finished 325848 instructions 
Clk7 @ 170000000 Finished 327768 instructions 
Clk7 @ 171000000 Finished 329660 instructions 
Clk@ 171176899 Working on the # 330000 th memory instruction
Sampling stash size at 329999 req has local max stash size of: 201
Clk3 @ 172000000 Finished 331527 instructions 
Clk7 @ 173000000 Finished 333401 instructions 
Sampling stash size at 334999 req has local max stash size of: 200
Clk3 @ 174000000 Finished 335285 instructions 
Clk7 @ 175000000 Finished 337180 instructions 
Clk3 @ 176000000 Finished 339107 instructions 
Clk@ 176465161 Working on the # 340000 th memory instruction
Sampling stash size at 339999 req has local max stash size of: 200
Clk3 @ 177000000 Finished 341027 instructions 
Clk3 @ 178000000 Finished 342907 instructions 
Clk3 @ 179000000 Finished 344815 instructions 
Sampling stash size at 344999 req has local max stash size of: 200
Clk7 @ 180000000 Finished 346735 instructions 
Clk3 @ 181000000 Finished 348664 instructions 
Clk@ 181689295 Working on the # 350000 th memory instruction
Sampling stash size at 349999 req has local max stash size of: 196
Clk7 @ 182000000 Finished 350577 instructions 
Clk3 @ 183000000 Finished 352523 instructions 
Clk3 @ 184000000 Finished 354465 instructions 
Sampling stash size at 354999 req has local max stash size of: 198
Clk3 @ 185000000 Finished 356427 instructions 
Clk7 @ 186000000 Finished 358357 instructions 
Clk@ 186854347 Working on the # 360000 th memory instruction
Sampling stash size at 359999 req has local max stash size of: 205
Clk3 @ 187000000 Finished 360287 instructions 
Clk7 @ 188000000 Finished 362234 instructions 
Clk3 @ 189000000 Finished 364179 instructions 
Sampling stash size at 364999 req has local max stash size of: 204
Clk3 @ 190000000 Finished 366004 instructions 
Clk3 @ 191000000 Finished 367927 instructions 
Clk3 @ 192000000 Finished 369863 instructions 
Clk@ 192071943 Working on the # 370000 th memory instruction
Sampling stash size at 369999 req has local max stash size of: 202
Clk3 @ 193000000 Finished 371767 instructions 
Clk7 @ 194000000 Finished 373586 instructions 
Sampling stash size at 374999 req has local max stash size of: 212
Clk3 @ 195000000 Finished 375507 instructions 
Clk3 @ 196000000 Finished 377450 instructions 
Clk3 @ 197000000 Finished 379424 instructions 
Clk@ 197289660 Working on the # 380000 th memory instruction
Sampling stash size at 379999 req has local max stash size of: 207
Clk3 @ 198000000 Finished 381361 instructions 
Clk7 @ 199000000 Finished 383310 instructions 
Sampling stash size at 384999 req has local max stash size of: 201
Clk3 @ 200000000 Finished 385269 instructions 
Clk7 @ 201000000 Finished 387232 instructions 
Clk3 @ 202000000 Finished 389167 instructions 
Clk@ 202429305 Working on the # 390000 th memory instruction
Sampling stash size at 389999 req has local max stash size of: 208
Clk3 @ 203000000 Finished 391123 instructions 
Clk7 @ 204000000 Finished 393057 instructions 
Sampling stash size at 394999 req has local max stash size of: 201
Clk3 @ 205000000 Finished 395007 instructions 
Clk7 @ 206000000 Finished 396864 instructions 
Clk3 @ 207000000 Finished 398827 instructions 
Clk@ 207594374 Working on the # 400000 th memory instruction
Sampling stash size at 399999 req has local max stash size of: 202
Clk7 @ 208000000 Finished 400767 instructions 
Clk3 @ 209000000 Finished 402727 instructions 
Clk3 @ 210000000 Finished 404627 instructions 
Sampling stash size at 404999 req has local max stash size of: 207
Clk7 @ 211000000 Finished 406533 instructions 
Clk7 @ 212000000 Finished 408450 instructions 
Clk@ 212797156 Working on the # 410000 th memory instruction
Sampling stash size at 409999 req has local max stash size of: 202
Clk7 @ 213000000 Finished 410399 instructions 
Clk3 @ 214000000 Finished 412327 instructions 
Clk3 @ 215000000 Finished 414247 instructions 
Sampling stash size at 414999 req has local max stash size of: 204
Clk7 @ 216000000 Finished 416199 instructions 
Clk3 @ 217000000 Finished 418164 instructions 
Clk@ 217957446 Working on the # 420000 th memory instruction
Sampling stash size at 419999 req has local max stash size of: 207
Clk3 @ 218000000 Finished 420082 instructions 
Clk7 @ 219000000 Finished 422007 instructions 
Clk3 @ 220000000 Finished 423943 instructions 
Sampling stash size at 424999 req has local max stash size of: 203
Clk3 @ 221000000 Finished 425886 instructions 
Clk3 @ 222000000 Finished 427727 instructions 
Clk3 @ 223000000 Finished 429671 instructions 
Clk7 @ 223000000 Finished 429671 instructions 
Clk@ 223166835 Working on the # 430000 th memory instruction
Sampling stash size at 429999 req has local max stash size of: 208
Clk3 @ 224000000 Finished 431627 instructions 
Clk7 @ 225000000 Finished 433567 instructions 
Sampling stash size at 434999 req has local max stash size of: 204
Clk3 @ 226000000 Finished 435408 instructions 
Clk3 @ 227000000 Finished 437367 instructions 
Clk3 @ 228000000 Finished 439335 instructions 
Clk@ 228327863 Working on the # 440000 th memory instruction
Sampling stash size at 439999 req has local max stash size of: 196
Clk3 @ 229000000 Finished 441327 instructions 
Clk3 @ 230000000 Finished 443247 instructions 
Sampling stash size at 444999 req has local max stash size of: 206
Clk3 @ 231000000 Finished 445208 instructions 
Clk3 @ 232000000 Finished 447165 instructions 
Clk3 @ 233000000 Finished 449107 instructions 
Clk@ 233464271 Working on the # 450000 th memory instruction
Sampling stash size at 449999 req has local max stash size of: 201
Clk3 @ 234000000 Finished 451047 instructions 
Clk7 @ 235000000 Finished 452975 instructions 
Clk3 @ 236000000 Finished 454911 instructions 
Sampling stash size at 454999 req has local max stash size of: 198
Clk3 @ 237000000 Finished 456867 instructions 
Clk3 @ 238000000 Finished 458787 instructions 
Clk@ 238626770 Working on the # 460000 th memory instruction
Sampling stash size at 459999 req has local max stash size of: 200
Clk3 @ 239000000 Finished 460722 instructions 
Clk7 @ 240000000 Finished 462689 instructions 
Clk7 @ 241000000 Finished 464627 instructions 
Sampling stash size at 464999 req has local max stash size of: 198
Clk3 @ 242000000 Finished 466527 instructions 
Clk3 @ 243000000 Finished 468467 instructions 
Clk@ 243791945 Working on the # 470000 th memory instruction
Sampling stash size at 469999 req has local max stash size of: 214
Clk3 @ 244000000 Finished 470407 instructions 
Clk3 @ 245000000 Finished 472351 instructions 
Clk3 @ 246000000 Finished 474305 instructions 
Sampling stash size at 474999 req has local max stash size of: 212
Clk3 @ 247000000 Finished 476237 instructions 
Clk7 @ 248000000 Finished 478168 instructions 
Clk@ 248948084 Working on the # 480000 th memory instruction
Sampling stash size at 479999 req has local max stash size of: 193
Clk3 @ 249000000 Finished 480090 instructions 
Clk3 @ 250000000 Finished 482000 instructions 
Clk3 @ 251000000 Finished 483886 instructions 
Sampling stash size at 484999 req has local max stash size of: 211
Clk7 @ 252000000 Finished 485767 instructions 
Clk3 @ 253000000 Finished 487607 instructions 
Clk3 @ 254000000 Finished 489327 instructions 
Clk@ 254365924 Working on the # 490000 th memory instruction
Sampling stash size at 489999 req has local max stash size of: 211
Clk3 @ 255000000 Finished 491167 instructions 
Clk3 @ 256000000 Finished 492967 instructions 
Clk7 @ 257000000 Finished 494780 instructions 
Sampling stash size at 494999 req has local max stash size of: 200
Clk3 @ 258000000 Finished 496527 instructions 
Clk3 @ 259000000 Finished 498387 instructions 
Clk@ 259875304 Working on the # 500000 th memory instruction
Sampling stash size at 499999 req has local max stash size of: 201

===*** Data ***====
Stall reason distribution: 
mc_hazard: 0
normal: 0
rs_hazard: 0
rw_swtich: 0
Early reshuffle distribution: 
0: 0
1: 0
2: 0
3: 0
4: 0
5: 967
6: 1869
7: 1902
8: 1895
9: 1867
10: 1938
11: 1852
12: 1648
13: 1437
14: 878
15: 44
16: 0
17: 0
18: 0
19: 0
20: 0
21: 0
22: 0
23: 0
=================
Max stash size is: 215
Average stash size is: 105.723
Average mem q size is: 78.9432
Total mem q size is:14376343
mem_q_sample_times is:182110
useful_read_pull_ddr: 250007 (1.30984) %
dummy_read_pull_ddr: 4374904 (22.9211) %
useful_early_pull_ddr: 136486 (0.71508) %
useful_early_push_ddr: 76783 (0.402283) %
useful_write_pull_ddr: 3619349 (18.9626) %
useful_write_push_ddr: 1487644 (7.79409) %
dummy_early_pull_ddr: 18860 (0.0988117) %
dummy_early_push_ddr: 316151 (1.65638) %
dummy_write_pull_ddr: 80955 (0.424141) %
dummy_write_push_ddr: 8725673 (45.7157) %
=================
Stash violation number of times: 0
=================
Check NodeID traffic: 2976582
Update NodeID traffic: 15
=================
Read RS lines: 500000 (85.8231) %
Write RS lines: 50000 (8.58231) %
Early RS lines: 32594 (5.59463) %
Read DDR lines: 9250563 (24.6577) %
Write DDR lines: 27287500 (72.7359) %
Early DDR lines: 977820 (2.60642) %

====*** pos1 ***====
Stall reason distribution: 
mc_hazard: 0
normal: 0
rs_hazard: 0
rw_swtich: 0
Early reshuffle distribution: 
0: 0
1: 0
2: 609
3: 1607
4: 1766
5: 1896
6: 1918
7: 1931
8: 1902
9: 1911
10: 1955
11: 1846
12: 1711
13: 1417
14: 893
15: 48
16: 0
17: 0
18: 0
19: 0
20: 0
=================
Max stash size is: 183
Average stash size is: 83.4635
Average mem q size is: 82.7231
Total mem q size is:3575292
mem_q_sample_times is:43220
useful_read_pull_ddr: 499290 (1.35684) %
dummy_read_pull_ddr: 8500710 (23.101) %
useful_early_pull_ddr: 293865 (0.798588) %
useful_early_push_ddr: 145956 (0.39664) %
useful_write_pull_ddr: 6879774 (18.696) %
useful_write_push_ddr: 2756589 (7.49113) %
dummy_early_pull_ddr: 59752 (0.162378) %
dummy_early_push_ddr: 748487 (2.03404) %
dummy_write_pull_ddr: 320226 (0.870225) %
dummy_write_push_ddr: 16593411 (45.0932) %
=================
Stash violation number of times: 0
=================
Check NodeID traffic: 4142543
Update NodeID traffic: 1
=================
Read RS lines: 500000 (84.3426) %
Write RS lines: 50000 (8.43426) %
Early RS lines: 42820 (7.2231) %
Read DDR lines: 9000000 (24.4578) %
Write DDR lines: 26550000 (72.1505) %
Early DDR lines: 1248060 (3.39165) %

====*** pos2 ***====
Stall reason distribution: 
mc_hazard: 0
normal: 0
rs_hazard: 0
rw_swtich: 0
Early reshuffle distribution: 
0: 0
1: 237
2: 1275
3: 1636
4: 1828
5: 1899
6: 1932
7: 1961
8: 1945
9: 1926
10: 1835
11: 1849
12: 1652
13: 1389
14: 906
15: 45
16: 0
17: 0
=================
Max stash size is: 147
Average stash size is: 65.2895
Average mem q size is: 80.1451
Total mem q size is:2769092
mem_q_sample_times is:34551
useful_read_pull_ddr: 493272 (1.59774) %
dummy_read_pull_ddr: 7006728 (22.6952) %
useful_early_pull_ddr: 283230 (0.917398) %
useful_early_push_ddr: 89457 (0.289756) %
useful_write_pull_ddr: 5582720 (18.0828) %
useful_write_push_ddr: 2017175 (6.53375) %
dummy_early_pull_ddr: 70421 (0.228098) %
dummy_early_push_ddr: 805072 (2.60767) %
dummy_write_pull_ddr: 417280 (1.35159) %
dummy_write_push_ddr: 14107825 (45.6961) %
=================
Stash violation number of times: 0
=================
Check NodeID traffic: 2208169
Update NodeID traffic: 0
=================
Read RS lines: 500000 (84.0859) %
Write RS lines: 50000 (8.40859) %
Early RS lines: 44630 (7.50551) %
Read DDR lines: 7500000 (24.2929) %
Write DDR lines: 22125000 (71.6641) %
Early DDR lines: 1248180 (4.04293) %
=================
The final DRAM clk is: 259881966 ticks.
Idle waiting clk is 86489238, which is 33.2802 %
DRAM Frequency is: 1600MHz
The final time in ns is: 1.62426e+08 ns.
Time distribution: 
Data pull time is: 0
data: 0
pos1: 0
pos2: 0
Data distribution: 
Pos2 data: 30873180
Pos1 data: 36798060
Data: 37515883
Node access DDR: 5953164
Pull DDR: 9250563
WB DDR: 27287500
Early DDR: 977820
Achieved BW is: 61.0767 GB/s
Ideal BW is: 102.4 GB/s
Metadata cache conclusion: 
overall_hit: 7262821 overall_total: 13216297
Cache Size 64 KB Overall Hit rate: 54.9535 %. 
Simulation done. Statistics written to results_all/dblp_output.txt
