Valid leaf ID range: 2097151:4194302
Num of top nodes: 2097152
Data level num of ways: 2097152
Z: 16
S: 27
A: 20
cached_total: 1
cached_total: 3
cached_total: 7
cached_total: 15
Total number of ORAM protected cache line blocks: 2097152
Cached number of levels: 3
Max number of levels: 22
Start lvl is: 0
data valid leaf right: 4194303
data num of levels: 22
data level num of ways: 2097152
data number of sets: 1
Cached node ID: 0 -- 11
Address space: 0 - 4 GB
pos1 valid leaf right: 524287
pos1 num of levels: 19
pos1 level num of ways: 262144
pos1 number of sets: 1
Cached node ID: 0 -- 1
Address space: 0 - 0.5 GB
pos2 valid leaf right: 65535
pos2 num of levels: 16
pos2 level num of ways: 32768
pos2 number of sets: 1
Cached node ID: 0 -- 0
Address space: 0 - 0.0625 GB
new addr: 80
(myrs->posMap.find(new_addr) != myrs->posMap.end()): 1
(myrs->posMap[new_addr].pending): 0
myrs->posMap[new_addr] = 128
#2 ID 0 set true here
Clk3 @ 1000000 Finished 727 instructions 
Clk7 @ 2000000 Finished 1460 instructions 
Clk3 @ 3000000 Finished 2207 instructions 
Clk3 @ 4000000 Finished 2947 instructions 
Clk3 @ 5000000 Finished 3707 instructions 
Clk3 @ 6000000 Finished 4459 instructions 
Sampling stash size at 4999 req has local max stash size of: 125
Clk3 @ 7000000 Finished 5211 instructions 
Clk3 @ 8000000 Finished 5987 instructions 
Clk3 @ 9000000 Finished 6761 instructions 
Clk7 @ 10000000 Finished 7541 instructions 
Clk3 @ 11000000 Finished 8300 instructions 
Clk3 @ 12000000 Finished 9067 instructions 
Clk3 @ 13000000 Finished 9847 instructions 
Clk@ 13193921 Working on the # 10000 th memory instruction
Sampling stash size at 9999 req has local max stash size of: 135
Clk3 @ 14000000 Finished 10627 instructions 
Clk3 @ 15000000 Finished 11399 instructions 
Clk7 @ 16000000 Finished 12171 instructions 
Clk3 @ 17000000 Finished 12967 instructions 
Clk3 @ 18000000 Finished 13747 instructions 
Clk3 @ 19000000 Finished 14527 instructions 
Sampling stash size at 14999 req has local max stash size of: 141
Clk7 @ 20000000 Finished 15299 instructions 
Clk3 @ 21000000 Finished 16047 instructions 
Clk3 @ 22000000 Finished 16834 instructions 
Clk3 @ 23000000 Finished 17627 instructions 
Clk3 @ 24000000 Finished 18427 instructions 
Clk3 @ 25000000 Finished 19187 instructions 
Clk3 @ 26000000 Finished 19987 instructions 
Clk@ 26009098 Working on the # 20000 th memory instruction
Sampling stash size at 19999 req has local max stash size of: 147
Clk3 @ 27000000 Finished 20767 instructions 
Clk3 @ 28000000 Finished 21567 instructions 
Clk3 @ 29000000 Finished 22367 instructions 
Clk3 @ 30000000 Finished 23143 instructions 
Clk3 @ 31000000 Finished 23927 instructions 
Clk3 @ 32000000 Finished 24727 instructions 
Sampling stash size at 24999 req has local max stash size of: 148
Clk3 @ 33000000 Finished 25524 instructions 
Clk3 @ 34000000 Finished 26307 instructions 
Clk3 @ 35000000 Finished 27087 instructions 
Clk3 @ 36000000 Finished 27887 instructions 
Clk3 @ 37000000 Finished 28687 instructions 
Clk3 @ 38000000 Finished 29476 instructions 
Clk@ 38654044 Working on the # 30000 th memory instruction
Sampling stash size at 29999 req has local max stash size of: 147
Clk3 @ 39000000 Finished 30267 instructions 
Clk3 @ 40000000 Finished 31027 instructions 
Clk3 @ 41000000 Finished 31807 instructions 
Clk3 @ 42000000 Finished 32587 instructions 
Clk3 @ 43000000 Finished 33387 instructions 
Clk3 @ 44000000 Finished 34187 instructions 
Clk3 @ 45000000 Finished 34967 instructions 
Sampling stash size at 34999 req has local max stash size of: 145
Clk3 @ 46000000 Finished 35767 instructions 
Clk3 @ 47000000 Finished 36567 instructions 
Clk3 @ 48000000 Finished 37367 instructions 
Clk3 @ 49000000 Finished 38167 instructions 
Clk3 @ 50000000 Finished 38941 instructions 
Clk3 @ 51000000 Finished 39742 instructions 
Clk@ 51319801 Working on the # 40000 th memory instruction
Sampling stash size at 39999 req has local max stash size of: 157
Clk3 @ 52000000 Finished 40547 instructions 
Clk3 @ 53000000 Finished 41347 instructions 
Clk3 @ 54000000 Finished 42147 instructions 
Clk3 @ 55000000 Finished 42927 instructions 
Clk3 @ 56000000 Finished 43743 instructions 
Clk3 @ 57000000 Finished 44541 instructions 
Sampling stash size at 44999 req has local max stash size of: 159
Clk3 @ 58000000 Finished 45327 instructions 
Clk3 @ 59000000 Finished 46127 instructions 
Clk3 @ 60000000 Finished 46900 instructions 
Clk7 @ 61000000 Finished 47698 instructions 
Clk3 @ 62000000 Finished 48507 instructions 
Clk3 @ 63000000 Finished 49307 instructions 
Clk@ 63869320 Working on the # 50000 th memory instruction
Sampling stash size at 49999 req has local max stash size of: 152
Clk7 @ 64000000 Finished 50103 instructions 
Clk3 @ 65000000 Finished 50907 instructions 
Clk3 @ 66000000 Finished 51707 instructions 
Clk3 @ 67000000 Finished 52507 instructions 
Clk3 @ 68000000 Finished 53307 instructions 
Clk3 @ 69000000 Finished 54095 instructions 
Clk3 @ 70000000 Finished 54887 instructions 
Sampling stash size at 54999 req has local max stash size of: 159
Clk3 @ 71000000 Finished 55687 instructions 
Clk3 @ 72000000 Finished 56467 instructions 
Clk3 @ 73000000 Finished 57262 instructions 
Clk3 @ 74000000 Finished 58067 instructions 
Clk3 @ 75000000 Finished 58867 instructions 
Clk3 @ 76000000 Finished 59667 instructions 
Clk@ 76432088 Working on the # 60000 th memory instruction
Sampling stash size at 59999 req has local max stash size of: 160
Clk3 @ 77000000 Finished 60431 instructions 
Clk7 @ 78000000 Finished 61198 instructions 
Clk3 @ 79000000 Finished 61947 instructions 
Clk3 @ 80000000 Finished 62727 instructions 
Clk3 @ 81000000 Finished 63527 instructions 
Clk3 @ 82000000 Finished 64327 instructions 
Sampling stash size at 64999 req has local max stash size of: 163
Clk3 @ 83000000 Finished 65126 instructions 
Clk3 @ 84000000 Finished 65927 instructions 
Clk3 @ 85000000 Finished 66727 instructions 
Clk3 @ 86000000 Finished 67527 instructions 
Clk3 @ 87000000 Finished 68327 instructions 
Clk3 @ 88000000 Finished 69127 instructions 
Clk@ 89078848 Working on the # 70000 th memory instruction
Sampling stash size at 69999 req has local max stash size of: 162
Clk3 @ 90000000 Finished 70747 instructions 
Clk3 @ 91000000 Finished 71547 instructions 
Clk3 @ 92000000 Finished 72347 instructions 
Clk3 @ 93000000 Finished 73147 instructions 
Clk3 @ 94000000 Finished 73947 instructions 
Clk3 @ 95000000 Finished 74747 instructions 
Sampling stash size at 74999 req has local max stash size of: 159
Clk3 @ 96000000 Finished 75543 instructions 
Clk3 @ 97000000 Finished 76327 instructions 
Clk7 @ 98000000 Finished 77115 instructions 
Clk3 @ 99000000 Finished 77907 instructions 
Clk7 @ 100000000 Finished 78710 instructions 
Clk3 @ 101000000 Finished 79517 instructions 
Clk@ 101594000 Working on the # 80000 th memory instruction
Sampling stash size at 79999 req has local max stash size of: 169
Clk7 @ 102000000 Finished 80319 instructions 
Clk3 @ 103000000 Finished 81120 instructions 
Clk3 @ 104000000 Finished 81927 instructions 
Clk3 @ 105000000 Finished 82707 instructions 
Clk3 @ 106000000 Finished 83507 instructions 
Clk3 @ 107000000 Finished 84307 instructions 
Sampling stash size at 84999 req has local max stash size of: 169
Clk3 @ 108000000 Finished 85107 instructions 
Clk3 @ 109000000 Finished 85867 instructions 
Clk3 @ 110000000 Finished 86687 instructions 
Clk3 @ 111000000 Finished 87487 instructions 
Clk3 @ 112000000 Finished 88281 instructions 
Clk3 @ 113000000 Finished 89087 instructions 
Clk3 @ 114000000 Finished 89887 instructions 
Clk@ 114141281 Working on the # 90000 th memory instruction
Sampling stash size at 89999 req has local max stash size of: 170
Clk3 @ 115000000 Finished 90687 instructions 
Clk3 @ 116000000 Finished 91467 instructions 
Clk3 @ 117000000 Finished 92247 instructions 
Clk3 @ 118000000 Finished 93027 instructions 
Clk3 @ 119000000 Finished 93787 instructions 
Clk7 @ 120000000 Finished 94588 instructions 
Sampling stash size at 94999 req has local max stash size of: 167
Clk3 @ 121000000 Finished 95407 instructions 
Clk3 @ 122000000 Finished 96207 instructions 
Clk3 @ 123000000 Finished 97007 instructions 
Clk3 @ 124000000 Finished 97807 instructions 
Clk3 @ 125000000 Finished 98607 instructions 
Clk7 @ 126000000 Finished 99405 instructions 
Clk@ 126731867 Working on the # 100000 th memory instruction
Sampling stash size at 99999 req has local max stash size of: 167
Clk3 @ 127000000 Finished 100207 instructions 
Clk3 @ 128000000 Finished 101007 instructions 
Clk3 @ 129000000 Finished 101807 instructions 
Clk7 @ 130000000 Finished 102608 instructions 
Clk7 @ 131000000 Finished 103407 instructions 
Clk3 @ 132000000 Finished 104226 instructions 
Clk3 @ 133000000 Finished 105002 instructions 
Sampling stash size at 104999 req has local max stash size of: 170
Clk7 @ 134000000 Finished 105796 instructions 
Clk7 @ 135000000 Finished 106607 instructions 
Clk3 @ 136000000 Finished 107387 instructions 
Clk3 @ 137000000 Finished 108207 instructions 
Clk7 @ 138000000 Finished 108972 instructions 
Clk7 @ 139000000 Finished 109796 instructions 
Clk@ 139243768 Working on the # 110000 th memory instruction
Sampling stash size at 109999 req has local max stash size of: 179
Clk3 @ 140000000 Finished 110607 instructions 
Clk7 @ 141000000 Finished 111425 instructions 
Clk7 @ 142000000 Finished 112227 instructions 
Clk3 @ 143000000 Finished 113022 instructions 
Clk3 @ 144000000 Finished 113820 instructions 
Clk3 @ 145000000 Finished 114607 instructions 
Sampling stash size at 114999 req has local max stash size of: 165
Clk3 @ 146000000 Finished 115407 instructions 
Clk3 @ 147000000 Finished 116207 instructions 
Clk3 @ 148000000 Finished 116987 instructions 
Clk3 @ 149000000 Finished 117787 instructions 
Clk3 @ 150000000 Finished 118587 instructions 
Clk3 @ 151000000 Finished 119367 instructions 
Clk@ 151808625 Working on the # 120000 th memory instruction
Sampling stash size at 119999 req has local max stash size of: 168
Clk3 @ 152000000 Finished 120147 instructions 
Clk3 @ 153000000 Finished 120913 instructions 
Clk3 @ 154000000 Finished 121687 instructions 
Clk3 @ 155000000 Finished 122427 instructions 
Clk3 @ 156000000 Finished 123187 instructions 
Clk3 @ 157000000 Finished 123942 instructions 
Clk3 @ 158000000 Finished 124717 instructions 
Sampling stash size at 124999 req has local max stash size of: 170
Clk3 @ 159000000 Finished 125507 instructions 
Clk3 @ 160000000 Finished 126304 instructions 
Clk3 @ 161000000 Finished 127067 instructions 
Clk3 @ 162000000 Finished 127847 instructions 
Clk3 @ 163000000 Finished 128647 instructions 
Clk3 @ 164000000 Finished 129447 instructions 
Clk@ 164695394 Working on the # 130000 th memory instruction
Sampling stash size at 129999 req has local max stash size of: 169
Clk3 @ 165000000 Finished 130245 instructions 
Clk3 @ 166000000 Finished 131047 instructions 
Clk3 @ 167000000 Finished 131827 instructions 
Clk3 @ 168000000 Finished 132647 instructions 
Clk3 @ 169000000 Finished 133447 instructions 
Clk3 @ 170000000 Finished 134267 instructions 
Sampling stash size at 134999 req has local max stash size of: 173
Clk3 @ 171000000 Finished 135065 instructions 
Clk3 @ 172000000 Finished 135867 instructions 
Clk3 @ 173000000 Finished 136664 instructions 
Clk3 @ 174000000 Finished 137447 instructions 
Clk7 @ 175000000 Finished 138247 instructions 
Clk3 @ 176000000 Finished 139047 instructions 
Clk7 @ 177000000 Finished 139831 instructions 
Clk@ 177194707 Working on the # 140000 th memory instruction
Sampling stash size at 139999 req has local max stash size of: 172
Clk7 @ 178000000 Finished 140659 instructions 
Clk3 @ 179000000 Finished 141462 instructions 
Clk3 @ 180000000 Finished 142267 instructions 
Clk3 @ 181000000 Finished 143082 instructions 
Clk3 @ 182000000 Finished 143878 instructions 
Clk7 @ 183000000 Finished 144684 instructions 
Sampling stash size at 144999 req has local max stash size of: 170
Clk3 @ 184000000 Finished 145487 instructions 
Clk3 @ 185000000 Finished 146287 instructions 
Clk7 @ 186000000 Finished 147075 instructions 
Clk3 @ 187000000 Finished 147867 instructions 
Clk3 @ 188000000 Finished 148667 instructions 
Clk3 @ 189000000 Finished 149486 instructions 
Clk@ 189646713 Working on the # 150000 th memory instruction
Sampling stash size at 149999 req has local max stash size of: 182
Clk3 @ 190000000 Finished 150287 instructions 
Clk3 @ 191000000 Finished 151067 instructions 
Clk3 @ 192000000 Finished 151867 instructions 
Clk3 @ 193000000 Finished 152647 instructions 
Clk3 @ 194000000 Finished 153419 instructions 
Clk3 @ 195000000 Finished 154199 instructions 
Clk3 @ 196000000 Finished 154967 instructions 
Sampling stash size at 154999 req has local max stash size of: 182
Clk3 @ 197000000 Finished 155787 instructions 
Clk3 @ 198000000 Finished 156587 instructions 
Clk3 @ 199000000 Finished 157387 instructions 
Clk3 @ 200000000 Finished 158187 instructions 
Clk7 @ 201000000 Finished 158995 instructions 
Clk3 @ 202000000 Finished 159787 instructions 
Clk@ 202263334 Working on the # 160000 th memory instruction
Sampling stash size at 159999 req has local max stash size of: 177
Clk3 @ 203000000 Finished 160587 instructions 
Clk3 @ 204000000 Finished 161387 instructions 
Clk3 @ 205000000 Finished 162187 instructions 
Clk3 @ 206000000 Finished 162987 instructions 
Clk3 @ 207000000 Finished 163790 instructions 
Clk3 @ 208000000 Finished 164567 instructions 
Sampling stash size at 164999 req has local max stash size of: 184
Clk7 @ 209000000 Finished 165370 instructions 
Clk7 @ 210000000 Finished 166181 instructions 
Clk3 @ 211000000 Finished 166987 instructions 
Clk3 @ 212000000 Finished 167747 instructions 
Clk3 @ 213000000 Finished 168547 instructions 
Clk3 @ 214000000 Finished 169347 instructions 
Clk@ 214827764 Working on the # 170000 th memory instruction
Sampling stash size at 169999 req has local max stash size of: 171
Clk3 @ 215000000 Finished 170133 instructions 
Clk3 @ 216000000 Finished 170927 instructions 
Clk3 @ 217000000 Finished 171687 instructions 
Clk3 @ 218000000 Finished 172487 instructions 
Clk3 @ 219000000 Finished 173307 instructions 
Clk3 @ 220000000 Finished 174107 instructions 
Clk3 @ 221000000 Finished 174907 instructions 
Sampling stash size at 174999 req has local max stash size of: 179
Clk3 @ 222000000 Finished 175688 instructions 
Clk3 @ 223000000 Finished 176508 instructions 
Clk3 @ 224000000 Finished 177307 instructions 
Clk3 @ 225000000 Finished 178118 instructions 
Clk3 @ 226000000 Finished 178916 instructions 
Clk3 @ 227000000 Finished 179707 instructions 
Clk@ 227358689 Working on the # 180000 th memory instruction
Sampling stash size at 179999 req has local max stash size of: 186
Clk3 @ 228000000 Finished 180507 instructions 
Clk3 @ 229000000 Finished 181307 instructions 
Clk3 @ 230000000 Finished 182087 instructions 
Clk3 @ 231000000 Finished 182867 instructions 
Clk3 @ 232000000 Finished 183642 instructions 
Clk3 @ 233000000 Finished 184427 instructions 
Sampling stash size at 184999 req has local max stash size of: 174
Clk3 @ 234000000 Finished 185227 instructions 
Clk3 @ 235000000 Finished 185987 instructions 
Clk3 @ 236000000 Finished 186738 instructions 
Clk3 @ 237000000 Finished 187527 instructions 
Clk3 @ 238000000 Finished 188325 instructions 
Clk3 @ 239000000 Finished 189127 instructions 
Clk3 @ 240000000 Finished 189936 instructions 
Clk@ 240075859 Working on the # 190000 th memory instruction
Sampling stash size at 189999 req has local max stash size of: 180
Clk3 @ 241000000 Finished 190727 instructions 
Clk3 @ 242000000 Finished 191541 instructions 
Clk3 @ 243000000 Finished 192347 instructions 
Clk3 @ 244000000 Finished 193145 instructions 
Clk3 @ 245000000 Finished 193947 instructions 
Clk3 @ 246000000 Finished 194727 instructions 
Sampling stash size at 194999 req has local max stash size of: 180
Clk3 @ 247000000 Finished 195543 instructions 
Clk3 @ 248000000 Finished 196336 instructions 
Clk3 @ 249000000 Finished 197141 instructions 
Clk3 @ 250000000 Finished 197947 instructions 
Clk3 @ 251000000 Finished 198727 instructions 
Clk3 @ 252000000 Finished 199547 instructions 
Clk@ 252568988 Working on the # 200000 th memory instruction
Sampling stash size at 199999 req has local max stash size of: 181
Clk3 @ 253000000 Finished 200347 instructions 
Clk7 @ 254000000 Finished 201151 instructions 
Clk3 @ 255000000 Finished 201947 instructions 
Clk3 @ 256000000 Finished 202747 instructions 
Clk3 @ 257000000 Finished 203560 instructions 
Clk3 @ 258000000 Finished 204358 instructions 
Sampling stash size at 204999 req has local max stash size of: 184
Clk3 @ 259000000 Finished 205163 instructions 
Clk3 @ 260000000 Finished 205947 instructions 
Clk3 @ 261000000 Finished 206747 instructions 
Clk3 @ 262000000 Finished 207547 instructions 
Clk3 @ 263000000 Finished 208347 instructions 
Clk3 @ 264000000 Finished 209147 instructions 
Clk3 @ 265000000 Finished 209927 instructions 
Clk@ 265090272 Working on the # 210000 th memory instruction
Sampling stash size at 209999 req has local max stash size of: 177
Clk3 @ 266000000 Finished 210716 instructions 
Clk3 @ 267000000 Finished 211507 instructions 
Clk3 @ 268000000 Finished 212307 instructions 
Clk3 @ 269000000 Finished 213107 instructions 
Clk3 @ 270000000 Finished 213867 instructions 
Clk3 @ 271000000 Finished 214667 instructions 
Sampling stash size at 214999 req has local max stash size of: 190
Clk7 @ 272000000 Finished 215476 instructions 
Clk3 @ 273000000 Finished 216267 instructions 
Clk3 @ 274000000 Finished 217047 instructions 
Clk3 @ 275000000 Finished 217827 instructions 
Clk3 @ 276000000 Finished 218641 instructions 
Clk3 @ 277000000 Finished 219447 instructions 
Clk@ 277680821 Working on the # 220000 th memory instruction
Sampling stash size at 219999 req has local max stash size of: 174
Clk3 @ 278000000 Finished 220247 instructions 
Clk3 @ 279000000 Finished 221047 instructions 
Clk3 @ 280000000 Finished 221847 instructions 
Clk3 @ 281000000 Finished 222664 instructions 
Clk3 @ 282000000 Finished 223463 instructions 
Clk7 @ 283000000 Finished 224262 instructions 
Sampling stash size at 224999 req has local max stash size of: 179
Clk3 @ 284000000 Finished 225047 instructions 
Clk7 @ 285000000 Finished 225829 instructions 
Clk3 @ 286000000 Finished 226622 instructions 
Clk3 @ 287000000 Finished 227407 instructions 
Clk7 @ 288000000 Finished 228201 instructions 
Clk7 @ 289000000 Finished 228988 instructions 
Clk3 @ 290000000 Finished 229787 instructions 
Clk@ 290268091 Working on the # 230000 th memory instruction
Sampling stash size at 229999 req has local max stash size of: 187
Clk3 @ 291000000 Finished 230576 instructions 
Clk3 @ 292000000 Finished 231387 instructions 
Clk3 @ 293000000 Finished 232187 instructions 
Clk3 @ 294000000 Finished 232967 instructions 
Clk3 @ 295000000 Finished 233767 instructions 
Clk3 @ 296000000 Finished 234567 instructions 
Sampling stash size at 234999 req has local max stash size of: 182
Clk3 @ 297000000 Finished 235367 instructions 
Clk3 @ 298000000 Finished 236161 instructions 
Clk3 @ 299000000 Finished 236942 instructions 
Clk3 @ 300000000 Finished 237727 instructions 
Clk3 @ 301000000 Finished 238521 instructions 
Clk3 @ 302000000 Finished 239307 instructions 
Clk@ 302880893 Working on the # 240000 th memory instruction
Sampling stash size at 239999 req has local max stash size of: 180
Clk3 @ 303000000 Finished 240087 instructions 
Clk3 @ 304000000 Finished 240847 instructions 
Clk3 @ 305000000 Finished 241627 instructions 
Clk3 @ 306000000 Finished 242407 instructions 
Clk3 @ 307000000 Finished 243183 instructions 
Clk3 @ 308000000 Finished 243907 instructions 
Clk3 @ 309000000 Finished 244647 instructions 
Sampling stash size at 244999 req has local max stash size of: 186
Clk3 @ 310000000 Finished 245407 instructions 
Clk3 @ 311000000 Finished 246167 instructions 
Clk3 @ 312000000 Finished 246916 instructions 
Clk3 @ 313000000 Finished 247654 instructions 
Clk7 @ 314000000 Finished 248416 instructions 
Clk3 @ 315000000 Finished 249207 instructions 
Clk3 @ 316000000 Finished 249967 instructions 
Clk@ 316043231 Working on the # 250000 th memory instruction
Sampling stash size at 249999 req has local max stash size of: 176
Clk3 @ 317000000 Finished 250747 instructions 
Clk3 @ 318000000 Finished 251547 instructions 
Clk3 @ 319000000 Finished 252327 instructions 
Clk3 @ 320000000 Finished 253127 instructions 
Clk3 @ 321000000 Finished 253911 instructions 
Clk3 @ 322000000 Finished 254707 instructions 
Sampling stash size at 254999 req has local max stash size of: 179
Clk3 @ 323000000 Finished 255487 instructions 
Clk3 @ 324000000 Finished 256287 instructions 
Clk3 @ 325000000 Finished 257087 instructions 
Clk3 @ 326000000 Finished 257887 instructions 
Clk3 @ 327000000 Finished 258678 instructions 
Clk3 @ 328000000 Finished 259467 instructions 
Clk@ 328661707 Working on the # 260000 th memory instruction
Sampling stash size at 259999 req has local max stash size of: 190
Clk3 @ 329000000 Finished 260267 instructions 
Clk3 @ 330000000 Finished 261067 instructions 
Clk3 @ 331000000 Finished 261887 instructions 
Clk3 @ 332000000 Finished 262687 instructions 
Clk3 @ 333000000 Finished 263467 instructions 
Clk3 @ 334000000 Finished 264267 instructions 
Sampling stash size at 264999 req has local max stash size of: 175
Clk3 @ 336000000 Finished 265867 instructions 
Clk3 @ 337000000 Finished 266667 instructions 
Clk3 @ 338000000 Finished 267487 instructions 
Clk3 @ 339000000 Finished 268307 instructions 
Clk7 @ 340000000 Finished 269096 instructions 
Clk7 @ 341000000 Finished 269893 instructions 
Clk@ 341128214 Working on the # 270000 th memory instruction
Sampling stash size at 269999 req has local max stash size of: 179
Clk3 @ 342000000 Finished 270667 instructions 
Clk3 @ 343000000 Finished 271467 instructions 
Clk3 @ 344000000 Finished 272287 instructions 
Clk3 @ 345000000 Finished 273084 instructions 
Clk3 @ 346000000 Finished 273887 instructions 
Clk3 @ 347000000 Finished 274667 instructions 
Sampling stash size at 274999 req has local max stash size of: 182
Clk3 @ 348000000 Finished 275467 instructions 
Clk3 @ 349000000 Finished 276267 instructions 
Clk3 @ 350000000 Finished 277067 instructions 
Clk3 @ 351000000 Finished 277867 instructions 
Clk3 @ 352000000 Finished 278647 instructions 
Clk3 @ 353000000 Finished 279467 instructions 
Clk@ 353656319 Working on the # 280000 th memory instruction
Sampling stash size at 279999 req has local max stash size of: 180
Clk7 @ 354000000 Finished 280267 instructions 
Clk7 @ 355000000 Finished 281107 instructions 
Clk3 @ 356000000 Finished 281907 instructions 
Clk3 @ 357000000 Finished 282707 instructions 
Clk3 @ 358000000 Finished 283527 instructions 
Clk3 @ 359000000 Finished 284327 instructions 
Sampling stash size at 284999 req has local max stash size of: 190
Clk3 @ 360000000 Finished 285142 instructions 
Clk3 @ 361000000 Finished 285927 instructions 
Clk7 @ 362000000 Finished 286727 instructions 
Clk7 @ 363000000 Finished 287527 instructions 
Clk3 @ 364000000 Finished 288327 instructions 
Clk3 @ 365000000 Finished 289127 instructions 
Clk3 @ 366000000 Finished 289927 instructions 
Clk@ 366085534 Working on the # 290000 th memory instruction
Sampling stash size at 289999 req has local max stash size of: 192
Clk3 @ 367000000 Finished 290727 instructions 
Clk3 @ 368000000 Finished 291527 instructions 
Clk3 @ 369000000 Finished 292327 instructions 
Clk3 @ 370000000 Finished 293125 instructions 
Clk3 @ 371000000 Finished 293907 instructions 
Clk3 @ 372000000 Finished 294707 instructions 
Sampling stash size at 294999 req has local max stash size of: 178
Clk3 @ 373000000 Finished 295501 instructions 
Clk7 @ 374000000 Finished 296301 instructions 
Clk3 @ 375000000 Finished 297107 instructions 
Clk3 @ 376000000 Finished 297907 instructions 
Clk3 @ 377000000 Finished 298707 instructions 
Clk3 @ 378000000 Finished 299505 instructions 
Clk@ 378626979 Working on the # 300000 th memory instruction
Sampling stash size at 299999 req has local max stash size of: 181
Clk7 @ 379000000 Finished 300287 instructions 
Clk3 @ 380000000 Finished 301067 instructions 
Clk3 @ 381000000 Finished 301882 instructions 
Clk3 @ 382000000 Finished 302667 instructions 
Clk3 @ 383000000 Finished 303463 instructions 
Clk3 @ 384000000 Finished 304263 instructions 
Sampling stash size at 304999 req has local max stash size of: 187
Clk3 @ 385000000 Finished 305043 instructions 
Clk3 @ 386000000 Finished 305827 instructions 
Clk3 @ 387000000 Finished 306607 instructions 
Clk3 @ 388000000 Finished 307387 instructions 
Clk3 @ 389000000 Finished 308187 instructions 
Clk3 @ 390000000 Finished 308958 instructions 
Clk3 @ 391000000 Finished 309747 instructions 
Clk@ 391320603 Working on the # 310000 th memory instruction
Sampling stash size at 309999 req has local max stash size of: 185
Clk3 @ 392000000 Finished 310542 instructions 
Clk3 @ 393000000 Finished 311327 instructions 
Clk3 @ 394000000 Finished 312147 instructions 
Clk3 @ 395000000 Finished 312961 instructions 
Clk3 @ 396000000 Finished 313767 instructions 
Clk3 @ 397000000 Finished 314587 instructions 
Sampling stash size at 314999 req has local max stash size of: 184
Clk3 @ 398000000 Finished 315387 instructions 
Clk7 @ 399000000 Finished 316189 instructions 
Clk3 @ 400000000 Finished 316987 instructions 
Clk3 @ 401000000 Finished 317787 instructions 
Clk3 @ 402000000 Finished 318587 instructions 
Clk3 @ 403000000 Finished 319391 instructions 
Clk@ 403746360 Working on the # 320000 th memory instruction
Sampling stash size at 319999 req has local max stash size of: 185
Clk3 @ 404000000 Finished 320187 instructions 
Clk7 @ 405000000 Finished 320969 instructions 
Clk3 @ 406000000 Finished 321760 instructions 
Clk3 @ 407000000 Finished 322567 instructions 
Clk3 @ 408000000 Finished 323367 instructions 
Clk3 @ 409000000 Finished 324167 instructions 
Clk3 @ 410000000 Finished 324947 instructions 
Sampling stash size at 324999 req has local max stash size of: 188
Clk3 @ 411000000 Finished 325755 instructions 
Clk3 @ 412000000 Finished 326561 instructions 
Clk3 @ 413000000 Finished 327363 instructions 
Clk3 @ 414000000 Finished 328134 instructions 
Clk7 @ 415000000 Finished 328918 instructions 
Clk3 @ 416000000 Finished 329707 instructions 
Clk@ 416366517 Working on the # 330000 th memory instruction
Sampling stash size at 329999 req has local max stash size of: 189
Clk3 @ 417000000 Finished 330487 instructions 
Clk3 @ 418000000 Finished 331287 instructions 
Clk3 @ 419000000 Finished 332067 instructions 
Clk3 @ 420000000 Finished 332864 instructions 
Clk3 @ 421000000 Finished 333641 instructions 
Clk3 @ 422000000 Finished 334443 instructions 
Sampling stash size at 334999 req has local max stash size of: 188
Clk3 @ 423000000 Finished 335227 instructions 
Clk3 @ 424000000 Finished 336008 instructions 
Clk3 @ 425000000 Finished 336807 instructions 
Clk3 @ 426000000 Finished 337607 instructions 
Clk3 @ 427000000 Finished 338407 instructions 
Clk3 @ 428000000 Finished 339207 instructions 
Clk@ 428983823 Working on the # 340000 th memory instruction
Sampling stash size at 339999 req has local max stash size of: 204
Clk3 @ 429000000 Finished 340007 instructions 
Clk3 @ 430000000 Finished 340807 instructions 
Clk3 @ 431000000 Finished 341587 instructions 
Clk3 @ 432000000 Finished 342363 instructions 
Clk7 @ 433000000 Finished 343102 instructions 
Clk3 @ 434000000 Finished 343901 instructions 
Clk3 @ 435000000 Finished 344707 instructions 
Sampling stash size at 344999 req has local max stash size of: 185
Clk3 @ 436000000 Finished 345507 instructions 
Clk3 @ 437000000 Finished 346327 instructions 
Clk3 @ 438000000 Finished 347107 instructions 
Clk3 @ 439000000 Finished 347927 instructions 
Clk3 @ 440000000 Finished 348727 instructions 
Clk3 @ 441000000 Finished 349547 instructions 
Clk@ 441563036 Working on the # 350000 th memory instruction
Sampling stash size at 349999 req has local max stash size of: 188
Clk3 @ 442000000 Finished 350334 instructions 
Clk3 @ 443000000 Finished 351107 instructions 
Clk3 @ 444000000 Finished 351924 instructions 
Clk3 @ 445000000 Finished 352727 instructions 
Clk3 @ 446000000 Finished 353547 instructions 
Clk3 @ 447000000 Finished 354336 instructions 
Sampling stash size at 354999 req has local max stash size of: 191
Clk3 @ 448000000 Finished 355135 instructions 
Clk3 @ 449000000 Finished 355947 instructions 
Clk7 @ 450000000 Finished 356748 instructions 
Clk7 @ 451000000 Finished 357548 instructions 
Clk3 @ 452000000 Finished 358327 instructions 
Clk3 @ 453000000 Finished 359107 instructions 
Clk3 @ 454000000 Finished 359907 instructions 
Clk@ 454108182 Working on the # 360000 th memory instruction
Sampling stash size at 359999 req has local max stash size of: 182
Clk3 @ 455000000 Finished 360707 instructions 
Clk3 @ 456000000 Finished 361507 instructions 
Clk3 @ 457000000 Finished 362287 instructions 
Clk3 @ 458000000 Finished 363102 instructions 
Clk3 @ 459000000 Finished 363887 instructions 
Clk7 @ 460000000 Finished 364675 instructions 
Sampling stash size at 364999 req has local max stash size of: 186
Clk3 @ 461000000 Finished 365467 instructions 
Clk3 @ 462000000 Finished 366207 instructions 
Clk3 @ 463000000 Finished 367006 instructions 
Clk3 @ 464000000 Finished 367787 instructions 
Clk3 @ 465000000 Finished 368576 instructions 
Clk7 @ 466000000 Finished 369359 instructions 
Clk@ 466815977 Working on the # 370000 th memory instruction
Sampling stash size at 369999 req has local max stash size of: 189
Clk3 @ 467000000 Finished 370142 instructions 
Clk3 @ 468000000 Finished 370927 instructions 
Clk3 @ 469000000 Finished 371695 instructions 
Clk3 @ 470000000 Finished 372467 instructions 
Clk7 @ 471000000 Finished 373219 instructions 
Clk3 @ 472000000 Finished 373967 instructions 
Clk3 @ 473000000 Finished 374767 instructions 
Sampling stash size at 374999 req has local max stash size of: 190
Clk3 @ 474000000 Finished 375567 instructions 
Clk3 @ 475000000 Finished 376367 instructions 
Clk3 @ 476000000 Finished 377155 instructions 
Clk7 @ 477000000 Finished 377946 instructions 
Clk3 @ 478000000 Finished 378727 instructions 
Clk7 @ 479000000 Finished 379510 instructions 
Clk@ 479592101 Working on the # 380000 th memory instruction
Sampling stash size at 379999 req has local max stash size of: 187
Clk3 @ 480000000 Finished 380327 instructions 
Clk3 @ 481000000 Finished 381107 instructions 
Clk3 @ 482000000 Finished 381927 instructions 
Clk3 @ 483000000 Finished 382724 instructions 
Clk3 @ 484000000 Finished 383527 instructions 
Clk3 @ 485000000 Finished 384327 instructions 
Sampling stash size at 384999 req has local max stash size of: 179
Clk3 @ 486000000 Finished 385127 instructions 
Clk3 @ 487000000 Finished 385947 instructions 
Clk7 @ 488000000 Finished 386747 instructions 
Clk3 @ 489000000 Finished 387547 instructions 
Clk7 @ 490000000 Finished 388338 instructions 
Clk3 @ 491000000 Finished 389107 instructions 
Clk3 @ 492000000 Finished 389887 instructions 
Clk@ 492132105 Working on the # 390000 th memory instruction
Sampling stash size at 389999 req has local max stash size of: 193
Clk3 @ 493000000 Finished 390687 instructions 
Clk7 @ 494000000 Finished 391505 instructions 
Clk3 @ 495000000 Finished 392307 instructions 
Clk3 @ 496000000 Finished 393107 instructions 
Clk3 @ 497000000 Finished 393907 instructions 
Clk3 @ 498000000 Finished 394727 instructions 
Sampling stash size at 394999 req has local max stash size of: 188
Clk3 @ 499000000 Finished 395527 instructions 
Clk3 @ 500000000 Finished 396307 instructions 
Clk3 @ 501000000 Finished 397087 instructions 
Clk3 @ 502000000 Finished 397887 instructions 
Clk3 @ 503000000 Finished 398707 instructions 
Clk3 @ 504000000 Finished 399507 instructions 
Clk@ 504611357 Working on the # 400000 th memory instruction
Sampling stash size at 399999 req has local max stash size of: 182
Clk7 @ 505000000 Finished 400309 instructions 
Clk7 @ 506000000 Finished 401108 instructions 
Clk3 @ 507000000 Finished 401921 instructions 
Clk3 @ 508000000 Finished 402721 instructions 
Clk3 @ 509000000 Finished 403507 instructions 
Clk3 @ 510000000 Finished 404287 instructions 
Sampling stash size at 404999 req has local max stash size of: 184
Clk3 @ 511000000 Finished 405067 instructions 
Clk3 @ 512000000 Finished 405887 instructions 
Warm up done after line access count: 406186 out of 812373 (49.9999 %)
Clk3 @ 513000000 Finished 406717 instructions 
Clk3 @ 514000000 Finished 407518 instructions 
Clk3 @ 515000000 Finished 408307 instructions 
Clk3 @ 516000000 Finished 409127 instructions 
Clk3 @ 517000000 Finished 409927 instructions 
Clk@ 517094959 Working on the # 410000 th memory instruction
Sampling stash size at 409999 req has local max stash size of: 187
Clk3 @ 518000000 Finished 410707 instructions 
Clk3 @ 519000000 Finished 411507 instructions 
Clk7 @ 520000000 Finished 412320 instructions 
Clk3 @ 521000000 Finished 413127 instructions 
Clk3 @ 522000000 Finished 413907 instructions 
Clk3 @ 523000000 Finished 414724 instructions 
Sampling stash size at 414999 req has local max stash size of: 189
Clk3 @ 524000000 Finished 415527 instructions 
Clk3 @ 525000000 Finished 416327 instructions 
Clk3 @ 526000000 Finished 417127 instructions 
Clk7 @ 527000000 Finished 417909 instructions 
Clk3 @ 528000000 Finished 418707 instructions 
Clk3 @ 529000000 Finished 419467 instructions 
Clk@ 529651088 Working on the # 420000 th memory instruction
Sampling stash size at 419999 req has local max stash size of: 187
Clk3 @ 530000000 Finished 420287 instructions 
Clk3 @ 531000000 Finished 421067 instructions 
Clk3 @ 532000000 Finished 421867 instructions 
Clk3 @ 533000000 Finished 422667 instructions 
Clk3 @ 534000000 Finished 423468 instructions 
Clk3 @ 535000000 Finished 424267 instructions 
Sampling stash size at 424999 req has local max stash size of: 189
Clk3 @ 536000000 Finished 425067 instructions 
Clk3 @ 537000000 Finished 425847 instructions 
Clk3 @ 538000000 Finished 426627 instructions 
Clk3 @ 539000000 Finished 427387 instructions 
Clk3 @ 540000000 Finished 428187 instructions 
Clk3 @ 541000000 Finished 428967 instructions 
Clk3 @ 542000000 Finished 429767 instructions 
Clk@ 542276896 Working on the # 430000 th memory instruction
Sampling stash size at 429999 req has local max stash size of: 185
Clk3 @ 543000000 Finished 430567 instructions 
Clk3 @ 544000000 Finished 431364 instructions 
Clk3 @ 545000000 Finished 432167 instructions 
Clk7 @ 546000000 Finished 432947 instructions 
Clk7 @ 547000000 Finished 433743 instructions 
Clk3 @ 548000000 Finished 434487 instructions 
Sampling stash size at 434999 req has local max stash size of: 185
Clk3 @ 549000000 Finished 435267 instructions 
Clk3 @ 550000000 Finished 436067 instructions 
Clk7 @ 551000000 Finished 436848 instructions 
Clk3 @ 552000000 Finished 437672 instructions 
Clk3 @ 553000000 Finished 438487 instructions 
Clk3 @ 554000000 Finished 439287 instructions 
Clk@ 554857237 Working on the # 440000 th memory instruction
Sampling stash size at 439999 req has local max stash size of: 191
Clk3 @ 555000000 Finished 440107 instructions 
Clk3 @ 556000000 Finished 440920 instructions 
Clk3 @ 557000000 Finished 441724 instructions 
Clk3 @ 558000000 Finished 442511 instructions 
Clk3 @ 559000000 Finished 443327 instructions 
Clk3 @ 560000000 Finished 444127 instructions 
Clk3 @ 561000000 Finished 444938 instructions 
Sampling stash size at 444999 req has local max stash size of: 183
Clk3 @ 562000000 Finished 445763 instructions 
Clk7 @ 563000000 Finished 446562 instructions 
Clk3 @ 564000000 Finished 447358 instructions 
Clk3 @ 565000000 Finished 448147 instructions 
Clk3 @ 566000000 Finished 448953 instructions 
Clk3 @ 567000000 Finished 449727 instructions 
Clk@ 567335284 Working on the # 450000 th memory instruction
Sampling stash size at 449999 req has local max stash size of: 189
Clk3 @ 568000000 Finished 450540 instructions 
Clk3 @ 569000000 Finished 451327 instructions 
Clk3 @ 570000000 Finished 452087 instructions 
Clk3 @ 571000000 Finished 452885 instructions 
Clk3 @ 572000000 Finished 453667 instructions 
Clk3 @ 573000000 Finished 454447 instructions 
Sampling stash size at 454999 req has local max stash size of: 187
Clk3 @ 574000000 Finished 455247 instructions 
Clk7 @ 575000000 Finished 456027 instructions 
Clk3 @ 576000000 Finished 456827 instructions 
Clk3 @ 577000000 Finished 457607 instructions 
Clk3 @ 578000000 Finished 458401 instructions 
Clk3 @ 579000000 Finished 459207 instructions 
Clk@ 579981763 Working on the # 460000 th memory instruction
Sampling stash size at 459999 req has local max stash size of: 200
Clk3 @ 580000000 Finished 460007 instructions 
Clk3 @ 581000000 Finished 460807 instructions 
Clk3 @ 582000000 Finished 461627 instructions 
Clk3 @ 583000000 Finished 462427 instructions 
Clk3 @ 584000000 Finished 463207 instructions 
Clk3 @ 585000000 Finished 464012 instructions 
Clk3 @ 586000000 Finished 464807 instructions 
Sampling stash size at 464999 req has local max stash size of: 188
Clk3 @ 587000000 Finished 465567 instructions 
Clk3 @ 588000000 Finished 466347 instructions 
Clk3 @ 589000000 Finished 467147 instructions 
Clk3 @ 590000000 Finished 467952 instructions 
Clk3 @ 591000000 Finished 468767 instructions 
Clk7 @ 592000000 Finished 469571 instructions 
Clk@ 592523534 Working on the # 470000 th memory instruction
Sampling stash size at 469999 req has local max stash size of: 186
Clk7 @ 593000000 Finished 470377 instructions 
Clk3 @ 594000000 Finished 471167 instructions 
Clk3 @ 595000000 Finished 471967 instructions 
Clk3 @ 596000000 Finished 472747 instructions 
Clk3 @ 597000000 Finished 473545 instructions 
Clk3 @ 598000000 Finished 474327 instructions 
Sampling stash size at 474999 req has local max stash size of: 188
Clk3 @ 599000000 Finished 475111 instructions 
Clk3 @ 600000000 Finished 475909 instructions 
Clk3 @ 601000000 Finished 476707 instructions 
Clk3 @ 602000000 Finished 477487 instructions 
Clk3 @ 603000000 Finished 478282 instructions 
Clk3 @ 604000000 Finished 479061 instructions 
Clk3 @ 605000000 Finished 479847 instructions 
Clk@ 605194237 Working on the # 480000 th memory instruction
Sampling stash size at 479999 req has local max stash size of: 195
Clk3 @ 606000000 Finished 480607 instructions 
Clk3 @ 607000000 Finished 481365 instructions 
Clk3 @ 608000000 Finished 482133 instructions 
Clk3 @ 609000000 Finished 482913 instructions 
Clk3 @ 610000000 Finished 483687 instructions 
Clk3 @ 611000000 Finished 484467 instructions 
Sampling stash size at 484999 req has local max stash size of: 195
Clk3 @ 612000000 Finished 485242 instructions 
Clk3 @ 613000000 Finished 486007 instructions 
Clk3 @ 614000000 Finished 486767 instructions 
Clk3 @ 615000000 Finished 487527 instructions 
Clk7 @ 616000000 Finished 488227 instructions 
Clk7 @ 617000000 Finished 488957 instructions 
Clk3 @ 618000000 Finished 489707 instructions 
Clk@ 618387863 Working on the # 490000 th memory instruction
Sampling stash size at 489999 req has local max stash size of: 196
Clk3 @ 619000000 Finished 490467 instructions 
Clk7 @ 620000000 Finished 491227 instructions 
Clk7 @ 621000000 Finished 491977 instructions 
Clk3 @ 622000000 Finished 492729 instructions 
Clk3 @ 623000000 Finished 493487 instructions 
Clk3 @ 624000000 Finished 494247 instructions 
Clk3 @ 625000000 Finished 494987 instructions 
Sampling stash size at 494999 req has local max stash size of: 182
Clk3 @ 626000000 Finished 495707 instructions 
Clk3 @ 627000000 Finished 496467 instructions 
Clk3 @ 628000000 Finished 497247 instructions 
Clk3 @ 629000000 Finished 498027 instructions 
Clk3 @ 630000000 Finished 498807 instructions 
Clk3 @ 631000000 Finished 499567 instructions 
Clk@ 631542507 Working on the # 500000 th memory instruction
Sampling stash size at 499999 req has local max stash size of: 186
Clk7 @ 632000000 Finished 500347 instructions 
Clk3 @ 633000000 Finished 501124 instructions 
Clk3 @ 634000000 Finished 501892 instructions 
Clk3 @ 635000000 Finished 502687 instructions 
Clk3 @ 636000000 Finished 503467 instructions 
Clk3 @ 637000000 Finished 504267 instructions 
Sampling stash size at 504999 req has local max stash size of: 192
Clk3 @ 638000000 Finished 505047 instructions 
Clk3 @ 639000000 Finished 505844 instructions 
Clk3 @ 640000000 Finished 506647 instructions 
Clk3 @ 641000000 Finished 507427 instructions 
Clk3 @ 642000000 Finished 508223 instructions 
Clk3 @ 643000000 Finished 509007 instructions 
Clk7 @ 644000000 Finished 509797 instructions 
Clk@ 644259128 Working on the # 510000 th memory instruction
Sampling stash size at 509999 req has local max stash size of: 195
Clk3 @ 645000000 Finished 510560 instructions 
Clk3 @ 646000000 Finished 511336 instructions 
Clk3 @ 647000000 Finished 512124 instructions 
Clk3 @ 648000000 Finished 512913 instructions 
Clk3 @ 649000000 Finished 513707 instructions 
Clk3 @ 650000000 Finished 514467 instructions 
Sampling stash size at 514999 req has local max stash size of: 191
Clk3 @ 651000000 Finished 515267 instructions 
Clk3 @ 652000000 Finished 516067 instructions 
Clk3 @ 653000000 Finished 516867 instructions 
Clk7 @ 654000000 Finished 517675 instructions 
Clk3 @ 655000000 Finished 518447 instructions 
Clk3 @ 656000000 Finished 519247 instructions 
Clk@ 656920128 Working on the # 520000 th memory instruction
Sampling stash size at 519999 req has local max stash size of: 184
Clk7 @ 657000000 Finished 520061 instructions 
Clk7 @ 658000000 Finished 520866 instructions 
Clk3 @ 659000000 Finished 521664 instructions 
Clk3 @ 660000000 Finished 522447 instructions 
Clk3 @ 661000000 Finished 523252 instructions 
Clk3 @ 662000000 Finished 524062 instructions 
Clk3 @ 663000000 Finished 524862 instructions 
Sampling stash size at 524999 req has local max stash size of: 187
Clk7 @ 664000000 Finished 525647 instructions 
Clk3 @ 665000000 Finished 526423 instructions 
Clk3 @ 666000000 Finished 527227 instructions 
Clk7 @ 667000000 Finished 528033 instructions 
Clk7 @ 668000000 Finished 528835 instructions 
Clk3 @ 669000000 Finished 529647 instructions 
Clk@ 669438950 Working on the # 530000 th memory instruction
Sampling stash size at 529999 req has local max stash size of: 189
Clk3 @ 670000000 Finished 530447 instructions 
Clk3 @ 671000000 Finished 531267 instructions 
Clk3 @ 672000000 Finished 532047 instructions 
Clk3 @ 673000000 Finished 532849 instructions 
Clk3 @ 674000000 Finished 533654 instructions 
Clk3 @ 675000000 Finished 534461 instructions 
Sampling stash size at 534999 req has local max stash size of: 193
Clk3 @ 676000000 Finished 535275 instructions 
Clk7 @ 677000000 Finished 536069 instructions 
Clk3 @ 678000000 Finished 536885 instructions 
Clk3 @ 679000000 Finished 537667 instructions 
Clk3 @ 680000000 Finished 538487 instructions 
Clk3 @ 681000000 Finished 539287 instructions 
Clk@ 681868262 Working on the # 540000 th memory instruction
Sampling stash size at 539999 req has local max stash size of: 186
Clk3 @ 682000000 Finished 540107 instructions 
Clk3 @ 683000000 Finished 540887 instructions 
Clk3 @ 684000000 Finished 541667 instructions 
Clk3 @ 685000000 Finished 542487 instructions 
Clk3 @ 686000000 Finished 543307 instructions 
Clk3 @ 687000000 Finished 544107 instructions 
Clk3 @ 688000000 Finished 544907 instructions 
Sampling stash size at 544999 req has local max stash size of: 195
Clk3 @ 689000000 Finished 545707 instructions 
Clk3 @ 690000000 Finished 546527 instructions 
Clk3 @ 691000000 Finished 547327 instructions 
Clk3 @ 692000000 Finished 548127 instructions 
Clk3 @ 693000000 Finished 548907 instructions 
Clk3 @ 694000000 Finished 549707 instructions 
Clk@ 694360529 Working on the # 550000 th memory instruction
Sampling stash size at 549999 req has local max stash size of: 193
Clk3 @ 695000000 Finished 550507 instructions 
Clk3 @ 696000000 Finished 551307 instructions 
Clk3 @ 697000000 Finished 552107 instructions 
Clk3 @ 698000000 Finished 552921 instructions 
Clk3 @ 699000000 Finished 553707 instructions 
Clk3 @ 700000000 Finished 554508 instructions 
Sampling stash size at 554999 req has local max stash size of: 190
Clk3 @ 701000000 Finished 555327 instructions 
Clk3 @ 702000000 Finished 556114 instructions 
Clk3 @ 703000000 Finished 556887 instructions 
Clk3 @ 704000000 Finished 557687 instructions 
Clk3 @ 705000000 Finished 558503 instructions 
Clk3 @ 706000000 Finished 559307 instructions 
Clk@ 706829138 Working on the # 560000 th memory instruction
Sampling stash size at 559999 req has local max stash size of: 187
Clk3 @ 707000000 Finished 560127 instructions 
Clk3 @ 708000000 Finished 560928 instructions 
Clk3 @ 709000000 Finished 561767 instructions 
Clk3 @ 710000000 Finished 562567 instructions 
Clk3 @ 711000000 Finished 563406 instructions 
Clk3 @ 712000000 Finished 564207 instructions 
Sampling stash size at 564999 req has local max stash size of: 196
Clk3 @ 713000000 Finished 565024 instructions 
Clk7 @ 714000000 Finished 565845 instructions 
Clk3 @ 715000000 Finished 566667 instructions 
Clk3 @ 716000000 Finished 567467 instructions 
Clk3 @ 717000000 Finished 568267 instructions 
Clk3 @ 718000000 Finished 569067 instructions 
Clk3 @ 719000000 Finished 569860 instructions 
Clk@ 719171325 Working on the # 570000 th memory instruction
Sampling stash size at 569999 req has local max stash size of: 186
Clk3 @ 720000000 Finished 570667 instructions 
Clk3 @ 721000000 Finished 571467 instructions 
Clk3 @ 722000000 Finished 572247 instructions 
Clk3 @ 723000000 Finished 573067 instructions 
Clk7 @ 724000000 Finished 573871 instructions 
Clk3 @ 725000000 Finished 574667 instructions 
Sampling stash size at 574999 req has local max stash size of: 189
Clk3 @ 726000000 Finished 575449 instructions 
Clk3 @ 727000000 Finished 576261 instructions 
Clk3 @ 728000000 Finished 577047 instructions 
Clk3 @ 729000000 Finished 577847 instructions 
Clk3 @ 730000000 Finished 578644 instructions 
Clk3 @ 731000000 Finished 579427 instructions 
Clk@ 731709978 Working on the # 580000 th memory instruction
Sampling stash size at 579999 req has local max stash size of: 189
Clk3 @ 732000000 Finished 580227 instructions 
Clk3 @ 733000000 Finished 581027 instructions 
Clk3 @ 734000000 Finished 581827 instructions 
Clk3 @ 735000000 Finished 582627 instructions 
Clk3 @ 736000000 Finished 583427 instructions 
Clk3 @ 737000000 Finished 584227 instructions 
Sampling stash size at 584999 req has local max stash size of: 192
Clk7 @ 738000000 Finished 585027 instructions 
Clk3 @ 739000000 Finished 585827 instructions 
Clk3 @ 740000000 Finished 586624 instructions 
Clk3 @ 741000000 Finished 587387 instructions 
Clk3 @ 742000000 Finished 588187 instructions 
Clk7 @ 743000000 Finished 588984 instructions 
Clk3 @ 744000000 Finished 589787 instructions 
Clk@ 744259274 Working on the # 590000 th memory instruction
Sampling stash size at 589999 req has local max stash size of: 201
Clk3 @ 745000000 Finished 590587 instructions 
Clk3 @ 746000000 Finished 591391 instructions 
Clk3 @ 747000000 Finished 592207 instructions 
Clk3 @ 748000000 Finished 593007 instructions 
Clk3 @ 749000000 Finished 593807 instructions 
Clk3 @ 750000000 Finished 594620 instructions 
Sampling stash size at 594999 req has local max stash size of: 202
Clk3 @ 751000000 Finished 595444 instructions 
Clk3 @ 752000000 Finished 596247 instructions 
Clk3 @ 753000000 Finished 597047 instructions 
Clk7 @ 754000000 Finished 597830 instructions 
Clk3 @ 755000000 Finished 598627 instructions 
Clk3 @ 756000000 Finished 599443 instructions 
Clk@ 756697300 Working on the # 600000 th memory instruction
Sampling stash size at 599999 req has local max stash size of: 199
Clk3 @ 757000000 Finished 600227 instructions 
Clk3 @ 758000000 Finished 601027 instructions 
Clk3 @ 759000000 Finished 601807 instructions 
Clk3 @ 760000000 Finished 602587 instructions 
Clk3 @ 761000000 Finished 603384 instructions 
Clk3 @ 762000000 Finished 604159 instructions 
Clk7 @ 763000000 Finished 604942 instructions 
Sampling stash size at 604999 req has local max stash size of: 194
Clk3 @ 764000000 Finished 605730 instructions 
Clk3 @ 765000000 Finished 606527 instructions 
Clk7 @ 766000000 Finished 607320 instructions 
Clk3 @ 767000000 Finished 608107 instructions 
Clk3 @ 768000000 Finished 608907 instructions 
Clk3 @ 769000000 Finished 609675 instructions 
Clk@ 769436046 Working on the # 610000 th memory instruction
Sampling stash size at 609999 req has local max stash size of: 195
Clk3 @ 770000000 Finished 610427 instructions 
Clk3 @ 771000000 Finished 611202 instructions 
Clk3 @ 772000000 Finished 611954 instructions 
Clk3 @ 773000000 Finished 612752 instructions 
Clk3 @ 774000000 Finished 613527 instructions 
Clk3 @ 775000000 Finished 614307 instructions 
Sampling stash size at 614999 req has local max stash size of: 193
Clk3 @ 776000000 Finished 615085 instructions 
Clk7 @ 777000000 Finished 615858 instructions 
Clk3 @ 778000000 Finished 616647 instructions 
Clk3 @ 779000000 Finished 617387 instructions 
Clk3 @ 780000000 Finished 618147 instructions 
Clk3 @ 781000000 Finished 618927 instructions 
Clk3 @ 782000000 Finished 619707 instructions 
Clk@ 782364246 Working on the # 620000 th memory instruction
Sampling stash size at 619999 req has local max stash size of: 190
Clk3 @ 783000000 Finished 620507 instructions 
Clk3 @ 784000000 Finished 621307 instructions 
Clk3 @ 785000000 Finished 622107 instructions 
Clk3 @ 786000000 Finished 622913 instructions 
Clk3 @ 787000000 Finished 623727 instructions 
Clk3 @ 788000000 Finished 624527 instructions 
Sampling stash size at 624999 req has local max stash size of: 187
Clk3 @ 789000000 Finished 625347 instructions 
Clk3 @ 790000000 Finished 626167 instructions 
Clk3 @ 791000000 Finished 626967 instructions 
Clk3 @ 792000000 Finished 627767 instructions 
Clk3 @ 793000000 Finished 628570 instructions 
Clk3 @ 794000000 Finished 629368 instructions 
Clk@ 794778865 Working on the # 630000 th memory instruction
Sampling stash size at 629999 req has local max stash size of: 193
Clk3 @ 795000000 Finished 630177 instructions 
Clk7 @ 796000000 Finished 630986 instructions 
Clk3 @ 797000000 Finished 631787 instructions 
Clk3 @ 798000000 Finished 632572 instructions 
Clk3 @ 799000000 Finished 633367 instructions 
Clk3 @ 800000000 Finished 634167 instructions 
Clk3 @ 801000000 Finished 634956 instructions 
Sampling stash size at 634999 req has local max stash size of: 194
Clk3 @ 802000000 Finished 635749 instructions 
Clk3 @ 803000000 Finished 636547 instructions 
Clk3 @ 804000000 Finished 637347 instructions 
Clk3 @ 805000000 Finished 638147 instructions 
Clk7 @ 806000000 Finished 638950 instructions 
Clk3 @ 807000000 Finished 639768 instructions 
Clk@ 807290026 Working on the # 640000 th memory instruction
Sampling stash size at 639999 req has local max stash size of: 204
Clk7 @ 808000000 Finished 640547 instructions 
Clk3 @ 809000000 Finished 641347 instructions 
Clk7 @ 810000000 Finished 642149 instructions 
Clk7 @ 811000000 Finished 642957 instructions 
Clk3 @ 812000000 Finished 643761 instructions 
Clk3 @ 813000000 Finished 644547 instructions 
Sampling stash size at 644999 req has local max stash size of: 198
Clk3 @ 814000000 Finished 645347 instructions 
Clk3 @ 815000000 Finished 646163 instructions 
Clk3 @ 816000000 Finished 646967 instructions 
Clk3 @ 817000000 Finished 647755 instructions 
Clk3 @ 818000000 Finished 648547 instructions 
Clk3 @ 819000000 Finished 649327 instructions 
Clk@ 819848345 Working on the # 650000 th memory instruction
Sampling stash size at 649999 req has local max stash size of: 193
Clk3 @ 820000000 Finished 650127 instructions 
Clk3 @ 821000000 Finished 650927 instructions 
Clk3 @ 822000000 Finished 651707 instructions 
Clk3 @ 823000000 Finished 652501 instructions 
Clk3 @ 824000000 Finished 653322 instructions 
Clk3 @ 825000000 Finished 654127 instructions 
Clk3 @ 826000000 Finished 654927 instructions 
Sampling stash size at 654999 req has local max stash size of: 193
Clk3 @ 827000000 Finished 655700 instructions 
Clk3 @ 828000000 Finished 656483 instructions 
Clk3 @ 829000000 Finished 657282 instructions 
Clk3 @ 830000000 Finished 658055 instructions 
Clk7 @ 831000000 Finished 658867 instructions 
Clk3 @ 832000000 Finished 659647 instructions 
Clk@ 832438921 Working on the # 660000 th memory instruction
Sampling stash size at 659999 req has local max stash size of: 194
Clk3 @ 833000000 Finished 660447 instructions 
Clk7 @ 834000000 Finished 661238 instructions 
Clk7 @ 835000000 Finished 662028 instructions 
Clk3 @ 836000000 Finished 662827 instructions 
Clk3 @ 837000000 Finished 663607 instructions 
Clk3 @ 838000000 Finished 664407 instructions 
Sampling stash size at 664999 req has local max stash size of: 195
Clk3 @ 839000000 Finished 665213 instructions 
Clk3 @ 840000000 Finished 666022 instructions 
Clk3 @ 841000000 Finished 666827 instructions 
Clk3 @ 842000000 Finished 667625 instructions 
Clk3 @ 843000000 Finished 668427 instructions 
Clk7 @ 844000000 Finished 669221 instructions 
Clk@ 844999553 Working on the # 670000 th memory instruction
Clk3 @ 845000000 Finished 670001 instructions 
Sampling stash size at 669999 req has local max stash size of: 194
Clk3 @ 846000000 Finished 670770 instructions 
Clk3 @ 847000000 Finished 671587 instructions 
Clk3 @ 848000000 Finished 672407 instructions 
Clk3 @ 849000000 Finished 673222 instructions 
Clk3 @ 850000000 Finished 674027 instructions 
Clk3 @ 851000000 Finished 674827 instructions 
Sampling stash size at 674999 req has local max stash size of: 192
Clk3 @ 852000000 Finished 675627 instructions 
Clk3 @ 853000000 Finished 676427 instructions 
Clk3 @ 854000000 Finished 677227 instructions 
Clk3 @ 855000000 Finished 678036 instructions 
Clk7 @ 856000000 Finished 678817 instructions 
Clk3 @ 857000000 Finished 679627 instructions 
Clk@ 857466680 Working on the # 680000 th memory instruction
Sampling stash size at 679999 req has local max stash size of: 197
Clk3 @ 858000000 Finished 680422 instructions 
Clk3 @ 859000000 Finished 681216 instructions 
Clk3 @ 860000000 Finished 682021 instructions 
Clk3 @ 861000000 Finished 682807 instructions 
Clk3 @ 862000000 Finished 683587 instructions 
Clk3 @ 863000000 Finished 684367 instructions 
Sampling stash size at 684999 req has local max stash size of: 197
Clk3 @ 864000000 Finished 685127 instructions 
Clk7 @ 865000000 Finished 685878 instructions 
Clk7 @ 866000000 Finished 686639 instructions 
Clk3 @ 867000000 Finished 687447 instructions 
Clk3 @ 868000000 Finished 688267 instructions 
Clk7 @ 869000000 Finished 689070 instructions 
Clk3 @ 870000000 Finished 689887 instructions 
Clk@ 870140305 Working on the # 690000 th memory instruction
Sampling stash size at 689999 req has local max stash size of: 189
Clk7 @ 871000000 Finished 690693 instructions 
Clk3 @ 872000000 Finished 691507 instructions 
Clk3 @ 873000000 Finished 692307 instructions 
Clk3 @ 874000000 Finished 693123 instructions 
Clk3 @ 875000000 Finished 693907 instructions 
Clk7 @ 876000000 Finished 694727 instructions 
Sampling stash size at 694999 req has local max stash size of: 188
Clk3 @ 877000000 Finished 695527 instructions 
Clk3 @ 878000000 Finished 696347 instructions 
Clk3 @ 879000000 Finished 697147 instructions 
Clk3 @ 880000000 Finished 697938 instructions 
Clk3 @ 881000000 Finished 698727 instructions 
Clk3 @ 882000000 Finished 699542 instructions 
Clk@ 882570139 Working on the # 700000 th memory instruction
Sampling stash size at 699999 req has local max stash size of: 200
Clk3 @ 883000000 Finished 700327 instructions 
Clk3 @ 884000000 Finished 701127 instructions 
Clk3 @ 885000000 Finished 701907 instructions 
Clk3 @ 886000000 Finished 702707 instructions 
Clk3 @ 887000000 Finished 703507 instructions 
Clk3 @ 888000000 Finished 704313 instructions 
Sampling stash size at 704999 req has local max stash size of: 197
Clk3 @ 889000000 Finished 705123 instructions 
Clk3 @ 890000000 Finished 705912 instructions 
Clk3 @ 891000000 Finished 706726 instructions 
Clk3 @ 892000000 Finished 707527 instructions 
Clk3 @ 893000000 Finished 708327 instructions 
Clk3 @ 894000000 Finished 709107 instructions 
Clk3 @ 895000000 Finished 709916 instructions 
Clk@ 895101085 Working on the # 710000 th memory instruction
Sampling stash size at 709999 req has local max stash size of: 198
Clk3 @ 896000000 Finished 710727 instructions 
Clk3 @ 897000000 Finished 711544 instructions 
Clk3 @ 898000000 Finished 712327 instructions 
Clk3 @ 899000000 Finished 713127 instructions 
Clk7 @ 900000000 Finished 713908 instructions 
Clk3 @ 901000000 Finished 714707 instructions 
Sampling stash size at 714999 req has local max stash size of: 196
Clk3 @ 902000000 Finished 715507 instructions 
Clk3 @ 903000000 Finished 716294 instructions 
Clk3 @ 904000000 Finished 717064 instructions 
Clk3 @ 905000000 Finished 717827 instructions 
Clk3 @ 906000000 Finished 718627 instructions 
Clk3 @ 907000000 Finished 719427 instructions 
Clk@ 907705599 Working on the # 720000 th memory instruction
Sampling stash size at 719999 req has local max stash size of: 202
Clk3 @ 908000000 Finished 720227 instructions 
Clk3 @ 909000000 Finished 721027 instructions 
Clk3 @ 910000000 Finished 721827 instructions 
Clk3 @ 911000000 Finished 722627 instructions 
Clk3 @ 912000000 Finished 723409 instructions 
Clk3 @ 913000000 Finished 724187 instructions 
Clk3 @ 914000000 Finished 724967 instructions 
Sampling stash size at 724999 req has local max stash size of: 194
Clk3 @ 915000000 Finished 725767 instructions 
Clk3 @ 916000000 Finished 726567 instructions 
Clk3 @ 917000000 Finished 727354 instructions 
Clk3 @ 918000000 Finished 728127 instructions 
Clk3 @ 919000000 Finished 728907 instructions 
Clk3 @ 920000000 Finished 729705 instructions 
Clk@ 920379674 Working on the # 730000 th memory instruction
Sampling stash size at 729999 req has local max stash size of: 198
Clk3 @ 921000000 Finished 730487 instructions 
Clk3 @ 922000000 Finished 731244 instructions 
Clk3 @ 923000000 Finished 731987 instructions 
Clk3 @ 924000000 Finished 732747 instructions 
Clk3 @ 925000000 Finished 733547 instructions 
Clk3 @ 926000000 Finished 734347 instructions 
Sampling stash size at 734999 req has local max stash size of: 194
Clk7 @ 927000000 Finished 735127 instructions 
Clk3 @ 928000000 Finished 735927 instructions 
Clk3 @ 929000000 Finished 736700 instructions 
Clk3 @ 930000000 Finished 737487 instructions 
Clk3 @ 931000000 Finished 738262 instructions 
Clk3 @ 932000000 Finished 739040 instructions 
Clk3 @ 933000000 Finished 739825 instructions 
Clk@ 933230860 Working on the # 740000 th memory instruction
Sampling stash size at 739999 req has local max stash size of: 195
Clk3 @ 934000000 Finished 740607 instructions 
Clk3 @ 935000000 Finished 741367 instructions 
Clk3 @ 936000000 Finished 742161 instructions 
Clk3 @ 937000000 Finished 742947 instructions 
Clk3 @ 938000000 Finished 743707 instructions 
Clk3 @ 939000000 Finished 744475 instructions 
Sampling stash size at 744999 req has local max stash size of: 196
Clk3 @ 940000000 Finished 745227 instructions 
Clk3 @ 941000000 Finished 745987 instructions 
Clk7 @ 942000000 Finished 746735 instructions 
Clk3 @ 943000000 Finished 747467 instructions 
Clk3 @ 944000000 Finished 748258 instructions 
Clk3 @ 945000000 Finished 749027 instructions 
Clk3 @ 946000000 Finished 749827 instructions 
Clk@ 946205845 Working on the # 750000 th memory instruction
Sampling stash size at 749999 req has local max stash size of: 190
Clk3 @ 947000000 Finished 750627 instructions 
Clk3 @ 948000000 Finished 751447 instructions 
Clk3 @ 949000000 Finished 752230 instructions 
Clk3 @ 950000000 Finished 753022 instructions 
Clk3 @ 951000000 Finished 753807 instructions 
Clk3 @ 952000000 Finished 754598 instructions 
Sampling stash size at 754999 req has local max stash size of: 194
Clk3 @ 953000000 Finished 755405 instructions 
Clk3 @ 954000000 Finished 756207 instructions 
Clk3 @ 955000000 Finished 756988 instructions 
Clk3 @ 956000000 Finished 757781 instructions 
Clk3 @ 957000000 Finished 758587 instructions 
Clk3 @ 958000000 Finished 759397 instructions 
Clk@ 958744167 Working on the # 760000 th memory instruction
Sampling stash size at 759999 req has local max stash size of: 201
Clk3 @ 959000000 Finished 760187 instructions 
Clk3 @ 960000000 Finished 760987 instructions 
Clk7 @ 961000000 Finished 761784 instructions 
Clk3 @ 962000000 Finished 762567 instructions 
Clk3 @ 963000000 Finished 763367 instructions 
Clk3 @ 964000000 Finished 764147 instructions 
Clk3 @ 965000000 Finished 764967 instructions 
Sampling stash size at 764999 req has local max stash size of: 202
Clk7 @ 966000000 Finished 765781 instructions 
Clk3 @ 967000000 Finished 766581 instructions 
Clk3 @ 968000000 Finished 767387 instructions 
Clk3 @ 969000000 Finished 768203 instructions 
Clk3 @ 970000000 Finished 769007 instructions 
Clk3 @ 971000000 Finished 769797 instructions 
Clk@ 971251545 Working on the # 770000 th memory instruction
Sampling stash size at 769999 req has local max stash size of: 196
Clk7 @ 972000000 Finished 770594 instructions 
Clk3 @ 973000000 Finished 771398 instructions 
Clk3 @ 974000000 Finished 772187 instructions 
Clk7 @ 975000000 Finished 773002 instructions 
Clk3 @ 976000000 Finished 773803 instructions 
Clk7 @ 977000000 Finished 774602 instructions 
Sampling stash size at 774999 req has local max stash size of: 192
Clk3 @ 978000000 Finished 775407 instructions 
Clk3 @ 979000000 Finished 776187 instructions 
Clk3 @ 980000000 Finished 776987 instructions 
Clk3 @ 981000000 Finished 777741 instructions 
Clk3 @ 982000000 Finished 778527 instructions 
Clk3 @ 983000000 Finished 779323 instructions 
Clk@ 983853204 Working on the # 780000 th memory instruction
Sampling stash size at 779999 req has local max stash size of: 205
Clk7 @ 984000000 Finished 780115 instructions 
Clk7 @ 985000000 Finished 780914 instructions 
Clk3 @ 986000000 Finished 781727 instructions 
Clk7 @ 987000000 Finished 782527 instructions 
Clk7 @ 988000000 Finished 783335 instructions 
Clk3 @ 989000000 Finished 784147 instructions 
Clk3 @ 990000000 Finished 784930 instructions 
Sampling stash size at 784999 req has local max stash size of: 198
Clk3 @ 991000000 Finished 785745 instructions 
Clk3 @ 992000000 Finished 786527 instructions 
Clk3 @ 993000000 Finished 787327 instructions 
Clk3 @ 994000000 Finished 788144 instructions 
Clk3 @ 995000000 Finished 788947 instructions 
Clk3 @ 996000000 Finished 789767 instructions 
Clk@ 996288821 Working on the # 790000 th memory instruction
Sampling stash size at 789999 req has local max stash size of: 198
Clk3 @ 997000000 Finished 790567 instructions 
Clk3 @ 998000000 Finished 791349 instructions 
Clk3 @ 999000000 Finished 792161 instructions 
Clk3 @ 1000000000 Finished 792927 instructions 
Clk3 @ 1001000000 Finished 793707 instructions 
Clk3 @ 1002000000 Finished 794525 instructions 
Sampling stash size at 794999 req has local max stash size of: 199
Clk3 @ 1003000000 Finished 795327 instructions 
Clk3 @ 1004000000 Finished 796147 instructions 
Clk3 @ 1005000000 Finished 796967 instructions 
Clk3 @ 1006000000 Finished 797781 instructions 
Clk3 @ 1007000000 Finished 798567 instructions 
Clk3 @ 1008000000 Finished 799367 instructions 
Clk@ 1008774236 Working on the # 800000 th memory instruction
Sampling stash size at 799999 req has local max stash size of: 198
Clk3 @ 1009000000 Finished 800170 instructions 
Clk3 @ 1010000000 Finished 800987 instructions 
Clk3 @ 1011000000 Finished 801787 instructions 
Clk3 @ 1012000000 Finished 802587 instructions 
Clk3 @ 1013000000 Finished 803404 instructions 
Clk3 @ 1014000000 Finished 804207 instructions 
Sampling stash size at 804999 req has local max stash size of: 196
Clk7 @ 1015000000 Finished 805017 instructions 
Clk3 @ 1016000000 Finished 805822 instructions 
Clk3 @ 1017000000 Finished 806607 instructions 
Clk3 @ 1018000000 Finished 807402 instructions 
Clk3 @ 1019000000 Finished 808167 instructions 
Clk3 @ 1020000000 Finished 808940 instructions 
Clk3 @ 1021000000 Finished 809727 instructions 
Clk@ 1021326833 Working on the # 810000 th memory instruction
Sampling stash size at 809999 req has local max stash size of: 205
Clk3 @ 1022000000 Finished 810547 instructions 
Clk3 @ 1023000000 Finished 811382 instructions 
Clk3 @ 1024000000 Finished 812207 instructions 

===*** Data ***====
Stall reason distribution: 
mc_hazard: 0
normal: 0
rs_hazard: 0
rw_swtich: 0
Early reshuffle distribution: 
0: 0
1: 0
2: 0
3: 1265
4: 2840
5: 3034
6: 3058
7: 3106
8: 3112
9: 3078
10: 3108
11: 3001
12: 2925
13: 2608
14: 2138
15: 1019
16: 5
17: 0
18: 0
19: 0
20: 0
21: 0
=================
Max stash size is: 205
Average stash size is: 91.0573
Average mem q size is: 148.695
Total mem q size is:135882925
mem_q_sample_times is:913836
useful_read_pull_ddr: 386822 (1.23818) %
dummy_read_pull_ddr: 7127252 (22.8136) %
useful_early_pull_ddr: 287674 (0.920814) %
useful_early_push_ddr: 145635 (0.466162) %
useful_write_pull_ddr: 5908109 (18.9112) %
useful_write_push_ddr: 2689771 (8.60967) %
dummy_early_pull_ddr: 30277 (0.0969134) %
dummy_early_push_ddr: 658594 (2.10809) %
dummy_write_pull_ddr: 103651 (0.331776) %
dummy_write_push_ddr: 13903499 (44.5036) %
=================
Stash violation number of times: 0
=================
Check NodeID traffic: 3863214
Update NodeID traffic: 4
=================
Read RS lines: 812373 (84.4284) %
Write RS lines: 81236 (8.44271) %
Early RS lines: 68594 (7.12885) %
Read DDR lines: 15028227 (24.4677) %
Write DDR lines: 44334547 (72.1819) %
Early DDR lines: 2057820 (3.35037) %

====*** pos1 ***====
Stall reason distribution: 
mc_hazard: 0
normal: 0
rs_hazard: 0
rw_swtich: 0
Early reshuffle distribution: 
0: 0
1: 798
2: 1986
3: 2590
4: 2926
5: 3061
6: 3088
7: 3159
8: 3152
9: 3161
10: 3150
11: 3100
12: 2918
13: 2557
14: 2139
15: 1051
16: 9
17: 0
18: 0
=================
Max stash size is: 151
Average stash size is: 60.933
Average mem q size is: 95.6778
Total mem q size is:5969244
mem_q_sample_times is:62389
useful_read_pull_ddr: 613620 (1.14685) %
dummy_read_pull_ddr: 12384348 (23.1461) %
useful_early_pull_ddr: 536611 (1.00292) %
useful_early_push_ddr: 162959 (0.304568) %
useful_write_pull_ddr: 10041940 (18.7682) %
useful_write_push_ddr: 3311180 (6.18854) %
dummy_early_pull_ddr: 76426 (0.142839) %
dummy_early_push_ddr: 1387664 (2.59352) %
dummy_write_pull_ddr: 356268 (0.665859) %
dummy_write_push_ddr: 24634004 (46.0405) %
=================
Stash violation number of times: 0
=================
Check NodeID traffic: 4667740
Update NodeID traffic: 0
=================
Read RS lines: 812373 (83.6378) %
Write RS lines: 81236 (8.36364) %
Early RS lines: 77690 (7.99857) %
Read DDR lines: 12997968 (24.293) %
Write DDR lines: 38343392 (71.6632) %
Early DDR lines: 2163660 (4.04384) %

====*** pos2 ***====
Stall reason distribution: 
mc_hazard: 0
normal: 0
rs_hazard: 0
rw_swtich: 0
Early reshuffle distribution: 
0: 0
1: 719
2: 1936
3: 2574
4: 2871
5: 3031
6: 3128
7: 3199
8: 3125
9: 3100
10: 3102
11: 3038
12: 2932
13: 2655
14: 2163
15: 1042
=================
Max stash size is: 126
Average stash size is: 46.6495
Average mem q size is: 88.6164
Total mem q size is:4253142
mem_q_sample_times is:47995
useful_read_pull_ddr: 484479 (1.10429) %
dummy_read_pull_ddr: 10076370 (22.9674) %
useful_early_pull_ddr: 532743 (1.2143) %
useful_early_push_ddr: 120083 (0.273709) %
useful_write_pull_ddr: 8060483 (18.3725) %
useful_write_push_ddr: 2409721 (5.49256) %
dummy_early_pull_ddr: 78577 (0.179103) %
dummy_early_push_ddr: 1426197 (3.25078) %
dummy_write_pull_ddr: 388061 (0.884521) %
dummy_write_push_ddr: 20295741 (46.2608) %
=================
Stash violation number of times: 0
=================
Check NodeID traffic: 1267885
Update NodeID traffic: 0
=================
Read RS lines: 812373 (83.6774) %
Write RS lines: 81236 (8.36761) %
Early RS lines: 77230 (7.95498) %
Read DDR lines: 10560849 (24.0717) %
Write DDR lines: 31154006 (71.0104) %
Early DDR lines: 2157600 (4.91789) %
=================
The final DRAM clk is: 1024220015 ticks.
Idle waiting clk is 126355459, which is 12.3367 %
DRAM Frequency is: 1600MHz
The final time in ns is: 6.40138e+08 ns.
Time distribution: 
Data pull time is: 0
data: 0
pos1: 0
pos2: 0
Data distribution: 
Pos2 data: 43872455
Pos1 data: 53505020
Data: 61420594
Node access DDR: 7726428
Pull DDR: 15028227
WB DDR: 44334547
Early DDR: 2057820
Achieved BW is: 60.2275 GB/s
Ideal BW is: 102.4 GB/s
Metadata cache conclusion: 
overall_hit: 11967357 overall_total: 19693695
Cache Size 64 KB Overall Hit rate: 60.7675 %. 
Simulation done. Statistics written to results_all/graphsearch_output.txt
