Valid leaf ID range: 2097151:4194302
Num of top nodes: 2097152
Data level num of ways: 2097152
Z: 16
S: 27
A: 20
cached_total: 1
cached_total: 3
cached_total: 7
cached_total: 15
Total number of ORAM protected cache line blocks: 2097152
Cached number of levels: 3
Max number of levels: 22
Start lvl is: 0
data valid leaf right: 4194303
data num of levels: 22
data level num of ways: 2097152
data number of sets: 1
Cached node ID: 0 -- 11
Address space: 0 - 4 GB
pos1 valid leaf right: 524287
pos1 num of levels: 19
pos1 level num of ways: 262144
pos1 number of sets: 1
Cached node ID: 0 -- 1
Address space: 0 - 0.5 GB
pos2 valid leaf right: 65535
pos2 num of levels: 16
pos2 level num of ways: 32768
pos2 number of sets: 1
Cached node ID: 0 -- 0
Address space: 0 - 0.0625 GB
new addr: 0
(myrs->posMap.find(new_addr) != myrs->posMap.end()): 1
(myrs->posMap[new_addr].pending): 0
myrs->posMap[new_addr] = 0
#2 ID 0 set true here
Clk3 @ 1000000 Finished 727 instructions 
Clk3 @ 2000000 Finished 1447 instructions 
Clk3 @ 3000000 Finished 2196 instructions 
Clk3 @ 4000000 Finished 2947 instructions 
Clk3 @ 5000000 Finished 3707 instructions 
Clk3 @ 6000000 Finished 4447 instructions 
Sampling stash size at 4999 req has local max stash size of: 131
Clk3 @ 7000000 Finished 5207 instructions 
Clk7 @ 8000000 Finished 5976 instructions 
Clk3 @ 9000000 Finished 6747 instructions 
Clk3 @ 10000000 Finished 7507 instructions 
Clk3 @ 11000000 Finished 8260 instructions 
Clk3 @ 12000000 Finished 9027 instructions 
Clk3 @ 13000000 Finished 9807 instructions 
Clk@ 13245106 Working on the # 10000 th memory instruction
Sampling stash size at 9999 req has local max stash size of: 144
Clk3 @ 14000000 Finished 10587 instructions 
Clk3 @ 15000000 Finished 11367 instructions 
Clk3 @ 16000000 Finished 12147 instructions 
Clk3 @ 17000000 Finished 12941 instructions 
Clk3 @ 18000000 Finished 13727 instructions 
Clk3 @ 19000000 Finished 14507 instructions 
Sampling stash size at 14999 req has local max stash size of: 153
Clk3 @ 20000000 Finished 15287 instructions 
Clk3 @ 21000000 Finished 16047 instructions 
Clk3 @ 22000000 Finished 16827 instructions 
Clk3 @ 23000000 Finished 17627 instructions 
Clk3 @ 24000000 Finished 18419 instructions 
Clk3 @ 25000000 Finished 19207 instructions 
Clk3 @ 26000000 Finished 19987 instructions 
Clk@ 26018875 Working on the # 20000 th memory instruction
Sampling stash size at 19999 req has local max stash size of: 157
Clk3 @ 27000000 Finished 20763 instructions 
Clk3 @ 28000000 Finished 21555 instructions 
Clk3 @ 29000000 Finished 22347 instructions 
Clk3 @ 30000000 Finished 23124 instructions 
Clk3 @ 31000000 Finished 23907 instructions 
Clk3 @ 32000000 Finished 24702 instructions 
Sampling stash size at 24999 req has local max stash size of: 168
Clk3 @ 33000000 Finished 25487 instructions 
Clk3 @ 34000000 Finished 26287 instructions 
Clk3 @ 35000000 Finished 27063 instructions 
Clk3 @ 36000000 Finished 27848 instructions 
Clk7 @ 37000000 Finished 28627 instructions 
Clk3 @ 38000000 Finished 29427 instructions 
Clk@ 38735356 Working on the # 30000 th memory instruction
Sampling stash size at 29999 req has local max stash size of: 169
Clk3 @ 39000000 Finished 30190 instructions 
Clk3 @ 40000000 Finished 30942 instructions 
Clk3 @ 41000000 Finished 31707 instructions 
Clk3 @ 42000000 Finished 32489 instructions 
Clk3 @ 43000000 Finished 33307 instructions 
Clk3 @ 44000000 Finished 34106 instructions 
Clk3 @ 45000000 Finished 34883 instructions 
Sampling stash size at 34999 req has local max stash size of: 167
Clk3 @ 46000000 Finished 35687 instructions 
Clk3 @ 47000000 Finished 36481 instructions 
Clk3 @ 48000000 Finished 37283 instructions 
Clk3 @ 49000000 Finished 38083 instructions 
Clk3 @ 50000000 Finished 38847 instructions 
Clk3 @ 51000000 Finished 39647 instructions 
Clk@ 51443293 Working on the # 40000 th memory instruction
Sampling stash size at 39999 req has local max stash size of: 171
Clk3 @ 52000000 Finished 40447 instructions 
Clk3 @ 53000000 Finished 41247 instructions 
Clk3 @ 54000000 Finished 42044 instructions 
Clk7 @ 55000000 Finished 42829 instructions 
Clk3 @ 56000000 Finished 43627 instructions 
Clk3 @ 57000000 Finished 44447 instructions 
Sampling stash size at 44999 req has local max stash size of: 180
Clk3 @ 58000000 Finished 45227 instructions 
Clk3 @ 59000000 Finished 46025 instructions 
Clk3 @ 60000000 Finished 46787 instructions 
Clk3 @ 61000000 Finished 47587 instructions 
Clk7 @ 62000000 Finished 48402 instructions 
Clk3 @ 63000000 Finished 49187 instructions 
Clk3 @ 64000000 Finished 49987 instructions 
Clk@ 64009112 Working on the # 50000 th memory instruction
Sampling stash size at 49999 req has local max stash size of: 178
Clk3 @ 65000000 Finished 50787 instructions 
Clk3 @ 66000000 Finished 51587 instructions 
Clk3 @ 67000000 Finished 52387 instructions 
Clk3 @ 68000000 Finished 53184 instructions 
Clk3 @ 69000000 Finished 53975 instructions 
Clk3 @ 70000000 Finished 54767 instructions 
Sampling stash size at 54999 req has local max stash size of: 174
Clk3 @ 71000000 Finished 55567 instructions 
Clk3 @ 72000000 Finished 56383 instructions 
Clk3 @ 73000000 Finished 57179 instructions 
Clk3 @ 74000000 Finished 57967 instructions 
Clk3 @ 75000000 Finished 58767 instructions 
Clk3 @ 76000000 Finished 59567 instructions 
Clk@ 76549267 Working on the # 60000 th memory instruction
Sampling stash size at 59999 req has local max stash size of: 177
Clk3 @ 77000000 Finished 60342 instructions 
Clk7 @ 78000000 Finished 61104 instructions 
Clk3 @ 79000000 Finished 61867 instructions 
Warm up done after line access count: 62500 out of 125000 (50 %)
Clk7 @ 80000000 Finished 62640 instructions 
Clk3 @ 81000000 Finished 63445 instructions 
Clk3 @ 82000000 Finished 64227 instructions 
Sampling stash size at 64999 req has local max stash size of: 184
Clk3 @ 83000000 Finished 65027 instructions 
Clk3 @ 84000000 Finished 65818 instructions 
Clk3 @ 85000000 Finished 66615 instructions 
Clk3 @ 86000000 Finished 67427 instructions 
Clk3 @ 87000000 Finished 68227 instructions 
Clk3 @ 88000000 Finished 69025 instructions 
Clk3 @ 89000000 Finished 69807 instructions 
Clk@ 89228862 Working on the # 70000 th memory instruction
Sampling stash size at 69999 req has local max stash size of: 179
Clk7 @ 90000000 Finished 70614 instructions 
Clk3 @ 91000000 Finished 71427 instructions 
Clk3 @ 92000000 Finished 72227 instructions 
Clk3 @ 93000000 Finished 73027 instructions 
Clk3 @ 94000000 Finished 73827 instructions 
Clk3 @ 95000000 Finished 74627 instructions 
Sampling stash size at 74999 req has local max stash size of: 187
Clk3 @ 96000000 Finished 75427 instructions 
Clk3 @ 97000000 Finished 76213 instructions 
Clk3 @ 98000000 Finished 76987 instructions 
Clk3 @ 99000000 Finished 77775 instructions 
Clk3 @ 100000000 Finished 78584 instructions 
Clk3 @ 101000000 Finished 79375 instructions 
Clk@ 101775055 Working on the # 80000 th memory instruction
Sampling stash size at 79999 req has local max stash size of: 187
Clk3 @ 102000000 Finished 80179 instructions 
Clk3 @ 103000000 Finished 80981 instructions 
Clk3 @ 104000000 Finished 81767 instructions 
Clk3 @ 105000000 Finished 82567 instructions 
Clk3 @ 106000000 Finished 83367 instructions 
Clk3 @ 107000000 Finished 84167 instructions 
Clk7 @ 108000000 Finished 84967 instructions 
Sampling stash size at 84999 req has local max stash size of: 187
Clk3 @ 109000000 Finished 85741 instructions 
Clk3 @ 110000000 Finished 86527 instructions 
Clk3 @ 111000000 Finished 87327 instructions 
Clk7 @ 112000000 Finished 88124 instructions 
Clk3 @ 113000000 Finished 88927 instructions 
Clk3 @ 114000000 Finished 89707 instructions 
Clk@ 114369255 Working on the # 90000 th memory instruction
Sampling stash size at 89999 req has local max stash size of: 186
Clk3 @ 115000000 Finished 90507 instructions 
Clk7 @ 116000000 Finished 91295 instructions 
Clk3 @ 117000000 Finished 92087 instructions 
Clk3 @ 118000000 Finished 92865 instructions 
Clk3 @ 119000000 Finished 93615 instructions 
Clk3 @ 120000000 Finished 94427 instructions 
Sampling stash size at 94999 req has local max stash size of: 192
Clk3 @ 121000000 Finished 95246 instructions 
Clk3 @ 122000000 Finished 96027 instructions 
Clk3 @ 123000000 Finished 96827 instructions 
Clk3 @ 124000000 Finished 97616 instructions 
Clk3 @ 125000000 Finished 98422 instructions 
Clk3 @ 126000000 Finished 99207 instructions 
Clk@ 126985429 Working on the # 100000 th memory instruction
Sampling stash size at 99999 req has local max stash size of: 196
Clk3 @ 127000000 Finished 100007 instructions 
Clk3 @ 128000000 Finished 100807 instructions 
Clk3 @ 129000000 Finished 101607 instructions 
Clk7 @ 130000000 Finished 102415 instructions 
Clk3 @ 131000000 Finished 103224 instructions 
Clk3 @ 132000000 Finished 104026 instructions 
Clk3 @ 133000000 Finished 104807 instructions 
Sampling stash size at 104999 req has local max stash size of: 188
Clk3 @ 134000000 Finished 105607 instructions 
Clk3 @ 135000000 Finished 106403 instructions 
Clk3 @ 136000000 Finished 107187 instructions 
Clk3 @ 137000000 Finished 107993 instructions 
Clk3 @ 138000000 Finished 108767 instructions 
Clk7 @ 139000000 Finished 109574 instructions 
Clk@ 139523944 Working on the # 110000 th memory instruction
Sampling stash size at 109999 req has local max stash size of: 185
Clk7 @ 140000000 Finished 110379 instructions 
Clk3 @ 141000000 Finished 111187 instructions 
Clk3 @ 142000000 Finished 111987 instructions 
Clk3 @ 143000000 Finished 112773 instructions 
Clk3 @ 144000000 Finished 113567 instructions 
Clk7 @ 145000000 Finished 114366 instructions 
Sampling stash size at 114999 req has local max stash size of: 190
Clk3 @ 146000000 Finished 115167 instructions 
Clk3 @ 147000000 Finished 115958 instructions 
Clk3 @ 148000000 Finished 116746 instructions 
Clk3 @ 149000000 Finished 117544 instructions 
Clk3 @ 150000000 Finished 118327 instructions 
Clk3 @ 151000000 Finished 119116 instructions 
Clk3 @ 152000000 Finished 119907 instructions 
Clk@ 152108185 Working on the # 120000 th memory instruction
Sampling stash size at 119999 req has local max stash size of: 197
Clk3 @ 153000000 Finished 120687 instructions 
Clk3 @ 154000000 Finished 121447 instructions 
Clk3 @ 155000000 Finished 122186 instructions 
Clk3 @ 156000000 Finished 122940 instructions 
Clk3 @ 157000000 Finished 123702 instructions 
Clk3 @ 158000000 Finished 124467 instructions 
Sampling stash size at 124999 req has local max stash size of: 191

===*** Data ***====
Stall reason distribution: 
mc_hazard: 0
normal: 0
rs_hazard: 0
rw_swtich: 0
Early reshuffle distribution: 
0: 0
1: 0
2: 0
3: 193
4: 446
5: 484
6: 501
7: 507
8: 512
9: 472
10: 431
11: 382
12: 232
13: 17
14: 0
15: 0
16: 0
17: 0
18: 0
19: 0
20: 0
21: 0
=================
Max stash size is: 197
Average stash size is: 96.2126
Average mem q size is: 154.792
Total mem q size is:21958811
mem_q_sample_times is:141860
useful_read_pull_ddr: 62507 (1.30829) %
dummy_read_pull_ddr: 1093924 (22.8962) %
useful_early_pull_ddr: 37888 (0.793009) %
useful_early_push_ddr: 22246 (0.465617) %
useful_write_pull_ddr: 925163 (19.364) %
useful_write_push_ddr: 398869 (8.34847) %
dummy_early_pull_ddr: 2368 (0.0495631) %
dummy_early_push_ddr: 79578 (1.6656) %
dummy_write_pull_ddr: 133 (0.00278374) %
dummy_write_push_ddr: 2155073 (45.1065) %
=================
Stash violation number of times: 0
=================
Check NodeID traffic: 593772
Update NodeID traffic: 3
=================
Read RS lines: 125000 (85.7021) %
Write RS lines: 12500 (8.57021) %
Early RS lines: 8354 (5.72765) %
Read DDR lines: 2312576 (24.641) %
Write DDR lines: 6821875 (72.6886) %
Early DDR lines: 250620 (2.67041) %

====*** pos1 ***====
Stall reason distribution: 
mc_hazard: 0
normal: 0
rs_hazard: 0
rw_swtich: 0
Early reshuffle distribution: 
0: 0
1: 124
2: 314
3: 421
4: 457
5: 448
6: 472
7: 496
8: 477
9: 445
10: 403
11: 365
12: 212
13: 14
14: 0
15: 0
16: 0
17: 0
18: 0
=================
Max stash size is: 49
Average stash size is: 20.2107
Average mem q size is: 95.4229
Total mem q size is:913579
mem_q_sample_times is:9574
useful_read_pull_ddr: 16085 (0.197299) %
dummy_read_pull_ddr: 1983915 (24.3348) %
useful_early_pull_ddr: 67326 (0.825822) %
useful_early_push_ddr: 5157 (0.0632559) %
useful_write_pull_ddr: 1599385 (19.6181) %
useful_write_push_ddr: 179386 (2.20035) %
dummy_early_pull_ddr: 4244 (0.052057) %
dummy_early_push_ddr: 175873 (2.15726) %
dummy_write_pull_ddr: 615 (0.00754361) %
dummy_write_push_ddr: 4120614 (50.5436) %
=================
Stash violation number of times: 0
=================
Check NodeID traffic: 719261
Update NodeID traffic: 0
=================
Read RS lines: 125000 (85.1522) %
Write RS lines: 12500 (8.51522) %
Early RS lines: 9296 (6.3326) %
Read DDR lines: 2000000 (24.5321) %
Write DDR lines: 5900000 (72.3696) %
Early DDR lines: 252600 (3.0984) %

====*** pos2 ***====
Stall reason distribution: 
mc_hazard: 0
normal: 0
rs_hazard: 0
rw_swtich: 0
Early reshuffle distribution: 
0: 0
1: 123
2: 294
3: 404
4: 466
5: 453
6: 449
7: 471
8: 483
9: 454
10: 411
11: 365
12: 239
13: 12
14: 0
15: 0
=================
Max stash size is: 25
Average stash size is: 11.4033
Average mem q size is: 87.0977
Total mem q size is:632155
mem_q_sample_times is:7258
useful_read_pull_ddr: 2739 (0.0410573) %
dummy_read_pull_ddr: 1622261 (24.3175) %
useful_early_pull_ddr: 67233 (1.00781) %
useful_early_push_ddr: 691 (0.010358) %
useful_write_pull_ddr: 1299116 (19.4736) %
useful_write_push_ddr: 110297 (1.65334) %
dummy_early_pull_ddr: 4286 (0.0642466) %
dummy_early_push_ddr: 180210 (2.70133) %
dummy_write_pull_ddr: 884 (0.013251) %
dummy_write_push_ddr: 3383453 (50.7175) %
=================
Stash violation number of times: 0
=================
Check NodeID traffic: 195586
Update NodeID traffic: 0
=================
Read RS lines: 125000 (85.18) %
Write RS lines: 12500 (8.518) %
Early RS lines: 9248 (6.30196) %
Read DDR lines: 1625000 (24.3585) %
Write DDR lines: 4793750 (71.8577) %
Early DDR lines: 252420 (3.78374) %
=================
The final DRAM clk is: 158692068 ticks.
Idle waiting clk is 19159728, which is 12.0735 %
DRAM Frequency is: 1600MHz
The final time in ns is: 9.91825e+07 ns.
Time distribution: 
Data pull time is: 0
data: 0
pos1: 0
pos2: 0
Data distribution: 
Pos2 data: 6671170
Pos1 data: 8152600
Data: 9385071
Node access DDR: 1187544
Pull DDR: 2312576
WB DDR: 6821875
Early DDR: 250620
Achieved BW is: 59.3699 GB/s
Ideal BW is: 102.4 GB/s
Metadata cache conclusion: 
overall_hit: 1841240 overall_total: 3029177
Cache Size 64 KB Overall Hit rate: 60.7835 %. 
Simulation done. Statistics written to results_all/stream_addr_output.txt
