Valid leaf ID range: 1048575:2097150
Num of top nodes: 1048576
Data level num of ways: 1048576
Z: 16
S: 27
A: 20
cached_total: 1
cached_total: 3
cached_total: 7
Total number of ORAM protected cache line blocks: 1048576
Cached number of levels: 2
Max number of levels: 21
Start lvl is: 0
data valid leaf right: 2097151
data num of levels: 21
data level num of ways: 1048576
data number of sets: 1
Cached node ID: 0 -- 5
Address space: 0 - 4 GB
pos1 valid leaf right: 262143
pos1 num of levels: 18
pos1 level num of ways: 131072
pos1 number of sets: 1
Cached node ID: 0 -- 0
Address space: 0 - 0.5 GB
pos2 valid leaf right: 32767
pos2 num of levels: 15
pos2 level num of ways: 16384
pos2 number of sets: 1
Cached node ID: 0 -- 0
Address space: 0 - 0.0625 GB
new addr: 0
(myrs->posMap.find(new_addr) != myrs->posMap.end()): 1
(myrs->posMap[new_addr].pending): 0
myrs->posMap[new_addr] = 0
#2 ID 0 set true here
Clk3 @ 1000000 Finished 447 instructions 
Clk3 @ 2000000 Finished 869 instructions 
Clk3 @ 3000000 Finished 1307 instructions 
Clk7 @ 4000000 Finished 1727 instructions 
Clk3 @ 5000000 Finished 2167 instructions 
Clk3 @ 6000000 Finished 2606 instructions 
Clk3 @ 7000000 Finished 3027 instructions 
Clk3 @ 8000000 Finished 3467 instructions 
Clk3 @ 9000000 Finished 3887 instructions 
Clk3 @ 10000000 Finished 4327 instructions 
Clk3 @ 11000000 Finished 4767 instructions 
Sampling stash size at 4999 req has local max stash size of: 141
Clk3 @ 12000000 Finished 5187 instructions 
Clk3 @ 13000000 Finished 5627 instructions 
Clk3 @ 14000000 Finished 6047 instructions 
Clk3 @ 15000000 Finished 6487 instructions 
Clk7 @ 16000000 Finished 6921 instructions 
Clk7 @ 17000000 Finished 7351 instructions 
Clk3 @ 18000000 Finished 7767 instructions 
Clk3 @ 19000000 Finished 8207 instructions 
Clk7 @ 20000000 Finished 8628 instructions 
Clk3 @ 21000000 Finished 9067 instructions 
Clk3 @ 22000000 Finished 9507 instructions 
Clk3 @ 23000000 Finished 9927 instructions 
Clk@ 23151334 Working on the # 10000 th memory instruction
Sampling stash size at 9999 req has local max stash size of: 148
Clk3 @ 24000000 Finished 10367 instructions 
Clk3 @ 25000000 Finished 10787 instructions 
Clk3 @ 26000000 Finished 11227 instructions 
Clk3 @ 27000000 Finished 11667 instructions 
Clk3 @ 28000000 Finished 12089 instructions 
Clk3 @ 29000000 Finished 12527 instructions 
Clk3 @ 30000000 Finished 12967 instructions 
Clk7 @ 31000000 Finished 13404 instructions 
Clk3 @ 32000000 Finished 13827 instructions 
Clk3 @ 33000000 Finished 14267 instructions 
Clk3 @ 34000000 Finished 14687 instructions 
Sampling stash size at 14999 req has local max stash size of: 163
Clk3 @ 35000000 Finished 15127 instructions 
Clk3 @ 36000000 Finished 15547 instructions 
Clk7 @ 37000000 Finished 15968 instructions 
Clk3 @ 38000000 Finished 16407 instructions 
Clk3 @ 39000000 Finished 16847 instructions 
Clk3 @ 40000000 Finished 17282 instructions 
Clk3 @ 41000000 Finished 17707 instructions 
Clk3 @ 42000000 Finished 18132 instructions 
Clk3 @ 43000000 Finished 18567 instructions 
Clk3 @ 44000000 Finished 19007 instructions 
Clk3 @ 45000000 Finished 19447 instructions 
Clk3 @ 46000000 Finished 19887 instructions 
Clk@ 46271941 Working on the # 20000 th memory instruction
Sampling stash size at 19999 req has local max stash size of: 162
Clk3 @ 47000000 Finished 20307 instructions 
Clk3 @ 48000000 Finished 20747 instructions 
Clk3 @ 49000000 Finished 21183 instructions 
Clk3 @ 50000000 Finished 21607 instructions 
Clk3 @ 51000000 Finished 22047 instructions 
Clk3 @ 52000000 Finished 22487 instructions 
Clk3 @ 53000000 Finished 22916 instructions 
Clk3 @ 54000000 Finished 23347 instructions 
Clk3 @ 55000000 Finished 23774 instructions 
Clk3 @ 56000000 Finished 24207 instructions 
Clk3 @ 57000000 Finished 24647 instructions 
Sampling stash size at 24999 req has local max stash size of: 178
Clk3 @ 58000000 Finished 25087 instructions 
Clk3 @ 59000000 Finished 25507 instructions 
Clk3 @ 60000000 Finished 25947 instructions 
Clk3 @ 61000000 Finished 26387 instructions 
Clk3 @ 62000000 Finished 26827 instructions 
Clk3 @ 63000000 Finished 27237 instructions 
Clk3 @ 64000000 Finished 27667 instructions 
Clk3 @ 65000000 Finished 28107 instructions 
Clk3 @ 66000000 Finished 28538 instructions 
Clk3 @ 67000000 Finished 28967 instructions 
Clk3 @ 68000000 Finished 29401 instructions 
Clk3 @ 69000000 Finished 29827 instructions 
Clk@ 69374813 Working on the # 30000 th memory instruction
Sampling stash size at 29999 req has local max stash size of: 170
Clk3 @ 70000000 Finished 30267 instructions 
Clk3 @ 71000000 Finished 30707 instructions 
Clk3 @ 72000000 Finished 31127 instructions 
Warm up done after line access count: 31250 out of 62500 (50 %)
Clk3 @ 73000000 Finished 31547 instructions 
Clk3 @ 74000000 Finished 31967 instructions 
Clk3 @ 75000000 Finished 32407 instructions 
Clk3 @ 76000000 Finished 32847 instructions 
Clk7 @ 77000000 Finished 33273 instructions 
Clk3 @ 78000000 Finished 33707 instructions 
Clk3 @ 79000000 Finished 34147 instructions 
Clk3 @ 80000000 Finished 34567 instructions 
Sampling stash size at 34999 req has local max stash size of: 169
Clk3 @ 81000000 Finished 35007 instructions 
Clk7 @ 82000000 Finished 35439 instructions 
Clk3 @ 83000000 Finished 35881 instructions 
Clk3 @ 84000000 Finished 36307 instructions 
Clk3 @ 85000000 Finished 36747 instructions 
Clk3 @ 86000000 Finished 37167 instructions 
Clk3 @ 87000000 Finished 37607 instructions 
Clk3 @ 88000000 Finished 38047 instructions 
Clk3 @ 89000000 Finished 38467 instructions 
Clk7 @ 90000000 Finished 38887 instructions 
Clk3 @ 91000000 Finished 39327 instructions 
Clk3 @ 92000000 Finished 39748 instructions 
Clk@ 92552503 Working on the # 40000 th memory instruction
Sampling stash size at 39999 req has local max stash size of: 175
Clk3 @ 93000000 Finished 40187 instructions 
Clk3 @ 94000000 Finished 40627 instructions 
Clk3 @ 95000000 Finished 41047 instructions 
Clk3 @ 96000000 Finished 41467 instructions 
Clk3 @ 97000000 Finished 41907 instructions 
Clk3 @ 98000000 Finished 42330 instructions 
Clk3 @ 99000000 Finished 42767 instructions 
Clk3 @ 100000000 Finished 43207 instructions 
Clk3 @ 101000000 Finished 43647 instructions 
Clk3 @ 102000000 Finished 44087 instructions 
Clk3 @ 103000000 Finished 44527 instructions 
Clk3 @ 104000000 Finished 44959 instructions 
Sampling stash size at 44999 req has local max stash size of: 171
Clk3 @ 105000000 Finished 45400 instructions 
Clk7 @ 106000000 Finished 45827 instructions 
Clk3 @ 107000000 Finished 46267 instructions 
Clk3 @ 108000000 Finished 46707 instructions 
Clk3 @ 109000000 Finished 47127 instructions 
Clk3 @ 110000000 Finished 47567 instructions 
Clk3 @ 111000000 Finished 48005 instructions 
Clk3 @ 112000000 Finished 48427 instructions 
Clk3 @ 113000000 Finished 48867 instructions 
Clk7 @ 114000000 Finished 49306 instructions 
Clk3 @ 115000000 Finished 49747 instructions 
Clk@ 115584162 Working on the # 50000 th memory instruction
Sampling stash size at 49999 req has local max stash size of: 188
Clk3 @ 116000000 Finished 50187 instructions 
Clk3 @ 117000000 Finished 50607 instructions 
Clk3 @ 118000000 Finished 51047 instructions 
Clk3 @ 119000000 Finished 51487 instructions 
Clk3 @ 120000000 Finished 51927 instructions 
Clk3 @ 121000000 Finished 52367 instructions 
Clk3 @ 122000000 Finished 52807 instructions 
Clk3 @ 123000000 Finished 53247 instructions 
Clk3 @ 124000000 Finished 53687 instructions 
Clk3 @ 125000000 Finished 54127 instructions 
Clk3 @ 126000000 Finished 54547 instructions 
Clk3 @ 127000000 Finished 54987 instructions 
Sampling stash size at 54999 req has local max stash size of: 183
Clk3 @ 128000000 Finished 55427 instructions 
Clk3 @ 129000000 Finished 55887 instructions 
Clk7 @ 130000000 Finished 56320 instructions 
Clk3 @ 131000000 Finished 56747 instructions 
Clk3 @ 132000000 Finished 57187 instructions 
Clk3 @ 133000000 Finished 57607 instructions 
Clk3 @ 134000000 Finished 58047 instructions 
Clk3 @ 135000000 Finished 58487 instructions 
Clk3 @ 136000000 Finished 58907 instructions 
Clk7 @ 137000000 Finished 59338 instructions 
Clk3 @ 138000000 Finished 59767 instructions 
Clk@ 138518685 Working on the # 60000 th memory instruction
Sampling stash size at 59999 req has local max stash size of: 175
Clk3 @ 139000000 Finished 60207 instructions 
Clk7 @ 140000000 Finished 60632 instructions 
Clk3 @ 141000000 Finished 61067 instructions 
Clk3 @ 142000000 Finished 61496 instructions 
Clk3 @ 143000000 Finished 61927 instructions 
Clk3 @ 144000000 Finished 62347 instructions 

===*** Data ***====
Stall reason distribution: 
mc_hazard: 0
normal: 0
rs_hazard: 0
rw_swtich: 0
Early reshuffle distribution: 
0: 0
1: 0
2: 89
3: 211
4: 206
5: 225
6: 226
7: 252
8: 239
9: 204
10: 178
11: 101
12: 4
13: 0
14: 0
15: 0
16: 0
17: 0
18: 0
19: 0
20: 0
=================
Max stash size is: 188
Average stash size is: 92.4403
Average mem q size is: 173.889
Total mem q size is:23775030
mem_q_sample_times is:136725
useful_read_pull_ddr: 31257 (1.31127) %
dummy_read_pull_ddr: 547098 (22.9514) %
useful_early_pull_ddr: 17536 (0.735655) %
useful_early_push_ddr: 10627 (0.445815) %
useful_write_pull_ddr: 462573 (19.4055) %
useful_write_push_ddr: 199061 (8.35083) %
dummy_early_pull_ddr: 1096 (0.0459784) %
dummy_early_push_ddr: 36501 (1.53126) %
dummy_write_pull_ddr: 67 (0.00281073) %
dummy_write_push_ddr: 1077910 (45.2195) %
=================
Stash violation number of times: 0
=================
Check NodeID traffic: 258838
Update NodeID traffic: 1
=================
Read RS lines: 62500 (86.0644) %
Write RS lines: 6250 (8.60644) %
Early RS lines: 3870 (5.32911) %
Read DDR lines: 1156400 (24.6914) %
Write DDR lines: 3410908 (72.8296) %
Early DDR lines: 116100 (2.47896) %

====*** pos1 ***====
Stall reason distribution: 
mc_hazard: 0
normal: 0
rs_hazard: 0
rw_swtich: 0
Early reshuffle distribution: 
0: 0
1: 62
2: 162
3: 209
4: 208
5: 217
6: 237
7: 214
8: 244
9: 203
10: 157
11: 108
12: 8
13: 0
14: 0
15: 0
16: 0
17: 0
=================
Max stash size is: 45
Average stash size is: 20.4096
Average mem q size is: 93.8611
Total mem q size is:414960
mem_q_sample_times is:4421
useful_read_pull_ddr: 8038 (0.210892) %
dummy_read_pull_ddr: 929462 (24.3862) %
useful_early_pull_ddr: 28861 (0.757223) %
useful_early_push_ddr: 2136 (0.056042) %
useful_write_pull_ddr: 749708 (19.67) %
useful_write_push_ddr: 85665 (2.24758) %
dummy_early_pull_ddr: 1824 (0.0478561) %
dummy_early_push_ddr: 75479 (1.98034) %
dummy_write_pull_ddr: 292 (0.00766118) %
dummy_write_push_ddr: 1929960 (50.6362) %
=================
Stash violation number of times: 0
=================
Check NodeID traffic: 276298
Update NodeID traffic: 0
=================
Read RS lines: 62500 (85.8422) %
Write RS lines: 6250 (8.58422) %
Early RS lines: 4058 (5.57356) %
Read DDR lines: 937500 (24.5971) %
Write DDR lines: 2765625 (72.5614) %
Early DDR lines: 108300 (2.84146) %

====*** pos2 ***====
Stall reason distribution: 
mc_hazard: 0
normal: 0
rs_hazard: 0
rw_swtich: 0
Early reshuffle distribution: 
0: 0
1: 56
2: 162
3: 209
4: 217
5: 232
6: 220
7: 217
8: 230
9: 197
10: 180
11: 114
12: 6
13: 0
14: 0
=================
Max stash size is: 24
Average stash size is: 11.8536
Average mem q size is: 87.688
Total mem q size is:283583
mem_q_sample_times is:3234
useful_read_pull_ddr: 1364 (0.0444036) %
dummy_read_pull_ddr: 748636 (24.3711) %
useful_early_pull_ddr: 29114 (0.947777) %
useful_early_push_ddr: 265 (0.00862681) %
useful_write_pull_ddr: 599555 (19.5179) %
useful_write_push_ddr: 54668 (1.77966) %
dummy_early_pull_ddr: 1860 (0.0605504) %
dummy_early_push_ddr: 78081 (2.54185) %
dummy_write_pull_ddr: 445 (0.0144865) %
dummy_write_push_ddr: 1557832 (50.7136) %
=================
Stash violation number of times: 0
=================
Check NodeID traffic: 1024
Update NodeID traffic: 0
=================
Read RS lines: 62500 (85.8163) %
Write RS lines: 6250 (8.58163) %
Early RS lines: 4080 (5.60209) %
Read DDR lines: 750000 (24.4155) %
Write DDR lines: 2212500 (72.0257) %
Early DDR lines: 109320 (3.5588) %
=================
The final DRAM clk is: 144380289 ticks.
Idle waiting clk is 9164524, which is 6.34749 %
DRAM Frequency is: 1600MHz
The final time in ns is: 9.02377e+07 ns.
Time distribution: 
Data pull time is: 0
data: 0
pos1: 0
pos2: 0
Data distribution: 
Pos2 data: 3071820
Pos1 data: 3811425
Data: 4683408
Node access DDR: 517676
Pull DDR: 1156400
WB DDR: 3410908
Early DDR: 116100
Achieved BW is: 58.5924 GB/s
Ideal BW is: 102.4 GB/s
Metadata cache conclusion: 
overall_hit: 927631 overall_total: 1445685
Cache Size 64 KB Overall Hit rate: 64.1655 %. 
Simulation done. Statistics written to results_all/stream_addr_output.txt
