Valid leaf ID range: 16777215:33554430
Num of top nodes: 16777216
Data level num of ways: 16777216
Z: 16
S: 27
A: 20
cached_total: 1
cached_total: 3
cached_total: 7
cached_total: 15
cached_total: 31
cached_total: 63
cached_total: 127
Total number of ORAM protected cache line blocks: 16777216
Cached number of levels: 6
Max number of levels: 25
Start lvl is: 0
data valid leaf right: 33554431
data num of levels: 25
data level num of ways: 16777216
data number of sets: 1
Cached node ID: 0 -- 95
Address space: 0 - 4 GB
pos1 valid leaf right: 4194303
pos1 num of levels: 22
pos1 level num of ways: 2097152
pos1 number of sets: 1
Cached node ID: 0 -- 11
Address space: 0 - 0.5 GB
pos2 valid leaf right: 524287
pos2 num of levels: 19
pos2 level num of ways: 262144
pos2 number of sets: 1
Cached node ID: 0 -- 5
Address space: 0 - 0.0625 GB
Clk3 @ 1000000 Finished 2135 instructions 
Clk3 @ 2000000 Finished 4402 instructions 
Clk3 @ 3000000 Finished 6764 instructions 
Clk3 @ 4000000 Finished 9113 instructions 
Clk@ 4376107 Working on the # 10000 th memory instruction
Sampling stash size at 9999 req has local max stash size of: 146
Clk3 @ 5000000 Finished 11502 instructions 
Clk7 @ 6000000 Finished 13947 instructions 
Clk3 @ 7000000 Finished 16335 instructions 
Clk3 @ 8000000 Finished 18788 instructions 
Clk@ 8501711 Working on the # 20000 th memory instruction
Sampling stash size at 19999 req has local max stash size of: 158
Clk3 @ 9000000 Finished 21209 instructions 
Clk3 @ 10000000 Finished 23644 instructions 
Clk3 @ 11000000 Finished 26127 instructions 
Clk3 @ 12000000 Finished 28584 instructions 
Clk@ 12579157 Working on the # 30000 th memory instruction
Sampling stash size at 29999 req has local max stash size of: 166
Clk3 @ 13000000 Finished 30948 instructions 
Clk7 @ 14000000 Finished 33363 instructions 
Clk3 @ 15000000 Finished 35825 instructions 
Clk3 @ 16000000 Finished 38268 instructions 
Clk@ 16705554 Working on the # 40000 th memory instruction
Sampling stash size at 39999 req has local max stash size of: 173
Clk3 @ 17000000 Finished 40724 instructions 
Clk7 @ 18000000 Finished 43157 instructions 
Clk3 @ 19000000 Finished 45623 instructions 
Clk3 @ 20000000 Finished 48045 instructions 
Clk@ 20788424 Working on the # 50000 th memory instruction
Sampling stash size at 49999 req has local max stash size of: 179
Clk3 @ 21000000 Finished 50523 instructions 
Clk3 @ 22000000 Finished 53000 instructions 
Clk3 @ 23000000 Finished 55445 instructions 
Clk3 @ 24000000 Finished 57937 instructions 
Clk@ 24831925 Working on the # 60000 th memory instruction
Sampling stash size at 59999 req has local max stash size of: 183
Clk3 @ 25000000 Finished 60404 instructions 
Clk3 @ 26000000 Finished 62643 instructions 
Clk3 @ 27000000 Finished 65066 instructions 
Clk3 @ 28000000 Finished 67542 instructions 
Clk3 @ 29000000 Finished 69995 instructions 
Clk@ 29001588 Working on the # 70000 th memory instruction
Sampling stash size at 69999 req has local max stash size of: 186
Clk7 @ 30000000 Finished 72475 instructions 
Clk7 @ 31000000 Finished 74951 instructions 
Clk3 @ 32000000 Finished 77361 instructions 
Clk3 @ 33000000 Finished 79834 instructions 
Clk@ 33067659 Working on the # 80000 th memory instruction
Sampling stash size at 79999 req has local max stash size of: 185
Clk7 @ 34000000 Finished 82274 instructions 
Clk7 @ 35000000 Finished 84668 instructions 
Clk3 @ 36000000 Finished 87102 instructions 
Clk7 @ 37000000 Finished 89573 instructions 
Clk@ 37176387 Working on the # 90000 th memory instruction
Sampling stash size at 89999 req has local max stash size of: 195
Clk3 @ 38000000 Finished 91987 instructions 
Clk3 @ 39000000 Finished 94374 instructions 
Clk7 @ 40000000 Finished 96852 instructions 
Clk7 @ 41000000 Finished 99289 instructions 
Clk@ 41285509 Working on the # 100000 th memory instruction
Sampling stash size at 99999 req has local max stash size of: 192
Clk3 @ 42000000 Finished 101743 instructions 
Clk3 @ 43000000 Finished 104205 instructions 
Clk3 @ 44000000 Finished 106641 instructions 
Clk3 @ 45000000 Finished 109055 instructions 
Clk@ 45377974 Working on the # 110000 th memory instruction
Sampling stash size at 109999 req has local max stash size of: 204
Clk3 @ 46000000 Finished 111542 instructions 
Clk7 @ 47000000 Finished 114004 instructions 
Clk3 @ 48000000 Finished 116435 instructions 
Clk3 @ 49000000 Finished 118904 instructions 
Clk@ 49448173 Working on the # 120000 th memory instruction
Sampling stash size at 119999 req has local max stash size of: 195
Clk3 @ 50000000 Finished 121345 instructions 
Clk3 @ 51000000 Finished 123564 instructions 
Clk7 @ 52000000 Finished 125837 instructions 
Clk3 @ 53000000 Finished 128265 instructions 
Clk@ 53710692 Working on the # 130000 th memory instruction
Sampling stash size at 129999 req has local max stash size of: 195
Clk3 @ 54000000 Finished 130715 instructions 
Clk3 @ 55000000 Finished 133155 instructions 
Clk3 @ 56000000 Finished 135623 instructions 
Clk7 @ 56000000 Finished 135623 instructions 
Clk3 @ 57000000 Finished 138075 instructions 
Clk7 @ 57000000 Finished 138075 instructions 
Clk@ 57801015 Working on the # 140000 th memory instruction
Sampling stash size at 139999 req has local max stash size of: 200
Clk7 @ 58000000 Finished 140490 instructions 
Clk3 @ 59000000 Finished 142961 instructions 
Clk3 @ 60000000 Finished 145424 instructions 
Clk3 @ 61000000 Finished 147875 instructions 
Clk@ 61860607 Working on the # 150000 th memory instruction
Sampling stash size at 149999 req has local max stash size of: 194
Clk3 @ 62000000 Finished 150342 instructions 
Clk3 @ 63000000 Finished 152735 instructions 
Clk7 @ 64000000 Finished 155134 instructions 
Clk3 @ 65000000 Finished 157612 instructions 
Clk@ 65975715 Working on the # 160000 th memory instruction
Sampling stash size at 159999 req has local max stash size of: 197
Clk7 @ 66000000 Finished 160052 instructions 
Clk3 @ 67000000 Finished 162515 instructions 
Clk7 @ 68000000 Finished 164922 instructions 
Clk7 @ 69000000 Finished 167281 instructions 
Clk7 @ 70000000 Finished 169696 instructions 
Clk@ 70120645 Working on the # 170000 th memory instruction
Sampling stash size at 169999 req has local max stash size of: 198
Clk7 @ 71000000 Finished 172102 instructions 
Clk7 @ 72000000 Finished 174555 instructions 
Clk3 @ 73000000 Finished 177002 instructions 
Clk3 @ 74000000 Finished 179437 instructions 
Clk7 @ 74000000 Finished 179437 instructions 
Clk@ 74223376 Working on the # 180000 th memory instruction
Sampling stash size at 179999 req has local max stash size of: 207
Clk3 @ 75000000 Finished 181913 instructions 
Clk3 @ 76000000 Finished 184283 instructions 
Clk3 @ 77000000 Finished 186615 instructions 
Clk3 @ 78000000 Finished 188995 instructions 
Clk@ 78404417 Working on the # 190000 th memory instruction
Sampling stash size at 189999 req has local max stash size of: 199
Clk3 @ 79000000 Finished 191443 instructions 
Clk3 @ 80000000 Finished 193902 instructions 
Clk3 @ 81000000 Finished 196358 instructions 
Clk7 @ 81000000 Finished 196358 instructions 
Clk7 @ 82000000 Finished 198796 instructions 
Clk@ 82481225 Working on the # 200000 th memory instruction
Sampling stash size at 199999 req has local max stash size of: 203
Clk3 @ 83000000 Finished 201262 instructions 
Clk3 @ 84000000 Finished 203687 instructions 
Clk3 @ 85000000 Finished 206124 instructions 
Clk3 @ 86000000 Finished 208583 instructions 
Clk@ 86579499 Working on the # 210000 th memory instruction
Sampling stash size at 209999 req has local max stash size of: 205
Clk7 @ 87000000 Finished 211027 instructions 
Clk3 @ 88000000 Finished 213435 instructions 
Clk7 @ 89000000 Finished 215898 instructions 
Clk3 @ 90000000 Finished 218275 instructions 
Clk@ 90700339 Working on the # 220000 th memory instruction
Sampling stash size at 219999 req has local max stash size of: 215
Clk3 @ 91000000 Finished 220742 instructions 
Clk3 @ 92000000 Finished 223203 instructions 
Clk3 @ 93000000 Finished 225659 instructions 
Clk7 @ 93000000 Finished 225659 instructions 
Clk7 @ 94000000 Finished 228107 instructions 
Clk@ 94778180 Working on the # 230000 th memory instruction
Sampling stash size at 229999 req has local max stash size of: 211
Clk7 @ 95000000 Finished 230537 instructions 
Clk7 @ 96000000 Finished 232975 instructions 
Clk7 @ 97000000 Finished 235453 instructions 
Clk3 @ 98000000 Finished 237907 instructions 
Clk@ 98846208 Working on the # 240000 th memory instruction
Sampling stash size at 239999 req has local max stash size of: 210
Clk3 @ 99000000 Finished 240355 instructions 
Clk7 @ 100000000 Finished 242784 instructions 
Clk3 @ 101000000 Finished 245042 instructions 
Clk3 @ 102000000 Finished 247303 instructions 
Clk3 @ 103000000 Finished 249543 instructions 
Clk@ 103202103 Working on the # 250000 th memory instruction
Sampling stash size at 249999 req has local max stash size of: 210
Clk3 @ 104000000 Finished 251902 instructions 
Clk7 @ 105000000 Finished 254335 instructions 
Clk7 @ 106000000 Finished 256743 instructions 
Clk3 @ 107000000 Finished 259161 instructions 
Clk@ 107347935 Working on the # 260000 th memory instruction
Sampling stash size at 259999 req has local max stash size of: 211
Clk3 @ 108000000 Finished 261599 instructions 
Clk3 @ 109000000 Finished 264005 instructions 
Clk3 @ 110000000 Finished 266443 instructions 
Clk7 @ 111000000 Finished 268898 instructions 
Clk@ 111441638 Working on the # 270000 th memory instruction
Sampling stash size at 269999 req has local max stash size of: 210
Clk3 @ 112000000 Finished 271354 instructions 
Clk7 @ 113000000 Finished 273816 instructions 
Clk7 @ 114000000 Finished 276211 instructions 
Clk3 @ 115000000 Finished 278609 instructions 
Clk@ 115566712 Working on the # 280000 th memory instruction
Sampling stash size at 279999 req has local max stash size of: 215
Clk7 @ 116000000 Finished 281055 instructions 
Clk3 @ 117000000 Finished 283504 instructions 
Clk3 @ 118000000 Finished 285930 instructions 
Clk3 @ 119000000 Finished 288387 instructions 
Clk@ 119660952 Working on the # 290000 th memory instruction
Sampling stash size at 289999 req has local max stash size of: 213
Clk3 @ 120000000 Finished 290835 instructions 
Clk3 @ 121000000 Finished 293284 instructions 
Clk3 @ 122000000 Finished 295723 instructions 
Clk3 @ 123000000 Finished 298190 instructions 
Clk@ 123732910 Working on the # 300000 th memory instruction
Sampling stash size at 299999 req has local max stash size of: 214
Clk7 @ 124000000 Finished 300651 instructions 
Clk7 @ 125000000 Finished 303079 instructions 
Clk3 @ 126000000 Finished 305403 instructions 
Clk3 @ 127000000 Finished 307812 instructions 
Clk@ 127925003 Working on the # 310000 th memory instruction
Sampling stash size at 309999 req has local max stash size of: 207
Clk3 @ 128000000 Finished 310184 instructions 
Clk7 @ 129000000 Finished 312636 instructions 
Clk3 @ 130000000 Finished 315103 instructions 
Clk3 @ 131000000 Finished 317523 instructions 
Clk7 @ 132000000 Finished 319981 instructions 
Clk@ 132008132 Working on the # 320000 th memory instruction
Sampling stash size at 319999 req has local max stash size of: 219
Clk3 @ 133000000 Finished 322415 instructions 
Clk7 @ 134000000 Finished 324852 instructions 
Clk3 @ 135000000 Finished 327268 instructions 
Clk3 @ 136000000 Finished 329649 instructions 
Clk@ 136145058 Working on the # 330000 th memory instruction
Sampling stash size at 329999 req has local max stash size of: 211
Clk7 @ 137000000 Finished 332015 instructions 
Clk7 @ 138000000 Finished 334411 instructions 
Clk3 @ 139000000 Finished 336823 instructions 
Clk3 @ 140000000 Finished 339258 instructions 
Clk@ 140302527 Working on the # 340000 th memory instruction
Sampling stash size at 339999 req has local max stash size of: 214
Clk7 @ 141000000 Finished 341688 instructions 
Clk7 @ 142000000 Finished 344043 instructions 
Clk7 @ 143000000 Finished 346495 instructions 
Clk7 @ 144000000 Finished 348927 instructions 
Clk@ 144436384 Working on the # 350000 th memory instruction
Sampling stash size at 349999 req has local max stash size of: 211
Clk3 @ 145000000 Finished 351355 instructions 
Clk3 @ 146000000 Finished 353826 instructions 
Clk3 @ 147000000 Finished 356310 instructions 
Clk7 @ 148000000 Finished 358723 instructions 
Clk@ 148514529 Working on the # 360000 th memory instruction
Sampling stash size at 359999 req has local max stash size of: 212
Clk7 @ 149000000 Finished 361208 instructions 
Clk3 @ 150000000 Finished 363663 instructions 
Clk3 @ 151000000 Finished 365964 instructions 
Clk3 @ 152000000 Finished 368382 instructions 
Clk@ 152665868 Working on the # 370000 th memory instruction
Sampling stash size at 369999 req has local max stash size of: 206
Clk7 @ 153000000 Finished 370798 instructions 
Clk7 @ 154000000 Finished 373107 instructions 
Clk7 @ 155000000 Finished 375422 instructions 
Clk3 @ 156000000 Finished 377864 instructions 
Clk@ 156857076 Working on the # 380000 th memory instruction
Sampling stash size at 379999 req has local max stash size of: 207
Clk3 @ 157000000 Finished 380341 instructions 
Clk3 @ 158000000 Finished 382775 instructions 
Clk3 @ 159000000 Finished 385255 instructions 
Clk3 @ 160000000 Finished 387702 instructions 
Clk@ 160962349 Working on the # 390000 th memory instruction
Sampling stash size at 389999 req has local max stash size of: 217
Clk3 @ 161000000 Finished 390095 instructions 
Clk3 @ 162000000 Finished 392550 instructions 
Clk3 @ 163000000 Finished 395024 instructions 
Clk3 @ 164000000 Finished 397395 instructions 
Clk3 @ 165000000 Finished 399849 instructions 
Clk@ 165062074 Working on the # 400000 th memory instruction
Sampling stash size at 399999 req has local max stash size of: 215
Clk7 @ 166000000 Finished 402267 instructions 
Clk7 @ 167000000 Finished 404681 instructions 
Clk3 @ 168000000 Finished 407108 instructions 
Clk3 @ 169000000 Finished 409565 instructions 
Clk@ 169177751 Working on the # 410000 th memory instruction
Sampling stash size at 409999 req has local max stash size of: 223
Clk3 @ 170000000 Finished 412007 instructions 
Clk7 @ 171000000 Finished 414432 instructions 
Clk3 @ 172000000 Finished 416883 instructions 
Clk3 @ 173000000 Finished 419315 instructions 
Clk@ 173278236 Working on the # 420000 th memory instruction
Sampling stash size at 419999 req has local max stash size of: 216
Clk3 @ 174000000 Finished 421762 instructions 
Clk3 @ 175000000 Finished 424195 instructions 
Clk3 @ 176000000 Finished 426617 instructions 
Clk3 @ 177000000 Finished 429015 instructions 
Clk@ 177400770 Working on the # 430000 th memory instruction
Sampling stash size at 429999 req has local max stash size of: 211
Clk7 @ 178000000 Finished 431452 instructions 
Clk3 @ 179000000 Finished 433865 instructions 
Clk3 @ 180000000 Finished 436175 instructions 
Clk3 @ 181000000 Finished 438606 instructions 
Clk@ 181562882 Working on the # 440000 th memory instruction
Sampling stash size at 439999 req has local max stash size of: 213
Clk3 @ 182000000 Finished 441075 instructions 
Clk3 @ 183000000 Finished 443496 instructions 
Clk3 @ 184000000 Finished 445935 instructions 
Clk3 @ 185000000 Finished 448395 instructions 
Clk@ 185660259 Working on the # 450000 th memory instruction
Sampling stash size at 449999 req has local max stash size of: 215
Clk3 @ 186000000 Finished 450838 instructions 
Clk3 @ 187000000 Finished 453289 instructions 
Clk7 @ 188000000 Finished 455723 instructions 
Clk3 @ 189000000 Finished 458137 instructions 
Clk@ 189761910 Working on the # 460000 th memory instruction
Sampling stash size at 459999 req has local max stash size of: 219
Clk7 @ 190000000 Finished 460581 instructions 
Clk3 @ 191000000 Finished 463033 instructions 
Clk3 @ 192000000 Finished 465406 instructions 
Clk7 @ 193000000 Finished 467872 instructions 
Clk@ 193863731 Working on the # 470000 th memory instruction
Sampling stash size at 469999 req has local max stash size of: 217
Clk3 @ 194000000 Finished 470335 instructions 
Clk7 @ 195000000 Finished 472755 instructions 
Clk3 @ 196000000 Finished 475195 instructions 
Clk7 @ 197000000 Finished 477650 instructions 
Clk@ 197952631 Working on the # 480000 th memory instruction
Sampling stash size at 479999 req has local max stash size of: 231
Clk7 @ 198000000 Finished 480105 instructions 
Clk7 @ 199000000 Finished 482507 instructions 
Clk3 @ 200000000 Finished 484914 instructions 
Clk3 @ 201000000 Finished 487282 instructions 
Clk3 @ 202000000 Finished 489451 instructions 
Clk@ 202240702 Working on the # 490000 th memory instruction
Sampling stash size at 489999 req has local max stash size of: 218
Clk7 @ 203000000 Finished 491751 instructions 
Clk7 @ 204000000 Finished 494016 instructions 
Clk3 @ 205000000 Finished 496146 instructions 
Clk7 @ 206000000 Finished 498448 instructions 
Clk@ 206688424 Working on the # 500000 th memory instruction
Warm up done after line access count: 500000 out of 1000000 (50 %)
Sampling stash size at 499999 req has local max stash size of: 222
Clk3 @ 207000000 Finished 500730 instructions 
Clk3 @ 208000000 Finished 503069 instructions 
Clk3 @ 209000000 Finished 505485 instructions 
Clk3 @ 210000000 Finished 507864 instructions 
Clk@ 210891850 Working on the # 510000 th memory instruction
Sampling stash size at 509999 req has local max stash size of: 217
Clk3 @ 211000000 Finished 510255 instructions 
Clk7 @ 212000000 Finished 512598 instructions 
Clk7 @ 213000000 Finished 514999 instructions 
Clk3 @ 214000000 Finished 517424 instructions 
Clk3 @ 215000000 Finished 519783 instructions 
Clk@ 215086893 Working on the # 520000 th memory instruction
Sampling stash size at 519999 req has local max stash size of: 214
Clk7 @ 216000000 Finished 522210 instructions 
Clk3 @ 217000000 Finished 524622 instructions 
Clk3 @ 218000000 Finished 526979 instructions 
Clk3 @ 219000000 Finished 529406 instructions 
Clk@ 219247068 Working on the # 530000 th memory instruction
Sampling stash size at 529999 req has local max stash size of: 215
Clk3 @ 220000000 Finished 531824 instructions 
Clk7 @ 221000000 Finished 534260 instructions 
Clk3 @ 222000000 Finished 536702 instructions 
Clk3 @ 223000000 Finished 539162 instructions 
Clk@ 223339100 Working on the # 540000 th memory instruction
Sampling stash size at 539999 req has local max stash size of: 219
Clk7 @ 224000000 Finished 541549 instructions 
Clk7 @ 225000000 Finished 544017 instructions 
Clk3 @ 226000000 Finished 546455 instructions 
Clk7 @ 227000000 Finished 548810 instructions 
Clk@ 227506309 Working on the # 550000 th memory instruction
Sampling stash size at 549999 req has local max stash size of: 219
Clk7 @ 228000000 Finished 551200 instructions 
Clk3 @ 229000000 Finished 553615 instructions 
Clk7 @ 230000000 Finished 556045 instructions 
Clk3 @ 231000000 Finished 558415 instructions 
Clk@ 231647862 Working on the # 560000 th memory instruction
Sampling stash size at 559999 req has local max stash size of: 220
Clk7 @ 232000000 Finished 560849 instructions 
Clk7 @ 233000000 Finished 563292 instructions 
Clk3 @ 234000000 Finished 565723 instructions 
Clk3 @ 235000000 Finished 568163 instructions 
Clk@ 235763921 Working on the # 570000 th memory instruction
Sampling stash size at 569999 req has local max stash size of: 225
Clk7 @ 236000000 Finished 570581 instructions 
Clk3 @ 237000000 Finished 573000 instructions 
Clk3 @ 238000000 Finished 575446 instructions 
Clk3 @ 239000000 Finished 577884 instructions 
Clk@ 239874602 Working on the # 580000 th memory instruction
Sampling stash size at 579999 req has local max stash size of: 226
Clk3 @ 240000000 Finished 580315 instructions 
Clk3 @ 241000000 Finished 582755 instructions 
Clk3 @ 242000000 Finished 585225 instructions 
Clk7 @ 243000000 Finished 587569 instructions 
Clk@ 243987847 Working on the # 590000 th memory instruction
Sampling stash size at 589999 req has local max stash size of: 220
Clk7 @ 244000000 Finished 590031 instructions 
Clk3 @ 245000000 Finished 592462 instructions 
Clk7 @ 246000000 Finished 594864 instructions 
Clk7 @ 247000000 Finished 597323 instructions 
Clk7 @ 248000000 Finished 599790 instructions 
Clk@ 248084656 Working on the # 600000 th memory instruction
Sampling stash size at 599999 req has local max stash size of: 228
Clk7 @ 249000000 Finished 602201 instructions 
Clk3 @ 250000000 Finished 604662 instructions 
Clk3 @ 251000000 Finished 607100 instructions 
Clk3 @ 252000000 Finished 609520 instructions 
Clk@ 252239902 Working on the # 610000 th memory instruction
Sampling stash size at 609999 req has local max stash size of: 226
Clk3 @ 253000000 Finished 611742 instructions 
Clk7 @ 254000000 Finished 614155 instructions 
Clk7 @ 255000000 Finished 616571 instructions 
Clk3 @ 256000000 Finished 618855 instructions 
Clk@ 256474927 Working on the # 620000 th memory instruction
Sampling stash size at 619999 req has local max stash size of: 228
Clk3 @ 257000000 Finished 621266 instructions 
Clk7 @ 258000000 Finished 623730 instructions 
Clk3 @ 259000000 Finished 626125 instructions 
Clk3 @ 260000000 Finished 628585 instructions 
Clk@ 260572465 Working on the # 630000 th memory instruction
Sampling stash size at 629999 req has local max stash size of: 231
Clk7 @ 261000000 Finished 631039 instructions 
Clk3 @ 262000000 Finished 633456 instructions 
Clk3 @ 263000000 Finished 635897 instructions 
Clk7 @ 264000000 Finished 638314 instructions 
Clk@ 264687168 Working on the # 640000 th memory instruction
Sampling stash size at 639999 req has local max stash size of: 217
Clk7 @ 265000000 Finished 640702 instructions 
Clk7 @ 266000000 Finished 643158 instructions 
Clk3 @ 267000000 Finished 645607 instructions 
Clk7 @ 268000000 Finished 648016 instructions 
Clk@ 268809553 Working on the # 650000 th memory instruction
Sampling stash size at 649999 req has local max stash size of: 218
Clk7 @ 269000000 Finished 650446 instructions 
Clk7 @ 270000000 Finished 652841 instructions 
Clk3 @ 271000000 Finished 655300 instructions 
Clk3 @ 272000000 Finished 657693 instructions 
Clk@ 272947241 Working on the # 660000 th memory instruction
Sampling stash size at 659999 req has local max stash size of: 221
Clk7 @ 273000000 Finished 660132 instructions 
Clk7 @ 274000000 Finished 662536 instructions 
Clk7 @ 275000000 Finished 664902 instructions 
Clk7 @ 276000000 Finished 667261 instructions 
Clk7 @ 277000000 Finished 669712 instructions 
Clk@ 277117633 Working on the # 670000 th memory instruction
Sampling stash size at 669999 req has local max stash size of: 220
Clk3 @ 278000000 Finished 672067 instructions 
Clk7 @ 279000000 Finished 674512 instructions 
Clk7 @ 280000000 Finished 676948 instructions 
Clk3 @ 281000000 Finished 679375 instructions 
Clk@ 281255958 Working on the # 680000 th memory instruction
Sampling stash size at 679999 req has local max stash size of: 223
Clk7 @ 282000000 Finished 681836 instructions 
Clk3 @ 283000000 Finished 684262 instructions 
Clk7 @ 284000000 Finished 686533 instructions 
Clk7 @ 285000000 Finished 688969 instructions 
Clk@ 285420117 Working on the # 690000 th memory instruction
Sampling stash size at 689999 req has local max stash size of: 220
Clk3 @ 286000000 Finished 691415 instructions 
Clk3 @ 287000000 Finished 693851 instructions 
Clk7 @ 288000000 Finished 696312 instructions 
Clk3 @ 289000000 Finished 698727 instructions 
Clk@ 289518904 Working on the # 700000 th memory instruction
Sampling stash size at 699999 req has local max stash size of: 222
Clk7 @ 290000000 Finished 701140 instructions 
Clk7 @ 291000000 Finished 703575 instructions 
Clk3 @ 292000000 Finished 706023 instructions 
Clk7 @ 293000000 Finished 708468 instructions 
Clk@ 293637285 Working on the # 710000 th memory instruction
Sampling stash size at 709999 req has local max stash size of: 219
Clk7 @ 294000000 Finished 710895 instructions 
Clk3 @ 295000000 Finished 713355 instructions 
Clk3 @ 296000000 Finished 715804 instructions 
Clk3 @ 297000000 Finished 718124 instructions 
Clk@ 297757552 Working on the # 720000 th memory instruction
Sampling stash size at 719999 req has local max stash size of: 226
Clk3 @ 298000000 Finished 720583 instructions 
Clk3 @ 299000000 Finished 723057 instructions 
Clk3 @ 300000000 Finished 725484 instructions 
Clk7 @ 301000000 Finished 727908 instructions 
Clk@ 301868973 Working on the # 730000 th memory instruction
Sampling stash size at 729999 req has local max stash size of: 220
Clk7 @ 302000000 Finished 730306 instructions 
Clk3 @ 303000000 Finished 732535 instructions 
Clk7 @ 304000000 Finished 734979 instructions 
Clk3 @ 305000000 Finished 737395 instructions 
Clk3 @ 306000000 Finished 739803 instructions 
Clk@ 306083638 Working on the # 740000 th memory instruction
Sampling stash size at 739999 req has local max stash size of: 226
Clk3 @ 307000000 Finished 742162 instructions 
Clk7 @ 308000000 Finished 744507 instructions 
Clk7 @ 309000000 Finished 746725 instructions 
Clk3 @ 310000000 Finished 749001 instructions 
Clk@ 310405947 Working on the # 750000 th memory instruction
Sampling stash size at 749999 req has local max stash size of: 220
Clk3 @ 311000000 Finished 751440 instructions 
Clk3 @ 312000000 Finished 753875 instructions 
Clk3 @ 313000000 Finished 756283 instructions 
Clk3 @ 314000000 Finished 758724 instructions 
Clk@ 314518791 Working on the # 760000 th memory instruction
Sampling stash size at 759999 req has local max stash size of: 233
Clk3 @ 315000000 Finished 761166 instructions 
Clk3 @ 316000000 Finished 763543 instructions 
Clk7 @ 317000000 Finished 765980 instructions 
Clk7 @ 318000000 Finished 768430 instructions 
Clk@ 318649777 Working on the # 770000 th memory instruction
Sampling stash size at 769999 req has local max stash size of: 222
Clk3 @ 319000000 Finished 770868 instructions 
Clk7 @ 319000000 Finished 770868 instructions 
Clk7 @ 320000000 Finished 773315 instructions 
Clk3 @ 321000000 Finished 775763 instructions 
Clk7 @ 322000000 Finished 778163 instructions 
Clk@ 322766359 Working on the # 780000 th memory instruction
Sampling stash size at 779999 req has local max stash size of: 226
Clk7 @ 323000000 Finished 780580 instructions 
Clk3 @ 324000000 Finished 783025 instructions 
Clk3 @ 325000000 Finished 785455 instructions 
Clk7 @ 326000000 Finished 787914 instructions 
Clk@ 326854746 Working on the # 790000 th memory instruction
Sampling stash size at 789999 req has local max stash size of: 228
Clk3 @ 327000000 Finished 790355 instructions 
Clk7 @ 328000000 Finished 792704 instructions 
Clk3 @ 329000000 Finished 795064 instructions 
Clk7 @ 330000000 Finished 797529 instructions 
Clk3 @ 331000000 Finished 799990 instructions 
Clk@ 331004346 Working on the # 800000 th memory instruction
Sampling stash size at 799999 req has local max stash size of: 228
Clk7 @ 332000000 Finished 802417 instructions 
Clk7 @ 333000000 Finished 804863 instructions 
Clk3 @ 334000000 Finished 807305 instructions 
Clk3 @ 335000000 Finished 809683 instructions 
Clk@ 335134007 Working on the # 810000 th memory instruction
Sampling stash size at 809999 req has local max stash size of: 219
Clk3 @ 336000000 Finished 812116 instructions 
Clk7 @ 337000000 Finished 814535 instructions 
Clk7 @ 338000000 Finished 816954 instructions 
Clk7 @ 339000000 Finished 819404 instructions 
Clk@ 339240947 Working on the # 820000 th memory instruction
Sampling stash size at 819999 req has local max stash size of: 235
Clk7 @ 340000000 Finished 821843 instructions 
Clk7 @ 341000000 Finished 824232 instructions 
Clk3 @ 342000000 Finished 826672 instructions 
Clk3 @ 343000000 Finished 829035 instructions 
Clk@ 343394513 Working on the # 830000 th memory instruction
Sampling stash size at 829999 req has local max stash size of: 238
Clk3 @ 344000000 Finished 831464 instructions 
Clk7 @ 345000000 Finished 833920 instructions 
Clk3 @ 346000000 Finished 836365 instructions 
Clk7 @ 347000000 Finished 838730 instructions 
Clk@ 347514324 Working on the # 840000 th memory instruction
Sampling stash size at 839999 req has local max stash size of: 227
Clk3 @ 348000000 Finished 841187 instructions 
Clk3 @ 349000000 Finished 843603 instructions 
Clk7 @ 350000000 Finished 846032 instructions 
Clk3 @ 351000000 Finished 848446 instructions 
Clk@ 351640218 Working on the # 850000 th memory instruction
Sampling stash size at 849999 req has local max stash size of: 226
Clk7 @ 352000000 Finished 850872 instructions 
Clk7 @ 353000000 Finished 853249 instructions 
Clk3 @ 354000000 Finished 855580 instructions 
Clk7 @ 354000000 Finished 855580 instructions 
Clk7 @ 355000000 Finished 858012 instructions 
Clk@ 355821546 Working on the # 860000 th memory instruction
Sampling stash size at 859999 req has local max stash size of: 230
Clk7 @ 356000000 Finished 860432 instructions 
Clk3 @ 357000000 Finished 862865 instructions 
Clk7 @ 358000000 Finished 865278 instructions 
Clk7 @ 359000000 Finished 867678 instructions 
Clk3 @ 360000000 Finished 869886 instructions 
Clk@ 360047139 Working on the # 870000 th memory instruction
Sampling stash size at 869999 req has local max stash size of: 223
Clk7 @ 361000000 Finished 872310 instructions 
Clk3 @ 362000000 Finished 874735 instructions 
Clk3 @ 363000000 Finished 877156 instructions 
Clk7 @ 364000000 Finished 879635 instructions 
Clk@ 364148099 Working on the # 880000 th memory instruction
Sampling stash size at 879999 req has local max stash size of: 228
Clk3 @ 365000000 Finished 882070 instructions 
Clk3 @ 366000000 Finished 884463 instructions 
Clk3 @ 367000000 Finished 886921 instructions 
Clk3 @ 368000000 Finished 889351 instructions 
Clk@ 368266803 Working on the # 890000 th memory instruction
Sampling stash size at 889999 req has local max stash size of: 232
Clk7 @ 369000000 Finished 891788 instructions 
Clk7 @ 370000000 Finished 894235 instructions 
Clk7 @ 371000000 Finished 896656 instructions 
Clk3 @ 372000000 Finished 899115 instructions 
Clk@ 372377228 Working on the # 900000 th memory instruction
Sampling stash size at 899999 req has local max stash size of: 229
Clk3 @ 373000000 Finished 901521 instructions 
Clk3 @ 374000000 Finished 903933 instructions 
Clk3 @ 375000000 Finished 906371 instructions 
Clk3 @ 376000000 Finished 908795 instructions 
Clk@ 376505320 Working on the # 910000 th memory instruction
Sampling stash size at 909999 req has local max stash size of: 232
Clk3 @ 377000000 Finished 911201 instructions 
Clk3 @ 378000000 Finished 913652 instructions 
Clk3 @ 379000000 Finished 916004 instructions 
Clk3 @ 380000000 Finished 918452 instructions 
Clk@ 380625641 Working on the # 920000 th memory instruction
Sampling stash size at 919999 req has local max stash size of: 232
Clk3 @ 381000000 Finished 920915 instructions 
Clk3 @ 382000000 Finished 923345 instructions 
Clk3 @ 383000000 Finished 925795 instructions 
Clk3 @ 384000000 Finished 928223 instructions 
Clk@ 384764182 Working on the # 930000 th memory instruction
Sampling stash size at 929999 req has local max stash size of: 225
Clk3 @ 385000000 Finished 930522 instructions 
Clk3 @ 386000000 Finished 932942 instructions 
Clk3 @ 387000000 Finished 935375 instructions 
Clk3 @ 388000000 Finished 937785 instructions 
Clk@ 388903625 Working on the # 940000 th memory instruction
Sampling stash size at 939999 req has local max stash size of: 232
Clk7 @ 389000000 Finished 940235 instructions 
Clk3 @ 390000000 Finished 942682 instructions 
Clk3 @ 391000000 Finished 945055 instructions 
Clk3 @ 392000000 Finished 947467 instructions 
Clk3 @ 393000000 Finished 949869 instructions 
Clk@ 393053874 Working on the # 950000 th memory instruction
Sampling stash size at 949999 req has local max stash size of: 228
Clk7 @ 394000000 Finished 952293 instructions 
Clk3 @ 395000000 Finished 954715 instructions 
Clk3 @ 396000000 Finished 957155 instructions 
Clk7 @ 397000000 Finished 959595 instructions 
Clk@ 397168980 Working on the # 960000 th memory instruction
Sampling stash size at 959999 req has local max stash size of: 229
Clk7 @ 398000000 Finished 961943 instructions 
Clk7 @ 399000000 Finished 964315 instructions 
Clk3 @ 400000000 Finished 966727 instructions 
Clk3 @ 401000000 Finished 969088 instructions 
Clk7 @ 401000000 Finished 969088 instructions 
Clk@ 401380090 Working on the # 970000 th memory instruction
Sampling stash size at 969999 req has local max stash size of: 230
Clk3 @ 402000000 Finished 971495 instructions 
Clk3 @ 403000000 Finished 973825 instructions 
Clk7 @ 404000000 Finished 975983 instructions 
Clk3 @ 405000000 Finished 978155 instructions 
Clk@ 405804399 Working on the # 980000 th memory instruction
Sampling stash size at 979999 req has local max stash size of: 230
Clk3 @ 406000000 Finished 980460 instructions 
Clk3 @ 407000000 Finished 982803 instructions 
Clk7 @ 408000000 Finished 985088 instructions 
Clk3 @ 409000000 Finished 987402 instructions 
Clk3 @ 410000000 Finished 989660 instructions 
Clk@ 410152677 Working on the # 990000 th memory instruction
Sampling stash size at 989999 req has local max stash size of: 226
Clk3 @ 411000000 Finished 991855 instructions 
Clk3 @ 412000000 Finished 994188 instructions 
Clk3 @ 413000000 Finished 996575 instructions 
Clk3 @ 414000000 Finished 998883 instructions 
Clk@ 414464170 Working on the # 1000000 th memory instruction
Sampling stash size at 999999 req has local max stash size of: 222

===*** Data ***====
Stall reason distribution: 
mc_hazard: 0
normal: 0
rs_hazard: 0
rw_swtich: 0
Early reshuffle distribution: 
0: 0
1: 0
2: 0
3: 0
4: 0
5: 0
6: 1887
7: 3857
8: 3818
9: 3868
10: 3828
11: 3765
12: 3585
13: 3353
14: 2858
15: 1823
16: 80
17: 0
18: 0
19: 0
20: 0
21: 0
22: 0
23: 0
24: 0
=================
Max stash size is: 238
Average stash size is: 114.994
useful_read_pull_ddr: 500013 (1.30994) %
dummy_read_pull_ddr: 8749960 (22.9233) %
useful_early_pull_ddr: 291813 (0.764495) %
useful_early_push_ddr: 167863 (0.43977) %
useful_write_pull_ddr: 7398604 (19.383) %
useful_write_push_ddr: 3187636 (8.35101) %
dummy_early_pull_ddr: 18318 (0.0479897) %
dummy_early_push_ddr: 616586 (1.61534) %
dummy_write_pull_ddr: 1700 (0.00445368) %
dummy_write_push_ddr: 17238181 (45.1608) %
=================
Stash violation number of times: 0
=================
Check NodeID traffic: 6540496
Update NodeID traffic: 34
=================
Read RS lines: 1000000 (85.8042) %
Write RS lines: 100000 (8.58042) %
Early RS lines: 65444 (5.61537) %
Read DDR lines: 18499799 (24.6539) %
Write DDR lines: 54575000 (72.7297) %
Early DDR lines: 1963320 (2.61643) %

====*** pos1 ***====
Stall reason distribution: 
mc_hazard: 0
normal: 0
rs_hazard: 0
rw_swtich: 0
Early reshuffle distribution: 
0: 0
1: 0
2: 0
3: 1542
4: 3554
5: 3793
6: 3769
7: 3869
8: 3907
9: 3883
10: 3802
11: 3694
12: 3522
13: 3399
14: 2822
15: 1806
16: 81
17: 0
18: 0
19: 0
20: 0
21: 0
=================
Max stash size is: 240
Average stash size is: 104.008
useful_read_pull_ddr: 999993 (1.30281) %
dummy_read_pull_ddr: 17500170 (22.7995) %
useful_early_pull_ddr: 694274 (0.904512) %
useful_early_push_ddr: 412316 (0.537172) %
useful_write_pull_ddr: 14781402 (19.2575) %
useful_write_push_ddr: 7370373 (9.60225) %
dummy_early_pull_ddr: 44257 (0.0576588) %
dummy_early_push_ddr: 1455733 (1.89655) %
dummy_write_pull_ddr: 18598 (0.0242298) %
dummy_write_push_ddr: 33479627 (43.6178) %
=================
Stash violation number of times: 0
=================
Check NodeID traffic: 9508973
Update NodeID traffic: 5
=================
Read RS lines: 1000000 (84.2541) %
Write RS lines: 100000 (8.42541) %
Early RS lines: 86886 (7.3205) %
Read DDR lines: 18500163 (24.4447) %
Write DDR lines: 54575000 (72.1112) %
Early DDR lines: 2606580 (3.44413) %

====*** pos2 ***====
Stall reason distribution: 
mc_hazard: 0
normal: 0
rs_hazard: 0
rw_swtich: 0
Early reshuffle distribution: 
0: 0
1: 0
2: 1220
3: 3201
4: 3606
5: 3742
6: 3808
7: 3911
8: 3974
9: 3859
10: 3905
11: 3760
12: 3594
13: 3239
14: 2729
15: 1496
16: 35
17: 0
18: 0
=================
Max stash size is: 237
Average stash size is: 100.235
useful_read_pull_ddr: 999981 (1.51762) %
dummy_read_pull_ddr: 15000019 (22.7647) %
useful_early_pull_ddr: 711857 (1.08035) %
useful_early_push_ddr: 425363 (0.64555) %
useful_write_pull_ddr: 12660498 (19.2141) %
useful_write_push_ddr: 7221476 (10.9596) %
dummy_early_pull_ddr: 50746 (0.0770144) %
dummy_early_push_ddr: 1503574 (2.28189) %
dummy_write_pull_ddr: 139502 (0.211715) %
dummy_write_push_ddr: 27178524 (41.2474) %
=================
Stash violation number of times: 0
=================
Check NodeID traffic: 5749209
Update NodeID traffic: 0
=================
Read RS lines: 1000000 (83.8815) %
Write RS lines: 100000 (8.38815) %
Early RS lines: 92158 (7.73035) %
Read DDR lines: 16000000 (24.2823) %
Write DDR lines: 47200000 (71.6329) %
Early DDR lines: 2691540 (4.0848) %
=================
The final DRAM clk is: 414470595 ticks.
Idle waiting clk is 158128541, which is 38.1519 %
DRAM Frequency is: 1600MHz
The final time in ns is: 2.59044e+08 ns.
Time distribution: 
Data pull time is: 0
data: 0
pos1: 0
pos2: 0
Data distribution: 
Pos2 data: 65891540
Pos1 data: 75681743
Data: 75038119
Node access DDR: 13080992
Pull DDR: 18499799
WB DDR: 54575000
Early DDR: 1963320
Achieved BW is: 60.5184 GB/s
Ideal BW is: 102.4 GB/s
Metadata cache conclusion: 
overall_hit: 14450378 overall_total: 27532722
Cache Size 64 KB Overall Hit rate: 52.4844 %. 
Simulation done. Statistics written to my_output.txt
