Valid leaf ID range: 67108863:134217726
Num of top nodes: 67108864
Data level num of ways: 67108864
cached_total: 1
cached_total: 3
cached_total: 7
cached_total: 15
cached_total: 31
cached_total: 63
cached_total: 127
cached_total: 255
cached_total: 511
Total number of ORAM protected cache line blocks: 67108864
Cached number of levels: 8
Max number of levels: 27
Start lvl is: 0
data valid leaf right: 134217727
data num of levels: 27
data level num of ways: 67108864
data number of sets: 1
Cached node ID: 0 -- 455
Address space: 0 - 4 GB
pos1 valid leaf right: 16777215
pos1 num of levels: 24
pos1 level num of ways: 8388608
pos1 number of sets: 1
Cached node ID: 0 -- 56
Address space: 0 - 0.5 GB
pos2 valid leaf right: 2097151
pos2 num of levels: 21
pos2 level num of ways: 1048576
pos2 number of sets: 1
Cached node ID: 0 -- 28
Address space: 0 - 0.0625 GB
Clk7 @ 1000000 Finished 1173 instructions 
Clk7 @ 2000000 Finished 2580 instructions 
Clk7 @ 3000000 Finished 4017 instructions 
Clk3 @ 4000000 Finished 5474 instructions 
Clk3 @ 5000000 Finished 6965 instructions 
Clk3 @ 6000000 Finished 8409 instructions 
Clk7 @ 7000000 Finished 9904 instructions 
Clk@ 7063063 Working on the # 10000 th memory instruction
Clk7 @ 8000000 Finished 11361 instructions 
Clk3 @ 9000000 Finished 12831 instructions 
Clk7 @ 10000000 Finished 14337 instructions 
Clk7 @ 11000000 Finished 15744 instructions 
Clk3 @ 12000000 Finished 17223 instructions 
Clk7 @ 13000000 Finished 18702 instructions 
Clk@ 13880987 Working on the # 20000 th memory instruction
Clk7 @ 14000000 Finished 20181 instructions 
Clk3 @ 15000000 Finished 21656 instructions 
Clk7 @ 16000000 Finished 23095 instructions 
Clk7 @ 17000000 Finished 24566 instructions 
Clk7 @ 18000000 Finished 26031 instructions 
Clk3 @ 19000000 Finished 27525 instructions 
Clk@ 20658304 Working on the # 30000 th memory instruction
Clk3 @ 21000000 Finished 30375 instructions 
Clk7 @ 22000000 Finished 31849 instructions 
Clk3 @ 23000000 Finished 33304 instructions 
Clk3 @ 24000000 Finished 34815 instructions 
Clk7 @ 25000000 Finished 36243 instructions 
Clk3 @ 26000000 Finished 37728 instructions 
Clk7 @ 27000000 Finished 39177 instructions 
Clk@ 27554176 Working on the # 40000 th memory instruction
Clk7 @ 28000000 Finished 40675 instructions 
Clk3 @ 29000000 Finished 42119 instructions 
Clk3 @ 30000000 Finished 43587 instructions 
Clk7 @ 31000000 Finished 45020 instructions 
Clk7 @ 32000000 Finished 46455 instructions 
Clk7 @ 33000000 Finished 47952 instructions 
Clk7 @ 34000000 Finished 49342 instructions 
Clk@ 34445852 Working on the # 50000 th memory instruction
Clk7 @ 35000000 Finished 50833 instructions 
Clk3 @ 36000000 Finished 52306 instructions 
Clk7 @ 37000000 Finished 53795 instructions 
Clk3 @ 38000000 Finished 55260 instructions 
Clk3 @ 39000000 Finished 56726 instructions 
Clk7 @ 40000000 Finished 58204 instructions 
Clk7 @ 41000000 Finished 59688 instructions 
Clk@ 41235115 Working on the # 60000 th memory instruction
Clk7 @ 42000000 Finished 60921 instructions 
Clk3 @ 43000000 Finished 62382 instructions 
Clk3 @ 44000000 Finished 63876 instructions 
Clk7 @ 45000000 Finished 65348 instructions 
Clk3 @ 46000000 Finished 66783 instructions 
Clk7 @ 47000000 Finished 68261 instructions 
Clk7 @ 48000000 Finished 69720 instructions 
Clk@ 48182953 Working on the # 70000 th memory instruction
Clk3 @ 49000000 Finished 71137 instructions 
Clk7 @ 50000000 Finished 72598 instructions 
Clk7 @ 51000000 Finished 74045 instructions 
Clk7 @ 52000000 Finished 75545 instructions 
Clk3 @ 53000000 Finished 76965 instructions 
Clk7 @ 54000000 Finished 78430 instructions 
Clk7 @ 55000000 Finished 79881 instructions 
Clk@ 55082701 Working on the # 80000 th memory instruction
Clk7 @ 56000000 Finished 81367 instructions 
Clk3 @ 57000000 Finished 82749 instructions 
Clk3 @ 58000000 Finished 84237 instructions 
Clk3 @ 59000000 Finished 85702 instructions 
Clk3 @ 60000000 Finished 87166 instructions 
Clk7 @ 61000000 Finished 88542 instructions 
Clk@ 61979007 Working on the # 90000 th memory instruction
Clk3 @ 62000000 Finished 90031 instructions 
Clk3 @ 63000000 Finished 91464 instructions 
Clk7 @ 64000000 Finished 92897 instructions 
Clk7 @ 65000000 Finished 94375 instructions 
Clk3 @ 66000000 Finished 95850 instructions 
Clk3 @ 67000000 Finished 97299 instructions 
Clk3 @ 68000000 Finished 98635 instructions 
Clk@ 68944225 Working on the # 100000 th memory instruction
Clk7 @ 69000000 Finished 100080 instructions 
Clk3 @ 70000000 Finished 101562 instructions 
Clk3 @ 71000000 Finished 103022 instructions 
Clk7 @ 72000000 Finished 104499 instructions 
Clk7 @ 73000000 Finished 105956 instructions 
Clk3 @ 74000000 Finished 107434 instructions 
Clk7 @ 75000000 Finished 108919 instructions 
Clk@ 75763816 Working on the # 110000 th memory instruction
Clk7 @ 76000000 Finished 110361 instructions 
Clk7 @ 77000000 Finished 111837 instructions 
Clk7 @ 78000000 Finished 113307 instructions 
Clk3 @ 79000000 Finished 114726 instructions 
Clk7 @ 80000000 Finished 116189 instructions 
Clk3 @ 81000000 Finished 117671 instructions 
Clk7 @ 82000000 Finished 119115 instructions 
Clk@ 82636979 Working on the # 120000 th memory instruction
Clk7 @ 83000000 Finished 120364 instructions 
Clk3 @ 84000000 Finished 121688 instructions 
Clk3 @ 85000000 Finished 123099 instructions 
Clk7 @ 86000000 Finished 124605 instructions 
Clk7 @ 87000000 Finished 126070 instructions 
Clk7 @ 88000000 Finished 127546 instructions 
Clk3 @ 89000000 Finished 128982 instructions 
Clk@ 89682823 Working on the # 130000 th memory instruction
Clk3 @ 90000000 Finished 130461 instructions 
Clk3 @ 91000000 Finished 131817 instructions 
Clk7 @ 92000000 Finished 133300 instructions 
Clk3 @ 93000000 Finished 134757 instructions 
Clk7 @ 94000000 Finished 136249 instructions 
Clk3 @ 95000000 Finished 137705 instructions 
Clk7 @ 96000000 Finished 139182 instructions 
Clk@ 96572271 Working on the # 140000 th memory instruction
Clk3 @ 97000000 Finished 140637 instructions 
Clk7 @ 98000000 Finished 142017 instructions 
Clk3 @ 99000000 Finished 143436 instructions 
Clk3 @ 100000000 Finished 144902 instructions 
Clk7 @ 100000000 Finished 144902 instructions 
Clk7 @ 101000000 Finished 146352 instructions 
Clk7 @ 102000000 Finished 147771 instructions 
Clk7 @ 103000000 Finished 149272 instructions 
Clk@ 103502627 Working on the # 150000 th memory instruction
Clk3 @ 104000000 Finished 150736 instructions 
Clk7 @ 105000000 Finished 152211 instructions 
Clk7 @ 106000000 Finished 153640 instructions 
Clk7 @ 107000000 Finished 155028 instructions 
Clk3 @ 108000000 Finished 156471 instructions 
Clk3 @ 109000000 Finished 157954 instructions 
Clk7 @ 110000000 Finished 159358 instructions 
Clk@ 110443915 Working on the # 160000 th memory instruction
Clk7 @ 111000000 Finished 160842 instructions 
Clk3 @ 112000000 Finished 162326 instructions 
Clk7 @ 113000000 Finished 163758 instructions 
Clk7 @ 114000000 Finished 165093 instructions 
Clk7 @ 115000000 Finished 166566 instructions 
Clk7 @ 116000000 Finished 168003 instructions 
Clk3 @ 117000000 Finished 169461 instructions 
Clk7 @ 117000000 Finished 169461 instructions 
Clk@ 117368638 Working on the # 170000 th memory instruction
Clk3 @ 118000000 Finished 170916 instructions 
Clk3 @ 119000000 Finished 172363 instructions 
Clk7 @ 120000000 Finished 173853 instructions 
Clk3 @ 121000000 Finished 175149 instructions 
Clk3 @ 122000000 Finished 176613 instructions 
Clk3 @ 123000000 Finished 178074 instructions 
Clk3 @ 124000000 Finished 179547 instructions 
Clk@ 124303400 Working on the # 180000 th memory instruction
Clk7 @ 125000000 Finished 180979 instructions 
Clk7 @ 126000000 Finished 182433 instructions 
Clk7 @ 127000000 Finished 183888 instructions 
Clk7 @ 128000000 Finished 185355 instructions 
Clk3 @ 129000000 Finished 186742 instructions 
Clk3 @ 130000000 Finished 188214 instructions 
Clk3 @ 131000000 Finished 189660 instructions 
Clk@ 131233006 Working on the # 190000 th memory instruction
Clk3 @ 132000000 Finished 191140 instructions 
Clk7 @ 133000000 Finished 192550 instructions 
Clk3 @ 134000000 Finished 194013 instructions 
Clk3 @ 135000000 Finished 195453 instructions 
Clk3 @ 136000000 Finished 196785 instructions 
Clk3 @ 137000000 Finished 198201 instructions 
Clk3 @ 138000000 Finished 199659 instructions 
Clk@ 138238671 Working on the # 200000 th memory instruction
Clk3 @ 139000000 Finished 201108 instructions 
Clk3 @ 140000000 Finished 202578 instructions 
Clk7 @ 141000000 Finished 204051 instructions 
Clk3 @ 142000000 Finished 205468 instructions 
Clk3 @ 143000000 Finished 206923 instructions 
Clk7 @ 144000000 Finished 208383 instructions 
Clk3 @ 145000000 Finished 209842 instructions 
Clk@ 145104802 Working on the # 210000 th memory instruction
Clk7 @ 146000000 Finished 211320 instructions 
Clk7 @ 147000000 Finished 212733 instructions 
Clk7 @ 148000000 Finished 214203 instructions 
Clk3 @ 149000000 Finished 215666 instructions 
Clk7 @ 150000000 Finished 217113 instructions 
Clk7 @ 151000000 Finished 218490 instructions 
Clk3 @ 152000000 Finished 219937 instructions 
Clk@ 152041310 Working on the # 220000 th memory instruction
Clk3 @ 153000000 Finished 221387 instructions 
Clk3 @ 154000000 Finished 222855 instructions 
Clk3 @ 155000000 Finished 224328 instructions 
Clk7 @ 156000000 Finished 225800 instructions 
Clk7 @ 157000000 Finished 227190 instructions 
Clk7 @ 158000000 Finished 228688 instructions 
Clk@ 158924395 Working on the # 230000 th memory instruction
Clk7 @ 159000000 Finished 230107 instructions 
Clk7 @ 160000000 Finished 231589 instructions 
Clk3 @ 161000000 Finished 233031 instructions 
Clk7 @ 162000000 Finished 234500 instructions 
Clk7 @ 163000000 Finished 235954 instructions 
Clk7 @ 164000000 Finished 237408 instructions 
Clk7 @ 165000000 Finished 238834 instructions 
Clk@ 165867490 Working on the # 240000 th memory instruction
Clk3 @ 166000000 Finished 240138 instructions 
Clk3 @ 167000000 Finished 241309 instructions 
Clk3 @ 168000000 Finished 242645 instructions 
Clk7 @ 169000000 Finished 244033 instructions 
Clk3 @ 170000000 Finished 245469 instructions 
Clk7 @ 171000000 Finished 246878 instructions 
Clk3 @ 172000000 Finished 248331 instructions 
Clk7 @ 173000000 Finished 249797 instructions 
Clk@ 173139007 Working on the # 250000 th memory instruction
Clk7 @ 174000000 Finished 251241 instructions 
Clk3 @ 175000000 Finished 252732 instructions 
Clk7 @ 176000000 Finished 254176 instructions 
Clk3 @ 177000000 Finished 255651 instructions 
Clk3 @ 178000000 Finished 257037 instructions 
Clk7 @ 179000000 Finished 258507 instructions 
Clk7 @ 180000000 Finished 259991 instructions 
Clk@ 180005337 Working on the # 260000 th memory instruction
Clk7 @ 181000000 Finished 261450 instructions 
Clk3 @ 182000000 Finished 262764 instructions 
Clk7 @ 183000000 Finished 264240 instructions 
Clk3 @ 184000000 Finished 265691 instructions 
Clk3 @ 185000000 Finished 267165 instructions 
Clk3 @ 186000000 Finished 268584 instructions 
Clk@ 186954959 Working on the # 270000 th memory instruction
Clk7 @ 187000000 Finished 270066 instructions 
Clk7 @ 188000000 Finished 271529 instructions 
Clk3 @ 189000000 Finished 273021 instructions 
Clk7 @ 190000000 Finished 274440 instructions 
Clk3 @ 191000000 Finished 275874 instructions 
Clk7 @ 192000000 Finished 277362 instructions 
Clk3 @ 193000000 Finished 278770 instructions 
Clk@ 193836731 Working on the # 280000 th memory instruction
Clk3 @ 194000000 Finished 280248 instructions 
Clk3 @ 195000000 Finished 281703 instructions 
Clk3 @ 196000000 Finished 283106 instructions 
Clk7 @ 197000000 Finished 284395 instructions 
Clk3 @ 198000000 Finished 285864 instructions 
Clk7 @ 199000000 Finished 287298 instructions 
Clk3 @ 200000000 Finished 288767 instructions 
Clk@ 200868264 Working on the # 290000 th memory instruction
Clk3 @ 201000000 Finished 290181 instructions 
Clk7 @ 202000000 Finished 291628 instructions 
Clk3 @ 203000000 Finished 293097 instructions 
Clk3 @ 204000000 Finished 294586 instructions 
Clk3 @ 205000000 Finished 295947 instructions 
Clk3 @ 206000000 Finished 297432 instructions 
Clk3 @ 207000000 Finished 298905 instructions 
Clk@ 207755566 Working on the # 300000 th memory instruction
Clk3 @ 208000000 Finished 300351 instructions 
Clk7 @ 209000000 Finished 301821 instructions 
Clk3 @ 210000000 Finished 303255 instructions 
Clk3 @ 211000000 Finished 304734 instructions 
Clk3 @ 212000000 Finished 306102 instructions 
Clk3 @ 213000000 Finished 307529 instructions 
Clk7 @ 214000000 Finished 308931 instructions 
Clk@ 214749980 Working on the # 310000 th memory instruction
Clk7 @ 215000000 Finished 310366 instructions 
Clk7 @ 216000000 Finished 311812 instructions 
Clk3 @ 217000000 Finished 313263 instructions 
Clk3 @ 218000000 Finished 314733 instructions 
Clk7 @ 219000000 Finished 316188 instructions 
Clk3 @ 220000000 Finished 317547 instructions 
Clk3 @ 221000000 Finished 319014 instructions 
Clk@ 221686086 Working on the # 320000 th memory instruction
Clk7 @ 222000000 Finished 320476 instructions 
Clk3 @ 223000000 Finished 321975 instructions 
Clk7 @ 224000000 Finished 323412 instructions 
Clk7 @ 225000000 Finished 324897 instructions 
Clk7 @ 226000000 Finished 326317 instructions 
Clk7 @ 227000000 Finished 327664 instructions 
Clk3 @ 228000000 Finished 328991 instructions 
Clk@ 228694010 Working on the # 330000 th memory instruction
Clk7 @ 229000000 Finished 330427 instructions 
Clk7 @ 230000000 Finished 331881 instructions 
Clk7 @ 231000000 Finished 333312 instructions 
Clk3 @ 232000000 Finished 334780 instructions 
Clk7 @ 233000000 Finished 336235 instructions 
Clk3 @ 234000000 Finished 337707 instructions 
Clk7 @ 235000000 Finished 339127 instructions 
Clk@ 235615946 Working on the # 340000 th memory instruction
Clk3 @ 236000000 Finished 340536 instructions 
Clk3 @ 237000000 Finished 341982 instructions 
Clk3 @ 238000000 Finished 343455 instructions 
Clk3 @ 239000000 Finished 344874 instructions 
Clk7 @ 240000000 Finished 346362 instructions 
Clk3 @ 241000000 Finished 347815 instructions 
Clk7 @ 242000000 Finished 349214 instructions 
Clk@ 242667445 Working on the # 350000 th memory instruction
Clk7 @ 243000000 Finished 350455 instructions 
Clk7 @ 244000000 Finished 351912 instructions 
Clk7 @ 245000000 Finished 353356 instructions 
Clk7 @ 246000000 Finished 354828 instructions 
Clk7 @ 247000000 Finished 356261 instructions 
Clk7 @ 248000000 Finished 357721 instructions 
Clk3 @ 249000000 Finished 359166 instructions 
Clk@ 249564750 Working on the # 360000 th memory instruction
Clk7 @ 250000000 Finished 360547 instructions 
Clk3 @ 251000000 Finished 362002 instructions 
Clk7 @ 252000000 Finished 363459 instructions 
Clk7 @ 253000000 Finished 364920 instructions 
Clk7 @ 254000000 Finished 366354 instructions 
Clk3 @ 255000000 Finished 367812 instructions 
Clk7 @ 256000000 Finished 369256 instructions 
Clk@ 256499215 Working on the # 370000 th memory instruction
Clk7 @ 257000000 Finished 370731 instructions 
Clk3 @ 258000000 Finished 372018 instructions 
Clk3 @ 259000000 Finished 373479 instructions 
Clk3 @ 260000000 Finished 374914 instructions 
Clk3 @ 261000000 Finished 376380 instructions 
Clk3 @ 262000000 Finished 377814 instructions 
Clk3 @ 263000000 Finished 379269 instructions 
Clk@ 263499421 Working on the # 380000 th memory instruction
Clk3 @ 264000000 Finished 380726 instructions 
Clk3 @ 265000000 Finished 382185 instructions 
Clk3 @ 266000000 Finished 383601 instructions 
Clk7 @ 267000000 Finished 385027 instructions 
Clk7 @ 268000000 Finished 386469 instructions 
Clk3 @ 269000000 Finished 387909 instructions 
Clk3 @ 270000000 Finished 389367 instructions 
Clk@ 270445980 Working on the # 390000 th memory instruction
Clk3 @ 271000000 Finished 390787 instructions 
Clk3 @ 272000000 Finished 392247 instructions 
Clk3 @ 273000000 Finished 393495 instructions 
Clk7 @ 274000000 Finished 394882 instructions 
Clk3 @ 275000000 Finished 396330 instructions 
Clk7 @ 276000000 Finished 397761 instructions 
Clk7 @ 277000000 Finished 399225 instructions 
Clk@ 277552338 Working on the # 400000 th memory instruction
Clk7 @ 278000000 Finished 400640 instructions 
Clk3 @ 279000000 Finished 402073 instructions 
Clk3 @ 280000000 Finished 403525 instructions 
Clk7 @ 281000000 Finished 404974 instructions 
Clk3 @ 282000000 Finished 406425 instructions 
Clk7 @ 283000000 Finished 407901 instructions 
Clk3 @ 284000000 Finished 409314 instructions 
Clk@ 284466771 Working on the # 410000 th memory instruction
Clk3 @ 285000000 Finished 410764 instructions 
Clk3 @ 287000000 Finished 413635 instructions 
Clk7 @ 288000000 Finished 415055 instructions 
Clk7 @ 289000000 Finished 416493 instructions 
Clk3 @ 290000000 Finished 417954 instructions 
Clk3 @ 291000000 Finished 419427 instructions 
Clk@ 291396681 Working on the # 420000 th memory instruction
Clk3 @ 292000000 Finished 420887 instructions 
Clk3 @ 293000000 Finished 422364 instructions 
Clk3 @ 294000000 Finished 423727 instructions 
Clk3 @ 295000000 Finished 425190 instructions 
Clk7 @ 296000000 Finished 426618 instructions 
Clk3 @ 297000000 Finished 428089 instructions 
Clk3 @ 298000000 Finished 429507 instructions 
Clk@ 298331750 Working on the # 430000 th memory instruction
Clk7 @ 299000000 Finished 430973 instructions 
Clk3 @ 300000000 Finished 432418 instructions 
Clk7 @ 301000000 Finished 433899 instructions 
Clk3 @ 302000000 Finished 435307 instructions 
Clk7 @ 303000000 Finished 436731 instructions 
Clk3 @ 304000000 Finished 438069 instructions 
Clk3 @ 305000000 Finished 439533 instructions 
Clk@ 305334704 Working on the # 440000 th memory instruction
Clk7 @ 306000000 Finished 440981 instructions 
Clk7 @ 307000000 Finished 442411 instructions 
Clk3 @ 308000000 Finished 443858 instructions 
Clk3 @ 309000000 Finished 445293 instructions 
Clk7 @ 310000000 Finished 446763 instructions 
Clk3 @ 311000000 Finished 448214 instructions 
Clk7 @ 312000000 Finished 449677 instructions 
Clk@ 312229515 Working on the # 450000 th memory instruction
Clk7 @ 313000000 Finished 451131 instructions 
Clk3 @ 314000000 Finished 452604 instructions 
Clk7 @ 315000000 Finished 453939 instructions 
Clk3 @ 316000000 Finished 455397 instructions 
Clk3 @ 317000000 Finished 456880 instructions 
Clk3 @ 318000000 Finished 458332 instructions 
Clk3 @ 319000000 Finished 459691 instructions 
Clk@ 319203672 Working on the # 460000 th memory instruction
Clk7 @ 320000000 Finished 461166 instructions 
Clk7 @ 321000000 Finished 462627 instructions 
Clk7 @ 322000000 Finished 464088 instructions 
Clk7 @ 323000000 Finished 465501 instructions 
Clk7 @ 324000000 Finished 466959 instructions 
Clk3 @ 325000000 Finished 468435 instructions 
Clk7 @ 326000000 Finished 469866 instructions 
Clk@ 326089505 Working on the # 470000 th memory instruction
Clk3 @ 327000000 Finished 471327 instructions 
Clk7 @ 328000000 Finished 472770 instructions 
Clk7 @ 329000000 Finished 474261 instructions 
Clk3 @ 330000000 Finished 475653 instructions 
Clk3 @ 331000000 Finished 477125 instructions 
Clk7 @ 332000000 Finished 478569 instructions 
Clk3 @ 333000000 Finished 479904 instructions 
Clk@ 333073650 Working on the # 480000 th memory instruction
Clk3 @ 334000000 Finished 481050 instructions 
Clk7 @ 335000000 Finished 482385 instructions 
Clk3 @ 336000000 Finished 483756 instructions 
Clk3 @ 337000000 Finished 485164 instructions 
Clk3 @ 338000000 Finished 486562 instructions 
Clk7 @ 339000000 Finished 487995 instructions 
Clk3 @ 340000000 Finished 489432 instructions 
Clk@ 340387260 Working on the # 490000 th memory instruction
Clk7 @ 341000000 Finished 490899 instructions 
Clk7 @ 342000000 Finished 492268 instructions 
Clk3 @ 343000000 Finished 493730 instructions 
Clk3 @ 344000000 Finished 495207 instructions 
Clk7 @ 345000000 Finished 496619 instructions 
Clk7 @ 346000000 Finished 498081 instructions 
Clk3 @ 347000000 Finished 499512 instructions 
Clk@ 347342450 Working on the # 500000 th memory instruction
Warm up done after line access count: 500000 out of 1000000 (50 %)
Clk3 @ 348000000 Finished 500949 instructions 
Clk3 @ 349000000 Finished 502399 instructions 
Clk7 @ 350000000 Finished 503832 instructions 
Clk3 @ 351000000 Finished 505293 instructions 
Clk7 @ 352000000 Finished 506721 instructions 
Clk7 @ 353000000 Finished 508178 instructions 
Clk3 @ 354000000 Finished 509643 instructions 
Clk@ 354248806 Working on the # 510000 th memory instruction
Clk3 @ 355000000 Finished 511110 instructions 
Clk3 @ 356000000 Finished 512556 instructions 
Clk7 @ 357000000 Finished 513855 instructions 
Clk7 @ 358000000 Finished 515313 instructions 
Clk7 @ 359000000 Finished 516780 instructions 
Clk3 @ 360000000 Finished 518235 instructions 
Clk7 @ 361000000 Finished 519690 instructions 
Clk@ 361208337 Working on the # 520000 th memory instruction
Clk3 @ 362000000 Finished 521160 instructions 
Clk3 @ 363000000 Finished 522560 instructions 
Clk3 @ 364000000 Finished 523971 instructions 
Clk3 @ 365000000 Finished 525216 instructions 
Clk7 @ 366000000 Finished 526671 instructions 
Clk7 @ 367000000 Finished 528114 instructions 
Clk7 @ 368000000 Finished 529560 instructions 
Clk@ 368318957 Working on the # 530000 th memory instruction
Clk7 @ 369000000 Finished 530999 instructions 
Clk7 @ 370000000 Finished 532469 instructions 
Clk3 @ 371000000 Finished 533919 instructions 
Clk3 @ 372000000 Finished 535284 instructions 
Clk3 @ 373000000 Finished 536748 instructions 
Clk7 @ 374000000 Finished 538218 instructions 
Clk7 @ 375000000 Finished 539676 instructions 
Clk@ 375214968 Working on the # 540000 th memory instruction
Clk7 @ 376000000 Finished 541097 instructions 
Clk3 @ 377000000 Finished 542574 instructions 
Clk3 @ 378000000 Finished 544034 instructions 
Clk3 @ 379000000 Finished 545483 instructions 
Clk7 @ 379000000 Finished 545483 instructions 
Clk3 @ 380000000 Finished 546840 instructions 
Clk7 @ 381000000 Finished 548295 instructions 
Clk@ 382183041 Working on the # 550000 th memory instruction
Clk3 @ 383000000 Finished 551205 instructions 
Clk7 @ 384000000 Finished 552624 instructions 
Clk3 @ 385000000 Finished 554114 instructions 
Clk3 @ 386000000 Finished 555558 instructions 
Clk7 @ 387000000 Finished 556990 instructions 
Clk3 @ 388000000 Finished 558371 instructions 
Clk7 @ 389000000 Finished 559812 instructions 
Clk@ 389139628 Working on the # 560000 th memory instruction
Clk3 @ 390000000 Finished 561264 instructions 
Clk7 @ 391000000 Finished 562693 instructions 
Clk7 @ 392000000 Finished 564123 instructions 
Clk7 @ 393000000 Finished 565492 instructions 
Clk7 @ 394000000 Finished 566959 instructions 
Clk3 @ 395000000 Finished 568206 instructions 
Clk7 @ 396000000 Finished 569633 instructions 
Clk@ 396245981 Working on the # 570000 th memory instruction
Clk3 @ 397000000 Finished 571059 instructions 
Clk3 @ 398000000 Finished 572532 instructions 
Clk3 @ 399000000 Finished 573942 instructions 
Clk3 @ 400000000 Finished 575379 instructions 
Clk7 @ 401000000 Finished 576837 instructions 
Clk3 @ 402000000 Finished 578289 instructions 
Clk7 @ 403000000 Finished 579690 instructions 
Clk@ 403208487 Working on the # 580000 th memory instruction
Clk7 @ 404000000 Finished 581119 instructions 
Clk3 @ 405000000 Finished 582549 instructions 
Clk3 @ 406000000 Finished 584035 instructions 
Clk3 @ 407000000 Finished 585475 instructions 
Clk7 @ 408000000 Finished 586934 instructions 
Clk7 @ 409000000 Finished 588399 instructions 
Clk3 @ 410000000 Finished 589818 instructions 
Clk@ 410189522 Working on the # 590000 th memory instruction
Clk3 @ 411000000 Finished 591156 instructions 
Clk3 @ 412000000 Finished 592605 instructions 
Clk7 @ 413000000 Finished 594067 instructions 
Clk3 @ 414000000 Finished 595512 instructions 
Clk7 @ 415000000 Finished 596991 instructions 
Clk3 @ 416000000 Finished 598421 instructions 
Clk3 @ 417000000 Finished 599837 instructions 
Clk@ 417110450 Working on the # 600000 th memory instruction
Clk7 @ 418000000 Finished 601261 instructions 
Clk3 @ 419000000 Finished 602724 instructions 
Clk7 @ 420000000 Finished 604197 instructions 
Clk7 @ 421000000 Finished 605619 instructions 
Clk7 @ 422000000 Finished 607053 instructions 
Clk7 @ 423000000 Finished 608509 instructions 
Clk3 @ 424000000 Finished 609968 instructions 
Clk@ 424022577 Working on the # 610000 th memory instruction
Clk7 @ 425000000 Finished 611400 instructions 
Clk7 @ 426000000 Finished 612696 instructions 
Clk7 @ 427000000 Finished 614168 instructions 
Clk7 @ 428000000 Finished 615537 instructions 
Clk3 @ 429000000 Finished 616978 instructions 
Clk7 @ 430000000 Finished 618424 instructions 
Clk3 @ 431000000 Finished 619862 instructions 
Clk@ 431108788 Working on the # 620000 th memory instruction
Clk3 @ 432000000 Finished 621296 instructions 
Clk7 @ 433000000 Finished 622716 instructions 
Clk7 @ 434000000 Finished 624181 instructions 
Clk7 @ 435000000 Finished 625614 instructions 
Clk3 @ 436000000 Finished 627094 instructions 
Clk3 @ 437000000 Finished 628555 instructions 
Clk@ 437979638 Working on the # 630000 th memory instruction
Clk7 @ 438000000 Finished 630032 instructions 
Clk7 @ 439000000 Finished 631461 instructions 
Clk7 @ 440000000 Finished 632895 instructions 
Clk3 @ 441000000 Finished 634212 instructions 
Clk7 @ 442000000 Finished 635664 instructions 
Clk7 @ 443000000 Finished 637111 instructions 
Clk7 @ 444000000 Finished 638588 instructions 
Clk@ 444998280 Working on the # 640000 th memory instruction
Clk7 @ 445000000 Finished 640002 instructions 
Clk7 @ 446000000 Finished 641470 instructions 
Clk3 @ 447000000 Finished 642934 instructions 
Clk3 @ 448000000 Finished 644406 instructions 
Clk7 @ 449000000 Finished 645801 instructions 
Clk3 @ 450000000 Finished 647244 instructions 
Clk3 @ 451000000 Finished 648720 instructions 
Clk@ 451912037 Working on the # 650000 th memory instruction
Clk7 @ 452000000 Finished 650124 instructions 
Clk3 @ 453000000 Finished 651548 instructions 
Clk3 @ 454000000 Finished 653008 instructions 
Clk7 @ 455000000 Finished 654435 instructions 
Clk3 @ 456000000 Finished 655630 instructions 
Clk3 @ 457000000 Finished 656991 instructions 
Clk3 @ 458000000 Finished 658424 instructions 
Clk7 @ 459000000 Finished 659873 instructions 
Clk@ 459085148 Working on the # 660000 th memory instruction
Clk7 @ 460000000 Finished 661294 instructions 
Clk3 @ 461000000 Finished 662733 instructions 
Clk7 @ 462000000 Finished 664204 instructions 
Clk7 @ 463000000 Finished 665679 instructions 
Clk3 @ 464000000 Finished 667047 instructions 
Clk7 @ 465000000 Finished 668505 instructions 
Clk7 @ 466000000 Finished 669940 instructions 
Clk@ 466042553 Working on the # 670000 th memory instruction
Clk3 @ 467000000 Finished 671400 instructions 
Clk3 @ 468000000 Finished 672825 instructions 
Clk7 @ 469000000 Finished 674268 instructions 
Clk7 @ 470000000 Finished 675718 instructions 
Clk3 @ 471000000 Finished 677151 instructions 
Clk3 @ 472000000 Finished 678534 instructions 
Clk3 @ 473000000 Finished 679965 instructions 
Clk@ 473025236 Working on the # 680000 th memory instruction
Clk7 @ 474000000 Finished 681381 instructions 
Clk3 @ 475000000 Finished 682839 instructions 
Clk7 @ 476000000 Finished 684255 instructions 
Clk3 @ 477000000 Finished 685720 instructions 
Clk3 @ 478000000 Finished 687180 instructions 
Clk3 @ 479000000 Finished 688552 instructions 
Clk@ 479987516 Working on the # 690000 th memory instruction
Clk7 @ 480000000 Finished 690014 instructions 
Clk3 @ 481000000 Finished 691476 instructions 
Clk3 @ 482000000 Finished 692903 instructions 
Clk7 @ 483000000 Finished 694332 instructions 
Clk7 @ 484000000 Finished 695742 instructions 
Clk3 @ 485000000 Finished 697161 instructions 
Clk7 @ 486000000 Finished 698540 instructions 
Clk3 @ 487000000 Finished 699705 instructions 
Clk@ 487227769 Working on the # 700000 th memory instruction
Clk7 @ 488000000 Finished 701046 instructions 
Clk3 @ 489000000 Finished 702508 instructions 
Clk3 @ 490000000 Finished 703945 instructions 
Clk7 @ 491000000 Finished 705351 instructions 
Clk3 @ 492000000 Finished 706815 instructions 
Clk3 @ 493000000 Finished 708261 instructions 
Clk3 @ 494000000 Finished 709710 instructions 
Clk@ 494245131 Working on the # 710000 th memory instruction
Clk3 @ 495000000 Finished 711071 instructions 
Clk7 @ 496000000 Finished 712541 instructions 
Clk3 @ 497000000 Finished 713982 instructions 
Clk3 @ 498000000 Finished 715441 instructions 
Clk3 @ 499000000 Finished 716885 instructions 
Clk3 @ 500000000 Finished 718316 instructions 
Clk3 @ 501000000 Finished 719782 instructions 
Clk@ 501144163 Working on the # 720000 th memory instruction
Clk7 @ 502000000 Finished 721083 instructions 
Clk7 @ 503000000 Finished 722528 instructions 
Clk3 @ 504000000 Finished 723984 instructions 
Clk3 @ 505000000 Finished 725443 instructions 
Clk3 @ 506000000 Finished 726837 instructions 
Clk3 @ 507000000 Finished 728284 instructions 
Clk3 @ 508000000 Finished 729719 instructions 
Clk@ 508196280 Working on the # 730000 th memory instruction
Clk3 @ 509000000 Finished 731161 instructions 
Clk3 @ 510000000 Finished 732591 instructions 
Clk3 @ 511000000 Finished 734053 instructions 
Clk7 @ 512000000 Finished 735482 instructions 
Clk7 @ 513000000 Finished 736938 instructions 
Clk3 @ 514000000 Finished 738367 instructions 
Clk7 @ 515000000 Finished 739839 instructions 
Clk@ 515114957 Working on the # 740000 th memory instruction
Clk7 @ 516000000 Finished 741276 instructions 
Clk7 @ 517000000 Finished 742684 instructions 
Clk3 @ 518000000 Finished 743942 instructions 
Clk3 @ 519000000 Finished 745397 instructions 
Clk3 @ 520000000 Finished 746847 instructions 
Clk3 @ 521000000 Finished 748269 instructions 
Clk3 @ 522000000 Finished 749707 instructions 
Clk@ 522196320 Working on the # 750000 th memory instruction
Clk7 @ 523000000 Finished 751162 instructions 
Clk7 @ 524000000 Finished 752612 instructions 
Clk7 @ 525000000 Finished 754027 instructions 
Clk7 @ 526000000 Finished 755478 instructions 
Clk3 @ 527000000 Finished 756882 instructions 
Clk3 @ 528000000 Finished 758328 instructions 
Clk3 @ 529000000 Finished 759780 instructions 
Clk@ 529153418 Working on the # 760000 th memory instruction
Clk7 @ 530000000 Finished 761232 instructions 
Clk3 @ 531000000 Finished 762672 instructions 
Clk3 @ 532000000 Finished 764133 instructions 
Clk7 @ 533000000 Finished 765502 instructions 
Clk3 @ 534000000 Finished 766956 instructions 
Clk3 @ 535000000 Finished 768386 instructions 
Clk7 @ 536000000 Finished 769792 instructions 
Clk@ 536145738 Working on the # 770000 th memory instruction
Clk7 @ 537000000 Finished 771225 instructions 
Clk7 @ 538000000 Finished 772660 instructions 
Clk3 @ 539000000 Finished 774096 instructions 
Clk7 @ 540000000 Finished 775535 instructions 
Clk3 @ 541000000 Finished 776958 instructions 
Clk7 @ 542000000 Finished 778403 instructions 
Clk7 @ 543000000 Finished 779823 instructions 
Clk@ 543122295 Working on the # 780000 th memory instruction
Clk3 @ 544000000 Finished 781238 instructions 
Clk7 @ 545000000 Finished 782692 instructions 
Clk7 @ 546000000 Finished 784129 instructions 
Clk7 @ 547000000 Finished 785562 instructions 
Clk7 @ 548000000 Finished 786741 instructions 
Clk3 @ 549000000 Finished 788058 instructions 
Clk3 @ 550000000 Finished 789498 instructions 
Clk@ 550350856 Working on the # 790000 th memory instruction
Clk3 @ 551000000 Finished 790915 instructions 
Clk7 @ 552000000 Finished 792361 instructions 
Clk7 @ 553000000 Finished 793798 instructions 
Clk7 @ 554000000 Finished 795223 instructions 
Clk7 @ 555000000 Finished 796663 instructions 
Clk3 @ 556000000 Finished 798084 instructions 
Clk3 @ 557000000 Finished 799509 instructions 
Clk@ 557336451 Working on the # 800000 th memory instruction
Clk7 @ 558000000 Finished 800956 instructions 
Clk7 @ 559000000 Finished 802353 instructions 
Clk7 @ 560000000 Finished 803806 instructions 
Clk3 @ 561000000 Finished 805221 instructions 
Clk7 @ 562000000 Finished 806683 instructions 
Clk7 @ 563000000 Finished 808114 instructions 
Clk3 @ 564000000 Finished 809535 instructions 
Clk@ 564321995 Working on the # 810000 th memory instruction
Clk3 @ 565000000 Finished 811002 instructions 
Clk3 @ 566000000 Finished 812424 instructions 
Clk7 @ 567000000 Finished 813875 instructions 
Clk3 @ 568000000 Finished 815342 instructions 
Clk7 @ 569000000 Finished 816711 instructions 
Clk3 @ 570000000 Finished 818151 instructions 
Clk7 @ 571000000 Finished 819576 instructions 
Clk@ 571290605 Working on the # 820000 th memory instruction
Clk7 @ 572000000 Finished 821024 instructions 
Clk7 @ 573000000 Finished 822364 instructions 
Clk7 @ 574000000 Finished 823807 instructions 
Clk3 @ 575000000 Finished 825240 instructions 
Clk7 @ 576000000 Finished 826698 instructions 
Clk3 @ 577000000 Finished 828110 instructions 
Clk7 @ 578000000 Finished 829557 instructions 
Clk@ 578320243 Working on the # 830000 th memory instruction
Clk3 @ 579000000 Finished 830911 instructions 
Clk7 @ 580000000 Finished 832363 instructions 
Clk3 @ 581000000 Finished 833793 instructions 
Clk3 @ 582000000 Finished 835254 instructions 
Clk3 @ 583000000 Finished 836655 instructions 
Clk7 @ 584000000 Finished 838118 instructions 
Clk7 @ 585000000 Finished 839556 instructions 
Clk@ 585297357 Working on the # 840000 th memory instruction
Clk3 @ 586000000 Finished 841020 instructions 
Clk3 @ 587000000 Finished 842454 instructions 
Clk3 @ 588000000 Finished 843891 instructions 
Clk7 @ 589000000 Finished 845353 instructions 
Clk3 @ 590000000 Finished 846674 instructions 
Clk7 @ 591000000 Finished 848071 instructions 
Clk3 @ 592000000 Finished 849490 instructions 
Clk7 @ 592000000 Finished 849490 instructions 
Clk@ 592345059 Working on the # 850000 th memory instruction
Clk7 @ 593000000 Finished 850929 instructions 
Clk7 @ 594000000 Finished 852331 instructions 
Clk3 @ 595000000 Finished 853776 instructions 
Clk3 @ 596000000 Finished 855234 instructions 
Clk7 @ 597000000 Finished 856686 instructions 
Clk3 @ 598000000 Finished 858060 instructions 
Clk7 @ 599000000 Finished 859510 instructions 
Clk@ 599331304 Working on the # 860000 th memory instruction
Clk7 @ 600000000 Finished 860967 instructions 
Clk7 @ 601000000 Finished 862409 instructions 
Clk7 @ 602000000 Finished 863836 instructions 
Clk7 @ 603000000 Finished 865296 instructions 
Clk3 @ 604000000 Finished 866742 instructions 
Clk3 @ 605000000 Finished 868202 instructions 
Clk7 @ 606000000 Finished 869556 instructions 
Clk@ 606312112 Working on the # 870000 th memory instruction
Clk7 @ 607000000 Finished 870997 instructions 
Clk7 @ 608000000 Finished 872449 instructions 
Clk3 @ 609000000 Finished 873770 instructions 
Clk3 @ 610000000 Finished 875091 instructions 
Clk7 @ 611000000 Finished 876541 instructions 
Clk3 @ 612000000 Finished 877956 instructions 
Clk3 @ 613000000 Finished 879375 instructions 
Clk@ 613424619 Working on the # 880000 th memory instruction
Clk3 @ 614000000 Finished 880839 instructions 
Clk3 @ 615000000 Finished 882293 instructions 
Clk7 @ 616000000 Finished 883748 instructions 
Clk7 @ 617000000 Finished 885129 instructions 
Clk3 @ 618000000 Finished 886579 instructions 
Clk3 @ 619000000 Finished 888023 instructions 
Clk3 @ 620000000 Finished 889419 instructions 
Clk@ 620393997 Working on the # 890000 th memory instruction
Clk7 @ 621000000 Finished 890883 instructions 
Clk3 @ 622000000 Finished 892324 instructions 
Clk7 @ 623000000 Finished 893766 instructions 
Clk7 @ 624000000 Finished 895221 instructions 
Clk7 @ 625000000 Finished 896637 instructions 
Clk7 @ 626000000 Finished 898092 instructions 
Clk7 @ 627000000 Finished 899526 instructions 
Clk@ 627356976 Working on the # 900000 th memory instruction
Clk3 @ 628000000 Finished 900945 instructions 
Clk3 @ 629000000 Finished 902391 instructions 
Clk7 @ 630000000 Finished 903853 instructions 
Clk3 @ 631000000 Finished 905271 instructions 
Clk7 @ 632000000 Finished 906612 instructions 
Clk7 @ 633000000 Finished 908004 instructions 
Clk7 @ 634000000 Finished 909448 instructions 
Clk@ 634371731 Working on the # 910000 th memory instruction
Clk7 @ 635000000 Finished 910915 instructions 
Clk3 @ 636000000 Finished 912361 instructions 
Clk7 @ 637000000 Finished 913833 instructions 
Clk7 @ 638000000 Finished 915246 instructions 
Clk3 @ 639000000 Finished 916712 instructions 
Clk7 @ 640000000 Finished 918009 instructions 
Clk3 @ 641000000 Finished 919459 instructions 
Clk@ 641366606 Working on the # 920000 th memory instruction
Clk3 @ 642000000 Finished 920901 instructions 
Clk7 @ 643000000 Finished 922365 instructions 
Clk3 @ 644000000 Finished 923790 instructions 
Clk3 @ 645000000 Finished 925249 instructions 
Clk3 @ 646000000 Finished 926675 instructions 
Clk3 @ 647000000 Finished 928119 instructions 
Clk3 @ 648000000 Finished 929487 instructions 
Clk@ 648358053 Working on the # 930000 th memory instruction
Clk7 @ 649000000 Finished 930936 instructions 
Clk7 @ 650000000 Finished 932394 instructions 
Clk7 @ 651000000 Finished 933852 instructions 
Clk7 @ 652000000 Finished 935271 instructions 
Clk3 @ 653000000 Finished 936729 instructions 
Clk7 @ 654000000 Finished 938187 instructions 
Clk3 @ 655000000 Finished 939564 instructions 
Clk@ 655307658 Working on the # 940000 th memory instruction
Clk3 @ 656000000 Finished 940999 instructions 
Clk7 @ 657000000 Finished 942439 instructions 
Clk3 @ 658000000 Finished 943900 instructions 
Clk7 @ 658000000 Finished 943900 instructions 
Clk3 @ 659000000 Finished 945291 instructions 
Clk7 @ 660000000 Finished 946743 instructions 
Clk7 @ 661000000 Finished 948216 instructions 
Clk7 @ 662000000 Finished 949642 instructions 
Clk@ 662252273 Working on the # 950000 th memory instruction
Clk7 @ 663000000 Finished 950984 instructions 
Clk3 @ 665000000 Finished 953877 instructions 
Clk7 @ 666000000 Finished 955323 instructions 
Clk3 @ 667000000 Finished 956751 instructions 
Clk7 @ 668000000 Finished 958181 instructions 
Clk7 @ 669000000 Finished 959535 instructions 
Clk@ 669338649 Working on the # 960000 th memory instruction
Clk3 @ 670000000 Finished 960833 instructions 
Clk7 @ 671000000 Finished 962034 instructions 
Clk7 @ 672000000 Finished 963433 instructions 
Clk3 @ 673000000 Finished 964789 instructions 
Clk7 @ 674000000 Finished 966219 instructions 
Clk3 @ 675000000 Finished 967585 instructions 
Clk3 @ 676000000 Finished 969018 instructions 
Clk@ 676684865 Working on the # 970000 th memory instruction
Clk3 @ 677000000 Finished 970452 instructions 
Clk7 @ 678000000 Finished 971892 instructions 
Clk3 @ 679000000 Finished 973283 instructions 
Clk3 @ 680000000 Finished 974704 instructions 
Clk7 @ 681000000 Finished 976143 instructions 
Clk7 @ 682000000 Finished 977592 instructions 
Clk7 @ 683000000 Finished 979034 instructions 
Clk@ 683659111 Working on the # 980000 th memory instruction
Clk3 @ 684000000 Finished 980481 instructions 
Clk7 @ 685000000 Finished 981954 instructions 
Clk7 @ 686000000 Finished 983277 instructions 
Clk3 @ 687000000 Finished 984709 instructions 
Clk3 @ 688000000 Finished 986159 instructions 
Clk7 @ 689000000 Finished 987600 instructions 
Clk7 @ 690000000 Finished 989045 instructions 
Clk@ 690654463 Working on the # 990000 th memory instruction
Clk7 @ 691000000 Finished 990511 instructions 
Clk7 @ 692000000 Finished 991887 instructions 
Clk3 @ 693000000 Finished 993312 instructions 
Clk7 @ 694000000 Finished 994748 instructions 
Clk3 @ 695000000 Finished 996205 instructions 
Clk3 @ 696000000 Finished 997671 instructions 
Clk3 @ 697000000 Finished 999057 instructions 
Clk@ 697669072 Working on the # 1000000 th memory instruction

===*** Data ***====
Stall reason distribution: 
mc_hazard: 0
normal: 0
rs_hazard: 0
rw_swtich: 0
Early reshuffle distribution: 
0: 0
1: 0
2: 0
3: 0
4: 0
5: 0
6: 0
7: 0
8: 13773
9: 62668
10: 62647
11: 63011
12: 62437
13: 62131
14: 61252
15: 59630
16: 56667
17: 50557
18: 37117
19: 14957
20: 2589
21: 253
22: 18
23: 1
24: 0
25: 0
26: 0
=================
Max stash size is: 64
Average stash size is: 13.6006
useful_read_pull_ddr: 500014 (0.918093) %
dummy_read_pull_ddr: 8609653 (15.8085) %
useful_early_pull_ddr: 1344181 (2.4681) %
useful_early_push_ddr: 464683 (0.853221) %
useful_write_pull_ddr: 12143898 (22.2978) %
useful_write_push_ddr: 3835133 (7.04182) %
dummy_early_pull_ddr: 336324 (0.617536) %
dummy_early_push_ddr: 2560226 (4.70092) %
dummy_write_pull_ddr: 2326 (0.00427085) %
dummy_write_push_ddr: 24665779 (45.2897) %
=================
Stash violation number of times: 0
=================
Check NodeID traffic: 9748296
Update NodeID traffic: 201
=================
Read RS lines: 1000000 (34.6491) %
Write RS lines: 666666 (23.0993) %
Early RS lines: 1219416 (42.2516) %
Read DDR lines: 18219347 (17.2363) %
Write DDR lines: 78947830 (74.6883) %
Early DDR lines: 8535912 (8.07537) %

====*** pos1 ***====
Stall reason distribution: 
mc_hazard: 0
normal: 0
rs_hazard: 0
rw_swtich: 0
Early reshuffle distribution: 
0: 0
1: 0
2: 0
3: 0
4: 0
5: 13458
6: 62194
7: 62504
8: 62644
9: 62623
10: 62574
11: 62664
12: 62453
13: 61959
14: 61531
15: 59769
16: 56151
17: 49755
18: 36853
19: 13952
20: 2164
21: 169
22: 5
23: 0
=================
Max stash size is: 69
Average stash size is: 12.3624
useful_read_pull_ddr: 999996 (0.904006) %
dummy_read_pull_ddr: 17218865 (15.566) %
useful_early_pull_ddr: 3171335 (2.86692) %
useful_early_push_ddr: 1154311 (1.04351) %
useful_write_pull_ddr: 24266194 (21.9369) %
useful_write_push_ddr: 8982076 (8.11988) %
dummy_early_pull_ddr: 795775 (0.719388) %
dummy_early_push_ddr: 5986487 (5.41184) %
dummy_write_pull_ddr: 25446 (0.0230034) %
dummy_write_push_ddr: 48017867 (43.4086) %
=================
Stash violation number of times: 0
=================
Check NodeID traffic: 15059910
Update NodeID traffic: 69
=================
Read RS lines: 1000000 (30.736) %
Write RS lines: 666666 (20.4907) %
Early RS lines: 1586844 (48.7733) %
Read DDR lines: 18218861 (16.8265) %
Write DDR lines: 78947830 (72.9145) %
Early DDR lines: 11107908 (10.259) %

====*** pos2 ***====
Stall reason distribution: 
mc_hazard: 0
normal: 0
rs_hazard: 0
rw_swtich: 0
Early reshuffle distribution: 
0: 0
1: 0
2: 0
3: 0
4: 11337
5: 61501
6: 62190
7: 62471
8: 62895
9: 62810
10: 62682
11: 62777
12: 62346
13: 61784
14: 60913
15: 58843
16: 54772
17: 47226
18: 32675
19: 8640
20: 333
=================
Max stash size is: 66
Average stash size is: 12.0533
useful_read_pull_ddr: 999993 (0.966387) %
dummy_read_pull_ddr: 15187488 (14.6771) %
useful_early_pull_ddr: 3325850 (3.21408) %
useful_early_push_ddr: 1250841 (1.20881) %
useful_write_pull_ddr: 21393130 (20.6742) %
useful_write_push_ddr: 10014511 (9.67796) %
dummy_early_pull_ddr: 855125 (0.826388) %
dummy_early_push_ddr: 6274914 (6.06404) %
dummy_write_pull_ddr: 190178 (0.183787) %
dummy_write_push_ddr: 43985435 (42.5073) %
=================
Stash violation number of times: 0
=================
Check NodeID traffic: 10492265
Update NodeID traffic: 33
=================
Read RS lines: 1000000 (29.9486) %
Write RS lines: 666666 (19.9657) %
Early RS lines: 1672390 (50.0857) %
Read DDR lines: 16187481 (16.5111) %
Write DDR lines: 70145751 (71.5481) %
Early DDR lines: 11706730 (11.9408) %
=================
The final DRAM clk is: 697676565 ticks.
Idle waiting clk is 330442665, which is 47.3633 %
DRAM Frequency is: 1600MHz
The final time in ns is: 4.36048e+08 ns.
Time distribution: 
Data pull time is: 0
data: 0
pos1: 0
pos2: 0
Data distribution: 
Pos2 data: 98039962
Pos1 data: 108274599
Data: 105703089
Node access DDR: 19496592
Pull DDR: 18219347
WB DDR: 78947830
Early DDR: 8535912
Achieved BW is: 52.4072 GB/s
Ideal BW is: 102.4 GB/s
Metadata cache conclusion: 
overall_hit: 26116190 overall_total: 45609690
Cache Size 64 KB Overall Hit rate: 57.2602 %. 
Simulation done. Statistics written to my_output.txt
