Valid leaf ID range: 8388607:16777214
Num of top nodes: 8388608
Data level num of ways: 8388608
cached_total: 1
cached_total: 3
cached_total: 7
cached_total: 15
cached_total: 31
cached_total: 63
Total number of ORAM protected cache line blocks: 8388608
Cached number of levels: 5
Max number of levels: 24
Start lvl is: 0
data valid leaf right: 16777215
data num of levels: 24
data level num of ways: 8388608
data number of sets: 1
Cached node ID: 0 -- 45
Address space: 0 - 4 GB
pos1 valid leaf right: 2097151
pos1 num of levels: 21
pos1 level num of ways: 1048576
pos1 number of sets: 1
Cached node ID: 0 -- 5
Address space: 0 - 0.5 GB
pos2 valid leaf right: 262143
pos2 num of levels: 18
pos2 level num of ways: 131072
pos2 number of sets: 1
Cached node ID: 0 -- 2
Address space: 0 - 0.0625 GB
Clk3 @ 1000000 Finished 2212 instructions 
Clk3 @ 2000000 Finished 4532 instructions 
Clk3 @ 3000000 Finished 6901 instructions 
Clk7 @ 4000000 Finished 9299 instructions 
Clk@ 4292347 Working on the # 10000 th memory instruction
Clk3 @ 5000000 Finished 11691 instructions 
Clk3 @ 6000000 Finished 14129 instructions 
Clk3 @ 7000000 Finished 16567 instructions 
Clk7 @ 8000000 Finished 19023 instructions 
Clk@ 8389488 Working on the # 20000 th memory instruction
Clk3 @ 9000000 Finished 21483 instructions 
Clk7 @ 10000000 Finished 23907 instructions 
Clk7 @ 11000000 Finished 26362 instructions 
Clk3 @ 12000000 Finished 28845 instructions 
Clk@ 12462401 Working on the # 30000 th memory instruction
Clk7 @ 13000000 Finished 31310 instructions 
Clk7 @ 14000000 Finished 33838 instructions 
Clk3 @ 15000000 Finished 36344 instructions 
Clk7 @ 16000000 Finished 38815 instructions 
Clk@ 16478806 Working on the # 40000 th memory instruction
Clk3 @ 17000000 Finished 41263 instructions 
Clk3 @ 18000000 Finished 43704 instructions 
Clk3 @ 19000000 Finished 46188 instructions 
Clk7 @ 20000000 Finished 48711 instructions 
Clk@ 20509689 Working on the # 50000 th memory instruction
Clk7 @ 21000000 Finished 51160 instructions 
Clk7 @ 22000000 Finished 53687 instructions 
Clk7 @ 23000000 Finished 56185 instructions 
Clk3 @ 24000000 Finished 58699 instructions 
Clk@ 24531011 Working on the # 60000 th memory instruction
Clk7 @ 25000000 Finished 61138 instructions 
Clk7 @ 26000000 Finished 63625 instructions 
Clk3 @ 27000000 Finished 66150 instructions 
Clk3 @ 28000000 Finished 68684 instructions 
Clk@ 28519724 Working on the # 70000 th memory instruction
Clk3 @ 29000000 Finished 71200 instructions 
Clk7 @ 30000000 Finished 73696 instructions 
Clk3 @ 31000000 Finished 76177 instructions 
Clk7 @ 32000000 Finished 78692 instructions 
Clk@ 32521134 Working on the # 80000 th memory instruction
Clk3 @ 33000000 Finished 81126 instructions 
Clk3 @ 34000000 Finished 83610 instructions 
Clk3 @ 35000000 Finished 86073 instructions 
Clk7 @ 36000000 Finished 88541 instructions 
Clk@ 36579492 Working on the # 90000 th memory instruction
Clk3 @ 37000000 Finished 91038 instructions 
Clk7 @ 38000000 Finished 93530 instructions 
Clk3 @ 39000000 Finished 96053 instructions 
Clk3 @ 40000000 Finished 98585 instructions 
Clk@ 40554903 Working on the # 100000 th memory instruction
Clk7 @ 41000000 Finished 101049 instructions 
Clk3 @ 42000000 Finished 103580 instructions 
Clk7 @ 43000000 Finished 106097 instructions 
Clk3 @ 44000000 Finished 108586 instructions 
Clk@ 44562360 Working on the # 110000 th memory instruction
Clk7 @ 45000000 Finished 111135 instructions 
Clk7 @ 46000000 Finished 113622 instructions 
Clk3 @ 47000000 Finished 116108 instructions 
Clk3 @ 48000000 Finished 118641 instructions 
Clk@ 48547215 Working on the # 120000 th memory instruction
Clk3 @ 49000000 Finished 121123 instructions 
Clk3 @ 50000000 Finished 123488 instructions 
Clk3 @ 51000000 Finished 126015 instructions 
Clk@ 52567403 Working on the # 130000 th memory instruction
Clk3 @ 53000000 Finished 131101 instructions 
Clk3 @ 54000000 Finished 133632 instructions 
Clk7 @ 55000000 Finished 136173 instructions 
Clk3 @ 56000000 Finished 138740 instructions 
Clk@ 56496742 Working on the # 140000 th memory instruction
Clk3 @ 57000000 Finished 141242 instructions 
Clk3 @ 58000000 Finished 143757 instructions 
Clk3 @ 59000000 Finished 146287 instructions 
Clk7 @ 60000000 Finished 148797 instructions 
Clk@ 60475770 Working on the # 150000 th memory instruction
Clk7 @ 61000000 Finished 151288 instructions 
Clk3 @ 62000000 Finished 153784 instructions 
Clk7 @ 63000000 Finished 156296 instructions 
Clk3 @ 64000000 Finished 158815 instructions 
Clk@ 64479674 Working on the # 160000 th memory instruction
Clk3 @ 65000000 Finished 161233 instructions 
Clk7 @ 66000000 Finished 163717 instructions 
Clk3 @ 67000000 Finished 166246 instructions 
Clk3 @ 68000000 Finished 168687 instructions 
Clk@ 68522367 Working on the # 170000 th memory instruction
Clk7 @ 69000000 Finished 171192 instructions 
Clk3 @ 70000000 Finished 173703 instructions 
Clk3 @ 71000000 Finished 176141 instructions 
Clk3 @ 72000000 Finished 178671 instructions 
Clk@ 72517789 Working on the # 180000 th memory instruction
Clk3 @ 73000000 Finished 181228 instructions 
Clk7 @ 74000000 Finished 183673 instructions 
Clk3 @ 75000000 Finished 186185 instructions 
Clk3 @ 76000000 Finished 188670 instructions 
Clk@ 76528533 Working on the # 190000 th memory instruction
Clk7 @ 77000000 Finished 191174 instructions 
Clk3 @ 78000000 Finished 193667 instructions 
Clk7 @ 79000000 Finished 196199 instructions 
Clk3 @ 80000000 Finished 198696 instructions 
Clk@ 80510173 Working on the # 200000 th memory instruction
Clk7 @ 81000000 Finished 201159 instructions 
Clk7 @ 82000000 Finished 203594 instructions 
Clk3 @ 83000000 Finished 206085 instructions 
Clk3 @ 84000000 Finished 208611 instructions 
Clk@ 84559325 Working on the # 210000 th memory instruction
Clk3 @ 85000000 Finished 211130 instructions 
Clk3 @ 86000000 Finished 213627 instructions 
Clk7 @ 87000000 Finished 216129 instructions 
Clk3 @ 88000000 Finished 218599 instructions 
Clk@ 88554945 Working on the # 220000 th memory instruction
Clk7 @ 89000000 Finished 221129 instructions 
Clk3 @ 90000000 Finished 223613 instructions 
Clk7 @ 91000000 Finished 226139 instructions 
Clk3 @ 92000000 Finished 228652 instructions 
Clk@ 92533574 Working on the # 230000 th memory instruction
Clk3 @ 93000000 Finished 231127 instructions 
Clk3 @ 94000000 Finished 233687 instructions 
Clk7 @ 95000000 Finished 236226 instructions 
Clk7 @ 96000000 Finished 238737 instructions 
Clk@ 96507528 Working on the # 240000 th memory instruction
Clk3 @ 97000000 Finished 241243 instructions 
Clk3 @ 98000000 Finished 243665 instructions 
Clk3 @ 100000000 Finished 248586 instructions 
Clk@ 100558408 Working on the # 250000 th memory instruction
Clk3 @ 101000000 Finished 251121 instructions 
Clk3 @ 102000000 Finished 253656 instructions 
Clk3 @ 103000000 Finished 256222 instructions 
Clk3 @ 104000000 Finished 258755 instructions 
Clk@ 104496045 Working on the # 260000 th memory instruction
Clk3 @ 105000000 Finished 261287 instructions 
Clk3 @ 106000000 Finished 263830 instructions 
Clk3 @ 107000000 Finished 266344 instructions 
Clk3 @ 108000000 Finished 268877 instructions 
Clk@ 108441764 Working on the # 270000 th memory instruction
Clk3 @ 109000000 Finished 271397 instructions 
Clk3 @ 110000000 Finished 273937 instructions 
Clk7 @ 111000000 Finished 276461 instructions 
Clk3 @ 112000000 Finished 278992 instructions 
Clk@ 112402789 Working on the # 280000 th memory instruction
Clk3 @ 113000000 Finished 281435 instructions 
Clk7 @ 114000000 Finished 283994 instructions 
Clk3 @ 115000000 Finished 286447 instructions 
Clk7 @ 116000000 Finished 288978 instructions 
Clk@ 116410673 Working on the # 290000 th memory instruction
Clk7 @ 117000000 Finished 291479 instructions 
Clk3 @ 118000000 Finished 293993 instructions 
Clk3 @ 119000000 Finished 296476 instructions 
Clk3 @ 120000000 Finished 299001 instructions 
Clk@ 120397972 Working on the # 300000 th memory instruction
Clk7 @ 121000000 Finished 301480 instructions 
Clk7 @ 122000000 Finished 303967 instructions 
Clk3 @ 123000000 Finished 306455 instructions 
Clk@ 124405094 Working on the # 310000 th memory instruction
Clk7 @ 125000000 Finished 311492 instructions 
Clk7 @ 126000000 Finished 314006 instructions 
Clk3 @ 127000000 Finished 316531 instructions 
Clk7 @ 128000000 Finished 319015 instructions 
Clk@ 128401398 Working on the # 320000 th memory instruction
Clk3 @ 129000000 Finished 321403 instructions 
Clk3 @ 130000000 Finished 323743 instructions 
Clk7 @ 131000000 Finished 326237 instructions 
Clk3 @ 132000000 Finished 328711 instructions 
Clk@ 132512060 Working on the # 330000 th memory instruction
Clk3 @ 133000000 Finished 331207 instructions 
Clk3 @ 134000000 Finished 333735 instructions 
Clk3 @ 135000000 Finished 336162 instructions 
Clk3 @ 136000000 Finished 338656 instructions 
Clk@ 136540300 Working on the # 340000 th memory instruction
Clk3 @ 137000000 Finished 341156 instructions 
Clk3 @ 138000000 Finished 343644 instructions 
Clk3 @ 139000000 Finished 346153 instructions 
Clk7 @ 140000000 Finished 348607 instructions 
Clk@ 140572853 Working on the # 350000 th memory instruction
Clk3 @ 141000000 Finished 351074 instructions 
Clk3 @ 142000000 Finished 353522 instructions 
Clk3 @ 143000000 Finished 356066 instructions 
Clk3 @ 144000000 Finished 358642 instructions 
Clk@ 144540501 Working on the # 360000 th memory instruction
Clk3 @ 145000000 Finished 361153 instructions 
Clk3 @ 146000000 Finished 363683 instructions 
Clk7 @ 147000000 Finished 366121 instructions 
Clk7 @ 148000000 Finished 368606 instructions 
Clk@ 148553983 Working on the # 370000 th memory instruction
Clk7 @ 149000000 Finished 371130 instructions 
Clk3 @ 150000000 Finished 373657 instructions 
Clk3 @ 151000000 Finished 376149 instructions 
Clk7 @ 152000000 Finished 378638 instructions 
Clk@ 152534348 Working on the # 380000 th memory instruction
Clk7 @ 153000000 Finished 381152 instructions 
Clk3 @ 154000000 Finished 383644 instructions 
Clk7 @ 155000000 Finished 386175 instructions 
Clk7 @ 156000000 Finished 388649 instructions 
Clk@ 156544352 Working on the # 390000 th memory instruction
Clk7 @ 157000000 Finished 391147 instructions 
Clk3 @ 158000000 Finished 393675 instructions 
Clk3 @ 159000000 Finished 396202 instructions 
Clk7 @ 160000000 Finished 398674 instructions 
Clk@ 160517357 Working on the # 400000 th memory instruction
Clk3 @ 161000000 Finished 401172 instructions 
Clk3 @ 162000000 Finished 403467 instructions 
Clk3 @ 163000000 Finished 405911 instructions 
Clk7 @ 164000000 Finished 408396 instructions 
Clk@ 164627817 Working on the # 410000 th memory instruction
Clk7 @ 165000000 Finished 410904 instructions 
Clk3 @ 166000000 Finished 413403 instructions 
Clk3 @ 167000000 Finished 415935 instructions 
Clk3 @ 168000000 Finished 418420 instructions 
Clk@ 168637708 Working on the # 420000 th memory instruction
Clk3 @ 169000000 Finished 420904 instructions 
Clk7 @ 170000000 Finished 423438 instructions 
Clk3 @ 171000000 Finished 425963 instructions 
Clk3 @ 172000000 Finished 428448 instructions 
Clk@ 172606723 Working on the # 430000 th memory instruction
Clk7 @ 173000000 Finished 430978 instructions 
Clk7 @ 174000000 Finished 433429 instructions 
Clk7 @ 175000000 Finished 435900 instructions 
Clk3 @ 176000000 Finished 438397 instructions 
Clk@ 176636868 Working on the # 440000 th memory instruction
Clk3 @ 177000000 Finished 440917 instructions 
Clk3 @ 178000000 Finished 443458 instructions 
Clk3 @ 179000000 Finished 445977 instructions 
Clk3 @ 180000000 Finished 448417 instructions 
Clk@ 180620365 Working on the # 450000 th memory instruction
Clk3 @ 181000000 Finished 450945 instructions 
Clk7 @ 182000000 Finished 453427 instructions 
Clk3 @ 183000000 Finished 455913 instructions 
Clk7 @ 184000000 Finished 458424 instructions 
Clk@ 184634079 Working on the # 460000 th memory instruction
Clk3 @ 185000000 Finished 460850 instructions 
Clk7 @ 186000000 Finished 463379 instructions 
Clk7 @ 187000000 Finished 465930 instructions 
Clk3 @ 188000000 Finished 468471 instructions 
Clk@ 188605911 Working on the # 470000 th memory instruction
Clk3 @ 189000000 Finished 471001 instructions 
Clk7 @ 190000000 Finished 473520 instructions 
Clk7 @ 191000000 Finished 475995 instructions 
Clk3 @ 192000000 Finished 478448 instructions 
Clk@ 192616871 Working on the # 480000 th memory instruction
Clk3 @ 193000000 Finished 480937 instructions 
Clk7 @ 194000000 Finished 483429 instructions 
Clk3 @ 195000000 Finished 485863 instructions 
Clk7 @ 196000000 Finished 488249 instructions 
Clk@ 196749672 Working on the # 490000 th memory instruction
Clk7 @ 197000000 Finished 490635 instructions 
Clk3 @ 198000000 Finished 493073 instructions 
Clk7 @ 199000000 Finished 495524 instructions 
Clk7 @ 200000000 Finished 498086 instructions 
Clk@ 200767573 Working on the # 500000 th memory instruction
Warm up done after line access count: 500000 out of 1000000 (50 %)
Clk7 @ 201000000 Finished 500593 instructions 
Clk3 @ 202000000 Finished 503063 instructions 
Clk7 @ 203000000 Finished 505604 instructions 
Clk3 @ 204000000 Finished 508123 instructions 
Clk@ 204745213 Working on the # 510000 th memory instruction
Clk3 @ 205000000 Finished 510647 instructions 
Clk3 @ 206000000 Finished 513179 instructions 
Clk7 @ 207000000 Finished 515716 instructions 
Clk3 @ 208000000 Finished 518191 instructions 
Clk@ 208723065 Working on the # 520000 th memory instruction
Clk7 @ 209000000 Finished 520705 instructions 
Clk3 @ 210000000 Finished 523252 instructions 
Clk3 @ 211000000 Finished 525799 instructions 
Clk7 @ 212000000 Finished 528272 instructions 
Clk@ 212678223 Working on the # 530000 th memory instruction
Clk3 @ 213000000 Finished 530755 instructions 
Clk3 @ 214000000 Finished 533326 instructions 
Clk7 @ 215000000 Finished 535890 instructions 
Clk3 @ 216000000 Finished 538376 instructions 
Clk7 @ 216000000 Finished 538376 instructions 
Clk@ 216646668 Working on the # 540000 th memory instruction
Clk7 @ 217000000 Finished 540849 instructions 
Clk7 @ 218000000 Finished 543383 instructions 
Clk7 @ 219000000 Finished 545879 instructions 
Clk3 @ 220000000 Finished 548419 instructions 
Clk@ 220625450 Working on the # 550000 th memory instruction
Clk3 @ 221000000 Finished 550949 instructions 
Clk3 @ 222000000 Finished 553476 instructions 
Clk7 @ 223000000 Finished 556009 instructions 
Clk3 @ 224000000 Finished 558539 instructions 
Clk@ 224586668 Working on the # 560000 th memory instruction
Clk7 @ 225000000 Finished 560954 instructions 
Clk3 @ 226000000 Finished 563457 instructions 
Clk7 @ 227000000 Finished 565951 instructions 
Clk3 @ 228000000 Finished 568479 instructions 
Clk@ 228611228 Working on the # 570000 th memory instruction
Clk7 @ 229000000 Finished 570940 instructions 
Clk3 @ 230000000 Finished 573486 instructions 
Clk3 @ 231000000 Finished 576007 instructions 
Clk3 @ 232000000 Finished 578500 instructions 
Clk@ 232593934 Working on the # 580000 th memory instruction
Clk3 @ 233000000 Finished 581012 instructions 
Clk3 @ 234000000 Finished 583517 instructions 
Clk3 @ 235000000 Finished 586041 instructions 
Clk7 @ 236000000 Finished 588546 instructions 
Clk@ 236597859 Working on the # 590000 th memory instruction
Clk7 @ 237000000 Finished 590986 instructions 
Clk3 @ 238000000 Finished 593453 instructions 
Clk7 @ 239000000 Finished 595968 instructions 
Clk3 @ 240000000 Finished 598511 instructions 
Clk@ 240592032 Working on the # 600000 th memory instruction
Clk3 @ 241000000 Finished 600996 instructions 
Clk7 @ 242000000 Finished 603396 instructions 
Clk7 @ 243000000 Finished 605912 instructions 
Clk3 @ 244000000 Finished 608399 instructions 
Clk@ 244638512 Working on the # 610000 th memory instruction
Clk7 @ 245000000 Finished 610903 instructions 
Clk7 @ 246000000 Finished 613375 instructions 
Clk7 @ 247000000 Finished 615888 instructions 
Clk3 @ 248000000 Finished 618388 instructions 
Clk@ 248634629 Working on the # 620000 th memory instruction
Clk3 @ 249000000 Finished 620915 instructions 
Clk3 @ 250000000 Finished 623431 instructions 
Clk7 @ 250000000 Finished 623431 instructions 
Clk7 @ 251000000 Finished 625939 instructions 
Clk3 @ 252000000 Finished 628413 instructions 
Clk@ 252619790 Working on the # 630000 th memory instruction
Clk7 @ 253000000 Finished 630952 instructions 
Clk3 @ 254000000 Finished 633471 instructions 
Clk3 @ 255000000 Finished 635992 instructions 
Clk3 @ 256000000 Finished 638441 instructions 
Clk@ 256631502 Working on the # 640000 th memory instruction
Clk7 @ 257000000 Finished 640905 instructions 
Clk7 @ 258000000 Finished 643202 instructions 
Clk7 @ 259000000 Finished 645584 instructions 
Clk7 @ 260000000 Finished 648013 instructions 
Clk@ 260787835 Working on the # 650000 th memory instruction
Clk3 @ 261000000 Finished 650534 instructions 
Clk3 @ 262000000 Finished 653036 instructions 
Clk3 @ 263000000 Finished 655524 instructions 
Clk3 @ 264000000 Finished 658013 instructions 
Clk@ 264786946 Working on the # 660000 th memory instruction
Clk3 @ 265000000 Finished 660521 instructions 
Clk3 @ 266000000 Finished 663002 instructions 
Clk3 @ 267000000 Finished 665489 instructions 
Clk7 @ 268000000 Finished 667975 instructions 
Clk@ 268837427 Working on the # 670000 th memory instruction
Clk3 @ 269000000 Finished 670376 instructions 
Clk3 @ 270000000 Finished 672831 instructions 
Clk3 @ 271000000 Finished 675286 instructions 
Clk3 @ 272000000 Finished 677812 instructions 
Clk@ 272888208 Working on the # 680000 th memory instruction
Clk3 @ 273000000 Finished 680290 instructions 
Clk3 @ 274000000 Finished 682781 instructions 
Clk7 @ 275000000 Finished 685226 instructions 
Clk3 @ 276000000 Finished 687753 instructions 
Clk@ 276886484 Working on the # 690000 th memory instruction
Clk7 @ 277000000 Finished 690263 instructions 
Clk7 @ 278000000 Finished 692758 instructions 
Clk3 @ 279000000 Finished 695246 instructions 
Clk7 @ 280000000 Finished 697642 instructions 
Clk@ 280969529 Working on the # 700000 th memory instruction
Clk3 @ 281000000 Finished 700080 instructions 
Clk3 @ 282000000 Finished 702551 instructions 
Clk3 @ 283000000 Finished 704957 instructions 
Clk3 @ 284000000 Finished 707445 instructions 
Clk@ 284997324 Working on the # 710000 th memory instruction
Clk3 @ 285000000 Finished 710012 instructions 
Clk7 @ 286000000 Finished 712504 instructions 
Clk3 @ 287000000 Finished 715026 instructions 
Clk7 @ 288000000 Finished 717572 instructions 
Clk@ 288967230 Working on the # 720000 th memory instruction
Clk3 @ 289000000 Finished 720090 instructions 
Clk7 @ 290000000 Finished 722620 instructions 
Clk3 @ 291000000 Finished 725148 instructions 
Clk7 @ 292000000 Finished 727626 instructions 
Clk@ 292996716 Working on the # 730000 th memory instruction
Clk3 @ 293000000 Finished 730016 instructions 
Clk7 @ 294000000 Finished 732543 instructions 
Clk3 @ 295000000 Finished 734969 instructions 
Clk7 @ 296000000 Finished 737489 instructions 
Clk@ 296984779 Working on the # 740000 th memory instruction
Clk3 @ 297000000 Finished 740021 instructions 
Clk3 @ 298000000 Finished 742500 instructions 
Clk3 @ 299000000 Finished 745021 instructions 
Clk7 @ 300000000 Finished 747528 instructions 
Clk@ 300990223 Working on the # 750000 th memory instruction
Clk3 @ 301000000 Finished 750034 instructions 
Clk3 @ 302000000 Finished 752518 instructions 
Clk7 @ 303000000 Finished 754967 instructions 
Clk3 @ 304000000 Finished 757479 instructions 
Clk3 @ 305000000 Finished 759983 instructions 
Clk@ 305003694 Working on the # 760000 th memory instruction
Clk7 @ 306000000 Finished 762457 instructions 
Clk7 @ 307000000 Finished 764918 instructions 
Clk3 @ 308000000 Finished 767415 instructions 
Clk3 @ 309000000 Finished 769935 instructions 
Clk@ 309026547 Working on the # 770000 th memory instruction
Clk3 @ 310000000 Finished 772439 instructions 
Clk7 @ 311000000 Finished 774883 instructions 
Clk3 @ 312000000 Finished 777404 instructions 
Clk3 @ 313000000 Finished 779843 instructions 
Clk@ 313064892 Working on the # 780000 th memory instruction
Clk3 @ 314000000 Finished 782373 instructions 
Clk3 @ 315000000 Finished 784901 instructions 
Clk7 @ 316000000 Finished 787392 instructions 
Clk7 @ 317000000 Finished 789908 instructions 
Clk@ 317037161 Working on the # 790000 th memory instruction
Clk7 @ 318000000 Finished 792408 instructions 
Clk3 @ 319000000 Finished 794837 instructions 
Clk3 @ 320000000 Finished 797365 instructions 
Clk3 @ 321000000 Finished 799896 instructions 
Clk@ 321044812 Working on the # 800000 th memory instruction
Clk3 @ 322000000 Finished 802333 instructions 
Clk3 @ 323000000 Finished 804635 instructions 
Clk3 @ 324000000 Finished 806984 instructions 
Clk7 @ 325000000 Finished 809430 instructions 
Clk@ 325227763 Working on the # 810000 th memory instruction
Clk3 @ 326000000 Finished 811901 instructions 
Clk3 @ 327000000 Finished 814391 instructions 
Clk3 @ 328000000 Finished 816873 instructions 
Clk7 @ 329000000 Finished 819401 instructions 
Clk@ 329241812 Working on the # 820000 th memory instruction
Clk3 @ 330000000 Finished 821904 instructions 
Clk3 @ 331000000 Finished 824373 instructions 
Clk3 @ 332000000 Finished 826872 instructions 
Clk7 @ 333000000 Finished 829376 instructions 
Clk@ 333249454 Working on the # 830000 th memory instruction
Clk7 @ 334000000 Finished 831918 instructions 
Clk3 @ 335000000 Finished 834401 instructions 
Clk3 @ 336000000 Finished 836884 instructions 
Clk3 @ 337000000 Finished 839369 instructions 
Clk@ 337243851 Working on the # 840000 th memory instruction
Clk7 @ 338000000 Finished 841879 instructions 
Clk7 @ 339000000 Finished 844431 instructions 
Clk7 @ 340000000 Finished 846921 instructions 
Clk7 @ 341000000 Finished 849401 instructions 
Clk@ 341234850 Working on the # 850000 th memory instruction
Clk7 @ 342000000 Finished 851907 instructions 
Clk3 @ 343000000 Finished 854365 instructions 
Clk3 @ 344000000 Finished 856859 instructions 
Clk3 @ 345000000 Finished 859420 instructions 
Clk@ 345232698 Working on the # 860000 th memory instruction
Clk7 @ 346000000 Finished 861881 instructions 
Clk7 @ 347000000 Finished 864393 instructions 
Clk7 @ 348000000 Finished 866818 instructions 
Clk7 @ 349000000 Finished 869255 instructions 
Clk@ 349296573 Working on the # 870000 th memory instruction
Clk3 @ 350000000 Finished 871750 instructions 
Clk3 @ 351000000 Finished 874280 instructions 
Clk3 @ 352000000 Finished 876765 instructions 
Clk3 @ 353000000 Finished 879280 instructions 
Clk@ 353296973 Working on the # 880000 th memory instruction
Clk7 @ 354000000 Finished 881763 instructions 
Clk7 @ 355000000 Finished 884298 instructions 
Clk7 @ 356000000 Finished 886827 instructions 
Clk3 @ 357000000 Finished 889332 instructions 
Clk@ 357263281 Working on the # 890000 th memory instruction
Clk7 @ 358000000 Finished 891838 instructions 
Clk7 @ 359000000 Finished 894240 instructions 
Clk7 @ 360000000 Finished 896716 instructions 
Clk7 @ 361000000 Finished 899254 instructions 
Clk@ 361305106 Working on the # 900000 th memory instruction
Clk7 @ 362000000 Finished 901746 instructions 
Clk7 @ 363000000 Finished 904260 instructions 
Clk3 @ 364000000 Finished 906710 instructions 
Clk7 @ 365000000 Finished 909214 instructions 
Clk@ 365310355 Working on the # 910000 th memory instruction
Clk3 @ 366000000 Finished 911727 instructions 
Clk3 @ 367000000 Finished 914208 instructions 
Clk3 @ 368000000 Finished 916689 instructions 
Clk7 @ 369000000 Finished 919177 instructions 
Clk@ 369338870 Working on the # 920000 th memory instruction
Clk7 @ 370000000 Finished 921527 instructions 
Clk7 @ 371000000 Finished 924020 instructions 
Clk3 @ 372000000 Finished 926539 instructions 
Clk7 @ 373000000 Finished 929085 instructions 
Clk@ 373368236 Working on the # 930000 th memory instruction
Clk3 @ 374000000 Finished 931598 instructions 
Clk3 @ 375000000 Finished 934158 instructions 
Clk3 @ 376000000 Finished 936662 instructions 
Clk7 @ 377000000 Finished 939170 instructions 
Clk@ 377318844 Working on the # 940000 th memory instruction
Clk7 @ 378000000 Finished 941715 instructions 
Clk7 @ 379000000 Finished 944207 instructions 
Clk7 @ 380000000 Finished 946694 instructions 
Clk7 @ 381000000 Finished 949142 instructions 
Clk@ 381337653 Working on the # 950000 th memory instruction
Clk7 @ 382000000 Finished 951670 instructions 
Clk3 @ 383000000 Finished 954181 instructions 
Clk3 @ 384000000 Finished 956578 instructions 
Clk7 @ 384000000 Finished 956578 instructions 
Clk3 @ 385000000 Finished 959086 instructions 
Clk@ 385366021 Working on the # 960000 th memory instruction
Clk3 @ 386000000 Finished 961542 instructions 
Clk7 @ 387000000 Finished 964022 instructions 
Clk3 @ 388000000 Finished 966510 instructions 
Clk7 @ 389000000 Finished 968933 instructions 
Clk@ 389436497 Working on the # 970000 th memory instruction
Clk3 @ 390000000 Finished 971343 instructions 
Clk7 @ 391000000 Finished 973765 instructions 
Clk3 @ 392000000 Finished 976173 instructions 
Clk3 @ 393000000 Finished 978519 instructions 
Clk@ 393615184 Working on the # 980000 th memory instruction
Clk3 @ 394000000 Finished 980952 instructions 
Clk7 @ 395000000 Finished 983417 instructions 
Clk3 @ 396000000 Finished 985833 instructions 
Clk3 @ 397000000 Finished 988313 instructions 
Clk@ 397671887 Working on the # 990000 th memory instruction
Clk7 @ 398000000 Finished 990801 instructions 
Clk3 @ 399000000 Finished 993326 instructions 
Clk7 @ 400000000 Finished 995810 instructions 
Clk3 @ 401000000 Finished 998297 instructions 
Clk@ 401673654 Working on the # 1000000 th memory instruction

===*** Data ***====
Stall reason distribution: 
mc_hazard: 0
normal: 0
rs_hazard: 0
rw_swtich: 0
Early reshuffle distribution: 
0: 0
1: 0
2: 0
3: 0
4: 0
5: 585
6: 1064
7: 1058
8: 1057
9: 1051
10: 984
11: 973
12: 897
13: 708
14: 384
15: 0
16: 0
17: 0
18: 0
19: 0
20: 0
21: 0
22: 0
23: 0
=================
Max stash size is: 463
Average stash size is: 280.591
useful_read_pull_ddr: 500006 (1.43148) %
dummy_read_pull_ddr: 8781732 (25.1415) %
useful_early_pull_ddr: 156860 (0.449079) %
useful_early_push_ddr: 104541 (0.299293) %
useful_write_pull_ddr: 6455170 (18.4807) %
useful_write_push_ddr: 3080631 (8.81962) %
dummy_early_pull_ddr: 4939 (0.01414) %
dummy_early_push_ddr: 336729 (0.964031) %
dummy_write_pull_ddr: 1598 (0.00457496) %
dummy_write_push_ddr: 15507069 (44.3956) %
=================
Stash violation number of times: 0
=================
Check NodeID traffic: 5794250
Update NodeID traffic: 16
=================
Read RS lines: 1000000 (94.2507) %
Write RS lines: 43478 (4.09783) %
Early RS lines: 17522 (1.65146) %
Read DDR lines: 18562975 (26.9532) %
Write DDR lines: 49230538 (71.4821) %
Early DDR lines: 1077603 (1.56467) %

====*** pos1 ***====
Stall reason distribution: 
mc_hazard: 0
normal: 0
rs_hazard: 0
rw_swtich: 0
Early reshuffle distribution: 
0: 0
1: 0
2: 296
3: 843
4: 913
5: 1002
6: 1003
7: 1045
8: 1072
9: 1048
10: 1029
11: 963
12: 880
13: 694
14: 322
15: 0
16: 0
17: 0
18: 0
19: 0
20: 0
=================
Max stash size is: 472
Average stash size is: 263.682
useful_read_pull_ddr: 999991 (1.49099) %
dummy_read_pull_ddr: 17000009 (25.3471) %
useful_early_pull_ddr: 345598 (0.515288) %
useful_early_push_ddr: 238445 (0.355522) %
useful_write_pull_ddr: 12504270 (18.6439) %
useful_write_push_ddr: 6646121 (9.90938) %
dummy_early_pull_ddr: 11264 (0.0167947) %
dummy_early_push_ddr: 734815 (1.09561) %
dummy_write_pull_ddr: 17394 (0.0259345) %
dummy_write_push_ddr: 28571059 (42.5995) %
=================
Stash violation number of times: 0
=================
Check NodeID traffic: 8064099
Update NodeID traffic: 1
=================
Read RS lines: 1000000 (93.8352) %
Write RS lines: 43478 (4.07977) %
Early RS lines: 22220 (2.08502) %
Read DDR lines: 18000000 (26.838) %
Write DDR lines: 47738844 (71.1787) %
Early DDR lines: 1330122 (1.98322) %

====*** pos2 ***====
Stall reason distribution: 
mc_hazard: 0
normal: 0
rs_hazard: 0
rw_swtich: 0
Early reshuffle distribution: 
0: 0
1: 88
2: 575
3: 789
4: 936
5: 990
6: 1029
7: 1035
8: 1041
9: 1005
10: 1020
11: 992
12: 880
13: 571
14: 270
15: 0
16: 0
17: 0
=================
Max stash size is: 461
Average stash size is: 258.773
useful_read_pull_ddr: 999957 (1.78306) %
dummy_read_pull_ddr: 14000043 (24.964) %
useful_early_pull_ddr: 334425 (0.596325) %
useful_early_push_ddr: 231197 (0.412255) %
useful_write_pull_ddr: 10304789 (18.3748) %
useful_write_push_ddr: 6504732 (11.5988) %
dummy_early_pull_ddr: 13989 (0.0249443) %
dummy_early_push_ddr: 719023 (1.28212) %
dummy_write_pull_ddr: 129931 (0.231685) %
dummy_write_push_ddr: 22842918 (40.732) %
=================
Stash violation number of times: 0
=================
Check NodeID traffic: 4296960
Update NodeID traffic: 0
=================
Read RS lines: 1000000 (93.8157) %
Write RS lines: 43478 (4.07892) %
Early RS lines: 22442 (2.10541) %
Read DDR lines: 15000000 (26.747) %
Write DDR lines: 39782370 (70.9373) %
Early DDR lines: 1298634 (2.31564) %
=================
The final DRAM clk is: 401678338 ticks.
Idle waiting clk is 146065956, which is 36.3639 %
DRAM Frequency is: 1600MHz
The final time in ns is: 2.51049e+08 ns.
Time distribution: 
Data pull time is: 0
data: 0
pos1: 0
pos2: 0
Data distribution: 
Pos2 data: 56081004
Pos1 data: 67068966
Data: 68871116
Node access DDR: 11588500
Pull DDR: 18562975
WB DDR: 49230538
Early DDR: 1077603
Achieved BW is: 55.0572 GB/s
Ideal BW is: 102.4 GB/s
Metadata cache conclusion: 
overall_hit: 13464972 overall_total: 25052233
Cache Size 64 KB Overall Hit rate: 53.7476 %. 
Simulation done. Statistics written to my_output.txt
