Valid leaf ID range: 16777215:33554430
Num of top nodes: 16777216
Data level num of ways: 128
Z: 16
S: 27
A: 20
cached_total: 131072
Total number of ORAM protected cache line blocks: 16777216
Cached number of levels: 16
Max number of levels: 25
Start lvl is: 17
data valid leaf right: 33554431
data num of levels: 25
data level num of ways: 128
data number of sets: 131072
Cached node ID: 131071 -- 131166
Address space: 0 - 4 GB
pos1 valid leaf right: 4194303
pos1 num of levels: 22
pos1 level num of ways: 16
pos1 number of sets: 131072
Cached node ID: 131071 -- 131082
Address space: 0 - 0.5 GB
pos2 valid leaf right: 524287
pos2 num of levels: 19
pos2 level num of ways: 2
pos2 number of sets: 131072
Cached node ID: 131071 -- 131076
Address space: 0 - 0.0625 GB
Clk@ 940729 Working on the # 10000 th memory instruction
Clk7 @ 1000000 Finished 10627 instructions 
Clk@ 1883317 Working on the # 20000 th memory instruction
Clk7 @ 2000000 Finished 21240 instructions 
Clk@ 2821506 Working on the # 30000 th memory instruction
Clk3 @ 3000000 Finished 31907 instructions 
Clk@ 3760192 Working on the # 40000 th memory instruction
Clk7 @ 4000000 Finished 42557 instructions 
Clk@ 4701327 Working on the # 50000 th memory instruction
Clk3 @ 5000000 Finished 53179 instructions 
Clk@ 5641918 Working on the # 60000 th memory instruction
Clk7 @ 6000000 Finished 63827 instructions 
Clk@ 6577999 Working on the # 70000 th memory instruction
Clk7 @ 7000000 Finished 74528 instructions 
Clk@ 7509494 Working on the # 80000 th memory instruction
Clk7 @ 8000000 Finished 85245 instructions 
Clk@ 8447597 Working on the # 90000 th memory instruction
Clk3 @ 9000000 Finished 95854 instructions 
Clk@ 9386615 Working on the # 100000 th memory instruction
Clk3 @ 10000000 Finished 106533 instructions 
Clk@ 10325445 Working on the # 110000 th memory instruction
Clk7 @ 11000000 Finished 117220 instructions 
Clk@ 11261545 Working on the # 120000 th memory instruction
Clk3 @ 12000000 Finished 127860 instructions 
Clk@ 12200601 Working on the # 130000 th memory instruction
Clk3 @ 13000000 Finished 138474 instructions 
Clk@ 13142086 Working on the # 140000 th memory instruction
Clk7 @ 14000000 Finished 149186 instructions 
Clk@ 14075755 Working on the # 150000 th memory instruction
Clk7 @ 15000000 Finished 159873 instructions 
Clk@ 15011427 Working on the # 160000 th memory instruction
Clk@ 15950296 Working on the # 170000 th memory instruction
Clk7 @ 16000000 Finished 170532 instructions 
Clk@ 16889435 Working on the # 180000 th memory instruction
Clk3 @ 17000000 Finished 181173 instructions 
Clk@ 17829652 Working on the # 190000 th memory instruction
Clk3 @ 18000000 Finished 191807 instructions 
Clk@ 18768181 Working on the # 200000 th memory instruction
Clk7 @ 19000000 Finished 202459 instructions 
Clk@ 19707659 Working on the # 210000 th memory instruction
Clk3 @ 20000000 Finished 213130 instructions 
Clk@ 20644093 Working on the # 220000 th memory instruction
Clk7 @ 21000000 Finished 223772 instructions 
Clk@ 21582058 Working on the # 230000 th memory instruction
Clk7 @ 22000000 Finished 234452 instructions 
Clk@ 22521095 Working on the # 240000 th memory instruction
Clk7 @ 23000000 Finished 245092 instructions 
Clk@ 23460755 Working on the # 250000 th memory instruction
Clk3 @ 24000000 Finished 255736 instructions 
Clk@ 24400371 Working on the # 260000 th memory instruction
Clk3 @ 25000000 Finished 266413 instructions 
Clk@ 25335409 Working on the # 270000 th memory instruction
Clk3 @ 26000000 Finished 277082 instructions 
Clk@ 26274211 Working on the # 280000 th memory instruction
Clk7 @ 27000000 Finished 287739 instructions 
Clk@ 27213615 Working on the # 290000 th memory instruction
Clk3 @ 28000000 Finished 298395 instructions 
Clk@ 28150336 Working on the # 300000 th memory instruction
Clk3 @ 29000000 Finished 309096 instructions 
Clk@ 29086100 Working on the # 310000 th memory instruction
Clk3 @ 30000000 Finished 319774 instructions 
Clk@ 30021114 Working on the # 320000 th memory instruction
Clk@ 30961669 Working on the # 330000 th memory instruction
Clk3 @ 31000000 Finished 330408 instructions 
Clk@ 31897567 Working on the # 340000 th memory instruction
Clk7 @ 32000000 Finished 341084 instructions 
Clk@ 32836100 Working on the # 350000 th memory instruction
Clk7 @ 33000000 Finished 351740 instructions 
Clk@ 33775970 Working on the # 360000 th memory instruction
Clk3 @ 34000000 Finished 362397 instructions 
Clk7 @ 34000000 Finished 362397 instructions 
Clk@ 34711746 Working on the # 370000 th memory instruction
Clk3 @ 35000000 Finished 373072 instructions 
Clk@ 35648953 Working on the # 380000 th memory instruction
Clk7 @ 36000000 Finished 383745 instructions 
Clk@ 36583662 Working on the # 390000 th memory instruction
Clk3 @ 37000000 Finished 394472 instructions 
Clk@ 37516834 Working on the # 400000 th memory instruction
Clk3 @ 38000000 Finished 405147 instructions 
Clk@ 38452705 Working on the # 410000 th memory instruction
Clk7 @ 39000000 Finished 415854 instructions 
Clk@ 39389001 Working on the # 420000 th memory instruction
Clk7 @ 40000000 Finished 426522 instructions 
Clk@ 40328585 Working on the # 430000 th memory instruction
Clk7 @ 41000000 Finished 437169 instructions 
Clk@ 41266023 Working on the # 440000 th memory instruction
Clk7 @ 42000000 Finished 447825 instructions 
Clk@ 42204035 Working on the # 450000 th memory instruction
Clk7 @ 43000000 Finished 458493 instructions 
Clk@ 43140118 Working on the # 460000 th memory instruction
Clk7 @ 44000000 Finished 469205 instructions 
Clk@ 44074670 Working on the # 470000 th memory instruction
Clk3 @ 45000000 Finished 479809 instructions 
Clk@ 45017969 Working on the # 480000 th memory instruction
Clk@ 45955723 Working on the # 490000 th memory instruction
Clk7 @ 46000000 Finished 490478 instructions 
Clk@ 46895864 Working on the # 500000 th memory instruction
Warm up done after line access count: 500000 out of 1000000 (50 %)
Clk7 @ 47000000 Finished 501103 instructions 
Clk@ 47830831 Working on the # 510000 th memory instruction
Clk3 @ 48000000 Finished 511809 instructions 
Clk@ 48767511 Working on the # 520000 th memory instruction
Clk7 @ 49000000 Finished 522489 instructions 
Clk@ 49705431 Working on the # 530000 th memory instruction
Clk7 @ 50000000 Finished 533144 instructions 
Clk@ 50644549 Working on the # 540000 th memory instruction
Clk7 @ 51000000 Finished 543798 instructions 
Clk@ 51586929 Working on the # 550000 th memory instruction
Clk7 @ 52000000 Finished 554427 instructions 
Clk@ 52524935 Working on the # 560000 th memory instruction
Clk3 @ 53000000 Finished 565069 instructions 
Clk@ 53463118 Working on the # 570000 th memory instruction
Clk3 @ 54000000 Finished 575709 instructions 
Clk@ 54401161 Working on the # 580000 th memory instruction
Clk7 @ 55000000 Finished 586384 instructions 
Clk@ 55338927 Working on the # 590000 th memory instruction
Clk7 @ 56000000 Finished 597017 instructions 
Clk@ 56279071 Working on the # 600000 th memory instruction
Clk@ 57214140 Working on the # 610000 th memory instruction
Clk3 @ 58000000 Finished 618378 instructions 
Clk@ 58152020 Working on the # 620000 th memory instruction
Clk7 @ 59000000 Finished 629056 instructions 
Clk@ 59088593 Working on the # 630000 th memory instruction
Clk7 @ 60000000 Finished 639702 instructions 
Clk@ 60027450 Working on the # 640000 th memory instruction
Clk@ 60965877 Working on the # 650000 th memory instruction
Clk7 @ 61000000 Finished 650367 instructions 
Clk@ 61900195 Working on the # 660000 th memory instruction
Clk3 @ 62000000 Finished 661061 instructions 
Clk@ 62835596 Working on the # 670000 th memory instruction
Clk7 @ 63000000 Finished 671752 instructions 
Clk@ 63774090 Working on the # 680000 th memory instruction
Clk7 @ 64000000 Finished 682418 instructions 
Clk@ 64707265 Working on the # 690000 th memory instruction
Clk7 @ 65000000 Finished 693118 instructions 
Clk@ 65646449 Working on the # 700000 th memory instruction
Clk3 @ 66000000 Finished 703773 instructions 
Clk@ 66584415 Working on the # 710000 th memory instruction
Clk3 @ 67000000 Finished 714433 instructions 
Clk@ 67522196 Working on the # 720000 th memory instruction
Clk7 @ 68000000 Finished 725084 instructions 
Clk@ 68460382 Working on the # 730000 th memory instruction
Clk3 @ 69000000 Finished 735778 instructions 
Clk@ 69398217 Working on the # 740000 th memory instruction
Clk7 @ 70000000 Finished 746387 instructions 
Clk@ 70338416 Working on the # 750000 th memory instruction
Clk@ 71275654 Working on the # 760000 th memory instruction
Clk7 @ 72000000 Finished 767743 instructions 
Clk@ 72210878 Working on the # 770000 th memory instruction
Clk3 @ 73000000 Finished 778434 instructions 
Clk@ 73148647 Working on the # 780000 th memory instruction
Clk7 @ 74000000 Finished 789082 instructions 
Clk@ 74086421 Working on the # 790000 th memory instruction
Clk7 @ 75000000 Finished 799768 instructions 
Clk@ 75021523 Working on the # 800000 th memory instruction
Clk@ 75962459 Working on the # 810000 th memory instruction
Clk7 @ 76000000 Finished 810406 instructions 
Clk@ 76903705 Working on the # 820000 th memory instruction
Clk7 @ 77000000 Finished 821038 instructions 
Clk@ 77837679 Working on the # 830000 th memory instruction
Clk3 @ 78000000 Finished 831726 instructions 
Clk@ 78774523 Working on the # 840000 th memory instruction
Clk3 @ 79000000 Finished 842393 instructions 
Clk@ 79716308 Working on the # 850000 th memory instruction
Clk7 @ 80000000 Finished 853025 instructions 
Clk@ 80657078 Working on the # 860000 th memory instruction
Clk3 @ 81000000 Finished 863641 instructions 
Clk@ 81597637 Working on the # 870000 th memory instruction
Clk3 @ 82000000 Finished 874275 instructions 
Clk@ 82541052 Working on the # 880000 th memory instruction
Clk7 @ 83000000 Finished 884883 instructions 
Clk@ 83478456 Working on the # 890000 th memory instruction
Clk7 @ 84000000 Finished 895545 instructions 
Clk@ 84419086 Working on the # 900000 th memory instruction
Clk7 @ 85000000 Finished 906157 instructions 
Clk@ 85360876 Working on the # 910000 th memory instruction
Clk7 @ 86000000 Finished 916802 instructions 
Clk@ 86301275 Working on the # 920000 th memory instruction
Clk7 @ 87000000 Finished 927444 instructions 
Clk@ 87240870 Working on the # 930000 th memory instruction
Clk7 @ 88000000 Finished 938107 instructions 
Clk@ 88176462 Working on the # 940000 th memory instruction
Clk3 @ 89000000 Finished 948736 instructions 
Clk@ 89118277 Working on the # 950000 th memory instruction
Clk7 @ 90000000 Finished 959402 instructions 
Clk@ 90055609 Working on the # 960000 th memory instruction
Clk@ 90990796 Working on the # 970000 th memory instruction
Clk3 @ 91000000 Finished 970096 instructions 
Clk@ 91931315 Working on the # 980000 th memory instruction
Clk@ 92862101 Working on the # 990000 th memory instruction
Clk3 @ 93000000 Finished 991468 instructions 
Clk@ 93799310 Working on the # 1000000 th memory instruction

===*** Data ***====
Stall reason distribution: 
mc_hazard: 0
normal: 0
rs_hazard: 0
rw_swtich: 0
Early reshuffle distribution: 
0: 0
1: 0
2: 0
3: 0
4: 0
5: 0
6: 0
7: 0
8: 0
9: 0
10: 0
11: 0
12: 0
13: 0
14: 0
15: 0
16: 0
17: 0
18: 0
19: 0
20: 0
21: 0
22: 0
23: 0
24: 0
=================
Max stash size is: 992866
Average stash size is: 892991
useful_read_pull_ddr: 498577 (12.4461) %
dummy_read_pull_ddr: 3501119 (87.3996) %
useful_early_pull_ddr: 0 (0) %
useful_early_push_ddr: 0 (0) %
useful_write_pull_ddr: 1534 (0.0382937) %
useful_write_push_ddr: 429 (0.0107093) %
dummy_early_pull_ddr: 0 (0) %
dummy_early_push_ddr: 0 (0) %
dummy_write_pull_ddr: 2 (4.99267e-05) %
dummy_write_push_ddr: 4215 (0.10522) %
=================
Stash violation number of times: 0
=================
Check NodeID traffic: 3969292
Update NodeID traffic: 155
=================
Read RS lines: 1000000 (99.9976) %
Write RS lines: 24 (0.00239994) %
Early RS lines: 0 (0) %
Read DDR lines: 7999296 (99.9292) %
Write DDR lines: 5664 (0.0707561) %
Early DDR lines: 0 (0) %

====*** pos1 ***====
Stall reason distribution: 
mc_hazard: 0
normal: 0
rs_hazard: 0
rw_swtich: 0
Early reshuffle distribution: 
0: 0
1: 0
2: 0
3: 0
4: 0
5: 0
6: 0
7: 0
8: 0
9: 0
10: 0
11: 0
12: 0
13: 0
14: 0
15: 0
16: 0
17: 0
18: 0
19: 0
20: 0
21: 0
=================
Max stash size is: 979999
Average stash size is: 882517
useful_read_pull_ddr: 985117 (19.6806) %
dummy_read_pull_ddr: 4014813 (80.2075) %
useful_early_pull_ddr: 0 (0) %
useful_early_push_ddr: 0 (0) %
useful_write_pull_ddr: 942 (0.0188192) %
useful_write_push_ddr: 403 (0.00805109) %
dummy_early_pull_ddr: 0 (0) %
dummy_early_push_ddr: 0 (0) %
dummy_write_pull_ddr: 18 (0.000359602) %
dummy_write_push_ddr: 4241 (0.0847262) %
=================
Stash violation number of times: 0
=================
Check NodeID traffic: 4903977
Update NodeID traffic: 155
=================
Read RS lines: 1000000 (99.9976) %
Write RS lines: 24 (0.00239994) %
Early RS lines: 0 (0) %
Read DDR lines: 4999925 (99.9292) %
Write DDR lines: 3540 (0.070751) %
Early DDR lines: 0 (0) %

====*** pos2 ***====
Stall reason distribution: 
mc_hazard: 0
normal: 0
rs_hazard: 0
rw_swtich: 0
Early reshuffle distribution: 
0: 0
1: 0
2: 0
3: 0
4: 0
5: 0
6: 0
7: 0
8: 0
9: 0
10: 0
11: 0
12: 0
13: 0
14: 0
15: 0
16: 0
17: 0
18: 0
=================
Max stash size is: 885678
Average stash size is: 805144
useful_read_pull_ddr: 889800 (44.3792) %
dummy_read_pull_ddr: 1110164 (55.37) %
useful_early_pull_ddr: 0 (0) %
useful_early_push_ddr: 0 (0) %
useful_write_pull_ddr: 306 (0.0152619) %
useful_write_push_ddr: 296 (0.0147632) %
dummy_early_pull_ddr: 0 (0) %
dummy_early_push_ddr: 0 (0) %
dummy_write_pull_ddr: 78 (0.00389029) %
dummy_write_push_ddr: 4348 (0.216859) %
=================
Stash violation number of times: 0
=================
Check NodeID traffic: 1813937
Update NodeID traffic: 155
=================
Read RS lines: 1000000 (99.9976) %
Write RS lines: 24 (0.00239994) %
Early RS lines: 0 (0) %
Read DDR lines: 1999962 (99.9292) %
Write DDR lines: 1416 (0.0707513) %
Early DDR lines: 0 (0) %
=================
The final DRAM clk is: 93800168 ticks.
Idle waiting clk is 64132927, which is 68.3719 %
DRAM Frequency is: 1600MHz
The final time in ns is: 5.86251e+07 ns.
Time distribution: 
Data pull time is: 0
data: 0
pos1: 0
pos2: 0
Data distribution: 
Pos2 data: 2001378
Pos1 data: 5003465
Data: 8004960
Node access DDR: 7938584
Pull DDR: 7999296
WB DDR: 5664
Early DDR: 0
Achieved BW is: 32.3863 GB/s
Ideal BW is: 102.4 GB/s
Metadata cache conclusion: 
overall_hit: 62050 overall_total: 8000396
Cache Size 64 KB Overall Hit rate: 0.775587 %. 
Simulation done. Statistics written to my_output.txt
