Valid leaf ID range: 16777215:33554430
Num of top nodes: 16777216
Data level num of ways: 16777216
Z: 16
S: 27
A: 20
cached_total: 1
cached_total: 3
cached_total: 7
cached_total: 15
cached_total: 31
cached_total: 63
cached_total: 127
Total number of ORAM protected cache line blocks: 16777216
Cached number of levels: 6
Max number of levels: 25
Start lvl is: 0
data valid leaf right: 33554431
data num of levels: 25
data level num of ways: 16777216
data number of sets: 1
Cached node ID: 0 -- 95
Address space: 0 - 4 GB
pos1 valid leaf right: 4194303
pos1 num of levels: 22
pos1 level num of ways: 2097152
pos1 number of sets: 1
Cached node ID: 0 -- 11
Address space: 0 - 0.5 GB
pos2 valid leaf right: 524287
pos2 num of levels: 19
pos2 level num of ways: 262144
pos2 number of sets: 1
Cached node ID: 0 -- 5
Address space: 0 - 0.0625 GB
Clk3 @ 1000000 Finished 2121 instructions 
Clk3 @ 2000000 Finished 4385 instructions 
Clk7 @ 3000000 Finished 6728 instructions 
Clk7 @ 4000000 Finished 9067 instructions 
Clk@ 4394155 Working on the # 10000 th memory instruction
Sampling stash size at 9999 req has local max stash size of: 146
Clk7 @ 5000000 Finished 11458 instructions 
Clk3 @ 7000000 Finished 16262 instructions 
Clk3 @ 8000000 Finished 18703 instructions 
Clk@ 8540345 Working on the # 20000 th memory instruction
Sampling stash size at 19999 req has local max stash size of: 164
Clk3 @ 9000000 Finished 21106 instructions 
Clk7 @ 10000000 Finished 23520 instructions 
Clk7 @ 11000000 Finished 25980 instructions 
Clk7 @ 12000000 Finished 28432 instructions 
Clk@ 12642772 Working on the # 30000 th memory instruction
Sampling stash size at 29999 req has local max stash size of: 167
Clk3 @ 13000000 Finished 30805 instructions 
Clk3 @ 14000000 Finished 33187 instructions 
Clk3 @ 15000000 Finished 35642 instructions 
Clk3 @ 16000000 Finished 38103 instructions 
Clk@ 16784122 Working on the # 40000 th memory instruction
Sampling stash size at 39999 req has local max stash size of: 173
Clk3 @ 17000000 Finished 40526 instructions 
Clk7 @ 18000000 Finished 42947 instructions 
Clk7 @ 19000000 Finished 45403 instructions 
Clk7 @ 20000000 Finished 47801 instructions 
Clk@ 20890577 Working on the # 50000 th memory instruction
Sampling stash size at 49999 req has local max stash size of: 179
Clk3 @ 21000000 Finished 50267 instructions 
Clk7 @ 22000000 Finished 52740 instructions 
Clk3 @ 23000000 Finished 55166 instructions 
Clk3 @ 24000000 Finished 57643 instructions 
Clk@ 24951908 Working on the # 60000 th memory instruction
Sampling stash size at 59999 req has local max stash size of: 189
Clk3 @ 25000000 Finished 60107 instructions 
Clk7 @ 26000000 Finished 62358 instructions 
Clk3 @ 27000000 Finished 64743 instructions 
Clk3 @ 28000000 Finished 67183 instructions 
Clk3 @ 29000000 Finished 69628 instructions 
Clk@ 29148235 Working on the # 70000 th memory instruction
Sampling stash size at 69999 req has local max stash size of: 184
Clk7 @ 30000000 Finished 72093 instructions 
Clk7 @ 31000000 Finished 74558 instructions 
Clk7 @ 32000000 Finished 76986 instructions 
Clk7 @ 33000000 Finished 79422 instructions 
Clk@ 33231628 Working on the # 80000 th memory instruction
Sampling stash size at 79999 req has local max stash size of: 193
Clk7 @ 34000000 Finished 81867 instructions 
Clk3 @ 35000000 Finished 84247 instructions 
Clk7 @ 36000000 Finished 86670 instructions 
Clk3 @ 37000000 Finished 89125 instructions 
Clk@ 37358903 Working on the # 90000 th memory instruction
Sampling stash size at 89999 req has local max stash size of: 190
Clk3 @ 38000000 Finished 91523 instructions 
Clk7 @ 39000000 Finished 93902 instructions 
Clk7 @ 40000000 Finished 96353 instructions 
Clk3 @ 41000000 Finished 98807 instructions 
Clk@ 41491890 Working on the # 100000 th memory instruction
Sampling stash size at 99999 req has local max stash size of: 190
Clk3 @ 42000000 Finished 101227 instructions 
Clk3 @ 43000000 Finished 103683 instructions 
Clk3 @ 44000000 Finished 106127 instructions 
Clk3 @ 45000000 Finished 108561 instructions 
Clk@ 45595009 Working on the # 110000 th memory instruction
Sampling stash size at 109999 req has local max stash size of: 199
Clk7 @ 46000000 Finished 110990 instructions 
Clk7 @ 47000000 Finished 113462 instructions 
Clk7 @ 48000000 Finished 115903 instructions 
Clk3 @ 49000000 Finished 118327 instructions 
Clk@ 49685935 Working on the # 120000 th memory instruction
Sampling stash size at 119999 req has local max stash size of: 195
Clk3 @ 50000000 Finished 120763 instructions 
Clk3 @ 51000000 Finished 123007 instructions 
Clk3 @ 52000000 Finished 125247 instructions 
Clk7 @ 53000000 Finished 127652 instructions 
Clk@ 53971833 Working on the # 130000 th memory instruction
Sampling stash size at 129999 req has local max stash size of: 196
Clk3 @ 54000000 Finished 130067 instructions 
Clk3 @ 55000000 Finished 132491 instructions 
Clk7 @ 56000000 Finished 134963 instructions 
Clk7 @ 57000000 Finished 137371 instructions 
Clk3 @ 58000000 Finished 139795 instructions 
Clk@ 58082669 Working on the # 140000 th memory instruction
Sampling stash size at 139999 req has local max stash size of: 195
Clk7 @ 59000000 Finished 142260 instructions 
Clk3 @ 60000000 Finished 144703 instructions 
Clk7 @ 61000000 Finished 147135 instructions 
Clk7 @ 62000000 Finished 149588 instructions 
Clk@ 62166857 Working on the # 150000 th memory instruction
Sampling stash size at 149999 req has local max stash size of: 205
Clk7 @ 63000000 Finished 152041 instructions 
Clk7 @ 64000000 Finished 154375 instructions 
Clk7 @ 65000000 Finished 156808 instructions 
Clk3 @ 66000000 Finished 159265 instructions 
Clk@ 66299871 Working on the # 160000 th memory instruction
Sampling stash size at 159999 req has local max stash size of: 194
Clk3 @ 67000000 Finished 161707 instructions 
Clk3 @ 68000000 Finished 164111 instructions 
Clk3 @ 69000000 Finished 166448 instructions 
Clk@ 70478953 Working on the # 170000 th memory instruction
Sampling stash size at 169999 req has local max stash size of: 197
Clk7 @ 71000000 Finished 171245 instructions 
Clk7 @ 72000000 Finished 173627 instructions 
Clk3 @ 73000000 Finished 176062 instructions 
Clk3 @ 74000000 Finished 178507 instructions 
Clk@ 74620152 Working on the # 180000 th memory instruction
Sampling stash size at 179999 req has local max stash size of: 197
Clk7 @ 75000000 Finished 180927 instructions 
Clk3 @ 76000000 Finished 183283 instructions 
Clk7 @ 77000000 Finished 185680 instructions 
Clk7 @ 78000000 Finished 187958 instructions 
Clk@ 78833318 Working on the # 190000 th memory instruction
Sampling stash size at 189999 req has local max stash size of: 197
Clk3 @ 79000000 Finished 190407 instructions 
Clk7 @ 80000000 Finished 192846 instructions 
Clk7 @ 81000000 Finished 195273 instructions 
Clk3 @ 82000000 Finished 197747 instructions 
Clk@ 82925379 Working on the # 200000 th memory instruction
Sampling stash size at 199999 req has local max stash size of: 203
Clk7 @ 83000000 Finished 200178 instructions 
Clk3 @ 84000000 Finished 202594 instructions 
Clk3 @ 85000000 Finished 205042 instructions 
Clk3 @ 86000000 Finished 207446 instructions 
Clk7 @ 87000000 Finished 209888 instructions 
Clk@ 87043463 Working on the # 210000 th memory instruction
Sampling stash size at 209999 req has local max stash size of: 207
Clk3 @ 88000000 Finished 212321 instructions 
Clk7 @ 89000000 Finished 214747 instructions 
Clk3 @ 90000000 Finished 217162 instructions 
Clk3 @ 91000000 Finished 219547 instructions 
Clk@ 91181347 Working on the # 220000 th memory instruction
Sampling stash size at 219999 req has local max stash size of: 204
Clk3 @ 92000000 Finished 221994 instructions 
Clk3 @ 93000000 Finished 224453 instructions 
Clk7 @ 94000000 Finished 226896 instructions 
Clk7 @ 95000000 Finished 229304 instructions 
Clk@ 95278345 Working on the # 230000 th memory instruction
Sampling stash size at 229999 req has local max stash size of: 205
Clk7 @ 96000000 Finished 231760 instructions 
Clk3 @ 97000000 Finished 234170 instructions 
Clk3 @ 98000000 Finished 236625 instructions 
Clk7 @ 99000000 Finished 239070 instructions 
Clk@ 99381129 Working on the # 240000 th memory instruction
Sampling stash size at 239999 req has local max stash size of: 211
Clk7 @ 100000000 Finished 241482 instructions 
Clk3 @ 101000000 Finished 243847 instructions 
Clk7 @ 102000000 Finished 246046 instructions 
Clk3 @ 103000000 Finished 248232 instructions 
Clk@ 103767873 Working on the # 250000 th memory instruction
Sampling stash size at 249999 req has local max stash size of: 204
Clk3 @ 104000000 Finished 250541 instructions 
Clk3 @ 105000000 Finished 252943 instructions 
Clk3 @ 106000000 Finished 255323 instructions 
Clk3 @ 107000000 Finished 257747 instructions 
Clk@ 107942689 Working on the # 260000 th memory instruction
Sampling stash size at 259999 req has local max stash size of: 207
Clk7 @ 108000000 Finished 260141 instructions 
Clk3 @ 109000000 Finished 262582 instructions 
Clk3 @ 110000000 Finished 264967 instructions 
Clk3 @ 111000000 Finished 267422 instructions 
Clk3 @ 112000000 Finished 269882 instructions 
Clk@ 112048452 Working on the # 270000 th memory instruction
Sampling stash size at 269999 req has local max stash size of: 207
Clk7 @ 113000000 Finished 272320 instructions 
Clk3 @ 114000000 Finished 274687 instructions 
Clk3 @ 115000000 Finished 277127 instructions 
Clk3 @ 116000000 Finished 279527 instructions 
Clk@ 116190708 Working on the # 280000 th memory instruction
Sampling stash size at 279999 req has local max stash size of: 208
Clk7 @ 117000000 Finished 281977 instructions 
Clk7 @ 118000000 Finished 284417 instructions 
Clk3 @ 119000000 Finished 286822 instructions 
Clk3 @ 120000000 Finished 289287 instructions 
Clk@ 120301361 Working on the # 290000 th memory instruction
Sampling stash size at 289999 req has local max stash size of: 221
Clk3 @ 121000000 Finished 291707 instructions 
Clk7 @ 122000000 Finished 294110 instructions 
Clk7 @ 123000000 Finished 296559 instructions 
Clk7 @ 124000000 Finished 299002 instructions 
Clk@ 124408032 Working on the # 300000 th memory instruction
Sampling stash size at 299999 req has local max stash size of: 212
Clk7 @ 125000000 Finished 301420 instructions 
Clk3 @ 126000000 Finished 303853 instructions 
Clk3 @ 127000000 Finished 306147 instructions 
Clk3 @ 128000000 Finished 308547 instructions 
Clk@ 128624073 Working on the # 310000 th memory instruction
Sampling stash size at 309999 req has local max stash size of: 213
Clk3 @ 129000000 Finished 310923 instructions 
Clk7 @ 129000000 Finished 310923 instructions 
Clk7 @ 130000000 Finished 313366 instructions 
Clk3 @ 131000000 Finished 315807 instructions 
Clk3 @ 132000000 Finished 318223 instructions 
Clk@ 132726968 Working on the # 320000 th memory instruction
Sampling stash size at 319999 req has local max stash size of: 213
Clk3 @ 133000000 Finished 320627 instructions 
Clk7 @ 134000000 Finished 323087 instructions 
Clk3 @ 135000000 Finished 325482 instructions 
Clk3 @ 136000000 Finished 327882 instructions 
Clk@ 136886168 Working on the # 330000 th memory instruction
Sampling stash size at 329999 req has local max stash size of: 210
Clk3 @ 137000000 Finished 330265 instructions 
Clk3 @ 138000000 Finished 332607 instructions 
Clk7 @ 139000000 Finished 335026 instructions 
Clk7 @ 140000000 Finished 337421 instructions 
Clk3 @ 141000000 Finished 339847 instructions 
Clk@ 141060766 Working on the # 340000 th memory instruction
Sampling stash size at 339999 req has local max stash size of: 218
Clk3 @ 142000000 Finished 342264 instructions 
Clk3 @ 143000000 Finished 344607 instructions 
Clk7 @ 144000000 Finished 347015 instructions 
Clk3 @ 145000000 Finished 349447 instructions 
Clk@ 145223713 Working on the # 350000 th memory instruction
Sampling stash size at 349999 req has local max stash size of: 208
Clk3 @ 146000000 Finished 351867 instructions 
Clk7 @ 147000000 Finished 354327 instructions 
Clk3 @ 148000000 Finished 356782 instructions 
Clk3 @ 149000000 Finished 359166 instructions 
Clk@ 149335508 Working on the # 360000 th memory instruction
Sampling stash size at 359999 req has local max stash size of: 219
Clk7 @ 150000000 Finished 361629 instructions 
Clk7 @ 151000000 Finished 364048 instructions 
Clk3 @ 152000000 Finished 366321 instructions 
Clk3 @ 153000000 Finished 368747 instructions 
Clk@ 153518349 Working on the # 370000 th memory instruction
Sampling stash size at 369999 req has local max stash size of: 213
Clk7 @ 154000000 Finished 371153 instructions 
Clk7 @ 155000000 Finished 373410 instructions 
Clk3 @ 156000000 Finished 375782 instructions 
Clk3 @ 157000000 Finished 378204 instructions 
Clk@ 157723466 Working on the # 380000 th memory instruction
Sampling stash size at 379999 req has local max stash size of: 211
Clk3 @ 158000000 Finished 380667 instructions 
Clk3 @ 159000000 Finished 383085 instructions 
Clk7 @ 160000000 Finished 385547 instructions 
Clk7 @ 161000000 Finished 387984 instructions 
Clk@ 161847960 Working on the # 390000 th memory instruction
Sampling stash size at 389999 req has local max stash size of: 211
Clk7 @ 162000000 Finished 390370 instructions 
Clk7 @ 163000000 Finished 392823 instructions 
Clk7 @ 164000000 Finished 395287 instructions 
Clk3 @ 165000000 Finished 397647 instructions 
Clk@ 165963995 Working on the # 400000 th memory instruction
Sampling stash size at 399999 req has local max stash size of: 218
Clk3 @ 166000000 Finished 400081 instructions 
Clk7 @ 167000000 Finished 402497 instructions 
Clk7 @ 168000000 Finished 404888 instructions 
Clk7 @ 169000000 Finished 407302 instructions 
Clk3 @ 170000000 Finished 409727 instructions 
Clk@ 170108474 Working on the # 410000 th memory instruction
Sampling stash size at 409999 req has local max stash size of: 218
Clk3 @ 171000000 Finished 412148 instructions 
Clk3 @ 172000000 Finished 414565 instructions 
Clk3 @ 173000000 Finished 417001 instructions 
Clk3 @ 174000000 Finished 419421 instructions 
Clk@ 174236759 Working on the # 420000 th memory instruction
Sampling stash size at 419999 req has local max stash size of: 218
Clk7 @ 175000000 Finished 421856 instructions 
Clk3 @ 176000000 Finished 424267 instructions 
Clk7 @ 177000000 Finished 426667 instructions 
Clk7 @ 178000000 Finished 429086 instructions 
Clk@ 178372808 Working on the # 430000 th memory instruction
Sampling stash size at 429999 req has local max stash size of: 216
Clk7 @ 179000000 Finished 431514 instructions 
Clk3 @ 180000000 Finished 433924 instructions 
Clk7 @ 181000000 Finished 436213 instructions 
Clk3 @ 182000000 Finished 438642 instructions 
Clk@ 182549602 Working on the # 440000 th memory instruction
Sampling stash size at 439999 req has local max stash size of: 214
Clk7 @ 183000000 Finished 441105 instructions 
Clk3 @ 184000000 Finished 443507 instructions 
Clk3 @ 185000000 Finished 445945 instructions 
Clk3 @ 186000000 Finished 448387 instructions 
Clk@ 186669059 Working on the # 450000 th memory instruction
Sampling stash size at 449999 req has local max stash size of: 217
Clk3 @ 187000000 Finished 450818 instructions 
Clk3 @ 188000000 Finished 453254 instructions 
Clk7 @ 189000000 Finished 455683 instructions 
Clk3 @ 190000000 Finished 458069 instructions 
Clk@ 190789644 Working on the # 460000 th memory instruction
Sampling stash size at 459999 req has local max stash size of: 224
Clk7 @ 191000000 Finished 460510 instructions 
Clk3 @ 192000000 Finished 462957 instructions 
Clk3 @ 193000000 Finished 465327 instructions 
Clk7 @ 194000000 Finished 467768 instructions 
Clk@ 194910714 Working on the # 470000 th memory instruction
Sampling stash size at 469999 req has local max stash size of: 219
Clk3 @ 195000000 Finished 470219 instructions 
Clk7 @ 196000000 Finished 472627 instructions 
Clk7 @ 197000000 Finished 475066 instructions 
Clk3 @ 198000000 Finished 477507 instructions 
Clk7 @ 199000000 Finished 479952 instructions 
Clk@ 199017844 Working on the # 480000 th memory instruction
Sampling stash size at 479999 req has local max stash size of: 219
Clk7 @ 200000000 Finished 482328 instructions 
Clk7 @ 201000000 Finished 484721 instructions 
Clk3 @ 202000000 Finished 487086 instructions 
Clk7 @ 203000000 Finished 489231 instructions 
Clk@ 203329370 Working on the # 490000 th memory instruction
Sampling stash size at 489999 req has local max stash size of: 221
Clk3 @ 204000000 Finished 491552 instructions 
Clk7 @ 205000000 Finished 493799 instructions 
Clk7 @ 206000000 Finished 495927 instructions 
Clk3 @ 207000000 Finished 498213 instructions 
Clk7 @ 207000000 Finished 498213 instructions 
Clk@ 207787203 Working on the # 500000 th memory instruction
Warm up done after line access count: 500000 out of 1000000 (50 %)
Sampling stash size at 499999 req has local max stash size of: 220
Clk3 @ 208000000 Finished 500487 instructions 
Clk3 @ 209000000 Finished 502847 instructions 
Clk3 @ 210000000 Finished 505225 instructions 
Clk3 @ 211000000 Finished 507600 instructions 
Clk7 @ 211000000 Finished 507600 instructions 
Clk7 @ 212000000 Finished 509969 instructions 
Clk@ 212011191 Working on the # 510000 th memory instruction
Sampling stash size at 509999 req has local max stash size of: 218
Clk3 @ 213000000 Finished 512289 instructions 
Clk3 @ 214000000 Finished 514687 instructions 
Clk7 @ 215000000 Finished 517113 instructions 
Clk3 @ 216000000 Finished 519447 instructions 
Clk@ 216221961 Working on the # 520000 th memory instruction
Sampling stash size at 519999 req has local max stash size of: 217
Clk3 @ 217000000 Finished 521887 instructions 
Clk7 @ 218000000 Finished 524273 instructions 
Clk3 @ 219000000 Finished 526607 instructions 
Clk7 @ 220000000 Finished 529024 instructions 
Clk@ 220406770 Working on the # 530000 th memory instruction
Sampling stash size at 529999 req has local max stash size of: 213
Clk3 @ 221000000 Finished 531445 instructions 
Clk3 @ 222000000 Finished 533825 instructions 
Clk7 @ 223000000 Finished 536274 instructions 
Clk3 @ 224000000 Finished 538713 instructions 
Clk@ 224526207 Working on the # 540000 th memory instruction
Sampling stash size at 539999 req has local max stash size of: 218
Clk3 @ 225000000 Finished 541107 instructions 
Clk3 @ 226000000 Finished 543547 instructions 
Clk7 @ 227000000 Finished 545974 instructions 
Clk3 @ 228000000 Finished 548383 instructions 
Clk@ 228718506 Working on the # 550000 th memory instruction
Sampling stash size at 549999 req has local max stash size of: 216
Clk7 @ 229000000 Finished 550674 instructions 
Clk3 @ 230000000 Finished 553092 instructions 
Clk7 @ 231000000 Finished 555514 instructions 
Clk3 @ 232000000 Finished 557862 instructions 
Clk@ 232880447 Working on the # 560000 th memory instruction
Sampling stash size at 559999 req has local max stash size of: 220
Clk3 @ 233000000 Finished 560282 instructions 
Clk3 @ 234000000 Finished 562705 instructions 
Clk3 @ 235000000 Finished 565122 instructions 
Clk3 @ 236000000 Finished 567566 instructions 
Clk7 @ 237000000 Finished 569958 instructions 
Clk@ 237016553 Working on the # 570000 th memory instruction
Sampling stash size at 569999 req has local max stash size of: 221
Clk7 @ 238000000 Finished 572376 instructions 
Clk3 @ 239000000 Finished 574822 instructions 
Clk7 @ 240000000 Finished 577227 instructions 
Clk3 @ 241000000 Finished 579643 instructions 
Clk@ 241150201 Working on the # 580000 th memory instruction
Sampling stash size at 579999 req has local max stash size of: 226
Clk7 @ 242000000 Finished 582068 instructions 
Clk7 @ 243000000 Finished 584527 instructions 
Clk7 @ 244000000 Finished 586888 instructions 
Clk7 @ 245000000 Finished 589313 instructions 
Clk@ 245282705 Working on the # 590000 th memory instruction
Sampling stash size at 589999 req has local max stash size of: 227
Clk7 @ 246000000 Finished 591739 instructions 
Clk3 @ 247000000 Finished 594147 instructions 
Clk3 @ 248000000 Finished 596567 instructions 
Clk3 @ 249000000 Finished 599003 instructions 
Clk@ 249406764 Working on the # 600000 th memory instruction
Sampling stash size at 599999 req has local max stash size of: 225
Clk3 @ 250000000 Finished 601445 instructions 
Clk7 @ 251000000 Finished 603844 instructions 
Clk3 @ 252000000 Finished 606265 instructions 
Clk3 @ 253000000 Finished 608707 instructions 
Clk@ 253587574 Working on the # 610000 th memory instruction
Sampling stash size at 609999 req has local max stash size of: 221
Clk3 @ 254000000 Finished 610924 instructions 
Clk3 @ 255000000 Finished 613307 instructions 
Clk7 @ 256000000 Finished 615670 instructions 
Clk3 @ 257000000 Finished 617983 instructions 
Clk@ 257853657 Working on the # 620000 th memory instruction
Sampling stash size at 619999 req has local max stash size of: 225
Clk7 @ 258000000 Finished 620360 instructions 
Clk7 @ 259000000 Finished 622787 instructions 
Clk7 @ 260000000 Finished 625168 instructions 
Clk3 @ 261000000 Finished 627615 instructions 
Clk@ 261973333 Working on the # 630000 th memory instruction
Sampling stash size at 629999 req has local max stash size of: 217
Clk7 @ 262000000 Finished 630062 instructions 
Clk7 @ 263000000 Finished 632504 instructions 
Clk7 @ 264000000 Finished 634887 instructions 
Clk7 @ 265000000 Finished 637305 instructions 
Clk7 @ 266000000 Finished 639746 instructions 
Clk@ 266106865 Working on the # 640000 th memory instruction
Sampling stash size at 639999 req has local max stash size of: 223
Clk3 @ 267000000 Finished 642107 instructions 
Clk3 @ 269000000 Finished 646989 instructions 
Clk7 @ 270000000 Finished 649404 instructions 
Clk@ 270245561 Working on the # 650000 th memory instruction
Sampling stash size at 649999 req has local max stash size of: 223
Clk3 @ 271000000 Finished 651761 instructions 
Clk3 @ 272000000 Finished 654207 instructions 
Clk3 @ 273000000 Finished 656588 instructions 
Clk7 @ 274000000 Finished 659024 instructions 
Clk@ 274406563 Working on the # 660000 th memory instruction
Sampling stash size at 659999 req has local max stash size of: 225
Clk7 @ 275000000 Finished 661410 instructions 
Clk3 @ 276000000 Finished 663783 instructions 
Clk7 @ 277000000 Finished 666129 instructions 
Clk3 @ 278000000 Finished 668560 instructions 
Clk@ 278600334 Working on the # 670000 th memory instruction
Sampling stash size at 669999 req has local max stash size of: 228
Clk3 @ 279000000 Finished 670884 instructions 
Clk3 @ 280000000 Finished 673322 instructions 
Clk7 @ 281000000 Finished 675745 instructions 
Clk7 @ 282000000 Finished 678173 instructions 
Clk@ 282755580 Working on the # 680000 th memory instruction
Sampling stash size at 679999 req has local max stash size of: 222
Clk7 @ 283000000 Finished 680605 instructions 
Clk7 @ 284000000 Finished 683014 instructions 
Clk7 @ 285000000 Finished 685384 instructions 
Clk7 @ 286000000 Finished 687687 instructions 
Clk@ 286952689 Working on the # 690000 th memory instruction
Sampling stash size at 689999 req has local max stash size of: 226
Clk3 @ 287000000 Finished 690113 instructions 
Clk7 @ 288000000 Finished 692555 instructions 
Clk3 @ 289000000 Finished 694961 instructions 
Clk7 @ 290000000 Finished 697385 instructions 
Clk7 @ 291000000 Finished 699788 instructions 
Clk@ 291083123 Working on the # 700000 th memory instruction
Sampling stash size at 699999 req has local max stash size of: 219
Clk3 @ 292000000 Finished 702167 instructions 
Clk3 @ 293000000 Finished 704607 instructions 
Clk3 @ 294000000 Finished 707023 instructions 
Clk7 @ 295000000 Finished 709447 instructions 
Clk@ 295230384 Working on the # 710000 th memory instruction
Sampling stash size at 709999 req has local max stash size of: 224
Clk7 @ 296000000 Finished 711887 instructions 
Clk7 @ 297000000 Finished 714331 instructions 
Clk3 @ 298000000 Finished 716689 instructions 
Clk3 @ 299000000 Finished 719087 instructions 
Clk@ 299368608 Working on the # 720000 th memory instruction
Sampling stash size at 719999 req has local max stash size of: 221
Clk3 @ 300000000 Finished 721525 instructions 
Clk3 @ 301000000 Finished 723962 instructions 
Clk3 @ 302000000 Finished 726372 instructions 
Clk7 @ 303000000 Finished 728767 instructions 
Clk@ 303516317 Working on the # 730000 th memory instruction
Sampling stash size at 729999 req has local max stash size of: 222
Clk3 @ 304000000 Finished 731107 instructions 
Clk3 @ 305000000 Finished 733364 instructions 
Clk7 @ 306000000 Finished 735786 instructions 
Clk3 @ 307000000 Finished 738207 instructions 
Clk@ 307752942 Working on the # 740000 th memory instruction
Sampling stash size at 739999 req has local max stash size of: 227
Clk3 @ 308000000 Finished 740587 instructions 
Clk7 @ 309000000 Finished 742943 instructions 
Clk3 @ 310000000 Finished 745226 instructions 
Clk3 @ 311000000 Finished 747415 instructions 
Clk7 @ 312000000 Finished 749781 instructions 
Clk@ 312090127 Working on the # 750000 th memory instruction
Sampling stash size at 749999 req has local max stash size of: 229
Clk3 @ 313000000 Finished 752187 instructions 
Clk3 @ 314000000 Finished 754584 instructions 
Clk7 @ 315000000 Finished 757014 instructions 
Clk7 @ 316000000 Finished 759443 instructions 
Clk@ 316223830 Working on the # 760000 th memory instruction
Sampling stash size at 759999 req has local max stash size of: 219
Clk3 @ 317000000 Finished 761866 instructions 
Clk3 @ 318000000 Finished 764225 instructions 
Clk3 @ 319000000 Finished 766669 instructions 
Clk7 @ 320000000 Finished 769112 instructions 
Clk@ 320370780 Working on the # 770000 th memory instruction
Sampling stash size at 769999 req has local max stash size of: 220
Clk7 @ 321000000 Finished 771545 instructions 
Clk3 @ 322000000 Finished 773962 instructions 
Clk3 @ 323000000 Finished 776384 instructions 
Clk7 @ 324000000 Finished 778770 instructions 
Clk@ 324519906 Working on the # 780000 th memory instruction
Sampling stash size at 779999 req has local max stash size of: 226
Clk3 @ 325000000 Finished 781166 instructions 
Clk3 @ 326000000 Finished 783607 instructions 
Clk3 @ 327000000 Finished 786027 instructions 
Clk3 @ 328000000 Finished 788470 instructions 
Clk@ 328629110 Working on the # 790000 th memory instruction
Sampling stash size at 789999 req has local max stash size of: 227
Clk7 @ 329000000 Finished 790890 instructions 
Clk7 @ 330000000 Finished 793187 instructions 
Clk3 @ 331000000 Finished 795585 instructions 
Clk3 @ 332000000 Finished 798027 instructions 
Clk@ 332806635 Working on the # 800000 th memory instruction
Sampling stash size at 799999 req has local max stash size of: 236
Clk3 @ 333000000 Finished 800450 instructions 
Clk3 @ 334000000 Finished 802869 instructions 
Clk3 @ 335000000 Finished 805322 instructions 
Clk3 @ 336000000 Finished 807742 instructions 
Clk@ 336958036 Working on the # 810000 th memory instruction
Sampling stash size at 809999 req has local max stash size of: 223
Clk3 @ 337000000 Finished 810102 instructions 
Clk3 @ 338000000 Finished 812542 instructions 
Clk3 @ 339000000 Finished 814942 instructions 
Clk3 @ 340000000 Finished 817345 instructions 
Clk7 @ 341000000 Finished 819777 instructions 
Clk@ 341088640 Working on the # 820000 th memory instruction
Sampling stash size at 819999 req has local max stash size of: 227
Clk3 @ 342000000 Finished 822201 instructions 
Clk7 @ 343000000 Finished 824571 instructions 
Clk7 @ 344000000 Finished 826967 instructions 
Clk3 @ 345000000 Finished 829345 instructions 
Clk@ 345268988 Working on the # 830000 th memory instruction
Sampling stash size at 829999 req has local max stash size of: 228
Clk3 @ 346000000 Finished 831762 instructions 
Clk3 @ 347000000 Finished 834201 instructions 
Clk7 @ 348000000 Finished 836621 instructions 
Clk3 @ 349000000 Finished 838981 instructions 
Clk@ 349414905 Working on the # 840000 th memory instruction
Sampling stash size at 839999 req has local max stash size of: 227
Clk7 @ 350000000 Finished 841418 instructions 
Clk7 @ 351000000 Finished 843806 instructions 
Clk7 @ 352000000 Finished 846195 instructions 
Clk7 @ 353000000 Finished 848590 instructions 
Clk@ 353575483 Working on the # 850000 th memory instruction
Sampling stash size at 849999 req has local max stash size of: 232
Clk3 @ 354000000 Finished 851023 instructions 
Clk7 @ 355000000 Finished 853368 instructions 
Clk7 @ 356000000 Finished 855708 instructions 
Clk3 @ 357000000 Finished 858123 instructions 
Clk@ 357778257 Working on the # 860000 th memory instruction
Sampling stash size at 859999 req has local max stash size of: 222
Clk7 @ 358000000 Finished 860524 instructions 
Clk7 @ 359000000 Finished 862931 instructions 
Clk7 @ 360000000 Finished 865347 instructions 
Clk3 @ 361000000 Finished 867735 instructions 
Clk3 @ 362000000 Finished 869942 instructions 
Clk@ 362023972 Working on the # 870000 th memory instruction
Sampling stash size at 869999 req has local max stash size of: 226
Clk3 @ 363000000 Finished 872362 instructions 
Clk3 @ 364000000 Finished 874782 instructions 
Clk3 @ 365000000 Finished 877183 instructions 
Clk7 @ 366000000 Finished 879645 instructions 
Clk@ 366145778 Working on the # 880000 th memory instruction
Sampling stash size at 879999 req has local max stash size of: 225
Clk3 @ 367000000 Finished 882066 instructions 
Clk7 @ 368000000 Finished 884435 instructions 
Clk3 @ 369000000 Finished 886862 instructions 
Clk3 @ 370000000 Finished 889274 instructions 
Clk@ 370299063 Working on the # 890000 th memory instruction
Sampling stash size at 889999 req has local max stash size of: 234
Clk7 @ 371000000 Finished 891701 instructions 
Clk7 @ 372000000 Finished 894134 instructions 
Clk7 @ 373000000 Finished 896527 instructions 
Clk7 @ 374000000 Finished 898957 instructions 
Clk@ 374442860 Working on the # 900000 th memory instruction
Sampling stash size at 899999 req has local max stash size of: 222
Clk7 @ 375000000 Finished 901350 instructions 
Clk3 @ 376000000 Finished 903761 instructions 
Clk3 @ 377000000 Finished 906193 instructions 
Clk7 @ 378000000 Finished 908614 instructions 
Clk@ 378583763 Working on the # 910000 th memory instruction
Sampling stash size at 909999 req has local max stash size of: 227
Clk3 @ 379000000 Finished 911007 instructions 
Clk3 @ 380000000 Finished 913461 instructions 
Clk7 @ 381000000 Finished 915801 instructions 
Clk3 @ 382000000 Finished 918238 instructions 
Clk@ 382723130 Working on the # 920000 th memory instruction
Sampling stash size at 919999 req has local max stash size of: 224
Clk3 @ 383000000 Finished 920668 instructions 
Clk7 @ 384000000 Finished 923083 instructions 
Clk7 @ 385000000 Finished 925522 instructions 
Clk3 @ 386000000 Finished 927947 instructions 
Clk@ 386882701 Working on the # 930000 th memory instruction
Sampling stash size at 929999 req has local max stash size of: 232
Clk7 @ 387000000 Finished 930254 instructions 
Clk7 @ 388000000 Finished 932625 instructions 
Clk7 @ 389000000 Finished 935044 instructions 
Clk3 @ 390000000 Finished 937447 instructions 
Clk3 @ 391000000 Finished 939871 instructions 
Clk@ 391050675 Working on the # 940000 th memory instruction
Sampling stash size at 939999 req has local max stash size of: 234
Clk3 @ 392000000 Finished 942313 instructions 
Clk3 @ 393000000 Finished 944707 instructions 
Clk3 @ 394000000 Finished 947053 instructions 
Clk7 @ 395000000 Finished 949455 instructions 
Clk@ 395228770 Working on the # 950000 th memory instruction
Sampling stash size at 949999 req has local max stash size of: 235
Clk3 @ 396000000 Finished 951853 instructions 
Clk3 @ 397000000 Finished 954247 instructions 
Clk7 @ 398000000 Finished 956680 instructions 
Clk7 @ 399000000 Finished 959098 instructions 
Clk@ 399374240 Working on the # 960000 th memory instruction
Sampling stash size at 959999 req has local max stash size of: 231
Clk3 @ 400000000 Finished 961427 instructions 
Clk3 @ 401000000 Finished 963827 instructions 
Clk7 @ 402000000 Finished 966187 instructions 
Clk7 @ 403000000 Finished 968556 instructions 
Clk@ 403601876 Working on the # 970000 th memory instruction
Sampling stash size at 969999 req has local max stash size of: 224
Clk7 @ 404000000 Finished 970948 instructions 
Clk3 @ 405000000 Finished 973326 instructions 
Clk3 @ 406000000 Finished 975527 instructions 
Clk7 @ 407000000 Finished 977627 instructions 
Clk3 @ 408000000 Finished 979902 instructions 
Clk@ 408040404 Working on the # 980000 th memory instruction
Sampling stash size at 979999 req has local max stash size of: 230
Clk3 @ 409000000 Finished 982247 instructions 
Clk7 @ 410000000 Finished 984509 instructions 
Clk3 @ 411000000 Finished 986827 instructions 
Clk3 @ 412000000 Finished 989103 instructions 
Clk@ 412405171 Working on the # 990000 th memory instruction
Sampling stash size at 989999 req has local max stash size of: 237
Clk3 @ 413000000 Finished 991265 instructions 
Clk3 @ 414000000 Finished 993561 instructions 
Clk3 @ 415000000 Finished 995927 instructions 
Clk7 @ 416000000 Finished 998265 instructions 
Clk@ 416741870 Working on the # 1000000 th memory instruction
Sampling stash size at 999999 req has local max stash size of: 230

===*** Data ***====
Stall reason distribution: 
mc_hazard: 0
normal: 0
rs_hazard: 0
rw_swtich: 0
Early reshuffle distribution: 
0: 0
1: 0
2: 0
3: 0
4: 0
5: 0
6: 1880
7: 3848
8: 3823
9: 3853
10: 3819
11: 3778
12: 3587
13: 3363
14: 2857
15: 1825
16: 84
17: 0
18: 0
19: 0
20: 0
21: 0
22: 0
23: 0
24: 0
=================
Max stash size is: 237
Average stash size is: 114.955
useful_read_pull_ddr: 500006 (1.30994) %
dummy_read_pull_ddr: 8749791 (22.9231) %
useful_early_pull_ddr: 291733 (0.764295) %
useful_early_push_ddr: 168631 (0.441787) %
useful_write_pull_ddr: 7398577 (19.3831) %
useful_write_push_ddr: 3188074 (8.35226) %
dummy_early_pull_ddr: 18313 (0.0479772) %
dummy_early_push_ddr: 615603 (1.61278) %
dummy_write_pull_ddr: 1727 (0.00452447) %
dummy_write_push_ddr: 17237743 (45.1602) %
=================
Stash violation number of times: 0
=================
Check NodeID traffic: 6540506
Update NodeID traffic: 34
=================
Read RS lines: 1000000 (85.8049) %
Write RS lines: 100000 (8.58049) %
Early RS lines: 65434 (5.61456) %
Read DDR lines: 18499751 (24.6539) %
Write DDR lines: 54575000 (72.73) %
Early DDR lines: 1963020 (2.61604) %

====*** pos1 ***====
Stall reason distribution: 
mc_hazard: 0
normal: 0
rs_hazard: 0
rw_swtich: 0
Early reshuffle distribution: 
0: 0
1: 0
2: 0
3: 1539
4: 3568
5: 3737
6: 3765
7: 3897
8: 3902
9: 3860
10: 3808
11: 3716
12: 3518
13: 3404
14: 2830
15: 1817
16: 86
17: 0
18: 0
19: 0
20: 0
21: 0
=================
Max stash size is: 238
Average stash size is: 103.982
useful_read_pull_ddr: 999994 (1.30281) %
dummy_read_pull_ddr: 17500034 (22.7993) %
useful_early_pull_ddr: 694370 (0.904636) %
useful_early_push_ddr: 411725 (0.536402) %
useful_write_pull_ddr: 14781463 (19.2575) %
useful_write_push_ddr: 7368285 (9.59951) %
dummy_early_pull_ddr: 44229 (0.0576222) %
dummy_early_push_ddr: 1456496 (1.89755) %
dummy_write_pull_ddr: 18537 (0.0241503) %
dummy_write_push_ddr: 33481715 (43.6205) %
=================
Stash violation number of times: 0
=================
Check NodeID traffic: 9509476
Update NodeID traffic: 5
=================
Read RS lines: 1000000 (84.2535) %
Write RS lines: 100000 (8.42535) %
Early RS lines: 86894 (7.32113) %
Read DDR lines: 18500028 (24.4445) %
Write DDR lines: 54575000 (72.1111) %
Early DDR lines: 2606820 (3.44445) %

====*** pos2 ***====
Stall reason distribution: 
mc_hazard: 0
normal: 0
rs_hazard: 0
rw_swtich: 0
Early reshuffle distribution: 
0: 0
1: 0
2: 1256
3: 3177
4: 3528
5: 3714
6: 3753
7: 3941
8: 3956
9: 3908
10: 3828
11: 3724
12: 3558
13: 3232
14: 2689
15: 1501
16: 28
17: 0
18: 0
=================
Max stash size is: 231
Average stash size is: 100.487
useful_read_pull_ddr: 999982 (1.51806) %
dummy_read_pull_ddr: 15000018 (22.7714) %
useful_early_pull_ddr: 706696 (1.07283) %
useful_early_push_ddr: 422455 (0.641325) %
useful_write_pull_ddr: 12660363 (19.2196) %
useful_write_push_ddr: 7224438 (10.9674) %
dummy_early_pull_ddr: 50433 (0.0765619) %
dummy_early_push_ddr: 1492636 (2.26596) %
dummy_write_pull_ddr: 139637 (0.211982) %
dummy_write_push_ddr: 27175562 (41.255) %
=================
Stash violation number of times: 0
=================
Check NodeID traffic: 5749513
Update NodeID traffic: 0
=================
Read RS lines: 1000000 (83.9218) %
Write RS lines: 100000 (8.39218) %
Early RS lines: 91586 (7.68606) %
Read DDR lines: 16000000 (24.2895) %
Write DDR lines: 47200000 (71.6539) %
Early DDR lines: 2672220 (4.05667) %
=================
The final DRAM clk is: 416747124 ticks.
Idle waiting clk is 160396011, which is 38.4876 %
DRAM Frequency is: 1600MHz
The final time in ns is: 2.60467e+08 ns.
Time distribution: 
Data pull time is: 0
data: 0
pos1: 0
pos2: 0
Data distribution: 
Pos2 data: 65872220
Pos1 data: 75681848
Data: 75037771
Node access DDR: 13081012
Pull DDR: 18499751
WB DDR: 54575000
Early DDR: 1963020
Achieved BW is: 60.1832 GB/s
Ideal BW is: 102.4 GB/s
Metadata cache conclusion: 
overall_hit: 14450224 overall_total: 27532717
Cache Size 64 KB Overall Hit rate: 52.4838 %. 
Simulation done. Statistics written to my_output.txt
