Valid leaf ID range: 67108863:134217726
Num of top nodes: 67108864
Data level num of ways: 67108864
cached_total: 1
cached_total: 3
cached_total: 7
cached_total: 15
cached_total: 31
cached_total: 63
cached_total: 127
cached_total: 255
cached_total: 511
Total number of ORAM protected cache line blocks: 67108864
Cached number of levels: 8
Max number of levels: 27
Start lvl is: 0
data valid leaf right: 134217727
data num of levels: 27
data level num of ways: 67108864
data number of sets: 1
Cached node ID: 0 -- 455
Address space: 0 - 4 GB
pos1 valid leaf right: 16777215
pos1 num of levels: 24
pos1 level num of ways: 8388608
pos1 number of sets: 1
Cached node ID: 0 -- 56
Address space: 0 - 0.5 GB
pos2 valid leaf right: 2097151
pos2 num of levels: 21
pos2 level num of ways: 1048576
pos2 number of sets: 1
Cached node ID: 0 -- 28
Address space: 0 - 0.0625 GB
Clk7 @ 1000000 Finished 1150 instructions 
Clk3 @ 2000000 Finished 2547 instructions 
Clk3 @ 3000000 Finished 3971 instructions 
Clk7 @ 4000000 Finished 5434 instructions 
Clk7 @ 5000000 Finished 6889 instructions 
Clk7 @ 6000000 Finished 8314 instructions 
Clk7 @ 7000000 Finished 9793 instructions 
Clk@ 7135423 Working on the # 10000 th memory instruction
Clk3 @ 8000000 Finished 11250 instructions 
Clk3 @ 9000000 Finished 12703 instructions 
Clk3 @ 10000000 Finished 14197 instructions 
Clk7 @ 11000000 Finished 15583 instructions 
Clk3 @ 12000000 Finished 17057 instructions 
Clk3 @ 13000000 Finished 18511 instructions 
Clk3 @ 14000000 Finished 19984 instructions 
Clk@ 14011539 Working on the # 20000 th memory instruction
Clk7 @ 15000000 Finished 21448 instructions 
Clk7 @ 16000000 Finished 22882 instructions 
Clk7 @ 17000000 Finished 24355 instructions 
Clk3 @ 18000000 Finished 25798 instructions 
Clk7 @ 19000000 Finished 27295 instructions 
Clk3 @ 20000000 Finished 28766 instructions 
Clk@ 20848073 Working on the # 30000 th memory instruction
Clk7 @ 21000000 Finished 30142 instructions 
Clk3 @ 22000000 Finished 31561 instructions 
Clk7 @ 23000000 Finished 33006 instructions 
Clk3 @ 24000000 Finished 34490 instructions 
Clk3 @ 25000000 Finished 35923 instructions 
Clk7 @ 26000000 Finished 37392 instructions 
Clk7 @ 27000000 Finished 38831 instructions 
Clk@ 27794912 Working on the # 40000 th memory instruction
Clk3 @ 28000000 Finished 40307 instructions 
Clk7 @ 29000000 Finished 41732 instructions 
Clk7 @ 30000000 Finished 43213 instructions 
Clk3 @ 31000000 Finished 44623 instructions 
Clk3 @ 32000000 Finished 46078 instructions 
Clk7 @ 33000000 Finished 47542 instructions 
Clk7 @ 34000000 Finished 49003 instructions 
Clk@ 34734936 Working on the # 50000 th memory instruction
Clk7 @ 35000000 Finished 50393 instructions 
Clk7 @ 36000000 Finished 51865 instructions 
Clk3 @ 37000000 Finished 53332 instructions 
Clk7 @ 37000000 Finished 53332 instructions 
Clk7 @ 38000000 Finished 54792 instructions 
Clk3 @ 39000000 Finished 56269 instructions 
Clk7 @ 40000000 Finished 57724 instructions 
Clk7 @ 41000000 Finished 59198 instructions 
Clk@ 41581387 Working on the # 60000 th memory instruction
Clk7 @ 42000000 Finished 60451 instructions 
Clk7 @ 43000000 Finished 61858 instructions 
Clk3 @ 44000000 Finished 63336 instructions 
Clk3 @ 45000000 Finished 64792 instructions 
Clk7 @ 46000000 Finished 66209 instructions 
Clk7 @ 47000000 Finished 67674 instructions 
Clk7 @ 48000000 Finished 69142 instructions 
Clk@ 48582041 Working on the # 70000 th memory instruction
Clk3 @ 49000000 Finished 70600 instructions 
Clk7 @ 50000000 Finished 72010 instructions 
Clk3 @ 51000000 Finished 73468 instructions 
Clk3 @ 52000000 Finished 74911 instructions 
Clk7 @ 53000000 Finished 76396 instructions 
Clk3 @ 54000000 Finished 77797 instructions 
Clk7 @ 55000000 Finished 79237 instructions 
Clk@ 55518035 Working on the # 80000 th memory instruction
Clk3 @ 56000000 Finished 80722 instructions 
Clk3 @ 57000000 Finished 82103 instructions 
Clk7 @ 58000000 Finished 83566 instructions 
Clk7 @ 59000000 Finished 85030 instructions 
Clk7 @ 60000000 Finished 86495 instructions 
Clk3 @ 61000000 Finished 87848 instructions 
Clk3 @ 62000000 Finished 89311 instructions 
Clk@ 62460499 Working on the # 90000 th memory instruction
Clk3 @ 63000000 Finished 90763 instructions 
Clk7 @ 64000000 Finished 92209 instructions 
Clk7 @ 65000000 Finished 93635 instructions 
Clk3 @ 66000000 Finished 95114 instructions 
Clk7 @ 67000000 Finished 96574 instructions 
Clk7 @ 68000000 Finished 98003 instructions 
Clk7 @ 69000000 Finished 99328 instructions 
Clk@ 69458608 Working on the # 100000 th memory instruction
Clk3 @ 70000000 Finished 100789 instructions 
Clk3 @ 71000000 Finished 102247 instructions 
Clk7 @ 72000000 Finished 103700 instructions 
Clk3 @ 73000000 Finished 105166 instructions 
Clk7 @ 74000000 Finished 106606 instructions 
Clk3 @ 75000000 Finished 108094 instructions 
Clk7 @ 76000000 Finished 109502 instructions 
Clk@ 76337543 Working on the # 110000 th memory instruction
Clk7 @ 77000000 Finished 110974 instructions 
Clk7 @ 78000000 Finished 112447 instructions 
Clk3 @ 79000000 Finished 113872 instructions 
Clk3 @ 80000000 Finished 115314 instructions 
Clk3 @ 81000000 Finished 116764 instructions 
Clk7 @ 82000000 Finished 118223 instructions 
Clk3 @ 83000000 Finished 119668 instructions 
Clk@ 83271774 Working on the # 120000 th memory instruction
Clk7 @ 84000000 Finished 120836 instructions 
Clk3 @ 85000000 Finished 122212 instructions 
Clk3 @ 86000000 Finished 123648 instructions 
Clk7 @ 87000000 Finished 125119 instructions 
Clk3 @ 88000000 Finished 126595 instructions 
Clk3 @ 89000000 Finished 128053 instructions 
Clk7 @ 90000000 Finished 129483 instructions 
Clk@ 90348691 Working on the # 130000 th memory instruction
Clk7 @ 91000000 Finished 130943 instructions 
Clk7 @ 92000000 Finished 132309 instructions 
Clk3 @ 93000000 Finished 133780 instructions 
Clk3 @ 94000000 Finished 135220 instructions 
Clk3 @ 95000000 Finished 136690 instructions 
Clk7 @ 96000000 Finished 138141 instructions 
Clk7 @ 97000000 Finished 139590 instructions 
Clk@ 97280870 Working on the # 140000 th memory instruction
Clk7 @ 98000000 Finished 141040 instructions 
Clk3 @ 99000000 Finished 142384 instructions 
Clk3 @ 100000000 Finished 143833 instructions 
Clk3 @ 101000000 Finished 145266 instructions 
Clk3 @ 102000000 Finished 146731 instructions 
Clk7 @ 103000000 Finished 148128 instructions 
Clk3 @ 104000000 Finished 149608 instructions 
Clk@ 104277036 Working on the # 150000 th memory instruction
Clk3 @ 105000000 Finished 151072 instructions 
Clk3 @ 106000000 Finished 152536 instructions 
Clk3 @ 107000000 Finished 153901 instructions 
Clk3 @ 108000000 Finished 155317 instructions 
Clk3 @ 109000000 Finished 156770 instructions 
Clk7 @ 110000000 Finished 158224 instructions 
Clk3 @ 111000000 Finished 159637 instructions 
Clk@ 111256524 Working on the # 160000 th memory instruction
Clk7 @ 112000000 Finished 161110 instructions 
Clk7 @ 113000000 Finished 162559 instructions 
Clk7 @ 114000000 Finished 163903 instructions 
Clk7 @ 115000000 Finished 165302 instructions 
Clk7 @ 116000000 Finished 166753 instructions 
Clk3 @ 117000000 Finished 168220 instructions 
Clk7 @ 118000000 Finished 169660 instructions 
Clk@ 118236080 Working on the # 170000 th memory instruction
Clk7 @ 119000000 Finished 171085 instructions 
Clk3 @ 120000000 Finished 172543 instructions 
Clk3 @ 121000000 Finished 174007 instructions 
Clk7 @ 122000000 Finished 175298 instructions 
Clk7 @ 123000000 Finished 176764 instructions 
Clk3 @ 124000000 Finished 178210 instructions 
Clk3 @ 125000000 Finished 179685 instructions 
Clk@ 125209209 Working on the # 180000 th memory instruction
Clk7 @ 126000000 Finished 181109 instructions 
Clk7 @ 127000000 Finished 182554 instructions 
Clk7 @ 128000000 Finished 184003 instructions 
Clk3 @ 129000000 Finished 185448 instructions 
Clk7 @ 130000000 Finished 186817 instructions 
Clk3 @ 131000000 Finished 188282 instructions 
Clk3 @ 132000000 Finished 189719 instructions 
Clk@ 132196036 Working on the # 190000 th memory instruction
Clk7 @ 133000000 Finished 191163 instructions 
Clk3 @ 134000000 Finished 192586 instructions 
Clk7 @ 135000000 Finished 194033 instructions 
Clk3 @ 136000000 Finished 195462 instructions 
Clk3 @ 137000000 Finished 196780 instructions 
Clk7 @ 138000000 Finished 198178 instructions 
Clk3 @ 139000000 Finished 199622 instructions 
Clk@ 139268688 Working on the # 200000 th memory instruction
Clk7 @ 140000000 Finished 201053 instructions 
Clk3 @ 141000000 Finished 202507 instructions 
Clk7 @ 142000000 Finished 203971 instructions 
Clk3 @ 143000000 Finished 205393 instructions 
Clk7 @ 144000000 Finished 206831 instructions 
Clk3 @ 145000000 Finished 208261 instructions 
Clk7 @ 146000000 Finished 209725 instructions 
Clk@ 146187783 Working on the # 210000 th memory instruction
Clk7 @ 147000000 Finished 211181 instructions 
Clk3 @ 148000000 Finished 212579 instructions 
Clk7 @ 149000000 Finished 214027 instructions 
Clk3 @ 150000000 Finished 215482 instructions 
Clk7 @ 151000000 Finished 216946 instructions 
Clk7 @ 152000000 Finished 218350 instructions 
Clk3 @ 153000000 Finished 219739 instructions 
Clk@ 153183376 Working on the # 220000 th memory instruction
Clk7 @ 154000000 Finished 221200 instructions 
Clk7 @ 155000000 Finished 222631 instructions 
Clk3 @ 156000000 Finished 224092 instructions 
Clk3 @ 157000000 Finished 225550 instructions 
Clk3 @ 158000000 Finished 226945 instructions 
Clk7 @ 159000000 Finished 228409 instructions 
Clk3 @ 160000000 Finished 229822 instructions 
Clk@ 160114601 Working on the # 230000 th memory instruction
Clk7 @ 161000000 Finished 231301 instructions 
Clk7 @ 162000000 Finished 232730 instructions 
Clk3 @ 163000000 Finished 234194 instructions 
Clk7 @ 164000000 Finished 235639 instructions 
Clk3 @ 165000000 Finished 237100 instructions 
Clk7 @ 166000000 Finished 238498 instructions 
Clk7 @ 167000000 Finished 239867 instructions 
Clk@ 167111324 Working on the # 240000 th memory instruction
Clk7 @ 168000000 Finished 240992 instructions 
Clk7 @ 169000000 Finished 242326 instructions 
Clk7 @ 170000000 Finished 243692 instructions 
Clk7 @ 171000000 Finished 245114 instructions 
Clk7 @ 172000000 Finished 246499 instructions 
Clk3 @ 173000000 Finished 247957 instructions 
Clk7 @ 174000000 Finished 249424 instructions 
Clk@ 174410433 Working on the # 250000 th memory instruction
Clk7 @ 175000000 Finished 250867 instructions 
Clk3 @ 176000000 Finished 252313 instructions 
Clk3 @ 177000000 Finished 253768 instructions 
Clk3 @ 178000000 Finished 255216 instructions 
Clk7 @ 179000000 Finished 256645 instructions 
Clk7 @ 180000000 Finished 258046 instructions 
Clk3 @ 181000000 Finished 259505 instructions 
Clk@ 181332353 Working on the # 260000 th memory instruction
Clk7 @ 182000000 Finished 260952 instructions 
Clk7 @ 183000000 Finished 262277 instructions 
Clk3 @ 184000000 Finished 263702 instructions 
Clk3 @ 185000000 Finished 265159 instructions 
Clk7 @ 186000000 Finished 266614 instructions 
Clk3 @ 187000000 Finished 268027 instructions 
Clk3 @ 188000000 Finished 269491 instructions 
Clk@ 188343864 Working on the # 270000 th memory instruction
Clk3 @ 189000000 Finished 270938 instructions 
Clk3 @ 190000000 Finished 272415 instructions 
Clk7 @ 191000000 Finished 273829 instructions 
Clk7 @ 192000000 Finished 275298 instructions 
Clk7 @ 193000000 Finished 276735 instructions 
Clk7 @ 194000000 Finished 278203 instructions 
Clk7 @ 195000000 Finished 279601 instructions 
Clk@ 195276906 Working on the # 280000 th memory instruction
Clk3 @ 196000000 Finished 281068 instructions 
Clk7 @ 197000000 Finished 282450 instructions 
Clk3 @ 198000000 Finished 283851 instructions 
Clk3 @ 199000000 Finished 285184 instructions 
Clk3 @ 200000000 Finished 286633 instructions 
Clk3 @ 201000000 Finished 288056 instructions 
Clk3 @ 202000000 Finished 289495 instructions 
Clk@ 202350494 Working on the # 290000 th memory instruction
Clk3 @ 203000000 Finished 290906 instructions 
Clk7 @ 204000000 Finished 292365 instructions 
Clk7 @ 205000000 Finished 293834 instructions 
Clk7 @ 206000000 Finished 295199 instructions 
Clk3 @ 207000000 Finished 296668 instructions 
Clk3 @ 208000000 Finished 298129 instructions 
Clk7 @ 209000000 Finished 299583 instructions 
Clk@ 209292540 Working on the # 300000 th memory instruction
Clk3 @ 210000000 Finished 301021 instructions 
Clk3 @ 211000000 Finished 302464 instructions 
Clk7 @ 212000000 Finished 303908 instructions 
Clk3 @ 213000000 Finished 305373 instructions 
Clk7 @ 214000000 Finished 306730 instructions 
Clk3 @ 215000000 Finished 308111 instructions 
Clk3 @ 216000000 Finished 309560 instructions 
Clk@ 216323333 Working on the # 310000 th memory instruction
Clk3 @ 217000000 Finished 310990 instructions 
Clk7 @ 218000000 Finished 312418 instructions 
Clk3 @ 219000000 Finished 313863 instructions 
Clk3 @ 220000000 Finished 315310 instructions 
Clk3 @ 221000000 Finished 316717 instructions 
Clk7 @ 222000000 Finished 318110 instructions 
Clk7 @ 223000000 Finished 319552 instructions 
Clk@ 223308192 Working on the # 320000 th memory instruction
Clk7 @ 224000000 Finished 321029 instructions 
Clk3 @ 225000000 Finished 322477 instructions 
Clk3 @ 226000000 Finished 323936 instructions 
Clk3 @ 227000000 Finished 325343 instructions 
Clk7 @ 228000000 Finished 326800 instructions 
Clk3 @ 229000000 Finished 328019 instructions 
Clk7 @ 230000000 Finished 329444 instructions 
Clk@ 230382877 Working on the # 330000 th memory instruction
Clk7 @ 231000000 Finished 330869 instructions 
Clk3 @ 232000000 Finished 332333 instructions 
Clk3 @ 233000000 Finished 333742 instructions 
Clk3 @ 234000000 Finished 335197 instructions 
Clk7 @ 235000000 Finished 336634 instructions 
Clk3 @ 236000000 Finished 338083 instructions 
Clk7 @ 237000000 Finished 339490 instructions 
Clk@ 237362239 Working on the # 340000 th memory instruction
Clk7 @ 238000000 Finished 340909 instructions 
Clk3 @ 239000000 Finished 342337 instructions 
Clk3 @ 240000000 Finished 343811 instructions 
Clk7 @ 241000000 Finished 345207 instructions 
Clk7 @ 242000000 Finished 346673 instructions 
Clk3 @ 243000000 Finished 348104 instructions 
Clk7 @ 244000000 Finished 349483 instructions 
Clk@ 244462983 Working on the # 350000 th memory instruction
Clk3 @ 245000000 Finished 350740 instructions 
Clk7 @ 246000000 Finished 352196 instructions 
Clk7 @ 247000000 Finished 353626 instructions 
Clk3 @ 248000000 Finished 355030 instructions 
Clk3 @ 249000000 Finished 356488 instructions 
Clk3 @ 250000000 Finished 357946 instructions 
Clk3 @ 251000000 Finished 359386 instructions 
Clk@ 251417802 Working on the # 360000 th memory instruction
Clk3 @ 252000000 Finished 360752 instructions 
Clk3 @ 253000000 Finished 362207 instructions 
Clk3 @ 254000000 Finished 363637 instructions 
Clk7 @ 255000000 Finished 365086 instructions 
Clk7 @ 256000000 Finished 366515 instructions 
Clk7 @ 257000000 Finished 367960 instructions 
Clk7 @ 258000000 Finished 369391 instructions 
Clk@ 258413446 Working on the # 370000 th memory instruction
Clk7 @ 259000000 Finished 370850 instructions 
Clk3 @ 260000000 Finished 372133 instructions 
Clk3 @ 261000000 Finished 373584 instructions 
Clk3 @ 262000000 Finished 375013 instructions 
Clk3 @ 263000000 Finished 376483 instructions 
Clk7 @ 264000000 Finished 377900 instructions 
Clk3 @ 265000000 Finished 379339 instructions 
Clk@ 265461900 Working on the # 380000 th memory instruction
Clk7 @ 266000000 Finished 380782 instructions 
Clk3 @ 267000000 Finished 382225 instructions 
Clk7 @ 268000000 Finished 383632 instructions 
Clk7 @ 269000000 Finished 385039 instructions 
Clk3 @ 270000000 Finished 386479 instructions 
Clk3 @ 271000000 Finished 387910 instructions 
Clk3 @ 272000000 Finished 389361 instructions 
Clk@ 272450010 Working on the # 390000 th memory instruction
Clk3 @ 273000000 Finished 390784 instructions 
Clk3 @ 274000000 Finished 392239 instructions 
Clk3 @ 275000000 Finished 393475 instructions 
Clk7 @ 276000000 Finished 394843 instructions 
Clk7 @ 277000000 Finished 396286 instructions 
Clk7 @ 278000000 Finished 397697 instructions 
Clk3 @ 279000000 Finished 399140 instructions 
Clk@ 279608475 Working on the # 400000 th memory instruction
Clk7 @ 280000000 Finished 400560 instructions 
Clk7 @ 281000000 Finished 401980 instructions 
Clk3 @ 282000000 Finished 403433 instructions 
Clk3 @ 283000000 Finished 404851 instructions 
Clk7 @ 284000000 Finished 406294 instructions 
Clk3 @ 285000000 Finished 407755 instructions 
Clk3 @ 286000000 Finished 409162 instructions 
Clk@ 286580640 Working on the # 410000 th memory instruction
Clk7 @ 287000000 Finished 410603 instructions 
Clk7 @ 288000000 Finished 411991 instructions 
Clk7 @ 289000000 Finished 413438 instructions 
Clk3 @ 290000000 Finished 414881 instructions 
Clk7 @ 291000000 Finished 416297 instructions 
Clk7 @ 292000000 Finished 417753 instructions 
Clk3 @ 293000000 Finished 419182 instructions 
Clk@ 293564328 Working on the # 420000 th memory instruction
Clk7 @ 294000000 Finished 420622 instructions 
Clk7 @ 295000000 Finished 422102 instructions 
Clk3 @ 296000000 Finished 423465 instructions 
Clk7 @ 297000000 Finished 424902 instructions 
Clk7 @ 298000000 Finished 426325 instructions 
Clk7 @ 299000000 Finished 427790 instructions 
Clk7 @ 300000000 Finished 429199 instructions 
Clk@ 300545741 Working on the # 430000 th memory instruction
Clk3 @ 301000000 Finished 430663 instructions 
Clk7 @ 302000000 Finished 432088 instructions 
Clk3 @ 303000000 Finished 433551 instructions 
Clk3 @ 304000000 Finished 434953 instructions 
Clk3 @ 305000000 Finished 436405 instructions 
Clk3 @ 306000000 Finished 437710 instructions 
Clk7 @ 307000000 Finished 439165 instructions 
Clk@ 307587430 Working on the # 440000 th memory instruction
Clk3 @ 308000000 Finished 440605 instructions 
Clk3 @ 309000000 Finished 442072 instructions 
Clk3 @ 310000000 Finished 443475 instructions 
Clk7 @ 311000000 Finished 444908 instructions 
Clk7 @ 312000000 Finished 446366 instructions 
Clk7 @ 313000000 Finished 447820 instructions 
Clk7 @ 314000000 Finished 449276 instructions 
Clk@ 314519103 Working on the # 450000 th memory instruction
Clk3 @ 315000000 Finished 450702 instructions 
Clk3 @ 316000000 Finished 452170 instructions 
Clk3 @ 317000000 Finished 453513 instructions 
Clk3 @ 318000000 Finished 454945 instructions 
Clk3 @ 319000000 Finished 456412 instructions 
Clk7 @ 320000000 Finished 457852 instructions 
Clk3 @ 321000000 Finished 459199 instructions 
Clk@ 321545720 Working on the # 460000 th memory instruction
Clk3 @ 322000000 Finished 460651 instructions 
Clk7 @ 323000000 Finished 462106 instructions 
Clk3 @ 324000000 Finished 463567 instructions 
Clk7 @ 325000000 Finished 464968 instructions 
Clk7 @ 326000000 Finished 466420 instructions 
Clk3 @ 327000000 Finished 467877 instructions 
Clk7 @ 328000000 Finished 469346 instructions 
Clk@ 328480151 Working on the # 470000 th memory instruction
Clk3 @ 329000000 Finished 470756 instructions 
Clk3 @ 330000000 Finished 472216 instructions 
Clk3 @ 331000000 Finished 473649 instructions 
Clk7 @ 332000000 Finished 475086 instructions 
Clk3 @ 333000000 Finished 476490 instructions 
Clk3 @ 334000000 Finished 477931 instructions 
Clk3 @ 335000000 Finished 479338 instructions 
Clk@ 335516064 Working on the # 480000 th memory instruction
Clk7 @ 336000000 Finished 480542 instructions 
Clk3 @ 337000000 Finished 481801 instructions 
Clk3 @ 338000000 Finished 483170 instructions 
Clk7 @ 339000000 Finished 484525 instructions 
Clk3 @ 340000000 Finished 485941 instructions 
Clk7 @ 341000000 Finished 487320 instructions 
Clk7 @ 342000000 Finished 488762 instructions 
Clk@ 342862574 Working on the # 490000 th memory instruction
Clk3 @ 343000000 Finished 490192 instructions 
Clk3 @ 344000000 Finished 491587 instructions 
Clk3 @ 345000000 Finished 493015 instructions 
Clk7 @ 346000000 Finished 494462 instructions 
Clk3 @ 347000000 Finished 495904 instructions 
Clk7 @ 348000000 Finished 497323 instructions 
Clk3 @ 349000000 Finished 498788 instructions 
Clk@ 349867172 Working on the # 500000 th memory instruction
Warm up done after line access count: 500000 out of 1000000 (50 %)
Clk3 @ 350000000 Finished 500194 instructions 
Clk3 @ 351000000 Finished 501643 instructions 
Clk7 @ 352000000 Finished 503042 instructions 
Clk7 @ 353000000 Finished 504485 instructions 
Clk3 @ 354000000 Finished 505942 instructions 
Clk7 @ 355000000 Finished 507380 instructions 
Clk@ 356823896 Working on the # 510000 th memory instruction
Clk7 @ 357000000 Finished 510265 instructions 
Clk3 @ 358000000 Finished 511717 instructions 
Clk7 @ 359000000 Finished 513138 instructions 
Clk7 @ 360000000 Finished 514443 instructions 
Clk3 @ 361000000 Finished 515902 instructions 
Clk7 @ 362000000 Finished 517340 instructions 
Clk3 @ 363000000 Finished 518793 instructions 
Clk@ 363839098 Working on the # 520000 th memory instruction
Clk3 @ 364000000 Finished 520226 instructions 
Clk7 @ 365000000 Finished 521637 instructions 
Clk3 @ 366000000 Finished 523078 instructions 
Clk3 @ 367000000 Finished 524356 instructions 
Clk3 @ 368000000 Finished 525715 instructions 
Clk3 @ 369000000 Finished 527141 instructions 
Clk7 @ 370000000 Finished 528598 instructions 
Clk@ 370985646 Working on the # 530000 th memory instruction
Clk3 @ 371000000 Finished 530020 instructions 
Clk3 @ 373000000 Finished 532907 instructions 
Clk7 @ 374000000 Finished 534349 instructions 
Clk3 @ 375000000 Finished 535717 instructions 
Clk3 @ 376000000 Finished 537166 instructions 
Clk3 @ 377000000 Finished 538618 instructions 
Clk@ 377940864 Working on the # 540000 th memory instruction
Clk7 @ 378000000 Finished 540084 instructions 
Clk3 @ 379000000 Finished 541490 instructions 
Clk7 @ 380000000 Finished 542952 instructions 
Clk7 @ 381000000 Finished 544415 instructions 
Clk7 @ 382000000 Finished 545855 instructions 
Clk3 @ 383000000 Finished 547198 instructions 
Clk3 @ 384000000 Finished 548648 instructions 
Clk@ 384950822 Working on the # 550000 th memory instruction
Clk7 @ 385000000 Finished 550073 instructions 
Clk3 @ 386000000 Finished 551521 instructions 
Clk3 @ 387000000 Finished 552947 instructions 
Clk3 @ 388000000 Finished 554407 instructions 
Clk3 @ 389000000 Finished 555838 instructions 
Clk7 @ 391000000 Finished 558634 instructions 
Clk@ 391960618 Working on the # 560000 th memory instruction
Clk7 @ 392000000 Finished 560059 instructions 
Clk7 @ 393000000 Finished 561519 instructions 
Clk7 @ 394000000 Finished 562932 instructions 
Clk3 @ 395000000 Finished 564313 instructions 
Clk3 @ 397000000 Finished 567165 instructions 
Clk7 @ 398000000 Finished 568388 instructions 
Clk3 @ 399000000 Finished 569837 instructions 
Clk@ 399108056 Working on the # 570000 th memory instruction
Clk3 @ 400000000 Finished 571252 instructions 
Clk3 @ 401000000 Finished 572710 instructions 
Clk3 @ 402000000 Finished 574108 instructions 
Clk7 @ 403000000 Finished 575532 instructions 
Clk3 @ 404000000 Finished 576981 instructions 
Clk7 @ 405000000 Finished 578431 instructions 
Clk7 @ 406000000 Finished 579825 instructions 
Clk@ 406116640 Working on the # 580000 th memory instruction
Clk7 @ 407000000 Finished 581237 instructions 
Clk7 @ 408000000 Finished 582664 instructions 
Clk7 @ 409000000 Finished 584131 instructions 
Clk7 @ 410000000 Finished 585562 instructions 
Clk3 @ 411000000 Finished 587017 instructions 
Clk7 @ 412000000 Finished 588466 instructions 
Clk3 @ 413000000 Finished 589847 instructions 
Clk7 @ 413000000 Finished 589847 instructions 
Clk@ 413151555 Working on the # 590000 th memory instruction
Clk3 @ 414000000 Finished 591195 instructions 
Clk7 @ 415000000 Finished 592635 instructions 
Clk3 @ 416000000 Finished 594091 instructions 
Clk3 @ 417000000 Finished 595522 instructions 
Clk3 @ 418000000 Finished 596989 instructions 
Clk3 @ 419000000 Finished 598414 instructions 
Clk3 @ 420000000 Finished 599824 instructions 
Clk@ 420119232 Working on the # 600000 th memory instruction
Clk3 @ 421000000 Finished 601234 instructions 
Clk3 @ 422000000 Finished 602681 instructions 
Clk7 @ 423000000 Finished 604147 instructions 
Clk3 @ 424000000 Finished 605542 instructions 
Clk7 @ 425000000 Finished 606968 instructions 
Clk7 @ 426000000 Finished 608410 instructions 
Clk3 @ 427000000 Finished 609861 instructions 
Clk@ 427094701 Working on the # 610000 th memory instruction
Clk7 @ 428000000 Finished 611301 instructions 
Clk3 @ 429000000 Finished 612583 instructions 
Clk3 @ 430000000 Finished 614026 instructions 
Clk3 @ 431000000 Finished 615421 instructions 
Clk7 @ 432000000 Finished 616825 instructions 
Clk3 @ 433000000 Finished 618256 instructions 
Clk7 @ 434000000 Finished 619716 instructions 
Clk@ 434228316 Working on the # 620000 th memory instruction
Clk7 @ 435000000 Finished 621116 instructions 
Clk3 @ 436000000 Finished 622558 instructions 
Clk7 @ 437000000 Finished 623971 instructions 
Clk3 @ 438000000 Finished 625372 instructions 
Clk7 @ 439000000 Finished 626840 instructions 
Clk3 @ 440000000 Finished 628291 instructions 
Clk3 @ 441000000 Finished 629749 instructions 
Clk@ 441167007 Working on the # 630000 th memory instruction
Clk7 @ 442000000 Finished 631168 instructions 
Clk7 @ 443000000 Finished 632611 instructions 
Clk3 @ 444000000 Finished 633910 instructions 
Clk7 @ 445000000 Finished 635352 instructions 
Clk7 @ 446000000 Finished 636794 instructions 
Clk7 @ 447000000 Finished 638251 instructions 
Clk7 @ 448000000 Finished 639661 instructions 
Clk@ 448231378 Working on the # 640000 th memory instruction
Clk7 @ 449000000 Finished 641126 instructions 
Clk3 @ 450000000 Finished 642589 instructions 
Clk3 @ 451000000 Finished 644042 instructions 
Clk7 @ 452000000 Finished 645422 instructions 
Clk3 @ 453000000 Finished 646867 instructions 
Clk3 @ 454000000 Finished 648319 instructions 
Clk7 @ 455000000 Finished 649767 instructions 
Clk@ 455190260 Working on the # 650000 th memory instruction
Clk3 @ 456000000 Finished 651159 instructions 
Clk3 @ 457000000 Finished 652610 instructions 
Clk7 @ 457000000 Finished 652610 instructions 
Clk3 @ 458000000 Finished 654031 instructions 
Clk3 @ 459000000 Finished 655324 instructions 
Clk3 @ 460000000 Finished 656582 instructions 
Clk3 @ 461000000 Finished 658003 instructions 
Clk3 @ 462000000 Finished 659430 instructions 
Clk@ 462394400 Working on the # 660000 th memory instruction
Clk3 @ 463000000 Finished 660844 instructions 
Clk3 @ 464000000 Finished 662280 instructions 
Clk3 @ 465000000 Finished 663709 instructions 
Clk3 @ 466000000 Finished 665182 instructions 
Clk3 @ 467000000 Finished 666541 instructions 
Clk3 @ 468000000 Finished 667987 instructions 
Clk3 @ 469000000 Finished 669418 instructions 
Clk@ 469401294 Working on the # 670000 th memory instruction
Clk7 @ 470000000 Finished 670876 instructions 
Clk7 @ 471000000 Finished 672275 instructions 
Clk7 @ 472000000 Finished 673722 instructions 
Clk7 @ 473000000 Finished 675161 instructions 
Clk3 @ 474000000 Finished 676598 instructions 
Clk7 @ 475000000 Finished 677953 instructions 
Clk7 @ 476000000 Finished 679393 instructions 
Clk@ 476429682 Working on the # 680000 th memory instruction
Clk7 @ 477000000 Finished 680793 instructions 
Clk3 @ 478000000 Finished 682247 instructions 
Clk3 @ 479000000 Finished 683676 instructions 
Clk3 @ 480000000 Finished 685093 instructions 
Clk3 @ 481000000 Finished 686537 instructions 
Clk7 @ 482000000 Finished 688000 instructions 
Clk7 @ 483000000 Finished 689356 instructions 
Clk@ 483443154 Working on the # 690000 th memory instruction
Clk7 @ 484000000 Finished 690802 instructions 
Clk3 @ 485000000 Finished 692233 instructions 
Clk7 @ 486000000 Finished 693643 instructions 
Clk3 @ 487000000 Finished 695080 instructions 
Clk3 @ 488000000 Finished 696471 instructions 
Clk3 @ 489000000 Finished 697871 instructions 
Clk7 @ 490000000 Finished 699124 instructions 
Clk@ 490727452 Working on the # 700000 th memory instruction
Clk7 @ 491000000 Finished 700356 instructions 
Clk3 @ 492000000 Finished 701779 instructions 
Clk7 @ 493000000 Finished 703204 instructions 
Clk3 @ 494000000 Finished 704617 instructions 
Clk3 @ 495000000 Finished 706040 instructions 
Clk3 @ 496000000 Finished 707490 instructions 
Clk7 @ 496000000 Finished 707490 instructions 
Clk3 @ 497000000 Finished 708925 instructions 
Clk@ 497788276 Working on the # 710000 th memory instruction
Clk3 @ 498000000 Finished 710299 instructions 
Clk3 @ 499000000 Finished 711736 instructions 
Clk7 @ 500000000 Finished 713185 instructions 
Clk7 @ 501000000 Finished 714632 instructions 
Clk7 @ 502000000 Finished 716061 instructions 
Clk7 @ 503000000 Finished 717520 instructions 
Clk3 @ 504000000 Finished 718927 instructions 
Clk@ 504731176 Working on the # 720000 th memory instruction
Clk3 @ 505000000 Finished 720381 instructions 
Clk7 @ 506000000 Finished 721666 instructions 
Clk3 @ 507000000 Finished 723109 instructions 
Clk7 @ 508000000 Finished 724547 instructions 
Clk3 @ 509000000 Finished 726005 instructions 
Clk3 @ 510000000 Finished 727384 instructions 
Clk7 @ 511000000 Finished 728842 instructions 
Clk@ 511822545 Working on the # 730000 th memory instruction
Clk7 @ 512000000 Finished 730250 instructions 
Clk7 @ 513000000 Finished 731693 instructions 
Clk7 @ 514000000 Finished 733109 instructions 
Clk3 @ 515000000 Finished 734554 instructions 
Clk3 @ 516000000 Finished 735955 instructions 
Clk3 @ 517000000 Finished 737373 instructions 
Clk7 @ 518000000 Finished 738820 instructions 
Clk@ 518816523 Working on the # 740000 th memory instruction
Clk3 @ 519000000 Finished 740257 instructions 
Clk3 @ 520000000 Finished 741703 instructions 
Clk7 @ 521000000 Finished 742975 instructions 
Clk7 @ 522000000 Finished 744359 instructions 
Clk3 @ 523000000 Finished 745774 instructions 
Clk3 @ 524000000 Finished 747230 instructions 
Clk7 @ 525000000 Finished 748628 instructions 
Clk@ 525946839 Working on the # 750000 th memory instruction
Clk3 @ 526000000 Finished 750079 instructions 
Clk3 @ 527000000 Finished 751508 instructions 
Clk3 @ 528000000 Finished 752964 instructions 
Clk7 @ 529000000 Finished 754354 instructions 
Clk3 @ 530000000 Finished 755789 instructions 
Clk3 @ 531000000 Finished 757183 instructions 
Clk3 @ 532000000 Finished 758633 instructions 
Clk@ 532958346 Working on the # 760000 th memory instruction
Clk3 @ 533000000 Finished 760057 instructions 
Clk7 @ 534000000 Finished 761497 instructions 
Clk3 @ 535000000 Finished 762939 instructions 
Clk7 @ 536000000 Finished 764378 instructions 
Clk7 @ 537000000 Finished 765727 instructions 
Clk7 @ 538000000 Finished 767173 instructions 
Clk7 @ 539000000 Finished 768595 instructions 
Clk7 @ 540000000 Finished 769990 instructions 
Clk@ 540006232 Working on the # 770000 th memory instruction
Clk3 @ 541000000 Finished 771410 instructions 
Clk7 @ 542000000 Finished 772825 instructions 
Clk3 @ 543000000 Finished 774256 instructions 
Clk3 @ 544000000 Finished 775672 instructions 
Clk3 @ 545000000 Finished 777115 instructions 
Clk3 @ 546000000 Finished 778558 instructions 
Clk3 @ 547000000 Finished 779971 instructions 
Clk@ 547019131 Working on the # 780000 th memory instruction
Clk7 @ 548000000 Finished 781384 instructions 
Clk3 @ 549000000 Finished 782827 instructions 
Clk7 @ 550000000 Finished 784257 instructions 
Clk7 @ 551000000 Finished 785677 instructions 
Clk3 @ 552000000 Finished 786837 instructions 
Clk3 @ 553000000 Finished 788181 instructions 
Clk7 @ 554000000 Finished 789594 instructions 
Clk@ 554278179 Working on the # 790000 th memory instruction
Clk7 @ 555000000 Finished 791017 instructions 
Clk3 @ 556000000 Finished 792448 instructions 
Clk7 @ 557000000 Finished 793872 instructions 
Clk3 @ 558000000 Finished 795270 instructions 
Clk7 @ 559000000 Finished 796692 instructions 
Clk3 @ 560000000 Finished 798112 instructions 
Clk3 @ 561000000 Finished 799522 instructions 
Clk@ 561326971 Working on the # 800000 th memory instruction
Clk7 @ 562000000 Finished 800964 instructions 
Clk7 @ 563000000 Finished 802357 instructions 
Clk3 @ 564000000 Finished 803798 instructions 
Clk7 @ 565000000 Finished 805201 instructions 
Clk3 @ 566000000 Finished 806647 instructions 
Clk3 @ 567000000 Finished 808068 instructions 
Clk7 @ 568000000 Finished 809479 instructions 
Clk@ 568365260 Working on the # 810000 th memory instruction
Clk7 @ 569000000 Finished 810926 instructions 
Clk3 @ 570000000 Finished 812340 instructions 
Clk7 @ 571000000 Finished 813777 instructions 
Clk3 @ 572000000 Finished 815228 instructions 
Clk7 @ 573000000 Finished 816601 instructions 
Clk7 @ 574000000 Finished 818025 instructions 
Clk3 @ 575000000 Finished 819442 instructions 
Clk@ 575385869 Working on the # 820000 th memory instruction
Clk7 @ 576000000 Finished 820888 instructions 
Clk7 @ 577000000 Finished 822230 instructions 
Clk7 @ 578000000 Finished 823667 instructions 
Clk7 @ 579000000 Finished 825080 instructions 
Clk7 @ 580000000 Finished 826523 instructions 
Clk7 @ 581000000 Finished 827936 instructions 
Clk7 @ 582000000 Finished 829387 instructions 
Clk@ 582443145 Working on the # 830000 th memory instruction
Clk7 @ 583000000 Finished 830726 instructions 
Clk7 @ 584000000 Finished 832172 instructions 
Clk3 @ 585000000 Finished 833599 instructions 
Clk7 @ 586000000 Finished 835053 instructions 
Clk7 @ 587000000 Finished 836438 instructions 
Clk3 @ 588000000 Finished 837877 instructions 
Clk3 @ 589000000 Finished 839325 instructions 
Clk@ 589470119 Working on the # 840000 th memory instruction
Clk7 @ 590000000 Finished 840771 instructions 
Clk7 @ 591000000 Finished 842197 instructions 
Clk7 @ 592000000 Finished 843634 instructions 
Clk7 @ 593000000 Finished 845080 instructions 
Clk3 @ 594000000 Finished 846464 instructions 
Clk3 @ 595000000 Finished 847792 instructions 
Clk7 @ 596000000 Finished 849205 instructions 
Clk@ 596551279 Working on the # 850000 th memory instruction
Clk7 @ 597000000 Finished 850627 instructions 
Clk7 @ 598000000 Finished 852029 instructions 
Clk3 @ 599000000 Finished 853453 instructions 
Clk7 @ 600000000 Finished 854904 instructions 
Clk3 @ 601000000 Finished 856340 instructions 
Clk7 @ 602000000 Finished 857715 instructions 
Clk3 @ 603000000 Finished 859150 instructions 
Clk@ 603575255 Working on the # 860000 th memory instruction
Clk3 @ 604000000 Finished 860599 instructions 
Clk7 @ 605000000 Finished 862047 instructions 
Clk7 @ 606000000 Finished 863448 instructions 
Clk7 @ 607000000 Finished 864906 instructions 
Clk7 @ 608000000 Finished 866332 instructions 
Clk7 @ 609000000 Finished 867778 instructions 
Clk3 @ 610000000 Finished 869129 instructions 
Clk@ 610606032 Working on the # 870000 th memory instruction
Clk3 @ 611000000 Finished 870568 instructions 
Clk3 @ 612000000 Finished 871999 instructions 
Clk3 @ 613000000 Finished 873384 instructions 
Clk7 @ 614000000 Finished 874637 instructions 
Clk3 @ 615000000 Finished 876076 instructions 
Clk3 @ 616000000 Finished 877492 instructions 
Clk3 @ 617000000 Finished 878938 instructions 
Clk@ 617755772 Working on the # 880000 th memory instruction
Clk7 @ 618000000 Finished 880354 instructions 
Clk3 @ 619000000 Finished 881809 instructions 
Clk3 @ 620000000 Finished 883249 instructions 
Clk3 @ 621000000 Finished 884689 instructions 
Clk7 @ 622000000 Finished 886061 instructions 
Clk7 @ 623000000 Finished 887497 instructions 
Clk3 @ 624000000 Finished 888931 instructions 
Clk@ 624766539 Working on the # 890000 th memory instruction
Clk7 @ 625000000 Finished 890324 instructions 
Clk3 @ 626000000 Finished 891789 instructions 
Clk7 @ 627000000 Finished 893211 instructions 
Clk3 @ 628000000 Finished 894658 instructions 
Clk3 @ 630000000 Finished 897503 instructions 
Clk7 @ 631000000 Finished 898928 instructions 
Clk@ 631767694 Working on the # 900000 th memory instruction
Clk7 @ 632000000 Finished 900341 instructions 
Clk3 @ 633000000 Finished 901774 instructions 
Clk7 @ 634000000 Finished 903210 instructions 
Clk7 @ 635000000 Finished 904660 instructions 
Clk3 @ 636000000 Finished 906085 instructions 
Clk3 @ 637000000 Finished 907366 instructions 
Clk7 @ 638000000 Finished 908802 instructions 
Clk@ 638825640 Working on the # 910000 th memory instruction
Clk7 @ 639000000 Finished 910255 instructions 
Clk3 @ 640000000 Finished 911695 instructions 
Clk7 @ 641000000 Finished 913127 instructions 
Clk3 @ 642000000 Finished 914575 instructions 
Clk3 @ 643000000 Finished 915983 instructions 
Clk7 @ 644000000 Finished 917389 instructions 
Clk7 @ 645000000 Finished 918715 instructions 
Clk@ 645887347 Working on the # 920000 th memory instruction
Clk7 @ 646000000 Finished 920158 instructions 
Clk7 @ 647000000 Finished 921601 instructions 
Clk7 @ 648000000 Finished 923035 instructions 
Clk3 @ 649000000 Finished 924451 instructions 
Clk7 @ 650000000 Finished 925885 instructions 
Clk7 @ 651000000 Finished 927343 instructions 
Clk7 @ 652000000 Finished 928691 instructions 
Clk@ 652913203 Working on the # 930000 th memory instruction
Clk3 @ 653000000 Finished 930130 instructions 
Clk7 @ 654000000 Finished 931559 instructions 
Clk7 @ 655000000 Finished 933005 instructions 
Clk3 @ 656000000 Finished 934418 instructions 
Clk7 @ 657000000 Finished 935871 instructions 
Clk7 @ 658000000 Finished 937318 instructions 
Clk7 @ 659000000 Finished 938761 instructions 
Clk@ 659920708 Working on the # 940000 th memory instruction
Clk7 @ 660000000 Finished 940108 instructions 
Clk3 @ 661000000 Finished 941548 instructions 
Clk3 @ 662000000 Finished 942982 instructions 
Clk7 @ 663000000 Finished 944428 instructions 
Clk7 @ 664000000 Finished 945817 instructions 
Clk3 @ 665000000 Finished 947272 instructions 
Clk7 @ 666000000 Finished 948710 instructions 
Clk@ 666924197 Working on the # 950000 th memory instruction
Clk3 @ 667000000 Finished 950107 instructions 
Clk3 @ 668000000 Finished 951470 instructions 
Clk7 @ 669000000 Finished 952915 instructions 
Clk3 @ 670000000 Finished 954342 instructions 
Clk3 @ 671000000 Finished 955756 instructions 
Clk7 @ 672000000 Finished 957202 instructions 
Clk7 @ 673000000 Finished 958584 instructions 
Clk7 @ 674000000 Finished 959944 instructions 
Clk@ 674038235 Working on the # 960000 th memory instruction
Clk3 @ 675000000 Finished 961178 instructions 
Clk3 @ 676000000 Finished 962455 instructions 
Clk7 @ 677000000 Finished 963853 instructions 
Clk3 @ 678000000 Finished 965237 instructions 
Clk7 @ 679000000 Finished 966637 instructions 
Clk7 @ 680000000 Finished 968017 instructions 
Clk7 @ 681000000 Finished 969436 instructions 
Clk@ 681387593 Working on the # 970000 th memory instruction
Clk3 @ 682000000 Finished 970864 instructions 
Clk7 @ 683000000 Finished 972247 instructions 
Clk7 @ 684000000 Finished 973682 instructions 
Clk3 @ 685000000 Finished 975096 instructions 
Clk7 @ 686000000 Finished 976544 instructions 
Clk7 @ 687000000 Finished 977965 instructions 
Clk7 @ 688000000 Finished 979418 instructions 
Clk@ 688403736 Working on the # 980000 th memory instruction
Clk3 @ 689000000 Finished 980857 instructions 
Clk3 @ 690000000 Finished 982313 instructions 
Clk3 @ 691000000 Finished 983605 instructions 
Clk3 @ 692000000 Finished 985042 instructions 
Clk3 @ 693000000 Finished 986482 instructions 
Clk3 @ 694000000 Finished 987922 instructions 
Clk3 @ 695000000 Finished 989352 instructions 
Clk@ 695446151 Working on the # 990000 th memory instruction
Clk7 @ 696000000 Finished 990780 instructions 
Clk7 @ 697000000 Finished 992164 instructions 
Clk3 @ 698000000 Finished 993598 instructions 
Clk7 @ 699000000 Finished 995028 instructions 
Clk7 @ 700000000 Finished 996462 instructions 
Clk3 @ 701000000 Finished 997911 instructions 
Clk3 @ 702000000 Finished 999274 instructions 
Clk@ 702511040 Working on the # 1000000 th memory instruction

===*** Data ***====
Stall reason distribution: 
mc_hazard: 0
normal: 0
rs_hazard: 0
rw_swtich: 0
Early reshuffle distribution: 
0: 0
1: 0
2: 0
3: 0
4: 0
5: 0
6: 0
7: 0
8: 13761
9: 62695
10: 62637
11: 63050
12: 62434
13: 62100
14: 61244
15: 59656
16: 56654
17: 50592
18: 37104
19: 14969
20: 2589
21: 253
22: 17
23: 1
24: 0
25: 0
26: 0
=================
Max stash size is: 65
Average stash size is: 13.5994
useful_read_pull_ddr: 500006 (0.918094) %
dummy_read_pull_ddr: 8609468 (15.8084) %
useful_early_pull_ddr: 1344180 (2.46814) %
useful_early_push_ddr: 465345 (0.85445) %
useful_write_pull_ddr: 12143667 (22.2978) %
useful_write_push_ddr: 3838759 (7.0486) %
dummy_early_pull_ddr: 336335 (0.617567) %
dummy_early_push_ddr: 2559582 (4.69982) %
dummy_write_pull_ddr: 2337 (0.00429112) %
dummy_write_push_ddr: 24661640 (45.2829) %
=================
Stash violation number of times: 0
=================
Check NodeID traffic: 9748134
Update NodeID traffic: 201
=================
Read RS lines: 1000000 (34.6479) %
Write RS lines: 666666 (23.0986) %
Early RS lines: 1219512 (42.2535) %
Read DDR lines: 18219294 (17.2362) %
Write DDR lines: 78947830 (74.6879) %
Early DDR lines: 8536584 (8.07596) %

====*** pos1 ***====
Stall reason distribution: 
mc_hazard: 0
normal: 0
rs_hazard: 0
rw_swtich: 0
Early reshuffle distribution: 
0: 0
1: 0
2: 0
3: 0
4: 0
5: 13443
6: 62159
7: 62510
8: 62739
9: 62510
10: 62648
11: 62588
12: 62503
13: 61987
14: 61481
15: 59714
16: 56194
17: 49750
18: 36860
19: 13976
20: 2179
21: 167
22: 4
23: 0
=================
Max stash size is: 72
Average stash size is: 12.3868
useful_read_pull_ddr: 999995 (0.904006) %
dummy_read_pull_ddr: 17218837 (15.566) %
useful_early_pull_ddr: 3171252 (2.86685) %
useful_early_push_ddr: 1157771 (1.04664) %
useful_write_pull_ddr: 24266217 (21.9369) %
useful_write_push_ddr: 8992766 (8.12955) %
dummy_early_pull_ddr: 795808 (0.719419) %
dummy_early_push_ddr: 5982937 (5.40864) %
dummy_write_pull_ddr: 25423 (0.0229827) %
dummy_write_push_ddr: 48007177 (43.399) %
=================
Stash violation number of times: 0
=================
Check NodeID traffic: 15060116
Update NodeID traffic: 69
=================
Read RS lines: 1000000 (30.7362) %
Write RS lines: 666666 (20.4908) %
Early RS lines: 1586824 (48.773) %
Read DDR lines: 18218832 (16.8265) %
Write DDR lines: 78947830 (72.9146) %
Early DDR lines: 11107768 (10.2589) %

====*** pos2 ***====
Stall reason distribution: 
mc_hazard: 0
normal: 0
rs_hazard: 0
rw_swtich: 0
Early reshuffle distribution: 
0: 0
1: 0
2: 0
3: 0
4: 11329
5: 61514
6: 62447
7: 62574
8: 62896
9: 62778
10: 62660
11: 62828
12: 62535
13: 61844
14: 60856
15: 59044
16: 55096
17: 47361
18: 32550
19: 8581
20: 334
=================
Max stash size is: 71
Average stash size is: 12.0555
useful_read_pull_ddr: 999990 (0.966248) %
dummy_read_pull_ddr: 15187601 (14.6751) %
useful_early_pull_ddr: 3329867 (3.21751) %
useful_early_push_ddr: 1254487 (1.21216) %
useful_write_pull_ddr: 21393583 (20.6717) %
useful_write_push_ddr: 10023083 (9.68488) %
dummy_early_pull_ddr: 856268 (0.827376) %
dummy_early_push_ddr: 6280556 (6.06864) %
dummy_write_pull_ddr: 189725 (0.183323) %
dummy_write_push_ddr: 43976863 (42.493) %
=================
Stash violation number of times: 0
=================
Check NodeID traffic: 10493128
Update NodeID traffic: 33
=================
Read RS lines: 1000000 (29.9301) %
Write RS lines: 666666 (19.9534) %
Early RS lines: 1674454 (50.1165) %
Read DDR lines: 16187591 (16.5088) %
Write DDR lines: 70145751 (71.5375) %
Early DDR lines: 11721178 (11.9537) %
=================
The final DRAM clk is: 702515866 ticks.
Idle waiting clk is 335243863, which is 47.7205 %
DRAM Frequency is: 1600MHz
The final time in ns is: 4.39072e+08 ns.
Time distribution: 
Data pull time is: 0
data: 0
pos1: 0
pos2: 0
Data distribution: 
Pos2 data: 98054520
Pos1 data: 108274430
Data: 105703708
Node access DDR: 19496268
Pull DDR: 18219294
WB DDR: 78947830
Early DDR: 8536584
Achieved BW is: 52.0486 GB/s
Ideal BW is: 102.4 GB/s
Metadata cache conclusion: 
overall_hit: 26116147 overall_total: 45609738
Cache Size 64 KB Overall Hit rate: 57.26 %. 
Simulation done. Statistics written to my_output.txt
