Valid leaf ID range: 67108863:134217726
Num of top nodes: 67108864
Data level num of ways: 33554432
cached_total: 2
cached_total: 6
cached_total: 14
cached_total: 30
cached_total: 62
cached_total: 126
cached_total: 254
cached_total: 510
Total number of ORAM protected cache line blocks: 67108864
Cached number of levels: 8
Max number of levels: 27
Start lvl is: 1
data valid leaf right: 134217727
data num of levels: 27
data level num of ways: 33554432
data number of sets: 2
Cached node ID: 1 -- 456
Address space: 0 - 4 GB
pos1 valid leaf right: 16777215
pos1 num of levels: 24
pos1 level num of ways: 4194304
pos1 number of sets: 2
Cached node ID: 1 -- 57
Address space: 0 - 0.5 GB
pos2 valid leaf right: 2097151
pos2 num of levels: 21
pos2 level num of ways: 524288
pos2 number of sets: 2
Cached node ID: 1 -- 29
Address space: 0 - 0.0625 GB
Clk7 @ 1000000 Finished 1300 instructions 
Clk7 @ 2000000 Finished 2936 instructions 
Clk3 @ 3000000 Finished 4654 instructions 
Clk3 @ 4000000 Finished 6377 instructions 
Clk3 @ 5000000 Finished 8101 instructions 
Clk3 @ 6000000 Finished 9862 instructions 
Clk@ 6073016 Working on the # 10000 th memory instruction
Clk3 @ 8000000 Finished 13393 instructions 
Clk3 @ 9000000 Finished 15098 instructions 
Clk3 @ 10000000 Finished 16811 instructions 
Clk7 @ 11000000 Finished 18585 instructions 
Clk@ 11799182 Working on the # 20000 th memory instruction
Clk3 @ 12000000 Finished 20346 instructions 
Clk3 @ 13000000 Finished 22074 instructions 
Clk3 @ 14000000 Finished 23851 instructions 
Clk7 @ 15000000 Finished 25594 instructions 
Clk7 @ 16000000 Finished 27391 instructions 
Clk3 @ 17000000 Finished 29179 instructions 
Clk@ 17501366 Working on the # 30000 th memory instruction
Clk3 @ 18000000 Finished 30727 instructions 
Clk7 @ 19000000 Finished 32516 instructions 
Clk3 @ 20000000 Finished 34270 instructions 
Clk3 @ 21000000 Finished 36002 instructions 
Clk3 @ 22000000 Finished 37753 instructions 
Clk3 @ 23000000 Finished 39490 instructions 
Clk@ 23285839 Working on the # 40000 th memory instruction
Clk3 @ 24000000 Finished 41221 instructions 
Clk3 @ 25000000 Finished 42995 instructions 
Clk3 @ 26000000 Finished 44698 instructions 
Clk7 @ 27000000 Finished 46456 instructions 
Clk3 @ 28000000 Finished 48226 instructions 
Clk7 @ 29000000 Finished 49907 instructions 
Clk@ 29054322 Working on the # 50000 th memory instruction
Clk7 @ 30000000 Finished 51676 instructions 
Clk3 @ 31000000 Finished 53451 instructions 
Clk7 @ 32000000 Finished 55211 instructions 
Clk7 @ 33000000 Finished 56981 instructions 
Clk3 @ 34000000 Finished 58734 instructions 
Clk@ 34770747 Working on the # 60000 th memory instruction
Clk7 @ 35000000 Finished 60287 instructions 
Clk7 @ 36000000 Finished 61902 instructions 
Clk3 @ 37000000 Finished 63698 instructions 
Clk3 @ 38000000 Finished 65439 instructions 
Clk3 @ 39000000 Finished 67163 instructions 
Clk3 @ 40000000 Finished 68937 instructions 
Clk@ 40608306 Working on the # 70000 th memory instruction
Clk7 @ 41000000 Finished 70679 instructions 
Clk3 @ 42000000 Finished 72386 instructions 
Clk3 @ 43000000 Finished 74131 instructions 
Clk3 @ 44000000 Finished 75913 instructions 
Clk3 @ 45000000 Finished 77602 instructions 
Clk3 @ 46000000 Finished 79356 instructions 
Clk@ 46370979 Working on the # 80000 th memory instruction
Clk3 @ 47000000 Finished 81123 instructions 
Clk7 @ 48000000 Finished 82791 instructions 
Clk7 @ 49000000 Finished 84551 instructions 
Clk3 @ 50000000 Finished 86313 instructions 
Clk7 @ 51000000 Finished 87965 instructions 
Clk3 @ 52000000 Finished 89706 instructions 
Clk@ 52166000 Working on the # 90000 th memory instruction
Clk3 @ 53000000 Finished 91456 instructions 
Clk3 @ 54000000 Finished 93199 instructions 
Clk7 @ 55000000 Finished 94955 instructions 
Clk3 @ 56000000 Finished 96690 instructions 
Clk7 @ 57000000 Finished 98376 instructions 
Clk@ 57959650 Working on the # 100000 th memory instruction
Clk3 @ 58000000 Finished 100072 instructions 
Clk3 @ 59000000 Finished 101826 instructions 
Clk3 @ 60000000 Finished 103568 instructions 
Clk3 @ 61000000 Finished 105329 instructions 
Clk7 @ 62000000 Finished 107081 instructions 
Clk3 @ 63000000 Finished 108825 instructions 
Clk@ 63675432 Working on the # 110000 th memory instruction
Clk7 @ 64000000 Finished 110572 instructions 
Clk3 @ 65000000 Finished 112351 instructions 
Clk7 @ 66000000 Finished 114083 instructions 
Clk3 @ 67000000 Finished 115819 instructions 
Clk7 @ 68000000 Finished 117572 instructions 
Clk3 @ 69000000 Finished 119238 instructions 
Clk@ 69497897 Working on the # 120000 th memory instruction
Clk3 @ 70000000 Finished 120807 instructions 
Clk3 @ 71000000 Finished 122357 instructions 
Clk3 @ 72000000 Finished 124082 instructions 
Clk3 @ 73000000 Finished 125857 instructions 
Clk7 @ 74000000 Finished 127611 instructions 
Clk3 @ 75000000 Finished 129363 instructions 
Clk@ 75369799 Working on the # 130000 th memory instruction
Clk7 @ 76000000 Finished 131068 instructions 
Clk3 @ 77000000 Finished 132779 instructions 
Clk7 @ 78000000 Finished 134549 instructions 
Clk3 @ 79000000 Finished 136308 instructions 
Clk3 @ 80000000 Finished 138057 instructions 
Clk3 @ 81000000 Finished 139805 instructions 
Clk@ 81109634 Working on the # 140000 th memory instruction
Clk7 @ 82000000 Finished 141504 instructions 
Clk3 @ 83000000 Finished 143197 instructions 
Clk3 @ 84000000 Finished 144932 instructions 
Clk3 @ 85000000 Finished 146686 instructions 
Clk3 @ 86000000 Finished 148408 instructions 
Clk@ 86900684 Working on the # 150000 th memory instruction
Clk3 @ 87000000 Finished 150182 instructions 
Clk7 @ 88000000 Finished 151932 instructions 
Clk7 @ 89000000 Finished 153615 instructions 
Clk7 @ 90000000 Finished 155302 instructions 
Clk3 @ 91000000 Finished 157038 instructions 
Clk7 @ 92000000 Finished 158778 instructions 
Clk@ 92716447 Working on the # 160000 th memory instruction
Clk3 @ 93000000 Finished 160493 instructions 
Clk7 @ 94000000 Finished 162266 instructions 
Clk3 @ 95000000 Finished 163928 instructions 
Clk7 @ 96000000 Finished 165601 instructions 
Clk3 @ 97000000 Finished 167352 instructions 
Clk3 @ 98000000 Finished 169105 instructions 
Clk@ 98517005 Working on the # 170000 th memory instruction
Clk3 @ 99000000 Finished 170834 instructions 
Clk7 @ 100000000 Finished 172594 instructions 
Clk7 @ 101000000 Finished 174262 instructions 
Clk3 @ 102000000 Finished 175926 instructions 
Clk7 @ 103000000 Finished 177657 instructions 
Clk3 @ 104000000 Finished 179397 instructions 
Clk@ 104343623 Working on the # 180000 th memory instruction
Clk3 @ 105000000 Finished 181131 instructions 
Clk7 @ 106000000 Finished 182871 instructions 
Clk3 @ 107000000 Finished 184610 instructions 
Clk7 @ 108000000 Finished 186308 instructions 
Clk3 @ 109000000 Finished 188022 instructions 
Clk3 @ 110000000 Finished 189777 instructions 
Clk@ 110126097 Working on the # 190000 th memory instruction
Clk3 @ 111000000 Finished 191504 instructions 
Clk7 @ 112000000 Finished 193254 instructions 
Clk3 @ 113000000 Finished 194980 instructions 
Clk3 @ 114000000 Finished 196639 instructions 
Clk3 @ 115000000 Finished 198312 instructions 
Clk@ 115980262 Working on the # 200000 th memory instruction
Clk3 @ 116000000 Finished 200036 instructions 
Clk3 @ 117000000 Finished 201783 instructions 
Clk3 @ 118000000 Finished 203532 instructions 
Clk3 @ 119000000 Finished 205298 instructions 
Clk3 @ 120000000 Finished 207025 instructions 
Clk3 @ 121000000 Finished 208783 instructions 
Clk@ 121695053 Working on the # 210000 th memory instruction
Clk3 @ 122000000 Finished 210509 instructions 
Clk3 @ 123000000 Finished 212275 instructions 
Clk3 @ 124000000 Finished 213991 instructions 
Clk7 @ 125000000 Finished 215740 instructions 
Clk3 @ 126000000 Finished 217442 instructions 
Clk3 @ 127000000 Finished 219190 instructions 
Clk@ 127493591 Working on the # 220000 th memory instruction
Clk3 @ 128000000 Finished 220881 instructions 
Clk3 @ 129000000 Finished 222635 instructions 
Clk3 @ 130000000 Finished 224413 instructions 
Clk7 @ 131000000 Finished 226127 instructions 
Clk3 @ 132000000 Finished 227869 instructions 
Clk7 @ 133000000 Finished 229611 instructions 
Clk@ 133227649 Working on the # 230000 th memory instruction
Clk3 @ 134000000 Finished 231324 instructions 
Clk3 @ 135000000 Finished 233086 instructions 
Clk3 @ 136000000 Finished 234814 instructions 
Clk3 @ 137000000 Finished 236533 instructions 
Clk3 @ 138000000 Finished 238260 instructions 
Clk3 @ 139000000 Finished 239738 instructions 
Clk@ 139157280 Working on the # 240000 th memory instruction
Clk7 @ 140000000 Finished 241336 instructions 
Clk7 @ 141000000 Finished 242825 instructions 
Clk7 @ 142000000 Finished 244433 instructions 
Clk3 @ 143000000 Finished 246147 instructions 
Clk7 @ 144000000 Finished 247846 instructions 
Clk3 @ 145000000 Finished 249598 instructions 
Clk@ 145240198 Working on the # 250000 th memory instruction
Clk3 @ 146000000 Finished 251334 instructions 
Clk3 @ 147000000 Finished 253059 instructions 
Clk3 @ 148000000 Finished 254818 instructions 
Clk3 @ 149000000 Finished 256513 instructions 
Clk3 @ 150000000 Finished 258237 instructions 
Clk3 @ 151000000 Finished 259976 instructions 
Clk@ 151013642 Working on the # 260000 th memory instruction
Clk3 @ 152000000 Finished 261667 instructions 
Clk3 @ 153000000 Finished 263406 instructions 
Clk7 @ 154000000 Finished 265089 instructions 
Clk3 @ 155000000 Finished 266821 instructions 
Clk3 @ 156000000 Finished 268586 instructions 
Clk@ 156819040 Working on the # 270000 th memory instruction
Clk3 @ 157000000 Finished 270318 instructions 
Clk7 @ 158000000 Finished 272048 instructions 
Clk3 @ 159000000 Finished 273831 instructions 
Clk7 @ 160000000 Finished 275559 instructions 
Clk3 @ 161000000 Finished 277286 instructions 
Clk7 @ 162000000 Finished 279048 instructions 
Clk@ 162551372 Working on the # 280000 th memory instruction
Clk7 @ 163000000 Finished 280733 instructions 
Clk7 @ 164000000 Finished 282409 instructions 
Clk7 @ 165000000 Finished 284113 instructions 
Clk3 @ 166000000 Finished 285788 instructions 
Clk7 @ 167000000 Finished 287499 instructions 
Clk3 @ 168000000 Finished 289195 instructions 
Clk@ 168463171 Working on the # 290000 th memory instruction
Clk3 @ 169000000 Finished 290937 instructions 
Clk3 @ 170000000 Finished 292683 instructions 
Clk3 @ 171000000 Finished 294388 instructions 
Clk3 @ 172000000 Finished 296155 instructions 
Clk7 @ 173000000 Finished 297843 instructions 
Clk3 @ 174000000 Finished 299616 instructions 
Clk@ 174217509 Working on the # 300000 th memory instruction
Clk3 @ 175000000 Finished 301369 instructions 
Clk3 @ 176000000 Finished 303118 instructions 
Clk3 @ 177000000 Finished 304791 instructions 
Clk7 @ 178000000 Finished 306513 instructions 
Clk3 @ 179000000 Finished 308195 instructions 
Clk7 @ 180000000 Finished 309905 instructions 
Clk@ 180052551 Working on the # 310000 th memory instruction
Clk3 @ 181000000 Finished 311642 instructions 
Clk3 @ 182000000 Finished 313350 instructions 
Clk3 @ 183000000 Finished 315048 instructions 
Clk3 @ 184000000 Finished 316802 instructions 
Clk7 @ 185000000 Finished 318528 instructions 
Clk@ 185860210 Working on the # 320000 th memory instruction
Clk7 @ 186000000 Finished 320244 instructions 
Clk7 @ 187000000 Finished 321995 instructions 
Clk7 @ 188000000 Finished 323750 instructions 
Clk7 @ 189000000 Finished 325477 instructions 
Clk3 @ 190000000 Finished 327090 instructions 
Clk7 @ 191000000 Finished 328814 instructions 
Clk@ 191743768 Working on the # 330000 th memory instruction
Clk7 @ 192000000 Finished 330426 instructions 
Clk7 @ 193000000 Finished 332153 instructions 
Clk7 @ 194000000 Finished 333893 instructions 
Clk3 @ 195000000 Finished 335625 instructions 
Clk3 @ 196000000 Finished 337370 instructions 
Clk7 @ 197000000 Finished 339085 instructions 
Clk@ 197527426 Working on the # 340000 th memory instruction
Clk3 @ 198000000 Finished 340798 instructions 
Clk3 @ 199000000 Finished 342526 instructions 
Clk3 @ 200000000 Finished 344261 instructions 
Clk3 @ 201000000 Finished 345987 instructions 
Clk3 @ 202000000 Finished 347720 instructions 
Clk3 @ 203000000 Finished 349353 instructions 
Clk@ 203375283 Working on the # 350000 th memory instruction
Clk7 @ 204000000 Finished 351045 instructions 
Clk3 @ 205000000 Finished 352707 instructions 
Clk7 @ 205000000 Finished 352707 instructions 
Clk3 @ 206000000 Finished 354419 instructions 
Clk3 @ 207000000 Finished 356168 instructions 
Clk7 @ 208000000 Finished 357906 instructions 
Clk7 @ 209000000 Finished 359607 instructions 
Clk@ 209222827 Working on the # 360000 th memory instruction
Clk3 @ 210000000 Finished 361367 instructions 
Clk7 @ 211000000 Finished 363062 instructions 
Clk7 @ 212000000 Finished 364799 instructions 
Clk7 @ 213000000 Finished 366533 instructions 
Clk3 @ 214000000 Finished 368285 instructions 
Clk7 @ 215000000 Finished 369960 instructions 
Clk@ 215023147 Working on the # 370000 th memory instruction
Clk3 @ 216000000 Finished 371716 instructions 
Clk3 @ 217000000 Finished 373387 instructions 
Clk3 @ 218000000 Finished 375103 instructions 
Clk7 @ 219000000 Finished 376838 instructions 
Clk3 @ 220000000 Finished 378592 instructions 
Clk@ 220821863 Working on the # 380000 th memory instruction
Clk3 @ 221000000 Finished 380287 instructions 
Clk3 @ 222000000 Finished 382033 instructions 
Clk3 @ 223000000 Finished 383762 instructions 
Clk3 @ 224000000 Finished 385487 instructions 
Clk7 @ 225000000 Finished 387212 instructions 
Clk3 @ 226000000 Finished 388936 instructions 
Clk@ 226617401 Working on the # 390000 th memory instruction
Clk7 @ 227000000 Finished 390674 instructions 
Clk3 @ 228000000 Finished 392288 instructions 
Clk3 @ 229000000 Finished 394016 instructions 
Clk7 @ 230000000 Finished 395685 instructions 
Clk3 @ 231000000 Finished 397365 instructions 
Clk3 @ 232000000 Finished 399070 instructions 
Clk@ 232529665 Working on the # 400000 th memory instruction
Clk3 @ 233000000 Finished 400816 instructions 
Clk3 @ 234000000 Finished 402540 instructions 
Clk3 @ 235000000 Finished 404267 instructions 
Clk3 @ 236000000 Finished 405979 instructions 
Clk3 @ 237000000 Finished 407717 instructions 
Clk7 @ 238000000 Finished 409414 instructions 
Clk@ 238334143 Working on the # 410000 th memory instruction
Clk3 @ 239000000 Finished 411139 instructions 
Clk3 @ 240000000 Finished 412848 instructions 
Clk7 @ 241000000 Finished 414566 instructions 
Clk7 @ 242000000 Finished 416317 instructions 
Clk7 @ 243000000 Finished 418027 instructions 
Clk3 @ 244000000 Finished 419796 instructions 
Clk@ 244115377 Working on the # 420000 th memory instruction
Clk3 @ 245000000 Finished 421485 instructions 
Clk3 @ 246000000 Finished 423213 instructions 
Clk7 @ 247000000 Finished 424976 instructions 
Clk3 @ 248000000 Finished 426641 instructions 
Clk7 @ 249000000 Finished 428391 instructions 
Clk@ 249932704 Working on the # 430000 th memory instruction
Clk7 @ 250000000 Finished 430122 instructions 
Clk7 @ 251000000 Finished 431834 instructions 
Clk3 @ 252000000 Finished 433585 instructions 
Clk3 @ 253000000 Finished 435279 instructions 
Clk7 @ 254000000 Finished 437011 instructions 
Clk3 @ 255000000 Finished 438744 instructions 
Clk@ 255771562 Working on the # 440000 th memory instruction
Clk3 @ 256000000 Finished 440398 instructions 
Clk3 @ 257000000 Finished 442146 instructions 
Clk3 @ 258000000 Finished 443889 instructions 
Clk3 @ 259000000 Finished 445612 instructions 
Clk3 @ 260000000 Finished 447356 instructions 
Clk3 @ 261000000 Finished 449101 instructions 
Clk@ 261520164 Working on the # 450000 th memory instruction
Clk3 @ 262000000 Finished 450785 instructions 
Clk3 @ 263000000 Finished 452517 instructions 
Clk3 @ 264000000 Finished 454266 instructions 
Clk3 @ 265000000 Finished 455964 instructions 
Clk3 @ 266000000 Finished 457654 instructions 
Clk7 @ 267000000 Finished 459411 instructions 
Clk@ 267337263 Working on the # 460000 th memory instruction
Clk3 @ 268000000 Finished 461113 instructions 
Clk3 @ 269000000 Finished 462820 instructions 
Clk3 @ 270000000 Finished 464574 instructions 
Clk7 @ 271000000 Finished 466323 instructions 
Clk3 @ 272000000 Finished 468039 instructions 
Clk7 @ 273000000 Finished 469764 instructions 
Clk@ 273134552 Working on the # 470000 th memory instruction
Clk7 @ 274000000 Finished 471520 instructions 
Clk3 @ 275000000 Finished 473235 instructions 
Clk7 @ 276000000 Finished 474999 instructions 
Clk3 @ 277000000 Finished 476675 instructions 
Clk3 @ 278000000 Finished 478237 instructions 
Clk7 @ 279000000 Finished 479888 instructions 
Clk@ 279063324 Working on the # 480000 th memory instruction
Clk7 @ 280000000 Finished 481582 instructions 
Clk3 @ 281000000 Finished 483221 instructions 
Clk3 @ 282000000 Finished 484753 instructions 
Clk3 @ 283000000 Finished 486438 instructions 
Clk7 @ 284000000 Finished 488117 instructions 
Clk3 @ 285000000 Finished 489784 instructions 
Clk@ 285126563 Working on the # 490000 th memory instruction
Clk3 @ 286000000 Finished 491509 instructions 
Clk3 @ 287000000 Finished 493225 instructions 
Clk3 @ 288000000 Finished 494968 instructions 
Clk3 @ 289000000 Finished 496669 instructions 
Clk3 @ 290000000 Finished 498428 instructions 
Clk@ 290911720 Working on the # 500000 th memory instruction
Warm up done after line access count: 500000 out of 1000000 (50 %)
Clk3 @ 291000000 Finished 500155 instructions 
Clk3 @ 292000000 Finished 501919 instructions 
Clk3 @ 293000000 Finished 503635 instructions 
Clk7 @ 294000000 Finished 505371 instructions 
Clk3 @ 295000000 Finished 507105 instructions 
Clk3 @ 296000000 Finished 508850 instructions 
Clk@ 296694498 Working on the # 510000 th memory instruction
Clk3 @ 297000000 Finished 510496 instructions 
Clk3 @ 298000000 Finished 512250 instructions 
Clk3 @ 299000000 Finished 514003 instructions 
Clk7 @ 300000000 Finished 515738 instructions 
Clk3 @ 301000000 Finished 517417 instructions 
Clk3 @ 302000000 Finished 519140 instructions 
Clk@ 302495161 Working on the # 520000 th memory instruction
Clk3 @ 303000000 Finished 520831 instructions 
Clk7 @ 304000000 Finished 522498 instructions 
Clk3 @ 305000000 Finished 524246 instructions 
Clk3 @ 306000000 Finished 525972 instructions 
Clk3 @ 307000000 Finished 527655 instructions 
Clk7 @ 308000000 Finished 529297 instructions 
Clk@ 308399815 Working on the # 530000 th memory instruction
Clk7 @ 309000000 Finished 531025 instructions 
Clk3 @ 310000000 Finished 532739 instructions 
Clk3 @ 311000000 Finished 534460 instructions 
Clk7 @ 312000000 Finished 536215 instructions 
Clk3 @ 313000000 Finished 537959 instructions 
Clk7 @ 314000000 Finished 539667 instructions 
Clk@ 314187596 Working on the # 540000 th memory instruction
Clk3 @ 315000000 Finished 541423 instructions 
Clk3 @ 316000000 Finished 543123 instructions 
Clk7 @ 316000000 Finished 543123 instructions 
Clk7 @ 317000000 Finished 544843 instructions 
Clk3 @ 318000000 Finished 546602 instructions 
Clk7 @ 319000000 Finished 548320 instructions 
Clk@ 319973594 Working on the # 550000 th memory instruction
Clk3 @ 320000000 Finished 550035 instructions 
Clk7 @ 321000000 Finished 551764 instructions 
Clk3 @ 322000000 Finished 553451 instructions 
Clk7 @ 323000000 Finished 555203 instructions 
Clk7 @ 324000000 Finished 556935 instructions 
Clk3 @ 325000000 Finished 558671 instructions 
Clk@ 325774605 Working on the # 560000 th memory instruction
Clk7 @ 326000000 Finished 560364 instructions 
Clk3 @ 327000000 Finished 562055 instructions 
Clk3 @ 328000000 Finished 563785 instructions 
Clk7 @ 329000000 Finished 565429 instructions 
Clk7 @ 330000000 Finished 567159 instructions 
Clk3 @ 331000000 Finished 568874 instructions 
Clk@ 331671966 Working on the # 570000 th memory instruction
Clk7 @ 332000000 Finished 570577 instructions 
Clk3 @ 333000000 Finished 572209 instructions 
Clk7 @ 334000000 Finished 573927 instructions 
Clk7 @ 335000000 Finished 575617 instructions 
Clk3 @ 336000000 Finished 577340 instructions 
Clk3 @ 337000000 Finished 579046 instructions 
Clk@ 337541380 Working on the # 580000 th memory instruction
Clk3 @ 338000000 Finished 580789 instructions 
Clk7 @ 339000000 Finished 582552 instructions 
Clk3 @ 340000000 Finished 584258 instructions 
Clk3 @ 341000000 Finished 585945 instructions 
Clk3 @ 342000000 Finished 587678 instructions 
Clk7 @ 343000000 Finished 589430 instructions 
Clk@ 343323749 Working on the # 590000 th memory instruction
Clk3 @ 344000000 Finished 591176 instructions 
Clk3 @ 345000000 Finished 592926 instructions 
Clk7 @ 346000000 Finished 594558 instructions 
Clk7 @ 347000000 Finished 596282 instructions 
Clk7 @ 348000000 Finished 598014 instructions 
Clk3 @ 349000000 Finished 599764 instructions 
Clk@ 349136156 Working on the # 600000 th memory instruction
Clk3 @ 350000000 Finished 601500 instructions 
Clk7 @ 351000000 Finished 603201 instructions 
Clk3 @ 352000000 Finished 604932 instructions 
Clk3 @ 353000000 Finished 606657 instructions 
Clk7 @ 354000000 Finished 608332 instructions 
Clk@ 354970964 Working on the # 610000 th memory instruction
Clk3 @ 355000000 Finished 610056 instructions 
Clk3 @ 356000000 Finished 611743 instructions 
Clk3 @ 357000000 Finished 613483 instructions 
Clk7 @ 358000000 Finished 615222 instructions 
Clk7 @ 359000000 Finished 616865 instructions 
Clk3 @ 360000000 Finished 618591 instructions 
Clk@ 360828722 Working on the # 620000 th memory instruction
Clk3 @ 361000000 Finished 620298 instructions 
Clk7 @ 362000000 Finished 622011 instructions 
Clk7 @ 363000000 Finished 623764 instructions 
Clk7 @ 364000000 Finished 625474 instructions 
Clk7 @ 365000000 Finished 627171 instructions 
Clk3 @ 366000000 Finished 628893 instructions 
Clk@ 366684186 Working on the # 630000 th memory instruction
Clk3 @ 367000000 Finished 630549 instructions 
Clk3 @ 368000000 Finished 632299 instructions 
Clk3 @ 369000000 Finished 634036 instructions 
Clk3 @ 370000000 Finished 635773 instructions 
Clk3 @ 371000000 Finished 637521 instructions 
Clk7 @ 372000000 Finished 639203 instructions 
Clk@ 372466698 Working on the # 640000 th memory instruction
Clk3 @ 373000000 Finished 640920 instructions 
Clk3 @ 374000000 Finished 642670 instructions 
Clk3 @ 375000000 Finished 644391 instructions 
Clk3 @ 376000000 Finished 646122 instructions 
Clk3 @ 377000000 Finished 647869 instructions 
Clk7 @ 378000000 Finished 649585 instructions 
Clk@ 378244379 Working on the # 650000 th memory instruction
Clk7 @ 379000000 Finished 651179 instructions 
Clk7 @ 380000000 Finished 652892 instructions 
Clk3 @ 381000000 Finished 654613 instructions 
Clk3 @ 382000000 Finished 656314 instructions 
Clk3 @ 383000000 Finished 658030 instructions 
Clk7 @ 384000000 Finished 659704 instructions 
Clk@ 384207270 Working on the # 660000 th memory instruction
Clk3 @ 385000000 Finished 661322 instructions 
Clk7 @ 386000000 Finished 662998 instructions 
Clk3 @ 387000000 Finished 664741 instructions 
Clk3 @ 388000000 Finished 666453 instructions 
Clk3 @ 389000000 Finished 668160 instructions 
Clk7 @ 390000000 Finished 669906 instructions 
Clk@ 390053124 Working on the # 670000 th memory instruction
Clk3 @ 391000000 Finished 671605 instructions 
Clk3 @ 392000000 Finished 673299 instructions 
Clk3 @ 394000000 Finished 676721 instructions 
Clk3 @ 395000000 Finished 678456 instructions 
Clk@ 395894386 Working on the # 680000 th memory instruction
Clk7 @ 396000000 Finished 680187 instructions 
Clk3 @ 397000000 Finished 681875 instructions 
Clk7 @ 398000000 Finished 683598 instructions 
Clk7 @ 399000000 Finished 685316 instructions 
Clk3 @ 400000000 Finished 687048 instructions 
Clk3 @ 401000000 Finished 688771 instructions 
Clk@ 401700958 Working on the # 690000 th memory instruction
Clk3 @ 402000000 Finished 690516 instructions 
Clk7 @ 403000000 Finished 692241 instructions 
Clk3 @ 404000000 Finished 693911 instructions 
Clk3 @ 405000000 Finished 695474 instructions 
Clk7 @ 406000000 Finished 697181 instructions 
Clk7 @ 407000000 Finished 698913 instructions 
Clk@ 407631899 Working on the # 700000 th memory instruction
Clk3 @ 408000000 Finished 700617 instructions 
Clk7 @ 409000000 Finished 702322 instructions 
Clk7 @ 410000000 Finished 703921 instructions 
Clk3 @ 411000000 Finished 705543 instructions 
Clk3 @ 412000000 Finished 707290 instructions 
Clk3 @ 413000000 Finished 709027 instructions 
Clk@ 413571717 Working on the # 710000 th memory instruction
Clk7 @ 414000000 Finished 710750 instructions 
Clk7 @ 415000000 Finished 712487 instructions 
Clk7 @ 416000000 Finished 714213 instructions 
Clk3 @ 417000000 Finished 715901 instructions 
Clk7 @ 418000000 Finished 717565 instructions 
Clk3 @ 419000000 Finished 719309 instructions 
Clk@ 419393598 Working on the # 720000 th memory instruction
Clk3 @ 420000000 Finished 721032 instructions 
Clk3 @ 421000000 Finished 722757 instructions 
Clk3 @ 422000000 Finished 724481 instructions 
Clk3 @ 423000000 Finished 726152 instructions 
Clk3 @ 424000000 Finished 727866 instructions 
Clk3 @ 425000000 Finished 729611 instructions 
Clk@ 425225629 Working on the # 730000 th memory instruction
Clk3 @ 426000000 Finished 731317 instructions 
Clk3 @ 427000000 Finished 733022 instructions 
Clk3 @ 428000000 Finished 734763 instructions 
Clk3 @ 429000000 Finished 736501 instructions 
Clk7 @ 430000000 Finished 738138 instructions 
Clk3 @ 431000000 Finished 739841 instructions 
Clk@ 431099495 Working on the # 740000 th memory instruction
Clk7 @ 432000000 Finished 741566 instructions 
Clk7 @ 433000000 Finished 743271 instructions 
Clk3 @ 434000000 Finished 744974 instructions 
Clk3 @ 435000000 Finished 746713 instructions 
Clk3 @ 436000000 Finished 748326 instructions 
Clk@ 436969855 Working on the # 750000 th memory instruction
Clk7 @ 437000000 Finished 750050 instructions 
Clk3 @ 438000000 Finished 751764 instructions 
Clk3 @ 439000000 Finished 753498 instructions 
Clk3 @ 440000000 Finished 755218 instructions 
Clk3 @ 441000000 Finished 756945 instructions 
Clk3 @ 442000000 Finished 758693 instructions 
Clk@ 442793164 Working on the # 760000 th memory instruction
Clk3 @ 443000000 Finished 760362 instructions 
Clk3 @ 444000000 Finished 762088 instructions 
Clk3 @ 445000000 Finished 763811 instructions 
Clk3 @ 446000000 Finished 765530 instructions 
Clk3 @ 447000000 Finished 767254 instructions 
Clk3 @ 448000000 Finished 769002 instructions 
Clk@ 448602002 Working on the # 770000 th memory instruction
Clk3 @ 449000000 Finished 770679 instructions 
Clk3 @ 450000000 Finished 772404 instructions 
Clk3 @ 451000000 Finished 774126 instructions 
Clk3 @ 452000000 Finished 775847 instructions 
Clk3 @ 453000000 Finished 777563 instructions 
Clk7 @ 454000000 Finished 779289 instructions 
Clk@ 454418399 Working on the # 780000 th memory instruction
Clk3 @ 455000000 Finished 780989 instructions 
Clk7 @ 456000000 Finished 782559 instructions 
Clk3 @ 457000000 Finished 784289 instructions 
Clk3 @ 458000000 Finished 786002 instructions 
Clk3 @ 459000000 Finished 787718 instructions 
Clk3 @ 460000000 Finished 789409 instructions 
Clk@ 460340884 Working on the # 790000 th memory instruction
Clk3 @ 461000000 Finished 791141 instructions 
Clk7 @ 462000000 Finished 792701 instructions 
Clk3 @ 463000000 Finished 794393 instructions 
Clk3 @ 464000000 Finished 796083 instructions 
Clk3 @ 465000000 Finished 797774 instructions 
Clk7 @ 466000000 Finished 799476 instructions 
Clk@ 466309270 Working on the # 800000 th memory instruction
Clk3 @ 467000000 Finished 801196 instructions 
Clk3 @ 468000000 Finished 802884 instructions 
Clk7 @ 469000000 Finished 804597 instructions 
Clk3 @ 470000000 Finished 806323 instructions 
Clk3 @ 471000000 Finished 808037 instructions 
Clk3 @ 472000000 Finished 809761 instructions 
Clk@ 472139726 Working on the # 810000 th memory instruction
Clk7 @ 473000000 Finished 811447 instructions 
Clk3 @ 474000000 Finished 813171 instructions 
Clk3 @ 475000000 Finished 814862 instructions 
Clk3 @ 476000000 Finished 816557 instructions 
Clk7 @ 477000000 Finished 818266 instructions 
Clk@ 477998429 Working on the # 820000 th memory instruction
Clk3 @ 478000000 Finished 820002 instructions 
Clk3 @ 479000000 Finished 821725 instructions 
Clk3 @ 480000000 Finished 823413 instructions 
Clk7 @ 481000000 Finished 825088 instructions 
Clk3 @ 482000000 Finished 826811 instructions 
Clk3 @ 483000000 Finished 828513 instructions 
Clk@ 483862898 Working on the # 830000 th memory instruction
Clk3 @ 484000000 Finished 830238 instructions 
Clk3 @ 485000000 Finished 831983 instructions 
Clk7 @ 486000000 Finished 833698 instructions 
Clk3 @ 487000000 Finished 835423 instructions 
Clk3 @ 488000000 Finished 837138 instructions 
Clk3 @ 489000000 Finished 838842 instructions 
Clk@ 489656793 Working on the # 840000 th memory instruction
Clk3 @ 490000000 Finished 840599 instructions 
Clk7 @ 491000000 Finished 842222 instructions 
Clk3 @ 492000000 Finished 843963 instructions 
Clk3 @ 493000000 Finished 845695 instructions 
Clk7 @ 494000000 Finished 847421 instructions 
Clk3 @ 495000000 Finished 849144 instructions 
Clk@ 495490654 Working on the # 850000 th memory instruction
Clk3 @ 496000000 Finished 850892 instructions 
Clk7 @ 497000000 Finished 852521 instructions 
Clk3 @ 498000000 Finished 854242 instructions 
Clk3 @ 499000000 Finished 855969 instructions 
Clk3 @ 500000000 Finished 857676 instructions 
Clk7 @ 501000000 Finished 859395 instructions 
Clk@ 501356398 Working on the # 860000 th memory instruction
Clk3 @ 502000000 Finished 861133 instructions 
Clk7 @ 503000000 Finished 862839 instructions 
Clk7 @ 504000000 Finished 864551 instructions 
Clk3 @ 505000000 Finished 866275 instructions 
Clk7 @ 506000000 Finished 867927 instructions 
Clk7 @ 507000000 Finished 869620 instructions 
Clk@ 507214199 Working on the # 870000 th memory instruction
Clk7 @ 508000000 Finished 871373 instructions 
Clk3 @ 509000000 Finished 873094 instructions 
Clk7 @ 510000000 Finished 874768 instructions 
Clk3 @ 511000000 Finished 876495 instructions 
Clk3 @ 512000000 Finished 878237 instructions 
Clk3 @ 513000000 Finished 879815 instructions 
Clk@ 513104323 Working on the # 880000 th memory instruction
Clk3 @ 514000000 Finished 881528 instructions 
Clk7 @ 515000000 Finished 883234 instructions 
Clk7 @ 516000000 Finished 884960 instructions 
Clk7 @ 517000000 Finished 886665 instructions 
Clk7 @ 518000000 Finished 888403 instructions 
Clk@ 518927062 Working on the # 890000 th memory instruction
Clk3 @ 519000000 Finished 890123 instructions 
Clk3 @ 520000000 Finished 891795 instructions 
Clk7 @ 521000000 Finished 893531 instructions 
Clk3 @ 522000000 Finished 895251 instructions 
Clk3 @ 523000000 Finished 896975 instructions 
Clk3 @ 524000000 Finished 898728 instructions 
Clk@ 524733378 Working on the # 900000 th memory instruction
Clk3 @ 525000000 Finished 900460 instructions 
Clk7 @ 526000000 Finished 902103 instructions 
Clk3 @ 527000000 Finished 903829 instructions 
Clk3 @ 528000000 Finished 905562 instructions 
Clk3 @ 529000000 Finished 907303 instructions 
Clk7 @ 530000000 Finished 909030 instructions 
Clk@ 530551392 Working on the # 910000 th memory instruction
Clk3 @ 531000000 Finished 910777 instructions 
Clk3 @ 532000000 Finished 912412 instructions 
Clk3 @ 533000000 Finished 914099 instructions 
Clk3 @ 534000000 Finished 915827 instructions 
Clk7 @ 535000000 Finished 917576 instructions 
Clk7 @ 536000000 Finished 919314 instructions 
Clk@ 536399238 Working on the # 920000 th memory instruction
Clk3 @ 537000000 Finished 921018 instructions 
Clk7 @ 538000000 Finished 922692 instructions 
Clk3 @ 539000000 Finished 924349 instructions 
Clk3 @ 540000000 Finished 926083 instructions 
Clk3 @ 541000000 Finished 927821 instructions 
Clk3 @ 542000000 Finished 929547 instructions 
Clk@ 542264771 Working on the # 930000 th memory instruction
Clk3 @ 543000000 Finished 931292 instructions 
Clk3 @ 544000000 Finished 933026 instructions 
Clk3 @ 545000000 Finished 934678 instructions 
Clk3 @ 546000000 Finished 936407 instructions 
Clk3 @ 547000000 Finished 938155 instructions 
Clk3 @ 548000000 Finished 939887 instructions 
Clk@ 548069708 Working on the # 940000 th memory instruction
Clk3 @ 549000000 Finished 941619 instructions 
Clk3 @ 550000000 Finished 943353 instructions 
Clk3 @ 551000000 Finished 945038 instructions 
Clk3 @ 552000000 Finished 946741 instructions 
Clk3 @ 553000000 Finished 948475 instructions 
Clk@ 553897969 Working on the # 950000 th memory instruction
Clk3 @ 554000000 Finished 950177 instructions 
Clk7 @ 555000000 Finished 951871 instructions 
Clk7 @ 556000000 Finished 953569 instructions 
Clk7 @ 557000000 Finished 955139 instructions 
Clk3 @ 558000000 Finished 956755 instructions 
Clk3 @ 559000000 Finished 958431 instructions 
Clk@ 559907807 Working on the # 960000 th memory instruction
Clk3 @ 560000000 Finished 960157 instructions 
Clk7 @ 561000000 Finished 961850 instructions 
Clk7 @ 562000000 Finished 963557 instructions 
Clk7 @ 563000000 Finished 965238 instructions 
Clk3 @ 564000000 Finished 966857 instructions 
Clk3 @ 565000000 Finished 968431 instructions 
Clk@ 565924851 Working on the # 970000 th memory instruction
Clk7 @ 566000000 Finished 970135 instructions 
Clk3 @ 567000000 Finished 971809 instructions 
Clk3 @ 568000000 Finished 973502 instructions 
Clk3 @ 569000000 Finished 975216 instructions 
Clk3 @ 570000000 Finished 976878 instructions 
Clk7 @ 571000000 Finished 978579 instructions 
Clk@ 571832256 Working on the # 980000 th memory instruction
Clk3 @ 572000000 Finished 980274 instructions 
Clk3 @ 573000000 Finished 981990 instructions 
Clk3 @ 574000000 Finished 983756 instructions 
Clk7 @ 575000000 Finished 985441 instructions 
Clk3 @ 576000000 Finished 987182 instructions 
Clk7 @ 577000000 Finished 988915 instructions 
Clk@ 577658284 Working on the # 990000 th memory instruction
Clk3 @ 578000000 Finished 990586 instructions 
Clk3 @ 579000000 Finished 992290 instructions 
Clk3 @ 580000000 Finished 994038 instructions 
Clk7 @ 581000000 Finished 995771 instructions 
Clk3 @ 583000000 Finished 999165 instructions 
Clk@ 583478439 Working on the # 1000000 th memory instruction

===*** Data ***====
Stall reason distribution: 
mc_hazard: 0
normal: 0
rs_hazard: 0
rw_swtich: 0
Early reshuffle distribution: 
0: 0
1: 0
2: 0
3: 0
4: 0
5: 0
6: 0
7: 0
8: 13302
9: 62365
10: 62574
11: 62906
12: 62518
13: 62214
14: 61249
15: 59862
16: 56766
17: 49781
18: 36867
19: 14731
20: 2518
21: 239
22: 17
23: 1
24: 0
25: 0
26: 0
=================
Max stash size is: 62
Average stash size is: 14.4616
useful_read_pull_ddr: 500004 (0.918457) %
dummy_read_pull_ddr: 8607049 (15.8103) %
useful_early_pull_ddr: 1339667 (2.46083) %
useful_early_push_ddr: 463639 (0.851658) %
useful_write_pull_ddr: 12140096 (22.3001) %
useful_write_push_ddr: 3836089 (7.04651) %
dummy_early_pull_ddr: 335203 (0.615734) %
dummy_early_push_ddr: 2551127 (4.68616) %
dummy_write_pull_ddr: 2368 (0.00434978) %
dummy_write_push_ddr: 24664310 (45.3059) %
=================
Stash violation number of times: 0
=================
Check NodeID traffic: 9761152
Update NodeID traffic: 1089
=================
Read RS lines: 1000000 (34.6923) %
Write RS lines: 666666 (23.1282) %
Early RS lines: 1215820 (42.1796) %
Read DDR lines: 17391241 (16.5905) %
Write DDR lines: 78924586 (75.2906) %
Early DDR lines: 8510740 (8.11888) %

====*** pos1 ***====
Stall reason distribution: 
mc_hazard: 0
normal: 0
rs_hazard: 0
rw_swtich: 0
Early reshuffle distribution: 
0: 0
1: 0
2: 0
3: 0
4: 0
5: 11191
6: 61578
7: 62378
8: 62281
9: 62871
10: 63074
11: 62584
12: 62493
13: 62234
14: 61233
15: 59378
16: 56230
17: 49854
18: 36542
19: 13913
20: 2011
21: 151
22: 4
23: 0
=================
Max stash size is: 68
Average stash size is: 13.2872
useful_read_pull_ddr: 999997 (0.905023) %
dummy_read_pull_ddr: 17185845 (15.5536) %
useful_early_pull_ddr: 3157563 (2.85768) %
useful_early_push_ddr: 1151434 (1.04208) %
useful_write_pull_ddr: 24223032 (21.9225) %
useful_write_push_ddr: 8977979 (8.1253) %
dummy_early_pull_ddr: 792437 (0.717176) %
dummy_early_push_ddr: 5958566 (5.39266) %
dummy_write_pull_ddr: 25248 (0.0228501) %
dummy_write_push_ddr: 48021964 (43.4611) %
=================
Stash violation number of times: 0
=================
Check NodeID traffic: 15085934
Update NodeID traffic: 329
=================
Read RS lines: 1000000 (30.8008) %
Write RS lines: 666666 (20.5339) %
Early RS lines: 1580000 (48.6653) %
Read DDR lines: 17375605 (16.2022) %
Write DDR lines: 78806910 (73.4848) %
Early DDR lines: 11060000 (10.3131) %

====*** pos2 ***====
Stall reason distribution: 
mc_hazard: 0
normal: 0
rs_hazard: 0
rw_swtich: 0
Early reshuffle distribution: 
0: 0
1: 0
2: 0
3: 0
4: 7288
5: 60285
6: 61737
7: 62190
8: 62416
9: 62542
10: 62640
11: 62542
12: 62535
13: 61949
14: 61089
15: 59046
16: 55441
17: 47768
18: 33009
19: 8880
20: 340
=================
Max stash size is: 72
Average stash size is: 12.9834
useful_read_pull_ddr: 999989 (0.968351) %
dummy_read_pull_ddr: 15124640 (14.6461) %
useful_early_pull_ddr: 3307655 (3.20301) %
useful_early_push_ddr: 1245051 (1.20566) %
useful_write_pull_ddr: 21309222 (20.635) %
useful_write_push_ddr: 9998096 (9.68177) %
dummy_early_pull_ddr: 850830 (0.823911) %
dummy_early_push_ddr: 6240222 (6.04279) %
dummy_write_pull_ddr: 189626 (0.183627) %
dummy_write_push_ddr: 44001850 (42.6097) %
=================
Stash violation number of times: 0
=================
Check NodeID traffic: 10514035
Update NodeID traffic: 48
=================
Read RS lines: 1000000 (30.0295) %
Write RS lines: 666666 (20.0196) %
Early RS lines: 1663394 (49.9509) %
Read DDR lines: 15480877 (15.9603) %
Write DDR lines: 69871256 (72.0353) %
Early DDR lines: 11643758 (12.0044) %
=================
The final DRAM clk is: 583482859 ticks.
Idle waiting clk is 208136413, which is 35.6714 %
DRAM Frequency is: 1600MHz
The final time in ns is: 3.64677e+08 ns.
Time distribution: 
Data pull time is: 0
data: 0
pos1: 0
pos2: 0
Data distribution: 
Pos2 data: 96995891
Pos1 data: 107242515
Data: 104826567
Node access DDR: 19522304
Pull DDR: 17391241
WB DDR: 78924586
Early DDR: 8510740
Achieved BW is: 62.1581 GB/s
Ideal BW is: 102.4 GB/s
Metadata cache conclusion: 
overall_hit: 24758374 overall_total: 44274559
Cache Size 64 KB Overall Hit rate: 55.9201 %. 
Simulation done. Statistics written to my_output.txt
