Valid leaf ID range: 4194303:8388606
Num of top nodes: 4194304
Data level num of ways: 4194304
Z: 16
S: 27
A: 20
cached_total: 1
cached_total: 3
cached_total: 7
cached_total: 15
cached_total: 31
Total number of ORAM protected cache line blocks: 4194304
Cached number of levels: 4
Max number of levels: 23
Start lvl is: 0
data valid leaf right: 8388607
data num of levels: 23
data level num of ways: 4194304
data number of sets: 1
Cached node ID: 0 -- 23
Address space: 0 - 4 GB
pos1 valid leaf right: 1048575
pos1 num of levels: 20
pos1 level num of ways: 524288
pos1 number of sets: 1
Cached node ID: 0 -- 2
Address space: 0 - 0.5 GB
pos2 valid leaf right: 131071
pos2 num of levels: 17
pos2 level num of ways: 65536
pos2 number of sets: 1
Cached node ID: 0 -- 1
Address space: 0 - 0.0625 GB
new addr: 37c8b
(myrs->posMap.find(new_addr) != myrs->posMap.end()): 1
(myrs->posMap[new_addr].pending): 0
myrs->posMap[new_addr] = 228491
#2 ID 0 set true here
Clk3 @ 1000000 Finished 1127 instructions 
Clk3 @ 2000000 Finished 2307 instructions 
Clk7 @ 3000000 Finished 3497 instructions 
Clk3 @ 4000000 Finished 4688 instructions 
Sampling stash size at 4999 req has local max stash size of: 132
Clk3 @ 5000000 Finished 5887 instructions 
Clk3 @ 6000000 Finished 7120 instructions 
Clk3 @ 7000000 Finished 8327 instructions 
Clk7 @ 8000000 Finished 9550 instructions 
Clk@ 8359098 Working on the # 10000 th memory instruction
Sampling stash size at 9999 req has local max stash size of: 152
Clk3 @ 9000000 Finished 10787 instructions 
Clk3 @ 10000000 Finished 12027 instructions 
Clk3 @ 11000000 Finished 13287 instructions 
Clk3 @ 12000000 Finished 14547 instructions 
Sampling stash size at 14999 req has local max stash size of: 165
Clk3 @ 13000000 Finished 15764 instructions 
Clk3 @ 14000000 Finished 17027 instructions 
Clk7 @ 15000000 Finished 18296 instructions 
Clk3 @ 16000000 Finished 19544 instructions 
Clk@ 16359622 Working on the # 20000 th memory instruction
Sampling stash size at 19999 req has local max stash size of: 166
Clk3 @ 17000000 Finished 20807 instructions 
Clk3 @ 18000000 Finished 22062 instructions 
Clk7 @ 19000000 Finished 23308 instructions 
Clk3 @ 20000000 Finished 24593 instructions 
Sampling stash size at 24999 req has local max stash size of: 168
Clk3 @ 21000000 Finished 25885 instructions 
Clk3 @ 22000000 Finished 27147 instructions 
Clk3 @ 23000000 Finished 28427 instructions 
Clk7 @ 24000000 Finished 29688 instructions 
Clk@ 24244198 Working on the # 30000 th memory instruction
Sampling stash size at 29999 req has local max stash size of: 177
Clk3 @ 25000000 Finished 30903 instructions 
Clk3 @ 26000000 Finished 32147 instructions 
Clk3 @ 27000000 Finished 33442 instructions 
Clk3 @ 28000000 Finished 34727 instructions 
Sampling stash size at 34999 req has local max stash size of: 168
Clk7 @ 29000000 Finished 36011 instructions 
Clk3 @ 30000000 Finished 37303 instructions 
Clk3 @ 31000000 Finished 38567 instructions 
Clk3 @ 32000000 Finished 39847 instructions 
Clk@ 32119211 Working on the # 40000 th memory instruction
Sampling stash size at 39999 req has local max stash size of: 182
Clk3 @ 33000000 Finished 41107 instructions 
Clk3 @ 34000000 Finished 42372 instructions 
Clk3 @ 35000000 Finished 43647 instructions 
Clk7 @ 36000000 Finished 44899 instructions 
Sampling stash size at 44999 req has local max stash size of: 178
Clk3 @ 37000000 Finished 46167 instructions 
Clk7 @ 38000000 Finished 47444 instructions 
Clk3 @ 39000000 Finished 48767 instructions 
Clk@ 39960141 Working on the # 50000 th memory instruction
Sampling stash size at 49999 req has local max stash size of: 176
Clk3 @ 40000000 Finished 50047 instructions 
Clk7 @ 41000000 Finished 51349 instructions 
Clk3 @ 42000000 Finished 52627 instructions 
Clk7 @ 43000000 Finished 53927 instructions 
Sampling stash size at 54999 req has local max stash size of: 177
Clk3 @ 44000000 Finished 55207 instructions 
Clk3 @ 45000000 Finished 56507 instructions 
Clk3 @ 46000000 Finished 57807 instructions 
Clk3 @ 47000000 Finished 59101 instructions 
Clk@ 47695058 Working on the # 60000 th memory instruction
Sampling stash size at 59999 req has local max stash size of: 184
Clk3 @ 48000000 Finished 60367 instructions 
Clk3 @ 49000000 Finished 61573 instructions 
Clk3 @ 50000000 Finished 62838 instructions 
Clk3 @ 51000000 Finished 64146 instructions 
Sampling stash size at 64999 req has local max stash size of: 181
Clk3 @ 52000000 Finished 65436 instructions 
Clk3 @ 53000000 Finished 66747 instructions 
Clk7 @ 54000000 Finished 68057 instructions 
Clk3 @ 55000000 Finished 69347 instructions 
Clk@ 55498007 Working on the # 70000 th memory instruction
Sampling stash size at 69999 req has local max stash size of: 179
Clk7 @ 56000000 Finished 70649 instructions 
Clk3 @ 57000000 Finished 71963 instructions 
Clk7 @ 57000000 Finished 71963 instructions 
Clk3 @ 58000000 Finished 73253 instructions 
Clk7 @ 59000000 Finished 74560 instructions 
Sampling stash size at 74999 req has local max stash size of: 183
Clk3 @ 60000000 Finished 75867 instructions 
Clk3 @ 61000000 Finished 77127 instructions 
Clk3 @ 62000000 Finished 78407 instructions 
Clk3 @ 63000000 Finished 79727 instructions 
Clk@ 63206390 Working on the # 80000 th memory instruction
Sampling stash size at 79999 req has local max stash size of: 184
Clk3 @ 64000000 Finished 81007 instructions 
Clk3 @ 65000000 Finished 82302 instructions 
Clk3 @ 66000000 Finished 83554 instructions 
Clk3 @ 67000000 Finished 84822 instructions 
Sampling stash size at 84999 req has local max stash size of: 188
Clk3 @ 68000000 Finished 86085 instructions 
Clk3 @ 69000000 Finished 87360 instructions 
Clk3 @ 70000000 Finished 88647 instructions 
Clk3 @ 71000000 Finished 89907 instructions 
Clk@ 71067496 Working on the # 90000 th memory instruction
Sampling stash size at 89999 req has local max stash size of: 190
Clk7 @ 72000000 Finished 91192 instructions 
Clk3 @ 73000000 Finished 92427 instructions 
Clk3 @ 74000000 Finished 93687 instructions 
Clk3 @ 75000000 Finished 95006 instructions 
Sampling stash size at 94999 req has local max stash size of: 198
Clk7 @ 76000000 Finished 96286 instructions 
Clk7 @ 77000000 Finished 97585 instructions 
Clk3 @ 78000000 Finished 98867 instructions 
Clk@ 78879930 Working on the # 100000 th memory instruction
Sampling stash size at 99999 req has local max stash size of: 193
Clk7 @ 79000000 Finished 100147 instructions 
Clk3 @ 80000000 Finished 101465 instructions 
Clk7 @ 81000000 Finished 102756 instructions 
Clk3 @ 82000000 Finished 104037 instructions 
Sampling stash size at 104999 req has local max stash size of: 189
Clk3 @ 83000000 Finished 105327 instructions 
Clk7 @ 84000000 Finished 106618 instructions 
Clk3 @ 85000000 Finished 107904 instructions 
Clk3 @ 86000000 Finished 109167 instructions 
Clk@ 86640056 Working on the # 110000 th memory instruction
Sampling stash size at 109999 req has local max stash size of: 190
Clk3 @ 87000000 Finished 110467 instructions 
Clk3 @ 88000000 Finished 111766 instructions 
Clk3 @ 89000000 Finished 113047 instructions 
Clk3 @ 90000000 Finished 114327 instructions 
Sampling stash size at 114999 req has local max stash size of: 184
Clk3 @ 91000000 Finished 115627 instructions 
Clk3 @ 92000000 Finished 116896 instructions 
Clk3 @ 93000000 Finished 118187 instructions 
Clk7 @ 94000000 Finished 119452 instructions 
Clk@ 94419513 Working on the # 120000 th memory instruction
Sampling stash size at 119999 req has local max stash size of: 193
Clk7 @ 95000000 Finished 120720 instructions 
Clk3 @ 96000000 Finished 121954 instructions 
Clk3 @ 97000000 Finished 123147 instructions 
Clk3 @ 98000000 Finished 124384 instructions 
Warm up done after line access count: 125000 out of 250000 (50 %)
Sampling stash size at 124999 req has local max stash size of: 200
Clk3 @ 99000000 Finished 125647 instructions 
Clk3 @ 100000000 Finished 126927 instructions 
Clk3 @ 101000000 Finished 128226 instructions 
Clk3 @ 102000000 Finished 129507 instructions 
Clk@ 102383728 Working on the # 130000 th memory instruction
Sampling stash size at 129999 req has local max stash size of: 198
Clk3 @ 103000000 Finished 130807 instructions 
Clk3 @ 104000000 Finished 132101 instructions 
Clk3 @ 105000000 Finished 133407 instructions 
Clk7 @ 106000000 Finished 134707 instructions 
Sampling stash size at 134999 req has local max stash size of: 203
Clk3 @ 107000000 Finished 136039 instructions 
Clk3 @ 108000000 Finished 137307 instructions 
Clk3 @ 109000000 Finished 138600 instructions 
Clk3 @ 110000000 Finished 139898 instructions 
Clk@ 110070571 Working on the # 140000 th memory instruction
Sampling stash size at 139999 req has local max stash size of: 208
Clk3 @ 111000000 Finished 141221 instructions 
Clk3 @ 112000000 Finished 142527 instructions 
Clk3 @ 113000000 Finished 143821 instructions 
Sampling stash size at 144999 req has local max stash size of: 196
Clk7 @ 114000000 Finished 145089 instructions 
Clk3 @ 115000000 Finished 146407 instructions 
Clk7 @ 116000000 Finished 147691 instructions 
Clk3 @ 117000000 Finished 149007 instructions 
Clk@ 117764088 Working on the # 150000 th memory instruction
Sampling stash size at 149999 req has local max stash size of: 196
Clk3 @ 118000000 Finished 150307 instructions 
Clk3 @ 119000000 Finished 151587 instructions 
Clk3 @ 120000000 Finished 152827 instructions 
Clk3 @ 121000000 Finished 154088 instructions 
Sampling stash size at 154999 req has local max stash size of: 202
Clk3 @ 122000000 Finished 155364 instructions 
Clk7 @ 123000000 Finished 156654 instructions 
Clk3 @ 124000000 Finished 157984 instructions 
Clk7 @ 125000000 Finished 159287 instructions 
Clk@ 125545366 Working on the # 160000 th memory instruction
Sampling stash size at 159999 req has local max stash size of: 197
Clk3 @ 126000000 Finished 160567 instructions 
Clk3 @ 127000000 Finished 161879 instructions 
Clk3 @ 128000000 Finished 163167 instructions 
Clk7 @ 129000000 Finished 164433 instructions 
Sampling stash size at 164999 req has local max stash size of: 192
Clk3 @ 130000000 Finished 165687 instructions 
Clk3 @ 131000000 Finished 166943 instructions 
Clk3 @ 132000000 Finished 168187 instructions 
Clk3 @ 133000000 Finished 169467 instructions 
Clk@ 133417264 Working on the # 170000 th memory instruction
Sampling stash size at 169999 req has local max stash size of: 200
Clk7 @ 134000000 Finished 170742 instructions 
Clk7 @ 135000000 Finished 171976 instructions 
Clk3 @ 136000000 Finished 173248 instructions 
Clk3 @ 137000000 Finished 174527 instructions 
Sampling stash size at 174999 req has local max stash size of: 197
Clk3 @ 138000000 Finished 175787 instructions 
Clk3 @ 139000000 Finished 177067 instructions 
Clk3 @ 140000000 Finished 178347 instructions 
Clk3 @ 141000000 Finished 179587 instructions 
Clk@ 141318062 Working on the # 180000 th memory instruction
Sampling stash size at 179999 req has local max stash size of: 194
Clk3 @ 142000000 Finished 180862 instructions 
Clk3 @ 143000000 Finished 182107 instructions 
Clk7 @ 144000000 Finished 183300 instructions 
Clk3 @ 145000000 Finished 184567 instructions 
Sampling stash size at 184999 req has local max stash size of: 202
Clk3 @ 146000000 Finished 185867 instructions 
Clk3 @ 147000000 Finished 187104 instructions 
Clk3 @ 148000000 Finished 188404 instructions 
Clk7 @ 149000000 Finished 189687 instructions 
Clk@ 149230899 Working on the # 190000 th memory instruction
Sampling stash size at 189999 req has local max stash size of: 199
Clk3 @ 150000000 Finished 190967 instructions 
Clk3 @ 151000000 Finished 192287 instructions 
Clk3 @ 152000000 Finished 193587 instructions 
Clk3 @ 153000000 Finished 194887 instructions 
Sampling stash size at 194999 req has local max stash size of: 203
Clk3 @ 154000000 Finished 196207 instructions 
Clk3 @ 155000000 Finished 197487 instructions 
Clk3 @ 156000000 Finished 198735 instructions 
Clk@ 156955441 Working on the # 200000 th memory instruction
Sampling stash size at 199999 req has local max stash size of: 199
Clk3 @ 157000000 Finished 200047 instructions 
Clk7 @ 158000000 Finished 201379 instructions 
Clk7 @ 159000000 Finished 202668 instructions 
Clk3 @ 160000000 Finished 203967 instructions 
Sampling stash size at 204999 req has local max stash size of: 200
Clk3 @ 161000000 Finished 205267 instructions 
Clk3 @ 162000000 Finished 206527 instructions 
Clk3 @ 163000000 Finished 207807 instructions 
Clk3 @ 164000000 Finished 209087 instructions 
Clk@ 164720506 Working on the # 210000 th memory instruction
Sampling stash size at 209999 req has local max stash size of: 198
Clk3 @ 165000000 Finished 210347 instructions 
Clk3 @ 166000000 Finished 211627 instructions 
Clk7 @ 167000000 Finished 212911 instructions 
Clk3 @ 168000000 Finished 214147 instructions 
Sampling stash size at 214999 req has local max stash size of: 201
Clk3 @ 169000000 Finished 215431 instructions 
Clk3 @ 170000000 Finished 216727 instructions 
Clk3 @ 171000000 Finished 217991 instructions 
Clk3 @ 172000000 Finished 219267 instructions 
Clk@ 172544359 Working on the # 220000 th memory instruction
Sampling stash size at 219999 req has local max stash size of: 203
Clk7 @ 173000000 Finished 220595 instructions 
Clk7 @ 174000000 Finished 221887 instructions 
Clk7 @ 175000000 Finished 223187 instructions 
Clk3 @ 176000000 Finished 224487 instructions 
Sampling stash size at 224999 req has local max stash size of: 198
Clk3 @ 177000000 Finished 225767 instructions 
Clk3 @ 178000000 Finished 227028 instructions 
Clk7 @ 179000000 Finished 228311 instructions 
Clk3 @ 180000000 Finished 229586 instructions 
Clk@ 180324541 Working on the # 230000 th memory instruction
Sampling stash size at 229999 req has local max stash size of: 195
Clk3 @ 181000000 Finished 230867 instructions 
Clk3 @ 182000000 Finished 232167 instructions 
Clk3 @ 183000000 Finished 233427 instructions 
Clk3 @ 184000000 Finished 234707 instructions 
Sampling stash size at 234999 req has local max stash size of: 199
Clk3 @ 185000000 Finished 236005 instructions 
Clk3 @ 186000000 Finished 237247 instructions 
Clk3 @ 187000000 Finished 238527 instructions 
Clk3 @ 188000000 Finished 239807 instructions 
Clk@ 188155373 Working on the # 240000 th memory instruction
Sampling stash size at 239999 req has local max stash size of: 210
Clk3 @ 189000000 Finished 241047 instructions 
Clk3 @ 190000000 Finished 242287 instructions 
Clk3 @ 191000000 Finished 243507 instructions 
Clk3 @ 192000000 Finished 244667 instructions 
Sampling stash size at 244999 req has local max stash size of: 202
Clk3 @ 193000000 Finished 245867 instructions 
Clk3 @ 194000000 Finished 247125 instructions 
Clk7 @ 195000000 Finished 248327 instructions 
Clk3 @ 196000000 Finished 249597 instructions 
Clk@ 196311711 Working on the # 250000 th memory instruction
Sampling stash size at 249999 req has local max stash size of: 205

===*** Data ***====
Stall reason distribution: 
mc_hazard: 0
normal: 0
rs_hazard: 0
rw_swtich: 0
Early reshuffle distribution: 
0: 0
1: 0
2: 0
3: 0
4: 463
5: 948
6: 942
7: 929
8: 974
9: 955
10: 914
11: 861
12: 742
13: 470
14: 24
15: 0
16: 0
17: 0
18: 0
19: 0
20: 0
21: 0
22: 0
=================
Max stash size is: 210
Average stash size is: 102.778
Average mem q size is: 111.309
Total mem q size is:17866835
mem_q_sample_times is:160516
useful_read_pull_ddr: 125007 (1.30988) %
dummy_read_pull_ddr: 2187427 (22.9208) %
useful_early_pull_ddr: 72938 (0.764276) %
useful_early_push_ddr: 42458 (0.444894) %
useful_write_pull_ddr: 1849872 (19.3838) %
useful_write_push_ddr: 797899 (8.36074) %
dummy_early_pull_ddr: 4582 (0.0480122) %
dummy_early_push_ddr: 153622 (1.60972) %
dummy_write_pull_ddr: 432 (0.00452669) %
dummy_write_push_ddr: 4309168 (45.1534) %
=================
Stash violation number of times: 0
=================
Check NodeID traffic: 1339738
Update NodeID traffic: 7
=================
Read RS lines: 250000 (85.7798) %
Write RS lines: 25000 (8.57798) %
Early RS lines: 16444 (5.64225) %
Read DDR lines: 4624973 (24.6507) %
Write DDR lines: 13643750 (72.72) %
Early DDR lines: 493320 (2.62935) %

====*** pos1 ***====
Stall reason distribution: 
mc_hazard: 0
normal: 0
rs_hazard: 0
rw_swtich: 0
Early reshuffle distribution: 
0: 0
1: 110
2: 623
3: 809
4: 871
5: 939
6: 954
7: 992
8: 961
9: 986
10: 888
11: 811
12: 667
13: 420
14: 17
15: 0
16: 0
17: 0
18: 0
19: 0
=================
Max stash size is: 211
Average stash size is: 96.0466
Average mem q size is: 89.5049
Total mem q size is:1798511
mem_q_sample_times is:20094
useful_read_pull_ddr: 249995 (1.44119) %
dummy_read_pull_ddr: 4000005 (23.0596) %
useful_early_pull_ddr: 148857 (0.858143) %
useful_early_push_ddr: 88389 (0.509552) %
useful_write_pull_ddr: 3395374 (19.5739) %
useful_write_push_ddr: 1591123 (9.17264) %
dummy_early_pull_ddr: 9498 (0.0547549) %
dummy_early_push_ddr: 312156 (1.79954) %
dummy_write_pull_ddr: 4626 (0.0266684) %
dummy_write_push_ddr: 7546377 (43.504) %
=================
Stash violation number of times: 0
=================
Check NodeID traffic: 1758176
Update NodeID traffic: 0
=================
Read RS lines: 250000 (84.7182) %
Write RS lines: 25000 (8.47182) %
Early RS lines: 20096 (6.80999) %
Read DDR lines: 4250000 (24.5008) %
Write DDR lines: 12537500 (72.2772) %
Early DDR lines: 558900 (3.22199) %

====*** pos2 ***====
Stall reason distribution: 
mc_hazard: 0
normal: 0
rs_hazard: 0
rw_swtich: 0
Early reshuffle distribution: 
0: 0
1: 218
2: 569
3: 800
4: 861
5: 992
6: 936
7: 962
8: 960
9: 904
10: 844
11: 813
12: 656
13: 339
14: 4
15: 0
16: 0
=================
Max stash size is: 202
Average stash size is: 94.9763
Average mem q size is: 83.8865
Total mem q size is:1318193
mem_q_sample_times is:15714
useful_read_pull_ddr: 249981 (1.73969) %
dummy_read_pull_ddr: 3250019 (22.6179) %
useful_early_pull_ddr: 143713 (1.00014) %
useful_early_push_ddr: 85286 (0.593531) %
useful_write_pull_ddr: 2765115 (19.2433) %
useful_write_push_ddr: 1551720 (10.7989) %
dummy_early_pull_ddr: 10494 (0.0730309) %
dummy_early_push_ddr: 304767 (2.12097) %
dummy_write_pull_ddr: 34885 (0.242775) %
dummy_write_push_ddr: 5973280 (41.5699) %
=================
Stash violation number of times: 0
=================
Check NodeID traffic: 757615
Update NodeID traffic: 0
=================
Read RS lines: 250000 (84.8274) %
Write RS lines: 25000 (8.48274) %
Early RS lines: 19716 (6.68983) %
Read DDR lines: 3500000 (24.3576) %
Write DDR lines: 10325000 (71.8548) %
Early DDR lines: 544260 (3.78767) %
=================
The final DRAM clk is: 196324328 ticks.
Idle waiting clk is 46904051, which is 23.8911 %
DRAM Frequency is: 1600MHz
The final time in ns is: 1.22703e+08 ns.
Time distribution: 
Data pull time is: 0
data: 0
pos1: 0
pos2: 0
Data distribution: 
Pos2 data: 14369260
Pos1 data: 17346400
Data: 18762043
Node access DDR: 2679476
Pull DDR: 4624973
WB DDR: 13643750
Early DDR: 493320
Achieved BW is: 58.3956 GB/s
Ideal BW is: 102.4 GB/s
Metadata cache conclusion: 
overall_hit: 3654985 overall_total: 6333222
Cache Size 64 KB Overall Hit rate: 57.7113 %. 
Simulation done. Statistics written to my_output.txt
