Valid leaf ID range: 16777215:33554430
Num of top nodes: 16777216
Data level num of ways: 16777216
cached_total: 1
cached_total: 3
cached_total: 7
cached_total: 15
cached_total: 31
cached_total: 63
cached_total: 127
Total number of ORAM protected cache line blocks: 16777216
Cached number of levels: 6
Max number of levels: 25
Start lvl is: 0
data valid leaf right: 33554431
data num of levels: 25
data level num of ways: 16777216
data number of sets: 1
Cached node ID: 0 -- 96
Address space: 0 - 4 GB
pos1 valid leaf right: 4194303
pos1 num of levels: 22
pos1 level num of ways: 2097152
pos1 number of sets: 1
Cached node ID: 0 -- 12
Address space: 0 - 0.5 GB
pos2 valid leaf right: 524287
pos2 num of levels: 19
pos2 level num of ways: 262144
pos2 number of sets: 1
Cached node ID: 0 -- 6
Address space: 0 - 0.0625 GB
Clk3 @ 1000000 Finished 2127 instructions 
Clk3 @ 2000000 Finished 4406 instructions 
Clk3 @ 3000000 Finished 6763 instructions 
Clk3 @ 4000000 Finished 9104 instructions 
Clk@ 4378844 Working on the # 10000 th memory instruction
Clk3 @ 5000000 Finished 11503 instructions 
Clk3 @ 6000000 Finished 13947 instructions 
Clk7 @ 7000000 Finished 16341 instructions 
Clk7 @ 8000000 Finished 18782 instructions 
Clk@ 8504814 Working on the # 20000 th memory instruction
Clk7 @ 9000000 Finished 21199 instructions 
Clk3 @ 10000000 Finished 23623 instructions 
Clk7 @ 11000000 Finished 26090 instructions 
Clk7 @ 12000000 Finished 28552 instructions 
Clk@ 12590223 Working on the # 30000 th memory instruction
Clk3 @ 13000000 Finished 30926 instructions 
Clk3 @ 14000000 Finished 33325 instructions 
Clk7 @ 15000000 Finished 35798 instructions 
Clk3 @ 16000000 Finished 38247 instructions 
Clk@ 16714443 Working on the # 40000 th memory instruction
Clk7 @ 17000000 Finished 40699 instructions 
Clk7 @ 18000000 Finished 43141 instructions 
Clk3 @ 19000000 Finished 45601 instructions 
Clk7 @ 20000000 Finished 48017 instructions 
Clk@ 20797277 Working on the # 50000 th memory instruction
Clk7 @ 21000000 Finished 50502 instructions 
Clk3 @ 22000000 Finished 52982 instructions 
Clk7 @ 23000000 Finished 55428 instructions 
Clk3 @ 24000000 Finished 57921 instructions 
Clk@ 24835820 Working on the # 60000 th memory instruction
Clk7 @ 25000000 Finished 60396 instructions 
Clk3 @ 26000000 Finished 62626 instructions 
Clk3 @ 27000000 Finished 65035 instructions 
Clk3 @ 28000000 Finished 67503 instructions 
Clk7 @ 29000000 Finished 69955 instructions 
Clk@ 29018635 Working on the # 70000 th memory instruction
Clk3 @ 30000000 Finished 72424 instructions 
Clk7 @ 31000000 Finished 74912 instructions 
Clk3 @ 32000000 Finished 77327 instructions 
Clk3 @ 33000000 Finished 79785 instructions 
Clk@ 33085592 Working on the # 80000 th memory instruction
Clk7 @ 34000000 Finished 82215 instructions 
Clk7 @ 35000000 Finished 84610 instructions 
Clk3 @ 36000000 Finished 87044 instructions 
Clk3 @ 37000000 Finished 89507 instructions 
Clk@ 37200665 Working on the # 90000 th memory instruction
Clk3 @ 38000000 Finished 91922 instructions 
Clk3 @ 39000000 Finished 94302 instructions 
Clk7 @ 40000000 Finished 96771 instructions 
Clk3 @ 41000000 Finished 99205 instructions 
Clk@ 41317117 Working on the # 100000 th memory instruction
Clk3 @ 42000000 Finished 101663 instructions 
Clk3 @ 43000000 Finished 104123 instructions 
Clk3 @ 44000000 Finished 106564 instructions 
Clk3 @ 45000000 Finished 108967 instructions 
Clk@ 45410977 Working on the # 110000 th memory instruction
Clk3 @ 46000000 Finished 111452 instructions 
Clk7 @ 47000000 Finished 113913 instructions 
Clk3 @ 48000000 Finished 116349 instructions 
Clk7 @ 49000000 Finished 118815 instructions 
Clk@ 49484223 Working on the # 120000 th memory instruction
Clk3 @ 50000000 Finished 121247 instructions 
Clk7 @ 51000000 Finished 123468 instructions 
Clk3 @ 52000000 Finished 125742 instructions 
Clk3 @ 53000000 Finished 128156 instructions 
Clk@ 53756428 Working on the # 130000 th memory instruction
Clk7 @ 54000000 Finished 130593 instructions 
Clk3 @ 55000000 Finished 133036 instructions 
Clk3 @ 56000000 Finished 135489 instructions 
Clk3 @ 57000000 Finished 137928 instructions 
Clk@ 57856489 Working on the # 140000 th memory instruction
Clk3 @ 58000000 Finished 140351 instructions 
Clk7 @ 59000000 Finished 142810 instructions 
Clk3 @ 60000000 Finished 145281 instructions 
Clk7 @ 61000000 Finished 147718 instructions 
Clk@ 61929129 Working on the # 150000 th memory instruction
Clk3 @ 62000000 Finished 150174 instructions 
Clk7 @ 63000000 Finished 152584 instructions 
Clk7 @ 64000000 Finished 154952 instructions 
Clk3 @ 65000000 Finished 157421 instructions 
Clk@ 66051010 Working on the # 160000 th memory instruction
Clk3 @ 67000000 Finished 162316 instructions 
Clk3 @ 68000000 Finished 164724 instructions 
Clk7 @ 69000000 Finished 167071 instructions 
Clk7 @ 70000000 Finished 169469 instructions 
Clk@ 70213457 Working on the # 170000 th memory instruction
Clk7 @ 71000000 Finished 171849 instructions 
Clk3 @ 72000000 Finished 174287 instructions 
Clk7 @ 73000000 Finished 176723 instructions 
Clk3 @ 74000000 Finished 179163 instructions 
Clk@ 74345728 Working on the # 180000 th memory instruction
Clk7 @ 75000000 Finished 181602 instructions 
Clk3 @ 76000000 Finished 183966 instructions 
Clk3 @ 77000000 Finished 186322 instructions 
Clk3 @ 78000000 Finished 188647 instructions 
Clk@ 78543888 Working on the # 190000 th memory instruction
Clk3 @ 79000000 Finished 191087 instructions 
Clk7 @ 80000000 Finished 193560 instructions 
Clk3 @ 81000000 Finished 196004 instructions 
Clk3 @ 82000000 Finished 198436 instructions 
Clk@ 82622770 Working on the # 200000 th memory instruction
Clk7 @ 83000000 Finished 200923 instructions 
Clk7 @ 84000000 Finished 203355 instructions 
Clk3 @ 85000000 Finished 205803 instructions 
Clk3 @ 86000000 Finished 208227 instructions 
Clk@ 86724306 Working on the # 210000 th memory instruction
Clk7 @ 87000000 Finished 210670 instructions 
Clk3 @ 88000000 Finished 213119 instructions 
Clk3 @ 89000000 Finished 215543 instructions 
Clk3 @ 90000000 Finished 217905 instructions 
Clk@ 90847755 Working on the # 220000 th memory instruction
Clk7 @ 91000000 Finished 220375 instructions 
Clk7 @ 92000000 Finished 222841 instructions 
Clk3 @ 93000000 Finished 225301 instructions 
Clk7 @ 94000000 Finished 227747 instructions 
Clk@ 94923740 Working on the # 230000 th memory instruction
Clk3 @ 95000000 Finished 230183 instructions 
Clk7 @ 96000000 Finished 232607 instructions 
Clk3 @ 97000000 Finished 235067 instructions 
Clk3 @ 98000000 Finished 237522 instructions 
Clk3 @ 99000000 Finished 239987 instructions 
Clk@ 99004565 Working on the # 240000 th memory instruction
Clk3 @ 100000000 Finished 242387 instructions 
Clk3 @ 101000000 Finished 244642 instructions 
Clk3 @ 102000000 Finished 246927 instructions 
Clk7 @ 103000000 Finished 249128 instructions 
Clk@ 103380034 Working on the # 250000 th memory instruction
Clk7 @ 104000000 Finished 251466 instructions 
Clk3 @ 105000000 Finished 253873 instructions 
Clk7 @ 106000000 Finished 256248 instructions 
Clk3 @ 107000000 Finished 258706 instructions 
Clk@ 107547345 Working on the # 260000 th memory instruction
Clk3 @ 108000000 Finished 261122 instructions 
Clk3 @ 109000000 Finished 263522 instructions 
Clk3 @ 110000000 Finished 265965 instructions 
Clk3 @ 111000000 Finished 268421 instructions 
Clk@ 111640429 Working on the # 270000 th memory instruction
Clk3 @ 112000000 Finished 270864 instructions 
Clk7 @ 113000000 Finished 273325 instructions 
Clk3 @ 114000000 Finished 275714 instructions 
Clk7 @ 115000000 Finished 278152 instructions 
Clk@ 115762370 Working on the # 280000 th memory instruction
Clk7 @ 116000000 Finished 280577 instructions 
Clk7 @ 117000000 Finished 283015 instructions 
Clk3 @ 118000000 Finished 285461 instructions 
Clk3 @ 119000000 Finished 287903 instructions 
Clk@ 119865383 Working on the # 290000 th memory instruction
Clk3 @ 120000000 Finished 290327 instructions 
Clk3 @ 121000000 Finished 292793 instructions 
Clk3 @ 122000000 Finished 295207 instructions 
Clk7 @ 123000000 Finished 297647 instructions 
Clk@ 123961140 Working on the # 300000 th memory instruction
Clk7 @ 124000000 Finished 300096 instructions 
Clk7 @ 125000000 Finished 302525 instructions 
Clk3 @ 126000000 Finished 304907 instructions 
Clk3 @ 127000000 Finished 307245 instructions 
Clk7 @ 128000000 Finished 309597 instructions 
Clk@ 128166534 Working on the # 310000 th memory instruction
Clk3 @ 129000000 Finished 312066 instructions 
Clk3 @ 130000000 Finished 314496 instructions 
Clk7 @ 131000000 Finished 316925 instructions 
Clk3 @ 132000000 Finished 319362 instructions 
Clk@ 132258718 Working on the # 320000 th memory instruction
Clk3 @ 133000000 Finished 321784 instructions 
Clk7 @ 134000000 Finished 324224 instructions 
Clk3 @ 135000000 Finished 326641 instructions 
Clk7 @ 136000000 Finished 329030 instructions 
Clk@ 136402288 Working on the # 330000 th memory instruction
Clk3 @ 137000000 Finished 331424 instructions 
Clk3 @ 138000000 Finished 333785 instructions 
Clk7 @ 139000000 Finished 336187 instructions 
Clk7 @ 140000000 Finished 338625 instructions 
Clk@ 140565908 Working on the # 340000 th memory instruction
Clk7 @ 141000000 Finished 341051 instructions 
Clk7 @ 142000000 Finished 343403 instructions 
Clk7 @ 143000000 Finished 345829 instructions 
Clk7 @ 144000000 Finished 348263 instructions 
Clk@ 144711771 Working on the # 350000 th memory instruction
Clk7 @ 145000000 Finished 350687 instructions 
Clk3 @ 146000000 Finished 353133 instructions 
Clk3 @ 147000000 Finished 355587 instructions 
Clk7 @ 148000000 Finished 358048 instructions 
Clk@ 148817069 Working on the # 360000 th memory instruction
Clk3 @ 149000000 Finished 360455 instructions 
Clk3 @ 150000000 Finished 362907 instructions 
Clk3 @ 151000000 Finished 365306 instructions 
Clk3 @ 152000000 Finished 367636 instructions 
Clk@ 152983151 Working on the # 370000 th memory instruction
Clk3 @ 153000000 Finished 370042 instructions 
Clk7 @ 154000000 Finished 372393 instructions 
Clk7 @ 155000000 Finished 374637 instructions 
Clk7 @ 156000000 Finished 377087 instructions 
Clk3 @ 157000000 Finished 379545 instructions 
Clk@ 157181536 Working on the # 380000 th memory instruction
Clk3 @ 158000000 Finished 381967 instructions 
Clk7 @ 159000000 Finished 384434 instructions 
Clk3 @ 160000000 Finished 386883 instructions 
Clk3 @ 161000000 Finished 389281 instructions 
Clk@ 161299269 Working on the # 390000 th memory instruction
Clk3 @ 162000000 Finished 391727 instructions 
Clk3 @ 163000000 Finished 394187 instructions 
Clk3 @ 164000000 Finished 396582 instructions 
Clk7 @ 165000000 Finished 399014 instructions 
Clk@ 165402356 Working on the # 400000 th memory instruction
Clk3 @ 166000000 Finished 401428 instructions 
Clk3 @ 167000000 Finished 403874 instructions 
Clk3 @ 168000000 Finished 406270 instructions 
Clk7 @ 169000000 Finished 408702 instructions 
Clk@ 169530283 Working on the # 410000 th memory instruction
Clk7 @ 170000000 Finished 411147 instructions 
Clk3 @ 171000000 Finished 413563 instructions 
Clk3 @ 172000000 Finished 415987 instructions 
Clk3 @ 173000000 Finished 418437 instructions 
Clk@ 173651172 Working on the # 420000 th memory instruction
Clk3 @ 174000000 Finished 420865 instructions 
Clk3 @ 175000000 Finished 423287 instructions 
Clk3 @ 176000000 Finished 425724 instructions 
Clk3 @ 177000000 Finished 428086 instructions 
Clk@ 177785256 Working on the # 430000 th memory instruction
Clk3 @ 178000000 Finished 430524 instructions 
Clk7 @ 179000000 Finished 432945 instructions 
Clk3 @ 180000000 Finished 435224 instructions 
Clk3 @ 181000000 Finished 437666 instructions 
Clk@ 181954647 Working on the # 440000 th memory instruction
Clk3 @ 182000000 Finished 440107 instructions 
Clk3 @ 183000000 Finished 442522 instructions 
Clk3 @ 184000000 Finished 444956 instructions 
Clk7 @ 185000000 Finished 447414 instructions 
Clk3 @ 186000000 Finished 449845 instructions 
Clk@ 186064972 Working on the # 450000 th memory instruction
Clk7 @ 187000000 Finished 452282 instructions 
Clk3 @ 188000000 Finished 454725 instructions 
Clk7 @ 189000000 Finished 457159 instructions 
Clk3 @ 190000000 Finished 459567 instructions 
Clk@ 190174922 Working on the # 460000 th memory instruction
Clk7 @ 191000000 Finished 462014 instructions 
Clk7 @ 192000000 Finished 464467 instructions 
Clk7 @ 193000000 Finished 466843 instructions 
Clk7 @ 194000000 Finished 469292 instructions 
Clk@ 194284307 Working on the # 470000 th memory instruction
Clk7 @ 195000000 Finished 471761 instructions 
Clk3 @ 196000000 Finished 474186 instructions 
Clk3 @ 197000000 Finished 476624 instructions 
Clk7 @ 198000000 Finished 479078 instructions 
Clk@ 198375595 Working on the # 480000 th memory instruction
Clk3 @ 199000000 Finished 481487 instructions 
Clk7 @ 200000000 Finished 483894 instructions 
Clk3 @ 201000000 Finished 486293 instructions 
Clk3 @ 202000000 Finished 488458 instructions 
Clk@ 202676016 Working on the # 490000 th memory instruction
Clk7 @ 203000000 Finished 490758 instructions 
Clk7 @ 204000000 Finished 493027 instructions 
Clk3 @ 205000000 Finished 495207 instructions 
Clk3 @ 206000000 Finished 497422 instructions 
Clk3 @ 207000000 Finished 499705 instructions 
Clk@ 207124640 Working on the # 500000 th memory instruction
Warm up done after line access count: 500000 out of 1000000 (50 %)
Clk3 @ 208000000 Finished 502046 instructions 
Clk7 @ 209000000 Finished 504407 instructions 
Clk7 @ 210000000 Finished 506802 instructions 
Clk3 @ 211000000 Finished 509167 instructions 
Clk@ 211342449 Working on the # 510000 th memory instruction
Clk3 @ 212000000 Finished 511507 instructions 
Clk7 @ 213000000 Finished 513937 instructions 
Clk3 @ 214000000 Finished 516321 instructions 
Clk7 @ 215000000 Finished 518667 instructions 
Clk@ 215538982 Working on the # 520000 th memory instruction
Clk3 @ 216000000 Finished 521115 instructions 
Clk7 @ 217000000 Finished 523516 instructions 
Clk7 @ 218000000 Finished 525902 instructions 
Clk3 @ 219000000 Finished 528302 instructions 
Clk@ 219704319 Working on the # 530000 th memory instruction
Clk3 @ 220000000 Finished 530723 instructions 
Clk3 @ 221000000 Finished 533147 instructions 
Clk3 @ 222000000 Finished 535567 instructions 
Clk3 @ 223000000 Finished 538027 instructions 
Clk@ 223801281 Working on the # 540000 th memory instruction
Clk3 @ 224000000 Finished 540482 instructions 
Clk7 @ 225000000 Finished 542886 instructions 
Clk7 @ 226000000 Finished 545323 instructions 
Clk3 @ 227000000 Finished 547769 instructions 
Clk@ 227975572 Working on the # 550000 th memory instruction
Clk7 @ 228000000 Finished 550061 instructions 
Clk3 @ 229000000 Finished 552485 instructions 
Clk3 @ 230000000 Finished 554907 instructions 
Clk7 @ 231000000 Finished 557266 instructions 
Clk3 @ 232000000 Finished 559713 instructions 
Clk@ 232116574 Working on the # 560000 th memory instruction
Clk3 @ 233000000 Finished 562124 instructions 
Clk3 @ 234000000 Finished 564543 instructions 
Clk3 @ 235000000 Finished 566999 instructions 
Clk3 @ 236000000 Finished 569423 instructions 
Clk@ 236241274 Working on the # 570000 th memory instruction
Clk3 @ 237000000 Finished 571826 instructions 
Clk3 @ 238000000 Finished 574284 instructions 
Clk3 @ 239000000 Finished 576688 instructions 
Clk7 @ 240000000 Finished 579126 instructions 
Clk@ 240367493 Working on the # 580000 th memory instruction
Clk7 @ 241000000 Finished 581542 instructions 
Clk7 @ 242000000 Finished 583990 instructions 
Clk3 @ 243000000 Finished 586435 instructions 
Clk3 @ 244000000 Finished 588813 instructions 
Clk@ 244485461 Working on the # 590000 th memory instruction
Clk3 @ 245000000 Finished 591247 instructions 
Clk3 @ 246000000 Finished 593684 instructions 
Clk3 @ 247000000 Finished 596087 instructions 
Clk7 @ 248000000 Finished 598514 instructions 
Clk@ 248598283 Working on the # 600000 th memory instruction
Clk3 @ 249000000 Finished 600987 instructions 
Clk7 @ 250000000 Finished 603389 instructions 
Clk3 @ 251000000 Finished 605838 instructions 
Clk3 @ 252000000 Finished 608285 instructions 
Clk@ 252760366 Working on the # 610000 th memory instruction
Clk7 @ 253000000 Finished 610527 instructions 
Clk3 @ 254000000 Finished 612882 instructions 
Clk3 @ 255000000 Finished 615285 instructions 
Clk3 @ 256000000 Finished 617611 instructions 
Clk7 @ 257000000 Finished 619975 instructions 
Clk@ 257009407 Working on the # 620000 th memory instruction
Clk3 @ 258000000 Finished 622405 instructions 
Clk3 @ 259000000 Finished 624827 instructions 
Clk3 @ 260000000 Finished 627247 instructions 
Clk3 @ 261000000 Finished 629707 instructions 
Clk@ 261120924 Working on the # 630000 th memory instruction
Clk3 @ 262000000 Finished 632147 instructions 
Clk3 @ 263000000 Finished 634534 instructions 
Clk3 @ 264000000 Finished 636967 instructions 
Clk3 @ 265000000 Finished 639407 instructions 
Clk@ 265239721 Working on the # 640000 th memory instruction
Clk3 @ 266000000 Finished 641786 instructions 
Clk3 @ 267000000 Finished 644230 instructions 
Clk3 @ 268000000 Finished 646667 instructions 
Clk7 @ 269000000 Finished 649083 instructions 
Clk@ 269376004 Working on the # 650000 th memory instruction
Clk3 @ 270000000 Finished 651474 instructions 
Clk3 @ 271000000 Finished 653903 instructions 
Clk7 @ 272000000 Finished 656304 instructions 
Clk3 @ 273000000 Finished 658727 instructions 
Clk@ 273529201 Working on the # 660000 th memory instruction
Clk3 @ 274000000 Finished 661127 instructions 
Clk7 @ 275000000 Finished 663499 instructions 
Clk7 @ 276000000 Finished 665847 instructions 
Clk3 @ 277000000 Finished 668267 instructions 
Clk@ 277714460 Working on the # 670000 th memory instruction
Clk3 @ 278000000 Finished 670646 instructions 
Clk3 @ 279000000 Finished 673045 instructions 
Clk3 @ 280000000 Finished 675470 instructions 
Clk7 @ 281000000 Finished 677910 instructions 
Clk@ 281863890 Working on the # 680000 th memory instruction
Clk7 @ 282000000 Finished 680340 instructions 
Clk7 @ 283000000 Finished 682768 instructions 
Clk3 @ 284000000 Finished 685155 instructions 
Clk3 @ 285000000 Finished 687447 instructions 
Clk3 @ 286000000 Finished 689884 instructions 
Clk@ 286047190 Working on the # 690000 th memory instruction
Clk3 @ 287000000 Finished 692343 instructions 
Clk3 @ 288000000 Finished 694747 instructions 
Clk7 @ 289000000 Finished 697184 instructions 
Clk3 @ 290000000 Finished 699605 instructions 
Clk@ 290158334 Working on the # 700000 th memory instruction
Clk3 @ 291000000 Finished 702005 instructions 
Clk7 @ 292000000 Finished 704441 instructions 
Clk3 @ 293000000 Finished 706847 instructions 
Clk3 @ 294000000 Finished 709287 instructions 
Clk@ 294295041 Working on the # 710000 th memory instruction
Clk3 @ 295000000 Finished 711735 instructions 
Clk7 @ 296000000 Finished 714179 instructions 
Clk3 @ 297000000 Finished 716561 instructions 
Clk7 @ 298000000 Finished 718948 instructions 
Clk@ 298424087 Working on the # 720000 th memory instruction
Clk3 @ 299000000 Finished 721392 instructions 
Clk3 @ 300000000 Finished 723846 instructions 
Clk3 @ 301000000 Finished 726252 instructions 
Clk3 @ 302000000 Finished 728667 instructions 
Clk@ 302557662 Working on the # 730000 th memory instruction
Clk3 @ 303000000 Finished 731022 instructions 
Clk7 @ 304000000 Finished 733280 instructions 
Clk3 @ 305000000 Finished 735719 instructions 
Clk7 @ 306000000 Finished 738147 instructions 
Clk@ 306777350 Working on the # 740000 th memory instruction
Clk7 @ 307000000 Finished 740540 instructions 
Clk3 @ 308000000 Finished 742882 instructions 
Clk7 @ 309000000 Finished 745167 instructions 
Clk3 @ 310000000 Finished 747363 instructions 
Clk3 @ 311000000 Finished 749723 instructions 
Clk@ 311112964 Working on the # 750000 th memory instruction
Clk7 @ 312000000 Finished 752140 instructions 
Clk7 @ 313000000 Finished 754538 instructions 
Clk3 @ 314000000 Finished 756964 instructions 
Clk3 @ 315000000 Finished 759406 instructions 
Clk@ 315237516 Working on the # 760000 th memory instruction
Clk3 @ 316000000 Finished 761834 instructions 
Clk7 @ 317000000 Finished 764191 instructions 
Clk3 @ 318000000 Finished 766643 instructions 
Clk7 @ 319000000 Finished 769089 instructions 
Clk@ 319380999 Working on the # 770000 th memory instruction
Clk7 @ 320000000 Finished 771524 instructions 
Clk3 @ 321000000 Finished 773949 instructions 
Clk3 @ 322000000 Finished 776378 instructions 
Clk3 @ 323000000 Finished 778782 instructions 
Clk@ 323512980 Working on the # 780000 th memory instruction
Clk3 @ 324000000 Finished 781184 instructions 
Clk7 @ 325000000 Finished 783646 instructions 
Clk3 @ 326000000 Finished 786067 instructions 
Clk7 @ 327000000 Finished 788515 instructions 
Clk@ 327608178 Working on the # 790000 th memory instruction
Clk7 @ 328000000 Finished 790949 instructions 
Clk3 @ 329000000 Finished 793247 instructions 
Clk3 @ 330000000 Finished 795661 instructions 
Clk3 @ 331000000 Finished 798105 instructions 
Clk@ 331766662 Working on the # 800000 th memory instruction
Clk7 @ 332000000 Finished 800556 instructions 
Clk3 @ 333000000 Finished 802979 instructions 
Clk3 @ 334000000 Finished 805427 instructions 
Clk3 @ 335000000 Finished 807843 instructions 
Clk@ 335910225 Working on the # 810000 th memory instruction
Clk7 @ 336000000 Finished 810209 instructions 
Clk7 @ 337000000 Finished 812664 instructions 
Clk3 @ 338000000 Finished 815085 instructions 
Clk7 @ 339000000 Finished 817485 instructions 
Clk7 @ 340000000 Finished 819926 instructions 
Clk@ 340028429 Working on the # 820000 th memory instruction
Clk7 @ 341000000 Finished 822359 instructions 
Clk3 @ 342000000 Finished 824755 instructions 
Clk3 @ 343000000 Finished 827143 instructions 
Clk3 @ 344000000 Finished 829515 instructions 
Clk@ 344194356 Working on the # 830000 th memory instruction
Clk7 @ 345000000 Finished 831955 instructions 
Clk7 @ 346000000 Finished 834404 instructions 
Clk3 @ 347000000 Finished 836827 instructions 
Clk3 @ 348000000 Finished 839187 instructions 
Clk@ 348328703 Working on the # 840000 th memory instruction
Clk7 @ 349000000 Finished 841632 instructions 
Clk3 @ 350000000 Finished 844027 instructions 
Clk7 @ 351000000 Finished 846428 instructions 
Clk7 @ 352000000 Finished 848847 instructions 
Clk@ 352470710 Working on the # 850000 th memory instruction
Clk7 @ 353000000 Finished 851271 instructions 
Clk7 @ 354000000 Finished 853582 instructions 
Clk3 @ 355000000 Finished 855981 instructions 
Clk3 @ 356000000 Finished 858407 instructions 
Clk@ 356659934 Working on the # 860000 th memory instruction
Clk7 @ 357000000 Finished 860818 instructions 
Clk7 @ 358000000 Finished 863247 instructions 
Clk7 @ 359000000 Finished 865663 instructions 
Clk3 @ 360000000 Finished 868027 instructions 
Clk@ 360889025 Working on the # 870000 th memory instruction
Clk7 @ 361000000 Finished 870261 instructions 
Clk7 @ 362000000 Finished 872668 instructions 
Clk7 @ 363000000 Finished 875118 instructions 
Clk3 @ 364000000 Finished 877524 instructions 
Clk3 @ 365000000 Finished 879999 instructions 
Clk@ 365000067 Working on the # 880000 th memory instruction
Clk3 @ 366000000 Finished 882424 instructions 
Clk7 @ 367000000 Finished 884781 instructions 
Clk3 @ 368000000 Finished 887227 instructions 
Clk7 @ 369000000 Finished 889654 instructions 
Clk@ 369144410 Working on the # 890000 th memory instruction
Clk3 @ 370000000 Finished 892086 instructions 
Clk3 @ 371000000 Finished 894523 instructions 
Clk3 @ 372000000 Finished 896944 instructions 
Clk7 @ 373000000 Finished 899368 instructions 
Clk@ 373263606 Working on the # 900000 th memory instruction
Clk3 @ 374000000 Finished 901803 instructions 
Clk3 @ 375000000 Finished 904207 instructions 
Clk3 @ 376000000 Finished 906647 instructions 
Clk3 @ 377000000 Finished 909067 instructions 
Clk@ 377394499 Working on the # 910000 th memory instruction
Clk3 @ 378000000 Finished 911481 instructions 
Clk7 @ 379000000 Finished 913927 instructions 
Clk7 @ 380000000 Finished 916283 instructions 
Clk3 @ 381000000 Finished 918703 instructions 
Clk@ 381527162 Working on the # 920000 th memory instruction
Clk3 @ 382000000 Finished 921144 instructions 
Clk7 @ 383000000 Finished 923580 instructions 
Clk3 @ 384000000 Finished 926001 instructions 
Clk7 @ 385000000 Finished 928431 instructions 
Clk@ 385684362 Working on the # 930000 th memory instruction
Clk3 @ 386000000 Finished 930704 instructions 
Clk3 @ 387000000 Finished 933122 instructions 
Clk7 @ 388000000 Finished 935540 instructions 
Clk3 @ 389000000 Finished 937947 instructions 
Clk@ 389840151 Working on the # 940000 th memory instruction
Clk3 @ 390000000 Finished 940388 instructions 
Clk3 @ 391000000 Finished 942837 instructions 
Clk7 @ 392000000 Finished 945207 instructions 
Clk3 @ 393000000 Finished 947623 instructions 
Clk@ 393987921 Working on the # 950000 th memory instruction
Clk7 @ 394000000 Finished 950024 instructions 
Clk3 @ 395000000 Finished 952437 instructions 
Clk7 @ 396000000 Finished 954859 instructions 
Clk7 @ 397000000 Finished 957299 instructions 
Clk3 @ 398000000 Finished 959721 instructions 
Clk@ 398117159 Working on the # 960000 th memory instruction
Clk3 @ 399000000 Finished 962047 instructions 
Clk7 @ 400000000 Finished 964421 instructions 
Clk3 @ 401000000 Finished 966827 instructions 
Clk3 @ 402000000 Finished 969202 instructions 
Clk@ 402334451 Working on the # 970000 th memory instruction
Clk3 @ 403000000 Finished 971601 instructions 
Clk3 @ 404000000 Finished 973927 instructions 
Clk3 @ 405000000 Finished 976067 instructions 
Clk7 @ 406000000 Finished 978267 instructions 
Clk@ 406756934 Working on the # 980000 th memory instruction
Clk3 @ 407000000 Finished 980567 instructions 
Clk3 @ 408000000 Finished 982907 instructions 
Clk3 @ 409000000 Finished 985183 instructions 
Clk7 @ 410000000 Finished 987498 instructions 
Clk3 @ 411000000 Finished 989757 instructions 
Clk@ 411107647 Working on the # 990000 th memory instruction
Clk7 @ 412000000 Finished 991946 instructions 
Clk3 @ 413000000 Finished 994287 instructions 
Clk7 @ 414000000 Finished 996659 instructions 
Clk7 @ 415000000 Finished 998979 instructions 
Clk@ 415425498 Working on the # 1000000 th memory instruction

===*** Data ***====
Stall reason distribution: 
mc_hazard: 0
normal: 0
rs_hazard: 0
rw_swtich: 0
Early reshuffle distribution: 
0: 0
1: 0
2: 0
3: 0
4: 0
5: 0
6: 1814
7: 3862
8: 3828
9: 3855
10: 3820
11: 3781
12: 3606
13: 3375
14: 2859
15: 1831
16: 80
17: 0
18: 0
19: 0
20: 0
21: 0
22: 0
23: 0
24: 0
=================
Max stash size is: 252
Average stash size is: 115.024
useful_read_pull_ddr: 500006 (1.31043) %
dummy_read_pull_ddr: 8741943 (22.9111) %
useful_early_pull_ddr: 291676 (0.764432) %
useful_early_push_ddr: 168859 (0.44255) %
useful_write_pull_ddr: 7392333 (19.374) %
useful_write_push_ddr: 3189485 (8.35908) %
dummy_early_pull_ddr: 18319 (0.0480109) %
dummy_early_push_ddr: 615246 (1.61245) %
dummy_write_pull_ddr: 1715 (0.00449472) %
dummy_write_push_ddr: 17236332 (45.1734) %
=================
Stash violation number of times: 0
=================
Check NodeID traffic: 6540549
Update NodeID traffic: 34
=================
Read RS lines: 1000000 (85.8058) %
Write RS lines: 100000 (8.58058) %
Early RS lines: 65422 (5.61359) %
Read DDR lines: 18484057 (24.6534) %
Write DDR lines: 54528862 (72.7288) %
Early DDR lines: 1962660 (2.61773) %

====*** pos1 ***====
Stall reason distribution: 
mc_hazard: 0
normal: 0
rs_hazard: 0
rw_swtich: 0
Early reshuffle distribution: 
0: 0
1: 0
2: 0
3: 1169
4: 3539
5: 3793
6: 3756
7: 3900
8: 3890
9: 3851
10: 3807
11: 3716
12: 3553
13: 3412
14: 2820
15: 1831
16: 86
17: 0
18: 0
19: 0
20: 0
21: 0
=================
Max stash size is: 235
Average stash size is: 104.26
useful_read_pull_ddr: 999996 (1.30698) %
dummy_read_pull_ddr: 17374353 (22.7081) %
useful_early_pull_ddr: 689112 (0.900662) %
useful_early_push_ddr: 408272 (0.533607) %
useful_write_pull_ddr: 14681341 (19.1884) %
useful_write_push_ddr: 7368050 (9.62996) %
dummy_early_pull_ddr: 43979 (0.0574801) %
dummy_early_push_ddr: 1446017 (1.88993) %
dummy_write_pull_ddr: 18659 (0.0243871) %
dummy_write_push_ddr: 33481950 (43.7605) %
=================
Stash violation number of times: 0
=================
Check NodeID traffic: 9509243
Update NodeID traffic: 5
=================
Read RS lines: 1000000 (84.2995) %
Write RS lines: 100000 (8.42995) %
Early RS lines: 86246 (7.2705) %
Read DDR lines: 18374349 (24.4444) %
Write DDR lines: 54206250 (72.1135) %
Early DDR lines: 2587380 (3.44213) %

====*** pos2 ***====
Stall reason distribution: 
mc_hazard: 0
normal: 0
rs_hazard: 0
rw_swtich: 0
Early reshuffle distribution: 
0: 0
1: 0
2: 624
3: 3230
4: 3494
5: 3642
6: 3774
7: 3922
8: 3889
9: 3823
10: 3859
11: 3734
12: 3515
13: 3202
14: 2679
15: 1544
16: 31
17: 0
18: 0
=================
Max stash size is: 236
Average stash size is: 101.121
useful_read_pull_ddr: 999980 (1.51834) %
dummy_read_pull_ddr: 15000020 (22.7755) %
useful_early_pull_ddr: 703567 (1.06827) %
useful_early_push_ddr: 420717 (0.638802) %
useful_write_pull_ddr: 12660215 (19.2228) %
useful_write_push_ddr: 7220533 (10.9634) %
dummy_early_pull_ddr: 50179 (0.0761901) %
dummy_early_push_ddr: 1485817 (2.25601) %
dummy_write_pull_ddr: 139785 (0.212245) %
dummy_write_push_ddr: 27179467 (41.2684) %
=================
Stash violation number of times: 0
=================
Check NodeID traffic: 5747824
Update NodeID traffic: 0
=================
Read RS lines: 1000000 (84.039) %
Write RS lines: 100000 (8.4039) %
Early RS lines: 89924 (7.55712) %
Read DDR lines: 16000000 (24.2939) %
Write DDR lines: 47200000 (71.6669) %
Early DDR lines: 2660280 (4.03928) %
=================
The final DRAM clk is: 415430238 ticks.
Idle waiting clk is 159728692, which is 38.449 %
DRAM Frequency is: 1600MHz
The final time in ns is: 2.59644e+08 ns.
Time distribution: 
Data pull time is: 0
data: 0
pos1: 0
pos2: 0
Data distribution: 
Pos2 data: 65860280
Pos1 data: 75167979
Data: 74975579
Node access DDR: 13081098
Pull DDR: 18484057
WB DDR: 54528862
Early DDR: 1962660
Achieved BW is: 60.2286 GB/s
Ideal BW is: 102.4 GB/s
Metadata cache conclusion: 
overall_hit: 14450152 overall_total: 27532711
Cache Size 64 KB Overall Hit rate: 52.4836 %. 
Simulation done. Statistics written to my_output.txt
