Valid leaf ID range: 16777215:33554430
Num of top nodes: 16777216
Data level num of ways: 1024
Z: 16
S: 27
A: 20
cached_total: 16384
Total number of ORAM protected cache line blocks: 16777216
Cached number of levels: 13
Max number of levels: 25
Start lvl is: 14
data valid leaf right: 33554431
data num of levels: 25
data level num of ways: 1024
data number of sets: 16384
Cached node ID: 16383 -- 16478
Address space: 0 - 4 GB
pos1 valid leaf right: 4194303
pos1 num of levels: 22
pos1 level num of ways: 128
pos1 number of sets: 16384
Cached node ID: 16383 -- 16394
Address space: 0 - 0.5 GB
pos2 valid leaf right: 524287
pos2 num of levels: 19
pos2 level num of ways: 16
pos2 number of sets: 16384
Cached node ID: 16383 -- 16388
Address space: 0 - 0.0625 GB
Clk7 @ 1000000 Finished 8610 instructions 
Clk@ 1163896 Working on the # 10000 th memory instruction
Clk3 @ 2000000 Finished 17172 instructions 
Clk@ 2329195 Working on the # 20000 th memory instruction
Clk7 @ 3000000 Finished 25744 instructions 
Clk@ 3498387 Working on the # 30000 th memory instruction
Clk3 @ 4000000 Finished 34303 instructions 
Clk@ 4668312 Working on the # 40000 th memory instruction
Clk7 @ 5000000 Finished 42873 instructions 
Clk@ 5830067 Working on the # 50000 th memory instruction
Clk7 @ 6000000 Finished 51461 instructions 
Clk@ 6995898 Working on the # 60000 th memory instruction
Clk3 @ 7000000 Finished 60037 instructions 
Clk7 @ 8000000 Finished 68642 instructions 
Clk@ 8159359 Working on the # 70000 th memory instruction
Clk3 @ 9000000 Finished 77205 instructions 
Clk@ 9325962 Working on the # 80000 th memory instruction
Clk3 @ 10000000 Finished 85790 instructions 
Clk@ 10485600 Working on the # 90000 th memory instruction
Clk7 @ 11000000 Finished 94413 instructions 
Clk@ 11648925 Working on the # 100000 th memory instruction
Clk3 @ 12000000 Finished 103031 instructions 
Clk@ 12811042 Working on the # 110000 th memory instruction
Clk3 @ 13000000 Finished 111623 instructions 
Clk@ 13980416 Working on the # 120000 th memory instruction
Clk7 @ 14000000 Finished 120169 instructions 
Clk3 @ 15000000 Finished 128711 instructions 
Clk@ 15149348 Working on the # 130000 th memory instruction
Clk7 @ 16000000 Finished 137254 instructions 
Clk@ 16324676 Working on the # 140000 th memory instruction
Clk3 @ 17000000 Finished 145715 instructions 
Clk@ 17503770 Working on the # 150000 th memory instruction
Clk7 @ 18000000 Finished 154155 instructions 
Clk@ 18712917 Working on the # 160000 th memory instruction
Clk7 @ 19000000 Finished 162426 instructions 
Clk@ 19935291 Working on the # 170000 th memory instruction
Clk3 @ 20000000 Finished 170538 instructions 
Clk3 @ 21000000 Finished 178389 instructions 
Clk@ 21199048 Working on the # 180000 th memory instruction
Clk7 @ 22000000 Finished 186125 instructions 
Clk@ 22528535 Working on the # 190000 th memory instruction
Clk3 @ 23000000 Finished 193463 instructions 
Clk@ 23967266 Working on the # 200000 th memory instruction
Clk7 @ 24000000 Finished 200222 instructions 
Clk3 @ 25000000 Finished 206523 instructions 
Clk@ 25529147 Working on the # 210000 th memory instruction
Sampling stash size at 212000 req has stash size of: 198626
Clk3 @ 26000000 Finished 212726 instructions 
Clk7 @ 26000000 Finished 212726 instructions 
Clk3 @ 27000000 Finished 218684 instructions 
Clk@ 27222730 Working on the # 220000 th memory instruction
Clk3 @ 28000000 Finished 224494 instructions 
Clk3 @ 29000000 Finished 229721 instructions 
Clk@ 29059421 Working on the # 230000 th memory instruction
Clk7 @ 30000000 Finished 234695 instructions 
Clk3 @ 31000000 Finished 239668 instructions 
Clk@ 31066118 Working on the # 240000 th memory instruction
Clk3 @ 32000000 Finished 244352 instructions 
Clk3 @ 33000000 Finished 248950 instructions 
Clk@ 33238529 Working on the # 250000 th memory instruction
Clk3 @ 34000000 Finished 253534 instructions 
Clk3 @ 35000000 Finished 257972 instructions 
Clk@ 35466610 Working on the # 260000 th memory instruction
Clk3 @ 36000000 Finished 262292 instructions 
Clk7 @ 37000000 Finished 266811 instructions 
Clk@ 37815486 Working on the # 270000 th memory instruction
Clk3 @ 38000000 Finished 270728 instructions 
Clk7 @ 39000000 Finished 274851 instructions 
Clk7 @ 40000000 Finished 278736 instructions 
Clk@ 40338922 Working on the # 280000 th memory instruction
Clk3 @ 41000000 Finished 282552 instructions 
Clk7 @ 42000000 Finished 286386 instructions 
Clk@ 42974536 Working on the # 290000 th memory instruction
Clk3 @ 43000000 Finished 290098 instructions 
Clk3 @ 44000000 Finished 293828 instructions 
Clk3 @ 45000000 Finished 297520 instructions 
Clk@ 45669420 Working on the # 300000 th memory instruction
Sampling stash size at 301000 req has stash size of: 176037
Clk3 @ 46000000 Finished 301305 instructions 
Clk7 @ 47000000 Finished 304853 instructions 
Sampling stash size at 308000 req has stash size of: 169319
Clk3 @ 48000000 Finished 308373 instructions 
Clk@ 48453718 Working on the # 310000 th memory instruction
Clk7 @ 49000000 Finished 312196 instructions 
Clk3 @ 50000000 Finished 315799 instructions 
Clk3 @ 51000000 Finished 319516 instructions 
Clk@ 51111571 Working on the # 320000 th memory instruction
Clk7 @ 52000000 Finished 323221 instructions 
Clk3 @ 53000000 Finished 326902 instructions 
Clk@ 53818732 Working on the # 330000 th memory instruction
Clk7 @ 54000000 Finished 330673 instructions 
Clk7 @ 55000000 Finished 334298 instructions 
Clk3 @ 56000000 Finished 337955 instructions 
Sampling stash size at 339000 req has stash size of: 145110
Clk@ 56551148 Working on the # 340000 th memory instruction
Clk3 @ 57000000 Finished 341874 instructions 
Sampling stash size at 344000 req has stash size of: 142140
Clk3 @ 58000000 Finished 345681 instructions 
Clk3 @ 59000000 Finished 349531 instructions 
Clk@ 59125384 Working on the # 350000 th memory instruction
Clk3 @ 60000000 Finished 353643 instructions 
Sampling stash size at 356000 req has stash size of: 135399
Clk3 @ 61000000 Finished 357656 instructions 
Clk@ 61599337 Working on the # 360000 th memory instruction
Clk3 @ 62000000 Finished 361627 instructions 
Clk3 @ 63000000 Finished 365850 instructions 
Clk7 @ 64000000 Finished 369949 instructions 
Clk@ 64007171 Working on the # 370000 th memory instruction
Clk3 @ 65000000 Finished 374221 instructions 
Clk7 @ 66000000 Finished 378670 instructions 
Clk@ 66288950 Working on the # 380000 th memory instruction
Clk3 @ 67000000 Finished 383156 instructions 
Sampling stash size at 384000 req has stash size of: 124947
Clk3 @ 68000000 Finished 387791 instructions 
Clk@ 68435320 Working on the # 390000 th memory instruction
Clk3 @ 70000000 Finished 397463 instructions 
Clk7 @ 70000000 Finished 397463 instructions 
Sampling stash size at 398000 req has stash size of: 124430
Clk@ 70532983 Working on the # 400000 th memory instruction
Clk3 @ 71000000 Finished 402358 instructions 
Clk7 @ 72000000 Finished 407489 instructions 
Clk@ 72442084 Working on the # 410000 th memory instruction
Sampling stash size at 411000 req has stash size of: 125992
Clk7 @ 73000000 Finished 412976 instructions 
Clk3 @ 74000000 Finished 417996 instructions 
Clk@ 74363950 Working on the # 420000 th memory instruction
Clk3 @ 75000000 Finished 423652 instructions 
Sampling stash size at 424000 req has stash size of: 128257
Clk3 @ 76000000 Finished 429046 instructions 
Clk@ 76188163 Working on the # 430000 th memory instruction
Clk3 @ 77000000 Finished 434372 instructions 
Clk@ 77979145 Working on the # 440000 th memory instruction
Clk7 @ 78000000 Finished 440140 instructions 
Clk7 @ 79000000 Finished 446054 instructions 
Sampling stash size at 447000 req has stash size of: 135041
Clk@ 79650272 Working on the # 450000 th memory instruction
Clk3 @ 80000000 Finished 452165 instructions 
Clk3 @ 81000000 Finished 458334 instructions 
Clk@ 81279783 Working on the # 460000 th memory instruction
Clk3 @ 82000000 Finished 464479 instructions 
Clk@ 82895007 Working on the # 470000 th memory instruction
Clk3 @ 83000000 Finished 470694 instructions 
Clk3 @ 84000000 Finished 476606 instructions 
Clk@ 84546981 Working on the # 480000 th memory instruction
Clk3 @ 85000000 Finished 482650 instructions 
Clk7 @ 86000000 Finished 488572 instructions 
Clk@ 86235831 Working on the # 490000 th memory instruction
Clk7 @ 87000000 Finished 494662 instructions 
Clk@ 87872214 Working on the # 500000 th memory instruction
Warm up done after line access count: 500000 out of 1000000 (50 %)
Clk3 @ 88000000 Finished 500703 instructions 
Clk7 @ 89000000 Finished 506716 instructions 
Clk@ 89560330 Working on the # 510000 th memory instruction
Clk3 @ 90000000 Finished 512599 instructions 
Clk3 @ 91000000 Finished 518199 instructions 
Clk@ 91309540 Working on the # 520000 th memory instruction
Sampling stash size at 521000 req has stash size of: 166851
Clk3 @ 92000000 Finished 523823 instructions 
Clk3 @ 93000000 Finished 529163 instructions 
Clk@ 93152215 Working on the # 530000 th memory instruction
Clk7 @ 94000000 Finished 534546 instructions 
Clk7 @ 95000000 Finished 539716 instructions 
Clk@ 95059863 Working on the # 540000 th memory instruction
Clk7 @ 96000000 Finished 544929 instructions 
Sampling stash size at 548000 req has stash size of: 171293
Clk@ 96949757 Working on the # 550000 th memory instruction
Clk3 @ 97000000 Finished 550208 instructions 
Clk7 @ 98000000 Finished 555403 instructions 
Clk@ 98922678 Working on the # 560000 th memory instruction
Clk7 @ 99000000 Finished 560465 instructions 
Clk3 @ 100000000 Finished 565457 instructions 
Clk7 @ 100000000 Finished 565457 instructions 
Clk@ 100929966 Working on the # 570000 th memory instruction
Clk3 @ 101000000 Finished 570291 instructions 
Clk3 @ 102000000 Finished 574957 instructions 
Clk3 @ 103000000 Finished 579848 instructions 
Clk7 @ 103000000 Finished 579848 instructions 
Clk@ 103041439 Working on the # 580000 th memory instruction
Clk3 @ 104000000 Finished 584385 instructions 
Clk3 @ 105000000 Finished 589190 instructions 
Clk@ 105187283 Working on the # 590000 th memory instruction
Clk7 @ 106000000 Finished 593685 instructions 
Clk7 @ 107000000 Finished 598349 instructions 
Clk@ 107367310 Working on the # 600000 th memory instruction
Clk3 @ 108000000 Finished 603014 instructions 
Clk7 @ 109000000 Finished 607530 instructions 
Sampling stash size at 608000 req has stash size of: 168073
Clk@ 109557166 Working on the # 610000 th memory instruction
Sampling stash size at 611000 req has stash size of: 167332
Clk3 @ 110000000 Finished 612038 instructions 
Clk3 @ 111000000 Finished 616528 instructions 
Clk@ 111777672 Working on the # 620000 th memory instruction
Clk3 @ 112000000 Finished 620988 instructions 
Clk7 @ 113000000 Finished 625543 instructions 
Clk3 @ 114000000 Finished 629938 instructions 
Clk@ 114020210 Working on the # 630000 th memory instruction
Clk3 @ 115000000 Finished 634371 instructions 
Clk7 @ 116000000 Finished 638782 instructions 
Clk@ 116278434 Working on the # 640000 th memory instruction
Clk7 @ 117000000 Finished 643194 instructions 
Sampling stash size at 646000 req has stash size of: 158894
Clk3 @ 118000000 Finished 647755 instructions 
Clk@ 118492988 Working on the # 650000 th memory instruction
Sampling stash size at 652000 req has stash size of: 157391
Clk3 @ 119000000 Finished 652219 instructions 
Sampling stash size at 654000 req has stash size of: 156590
Clk3 @ 120000000 Finished 656582 instructions 
Clk@ 120775085 Working on the # 660000 th memory instruction
Clk7 @ 121000000 Finished 661052 instructions 
Clk3 @ 122000000 Finished 665417 instructions 
Clk7 @ 123000000 Finished 669848 instructions 
Clk@ 123027570 Working on the # 670000 th memory instruction
Sampling stash size at 671000 req has stash size of: 152201
Clk7 @ 124000000 Finished 674411 instructions 
Sampling stash size at 675000 req has stash size of: 151414
Sampling stash size at 676000 req has stash size of: 150967
Clk3 @ 125000000 Finished 678844 instructions 
Clk@ 125233212 Working on the # 680000 th memory instruction
Clk3 @ 126000000 Finished 683568 instructions 
Clk7 @ 127000000 Finished 688224 instructions 
Clk@ 127402516 Working on the # 690000 th memory instruction
Clk3 @ 128000000 Finished 692770 instructions 
Clk7 @ 129000000 Finished 697462 instructions 
Clk@ 129563043 Working on the # 700000 th memory instruction
Clk3 @ 130000000 Finished 701964 instructions 
Clk3 @ 131000000 Finished 706780 instructions 
Clk@ 131685359 Working on the # 710000 th memory instruction
Clk3 @ 132000000 Finished 711566 instructions 
Clk7 @ 133000000 Finished 716562 instructions 
Clk@ 133710335 Working on the # 720000 th memory instruction
Clk3 @ 134000000 Finished 721366 instructions 
Clk7 @ 135000000 Finished 726057 instructions 
Sampling stash size at 728000 req has stash size of: 145606
Clk@ 135823640 Working on the # 730000 th memory instruction
Clk3 @ 136000000 Finished 730910 instructions 
Clk7 @ 137000000 Finished 735915 instructions 
Clk@ 137784059 Working on the # 740000 th memory instruction
Clk3 @ 138000000 Finished 741126 instructions 
Clk7 @ 139000000 Finished 746011 instructions 
Clk@ 139783432 Working on the # 750000 th memory instruction
Sampling stash size at 750000 req has stash size of: 146339
Clk3 @ 140000000 Finished 751120 instructions 
Clk3 @ 141000000 Finished 755931 instructions 
Clk@ 141780578 Working on the # 760000 th memory instruction
Clk3 @ 142000000 Finished 761195 instructions 
Clk3 @ 143000000 Finished 766399 instructions 
Sampling stash size at 767000 req has stash size of: 147607
Sampling stash size at 768000 req has stash size of: 147661
Clk@ 143739522 Working on the # 770000 th memory instruction
Clk3 @ 144000000 Finished 771262 instructions 
Clk3 @ 145000000 Finished 776409 instructions 
Clk@ 145677261 Working on the # 780000 th memory instruction
Clk3 @ 146000000 Finished 781673 instructions 
Clk3 @ 147000000 Finished 787064 instructions 
Clk@ 147517549 Working on the # 790000 th memory instruction
Clk3 @ 148000000 Finished 792438 instructions 
Clk7 @ 149000000 Finished 797538 instructions 
Clk@ 149455653 Working on the # 800000 th memory instruction
Clk3 @ 150000000 Finished 802578 instructions 
Clk3 @ 151000000 Finished 808049 instructions 
Clk@ 151378043 Working on the # 810000 th memory instruction
Sampling stash size at 812000 req has stash size of: 153481
Clk3 @ 152000000 Finished 813266 instructions 
Clk3 @ 153000000 Finished 818681 instructions 
Clk@ 153268143 Working on the # 820000 th memory instruction
Clk3 @ 154000000 Finished 824047 instructions 
Clk7 @ 155000000 Finished 829436 instructions 
Clk@ 155095739 Working on the # 830000 th memory instruction
Sampling stash size at 833000 req has stash size of: 157033
Clk3 @ 156000000 Finished 834456 instructions 
Clk7 @ 157000000 Finished 839635 instructions 
Clk@ 157066676 Working on the # 840000 th memory instruction
Sampling stash size at 840000 req has stash size of: 157690
Clk3 @ 158000000 Finished 845115 instructions 
Clk@ 158930825 Working on the # 850000 th memory instruction
Clk3 @ 159000000 Finished 850363 instructions 
Clk7 @ 160000000 Finished 855609 instructions 
Clk@ 160877179 Working on the # 860000 th memory instruction
Clk3 @ 161000000 Finished 860624 instructions 
Clk3 @ 162000000 Finished 865670 instructions 
Clk@ 162857474 Working on the # 870000 th memory instruction
Clk3 @ 163000000 Finished 870748 instructions 
Clk7 @ 164000000 Finished 875921 instructions 
Clk@ 164826951 Working on the # 880000 th memory instruction
Clk7 @ 165000000 Finished 880821 instructions 
Clk3 @ 166000000 Finished 885678 instructions 
Clk@ 166877809 Working on the # 890000 th memory instruction
Clk3 @ 167000000 Finished 890586 instructions 
Clk7 @ 168000000 Finished 895516 instructions 
Clk@ 168952448 Working on the # 900000 th memory instruction
Clk7 @ 169000000 Finished 900266 instructions 
Clk7 @ 170000000 Finished 905108 instructions 
Clk3 @ 171000000 Finished 909790 instructions 
Clk@ 171044753 Working on the # 910000 th memory instruction
Clk7 @ 172000000 Finished 914754 instructions 
Clk3 @ 173000000 Finished 919262 instructions 
Clk@ 173132967 Working on the # 920000 th memory instruction
Clk7 @ 174000000 Finished 924304 instructions 
Clk3 @ 175000000 Finished 929283 instructions 
Clk@ 175164252 Working on the # 930000 th memory instruction
Clk3 @ 176000000 Finished 934052 instructions 
Clk3 @ 177000000 Finished 938848 instructions 
Sampling stash size at 939000 req has stash size of: 159547
Clk@ 177249832 Working on the # 940000 th memory instruction
Clk3 @ 178000000 Finished 943488 instructions 
Clk7 @ 178000000 Finished 943488 instructions 
Clk3 @ 179000000 Finished 948148 instructions 
Clk@ 179391629 Working on the # 950000 th memory instruction
Clk7 @ 180000000 Finished 952897 instructions 
Clk7 @ 181000000 Finished 957791 instructions 
Clk@ 181505962 Working on the # 960000 th memory instruction
Sampling stash size at 960000 req has stash size of: 156881
Clk3 @ 182000000 Finished 962257 instructions 
Clk3 @ 183000000 Finished 967009 instructions 
Sampling stash size at 968000 req has stash size of: 156083
Clk@ 183634560 Working on the # 970000 th memory instruction
Clk7 @ 184000000 Finished 971846 instructions 
Clk3 @ 185000000 Finished 976523 instructions 
Clk@ 185738601 Working on the # 980000 th memory instruction
Sampling stash size at 981000 req has stash size of: 154741
Clk7 @ 186000000 Finished 981176 instructions 
Clk3 @ 187000000 Finished 985901 instructions 
Clk@ 187857649 Working on the # 990000 th memory instruction
Clk3 @ 188000000 Finished 990624 instructions 
Clk7 @ 189000000 Finished 995579 instructions 
Clk@ 189900681 Working on the # 1000000 th memory instruction

===*** Data ***====
Stall reason distribution: 
mc_hazard: 0
normal: 0
rs_hazard: 0
rw_swtich: 0
Early reshuffle distribution: 
0: 0
1: 0
2: 0
3: 0
4: 0
5: 0
6: 0
7: 0
8: 0
9: 0
10: 0
11: 0
12: 0
13: 0
14: 0
15: 516
16: 81
17: 0
18: 0
19: 0
20: 0
21: 0
22: 0
23: 0
24: 0
=================
Max stash size is: 204832
Average stash size is: 159431
useful_read_pull_ddr: 499718 (2.17156) %
dummy_read_pull_ddr: 4997387 (21.7165) %
useful_early_pull_ddr: 8987 (0.0390537) %
useful_early_push_ddr: 5363 (0.0233053) %
useful_write_pull_ddr: 4442673 (19.306) %
useful_write_push_ddr: 1205434 (5.23831) %
dummy_early_pull_ddr: 567 (0.00246394) %
dummy_early_push_ddr: 18803 (0.0817099) %
dummy_write_pull_ddr: 1663 (0.0072267) %
dummy_write_push_ddr: 11831306 (51.4139) %
=================
Stash violation number of times: 0
=================
Check NodeID traffic: 5439901
Update NodeID traffic: 234347
=================
Read RS lines: 1000000 (92.0982) %
Write RS lines: 84604 (7.79187) %
Early RS lines: 1194 (0.109965) %
Read DDR lines: 10971482 (28.5368) %
Write DDR lines: 27439484 (71.37) %
Early DDR lines: 35820 (0.0931677) %

====*** pos1 ***====
Stall reason distribution: 
mc_hazard: 0
normal: 0
rs_hazard: 0
rw_swtich: 0
Early reshuffle distribution: 
0: 0
1: 0
2: 0
3: 0
4: 0
5: 0
6: 0
7: 0
8: 0
9: 0
10: 0
11: 0
12: 0
13: 0
14: 0
15: 497
16: 71
17: 0
18: 0
19: 0
20: 0
21: 0
=================
Max stash size is: 204246
Average stash size is: 159009
useful_read_pull_ddr: 995625 (2.82243) %
dummy_read_pull_ddr: 7003727 (19.8544) %
useful_early_pull_ddr: 9065 (0.0256977) %
useful_early_push_ddr: 5438 (0.0154158) %
useful_write_pull_ddr: 5398579 (15.3041) %
useful_write_push_ddr: 1809448 (5.12948) %
dummy_early_pull_ddr: 591 (0.00167538) %
dummy_early_push_ddr: 18986 (0.0538221) %
dummy_write_pull_ddr: 15645 (0.0443509) %
dummy_write_push_ddr: 20018384 (56.7487) %
=================
Stash violation number of times: 0
=================
Check NodeID traffic: 7641458
Update NodeID traffic: 212780
=================
Read RS lines: 1000000 (92.1031) %
Write RS lines: 84604 (7.79229) %
Early RS lines: 1136 (0.104629) %
Read DDR lines: 7987582 (28.5407) %
Write DDR lines: 19964951 (71.3375) %
Early DDR lines: 34080 (0.121773) %

====*** pos2 ***====
Stall reason distribution: 
mc_hazard: 0
normal: 0
rs_hazard: 0
rw_swtich: 0
Early reshuffle distribution: 
0: 0
1: 0
2: 0
3: 0
4: 0
5: 0
6: 0
7: 0
8: 0
9: 0
10: 0
11: 0
12: 0
13: 0
14: 0
15: 360
16: 29
17: 0
18: 0
=================
Max stash size is: 199725
Average stash size is: 155748
useful_read_pull_ddr: 965794 (3.19431) %
dummy_read_pull_ddr: 4033913 (13.3419) %
useful_early_pull_ddr: 6084 (0.0201225) %
useful_early_push_ddr: 3793 (0.0125451) %
useful_write_pull_ddr: 3268639 (10.8108) %
useful_write_push_ddr: 1673234 (5.53413) %
dummy_early_pull_ddr: 529 (0.00174964) %
dummy_early_push_ddr: 12934 (0.0427785) %
dummy_write_pull_ddr: 115313 (0.381391) %
dummy_write_push_ddr: 20154598 (66.6602) %
=================
Stash violation number of times: 0
=================
Check NodeID traffic: 4320138
Update NodeID traffic: 181549
=================
Read RS lines: 1000000 (92.1335) %
Write RS lines: 84604 (7.79486) %
Early RS lines: 778 (0.0716798) %
Read DDR lines: 4991324 (28.5333) %
Write DDR lines: 12478323 (71.3333) %
Early DDR lines: 23340 (0.133425) %
=================
The final DRAM clk is: 189901381 ticks.
Idle waiting clk is 76619296, which is 40.3469 %
DRAM Frequency is: 1600MHz
The final time in ns is: 1.18688e+08 ns.
Time distribution: 
Data pull time is: 0
data: 0
pos1: 0
pos2: 0
Data distribution: 
Pos2 data: 17492987
Pos1 data: 27986613
Data: 38446786
Node access DDR: 10879802
Pull DDR: 10971482
WB DDR: 27439484
Early DDR: 35820
Achieved BW is: 57.9126 GB/s
Ideal BW is: 102.4 GB/s
Metadata cache conclusion: 
overall_hit: 1406500 overall_total: 12523469
Cache Size 64 KB Overall Hit rate: 11.2309 %. 
Simulation done. Statistics written to my_output.txt
