Valid leaf ID range: 33554431:67108862
Num of top nodes: 33554432
Data level num of ways: 33554432
cached_total: 1
cached_total: 3
cached_total: 7
cached_total: 15
cached_total: 31
cached_total: 63
cached_total: 127
cached_total: 255
Total number of ORAM protected cache line blocks: 33554432
Cached number of levels: 7
Max number of levels: 26
Start lvl is: 0
data valid leaf right: 67108863
data num of levels: 26
data level num of ways: 33554432
data number of sets: 1
Cached node ID: 0 -- 204
Address space: 0 - 4 GB
pos1 valid leaf right: 8388607
pos1 num of levels: 23
pos1 level num of ways: 4194304
pos1 number of sets: 1
Cached node ID: 0 -- 25
Address space: 0 - 0.5 GB
pos2 valid leaf right: 1048575
pos2 num of levels: 20
pos2 level num of ways: 524288
pos2 number of sets: 1
Cached node ID: 0 -- 12
Address space: 0 - 0.0625 GB
Clk7 @ 1000000 Finished 1556 instructions 
Clk3 @ 2000000 Finished 3322 instructions 
Clk3 @ 3000000 Finished 5187 instructions 
Clk7 @ 4000000 Finished 7058 instructions 
Clk3 @ 5000000 Finished 8983 instructions 
Clk@ 5513763 Working on the # 10000 th memory instruction
Clk3 @ 6000000 Finished 10975 instructions 
Clk3 @ 7000000 Finished 12914 instructions 
Clk3 @ 8000000 Finished 14863 instructions 
Clk7 @ 9000000 Finished 16840 instructions 
Clk3 @ 10000000 Finished 18912 instructions 
Clk@ 10536145 Working on the # 20000 th memory instruction
Clk3 @ 11000000 Finished 20962 instructions 
Clk7 @ 12000000 Finished 22963 instructions 
Clk7 @ 13000000 Finished 24983 instructions 
Clk7 @ 14000000 Finished 26972 instructions 
Clk3 @ 15000000 Finished 29026 instructions 
Clk@ 15484324 Working on the # 30000 th memory instruction
Clk7 @ 16000000 Finished 31068 instructions 
Clk3 @ 17000000 Finished 33072 instructions 
Clk7 @ 18000000 Finished 35159 instructions 
Clk7 @ 19000000 Finished 37280 instructions 
Clk7 @ 20000000 Finished 39351 instructions 
Clk@ 20313116 Working on the # 40000 th memory instruction
Clk3 @ 21000000 Finished 41439 instructions 
Clk3 @ 23000000 Finished 45591 instructions 
Clk7 @ 24000000 Finished 47538 instructions 
Clk3 @ 25000000 Finished 49623 instructions 
Clk@ 25176139 Working on the # 50000 th memory instruction
Clk7 @ 26000000 Finished 51700 instructions 
Clk3 @ 27000000 Finished 53659 instructions 
Clk3 @ 28000000 Finished 55722 instructions 
Clk3 @ 29000000 Finished 57812 instructions 
Clk7 @ 30000000 Finished 59871 instructions 
Clk@ 30060501 Working on the # 60000 th memory instruction
Clk3 @ 31000000 Finished 61977 instructions 
Clk7 @ 32000000 Finished 64033 instructions 
Clk7 @ 33000000 Finished 66057 instructions 
Clk7 @ 34000000 Finished 68160 instructions 
Clk@ 34883861 Working on the # 70000 th memory instruction
Clk7 @ 35000000 Finished 70244 instructions 
Clk3 @ 36000000 Finished 72359 instructions 
Clk3 @ 37000000 Finished 74479 instructions 
Clk7 @ 38000000 Finished 76592 instructions 
Clk7 @ 39000000 Finished 78646 instructions 
Clk@ 39666697 Working on the # 80000 th memory instruction
Clk7 @ 40000000 Finished 80688 instructions 
Clk3 @ 41000000 Finished 82799 instructions 
Clk3 @ 42000000 Finished 84935 instructions 
Clk3 @ 43000000 Finished 87030 instructions 
Clk7 @ 44000000 Finished 89096 instructions 
Clk@ 44428674 Working on the # 90000 th memory instruction
Clk3 @ 45000000 Finished 91132 instructions 
Clk3 @ 46000000 Finished 92969 instructions 
Clk7 @ 47000000 Finished 95044 instructions 
Clk3 @ 48000000 Finished 97137 instructions 
Clk7 @ 49000000 Finished 99223 instructions 
Clk@ 49364566 Working on the # 100000 th memory instruction
Clk3 @ 50000000 Finished 101327 instructions 
Clk3 @ 51000000 Finished 103373 instructions 
Clk3 @ 52000000 Finished 105322 instructions 
Clk3 @ 53000000 Finished 107365 instructions 
Clk3 @ 54000000 Finished 109423 instructions 
Clk@ 54273832 Working on the # 110000 th memory instruction
Clk3 @ 55000000 Finished 111497 instructions 
Clk3 @ 56000000 Finished 113599 instructions 
Clk7 @ 56000000 Finished 113599 instructions 
Clk7 @ 57000000 Finished 115696 instructions 
Clk3 @ 58000000 Finished 117800 instructions 
Clk3 @ 59000000 Finished 119799 instructions 
Clk@ 59094587 Working on the # 120000 th memory instruction
Clk3 @ 60000000 Finished 121896 instructions 
Clk3 @ 61000000 Finished 124008 instructions 
Clk7 @ 62000000 Finished 126064 instructions 
Clk7 @ 63000000 Finished 128093 instructions 
Clk@ 63907803 Working on the # 130000 th memory instruction
Clk3 @ 64000000 Finished 130191 instructions 
Clk7 @ 64000000 Finished 130191 instructions 
Clk7 @ 65000000 Finished 132136 instructions 
Clk7 @ 66000000 Finished 134224 instructions 
Clk3 @ 67000000 Finished 136333 instructions 
Clk3 @ 68000000 Finished 138386 instructions 
Clk@ 68787258 Working on the # 140000 th memory instruction
Clk3 @ 69000000 Finished 140443 instructions 
Clk7 @ 70000000 Finished 142540 instructions 
Clk7 @ 71000000 Finished 144599 instructions 
Clk7 @ 72000000 Finished 146720 instructions 
Clk3 @ 73000000 Finished 148811 instructions 
Clk@ 73562848 Working on the # 150000 th memory instruction
Clk3 @ 74000000 Finished 150912 instructions 
Clk7 @ 75000000 Finished 153017 instructions 
Clk3 @ 76000000 Finished 155057 instructions 
Clk3 @ 77000000 Finished 157135 instructions 
Clk7 @ 78000000 Finished 159128 instructions 
Clk@ 78415299 Working on the # 160000 th memory instruction
Clk3 @ 79000000 Finished 161208 instructions 
Clk3 @ 80000000 Finished 163319 instructions 
Clk3 @ 81000000 Finished 165391 instructions 
Clk3 @ 82000000 Finished 167506 instructions 
Clk3 @ 83000000 Finished 169618 instructions 
Clk@ 83180738 Working on the # 170000 th memory instruction
Clk3 @ 84000000 Finished 171651 instructions 
Clk3 @ 85000000 Finished 173756 instructions 
Clk3 @ 86000000 Finished 175851 instructions 
Clk3 @ 87000000 Finished 177897 instructions 
Clk@ 87995451 Working on the # 180000 th memory instruction
Clk3 @ 88000000 Finished 180008 instructions 
Clk7 @ 89000000 Finished 181967 instructions 
Clk3 @ 90000000 Finished 183714 instructions 
Clk3 @ 91000000 Finished 185639 instructions 
Clk3 @ 92000000 Finished 187662 instructions 
Clk7 @ 93000000 Finished 189758 instructions 
Clk@ 93121223 Working on the # 190000 th memory instruction
Clk3 @ 94000000 Finished 191822 instructions 
Clk7 @ 95000000 Finished 193902 instructions 
Clk3 @ 96000000 Finished 196015 instructions 
Clk3 @ 97000000 Finished 198039 instructions 
Clk@ 97933912 Working on the # 200000 th memory instruction
Clk3 @ 98000000 Finished 200139 instructions 
Clk3 @ 99000000 Finished 202226 instructions 
Clk3 @ 100000000 Finished 204276 instructions 
Clk7 @ 101000000 Finished 206343 instructions 
Clk7 @ 102000000 Finished 208410 instructions 
Clk@ 102857584 Working on the # 210000 th memory instruction
Clk3 @ 103000000 Finished 210282 instructions 
Clk3 @ 104000000 Finished 212341 instructions 
Clk3 @ 105000000 Finished 214381 instructions 
Clk3 @ 106000000 Finished 216394 instructions 
Clk3 @ 107000000 Finished 218471 instructions 
Clk@ 107737062 Working on the # 220000 th memory instruction
Clk3 @ 108000000 Finished 220552 instructions 
Clk7 @ 109000000 Finished 222655 instructions 
Clk7 @ 110000000 Finished 224659 instructions 
Clk3 @ 111000000 Finished 226755 instructions 
Clk7 @ 112000000 Finished 228852 instructions 
Clk@ 112564642 Working on the # 230000 th memory instruction
Clk7 @ 113000000 Finished 230911 instructions 
Clk3 @ 114000000 Finished 233018 instructions 
Clk7 @ 115000000 Finished 235127 instructions 
Clk3 @ 116000000 Finished 237026 instructions 
Clk7 @ 117000000 Finished 239125 instructions 
Clk@ 117429765 Working on the # 240000 th memory instruction
Clk3 @ 118000000 Finished 241191 instructions 
Clk3 @ 119000000 Finished 243265 instructions 
Clk7 @ 120000000 Finished 245335 instructions 
Clk7 @ 121000000 Finished 247422 instructions 
Clk7 @ 122000000 Finished 249484 instructions 
Clk@ 122245352 Working on the # 250000 th memory instruction
Clk7 @ 123000000 Finished 251541 instructions 
Clk3 @ 124000000 Finished 253527 instructions 
Clk7 @ 125000000 Finished 255603 instructions 
Clk7 @ 126000000 Finished 257672 instructions 
Clk3 @ 127000000 Finished 259751 instructions 
Clk@ 127119388 Working on the # 260000 th memory instruction
Clk3 @ 128000000 Finished 261839 instructions 
Clk3 @ 129000000 Finished 263669 instructions 
Clk7 @ 129000000 Finished 263669 instructions 
Clk3 @ 130000000 Finished 265748 instructions 
Clk3 @ 131000000 Finished 267851 instructions 
Clk3 @ 132000000 Finished 269919 instructions 
Clk@ 132038137 Working on the # 270000 th memory instruction
Clk7 @ 133000000 Finished 271985 instructions 
Clk7 @ 134000000 Finished 273999 instructions 
Clk3 @ 135000000 Finished 276074 instructions 
Clk3 @ 136000000 Finished 278164 instructions 
Clk@ 136925525 Working on the # 280000 th memory instruction
Clk7 @ 137000000 Finished 280147 instructions 
Clk3 @ 138000000 Finished 282215 instructions 
Clk3 @ 139000000 Finished 284311 instructions 
Clk3 @ 140000000 Finished 286351 instructions 
Clk7 @ 141000000 Finished 288414 instructions 
Clk@ 141763825 Working on the # 290000 th memory instruction
Clk3 @ 142000000 Finished 290498 instructions 
Clk7 @ 143000000 Finished 292583 instructions 
Clk7 @ 144000000 Finished 294665 instructions 
Clk3 @ 145000000 Finished 296744 instructions 
Clk7 @ 146000000 Finished 298836 instructions 
Clk@ 146567096 Working on the # 300000 th memory instruction
Clk3 @ 147000000 Finished 300898 instructions 
Clk3 @ 148000000 Finished 302990 instructions 
Clk7 @ 149000000 Finished 305024 instructions 
Clk3 @ 150000000 Finished 307099 instructions 
Clk3 @ 151000000 Finished 309087 instructions 
Clk@ 151433760 Working on the # 310000 th memory instruction
Clk7 @ 152000000 Finished 311200 instructions 
Clk3 @ 153000000 Finished 313279 instructions 
Clk3 @ 154000000 Finished 315149 instructions 
Clk3 @ 155000000 Finished 317215 instructions 
Clk3 @ 156000000 Finished 319305 instructions 
Clk@ 156333299 Working on the # 320000 th memory instruction
Clk3 @ 157000000 Finished 321361 instructions 
Clk3 @ 158000000 Finished 323433 instructions 
Clk3 @ 159000000 Finished 325535 instructions 
Clk3 @ 160000000 Finished 327631 instructions 
Clk3 @ 161000000 Finished 329649 instructions 
Clk@ 161165984 Working on the # 330000 th memory instruction
Clk7 @ 162000000 Finished 331749 instructions 
Clk7 @ 163000000 Finished 333838 instructions 
Clk7 @ 164000000 Finished 335928 instructions 
Clk7 @ 165000000 Finished 338032 instructions 
Clk@ 165946107 Working on the # 340000 th memory instruction
Clk3 @ 166000000 Finished 340111 instructions 
Clk7 @ 167000000 Finished 342079 instructions 
Clk7 @ 168000000 Finished 344153 instructions 
Clk7 @ 169000000 Finished 346275 instructions 
Clk7 @ 170000000 Finished 348359 instructions 
Clk@ 170805860 Working on the # 350000 th memory instruction
Clk3 @ 171000000 Finished 350399 instructions 
Clk3 @ 172000000 Finished 352457 instructions 
Clk3 @ 173000000 Finished 354446 instructions 
Clk3 @ 174000000 Finished 356495 instructions 
Clk3 @ 175000000 Finished 358553 instructions 
Clk@ 175675909 Working on the # 360000 th memory instruction
Clk7 @ 176000000 Finished 360623 instructions 
Clk3 @ 177000000 Finished 362607 instructions 
Clk7 @ 178000000 Finished 364597 instructions 
Clk7 @ 179000000 Finished 366463 instructions 
Clk7 @ 180000000 Finished 368070 instructions 
Clk@ 180973810 Working on the # 370000 th memory instruction
Clk3 @ 181000000 Finished 370055 instructions 
Clk3 @ 182000000 Finished 372095 instructions 
Clk3 @ 183000000 Finished 374109 instructions 
Clk3 @ 184000000 Finished 376168 instructions 
Clk3 @ 185000000 Finished 378255 instructions 
Clk@ 185840772 Working on the # 380000 th memory instruction
Clk7 @ 186000000 Finished 380300 instructions 
Clk7 @ 187000000 Finished 382354 instructions 
Clk3 @ 188000000 Finished 384432 instructions 
Clk7 @ 189000000 Finished 386515 instructions 
Clk3 @ 190000000 Finished 388570 instructions 
Clk@ 190686078 Working on the # 390000 th memory instruction
Clk7 @ 191000000 Finished 390656 instructions 
Clk3 @ 192000000 Finished 392772 instructions 
Clk3 @ 193000000 Finished 394689 instructions 
Clk7 @ 194000000 Finished 396788 instructions 
Clk3 @ 195000000 Finished 398881 instructions 
Clk@ 195545097 Working on the # 400000 th memory instruction
Clk3 @ 196000000 Finished 400951 instructions 
Clk3 @ 197000000 Finished 403041 instructions 
Clk7 @ 197000000 Finished 403041 instructions 
Clk3 @ 198000000 Finished 405127 instructions 
Clk7 @ 199000000 Finished 407144 instructions 
Clk3 @ 200000000 Finished 409215 instructions 
Clk@ 200392019 Working on the # 410000 th memory instruction
Clk3 @ 201000000 Finished 411267 instructions 
Clk3 @ 202000000 Finished 413311 instructions 
Clk7 @ 203000000 Finished 415392 instructions 
Clk7 @ 204000000 Finished 417434 instructions 
Clk3 @ 205000000 Finished 419315 instructions 
Clk@ 205430237 Working on the # 420000 th memory instruction
Clk7 @ 206000000 Finished 421124 instructions 
Clk3 @ 207000000 Finished 423154 instructions 
Clk3 @ 208000000 Finished 425233 instructions 
Clk3 @ 209000000 Finished 427239 instructions 
Clk7 @ 210000000 Finished 429279 instructions 
Clk@ 210369342 Working on the # 430000 th memory instruction
Clk7 @ 211000000 Finished 431272 instructions 
Clk3 @ 212000000 Finished 433265 instructions 
Clk3 @ 213000000 Finished 435335 instructions 
Clk3 @ 214000000 Finished 437372 instructions 
Clk7 @ 215000000 Finished 439419 instructions 
Clk@ 215279162 Working on the # 440000 th memory instruction
Clk3 @ 216000000 Finished 441511 instructions 
Clk3 @ 217000000 Finished 443609 instructions 
Clk7 @ 218000000 Finished 445631 instructions 
Clk7 @ 219000000 Finished 447597 instructions 
Clk3 @ 220000000 Finished 449682 instructions 
Clk@ 220150312 Working on the # 450000 th memory instruction
Clk7 @ 221000000 Finished 451776 instructions 
Clk3 @ 222000000 Finished 453845 instructions 
Clk3 @ 223000000 Finished 455902 instructions 
Clk7 @ 224000000 Finished 457999 instructions 
Clk@ 224990264 Working on the # 460000 th memory instruction
Clk3 @ 225000000 Finished 460023 instructions 
Clk3 @ 226000000 Finished 462103 instructions 
Clk3 @ 227000000 Finished 464215 instructions 
Clk3 @ 228000000 Finished 466295 instructions 
Clk3 @ 229000000 Finished 468404 instructions 
Clk@ 229765211 Working on the # 470000 th memory instruction
Clk7 @ 230000000 Finished 470469 instructions 
Clk3 @ 231000000 Finished 472300 instructions 
Clk3 @ 232000000 Finished 474304 instructions 
Clk3 @ 233000000 Finished 476386 instructions 
Clk3 @ 234000000 Finished 478439 instructions 
Clk@ 234758814 Working on the # 480000 th memory instruction
Clk7 @ 235000000 Finished 480504 instructions 
Clk3 @ 236000000 Finished 482575 instructions 
Clk3 @ 237000000 Finished 484669 instructions 
Clk7 @ 238000000 Finished 486695 instructions 
Clk3 @ 239000000 Finished 488737 instructions 
Clk@ 239614741 Working on the # 490000 th memory instruction
Clk7 @ 240000000 Finished 490817 instructions 
Clk7 @ 241000000 Finished 492869 instructions 
Clk7 @ 242000000 Finished 494963 instructions 
Clk3 @ 243000000 Finished 497077 instructions 
Clk3 @ 244000000 Finished 499055 instructions 
Clk@ 244454431 Working on the # 500000 th memory instruction
Warm up done after line access count: 500000 out of 1000000 (50 %)
Clk3 @ 245000000 Finished 501119 instructions 
Clk3 @ 247000000 Finished 505169 instructions 
Clk7 @ 248000000 Finished 507106 instructions 
Clk7 @ 249000000 Finished 509143 instructions 
Clk@ 249409642 Working on the # 510000 th memory instruction
Clk7 @ 250000000 Finished 511215 instructions 
Clk3 @ 251000000 Finished 513265 instructions 
Clk7 @ 252000000 Finished 515321 instructions 
Clk3 @ 253000000 Finished 517399 instructions 
Clk3 @ 254000000 Finished 519458 instructions 
Clk@ 254261168 Working on the # 520000 th memory instruction
Clk3 @ 255000000 Finished 521525 instructions 
Clk3 @ 256000000 Finished 523594 instructions 
Clk3 @ 257000000 Finished 525327 instructions 
Clk7 @ 258000000 Finished 527288 instructions 
Clk7 @ 259000000 Finished 529358 instructions 
Clk@ 259317418 Working on the # 530000 th memory instruction
Clk3 @ 260000000 Finished 531391 instructions 
Clk3 @ 261000000 Finished 533466 instructions 
Clk7 @ 262000000 Finished 535550 instructions 
Clk3 @ 263000000 Finished 537562 instructions 
Clk3 @ 264000000 Finished 539647 instructions 
Clk@ 264166382 Working on the # 540000 th memory instruction
Clk7 @ 265000000 Finished 541705 instructions 
Clk7 @ 266000000 Finished 543727 instructions 
Clk7 @ 267000000 Finished 545777 instructions 
Clk3 @ 268000000 Finished 547703 instructions 
Clk3 @ 269000000 Finished 549754 instructions 
Clk@ 269116391 Working on the # 550000 th memory instruction
Clk3 @ 270000000 Finished 551778 instructions 
Clk3 @ 271000000 Finished 553866 instructions 
Clk3 @ 272000000 Finished 555951 instructions 
Clk3 @ 273000000 Finished 557992 instructions 
Clk3 @ 274000000 Finished 559964 instructions 
Clk@ 274018796 Working on the # 560000 th memory instruction
Clk3 @ 275000000 Finished 562001 instructions 
Clk3 @ 276000000 Finished 564064 instructions 
Clk3 @ 277000000 Finished 566168 instructions 
Clk3 @ 278000000 Finished 568252 instructions 
Clk@ 278863630 Working on the # 570000 th memory instruction
Clk3 @ 279000000 Finished 570225 instructions 
Clk3 @ 280000000 Finished 572257 instructions 
Clk7 @ 281000000 Finished 574352 instructions 
Clk7 @ 282000000 Finished 576447 instructions 
Clk3 @ 283000000 Finished 578391 instructions 
Clk@ 283771715 Working on the # 580000 th memory instruction
Clk7 @ 284000000 Finished 580469 instructions 
Clk3 @ 285000000 Finished 582569 instructions 
Clk3 @ 286000000 Finished 584614 instructions 
Clk7 @ 287000000 Finished 586697 instructions 
Clk7 @ 288000000 Finished 588748 instructions 
Clk@ 288621500 Working on the # 590000 th memory instruction
Clk3 @ 289000000 Finished 590777 instructions 
Clk3 @ 290000000 Finished 592879 instructions 
Clk3 @ 291000000 Finished 594921 instructions 
Clk3 @ 292000000 Finished 597017 instructions 
Clk3 @ 293000000 Finished 599097 instructions 
Clk@ 293447063 Working on the # 600000 th memory instruction
Clk7 @ 294000000 Finished 601158 instructions 
Clk3 @ 295000000 Finished 603167 instructions 
Clk3 @ 296000000 Finished 605251 instructions 
Clk7 @ 297000000 Finished 607296 instructions 
Clk7 @ 298000000 Finished 609360 instructions 
Clk@ 298323595 Working on the # 610000 th memory instruction
Clk3 @ 299000000 Finished 611415 instructions 
Clk3 @ 300000000 Finished 613466 instructions 
Clk3 @ 301000000 Finished 615519 instructions 
Clk3 @ 302000000 Finished 617436 instructions 
Clk3 @ 303000000 Finished 619495 instructions 
Clk@ 303238916 Working on the # 620000 th memory instruction
Clk7 @ 304000000 Finished 621586 instructions 
Clk3 @ 305000000 Finished 623650 instructions 
Clk3 @ 306000000 Finished 625730 instructions 
Clk3 @ 307000000 Finished 627747 instructions 
Clk7 @ 308000000 Finished 629541 instructions 
Clk@ 308255054 Working on the # 630000 th memory instruction
Clk7 @ 309000000 Finished 631472 instructions 
Clk7 @ 310000000 Finished 633522 instructions 
Clk3 @ 311000000 Finished 635603 instructions 
Clk3 @ 312000000 Finished 637642 instructions 
Clk7 @ 313000000 Finished 639714 instructions 
Clk@ 313134442 Working on the # 640000 th memory instruction
Clk3 @ 314000000 Finished 641821 instructions 
Clk7 @ 315000000 Finished 643795 instructions 
Clk3 @ 316000000 Finished 645858 instructions 
Clk3 @ 317000000 Finished 647959 instructions 
Clk@ 317981414 Working on the # 650000 th memory instruction
Clk7 @ 318000000 Finished 650039 instructions 
Clk3 @ 319000000 Finished 652125 instructions 
Clk7 @ 320000000 Finished 654193 instructions 
Clk3 @ 321000000 Finished 656133 instructions 
Clk3 @ 322000000 Finished 658217 instructions 
Clk@ 322862897 Working on the # 660000 th memory instruction
Clk7 @ 323000000 Finished 660286 instructions 
Clk3 @ 324000000 Finished 662359 instructions 
Clk3 @ 325000000 Finished 664425 instructions 
Clk3 @ 326000000 Finished 666527 instructions 
Clk7 @ 327000000 Finished 668572 instructions 
Clk@ 327680750 Working on the # 670000 th memory instruction
Clk3 @ 328000000 Finished 670665 instructions 
Clk3 @ 329000000 Finished 672727 instructions 
Clk3 @ 330000000 Finished 674816 instructions 
Clk3 @ 331000000 Finished 676907 instructions 
Clk3 @ 332000000 Finished 678951 instructions 
Clk@ 332505695 Working on the # 680000 th memory instruction
Clk3 @ 333000000 Finished 680991 instructions 
Clk3 @ 334000000 Finished 682870 instructions 
Clk7 @ 335000000 Finished 684949 instructions 
Clk3 @ 336000000 Finished 687070 instructions 
Clk3 @ 337000000 Finished 689142 instructions 
Clk@ 337410363 Working on the # 690000 th memory instruction
Clk3 @ 338000000 Finished 691241 instructions 
Clk3 @ 339000000 Finished 693316 instructions 
Clk3 @ 340000000 Finished 695343 instructions 
Clk3 @ 341000000 Finished 697432 instructions 
Clk7 @ 342000000 Finished 699448 instructions 
Clk@ 342272705 Working on the # 700000 th memory instruction
Clk3 @ 343000000 Finished 701463 instructions 
Clk3 @ 344000000 Finished 703519 instructions 
Clk3 @ 345000000 Finished 705574 instructions 
Clk7 @ 346000000 Finished 707618 instructions 
Clk7 @ 347000000 Finished 709534 instructions 
Clk@ 347223601 Working on the # 710000 th memory instruction
Clk7 @ 348000000 Finished 711562 instructions 
Clk7 @ 349000000 Finished 713599 instructions 
Clk3 @ 350000000 Finished 715662 instructions 
Clk3 @ 351000000 Finished 717731 instructions 
Clk3 @ 352000000 Finished 719841 instructions 
Clk@ 352074628 Working on the # 720000 th memory instruction
Clk7 @ 353000000 Finished 721783 instructions 
Clk7 @ 354000000 Finished 723774 instructions 
Clk3 @ 355000000 Finished 725791 instructions 
Clk7 @ 356000000 Finished 727776 instructions 
Clk7 @ 357000000 Finished 729751 instructions 
Clk@ 357129246 Working on the # 730000 th memory instruction
Clk3 @ 358000000 Finished 731677 instructions 
Clk7 @ 359000000 Finished 733479 instructions 
Clk7 @ 360000000 Finished 735071 instructions 
Clk7 @ 361000000 Finished 736844 instructions 
Clk3 @ 362000000 Finished 738836 instructions 
Clk@ 362556497 Working on the # 740000 th memory instruction
Clk3 @ 363000000 Finished 740848 instructions 
Clk3 @ 364000000 Finished 742923 instructions 
Clk3 @ 365000000 Finished 744950 instructions 
Clk7 @ 366000000 Finished 746968 instructions 
Clk3 @ 367000000 Finished 748919 instructions 
Clk@ 367530994 Working on the # 750000 th memory instruction
Clk3 @ 368000000 Finished 750959 instructions 
Clk7 @ 369000000 Finished 753008 instructions 
Clk7 @ 370000000 Finished 755022 instructions 
Clk3 @ 371000000 Finished 757103 instructions 
Clk7 @ 372000000 Finished 759190 instructions 
Clk@ 372413092 Working on the # 760000 th memory instruction
Clk7 @ 373000000 Finished 761103 instructions 
Clk7 @ 374000000 Finished 763186 instructions 
Clk3 @ 375000000 Finished 765247 instructions 
Clk3 @ 376000000 Finished 767311 instructions 
Clk3 @ 377000000 Finished 769339 instructions 
Clk@ 377313790 Working on the # 770000 th memory instruction
Clk7 @ 378000000 Finished 771421 instructions 
Clk3 @ 379000000 Finished 773459 instructions 
Clk3 @ 380000000 Finished 775516 instructions 
Clk3 @ 381000000 Finished 777604 instructions 
Clk7 @ 382000000 Finished 779688 instructions 
Clk@ 382160927 Working on the # 780000 th memory instruction
Clk7 @ 383000000 Finished 781756 instructions 
Clk3 @ 384000000 Finished 783844 instructions 
Clk3 @ 385000000 Finished 785919 instructions 
Clk7 @ 386000000 Finished 787725 instructions 
Clk@ 387099296 Working on the # 790000 th memory instruction
Clk3 @ 388000000 Finished 791900 instructions 
Clk3 @ 389000000 Finished 793964 instructions 
Clk3 @ 390000000 Finished 796063 instructions 
Clk3 @ 391000000 Finished 798119 instructions 
Clk@ 391914697 Working on the # 800000 th memory instruction
Clk7 @ 392000000 Finished 800181 instructions 
Clk7 @ 393000000 Finished 802264 instructions 
Clk3 @ 394000000 Finished 804312 instructions 
Clk3 @ 395000000 Finished 806378 instructions 
Clk3 @ 396000000 Finished 808470 instructions 
Clk@ 396761023 Working on the # 810000 th memory instruction
Clk7 @ 397000000 Finished 810501 instructions 
Clk7 @ 398000000 Finished 812564 instructions 
Clk7 @ 399000000 Finished 814533 instructions 
Clk7 @ 400000000 Finished 816600 instructions 
Clk3 @ 401000000 Finished 818674 instructions 
Clk@ 401649575 Working on the # 820000 th memory instruction
Clk3 @ 402000000 Finished 820740 instructions 
Clk7 @ 403000000 Finished 822807 instructions 
Clk7 @ 404000000 Finished 824887 instructions 
Clk3 @ 405000000 Finished 826919 instructions 
Clk3 @ 406000000 Finished 828992 instructions 
Clk@ 406490257 Working on the # 830000 th memory instruction
Clk3 @ 407000000 Finished 831055 instructions 
Clk3 @ 408000000 Finished 833028 instructions 
Clk3 @ 409000000 Finished 835131 instructions 
Clk3 @ 410000000 Finished 837082 instructions 
Clk3 @ 411000000 Finished 838865 instructions 
Clk@ 411662406 Working on the # 840000 th memory instruction
Clk7 @ 412000000 Finished 840656 instructions 
Clk7 @ 413000000 Finished 842667 instructions 
Clk3 @ 414000000 Finished 844727 instructions 
Clk3 @ 415000000 Finished 846754 instructions 
Clk7 @ 416000000 Finished 848831 instructions 
Clk@ 416565511 Working on the # 850000 th memory instruction
Clk3 @ 417000000 Finished 850910 instructions 
Clk7 @ 418000000 Finished 852898 instructions 
Clk3 @ 419000000 Finished 854960 instructions 
Clk7 @ 420000000 Finished 857007 instructions 
Clk7 @ 421000000 Finished 859023 instructions 
Clk@ 421492717 Working on the # 860000 th memory instruction
Clk7 @ 422000000 Finished 861039 instructions 
Clk3 @ 423000000 Finished 863103 instructions 
Clk3 @ 424000000 Finished 865093 instructions 
Clk3 @ 425000000 Finished 867111 instructions 
Clk7 @ 426000000 Finished 869199 instructions 
Clk@ 426392669 Working on the # 870000 th memory instruction
Clk3 @ 427000000 Finished 871255 instructions 
Clk7 @ 428000000 Finished 873287 instructions 
Clk3 @ 429000000 Finished 875255 instructions 
Clk3 @ 430000000 Finished 877320 instructions 
Clk7 @ 431000000 Finished 879311 instructions 
Clk@ 431332817 Working on the # 880000 th memory instruction
Clk7 @ 432000000 Finished 881394 instructions 
Clk3 @ 433000000 Finished 883463 instructions 
Clk7 @ 434000000 Finished 885520 instructions 
Clk3 @ 435000000 Finished 887607 instructions 
Clk3 @ 436000000 Finished 889674 instructions 
Clk@ 436154751 Working on the # 890000 th memory instruction
Clk7 @ 437000000 Finished 891543 instructions 
Clk3 @ 438000000 Finished 893490 instructions 
Clk3 @ 439000000 Finished 895561 instructions 
Clk7 @ 440000000 Finished 897627 instructions 
Clk7 @ 441000000 Finished 899688 instructions 
Clk@ 441152228 Working on the # 900000 th memory instruction
Clk7 @ 442000000 Finished 901727 instructions 
Clk3 @ 444000000 Finished 905867 instructions 
Clk3 @ 445000000 Finished 907919 instructions 
Clk7 @ 446000000 Finished 909975 instructions 
Clk@ 446014367 Working on the # 910000 th memory instruction
Clk7 @ 447000000 Finished 912021 instructions 
Clk7 @ 448000000 Finished 914124 instructions 
Clk3 @ 449000000 Finished 916208 instructions 
Clk7 @ 450000000 Finished 918173 instructions 
Clk@ 450898041 Working on the # 920000 th memory instruction
Clk3 @ 451000000 Finished 920215 instructions 
Clk3 @ 452000000 Finished 922274 instructions 
Clk3 @ 453000000 Finished 924332 instructions 
Clk3 @ 454000000 Finished 926431 instructions 
Clk3 @ 455000000 Finished 928527 instructions 
Clk@ 455714480 Working on the # 930000 th memory instruction
Clk3 @ 456000000 Finished 930584 instructions 
Clk3 @ 457000000 Finished 932620 instructions 
Clk3 @ 458000000 Finished 934695 instructions 
Clk3 @ 459000000 Finished 936795 instructions 
Clk7 @ 460000000 Finished 938867 instructions 
Clk@ 460554009 Working on the # 940000 th memory instruction
Clk7 @ 461000000 Finished 940875 instructions 
Clk7 @ 462000000 Finished 942831 instructions 
Clk7 @ 463000000 Finished 944542 instructions 
Clk7 @ 464000000 Finished 946464 instructions 
Clk3 @ 465000000 Finished 948478 instructions 
Clk@ 465739462 Working on the # 950000 th memory instruction
Clk3 @ 466000000 Finished 950497 instructions 
Clk3 @ 467000000 Finished 952599 instructions 
Clk3 @ 468000000 Finished 954670 instructions 
Clk3 @ 469000000 Finished 956719 instructions 
Clk3 @ 470000000 Finished 958697 instructions 
Clk@ 470628349 Working on the # 960000 th memory instruction
Clk7 @ 471000000 Finished 960765 instructions 
Clk3 @ 472000000 Finished 962825 instructions 
Clk3 @ 473000000 Finished 964865 instructions 
Clk7 @ 474000000 Finished 966931 instructions 
Clk3 @ 475000000 Finished 969009 instructions 
Clk@ 475516892 Working on the # 970000 th memory instruction
Clk7 @ 476000000 Finished 970962 instructions 
Clk3 @ 477000000 Finished 973015 instructions 
Clk3 @ 478000000 Finished 975023 instructions 
Clk3 @ 479000000 Finished 977055 instructions 
Clk3 @ 480000000 Finished 979082 instructions 
Clk@ 480441434 Working on the # 980000 th memory instruction
Clk3 @ 481000000 Finished 981169 instructions 
Clk7 @ 482000000 Finished 983221 instructions 
Clk7 @ 483000000 Finished 985247 instructions 
Clk7 @ 484000000 Finished 987315 instructions 
Clk3 @ 485000000 Finished 989389 instructions 
Clk@ 485304334 Working on the # 990000 th memory instruction
Clk3 @ 486000000 Finished 991458 instructions 
Clk7 @ 487000000 Finished 993546 instructions 
Clk3 @ 488000000 Finished 995574 instructions 
Clk3 @ 489000000 Finished 997487 instructions 
Clk3 @ 490000000 Finished 999527 instructions 
Clk@ 490227814 Working on the # 1000000 th memory instruction

===*** Data ***====
Stall reason distribution: 
mc_hazard: 0
normal: 0
rs_hazard: 0
rw_swtich: 0
Early reshuffle distribution: 
0: 0
1: 0
2: 0
3: 0
4: 0
5: 0
6: 0
7: 5507
8: 13937
9: 13754
10: 13833
11: 13778
12: 13794
13: 13323
14: 12666
15: 11434
16: 8708
17: 3539
18: 89
19: 0
20: 0
21: 0
22: 0
23: 0
24: 0
25: 0
=================
Max stash size is: 122
Average stash size is: 42.978
useful_read_pull_ddr: 500005 (1.13245) %
dummy_read_pull_ddr: 8699400 (19.703) %
useful_early_pull_ddr: 552538 (1.25143) %
useful_early_push_ddr: 252229 (0.571267) %
useful_write_pull_ddr: 9197474 (20.8311) %
useful_write_push_ddr: 3391732 (7.68185) %
dummy_early_pull_ddr: 69209 (0.15675) %
dummy_early_push_ddr: 1129431 (2.55802) %
dummy_write_pull_ddr: 1902 (0.00430779) %
dummy_write_push_ddr: 20358648 (46.1098) %
=================
Stash violation number of times: 0
=================
Check NodeID traffic: 7624255
Update NodeID traffic: 76
=================
Read RS lines: 1000000 (66.7234) %
Write RS lines: 250000 (16.6809) %
Early RS lines: 248724 (16.5957) %
Read DDR lines: 18398711 (21.2949) %
Write DDR lines: 64394512 (74.5309) %
Early DDR lines: 3606498 (4.1742) %

====*** pos1 ***====
Stall reason distribution: 
mc_hazard: 0
normal: 0
rs_hazard: 0
rw_swtich: 0
Early reshuffle distribution: 
0: 0
1: 0
2: 0
3: 0
4: 4982
5: 13673
6: 13648
7: 13807
8: 13863
9: 13931
10: 13913
11: 13845
12: 13675
13: 13183
14: 12564
15: 11270
16: 8647
17: 3406
18: 93
19: 0
20: 0
21: 0
22: 0
=================
Max stash size is: 118
Average stash size is: 38.1882
useful_read_pull_ddr: 999994 (1.12333) %
dummy_read_pull_ddr: 17374825 (19.5178) %
useful_early_pull_ddr: 1314697 (1.47685) %
useful_early_push_ddr: 615353 (0.69125) %
useful_write_pull_ddr: 18353782 (20.6175) %
useful_write_push_ddr: 7801728 (8.76399) %
dummy_early_pull_ddr: 165803 (0.186253) %
dummy_early_push_ddr: 2674647 (3.00454) %
dummy_write_pull_ddr: 21218 (0.023835) %
dummy_write_push_ddr: 39698272 (44.5946) %
=================
Stash violation number of times: 0
=================
Check NodeID traffic: 11469100
Update NodeID traffic: 18
=================
Read RS lines: 1000000 (63.3312) %
Write RS lines: 250000 (15.8328) %
Early RS lines: 329000 (20.836) %
Read DDR lines: 18374819 (21.0099) %
Write DDR lines: 64312500 (73.5354) %
Early DDR lines: 4770500 (5.45463) %

====*** pos2 ***====
Stall reason distribution: 
mc_hazard: 0
normal: 0
rs_hazard: 0
rw_swtich: 0
Early reshuffle distribution: 
0: 0
1: 0
2: 0
3: 4563
4: 13043
5: 13534
6: 13621
7: 13856
8: 13977
9: 13866
10: 13910
11: 13704
12: 13657
13: 13267
14: 12317
15: 10677
16: 7833
17: 2505
18: 16
19: 0
=================
Max stash size is: 123
Average stash size is: 36.7096
useful_read_pull_ddr: 999990 (1.24523) %
dummy_read_pull_ddr: 15374670 (19.1452) %
useful_early_pull_ddr: 1385268 (1.72499) %
useful_early_push_ddr: 660673 (0.822698) %
useful_write_pull_ddr: 16216906 (20.194) %
useful_write_push_ddr: 8158403 (10.1592) %
dummy_early_pull_ddr: 183846 (0.228933) %
dummy_early_push_ddr: 2826247 (3.51936) %
dummy_write_pull_ddr: 158094 (0.196865) %
dummy_write_push_ddr: 34341597 (42.7636) %
=================
Stash violation number of times: 0
=================
Check NodeID traffic: 7530429
Update NodeID traffic: 6
=================
Read RS lines: 1000000 (62.5511) %
Write RS lines: 250000 (15.6378) %
Early RS lines: 348692 (21.8111) %
Read DDR lines: 16374660 (20.795) %
Write DDR lines: 57312500 (72.7841) %
Early DDR lines: 5056034 (6.42092) %
=================
The final DRAM clk is: 490231209 ticks.
Idle waiting clk is 195362221, which is 39.851 %
DRAM Frequency is: 1600MHz
The final time in ns is: 3.06395e+08 ns.
Time distribution: 
Data pull time is: 0
data: 0
pos1: 0
pos2: 0
Data distribution: 
Pos2 data: 78743194
Pos1 data: 87457819
Data: 86399721
Node access DDR: 15248510
Pull DDR: 18398711
WB DDR: 64394512
Early DDR: 3606498
Achieved BW is: 59.9178 GB/s
Ideal BW is: 102.4 GB/s
Metadata cache conclusion: 
overall_hit: 17373389 overall_total: 32624362
Cache Size 64 KB Overall Hit rate: 53.2528 %. 
Simulation done. Statistics written to my_output.txt
