Valid leaf ID range: 16777215:33554430
Num of top nodes: 16777216
Data level num of ways: 4096
Z: 16
S: 27
A: 20
cached_total: 4096
Total number of ORAM protected cache line blocks: 16777216
Cached number of levels: 11
Max number of levels: 25
Start lvl is: 12
data valid leaf right: 33554431
data num of levels: 25
data level num of ways: 4096
data number of sets: 4096
Cached node ID: 4095 -- 4190
Address space: 0 - 4 GB
pos1 valid leaf right: 4194303
pos1 num of levels: 22
pos1 level num of ways: 512
pos1 number of sets: 4096
Cached node ID: 4095 -- 4106
Address space: 0 - 0.5 GB
pos2 valid leaf right: 524287
pos2 num of levels: 19
pos2 level num of ways: 64
pos2 number of sets: 4096
Cached node ID: 4095 -- 4100
Address space: 0 - 0.0625 GB
Clk3 @ 1000000 Finished 7794 instructions 
Clk@ 1282449 Working on the # 10000 th memory instruction
Clk3 @ 2000000 Finished 15610 instructions 
Clk@ 2561764 Working on the # 20000 th memory instruction
Clk7 @ 3000000 Finished 23421 instructions 
Clk@ 3849646 Working on the # 30000 th memory instruction
Clk7 @ 4000000 Finished 31166 instructions 
Clk3 @ 5000000 Finished 38859 instructions 
Clk@ 5148045 Working on the # 40000 th memory instruction
Clk7 @ 6000000 Finished 45991 instructions 
Clk@ 6678416 Working on the # 50000 th memory instruction
Clk7 @ 7000000 Finished 51833 instructions 
Sampling stash size at 54000 req has stash size of: 49754
Clk7 @ 8000000 Finished 57096 instructions 
Clk@ 8687140 Working on the # 60000 th memory instruction
Clk3 @ 9000000 Finished 61318 instructions 
Clk3 @ 10000000 Finished 65131 instructions 
Clk3 @ 11000000 Finished 68614 instructions 
Clk@ 11431326 Working on the # 70000 th memory instruction
Clk7 @ 12000000 Finished 71895 instructions 
Sampling stash size at 72000 req has stash size of: 46558
Clk3 @ 13000000 Finished 74916 instructions 
Clk7 @ 14000000 Finished 77995 instructions 
Clk@ 14629177 Working on the # 80000 th memory instruction
Clk7 @ 15000000 Finished 81132 instructions 
Clk3 @ 16000000 Finished 84247 instructions 
Clk7 @ 17000000 Finished 87419 instructions 
Clk@ 17765758 Working on the # 90000 th memory instruction
Clk3 @ 18000000 Finished 90844 instructions 
Clk3 @ 19000000 Finished 94610 instructions 
Clk7 @ 20000000 Finished 98515 instructions 
Clk@ 20346983 Working on the # 100000 th memory instruction
Clk7 @ 21000000 Finished 102936 instructions 
Clk3 @ 22000000 Finished 107746 instructions 
Clk7 @ 22000000 Finished 107746 instructions 
Clk@ 22467510 Working on the # 110000 th memory instruction
Clk3 @ 23000000 Finished 112833 instructions 
Clk3 @ 24000000 Finished 118000 instructions 
Clk@ 24391253 Working on the # 120000 th memory instruction
Clk3 @ 25000000 Finished 123266 instructions 
Clk3 @ 26000000 Finished 128429 instructions 
Clk@ 26311475 Working on the # 130000 th memory instruction
Clk7 @ 27000000 Finished 133304 instructions 
Clk3 @ 28000000 Finished 138057 instructions 
Clk@ 28447160 Working on the # 140000 th memory instruction
Clk7 @ 29000000 Finished 142382 instructions 
Clk3 @ 30000000 Finished 146548 instructions 
Clk@ 30850562 Working on the # 150000 th memory instruction
Clk3 @ 31000000 Finished 150596 instructions 
Clk7 @ 32000000 Finished 154291 instructions 
Clk3 @ 33000000 Finished 158185 instructions 
Clk@ 33488914 Working on the # 160000 th memory instruction
Clk3 @ 34000000 Finished 162011 instructions 
Clk7 @ 36000000 Finished 169615 instructions 
Clk@ 36095713 Working on the # 170000 th memory instruction
Sampling stash size at 173000 req has stash size of: 36835
Clk3 @ 37000000 Finished 173810 instructions 
Clk3 @ 38000000 Finished 177849 instructions 
Clk@ 38503148 Working on the # 180000 th memory instruction
Clk3 @ 39000000 Finished 182093 instructions 
Clk7 @ 40000000 Finished 186594 instructions 
Clk@ 40768876 Working on the # 190000 th memory instruction
Clk7 @ 41000000 Finished 191085 instructions 
Clk3 @ 42000000 Finished 195576 instructions 
Clk@ 42951223 Working on the # 200000 th memory instruction
Clk3 @ 43000000 Finished 200190 instructions 
Sampling stash size at 202000 req has stash size of: 38631
Sampling stash size at 203000 req has stash size of: 38748
Clk3 @ 44000000 Finished 204746 instructions 
Clk7 @ 45000000 Finished 209395 instructions 
Clk@ 45131539 Working on the # 210000 th memory instruction
Clk7 @ 46000000 Finished 213877 instructions 
Clk3 @ 47000000 Finished 218227 instructions 
Clk@ 47450528 Working on the # 220000 th memory instruction
Clk3 @ 48000000 Finished 222387 instructions 
Clk3 @ 49000000 Finished 226493 instructions 
Clk@ 49851531 Working on the # 230000 th memory instruction
Clk3 @ 50000000 Finished 230627 instructions 
Clk3 @ 51000000 Finished 234837 instructions 
Clk3 @ 52000000 Finished 239025 instructions 
Clk@ 52227387 Working on the # 240000 th memory instruction
Clk3 @ 53000000 Finished 243274 instructions 
Clk7 @ 54000000 Finished 247613 instructions 
Clk@ 54582669 Working on the # 250000 th memory instruction
Clk7 @ 55000000 Finished 251809 instructions 
Clk3 @ 56000000 Finished 255818 instructions 
Clk3 @ 57000000 Finished 259961 instructions 
Clk@ 57006935 Working on the # 260000 th memory instruction
Sampling stash size at 261000 req has stash size of: 38083
Clk3 @ 58000000 Finished 264381 instructions 
Clk3 @ 59000000 Finished 268605 instructions 
Clk@ 59309862 Working on the # 270000 th memory instruction
Clk3 @ 60000000 Finished 272998 instructions 
Clk3 @ 61000000 Finished 277369 instructions 
Sampling stash size at 278000 req has stash size of: 39025
Clk@ 61604817 Working on the # 280000 th memory instruction
Clk3 @ 62000000 Finished 281689 instructions 
Clk3 @ 63000000 Finished 286272 instructions 
Clk@ 63907039 Working on the # 290000 th memory instruction
Clk3 @ 64000000 Finished 290419 instructions 
Clk3 @ 65000000 Finished 294639 instructions 
Clk@ 66252779 Working on the # 300000 th memory instruction
Clk3 @ 67000000 Finished 303363 instructions 
Sampling stash size at 304000 req has stash size of: 39387
Clk7 @ 68000000 Finished 307348 instructions 
Clk@ 68654985 Working on the # 310000 th memory instruction
Clk3 @ 70000000 Finished 315737 instructions 
Clk@ 70992849 Working on the # 320000 th memory instruction
Clk7 @ 71000000 Finished 320034 instructions 
Sampling stash size at 321000 req has stash size of: 38411
Sampling stash size at 322000 req has stash size of: 38351
Clk3 @ 72000000 Finished 324341 instructions 
Clk3 @ 73000000 Finished 328452 instructions 
Clk@ 73341066 Working on the # 330000 th memory instruction
Clk3 @ 74000000 Finished 332658 instructions 
Clk7 @ 75000000 Finished 337172 instructions 
Clk@ 75674162 Working on the # 340000 th memory instruction
Sampling stash size at 341000 req has stash size of: 38459
Clk3 @ 76000000 Finished 341388 instructions 
Clk3 @ 77000000 Finished 345847 instructions 
Sampling stash size at 346000 req has stash size of: 38982
Clk@ 77996345 Working on the # 350000 th memory instruction
Clk3 @ 78000000 Finished 350016 instructions 
Sampling stash size at 353000 req has stash size of: 38960
Clk7 @ 79000000 Finished 354285 instructions 
Clk3 @ 80000000 Finished 358464 instructions 
Clk@ 80329149 Working on the # 360000 th memory instruction
Clk3 @ 81000000 Finished 362881 instructions 
Clk7 @ 82000000 Finished 367020 instructions 
Sampling stash size at 369000 req has stash size of: 38592
Clk@ 82696354 Working on the # 370000 th memory instruction
Clk3 @ 83000000 Finished 371266 instructions 
Clk3 @ 84000000 Finished 375724 instructions 
Clk@ 84963725 Working on the # 380000 th memory instruction
Clk3 @ 85000000 Finished 380126 instructions 
Sampling stash size at 382000 req has stash size of: 39154
Clk3 @ 86000000 Finished 384065 instructions 
Clk3 @ 87000000 Finished 388160 instructions 
Clk@ 87419629 Working on the # 390000 th memory instruction
Clk7 @ 88000000 Finished 392566 instructions 
Sampling stash size at 396000 req has stash size of: 38787
Clk3 @ 89000000 Finished 396739 instructions 
Clk@ 89772041 Working on the # 400000 th memory instruction
Clk3 @ 90000000 Finished 400913 instructions 
Sampling stash size at 404000 req has stash size of: 37890
Clk3 @ 91000000 Finished 404919 instructions 
Sampling stash size at 407000 req has stash size of: 37928
Clk3 @ 92000000 Finished 409318 instructions 
Clk@ 92164658 Working on the # 410000 th memory instruction
Clk3 @ 93000000 Finished 413543 instructions 
Clk7 @ 94000000 Finished 417939 instructions 
Clk@ 94477980 Working on the # 420000 th memory instruction
Clk3 @ 95000000 Finished 422392 instructions 
Clk7 @ 96000000 Finished 426614 instructions 
Sampling stash size at 429000 req has stash size of: 38691
Clk@ 96803514 Working on the # 430000 th memory instruction
Clk3 @ 97000000 Finished 430842 instructions 
Clk7 @ 98000000 Finished 435113 instructions 
Clk7 @ 99000000 Finished 439518 instructions 
Clk@ 99128238 Working on the # 440000 th memory instruction
Sampling stash size at 441000 req has stash size of: 38981
Clk7 @ 100000000 Finished 443897 instructions 
Clk7 @ 101000000 Finished 448118 instructions 
Clk@ 101443305 Working on the # 450000 th memory instruction
Clk3 @ 102000000 Finished 452341 instructions 
Clk7 @ 102000000 Finished 452341 instructions 
Clk3 @ 103000000 Finished 456650 instructions 
Clk@ 103775050 Working on the # 460000 th memory instruction
Clk3 @ 104000000 Finished 460990 instructions 
Clk3 @ 105000000 Finished 465218 instructions 
Clk3 @ 106000000 Finished 469351 instructions 
Clk@ 106141644 Working on the # 470000 th memory instruction
Sampling stash size at 470000 req has stash size of: 38810
Clk3 @ 107000000 Finished 473639 instructions 
Clk3 @ 108000000 Finished 477814 instructions 
Clk@ 108530194 Working on the # 480000 th memory instruction
Clk3 @ 109000000 Finished 482080 instructions 
Clk7 @ 109000000 Finished 482080 instructions 
Clk3 @ 110000000 Finished 486370 instructions 
Clk@ 110830990 Working on the # 490000 th memory instruction
Clk7 @ 111000000 Finished 490713 instructions 
Clk3 @ 112000000 Finished 495017 instructions 
Sampling stash size at 496000 req has stash size of: 38920
Clk7 @ 113000000 Finished 499159 instructions 
Clk@ 113196638 Working on the # 500000 th memory instruction
Warm up done after line access count: 500000 out of 1000000 (50 %)
Sampling stash size at 500000 req has stash size of: 38738
Clk7 @ 114000000 Finished 503484 instructions 
Sampling stash size at 504000 req has stash size of: 38827
Clk3 @ 115000000 Finished 507539 instructions 
Sampling stash size at 509000 req has stash size of: 38336
Clk@ 115630283 Working on the # 510000 th memory instruction
Clk3 @ 116000000 Finished 511607 instructions 
Clk3 @ 117000000 Finished 516043 instructions 
Sampling stash size at 518000 req has stash size of: 38133
Clk@ 117910453 Working on the # 520000 th memory instruction
Clk7 @ 118000000 Finished 520447 instructions 
Clk3 @ 119000000 Finished 524835 instructions 
Sampling stash size at 528000 req has stash size of: 38898
Clk7 @ 120000000 Finished 529003 instructions 
Clk@ 120237630 Working on the # 530000 th memory instruction
Sampling stash size at 531000 req has stash size of: 38954
Clk3 @ 121000000 Finished 533201 instructions 
Clk3 @ 122000000 Finished 537227 instructions 
Clk@ 122678320 Working on the # 540000 th memory instruction
Clk7 @ 123000000 Finished 541289 instructions 
Clk3 @ 124000000 Finished 545646 instructions 
Clk3 @ 125000000 Finished 549920 instructions 
Clk@ 125020195 Working on the # 550000 th memory instruction
Clk3 @ 126000000 Finished 554095 instructions 
Clk7 @ 127000000 Finished 558265 instructions 
Clk@ 127426558 Working on the # 560000 th memory instruction
Clk3 @ 128000000 Finished 562546 instructions 
Clk3 @ 129000000 Finished 566630 instructions 
Clk@ 129801812 Working on the # 570000 th memory instruction
Clk3 @ 130000000 Finished 570922 instructions 
Clk7 @ 131000000 Finished 575162 instructions 
Clk@ 132146882 Working on the # 580000 th memory instruction
Sampling stash size at 582000 req has stash size of: 38947
Clk3 @ 133000000 Finished 583668 instructions 
Clk3 @ 134000000 Finished 587837 instructions 
Clk@ 134534453 Working on the # 590000 th memory instruction
Sampling stash size at 592000 req has stash size of: 39112
Clk3 @ 135000000 Finished 592045 instructions 
Clk3 @ 136000000 Finished 596117 instructions 
Clk@ 136927857 Working on the # 600000 th memory instruction
Clk7 @ 137000000 Finished 600265 instructions 
Clk3 @ 138000000 Finished 604482 instructions 
Clk3 @ 139000000 Finished 608619 instructions 
Sampling stash size at 609000 req has stash size of: 38600
Clk@ 139296441 Working on the # 610000 th memory instruction
Clk3 @ 140000000 Finished 613070 instructions 
Clk3 @ 141000000 Finished 617231 instructions 
Clk@ 141639090 Working on the # 620000 th memory instruction
Clk3 @ 142000000 Finished 621482 instructions 
Clk3 @ 143000000 Finished 625640 instructions 
Clk3 @ 144000000 Finished 629848 instructions 
Clk@ 144036354 Working on the # 630000 th memory instruction
Clk3 @ 145000000 Finished 634079 instructions 
Clk3 @ 146000000 Finished 638350 instructions 
Sampling stash size at 639000 req has stash size of: 38677
Clk@ 146390295 Working on the # 640000 th memory instruction
Sampling stash size at 641000 req has stash size of: 38728
Clk3 @ 147000000 Finished 642600 instructions 
Clk7 @ 148000000 Finished 646726 instructions 
Clk@ 148773334 Working on the # 650000 th memory instruction
Clk7 @ 149000000 Finished 651016 instructions 
Clk3 @ 150000000 Finished 655332 instructions 
Clk3 @ 151000000 Finished 659597 instructions 
Clk@ 151081723 Working on the # 660000 th memory instruction
Clk3 @ 152000000 Finished 663936 instructions 
Clk3 @ 153000000 Finished 668163 instructions 
Clk@ 153445579 Working on the # 670000 th memory instruction
Clk3 @ 154000000 Finished 672420 instructions 
Clk3 @ 155000000 Finished 676662 instructions 
Sampling stash size at 679000 req has stash size of: 38637
Clk@ 155772982 Working on the # 680000 th memory instruction
Clk7 @ 156000000 Finished 681046 instructions 
Clk3 @ 157000000 Finished 685437 instructions 
Sampling stash size at 688000 req has stash size of: 39343
Clk7 @ 158000000 Finished 689673 instructions 
Clk@ 158082868 Working on the # 690000 th memory instruction
Clk7 @ 159000000 Finished 693802 instructions 
Clk3 @ 160000000 Finished 698120 instructions 
Clk@ 160438950 Working on the # 700000 th memory instruction
Sampling stash size at 700000 req has stash size of: 39084
Clk7 @ 161000000 Finished 702519 instructions 
Clk3 @ 162000000 Finished 706541 instructions 
Clk@ 162830950 Working on the # 710000 th memory instruction
Clk3 @ 163000000 Finished 710779 instructions 
Clk7 @ 164000000 Finished 714843 instructions 
Clk3 @ 165000000 Finished 718941 instructions 
Clk@ 165218050 Working on the # 720000 th memory instruction
Clk3 @ 166000000 Finished 723269 instructions 
Clk3 @ 167000000 Finished 727655 instructions 
Clk@ 167547055 Working on the # 730000 th memory instruction
Sampling stash size at 731000 req has stash size of: 38479
Clk3 @ 168000000 Finished 731801 instructions 
Clk3 @ 169000000 Finished 736093 instructions 
Clk@ 169923766 Working on the # 740000 th memory instruction
Clk3 @ 170000000 Finished 740292 instructions 
Clk7 @ 171000000 Finished 744607 instructions 
Clk7 @ 172000000 Finished 748852 instructions 
Clk@ 172270037 Working on the # 750000 th memory instruction
Clk3 @ 173000000 Finished 753370 instructions 
Sampling stash size at 756000 req has stash size of: 38692
Clk7 @ 174000000 Finished 757342 instructions 
Clk@ 174626404 Working on the # 760000 th memory instruction
Sampling stash size at 761000 req has stash size of: 38660
Clk3 @ 175000000 Finished 761538 instructions 
Clk3 @ 176000000 Finished 765831 instructions 
Clk3 @ 177000000 Finished 769946 instructions 
Clk@ 177015881 Working on the # 770000 th memory instruction
Sampling stash size at 772000 req has stash size of: 38722
Sampling stash size at 773000 req has stash size of: 38631
Clk3 @ 178000000 Finished 774340 instructions 
Clk3 @ 179000000 Finished 778677 instructions 
Clk@ 179326468 Working on the # 780000 th memory instruction
Sampling stash size at 781000 req has stash size of: 38823
Clk3 @ 180000000 Finished 782930 instructions 
Clk3 @ 181000000 Finished 787090 instructions 
Clk@ 181673102 Working on the # 790000 th memory instruction
Clk3 @ 182000000 Finished 791411 instructions 
Clk3 @ 183000000 Finished 795699 instructions 
Clk3 @ 184000000 Finished 799997 instructions 
Clk@ 184000192 Working on the # 800000 th memory instruction
Clk7 @ 185000000 Finished 804147 instructions 
Clk3 @ 186000000 Finished 808307 instructions 
Clk@ 186402378 Working on the # 810000 th memory instruction
Clk7 @ 187000000 Finished 812485 instructions 
Clk3 @ 188000000 Finished 816873 instructions 
Clk@ 188763286 Working on the # 820000 th memory instruction
Clk3 @ 189000000 Finished 821118 instructions 
Clk3 @ 190000000 Finished 825204 instructions 
Clk7 @ 191000000 Finished 829483 instructions 
Clk@ 191123782 Working on the # 830000 th memory instruction
Clk7 @ 192000000 Finished 833826 instructions 
Sampling stash size at 837000 req has stash size of: 38611
Clk3 @ 193000000 Finished 838204 instructions 
Clk@ 193411582 Working on the # 840000 th memory instruction
Clk7 @ 194000000 Finished 842655 instructions 
Clk7 @ 195000000 Finished 847070 instructions 
Clk@ 195686152 Working on the # 850000 th memory instruction
Clk3 @ 196000000 Finished 851178 instructions 
Clk3 @ 197000000 Finished 855413 instructions 
Clk7 @ 198000000 Finished 859484 instructions 
Clk@ 198115602 Working on the # 860000 th memory instruction
Sampling stash size at 862000 req has stash size of: 38381
Clk3 @ 199000000 Finished 863637 instructions 
Clk7 @ 200000000 Finished 867787 instructions 
Clk@ 200508432 Working on the # 870000 th memory instruction
Clk3 @ 202000000 Finished 876433 instructions 
Clk@ 202867807 Working on the # 880000 th memory instruction
Clk3 @ 203000000 Finished 880558 instructions 
Clk7 @ 204000000 Finished 884828 instructions 
Clk7 @ 205000000 Finished 889078 instructions 
Clk@ 205190986 Working on the # 890000 th memory instruction
Clk3 @ 206000000 Finished 893560 instructions 
Clk3 @ 207000000 Finished 897753 instructions 
Clk7 @ 207000000 Finished 897753 instructions 
Clk@ 207565206 Working on the # 900000 th memory instruction
Clk3 @ 208000000 Finished 901760 instructions 
Clk7 @ 209000000 Finished 906176 instructions 
Clk@ 209889160 Working on the # 910000 th memory instruction
Clk3 @ 210000000 Finished 910448 instructions 
Clk3 @ 211000000 Finished 914618 instructions 
Clk7 @ 212000000 Finished 918622 instructions 
Clk@ 212323205 Working on the # 920000 th memory instruction
Clk7 @ 213000000 Finished 922941 instructions 
Sampling stash size at 926000 req has stash size of: 38553
Clk@ 214642112 Working on the # 930000 th memory instruction
Clk7 @ 215000000 Finished 931708 instructions 
Clk7 @ 216000000 Finished 936006 instructions 
Clk@ 216966124 Working on the # 940000 th memory instruction
Clk7 @ 217000000 Finished 940128 instructions 
Clk3 @ 218000000 Finished 944397 instructions 
Clk7 @ 219000000 Finished 948845 instructions 
Clk@ 219251251 Working on the # 950000 th memory instruction
Sampling stash size at 952000 req has stash size of: 39438
Clk3 @ 220000000 Finished 953057 instructions 
Clk7 @ 221000000 Finished 957450 instructions 
Clk@ 221617939 Working on the # 960000 th memory instruction
Clk7 @ 222000000 Finished 961624 instructions 
Clk3 @ 223000000 Finished 965617 instructions 
Clk3 @ 224000000 Finished 969781 instructions 
Clk@ 224056708 Working on the # 970000 th memory instruction
Clk3 @ 225000000 Finished 973675 instructions 
Sampling stash size at 974000 req has stash size of: 38192
Sampling stash size at 977000 req has stash size of: 38062
Clk3 @ 226000000 Finished 977828 instructions 
Clk@ 226502629 Working on the # 980000 th memory instruction
Clk3 @ 227000000 Finished 982078 instructions 
Clk3 @ 228000000 Finished 986265 instructions 
Clk@ 228829998 Working on the # 990000 th memory instruction
Clk3 @ 229000000 Finished 990722 instructions 
Clk7 @ 230000000 Finished 994891 instructions 
Clk7 @ 231000000 Finished 999030 instructions 
Clk@ 231217525 Working on the # 1000000 th memory instruction

===*** Data ***====
Stall reason distribution: 
mc_hazard: 0
normal: 0
rs_hazard: 0
rw_swtich: 0
Early reshuffle distribution: 
0: 0
1: 0
2: 0
3: 0
4: 0
5: 0
6: 0
7: 0
8: 0
9: 0
10: 0
11: 0
12: 0
13: 830
14: 1812
15: 1446
16: 89
17: 0
18: 0
19: 0
20: 0
21: 0
22: 0
23: 0
24: 0
=================
Max stash size is: 51325
Average stash size is: 38922.6
useful_read_pull_ddr: 499930 (1.85683) %
dummy_read_pull_ddr: 5988397 (22.242) %
useful_early_pull_ddr: 51318 (0.190604) %
useful_early_push_ddr: 28413 (0.105531) %
useful_write_pull_ddr: 5189354 (19.2742) %
useful_write_push_ddr: 1676808 (6.22796) %
dummy_early_pull_ddr: 3252 (0.0120785) %
dummy_early_push_ddr: 109617 (0.407137) %
dummy_write_pull_ddr: 1766 (0.00655924) %
dummy_write_push_ddr: 13374998 (49.6771) %
=================
Stash violation number of times: 0
=================
Check NodeID traffic: 6141270
Update NodeID traffic: 185872
=================
Read RS lines: 1000000 (90.5413) %
Write RS lines: 96114 (8.70229) %
Early RS lines: 8354 (0.756382) %
Read DDR lines: 12946185 (25.8977) %
Write DDR lines: 36792813 (73.6009) %
Early DDR lines: 250620 (0.501344) %

====*** pos1 ***====
Stall reason distribution: 
mc_hazard: 0
normal: 0
rs_hazard: 0
rw_swtich: 0
Early reshuffle distribution: 
0: 0
1: 0
2: 0
3: 0
4: 0
5: 0
6: 0
7: 0
8: 0
9: 0
10: 0
11: 0
12: 0
13: 812
14: 1748
15: 1468
16: 88
17: 0
18: 0
19: 0
20: 0
21: 0
=================
Max stash size is: 51297
Average stash size is: 38906.1
useful_read_pull_ddr: 998838 (2.13146) %
dummy_read_pull_ddr: 8998464 (19.2022) %
useful_early_pull_ddr: 65570 (0.139923) %
useful_early_push_ddr: 35944 (0.0767024) %
useful_write_pull_ddr: 7669168 (16.3656) %
useful_write_push_ddr: 2829780 (6.03859) %
dummy_early_pull_ddr: 4402 (0.00939362) %
dummy_early_push_ddr: 141044 (0.30098) %
dummy_write_pull_ddr: 17872 (0.0381378) %
dummy_write_push_ddr: 26100534 (55.697) %
=================
Stash violation number of times: 0
=================
Check NodeID traffic: 8866490
Update NodeID traffic: 164822
=================
Read RS lines: 1000000 (90.5513) %
Write RS lines: 96114 (8.70325) %
Early RS lines: 8232 (0.745419) %
Read DDR lines: 9981911 (25.8767) %
Write DDR lines: 28345960 (73.483) %
Early DDR lines: 246960 (0.64021) %

====*** pos2 ***====
Stall reason distribution: 
mc_hazard: 0
normal: 0
rs_hazard: 0
rw_swtich: 0
Early reshuffle distribution: 
0: 0
1: 0
2: 0
3: 0
4: 0
5: 0
6: 0
7: 0
8: 0
9: 0
10: 0
11: 0
12: 0
13: 797
14: 1606
15: 1165
16: 21
17: 0
18: 0
=================
Max stash size is: 51010
Average stash size is: 38720
useful_read_pull_ddr: 990943 (2.38633) %
dummy_read_pull_ddr: 6007838 (14.4677) %
useful_early_pull_ddr: 55354 (0.1333) %
useful_early_push_ddr: 31268 (0.0752976) %
useful_write_pull_ddr: 5246446 (12.6342) %
useful_write_push_ddr: 2685125 (6.46615) %
dummy_early_pull_ddr: 5659 (0.0136276) %
dummy_early_push_ddr: 123059 (0.296343) %
dummy_write_pull_ddr: 134994 (0.325084) %
dummy_write_push_ddr: 26245189 (63.202) %
=================
Stash violation number of times: 0
=================
Check NodeID traffic: 5276240
Update NodeID traffic: 135237
=================
Read RS lines: 1000000 (90.6378) %
Write RS lines: 96114 (8.71157) %
Early RS lines: 7178 (0.650598) %
Read DDR lines: 6987410 (25.8345) %
Write DDR lines: 19844060 (73.3693) %
Early DDR lines: 215340 (0.796175) %
=================
The final DRAM clk is: 231218352 ticks.
Idle waiting clk is 79787997, which is 34.5076 %
DRAM Frequency is: 1600MHz
The final time in ns is: 1.44511e+08 ns.
Time distribution: 
Data pull time is: 0
data: 0
pos1: 0
pos2: 0
Data distribution: 
Pos2 data: 27046810
Pos1 data: 38574831
Data: 49989618
Node access DDR: 12282540
Pull DDR: 12946185
WB DDR: 36792813
Early DDR: 250620
Achieved BW is: 63.1166 GB/s
Ideal BW is: 102.4 GB/s
Metadata cache conclusion: 
overall_hit: 2367611 overall_total: 14830343
Cache Size 64 KB Overall Hit rate: 15.9646 %. 
Simulation done. Statistics written to my_output.txt
