Valid leaf ID range: 67108863:134217726
Num of top nodes: 67108864
Data level num of ways: 67108864
cached_total: 1
cached_total: 3
cached_total: 7
cached_total: 15
cached_total: 31
cached_total: 63
cached_total: 127
cached_total: 255
cached_total: 511
Total number of ORAM protected cache line blocks: 67108864
Cached number of levels: 8
Max number of levels: 27
Start lvl is: 0
data valid leaf right: 134217727
data num of levels: 27
data level num of ways: 67108864
data number of sets: 1
Cached node ID: 0 -- 455
Address space: 0 - 4 GB
pos1 valid leaf right: 16777215
pos1 num of levels: 24
pos1 level num of ways: 8388608
pos1 number of sets: 1
Cached node ID: 0 -- 56
Address space: 0 - 0.5 GB
pos2 valid leaf right: 2097151
pos2 num of levels: 21
pos2 level num of ways: 1048576
pos2 number of sets: 1
Cached node ID: 0 -- 28
Address space: 0 - 0.0625 GB
Clk3 @ 1000000 Finished 937 instructions 
Clk3 @ 2000000 Finished 2038 instructions 
Clk7 @ 3000000 Finished 3163 instructions 
Clk7 @ 4000000 Finished 4328 instructions 
Clk7 @ 5000000 Finished 5480 instructions 
Clk3 @ 6000000 Finished 6639 instructions 
Clk3 @ 7000000 Finished 7798 instructions 
Clk7 @ 8000000 Finished 8983 instructions 
Clk@ 8861333 Working on the # 10000 th memory instruction
Clk7 @ 10000000 Finished 11322 instructions 
Clk7 @ 11000000 Finished 12475 instructions 
Clk7 @ 12000000 Finished 13676 instructions 
Clk3 @ 13000000 Finished 14869 instructions 
Clk7 @ 15000000 Finished 17170 instructions 
Clk7 @ 16000000 Finished 18337 instructions 
Clk7 @ 17000000 Finished 19501 instructions 
Clk@ 17419829 Working on the # 20000 th memory instruction
Clk7 @ 18000000 Finished 20678 instructions 
Clk7 @ 19000000 Finished 21847 instructions 
Clk3 @ 20000000 Finished 23004 instructions 
Clk7 @ 21000000 Finished 24181 instructions 
Clk7 @ 22000000 Finished 25321 instructions 
Clk7 @ 23000000 Finished 26510 instructions 
Clk7 @ 24000000 Finished 27691 instructions 
Clk7 @ 25000000 Finished 28883 instructions 
Clk@ 25956215 Working on the # 30000 th memory instruction
Clk7 @ 26000000 Finished 30031 instructions 
Clk3 @ 27000000 Finished 31134 instructions 
Clk3 @ 28000000 Finished 32317 instructions 
Clk3 @ 29000000 Finished 33478 instructions 
Clk3 @ 30000000 Finished 34668 instructions 
Clk3 @ 31000000 Finished 35824 instructions 
Clk7 @ 32000000 Finished 36980 instructions 
Clk7 @ 33000000 Finished 38163 instructions 
Clk7 @ 34000000 Finished 39301 instructions 
Clk@ 34595466 Working on the # 40000 th memory instruction
Clk7 @ 35000000 Finished 40483 instructions 
Clk7 @ 36000000 Finished 41643 instructions 
Clk7 @ 37000000 Finished 42819 instructions 
Clk3 @ 38000000 Finished 43939 instructions 
Clk7 @ 39000000 Finished 45113 instructions 
Clk3 @ 40000000 Finished 46282 instructions 
Clk7 @ 41000000 Finished 47445 instructions 
Clk3 @ 42000000 Finished 48616 instructions 
Clk3 @ 43000000 Finished 49717 instructions 
Clk@ 43241836 Working on the # 50000 th memory instruction
Clk3 @ 44000000 Finished 50899 instructions 
Clk3 @ 45000000 Finished 52072 instructions 
Clk3 @ 46000000 Finished 53248 instructions 
Clk3 @ 47000000 Finished 54433 instructions 
Clk3 @ 48000000 Finished 55585 instructions 
Clk7 @ 49000000 Finished 56761 instructions 
Clk3 @ 50000000 Finished 57949 instructions 
Clk3 @ 51000000 Finished 59121 instructions 
Clk@ 51776750 Working on the # 60000 th memory instruction
Clk3 @ 52000000 Finished 60190 instructions 
Clk7 @ 53000000 Finished 61293 instructions 
Clk7 @ 54000000 Finished 62450 instructions 
Clk7 @ 55000000 Finished 63622 instructions 
Clk3 @ 56000000 Finished 64792 instructions 
Clk7 @ 57000000 Finished 65926 instructions 
Clk3 @ 58000000 Finished 67105 instructions 
Clk7 @ 59000000 Finished 68277 instructions 
Clk7 @ 60000000 Finished 69454 instructions 
Clk@ 60463131 Working on the # 70000 th memory instruction
Clk7 @ 61000000 Finished 70615 instructions 
Clk7 @ 62000000 Finished 71761 instructions 
Clk7 @ 63000000 Finished 72916 instructions 
Clk7 @ 64000000 Finished 74072 instructions 
Clk3 @ 65000000 Finished 75246 instructions 
Clk7 @ 66000000 Finished 76429 instructions 
Clk3 @ 67000000 Finished 77545 instructions 
Clk7 @ 68000000 Finished 78720 instructions 
Clk3 @ 69000000 Finished 79879 instructions 
Clk@ 69104120 Working on the # 80000 th memory instruction
Clk7 @ 70000000 Finished 81070 instructions 
Clk7 @ 71000000 Finished 82183 instructions 
Clk7 @ 72000000 Finished 83349 instructions 
Clk7 @ 73000000 Finished 84534 instructions 
Clk7 @ 74000000 Finished 85698 instructions 
Clk7 @ 75000000 Finished 86856 instructions 
Clk7 @ 76000000 Finished 87929 instructions 
Clk7 @ 77000000 Finished 89096 instructions 
Clk@ 77755554 Working on the # 90000 th memory instruction
Clk3 @ 78000000 Finished 90269 instructions 
Clk3 @ 79000000 Finished 91423 instructions 
Clk7 @ 80000000 Finished 92599 instructions 
Clk7 @ 81000000 Finished 93744 instructions 
Clk3 @ 82000000 Finished 94920 instructions 
Clk3 @ 83000000 Finished 96088 instructions 
Clk7 @ 84000000 Finished 97238 instructions 
Clk7 @ 85000000 Finished 98332 instructions 
Clk3 @ 86000000 Finished 99448 instructions 
Clk@ 86476735 Working on the # 100000 th memory instruction
Clk7 @ 87000000 Finished 100608 instructions 
Clk3 @ 88000000 Finished 101788 instructions 
Clk3 @ 89000000 Finished 102943 instructions 
Clk3 @ 90000000 Finished 104110 instructions 
Clk3 @ 91000000 Finished 105288 instructions 
Clk3 @ 92000000 Finished 106438 instructions 
Clk3 @ 93000000 Finished 107617 instructions 
Clk7 @ 94000000 Finished 108789 instructions 
Clk7 @ 95000000 Finished 109927 instructions 
Clk@ 95062199 Working on the # 110000 th memory instruction
Clk7 @ 96000000 Finished 111094 instructions 
Clk3 @ 97000000 Finished 112276 instructions 
Clk3 @ 98000000 Finished 113424 instructions 
Clk3 @ 99000000 Finished 114604 instructions 
Clk7 @ 100000000 Finished 115757 instructions 
Clk3 @ 101000000 Finished 116923 instructions 
Clk7 @ 102000000 Finished 118094 instructions 
Clk3 @ 103000000 Finished 119251 instructions 
Clk@ 103679523 Working on the # 120000 th memory instruction
Clk3 @ 104000000 Finished 120274 instructions 
Clk7 @ 105000000 Finished 121348 instructions 
Clk7 @ 106000000 Finished 122484 instructions 
Clk3 @ 107000000 Finished 123625 instructions 
Clk3 @ 108000000 Finished 124804 instructions 
Clk3 @ 109000000 Finished 125967 instructions 
Clk7 @ 110000000 Finished 127147 instructions 
Clk3 @ 111000000 Finished 128311 instructions 
Clk3 @ 112000000 Finished 129463 instructions 
Clk@ 112453548 Working on the # 130000 th memory instruction
Clk7 @ 113000000 Finished 130630 instructions 
Clk7 @ 114000000 Finished 131716 instructions 
Clk3 @ 115000000 Finished 132891 instructions 
Clk3 @ 116000000 Finished 134050 instructions 
Clk3 @ 117000000 Finished 135214 instructions 
Clk3 @ 118000000 Finished 136407 instructions 
Clk7 @ 119000000 Finished 137559 instructions 
Clk7 @ 120000000 Finished 138729 instructions 
Clk7 @ 121000000 Finished 139887 instructions 
Clk@ 121100185 Working on the # 140000 th memory instruction
Clk3 @ 122000000 Finished 141045 instructions 
Clk3 @ 123000000 Finished 142141 instructions 
Clk7 @ 124000000 Finished 143310 instructions 
Clk7 @ 125000000 Finished 144475 instructions 
Clk7 @ 126000000 Finished 145607 instructions 
Clk7 @ 127000000 Finished 146784 instructions 
Clk7 @ 128000000 Finished 147905 instructions 
Clk3 @ 129000000 Finished 149089 instructions 
Clk@ 129793256 Working on the # 150000 th memory instruction
Clk3 @ 130000000 Finished 150238 instructions 
Clk7 @ 131000000 Finished 151414 instructions 
Clk7 @ 132000000 Finished 152581 instructions 
Clk7 @ 133000000 Finished 153699 instructions 
Clk3 @ 134000000 Finished 154807 instructions 
Clk7 @ 135000000 Finished 155953 instructions 
Clk7 @ 136000000 Finished 157115 instructions 
Clk7 @ 137000000 Finished 158282 instructions 
Clk3 @ 138000000 Finished 159423 instructions 
Clk@ 138499264 Working on the # 160000 th memory instruction
Clk3 @ 139000000 Finished 160597 instructions 
Clk7 @ 140000000 Finished 161776 instructions 
Clk7 @ 142000000 Finished 164014 instructions 
Clk3 @ 143000000 Finished 165177 instructions 
Clk7 @ 144000000 Finished 166348 instructions 
Clk7 @ 145000000 Finished 167497 instructions 
Clk7 @ 146000000 Finished 168670 instructions 
Clk3 @ 147000000 Finished 169828 instructions 
Clk@ 147149982 Working on the # 170000 th memory instruction
Clk3 @ 148000000 Finished 170970 instructions 
Clk3 @ 149000000 Finished 172123 instructions 
Clk3 @ 150000000 Finished 173301 instructions 
Clk3 @ 151000000 Finished 174446 instructions 
Clk7 @ 152000000 Finished 175493 instructions 
Clk3 @ 153000000 Finished 176655 instructions 
Clk7 @ 154000000 Finished 177816 instructions 
Clk7 @ 155000000 Finished 178996 instructions 
Clk@ 155846444 Working on the # 180000 th memory instruction
Clk3 @ 156000000 Finished 180175 instructions 
Clk7 @ 157000000 Finished 181324 instructions 
Clk3 @ 158000000 Finished 182473 instructions 
Clk3 @ 159000000 Finished 183637 instructions 
Clk7 @ 160000000 Finished 184785 instructions 
Clk3 @ 161000000 Finished 185902 instructions 
Clk3 @ 162000000 Finished 187073 instructions 
Clk7 @ 163000000 Finished 188253 instructions 
Clk7 @ 164000000 Finished 189408 instructions 
Clk@ 164512282 Working on the # 190000 th memory instruction
Clk7 @ 165000000 Finished 190564 instructions 
Clk7 @ 166000000 Finished 191727 instructions 
Clk3 @ 167000000 Finished 192874 instructions 
Clk7 @ 169000000 Finished 195159 instructions 
Clk7 @ 170000000 Finished 196317 instructions 
Clk3 @ 171000000 Finished 197356 instructions 
Clk7 @ 172000000 Finished 198491 instructions 
Clk7 @ 173000000 Finished 199653 instructions 
Clk@ 173308905 Working on the # 200000 th memory instruction
Clk7 @ 174000000 Finished 200794 instructions 
Clk7 @ 175000000 Finished 201953 instructions 
Clk7 @ 176000000 Finished 203111 instructions 
Clk7 @ 177000000 Finished 204264 instructions 
Clk3 @ 178000000 Finished 205420 instructions 
Clk3 @ 179000000 Finished 206572 instructions 
Clk7 @ 180000000 Finished 207721 instructions 
Clk3 @ 181000000 Finished 208900 instructions 
Clk@ 181953586 Working on the # 210000 th memory instruction
Clk3 @ 182000000 Finished 210054 instructions 
Clk7 @ 183000000 Finished 211215 instructions 
Clk3 @ 184000000 Finished 212341 instructions 
Clk7 @ 185000000 Finished 213506 instructions 
Clk7 @ 186000000 Finished 214665 instructions 
Clk7 @ 187000000 Finished 215836 instructions 
Clk7 @ 188000000 Finished 217009 instructions 
Clk3 @ 189000000 Finished 218160 instructions 
Clk7 @ 190000000 Finished 219246 instructions 
Clk@ 190645996 Working on the # 220000 th memory instruction
Clk7 @ 191000000 Finished 220421 instructions 
Clk3 @ 192000000 Finished 221569 instructions 
Clk3 @ 193000000 Finished 222727 instructions 
Clk3 @ 194000000 Finished 223896 instructions 
Clk7 @ 195000000 Finished 225046 instructions 
Clk3 @ 196000000 Finished 226222 instructions 
Clk3 @ 197000000 Finished 227332 instructions 
Clk7 @ 198000000 Finished 228508 instructions 
Clk3 @ 199000000 Finished 229634 instructions 
Clk@ 199304841 Working on the # 230000 th memory instruction
Clk3 @ 200000000 Finished 230812 instructions 
Clk7 @ 201000000 Finished 231982 instructions 
Clk3 @ 202000000 Finished 233128 instructions 
Clk7 @ 203000000 Finished 234290 instructions 
Clk3 @ 204000000 Finished 235444 instructions 
Clk3 @ 205000000 Finished 236598 instructions 
Clk7 @ 206000000 Finished 237738 instructions 
Clk7 @ 207000000 Finished 238901 instructions 
Clk3 @ 208000000 Finished 239985 instructions 
Clk@ 208013372 Working on the # 240000 th memory instruction
Clk7 @ 209000000 Finished 240940 instructions 
Clk7 @ 210000000 Finished 242002 instructions 
Clk7 @ 211000000 Finished 243092 instructions 
Clk3 @ 212000000 Finished 244230 instructions 
Clk3 @ 213000000 Finished 245374 instructions 
Clk7 @ 214000000 Finished 246486 instructions 
Clk3 @ 215000000 Finished 247651 instructions 
Clk3 @ 216000000 Finished 248809 instructions 
Clk3 @ 217000000 Finished 249967 instructions 
Clk@ 217026684 Working on the # 250000 th memory instruction
Clk3 @ 218000000 Finished 251133 instructions 
Clk7 @ 219000000 Finished 252288 instructions 
Clk7 @ 220000000 Finished 253447 instructions 
Clk7 @ 221000000 Finished 254616 instructions 
Clk7 @ 222000000 Finished 255772 instructions 
Clk7 @ 223000000 Finished 256887 instructions 
Clk7 @ 224000000 Finished 258055 instructions 
Clk7 @ 225000000 Finished 259225 instructions 
Clk@ 225659174 Working on the # 260000 th memory instruction
Clk7 @ 226000000 Finished 260395 instructions 
Clk7 @ 227000000 Finished 261542 instructions 
Clk3 @ 228000000 Finished 262579 instructions 
Clk7 @ 229000000 Finished 263736 instructions 
Clk7 @ 230000000 Finished 264896 instructions 
Clk7 @ 231000000 Finished 266059 instructions 
Clk7 @ 232000000 Finished 267221 instructions 
Clk7 @ 233000000 Finished 268363 instructions 
Clk7 @ 234000000 Finished 269535 instructions 
Clk@ 234396368 Working on the # 270000 th memory instruction
Clk7 @ 235000000 Finished 270677 instructions 
Clk7 @ 237000000 Finished 273035 instructions 
Clk7 @ 238000000 Finished 274159 instructions 
Clk7 @ 239000000 Finished 275325 instructions 
Clk7 @ 240000000 Finished 276480 instructions 
Clk7 @ 241000000 Finished 277650 instructions 
Clk7 @ 242000000 Finished 278778 instructions 
Clk3 @ 243000000 Finished 279940 instructions 
Clk@ 243051134 Working on the # 280000 th memory instruction
Clk3 @ 244000000 Finished 281112 instructions 
Clk7 @ 245000000 Finished 282225 instructions 
Clk3 @ 246000000 Finished 283370 instructions 
Clk7 @ 247000000 Finished 284425 instructions 
Clk3 @ 248000000 Finished 285580 instructions 
Clk7 @ 249000000 Finished 286743 instructions 
Clk3 @ 250000000 Finished 287893 instructions 
Clk3 @ 251000000 Finished 289060 instructions 
Clk@ 251827485 Working on the # 290000 th memory instruction
Clk3 @ 252000000 Finished 290190 instructions 
Clk3 @ 253000000 Finished 291342 instructions 
Clk3 @ 254000000 Finished 292517 instructions 
Clk7 @ 255000000 Finished 293682 instructions 
Clk7 @ 256000000 Finished 294844 instructions 
Clk7 @ 257000000 Finished 295946 instructions 
Clk3 @ 258000000 Finished 297116 instructions 
Clk7 @ 259000000 Finished 298287 instructions 
Clk7 @ 260000000 Finished 299442 instructions 
Clk@ 260488404 Working on the # 300000 th memory instruction
Clk7 @ 261000000 Finished 300583 instructions 
Clk7 @ 262000000 Finished 301753 instructions 
Clk7 @ 264000000 Finished 304073 instructions 
Clk7 @ 265000000 Finished 305244 instructions 
Clk7 @ 266000000 Finished 306325 instructions 
Clk7 @ 267000000 Finished 307460 instructions 
Clk3 @ 268000000 Finished 308563 instructions 
Clk7 @ 269000000 Finished 309715 instructions 
Clk@ 269263822 Working on the # 310000 th memory instruction
Clk3 @ 270000000 Finished 310863 instructions 
Clk7 @ 271000000 Finished 312008 instructions 
Clk7 @ 272000000 Finished 313156 instructions 
Clk3 @ 273000000 Finished 314322 instructions 
Clk3 @ 274000000 Finished 315475 instructions 
Clk3 @ 275000000 Finished 316625 instructions 
Clk7 @ 276000000 Finished 317741 instructions 
Clk3 @ 277000000 Finished 318903 instructions 
Clk@ 277954588 Working on the # 320000 th memory instruction
Clk7 @ 278000000 Finished 320055 instructions 
Clk7 @ 279000000 Finished 321232 instructions 
Clk7 @ 280000000 Finished 322387 instructions 
Clk3 @ 281000000 Finished 323554 instructions 
Clk3 @ 282000000 Finished 324718 instructions 
Clk3 @ 283000000 Finished 325848 instructions 
Clk3 @ 284000000 Finished 327015 instructions 
Clk7 @ 285000000 Finished 328025 instructions 
Clk3 @ 286000000 Finished 329170 instructions 
Clk@ 286706458 Working on the # 330000 th memory instruction
Clk3 @ 287000000 Finished 330340 instructions 
Clk7 @ 288000000 Finished 331492 instructions 
Clk7 @ 289000000 Finished 332664 instructions 
Clk7 @ 290000000 Finished 333786 instructions 
Clk3 @ 291000000 Finished 334951 instructions 
Clk7 @ 292000000 Finished 336110 instructions 
Clk7 @ 293000000 Finished 337270 instructions 
Clk3 @ 294000000 Finished 338433 instructions 
Clk7 @ 295000000 Finished 339559 instructions 
Clk@ 295395538 Working on the # 340000 th memory instruction
Clk3 @ 296000000 Finished 340690 instructions 
Clk3 @ 297000000 Finished 341840 instructions 
Clk7 @ 298000000 Finished 342993 instructions 
Clk7 @ 299000000 Finished 344126 instructions 
Clk3 @ 300000000 Finished 345288 instructions 
Clk7 @ 301000000 Finished 346456 instructions 
Clk3 @ 302000000 Finished 347610 instructions 
Clk7 @ 303000000 Finished 348741 instructions 
Clk7 @ 304000000 Finished 349757 instructions 
Clk@ 304238798 Working on the # 350000 th memory instruction
Clk7 @ 305000000 Finished 350849 instructions 
Clk7 @ 306000000 Finished 352014 instructions 
Clk3 @ 307000000 Finished 353163 instructions 
Clk3 @ 308000000 Finished 354325 instructions 
Clk7 @ 309000000 Finished 355468 instructions 
Clk3 @ 310000000 Finished 356631 instructions 
Clk3 @ 311000000 Finished 357786 instructions 
Clk7 @ 312000000 Finished 358951 instructions 
Clk@ 312903098 Working on the # 360000 th memory instruction
Clk3 @ 313000000 Finished 360112 instructions 
Clk7 @ 314000000 Finished 361213 instructions 
Clk7 @ 315000000 Finished 362385 instructions 
Clk7 @ 316000000 Finished 363526 instructions 
Clk7 @ 317000000 Finished 364686 instructions 
Clk7 @ 318000000 Finished 365845 instructions 
Clk7 @ 319000000 Finished 366997 instructions 
Clk7 @ 320000000 Finished 368146 instructions 
Clk3 @ 321000000 Finished 369283 instructions 
Clk@ 321609601 Working on the # 370000 th memory instruction
Clk3 @ 322000000 Finished 370456 instructions 
Clk3 @ 323000000 Finished 371522 instructions 
Clk3 @ 324000000 Finished 372664 instructions 
Clk3 @ 325000000 Finished 373828 instructions 
Clk3 @ 326000000 Finished 374973 instructions 
Clk7 @ 326000000 Finished 374973 instructions 
Clk3 @ 327000000 Finished 376138 instructions 
Clk7 @ 328000000 Finished 377293 instructions 
Clk7 @ 329000000 Finished 378433 instructions 
Clk7 @ 330000000 Finished 379587 instructions 
Clk@ 330356366 Working on the # 380000 th memory instruction
Clk7 @ 331000000 Finished 380743 instructions 
Clk7 @ 332000000 Finished 381900 instructions 
Clk7 @ 333000000 Finished 383032 instructions 
Clk7 @ 334000000 Finished 384196 instructions 
Clk7 @ 335000000 Finished 385334 instructions 
Clk7 @ 336000000 Finished 386488 instructions 
Clk3 @ 337000000 Finished 387654 instructions 
Clk7 @ 338000000 Finished 388795 instructions 
Clk7 @ 339000000 Finished 389932 instructions 
Clk@ 339060214 Working on the # 390000 th memory instruction
Clk7 @ 340000000 Finished 391077 instructions 
Clk3 @ 341000000 Finished 392230 instructions 
Clk7 @ 342000000 Finished 393283 instructions 
Clk7 @ 343000000 Finished 394345 instructions 
Clk7 @ 344000000 Finished 395487 instructions 
Clk3 @ 345000000 Finished 396642 instructions 
Clk7 @ 346000000 Finished 397773 instructions 
Clk3 @ 347000000 Finished 398923 instructions 
Clk@ 347945727 Working on the # 400000 th memory instruction
Clk3 @ 348000000 Finished 400057 instructions 
Clk3 @ 349000000 Finished 401185 instructions 
Clk3 @ 350000000 Finished 402343 instructions 
Clk3 @ 351000000 Finished 403501 instructions 
Clk3 @ 352000000 Finished 404652 instructions 
Clk7 @ 353000000 Finished 405805 instructions 
Clk7 @ 354000000 Finished 406963 instructions 
Clk7 @ 355000000 Finished 408124 instructions 
Clk3 @ 356000000 Finished 409254 instructions 
Clk@ 356644473 Working on the # 410000 th memory instruction
Clk3 @ 357000000 Finished 410406 instructions 
Clk3 @ 358000000 Finished 411517 instructions 
Clk7 @ 359000000 Finished 412669 instructions 
Clk3 @ 360000000 Finished 413815 instructions 
Clk7 @ 361000000 Finished 414975 instructions 
Clk3 @ 362000000 Finished 416122 instructions 
Clk7 @ 363000000 Finished 417292 instructions 
Clk7 @ 364000000 Finished 418440 instructions 
Clk7 @ 365000000 Finished 419599 instructions 
Clk@ 365347960 Working on the # 420000 th memory instruction
Clk7 @ 366000000 Finished 420755 instructions 
Clk3 @ 367000000 Finished 421926 instructions 
Clk7 @ 368000000 Finished 423085 instructions 
Clk3 @ 369000000 Finished 424193 instructions 
Clk3 @ 370000000 Finished 425344 instructions 
Clk7 @ 371000000 Finished 426490 instructions 
Clk3 @ 372000000 Finished 427660 instructions 
Clk3 @ 373000000 Finished 428788 instructions 
Clk7 @ 374000000 Finished 429959 instructions 
Clk@ 374035096 Working on the # 430000 th memory instruction
Clk7 @ 375000000 Finished 431113 instructions 
Clk7 @ 376000000 Finished 432264 instructions 
Clk7 @ 377000000 Finished 433425 instructions 
Clk7 @ 378000000 Finished 434561 instructions 
Clk3 @ 379000000 Finished 435723 instructions 
Clk7 @ 380000000 Finished 436830 instructions 
Clk3 @ 381000000 Finished 437913 instructions 
Clk3 @ 382000000 Finished 439075 instructions 
Clk@ 382801501 Working on the # 440000 th memory instruction
Clk3 @ 383000000 Finished 440233 instructions 
Clk3 @ 384000000 Finished 441396 instructions 
Clk7 @ 385000000 Finished 442525 instructions 
Clk3 @ 386000000 Finished 443681 instructions 
Clk3 @ 387000000 Finished 444817 instructions 
Clk7 @ 388000000 Finished 445988 instructions 
Clk7 @ 389000000 Finished 447148 instructions 
Clk7 @ 390000000 Finished 448296 instructions 
Clk7 @ 391000000 Finished 449452 instructions 
Clk@ 391487837 Working on the # 450000 th memory instruction
Clk7 @ 392000000 Finished 450591 instructions 
Clk7 @ 393000000 Finished 451760 instructions 
Clk3 @ 394000000 Finished 452911 instructions 
Clk3 @ 395000000 Finished 454000 instructions 
Clk7 @ 396000000 Finished 455156 instructions 
Clk7 @ 397000000 Finished 456323 instructions 
Clk3 @ 398000000 Finished 457476 instructions 
Clk3 @ 399000000 Finished 458632 instructions 
Clk7 @ 400000000 Finished 459727 instructions 
Clk@ 400230292 Working on the # 460000 th memory instruction
Clk7 @ 401000000 Finished 460894 instructions 
Clk7 @ 402000000 Finished 462051 instructions 
Clk7 @ 403000000 Finished 463220 instructions 
Clk3 @ 404000000 Finished 464350 instructions 
Clk7 @ 405000000 Finished 465514 instructions 
Clk7 @ 406000000 Finished 466672 instructions 
Clk3 @ 407000000 Finished 467827 instructions 
Clk3 @ 408000000 Finished 468997 instructions 
Clk@ 408889760 Working on the # 470000 th memory instruction
Clk3 @ 409000000 Finished 470128 instructions 
Clk7 @ 410000000 Finished 471289 instructions 
Clk7 @ 411000000 Finished 472432 instructions 
Clk7 @ 412000000 Finished 473601 instructions 
Clk7 @ 413000000 Finished 474759 instructions 
Clk7 @ 414000000 Finished 475877 instructions 
Clk3 @ 415000000 Finished 477043 instructions 
Clk7 @ 416000000 Finished 478197 instructions 
Clk7 @ 417000000 Finished 479326 instructions 
Clk@ 417642101 Working on the # 480000 th memory instruction
Clk7 @ 418000000 Finished 480346 instructions 
Clk7 @ 419000000 Finished 481335 instructions 
Clk7 @ 420000000 Finished 482421 instructions 
Clk3 @ 421000000 Finished 483528 instructions 
Clk3 @ 422000000 Finished 484650 instructions 
Clk3 @ 423000000 Finished 485782 instructions 
Clk7 @ 424000000 Finished 486901 instructions 
Clk3 @ 425000000 Finished 488044 instructions 
Clk3 @ 426000000 Finished 489190 instructions 
Clk@ 426693433 Working on the # 490000 th memory instruction
Clk3 @ 427000000 Finished 490354 instructions 
Clk7 @ 428000000 Finished 491503 instructions 
Clk7 @ 429000000 Finished 492607 instructions 
Clk3 @ 430000000 Finished 493765 instructions 
Clk7 @ 431000000 Finished 494929 instructions 
Clk7 @ 432000000 Finished 496057 instructions 
Clk7 @ 433000000 Finished 497203 instructions 
Clk7 @ 434000000 Finished 498364 instructions 
Clk3 @ 435000000 Finished 499508 instructions 
Clk@ 435432467 Working on the # 500000 th memory instruction
Warm up done after line access count: 500000 out of 1000000 (50 %)
Clk7 @ 436000000 Finished 500653 instructions 
Clk7 @ 437000000 Finished 501808 instructions 
Clk3 @ 438000000 Finished 502939 instructions 
Clk3 @ 439000000 Finished 504097 instructions 
Clk3 @ 440000000 Finished 505258 instructions 
Clk7 @ 441000000 Finished 506413 instructions 
Clk7 @ 442000000 Finished 507570 instructions 
Clk3 @ 443000000 Finished 508725 instructions 
Clk7 @ 444000000 Finished 509871 instructions 
Clk@ 444115275 Working on the # 510000 th memory instruction
Clk7 @ 445000000 Finished 511032 instructions 
Clk7 @ 446000000 Finished 512179 instructions 
Clk3 @ 447000000 Finished 513307 instructions 
Clk7 @ 448000000 Finished 514401 instructions 
Clk3 @ 449000000 Finished 515566 instructions 
Clk7 @ 450000000 Finished 516725 instructions 
Clk7 @ 451000000 Finished 517893 instructions 
Clk7 @ 452000000 Finished 519039 instructions 
Clk@ 452821789 Working on the # 520000 th memory instruction
Clk7 @ 453000000 Finished 520201 instructions 
Clk3 @ 454000000 Finished 521366 instructions 
Clk7 @ 455000000 Finished 522502 instructions 
Clk7 @ 456000000 Finished 523638 instructions 
Clk7 @ 457000000 Finished 524629 instructions 
Clk3 @ 458000000 Finished 525744 instructions 
Clk7 @ 459000000 Finished 526908 instructions 
Clk7 @ 460000000 Finished 528064 instructions 
Clk3 @ 461000000 Finished 529210 instructions 
Clk@ 461695564 Working on the # 530000 th memory instruction
Clk3 @ 462000000 Finished 530353 instructions 
Clk7 @ 463000000 Finished 531507 instructions 
Clk3 @ 464000000 Finished 532663 instructions 
Clk7 @ 465000000 Finished 533829 instructions 
Clk3 @ 466000000 Finished 534982 instructions 
Clk7 @ 467000000 Finished 536091 instructions 
Clk7 @ 468000000 Finished 537256 instructions 
Clk7 @ 469000000 Finished 538418 instructions 
Clk7 @ 470000000 Finished 539579 instructions 
Clk@ 470363297 Working on the # 540000 th memory instruction
Clk7 @ 471000000 Finished 540709 instructions 
Clk7 @ 472000000 Finished 541864 instructions 
Clk7 @ 473000000 Finished 543031 instructions 
Clk3 @ 474000000 Finished 544191 instructions 
Clk3 @ 475000000 Finished 545349 instructions 
Clk7 @ 476000000 Finished 546438 instructions 
Clk7 @ 477000000 Finished 547582 instructions 
Clk7 @ 478000000 Finished 548749 instructions 
Clk7 @ 479000000 Finished 549891 instructions 
Clk@ 479093624 Working on the # 550000 th memory instruction
Clk3 @ 480000000 Finished 551058 instructions 
Clk7 @ 481000000 Finished 552199 instructions 
Clk7 @ 482000000 Finished 553363 instructions 
Clk7 @ 483000000 Finished 554527 instructions 
Clk7 @ 484000000 Finished 555674 instructions 
Clk7 @ 485000000 Finished 556827 instructions 
Clk3 @ 486000000 Finished 557935 instructions 
Clk7 @ 487000000 Finished 559094 instructions 
Clk@ 487795148 Working on the # 560000 th memory instruction
Clk7 @ 488000000 Finished 560239 instructions 
Clk3 @ 489000000 Finished 561408 instructions 
Clk7 @ 490000000 Finished 562545 instructions 
Clk7 @ 491000000 Finished 563689 instructions 
Clk7 @ 492000000 Finished 564778 instructions 
Clk7 @ 493000000 Finished 565910 instructions 
Clk7 @ 494000000 Finished 567073 instructions 
Clk3 @ 495000000 Finished 568111 instructions 
Clk7 @ 496000000 Finished 569241 instructions 
Clk@ 496656517 Working on the # 570000 th memory instruction
Clk3 @ 497000000 Finished 570399 instructions 
Clk3 @ 498000000 Finished 571540 instructions 
Clk7 @ 499000000 Finished 572704 instructions 
Clk3 @ 500000000 Finished 573828 instructions 
Clk7 @ 501000000 Finished 574972 instructions 
Clk7 @ 502000000 Finished 576140 instructions 
Clk7 @ 503000000 Finished 577299 instructions 
Clk7 @ 504000000 Finished 578458 instructions 
Clk3 @ 505000000 Finished 579582 instructions 
Clk@ 505359111 Working on the # 580000 th memory instruction
Clk7 @ 506000000 Finished 580714 instructions 
Clk7 @ 507000000 Finished 581853 instructions 
Clk7 @ 508000000 Finished 583003 instructions 
Clk7 @ 509000000 Finished 584172 instructions 
Clk3 @ 510000000 Finished 585313 instructions 
Clk3 @ 511000000 Finished 586474 instructions 
Clk3 @ 512000000 Finished 587634 instructions 
Clk7 @ 512000000 Finished 587634 instructions 
Clk3 @ 513000000 Finished 588799 instructions 
Clk7 @ 514000000 Finished 589876 instructions 
Clk@ 514130110 Working on the # 590000 th memory instruction
Clk7 @ 515000000 Finished 590992 instructions 
Clk7 @ 516000000 Finished 592152 instructions 
Clk3 @ 517000000 Finished 593310 instructions 
Clk3 @ 518000000 Finished 594462 instructions 
Clk7 @ 519000000 Finished 595614 instructions 
Clk3 @ 520000000 Finished 596778 instructions 
Clk7 @ 521000000 Finished 597919 instructions 
Clk7 @ 522000000 Finished 599068 instructions 
Clk@ 522820636 Working on the # 600000 th memory instruction
Clk7 @ 523000000 Finished 600199 instructions 
Clk3 @ 524000000 Finished 601344 instructions 
Clk7 @ 525000000 Finished 602499 instructions 
Clk3 @ 526000000 Finished 603670 instructions 
Clk3 @ 527000000 Finished 604834 instructions 
Clk3 @ 528000000 Finished 605979 instructions 
Clk3 @ 529000000 Finished 607119 instructions 
Clk7 @ 530000000 Finished 608270 instructions 
Clk3 @ 531000000 Finished 609424 instructions 
Clk@ 531493880 Working on the # 610000 th memory instruction
Clk3 @ 532000000 Finished 610576 instructions 
Clk3 @ 533000000 Finished 611672 instructions 
Clk3 @ 534000000 Finished 612772 instructions 
Clk7 @ 535000000 Finished 613936 instructions 
Clk7 @ 536000000 Finished 615067 instructions 
Clk7 @ 537000000 Finished 616171 instructions 
Clk7 @ 538000000 Finished 617308 instructions 
Clk7 @ 539000000 Finished 618470 instructions 
Clk3 @ 540000000 Finished 619624 instructions 
Clk@ 540348409 Working on the # 620000 th memory instruction
Clk3 @ 541000000 Finished 620755 instructions 
Clk7 @ 542000000 Finished 621910 instructions 
Clk3 @ 543000000 Finished 623029 instructions 
Clk7 @ 544000000 Finished 624186 instructions 
Clk7 @ 545000000 Finished 625330 instructions 
Clk3 @ 546000000 Finished 626493 instructions 
Clk3 @ 547000000 Finished 627664 instructions 
Clk3 @ 548000000 Finished 628813 instructions 
Clk3 @ 549000000 Finished 629978 instructions 
Clk@ 549017385 Working on the # 630000 th memory instruction
Clk7 @ 550000000 Finished 631115 instructions 
Clk3 @ 551000000 Finished 632277 instructions 
Clk7 @ 552000000 Finished 633391 instructions 
Clk7 @ 553000000 Finished 634492 instructions 
Clk7 @ 554000000 Finished 635653 instructions 
Clk7 @ 555000000 Finished 636808 instructions 
Clk7 @ 556000000 Finished 637972 instructions 
Clk3 @ 557000000 Finished 639106 instructions 
Clk@ 557769173 Working on the # 640000 th memory instruction
Clk7 @ 558000000 Finished 640267 instructions 
Clk3 @ 559000000 Finished 641425 instructions 
Clk3 @ 560000000 Finished 642598 instructions 
Clk3 @ 561000000 Finished 643765 instructions 
Clk3 @ 562000000 Finished 644887 instructions 
Clk7 @ 563000000 Finished 646024 instructions 
Clk7 @ 564000000 Finished 647178 instructions 
Clk3 @ 565000000 Finished 648345 instructions 
Clk3 @ 566000000 Finished 649500 instructions 
Clk@ 566446797 Working on the # 650000 th memory instruction
Clk7 @ 567000000 Finished 650632 instructions 
Clk7 @ 568000000 Finished 651780 instructions 
Clk7 @ 569000000 Finished 652939 instructions 
Clk3 @ 570000000 Finished 654085 instructions 
Clk7 @ 571000000 Finished 655177 instructions 
Clk7 @ 572000000 Finished 656175 instructions 
Clk7 @ 573000000 Finished 657295 instructions 
Clk3 @ 574000000 Finished 658443 instructions 
Clk7 @ 575000000 Finished 659599 instructions 
Clk@ 575335290 Working on the # 660000 th memory instruction
Clk7 @ 576000000 Finished 660762 instructions 
Clk3 @ 577000000 Finished 661894 instructions 
Clk3 @ 578000000 Finished 663048 instructions 
Clk7 @ 579000000 Finished 664214 instructions 
Clk3 @ 580000000 Finished 665385 instructions 
Clk3 @ 581000000 Finished 666469 instructions 
Clk3 @ 582000000 Finished 667614 instructions 
Clk3 @ 583000000 Finished 668772 instructions 
Clk3 @ 584000000 Finished 669919 instructions 
Clk@ 584069067 Working on the # 670000 th memory instruction
Clk3 @ 585000000 Finished 671077 instructions 
Clk3 @ 586000000 Finished 672219 instructions 
Clk3 @ 587000000 Finished 673381 instructions 
Clk3 @ 588000000 Finished 674527 instructions 
Clk3 @ 589000000 Finished 675688 instructions 
Clk7 @ 590000000 Finished 676840 instructions 
Clk3 @ 591000000 Finished 677953 instructions 
Clk7 @ 592000000 Finished 679102 instructions 
Clk@ 592792496 Working on the # 680000 th memory instruction
Clk7 @ 593000000 Finished 680233 instructions 
Clk3 @ 594000000 Finished 681368 instructions 
Clk3 @ 595000000 Finished 682533 instructions 
Clk3 @ 596000000 Finished 683676 instructions 
Clk7 @ 597000000 Finished 684811 instructions 
Clk3 @ 598000000 Finished 685965 instructions 
Clk3 @ 599000000 Finished 687117 instructions 
Clk3 @ 600000000 Finished 688222 instructions 
Clk3 @ 601000000 Finished 689368 instructions 
Clk@ 601547867 Working on the # 690000 th memory instruction
Clk3 @ 602000000 Finished 690523 instructions 
Clk7 @ 603000000 Finished 691671 instructions 
Clk7 @ 604000000 Finished 692809 instructions 
Clk7 @ 605000000 Finished 693945 instructions 
Clk3 @ 606000000 Finished 695080 instructions 
Clk7 @ 607000000 Finished 696201 instructions 
Clk7 @ 608000000 Finished 697327 instructions 
Clk3 @ 609000000 Finished 698413 instructions 
Clk3 @ 610000000 Finished 699382 instructions 
Clk@ 610608418 Working on the # 700000 th memory instruction
Clk7 @ 611000000 Finished 700411 instructions 
Clk7 @ 612000000 Finished 701542 instructions 
Clk3 @ 613000000 Finished 702701 instructions 
Clk3 @ 614000000 Finished 703846 instructions 
Clk7 @ 615000000 Finished 704976 instructions 
Clk7 @ 616000000 Finished 706120 instructions 
Clk3 @ 617000000 Finished 707265 instructions 
Clk7 @ 618000000 Finished 708425 instructions 
Clk3 @ 619000000 Finished 709584 instructions 
Clk@ 619397915 Working on the # 710000 th memory instruction
Clk7 @ 620000000 Finished 710692 instructions 
Clk7 @ 621000000 Finished 711850 instructions 
Clk7 @ 622000000 Finished 712999 instructions 
Clk7 @ 623000000 Finished 714157 instructions 
Clk3 @ 624000000 Finished 715324 instructions 
Clk3 @ 625000000 Finished 716463 instructions 
Clk3 @ 626000000 Finished 717628 instructions 
Clk7 @ 627000000 Finished 718769 instructions 
Clk7 @ 628000000 Finished 719941 instructions 
Clk@ 628047541 Working on the # 720000 th memory instruction
Clk3 @ 629000000 Finished 721012 instructions 
Clk3 @ 630000000 Finished 722163 instructions 
Clk3 @ 631000000 Finished 723316 instructions 
Clk3 @ 632000000 Finished 724465 instructions 
Clk7 @ 633000000 Finished 725627 instructions 
Clk3 @ 634000000 Finished 726730 instructions 
Clk7 @ 635000000 Finished 727876 instructions 
Clk7 @ 636000000 Finished 729047 instructions 
Clk@ 636840190 Working on the # 730000 th memory instruction
Clk7 @ 637000000 Finished 730183 instructions 
Clk3 @ 638000000 Finished 731338 instructions 
Clk3 @ 639000000 Finished 732481 instructions 
Clk7 @ 640000000 Finished 733631 instructions 
Clk3 @ 641000000 Finished 734791 instructions 
Clk7 @ 642000000 Finished 735919 instructions 
Clk7 @ 643000000 Finished 737077 instructions 
Clk7 @ 644000000 Finished 738210 instructions 
Clk7 @ 645000000 Finished 739362 instructions 
Clk@ 645553531 Working on the # 740000 th memory instruction
Clk7 @ 646000000 Finished 740509 instructions 
Clk7 @ 647000000 Finished 741668 instructions 
Clk3 @ 648000000 Finished 742758 instructions 
Clk7 @ 649000000 Finished 743819 instructions 
Clk3 @ 650000000 Finished 744967 instructions 
Clk3 @ 651000000 Finished 746121 instructions 
Clk7 @ 652000000 Finished 747286 instructions 
Clk3 @ 653000000 Finished 748418 instructions 
Clk7 @ 654000000 Finished 749566 instructions 
Clk@ 654380030 Working on the # 750000 th memory instruction
Clk7 @ 655000000 Finished 750723 instructions 
Clk3 @ 656000000 Finished 751868 instructions 
Clk3 @ 657000000 Finished 753025 instructions 
Clk7 @ 658000000 Finished 754151 instructions 
Clk7 @ 659000000 Finished 755301 instructions 
Clk3 @ 660000000 Finished 756423 instructions 
Clk3 @ 661000000 Finished 757572 instructions 
Clk3 @ 662000000 Finished 758731 instructions 
Clk7 @ 663000000 Finished 759877 instructions 
Clk@ 663109631 Working on the # 760000 th memory instruction
Clk3 @ 664000000 Finished 761023 instructions 
Clk3 @ 665000000 Finished 762156 instructions 
Clk7 @ 666000000 Finished 763326 instructions 
Clk7 @ 667000000 Finished 764487 instructions 
Clk7 @ 668000000 Finished 765595 instructions 
Clk3 @ 669000000 Finished 766744 instructions 
Clk7 @ 670000000 Finished 767884 instructions 
Clk7 @ 671000000 Finished 769000 instructions 
Clk@ 671876878 Working on the # 770000 th memory instruction
Clk3 @ 672000000 Finished 770124 instructions 
Clk3 @ 673000000 Finished 771286 instructions 
Clk3 @ 674000000 Finished 772428 instructions 
Clk3 @ 675000000 Finished 773575 instructions 
Clk3 @ 676000000 Finished 774714 instructions 
Clk7 @ 677000000 Finished 775845 instructions 
Clk7 @ 678000000 Finished 776993 instructions 
Clk7 @ 679000000 Finished 778148 instructions 
Clk3 @ 680000000 Finished 779284 instructions 
Clk@ 680636653 Working on the # 780000 th memory instruction
Clk7 @ 681000000 Finished 780399 instructions 
Clk7 @ 682000000 Finished 781545 instructions 
Clk7 @ 683000000 Finished 782689 instructions 
Clk7 @ 684000000 Finished 783822 instructions 
Clk7 @ 685000000 Finished 784965 instructions 
Clk7 @ 686000000 Finished 786092 instructions 
Clk3 @ 687000000 Finished 787032 instructions 
Clk3 @ 688000000 Finished 788133 instructions 
Clk3 @ 689000000 Finished 789271 instructions 
Clk@ 689633484 Working on the # 790000 th memory instruction
Clk3 @ 690000000 Finished 790407 instructions 
Clk7 @ 691000000 Finished 791553 instructions 
Clk7 @ 692000000 Finished 792688 instructions 
Clk3 @ 693000000 Finished 793836 instructions 
Clk7 @ 694000000 Finished 794968 instructions 
Clk7 @ 695000000 Finished 796100 instructions 
Clk7 @ 696000000 Finished 797245 instructions 
Clk7 @ 697000000 Finished 798391 instructions 
Clk3 @ 698000000 Finished 799513 instructions 
Clk@ 698423904 Working on the # 800000 th memory instruction
Clk7 @ 699000000 Finished 800652 instructions 
Clk7 @ 700000000 Finished 801778 instructions 
Clk3 @ 701000000 Finished 802924 instructions 
Clk7 @ 702000000 Finished 804064 instructions 
Clk3 @ 703000000 Finished 805194 instructions 
Clk7 @ 704000000 Finished 806347 instructions 
Clk3 @ 705000000 Finished 807490 instructions 
Clk7 @ 706000000 Finished 808614 instructions 
Clk3 @ 707000000 Finished 809763 instructions 
Clk@ 707201092 Working on the # 810000 th memory instruction
Clk7 @ 708000000 Finished 810928 instructions 
Clk7 @ 709000000 Finished 812054 instructions 
Clk7 @ 710000000 Finished 813213 instructions 
Clk7 @ 711000000 Finished 814352 instructions 
Clk7 @ 712000000 Finished 815517 instructions 
Clk7 @ 713000000 Finished 816626 instructions 
Clk3 @ 714000000 Finished 817763 instructions 
Clk7 @ 715000000 Finished 818912 instructions 
Clk@ 715954415 Working on the # 820000 th memory instruction
Clk7 @ 716000000 Finished 820055 instructions 
Clk7 @ 717000000 Finished 821194 instructions 
Clk3 @ 718000000 Finished 822268 instructions 
Clk3 @ 719000000 Finished 823408 instructions 
Clk7 @ 720000000 Finished 824558 instructions 
Clk7 @ 721000000 Finished 825693 instructions 
Clk7 @ 722000000 Finished 826848 instructions 
Clk7 @ 723000000 Finished 827986 instructions 
Clk7 @ 724000000 Finished 829148 instructions 
Clk@ 724764351 Working on the # 830000 th memory instruction
Clk3 @ 725000000 Finished 830215 instructions 
Clk7 @ 726000000 Finished 831372 instructions 
Clk3 @ 727000000 Finished 832528 instructions 
Clk7 @ 728000000 Finished 833676 instructions 
Clk3 @ 729000000 Finished 834829 instructions 
Clk3 @ 730000000 Finished 835948 instructions 
Clk3 @ 731000000 Finished 837094 instructions 
Clk3 @ 732000000 Finished 838249 instructions 
Clk7 @ 733000000 Finished 839388 instructions 
Clk@ 733524046 Working on the # 840000 th memory instruction
Clk3 @ 734000000 Finished 840551 instructions 
Clk7 @ 735000000 Finished 841702 instructions 
Clk7 @ 736000000 Finished 842854 instructions 
Clk7 @ 737000000 Finished 843997 instructions 
Clk3 @ 738000000 Finished 845155 instructions 
Clk7 @ 739000000 Finished 846311 instructions 
Clk7 @ 740000000 Finished 847357 instructions 
Clk7 @ 741000000 Finished 848506 instructions 
Clk3 @ 742000000 Finished 849640 instructions 
Clk@ 742313370 Working on the # 850000 th memory instruction
Clk7 @ 743000000 Finished 850778 instructions 
Clk3 @ 744000000 Finished 851932 instructions 
Clk3 @ 745000000 Finished 853045 instructions 
Clk7 @ 746000000 Finished 854204 instructions 
Clk3 @ 747000000 Finished 855358 instructions 
Clk7 @ 748000000 Finished 856514 instructions 
Clk3 @ 749000000 Finished 857620 instructions 
Clk3 @ 750000000 Finished 858777 instructions 
Clk7 @ 751000000 Finished 859937 instructions 
Clk@ 751052745 Working on the # 860000 th memory instruction
Clk3 @ 752000000 Finished 861096 instructions 
Clk7 @ 753000000 Finished 862234 instructions 
Clk7 @ 754000000 Finished 863368 instructions 
Clk7 @ 755000000 Finished 864519 instructions 
Clk3 @ 756000000 Finished 865670 instructions 
Clk7 @ 757000000 Finished 866833 instructions 
Clk3 @ 758000000 Finished 867988 instructions 
Clk3 @ 759000000 Finished 869090 instructions 
Clk@ 759791989 Working on the # 870000 th memory instruction
Clk7 @ 760000000 Finished 870237 instructions 
Clk3 @ 761000000 Finished 871393 instructions 
Clk3 @ 762000000 Finished 872538 instructions 
Clk3 @ 763000000 Finished 873621 instructions 
Clk3 @ 764000000 Finished 874645 instructions 
Clk3 @ 765000000 Finished 875792 instructions 
Clk7 @ 766000000 Finished 876938 instructions 
Clk3 @ 767000000 Finished 878085 instructions 
Clk3 @ 768000000 Finished 879243 instructions 
Clk@ 768674410 Working on the # 880000 th memory instruction
Clk7 @ 770000000 Finished 881533 instructions 
Clk7 @ 771000000 Finished 882683 instructions 
Clk7 @ 772000000 Finished 883836 instructions 
Clk7 @ 773000000 Finished 884935 instructions 
Clk7 @ 774000000 Finished 886077 instructions 
Clk3 @ 775000000 Finished 887221 instructions 
Clk3 @ 776000000 Finished 888375 instructions 
Clk3 @ 777000000 Finished 889479 instructions 
Clk@ 777448859 Working on the # 890000 th memory instruction
Clk3 @ 778000000 Finished 890634 instructions 
Clk7 @ 779000000 Finished 891794 instructions 
Clk3 @ 780000000 Finished 892930 instructions 
Clk7 @ 781000000 Finished 894093 instructions 
Clk7 @ 782000000 Finished 895250 instructions 
Clk3 @ 783000000 Finished 896367 instructions 
Clk3 @ 784000000 Finished 897523 instructions 
Clk3 @ 785000000 Finished 898678 instructions 
Clk3 @ 786000000 Finished 899794 instructions 
Clk@ 786185146 Working on the # 900000 th memory instruction
Clk3 @ 787000000 Finished 900946 instructions 
Clk7 @ 788000000 Finished 902092 instructions 
Clk7 @ 789000000 Finished 903247 instructions 
Clk7 @ 790000000 Finished 904409 instructions 
Clk3 @ 791000000 Finished 905544 instructions 
Clk7 @ 792000000 Finished 906622 instructions 
Clk7 @ 793000000 Finished 907748 instructions 
Clk7 @ 794000000 Finished 908897 instructions 
Clk@ 794959146 Working on the # 910000 th memory instruction
Clk7 @ 795000000 Finished 910048 instructions 
Clk7 @ 796000000 Finished 911206 instructions 
Clk7 @ 797000000 Finished 912354 instructions 
Clk7 @ 798000000 Finished 913507 instructions 
Clk7 @ 799000000 Finished 914670 instructions 
Clk7 @ 800000000 Finished 915806 instructions 
Clk3 @ 801000000 Finished 916959 instructions 
Clk7 @ 802000000 Finished 917995 instructions 
Clk7 @ 803000000 Finished 919141 instructions 
Clk@ 803736256 Working on the # 920000 th memory instruction
Clk3 @ 804000000 Finished 920287 instructions 
Clk7 @ 805000000 Finished 921459 instructions 
Clk7 @ 806000000 Finished 922621 instructions 
Clk3 @ 807000000 Finished 923752 instructions 
Clk3 @ 808000000 Finished 924904 instructions 
Clk7 @ 809000000 Finished 926049 instructions 
Clk7 @ 810000000 Finished 927205 instructions 
Clk7 @ 811000000 Finished 928342 instructions 
Clk3 @ 812000000 Finished 929457 instructions 
Clk@ 812471910 Working on the # 930000 th memory instruction
Clk3 @ 813000000 Finished 930613 instructions 
Clk3 @ 814000000 Finished 931762 instructions 
Clk7 @ 814000000 Finished 931762 instructions 
Clk7 @ 815000000 Finished 932909 instructions 
Clk7 @ 816000000 Finished 934042 instructions 
Clk7 @ 817000000 Finished 935200 instructions 
Clk3 @ 818000000 Finished 936349 instructions 
Clk7 @ 819000000 Finished 937507 instructions 
Clk3 @ 820000000 Finished 938661 instructions 
Clk7 @ 821000000 Finished 939741 instructions 
Clk@ 821227142 Working on the # 940000 th memory instruction
Clk3 @ 822000000 Finished 940888 instructions 
Clk3 @ 823000000 Finished 942046 instructions 
Clk3 @ 824000000 Finished 943180 instructions 
Clk7 @ 824000000 Finished 943180 instructions 
Clk3 @ 825000000 Finished 944335 instructions 
Clk7 @ 826000000 Finished 945457 instructions 
Clk3 @ 827000000 Finished 946612 instructions 
Clk7 @ 828000000 Finished 947776 instructions 
Clk7 @ 829000000 Finished 948916 instructions 
Clk@ 829953018 Working on the # 950000 th memory instruction
Clk7 @ 830000000 Finished 950055 instructions 
Clk3 @ 831000000 Finished 951151 instructions 
Clk7 @ 832000000 Finished 952299 instructions 
Clk7 @ 833000000 Finished 953448 instructions 
Clk7 @ 834000000 Finished 954605 instructions 
Clk7 @ 835000000 Finished 955750 instructions 
Clk3 @ 836000000 Finished 956902 instructions 
Clk3 @ 837000000 Finished 958033 instructions 
Clk7 @ 838000000 Finished 959133 instructions 
Clk@ 838787386 Working on the # 960000 th memory instruction
Clk3 @ 839000000 Finished 960225 instructions 
Clk3 @ 840000000 Finished 961230 instructions 
Clk7 @ 841000000 Finished 962283 instructions 
Clk3 @ 842000000 Finished 963417 instructions 
Clk3 @ 843000000 Finished 964508 instructions 
Clk3 @ 844000000 Finished 965653 instructions 
Clk3 @ 845000000 Finished 966757 instructions 
Clk7 @ 846000000 Finished 967903 instructions 
Clk3 @ 847000000 Finished 969046 instructions 
Clk@ 847833396 Working on the # 970000 th memory instruction
Clk3 @ 848000000 Finished 970189 instructions 
Clk7 @ 849000000 Finished 971334 instructions 
Clk7 @ 850000000 Finished 972447 instructions 
Clk7 @ 851000000 Finished 973596 instructions 
Clk3 @ 852000000 Finished 974733 instructions 
Clk7 @ 853000000 Finished 975872 instructions 
Clk3 @ 854000000 Finished 977031 instructions 
Clk7 @ 855000000 Finished 978175 instructions 
Clk7 @ 856000000 Finished 979330 instructions 
Clk@ 856581033 Working on the # 980000 th memory instruction
Clk3 @ 857000000 Finished 980478 instructions 
Clk3 @ 858000000 Finished 981637 instructions 
Clk3 @ 859000000 Finished 982789 instructions 
Clk7 @ 860000000 Finished 983837 instructions 
Clk7 @ 861000000 Finished 984984 instructions 
Clk7 @ 862000000 Finished 986139 instructions 
Clk7 @ 863000000 Finished 987283 instructions 
Clk7 @ 864000000 Finished 988429 instructions 
Clk7 @ 865000000 Finished 989575 instructions 
Clk@ 865365937 Working on the # 990000 th memory instruction
Clk3 @ 866000000 Finished 990721 instructions 
Clk3 @ 867000000 Finished 991842 instructions 
Clk7 @ 868000000 Finished 992973 instructions 
Clk7 @ 869000000 Finished 994105 instructions 
Clk3 @ 870000000 Finished 995266 instructions 
Clk3 @ 871000000 Finished 996411 instructions 
Clk7 @ 872000000 Finished 997572 instructions 
Clk7 @ 873000000 Finished 998683 instructions 
Clk3 @ 874000000 Finished 999802 instructions 
Clk@ 874169490 Working on the # 1000000 th memory instruction

===*** Data ***====
Stall reason distribution: 
mc_hazard: 0
normal: 0
rs_hazard: 0
rw_swtich: 0
Early reshuffle distribution: 
0: 0
1: 0
2: 0
3: 0
4: 0
5: 0
6: 0
7: 0
8: 13775
9: 62663
10: 62633
11: 63007
12: 62437
13: 62130
14: 61261
15: 59637
16: 56657
17: 50535
18: 37084
19: 14983
20: 2585
21: 252
22: 17
23: 1
24: 0
25: 0
26: 0
=================
Max stash size is: 61
Average stash size is: 13.6002
useful_read_pull_ddr: 499999 (0.918108) %
dummy_read_pull_ddr: 8609398 (15.8087) %
useful_early_pull_ddr: 1343892 (2.46768) %
useful_early_push_ddr: 464519 (0.852959) %
useful_write_pull_ddr: 12143500 (22.2981) %
useful_write_push_ddr: 3836838 (7.04527) %
dummy_early_pull_ddr: 336258 (0.617443) %
dummy_early_push_ddr: 2559751 (4.70026) %
dummy_write_pull_ddr: 2360 (0.00433348) %
dummy_write_push_ddr: 24663219 (45.2871) %
=================
Stash violation number of times: 0
=================
Check NodeID traffic: 9747869
Update NodeID traffic: 201
=================
Read RS lines: 1000000 (34.6503) %
Write RS lines: 666666 (23.1002) %
Early RS lines: 1219314 (42.2496) %
Read DDR lines: 18219305 (17.2364) %
Write DDR lines: 78947830 (74.6888) %
Early DDR lines: 8535198 (8.07475) %

====*** pos1 ***====
Stall reason distribution: 
mc_hazard: 0
normal: 0
rs_hazard: 0
rw_swtich: 0
Early reshuffle distribution: 
0: 0
1: 0
2: 0
3: 0
4: 0
5: 13418
6: 62149
7: 62517
8: 62851
9: 62638
10: 62605
11: 62685
12: 62525
13: 62017
14: 61489
15: 59749
16: 56089
17: 49639
18: 36836
19: 13962
20: 2167
21: 167
22: 5
23: 0
=================
Max stash size is: 77
Average stash size is: 12.3806
useful_read_pull_ddr: 999996 (0.903996) %
dummy_read_pull_ddr: 17218832 (15.5658) %
useful_early_pull_ddr: 3171647 (2.86717) %
useful_early_push_ddr: 1157447 (1.04633) %
useful_write_pull_ddr: 24266178 (21.9366) %
useful_write_push_ddr: 8991193 (8.12803) %
dummy_early_pull_ddr: 795893 (0.719487) %
dummy_early_push_ddr: 5984125 (5.40965) %
dummy_write_pull_ddr: 25462 (0.0230176) %
dummy_write_push_ddr: 48008750 (43.3999) %
=================
Stash violation number of times: 0
=================
Check NodeID traffic: 15060005
Update NodeID traffic: 69
=================
Read RS lines: 1000000 (30.7344) %
Write RS lines: 666666 (20.4896) %
Early RS lines: 1587016 (48.776) %
Read DDR lines: 18218828 (16.8263) %
Write DDR lines: 78947830 (72.9137) %
Early DDR lines: 11109112 (10.26) %

====*** pos2 ***====
Stall reason distribution: 
mc_hazard: 0
normal: 0
rs_hazard: 0
rw_swtich: 0
Early reshuffle distribution: 
0: 0
1: 0
2: 0
3: 0
4: 11362
5: 61639
6: 62255
7: 62648
8: 62862
9: 62652
10: 62509
11: 62883
12: 62389
13: 61920
14: 61005
15: 59073
16: 55149
17: 47551
18: 32671
19: 8703
20: 330
=================
Max stash size is: 69
Average stash size is: 12.0379
useful_read_pull_ddr: 999989 (0.966198) %
dummy_read_pull_ddr: 15187654 (14.6744) %
useful_early_pull_ddr: 3331374 (3.2188) %
useful_early_push_ddr: 1253733 (1.21137) %
useful_write_pull_ddr: 21393067 (20.6702) %
useful_write_push_ddr: 10015610 (9.67717) %
dummy_early_pull_ddr: 856631 (0.827684) %
dummy_early_push_ddr: 6284676 (6.07231) %
dummy_write_pull_ddr: 190241 (0.183813) %
dummy_write_push_ddr: 43984336 (42.498) %
=================
Stash violation number of times: 0
=================
Check NodeID traffic: 10493157
Update NodeID traffic: 32
=================
Read RS lines: 1000000 (29.9234) %
Write RS lines: 666666 (19.9489) %
Early RS lines: 1675202 (50.1277) %
Read DDR lines: 16187643 (16.5079) %
Write DDR lines: 70145751 (71.5336) %
Early DDR lines: 11726414 (11.9584) %
=================
The final DRAM clk is: 874170901 ticks.
Idle waiting clk is 509799153, which is 58.318 %
DRAM Frequency is: 1600MHz
The final time in ns is: 5.46357e+08 ns.
Time distribution: 
Data pull time is: 0
data: 0
pos1: 0
pos2: 0
Data distribution: 
Pos2 data: 98059808
Pos1 data: 108275770
Data: 105702333
Node access DDR: 19495738
Pull DDR: 18219305
WB DDR: 78947830
Early DDR: 8535198
Achieved BW is: 41.8287 GB/s
Ideal BW is: 102.4 GB/s
Metadata cache conclusion: 
overall_hit: 26116292 overall_total: 45609639
Cache Size 64 KB Overall Hit rate: 57.2605 %. 
Simulation done. Statistics written to my_output.txt
