Valid leaf ID range: 16777215:33554430
Num of top nodes: 16777216
Data level num of ways: 16777216
Z: 16
S: 27
A: 20
cached_total: 1
cached_total: 3
cached_total: 7
cached_total: 15
cached_total: 31
cached_total: 63
cached_total: 127
Total number of ORAM protected cache line blocks: 16777216
Cached number of levels: 6
Max number of levels: 25
Start lvl is: 0
data valid leaf right: 33554431
data num of levels: 25
data level num of ways: 16777216
data number of sets: 1
Cached node ID: 0 -- 95
Address space: 0 - 4 GB
pos1 valid leaf right: 4194303
pos1 num of levels: 22
pos1 level num of ways: 2097152
pos1 number of sets: 1
Cached node ID: 0 -- 11
Address space: 0 - 0.5 GB
pos2 valid leaf right: 524287
pos2 num of levels: 19
pos2 level num of ways: 262144
pos2 number of sets: 1
Cached node ID: 0 -- 5
Address space: 0 - 0.0625 GB
Clk3 @ 1000000 Finished 2144 instructions 
Clk7 @ 2000000 Finished 4411 instructions 
Clk3 @ 3000000 Finished 6772 instructions 
Clk3 @ 4000000 Finished 9121 instructions 
Clk@ 4369924 Working on the # 10000 th memory instruction
Sampling stash size at 9999 req has local max stash size of: 152
Clk3 @ 5000000 Finished 11521 instructions 
Clk3 @ 6000000 Finished 13971 instructions 
Clk7 @ 7000000 Finished 16370 instructions 
Clk7 @ 8000000 Finished 18823 instructions 
Clk@ 8487526 Working on the # 20000 th memory instruction
Sampling stash size at 19999 req has local max stash size of: 164
Clk7 @ 9000000 Finished 21234 instructions 
Clk3 @ 10000000 Finished 23666 instructions 
Clk7 @ 11000000 Finished 26139 instructions 
Clk3 @ 12000000 Finished 28591 instructions 
Clk@ 12572332 Working on the # 30000 th memory instruction
Sampling stash size at 29999 req has local max stash size of: 172
Clk3 @ 13000000 Finished 30963 instructions 
Clk3 @ 14000000 Finished 33379 instructions 
Clk7 @ 15000000 Finished 35844 instructions 
Clk7 @ 16000000 Finished 38287 instructions 
Clk@ 16697045 Working on the # 40000 th memory instruction
Sampling stash size at 39999 req has local max stash size of: 175
Clk3 @ 17000000 Finished 40746 instructions 
Clk3 @ 18000000 Finished 43184 instructions 
Clk3 @ 19000000 Finished 45643 instructions 
Clk7 @ 20000000 Finished 48059 instructions 
Clk@ 20780857 Working on the # 50000 th memory instruction
Sampling stash size at 49999 req has local max stash size of: 177
Clk3 @ 21000000 Finished 50543 instructions 
Clk3 @ 22000000 Finished 53022 instructions 
Clk3 @ 23000000 Finished 55463 instructions 
Clk3 @ 24000000 Finished 57945 instructions 
Clk@ 24824206 Working on the # 60000 th memory instruction
Sampling stash size at 59999 req has local max stash size of: 185
Clk7 @ 25000000 Finished 60427 instructions 
Clk7 @ 26000000 Finished 62670 instructions 
Clk3 @ 27000000 Finished 65091 instructions 
Clk3 @ 28000000 Finished 67564 instructions 
Clk@ 28997259 Working on the # 70000 th memory instruction
Clk7 @ 29000000 Finished 70008 instructions 
Sampling stash size at 69999 req has local max stash size of: 189
Clk3 @ 30000000 Finished 72483 instructions 
Clk3 @ 31000000 Finished 74964 instructions 
Clk7 @ 32000000 Finished 77373 instructions 
Clk3 @ 33000000 Finished 79845 instructions 
Clk@ 33061638 Working on the # 80000 th memory instruction
Sampling stash size at 79999 req has local max stash size of: 184
Clk3 @ 34000000 Finished 82284 instructions 
Clk3 @ 35000000 Finished 84681 instructions 
Clk3 @ 36000000 Finished 87117 instructions 
Clk3 @ 37000000 Finished 89584 instructions 
Clk@ 37169885 Working on the # 90000 th memory instruction
Sampling stash size at 89999 req has local max stash size of: 191
Clk7 @ 38000000 Finished 91995 instructions 
Clk3 @ 39000000 Finished 94380 instructions 
Clk7 @ 40000000 Finished 96855 instructions 
Clk7 @ 41000000 Finished 99299 instructions 
Clk@ 41281300 Working on the # 100000 th memory instruction
Sampling stash size at 99999 req has local max stash size of: 189
Clk3 @ 42000000 Finished 101762 instructions 
Clk7 @ 43000000 Finished 104230 instructions 
Clk7 @ 44000000 Finished 106664 instructions 
Clk3 @ 45000000 Finished 109086 instructions 
Clk@ 45364187 Working on the # 110000 th memory instruction
Sampling stash size at 109999 req has local max stash size of: 187
Clk7 @ 46000000 Finished 111588 instructions 
Clk7 @ 47000000 Finished 114071 instructions 
Clk3 @ 48000000 Finished 116506 instructions 
Clk3 @ 49000000 Finished 118971 instructions 
Clk@ 49418909 Working on the # 120000 th memory instruction
Sampling stash size at 119999 req has local max stash size of: 199
Clk7 @ 50000000 Finished 121411 instructions 
Clk3 @ 51000000 Finished 123613 instructions 
Clk3 @ 52000000 Finished 125887 instructions 
Clk3 @ 53000000 Finished 128338 instructions 
Clk@ 53680791 Working on the # 130000 th memory instruction
Sampling stash size at 129999 req has local max stash size of: 194
Clk3 @ 54000000 Finished 130791 instructions 
Clk7 @ 55000000 Finished 133239 instructions 
Clk7 @ 56000000 Finished 135697 instructions 
Clk3 @ 57000000 Finished 138149 instructions 
Clk@ 57768988 Working on the # 140000 th memory instruction
Sampling stash size at 139999 req has local max stash size of: 197
Clk7 @ 58000000 Finished 140567 instructions 
Clk3 @ 59000000 Finished 143045 instructions 
Clk3 @ 60000000 Finished 145514 instructions 
Clk3 @ 61000000 Finished 147964 instructions 
Clk@ 61825178 Working on the # 150000 th memory instruction
Sampling stash size at 149999 req has local max stash size of: 196
Clk3 @ 62000000 Finished 150431 instructions 
Clk3 @ 63000000 Finished 152830 instructions 
Clk7 @ 64000000 Finished 155228 instructions 
Clk7 @ 65000000 Finished 157698 instructions 
Clk@ 65939835 Working on the # 160000 th memory instruction
Sampling stash size at 159999 req has local max stash size of: 202
Clk3 @ 66000000 Finished 160131 instructions 
Clk3 @ 67000000 Finished 162604 instructions 
Clk7 @ 68000000 Finished 164996 instructions 
Clk3 @ 69000000 Finished 167346 instructions 
Clk3 @ 70000000 Finished 169751 instructions 
Clk@ 70099447 Working on the # 170000 th memory instruction
Sampling stash size at 169999 req has local max stash size of: 201
Clk3 @ 71000000 Finished 172137 instructions 
Clk3 @ 72000000 Finished 174582 instructions 
Clk3 @ 73000000 Finished 177033 instructions 
Clk3 @ 74000000 Finished 179467 instructions 
Clk@ 74212553 Working on the # 180000 th memory instruction
Sampling stash size at 179999 req has local max stash size of: 197
Clk7 @ 75000000 Finished 181936 instructions 
Clk3 @ 76000000 Finished 184311 instructions 
Clk3 @ 77000000 Finished 186641 instructions 
Clk3 @ 78000000 Finished 189025 instructions 
Clk@ 78388045 Working on the # 190000 th memory instruction
Sampling stash size at 189999 req has local max stash size of: 202
Clk3 @ 79000000 Finished 191471 instructions 
Clk3 @ 80000000 Finished 193940 instructions 
Clk3 @ 81000000 Finished 196404 instructions 
Clk7 @ 82000000 Finished 198844 instructions 
Clk@ 82460915 Working on the # 200000 th memory instruction
Sampling stash size at 199999 req has local max stash size of: 206
Clk7 @ 83000000 Finished 201315 instructions 
Clk3 @ 84000000 Finished 203751 instructions 
Clk3 @ 85000000 Finished 206191 instructions 
Clk7 @ 86000000 Finished 208637 instructions 
Clk@ 86556868 Working on the # 210000 th memory instruction
Sampling stash size at 209999 req has local max stash size of: 208
Clk7 @ 87000000 Finished 211091 instructions 
Clk3 @ 88000000 Finished 213491 instructions 
Clk3 @ 89000000 Finished 215962 instructions 
Clk3 @ 90000000 Finished 218331 instructions 
Clk@ 90677053 Working on the # 220000 th memory instruction
Sampling stash size at 219999 req has local max stash size of: 202
Clk3 @ 91000000 Finished 220802 instructions 
Clk3 @ 92000000 Finished 223264 instructions 
Clk3 @ 93000000 Finished 225721 instructions 
Clk3 @ 94000000 Finished 228162 instructions 
Clk@ 94753997 Working on the # 230000 th memory instruction
Sampling stash size at 229999 req has local max stash size of: 201
Clk3 @ 95000000 Finished 230599 instructions 
Clk3 @ 96000000 Finished 233030 instructions 
Clk7 @ 97000000 Finished 235506 instructions 
Clk3 @ 98000000 Finished 237962 instructions 
Clk@ 98826820 Working on the # 240000 th memory instruction
Sampling stash size at 239999 req has local max stash size of: 207
Clk3 @ 99000000 Finished 240405 instructions 
Clk3 @ 100000000 Finished 242839 instructions 
Clk7 @ 101000000 Finished 245089 instructions 
Clk7 @ 102000000 Finished 247347 instructions 
Clk3 @ 103000000 Finished 249578 instructions 
Clk@ 103186434 Working on the # 250000 th memory instruction
Sampling stash size at 249999 req has local max stash size of: 206
Clk3 @ 104000000 Finished 251938 instructions 
Clk3 @ 105000000 Finished 254363 instructions 
Clk3 @ 106000000 Finished 256764 instructions 
Clk7 @ 107000000 Finished 259182 instructions 
Clk@ 107338785 Working on the # 260000 th memory instruction
Sampling stash size at 259999 req has local max stash size of: 206
Clk7 @ 108000000 Finished 261627 instructions 
Clk3 @ 109000000 Finished 264038 instructions 
Clk7 @ 110000000 Finished 266471 instructions 
Clk3 @ 111000000 Finished 268943 instructions 
Clk@ 111424847 Working on the # 270000 th memory instruction
Sampling stash size at 269999 req has local max stash size of: 208
Clk3 @ 112000000 Finished 271403 instructions 
Clk3 @ 113000000 Finished 273851 instructions 
Clk7 @ 114000000 Finished 276251 instructions 
Clk3 @ 115000000 Finished 278656 instructions 
Clk@ 115544305 Working on the # 280000 th memory instruction
Sampling stash size at 279999 req has local max stash size of: 212
Clk3 @ 116000000 Finished 281116 instructions 
Clk7 @ 117000000 Finished 283571 instructions 
Clk7 @ 118000000 Finished 285997 instructions 
Clk3 @ 119000000 Finished 288451 instructions 
Clk@ 119635758 Working on the # 290000 th memory instruction
Sampling stash size at 289999 req has local max stash size of: 204
Clk7 @ 120000000 Finished 290894 instructions 
Clk7 @ 121000000 Finished 293329 instructions 
Clk7 @ 122000000 Finished 295766 instructions 
Clk3 @ 123000000 Finished 298222 instructions 
Clk@ 123722503 Working on the # 300000 th memory instruction
Sampling stash size at 299999 req has local max stash size of: 207
Clk3 @ 124000000 Finished 300677 instructions 
Clk7 @ 125000000 Finished 303112 instructions 
Clk3 @ 126000000 Finished 305440 instructions 
Clk7 @ 127000000 Finished 307851 instructions 
Clk@ 127912256 Working on the # 310000 th memory instruction
Sampling stash size at 309999 req has local max stash size of: 217
Clk7 @ 128000000 Finished 310217 instructions 
Clk7 @ 129000000 Finished 312673 instructions 
Clk3 @ 130000000 Finished 315144 instructions 
Clk3 @ 131000000 Finished 317571 instructions 
Clk@ 131984281 Working on the # 320000 th memory instruction
Sampling stash size at 319999 req has local max stash size of: 210
Clk3 @ 132000000 Finished 320034 instructions 
Clk3 @ 133000000 Finished 322465 instructions 
Clk7 @ 134000000 Finished 324904 instructions 
Clk3 @ 135000000 Finished 327330 instructions 
Clk3 @ 136000000 Finished 329703 instructions 
Clk@ 136123746 Working on the # 330000 th memory instruction
Sampling stash size at 329999 req has local max stash size of: 220
Clk3 @ 137000000 Finished 332071 instructions 
Clk7 @ 138000000 Finished 334470 instructions 
Clk3 @ 139000000 Finished 336882 instructions 
Clk3 @ 140000000 Finished 339311 instructions 
Clk@ 140279071 Working on the # 340000 th memory instruction
Sampling stash size at 339999 req has local max stash size of: 214
Clk7 @ 141000000 Finished 341744 instructions 
Clk3 @ 142000000 Finished 344107 instructions 
Clk7 @ 143000000 Finished 346563 instructions 
Clk7 @ 144000000 Finished 348997 instructions 
Clk@ 144412428 Working on the # 350000 th memory instruction
Sampling stash size at 349999 req has local max stash size of: 215
Clk3 @ 145000000 Finished 351414 instructions 
Clk3 @ 146000000 Finished 353892 instructions 
Clk3 @ 147000000 Finished 356383 instructions 
Clk7 @ 148000000 Finished 358790 instructions 
Clk@ 148487559 Working on the # 360000 th memory instruction
Sampling stash size at 359999 req has local max stash size of: 217
Clk7 @ 149000000 Finished 361275 instructions 
Clk3 @ 150000000 Finished 363732 instructions 
Clk3 @ 151000000 Finished 366028 instructions 
Clk3 @ 152000000 Finished 368451 instructions 
Clk@ 152637540 Working on the # 370000 th memory instruction
Sampling stash size at 369999 req has local max stash size of: 209
Clk3 @ 153000000 Finished 370866 instructions 
Clk3 @ 154000000 Finished 373162 instructions 
Clk7 @ 155000000 Finished 375488 instructions 
Clk3 @ 156000000 Finished 377931 instructions 
Clk@ 156831791 Working on the # 380000 th memory instruction
Sampling stash size at 379999 req has local max stash size of: 218
Clk3 @ 157000000 Finished 380402 instructions 
Clk3 @ 158000000 Finished 382846 instructions 
Clk3 @ 159000000 Finished 385321 instructions 
Clk7 @ 160000000 Finished 387761 instructions 
Clk@ 160938402 Working on the # 390000 th memory instruction
Sampling stash size at 389999 req has local max stash size of: 223
Clk3 @ 161000000 Finished 390151 instructions 
Clk3 @ 162000000 Finished 392611 instructions 
Clk7 @ 163000000 Finished 395087 instructions 
Clk3 @ 164000000 Finished 397451 instructions 
Clk3 @ 165000000 Finished 399908 instructions 
Clk@ 165037144 Working on the # 400000 th memory instruction
Sampling stash size at 399999 req has local max stash size of: 213
Clk7 @ 166000000 Finished 402314 instructions 
Clk7 @ 167000000 Finished 404737 instructions 
Clk7 @ 168000000 Finished 407157 instructions 
Clk7 @ 169000000 Finished 409615 instructions 
Clk@ 169157287 Working on the # 410000 th memory instruction
Sampling stash size at 409999 req has local max stash size of: 217
Clk3 @ 170000000 Finished 412045 instructions 
Clk3 @ 171000000 Finished 414471 instructions 
Clk7 @ 172000000 Finished 416935 instructions 
Clk3 @ 173000000 Finished 419364 instructions 
Clk@ 173257487 Working on the # 420000 th memory instruction
Sampling stash size at 419999 req has local max stash size of: 214
Clk3 @ 174000000 Finished 421811 instructions 
Clk3 @ 175000000 Finished 424245 instructions 
Clk7 @ 176000000 Finished 426661 instructions 
Clk7 @ 177000000 Finished 429076 instructions 
Clk@ 177377595 Working on the # 430000 th memory instruction
Sampling stash size at 429999 req has local max stash size of: 232
Clk7 @ 178000000 Finished 431506 instructions 
Clk7 @ 179000000 Finished 433926 instructions 
Clk3 @ 180000000 Finished 436231 instructions 
Clk7 @ 181000000 Finished 438666 instructions 
Clk@ 181535546 Working on the # 440000 th memory instruction
Sampling stash size at 439999 req has local max stash size of: 225
Clk3 @ 182000000 Finished 441141 instructions 
Clk3 @ 183000000 Finished 443564 instructions 
Clk3 @ 184000000 Finished 446012 instructions 
Clk3 @ 185000000 Finished 448485 instructions 
Clk@ 185623105 Working on the # 450000 th memory instruction
Sampling stash size at 449999 req has local max stash size of: 223
Clk3 @ 186000000 Finished 450931 instructions 
Clk3 @ 187000000 Finished 453386 instructions 
Clk7 @ 188000000 Finished 455821 instructions 
Clk3 @ 189000000 Finished 458225 instructions 
Clk@ 189725001 Working on the # 460000 th memory instruction
Sampling stash size at 459999 req has local max stash size of: 224
Clk3 @ 190000000 Finished 460669 instructions 
Clk3 @ 191000000 Finished 463131 instructions 
Clk7 @ 192000000 Finished 465511 instructions 
Clk7 @ 193000000 Finished 467956 instructions 
Clk@ 193829889 Working on the # 470000 th memory instruction
Sampling stash size at 469999 req has local max stash size of: 224
Clk3 @ 194000000 Finished 470423 instructions 
Clk3 @ 195000000 Finished 472851 instructions 
Clk7 @ 196000000 Finished 475295 instructions 
Clk7 @ 197000000 Finished 477757 instructions 
Clk@ 197906988 Working on the # 480000 th memory instruction
Sampling stash size at 479999 req has local max stash size of: 213
Clk3 @ 198000000 Finished 480200 instructions 
Clk7 @ 199000000 Finished 482616 instructions 
Clk7 @ 200000000 Finished 485032 instructions 
Clk7 @ 201000000 Finished 487411 instructions 
Clk3 @ 202000000 Finished 489573 instructions 
Clk@ 202187307 Working on the # 490000 th memory instruction
Sampling stash size at 489999 req has local max stash size of: 214
Clk3 @ 203000000 Finished 491868 instructions 
Clk7 @ 204000000 Finished 494131 instructions 
Clk3 @ 205000000 Finished 496271 instructions 
Clk7 @ 206000000 Finished 498584 instructions 
Clk@ 206627849 Working on the # 500000 th memory instruction
Warm up done after line access count: 500000 out of 1000000 (50 %)
Sampling stash size at 499999 req has local max stash size of: 229
Clk3 @ 207000000 Finished 500871 instructions 
Clk3 @ 208000000 Finished 503202 instructions 
Clk3 @ 209000000 Finished 505611 instructions 
Clk7 @ 210000000 Finished 508000 instructions 
Clk@ 210836619 Working on the # 510000 th memory instruction
Sampling stash size at 509999 req has local max stash size of: 217
Clk3 @ 211000000 Finished 510382 instructions 
Clk7 @ 212000000 Finished 512735 instructions 
Clk3 @ 213000000 Finished 515142 instructions 
Clk7 @ 214000000 Finished 517571 instructions 
Clk3 @ 215000000 Finished 519944 instructions 
Clk@ 215021320 Working on the # 520000 th memory instruction
Sampling stash size at 519999 req has local max stash size of: 222
Clk7 @ 216000000 Finished 522371 instructions 
Clk7 @ 217000000 Finished 524793 instructions 
Clk3 @ 218000000 Finished 527138 instructions 
Clk3 @ 219000000 Finished 529547 instructions 
Clk@ 219189968 Working on the # 530000 th memory instruction
Sampling stash size at 529999 req has local max stash size of: 221
Clk3 @ 220000000 Finished 531964 instructions 
Clk3 @ 221000000 Finished 534406 instructions 
Clk3 @ 222000000 Finished 536862 instructions 
Clk7 @ 223000000 Finished 539313 instructions 
Clk@ 223275304 Working on the # 540000 th memory instruction
Sampling stash size at 539999 req has local max stash size of: 217
Clk3 @ 224000000 Finished 541711 instructions 
Clk7 @ 225000000 Finished 544187 instructions 
Clk3 @ 226000000 Finished 546621 instructions 
Clk7 @ 227000000 Finished 548949 instructions 
Clk@ 227440811 Working on the # 550000 th memory instruction
Sampling stash size at 549999 req has local max stash size of: 223
Clk7 @ 228000000 Finished 551358 instructions 
Clk7 @ 229000000 Finished 553773 instructions 
Clk3 @ 230000000 Finished 556208 instructions 
Clk3 @ 231000000 Finished 558591 instructions 
Clk@ 231578316 Working on the # 560000 th memory instruction
Sampling stash size at 559999 req has local max stash size of: 220
Clk3 @ 232000000 Finished 561019 instructions 
Clk3 @ 233000000 Finished 563471 instructions 
Clk7 @ 234000000 Finished 565892 instructions 
Clk7 @ 235000000 Finished 568339 instructions 
Clk@ 235696705 Working on the # 570000 th memory instruction
Sampling stash size at 569999 req has local max stash size of: 221
Clk3 @ 236000000 Finished 570744 instructions 
Clk3 @ 237000000 Finished 573168 instructions 
Clk7 @ 238000000 Finished 575623 instructions 
Clk7 @ 239000000 Finished 578058 instructions 
Clk@ 239804525 Working on the # 580000 th memory instruction
Sampling stash size at 579999 req has local max stash size of: 216
Clk3 @ 240000000 Finished 580482 instructions 
Clk3 @ 241000000 Finished 582919 instructions 
Clk7 @ 242000000 Finished 585392 instructions 
Clk7 @ 243000000 Finished 587759 instructions 
Clk@ 243912086 Working on the # 590000 th memory instruction
Sampling stash size at 589999 req has local max stash size of: 214
Clk7 @ 244000000 Finished 590208 instructions 
Clk7 @ 245000000 Finished 592646 instructions 
Clk3 @ 246000000 Finished 595054 instructions 
Clk7 @ 247000000 Finished 597496 instructions 
Clk7 @ 248000000 Finished 599961 instructions 
Clk@ 248016049 Working on the # 600000 th memory instruction
Sampling stash size at 599999 req has local max stash size of: 221
Clk7 @ 249000000 Finished 602382 instructions 
Clk3 @ 250000000 Finished 604844 instructions 
Clk7 @ 251000000 Finished 607285 instructions 
Clk3 @ 252000000 Finished 609671 instructions 
Clk@ 252163865 Working on the # 610000 th memory instruction
Sampling stash size at 609999 req has local max stash size of: 225
Clk3 @ 253000000 Finished 611925 instructions 
Clk3 @ 254000000 Finished 614343 instructions 
Clk3 @ 255000000 Finished 616751 instructions 
Clk7 @ 256000000 Finished 619031 instructions 
Clk@ 256398357 Working on the # 620000 th memory instruction
Sampling stash size at 619999 req has local max stash size of: 228
Clk7 @ 257000000 Finished 621459 instructions 
Clk3 @ 258000000 Finished 623931 instructions 
Clk3 @ 259000000 Finished 626339 instructions 
Clk3 @ 260000000 Finished 628791 instructions 
Clk@ 260492033 Working on the # 630000 th memory instruction
Sampling stash size at 629999 req has local max stash size of: 227
Clk7 @ 261000000 Finished 631234 instructions 
Clk3 @ 262000000 Finished 633651 instructions 
Clk3 @ 263000000 Finished 636083 instructions 
Clk3 @ 264000000 Finished 638511 instructions 
Clk@ 264605541 Working on the # 640000 th memory instruction
Sampling stash size at 639999 req has local max stash size of: 222
Clk7 @ 265000000 Finished 640898 instructions 
Clk7 @ 266000000 Finished 643361 instructions 
Clk3 @ 267000000 Finished 645808 instructions 
Clk3 @ 268000000 Finished 648211 instructions 
Clk@ 268728127 Working on the # 650000 th memory instruction
Sampling stash size at 649999 req has local max stash size of: 229
Clk7 @ 269000000 Finished 650631 instructions 
Clk3 @ 270000000 Finished 653044 instructions 
Clk3 @ 271000000 Finished 655471 instructions 
Clk3 @ 272000000 Finished 657891 instructions 
Clk@ 272868168 Working on the # 660000 th memory instruction
Sampling stash size at 659999 req has local max stash size of: 222
Clk3 @ 273000000 Finished 660322 instructions 
Clk7 @ 274000000 Finished 662718 instructions 
Clk3 @ 275000000 Finished 665065 instructions 
Clk3 @ 276000000 Finished 667456 instructions 
Clk3 @ 277000000 Finished 669906 instructions 
Clk@ 277037635 Working on the # 670000 th memory instruction
Sampling stash size at 669999 req has local max stash size of: 225
Clk7 @ 278000000 Finished 672269 instructions 
Clk3 @ 279000000 Finished 674704 instructions 
Clk3 @ 280000000 Finished 677145 instructions 
Clk7 @ 281000000 Finished 679579 instructions 
Clk@ 281170974 Working on the # 680000 th memory instruction
Sampling stash size at 679999 req has local max stash size of: 225
Clk7 @ 282000000 Finished 682045 instructions 
Clk7 @ 283000000 Finished 684459 instructions 
Clk7 @ 284000000 Finished 686739 instructions 
Clk3 @ 285000000 Finished 689181 instructions 
Clk@ 285338489 Working on the # 690000 th memory instruction
Sampling stash size at 689999 req has local max stash size of: 226
Clk3 @ 286000000 Finished 691609 instructions 
Clk3 @ 287000000 Finished 694025 instructions 
Clk3 @ 288000000 Finished 696488 instructions 
Clk3 @ 289000000 Finished 698903 instructions 
Clk@ 289443495 Working on the # 700000 th memory instruction
Sampling stash size at 699999 req has local max stash size of: 229
Clk7 @ 290000000 Finished 701327 instructions 
Clk7 @ 291000000 Finished 703769 instructions 
Clk3 @ 292000000 Finished 706202 instructions 
Clk7 @ 293000000 Finished 708649 instructions 
Clk@ 293562287 Working on the # 710000 th memory instruction
Sampling stash size at 709999 req has local max stash size of: 221
Clk3 @ 294000000 Finished 711071 instructions 
Clk3 @ 295000000 Finished 713529 instructions 
Clk7 @ 296000000 Finished 715976 instructions 
Clk3 @ 297000000 Finished 718316 instructions 
Clk@ 297678032 Working on the # 720000 th memory instruction
Sampling stash size at 719999 req has local max stash size of: 226
Clk3 @ 298000000 Finished 720782 instructions 
Clk7 @ 299000000 Finished 723251 instructions 
Clk3 @ 300000000 Finished 725682 instructions 
Clk7 @ 301000000 Finished 728105 instructions 
Clk@ 301785865 Working on the # 730000 th memory instruction
Sampling stash size at 729999 req has local max stash size of: 228
Clk3 @ 302000000 Finished 730504 instructions 
Clk3 @ 303000000 Finished 732724 instructions 
Clk3 @ 304000000 Finished 735195 instructions 
Clk3 @ 305000000 Finished 737611 instructions 
Clk@ 305994309 Working on the # 740000 th memory instruction
Clk3 @ 306000000 Finished 740011 instructions 
Sampling stash size at 739999 req has local max stash size of: 242
Clk3 @ 307000000 Finished 742383 instructions 
Clk3 @ 308000000 Finished 744705 instructions 
Clk3 @ 309000000 Finished 746901 instructions 
Clk3 @ 310000000 Finished 749213 instructions 
Clk@ 310317702 Working on the # 750000 th memory instruction
Sampling stash size at 749999 req has local max stash size of: 224
Clk7 @ 311000000 Finished 751652 instructions 
Clk7 @ 313000000 Finished 756477 instructions 
Clk7 @ 314000000 Finished 758931 instructions 
Clk@ 314433249 Working on the # 760000 th memory instruction
Sampling stash size at 759999 req has local max stash size of: 218
Clk7 @ 315000000 Finished 761377 instructions 
Clk3 @ 316000000 Finished 763751 instructions 
Clk7 @ 317000000 Finished 766188 instructions 
Clk3 @ 318000000 Finished 768651 instructions 
Clk@ 318557381 Working on the # 770000 th memory instruction
Sampling stash size at 769999 req has local max stash size of: 220
Clk7 @ 319000000 Finished 771093 instructions 
Clk3 @ 320000000 Finished 773522 instructions 
Clk3 @ 321000000 Finished 775971 instructions 
Clk3 @ 322000000 Finished 778368 instructions 
Clk@ 322681529 Working on the # 780000 th memory instruction
Sampling stash size at 779999 req has local max stash size of: 230
Clk7 @ 323000000 Finished 780788 instructions 
Clk3 @ 324000000 Finished 783242 instructions 
Clk3 @ 325000000 Finished 785682 instructions 
Clk7 @ 326000000 Finished 788148 instructions 
Clk@ 326756291 Working on the # 790000 th memory instruction
Sampling stash size at 789999 req has local max stash size of: 225
Clk3 @ 327000000 Finished 790599 instructions 
Clk7 @ 327000000 Finished 790599 instructions 
Clk7 @ 328000000 Finished 792927 instructions 
Clk3 @ 329000000 Finished 795309 instructions 
Clk3 @ 330000000 Finished 797759 instructions 
Clk@ 330908352 Working on the # 800000 th memory instruction
Sampling stash size at 799999 req has local max stash size of: 231
Clk3 @ 331000000 Finished 800209 instructions 
Clk7 @ 332000000 Finished 802640 instructions 
Clk7 @ 333000000 Finished 805089 instructions 
Clk7 @ 334000000 Finished 807536 instructions 
Clk7 @ 335000000 Finished 809902 instructions 
Clk@ 335040886 Working on the # 810000 th memory instruction
Sampling stash size at 809999 req has local max stash size of: 226
Clk7 @ 336000000 Finished 812362 instructions 
Clk3 @ 337000000 Finished 814782 instructions 
Clk3 @ 338000000 Finished 817202 instructions 
Clk3 @ 339000000 Finished 819642 instructions 
Clk@ 339145330 Working on the # 820000 th memory instruction
Sampling stash size at 819999 req has local max stash size of: 229
Clk7 @ 340000000 Finished 822078 instructions 
Clk7 @ 341000000 Finished 824475 instructions 
Clk3 @ 342000000 Finished 826891 instructions 
Clk7 @ 343000000 Finished 829251 instructions 
Clk@ 343304048 Working on the # 830000 th memory instruction
Sampling stash size at 829999 req has local max stash size of: 228
Clk3 @ 344000000 Finished 831691 instructions 
Clk3 @ 345000000 Finished 834151 instructions 
Clk7 @ 346000000 Finished 836587 instructions 
Clk@ 347425360 Working on the # 840000 th memory instruction
Sampling stash size at 839999 req has local max stash size of: 235
Clk7 @ 348000000 Finished 841403 instructions 
Clk3 @ 349000000 Finished 843810 instructions 
Clk7 @ 350000000 Finished 846211 instructions 
Clk7 @ 351000000 Finished 848613 instructions 
Clk@ 351565258 Working on the # 850000 th memory instruction
Sampling stash size at 849999 req has local max stash size of: 227
Clk7 @ 352000000 Finished 851053 instructions 
Clk7 @ 353000000 Finished 853415 instructions 
Clk3 @ 354000000 Finished 855773 instructions 
Clk3 @ 355000000 Finished 858199 instructions 
Clk@ 355741103 Working on the # 860000 th memory instruction
Sampling stash size at 859999 req has local max stash size of: 229
Clk7 @ 356000000 Finished 860622 instructions 
Clk3 @ 357000000 Finished 863051 instructions 
Clk3 @ 358000000 Finished 865482 instructions 
Clk7 @ 359000000 Finished 867875 instructions 
Clk@ 359959253 Working on the # 870000 th memory instruction
Sampling stash size at 869999 req has local max stash size of: 226
Clk7 @ 360000000 Finished 870092 instructions 
Clk7 @ 361000000 Finished 872513 instructions 
Clk7 @ 362000000 Finished 874945 instructions 
Clk3 @ 363000000 Finished 877371 instructions 
Clk7 @ 364000000 Finished 879862 instructions 
Clk@ 364056950 Working on the # 880000 th memory instruction
Sampling stash size at 879999 req has local max stash size of: 232
Clk7 @ 365000000 Finished 882295 instructions 
Clk7 @ 366000000 Finished 884678 instructions 
Clk3 @ 367000000 Finished 887122 instructions 
Clk7 @ 368000000 Finished 889562 instructions 
Clk@ 368181608 Working on the # 890000 th memory instruction
Sampling stash size at 889999 req has local max stash size of: 233
Clk7 @ 369000000 Finished 891991 instructions 
Clk3 @ 370000000 Finished 894431 instructions 
Clk3 @ 371000000 Finished 896851 instructions 
Clk3 @ 372000000 Finished 899302 instructions 
Clk@ 372296463 Working on the # 900000 th memory instruction
Sampling stash size at 899999 req has local max stash size of: 229
Clk7 @ 373000000 Finished 901723 instructions 
Clk7 @ 374000000 Finished 904137 instructions 
Clk3 @ 375000000 Finished 906579 instructions 
Clk3 @ 376000000 Finished 908999 instructions 
Clk@ 376419269 Working on the # 910000 th memory instruction
Sampling stash size at 909999 req has local max stash size of: 225
Clk3 @ 377000000 Finished 911425 instructions 
Clk3 @ 378000000 Finished 913871 instructions 
Clk3 @ 379000000 Finished 916236 instructions 
Clk3 @ 380000000 Finished 918664 instructions 
Clk@ 380540782 Working on the # 920000 th memory instruction
Sampling stash size at 919999 req has local max stash size of: 228
Clk3 @ 381000000 Finished 921122 instructions 
Clk7 @ 382000000 Finished 923571 instructions 
Clk7 @ 383000000 Finished 926008 instructions 
Clk3 @ 384000000 Finished 928451 instructions 
Clk@ 384673126 Working on the # 930000 th memory instruction
Sampling stash size at 929999 req has local max stash size of: 227
Clk7 @ 385000000 Finished 930732 instructions 
Clk3 @ 386000000 Finished 933166 instructions 
Clk3 @ 387000000 Finished 935582 instructions 
Clk3 @ 388000000 Finished 938004 instructions 
Clk@ 388817242 Working on the # 940000 th memory instruction
Sampling stash size at 939999 req has local max stash size of: 222
Clk3 @ 389000000 Finished 940449 instructions 
Clk3 @ 390000000 Finished 942902 instructions 
Clk3 @ 391000000 Finished 945271 instructions 
Clk3 @ 392000000 Finished 947704 instructions 
Clk@ 392953084 Working on the # 950000 th memory instruction
Sampling stash size at 949999 req has local max stash size of: 224
Clk3 @ 393000000 Finished 950106 instructions 
Clk3 @ 394000000 Finished 952531 instructions 
Clk7 @ 395000000 Finished 954948 instructions 
Clk7 @ 396000000 Finished 957385 instructions 
Clk7 @ 397000000 Finished 959820 instructions 
Clk@ 397074611 Working on the # 960000 th memory instruction
Sampling stash size at 959999 req has local max stash size of: 231
Clk3 @ 398000000 Finished 962171 instructions 
Clk7 @ 399000000 Finished 964551 instructions 
Clk3 @ 400000000 Finished 966963 instructions 
Clk3 @ 401000000 Finished 969325 instructions 
Clk@ 401285971 Working on the # 970000 th memory instruction
Sampling stash size at 969999 req has local max stash size of: 237
Clk7 @ 402000000 Finished 971712 instructions 
Clk3 @ 403000000 Finished 974060 instructions 
Clk7 @ 404000000 Finished 976199 instructions 
Clk3 @ 405000000 Finished 978411 instructions 
Clk@ 405692527 Working on the # 980000 th memory instruction
Sampling stash size at 979999 req has local max stash size of: 239
Clk7 @ 406000000 Finished 980728 instructions 
Clk7 @ 407000000 Finished 983051 instructions 
Clk7 @ 408000000 Finished 985359 instructions 
Clk3 @ 409000000 Finished 987671 instructions 
Clk3 @ 410000000 Finished 989931 instructions 
Clk@ 410029935 Working on the # 990000 th memory instruction
Sampling stash size at 989999 req has local max stash size of: 233
Clk3 @ 411000000 Finished 992145 instructions 
Clk3 @ 412000000 Finished 994499 instructions 
Clk3 @ 413000000 Finished 996883 instructions 
Clk3 @ 414000000 Finished 999211 instructions 
Clk@ 414330315 Working on the # 1000000 th memory instruction
Sampling stash size at 999999 req has local max stash size of: 229

===*** Data ***====
Stall reason distribution: 
mc_hazard: 0
normal: 0
rs_hazard: 0
rw_swtich: 0
Early reshuffle distribution: 
0: 0
1: 0
2: 0
3: 0
4: 0
5: 0
6: 1879
7: 3842
8: 3837
9: 3844
10: 3818
11: 3777
12: 3601
13: 3359
14: 2853
15: 1814
16: 81
17: 0
18: 0
19: 0
20: 0
21: 0
22: 0
23: 0
24: 0
=================
Max stash size is: 242
Average stash size is: 115.058
useful_read_pull_ddr: 500030 (1.31001) %
dummy_read_pull_ddr: 8750204 (22.9243) %
useful_early_pull_ddr: 291278 (0.763107) %
useful_early_push_ddr: 168201 (0.440663) %
useful_write_pull_ddr: 7398877 (19.384) %
useful_write_push_ddr: 3187920 (8.3519) %
dummy_early_pull_ddr: 18275 (0.0478779) %
dummy_early_push_ddr: 614786 (1.61065) %
dummy_write_pull_ddr: 1715 (0.00449306) %
dummy_write_push_ddr: 17238714 (45.163) %
=================
Stash violation number of times: 0
=================
Check NodeID traffic: 6540721
Update NodeID traffic: 34
=================
Read RS lines: 1000000 (85.8067) %
Write RS lines: 100000 (8.58067) %
Early RS lines: 65410 (5.61262) %
Read DDR lines: 18499754 (24.6542) %
Write DDR lines: 54575000 (72.7307) %
Early DDR lines: 1962300 (2.61511) %

====*** pos1 ***====
Stall reason distribution: 
mc_hazard: 0
normal: 0
rs_hazard: 0
rw_swtich: 0
Early reshuffle distribution: 
0: 0
1: 0
2: 0
3: 1539
4: 3570
5: 3765
6: 3752
7: 3892
8: 3900
9: 3874
10: 3809
11: 3701
12: 3548
13: 3393
14: 2841
15: 1814
16: 86
17: 0
18: 0
19: 0
20: 0
21: 0
=================
Max stash size is: 239
Average stash size is: 103.946
useful_read_pull_ddr: 999995 (1.30277) %
dummy_read_pull_ddr: 17500074 (22.7987) %
useful_early_pull_ddr: 694905 (0.905306) %
useful_early_push_ddr: 411906 (0.536622) %
useful_write_pull_ddr: 14781431 (19.2569) %
useful_write_push_ddr: 7370025 (9.6015) %
dummy_early_pull_ddr: 44323 (0.057743) %
dummy_early_push_ddr: 1457906 (1.89933) %
dummy_write_pull_ddr: 18569 (0.0241913) %
dummy_write_push_ddr: 33479975 (43.6169) %
=================
Stash violation number of times: 0
=================
Check NodeID traffic: 9508377
Update NodeID traffic: 5
=================
Read RS lines: 1000000 (84.2483) %
Write RS lines: 100000 (8.42483) %
Early RS lines: 86968 (7.3269) %
Read DDR lines: 18500069 (24.4438) %
Write DDR lines: 54575000 (72.1089) %
Early DDR lines: 2609040 (3.44728) %

====*** pos2 ***====
Stall reason distribution: 
mc_hazard: 0
normal: 0
rs_hazard: 0
rw_swtich: 0
Early reshuffle distribution: 
0: 0
1: 0
2: 1238
3: 3172
4: 3548
5: 3705
6: 3757
7: 3845
8: 3939
9: 3856
10: 3844
11: 3702
12: 3572
13: 3225
14: 2607
15: 1495
16: 31
17: 0
18: 0
=================
Max stash size is: 236
Average stash size is: 100.665
useful_read_pull_ddr: 999983 (1.5184) %
dummy_read_pull_ddr: 15000017 (22.7763) %
useful_early_pull_ddr: 702947 (1.06737) %
useful_early_push_ddr: 420101 (0.63789) %
useful_write_pull_ddr: 12660473 (19.2239) %
useful_write_push_ddr: 7221440 (10.9652) %
dummy_early_pull_ddr: 50119 (0.0761018) %
dummy_early_push_ddr: 1484713 (2.25442) %
dummy_write_pull_ddr: 139527 (0.211861) %
dummy_write_push_ddr: 27178560 (41.2685) %
=================
Stash violation number of times: 0
=================
Check NodeID traffic: 5748054
Update NodeID traffic: 0
=================
Read RS lines: 1000000 (83.958) %
Write RS lines: 100000 (8.3958) %
Early RS lines: 91072 (7.64622) %
Read DDR lines: 16000000 (24.2947) %
Write DDR lines: 47200000 (71.6695) %
Early DDR lines: 2657880 (4.03578) %
=================
The final DRAM clk is: 414340885 ticks.
Idle waiting clk is 158027310, which is 38.1394 %
DRAM Frequency is: 1600MHz
The final time in ns is: 2.58963e+08 ns.
Time distribution: 
Data pull time is: 0
data: 0
pos1: 0
pos2: 0
Data distribution: 
Pos2 data: 65857880
Pos1 data: 75684109
Data: 75037054
Node access DDR: 13081442
Pull DDR: 18499754
WB DDR: 54575000
Early DDR: 1962300
Achieved BW is: 60.5289 GB/s
Ideal BW is: 102.4 GB/s
Metadata cache conclusion: 
overall_hit: 14450247 overall_total: 27532705
Cache Size 64 KB Overall Hit rate: 52.4839 %. 
Simulation done. Statistics written to my_output.txt
