Valid leaf ID range: 16777215:33554430
Num of top nodes: 16777216
Data level num of ways: 2097152
Z: 16
S: 27
A: 20
cached_total: 8
cached_total: 24
cached_total: 56
cached_total: 120
Total number of ORAM protected cache line blocks: 16777216
Cached number of levels: 6
Max number of levels: 25
Start lvl is: 3
data valid leaf right: 33554431
data num of levels: 25
data level num of ways: 2097152
data number of sets: 8
Cached node ID: 7 -- 102
Address space: 0 - 4 GB
pos1 valid leaf right: 4194303
pos1 num of levels: 22
pos1 level num of ways: 262144
pos1 number of sets: 8
Cached node ID: 7 -- 18
Address space: 0 - 0.5 GB
pos2 valid leaf right: 524287
pos2 num of levels: 19
pos2 level num of ways: 32768
pos2 number of sets: 8
Cached node ID: 7 -- 12
Address space: 0 - 0.0625 GB
Clk3 @ 1000000 Finished 2545 instructions 
Clk3 @ 2000000 Finished 5303 instructions 
Clk3 @ 3000000 Finished 8147 instructions 
Clk@ 3657188 Working on the # 10000 th memory instruction
Clk3 @ 4000000 Finished 11003 instructions 
Clk7 @ 5000000 Finished 13938 instructions 
Clk7 @ 6000000 Finished 16811 instructions 
Sampling stash size at 18000 req has stash size of: 83
Clk7 @ 7000000 Finished 19752 instructions 
Clk@ 7091643 Working on the # 20000 th memory instruction
Clk7 @ 8000000 Finished 22661 instructions 
Clk3 @ 9000000 Finished 25630 instructions 
Clk3 @ 10000000 Finished 28604 instructions 
Sampling stash size at 29000 req has stash size of: 46
Clk@ 10479236 Working on the # 30000 th memory instruction
Clk3 @ 11000000 Finished 31442 instructions 
Clk3 @ 12000000 Finished 34380 instructions 
Clk3 @ 13000000 Finished 37346 instructions 
Clk@ 13899973 Working on the # 40000 th memory instruction
Clk7 @ 14000000 Finished 40320 instructions 
Clk3 @ 15000000 Finished 43256 instructions 
Clk7 @ 16000000 Finished 46176 instructions 
Sampling stash size at 48000 req has stash size of: 79
Clk7 @ 17000000 Finished 49176 instructions 
Clk@ 17275561 Working on the # 50000 th memory instruction
Sampling stash size at 52000 req has stash size of: 79
Clk3 @ 18000000 Finished 52162 instructions 
Clk3 @ 19000000 Finished 55113 instructions 
Clk3 @ 20000000 Finished 58098 instructions 
Clk@ 20643920 Working on the # 60000 th memory instruction
Clk3 @ 21000000 Finished 60999 instructions 
Clk3 @ 22000000 Finished 63822 instructions 
Clk3 @ 23000000 Finished 66749 instructions 
Clk3 @ 24000000 Finished 69715 instructions 
Clk@ 24093635 Working on the # 70000 th memory instruction
Clk7 @ 25000000 Finished 72677 instructions 
Clk7 @ 26000000 Finished 75666 instructions 
Clk3 @ 27000000 Finished 78601 instructions 
Clk@ 27467897 Working on the # 80000 th memory instruction
Clk3 @ 28000000 Finished 81567 instructions 
Sampling stash size at 82000 req has stash size of: 63
Clk3 @ 29000000 Finished 84473 instructions 
Clk7 @ 30000000 Finished 87391 instructions 
Clk@ 30890008 Working on the # 90000 th memory instruction
Clk3 @ 31000000 Finished 90327 instructions 
Clk3 @ 32000000 Finished 93205 instructions 
Clk3 @ 33000000 Finished 96180 instructions 
Clk3 @ 34000000 Finished 99114 instructions 
Clk@ 34294316 Working on the # 100000 th memory instruction
Clk3 @ 35000000 Finished 102102 instructions 
Clk3 @ 36000000 Finished 105037 instructions 
Clk3 @ 37000000 Finished 107953 instructions 
Clk@ 37690924 Working on the # 110000 th memory instruction
Clk3 @ 38000000 Finished 110923 instructions 
Clk3 @ 39000000 Finished 113904 instructions 
Sampling stash size at 114000 req has stash size of: 82
Clk7 @ 40000000 Finished 116839 instructions 
Clk3 @ 41000000 Finished 119779 instructions 
Clk@ 41072430 Working on the # 120000 th memory instruction
Clk7 @ 42000000 Finished 122526 instructions 
Sampling stash size at 123000 req has stash size of: 61
Clk3 @ 44000000 Finished 128212 instructions 
Clk@ 44613529 Working on the # 130000 th memory instruction
Clk3 @ 45000000 Finished 131121 instructions 
Clk3 @ 46000000 Finished 134086 instructions 
Clk7 @ 47000000 Finished 137042 instructions 
Sampling stash size at 138000 req has stash size of: 102
Clk7 @ 48000000 Finished 139970 instructions 
Clk@ 48007977 Working on the # 140000 th memory instruction
Clk3 @ 49000000 Finished 142969 instructions 
Clk3 @ 50000000 Finished 145951 instructions 
Clk7 @ 51000000 Finished 148925 instructions 
Clk@ 51366190 Working on the # 150000 th memory instruction
Clk3 @ 52000000 Finished 151855 instructions 
Clk3 @ 53000000 Finished 154730 instructions 
Clk3 @ 54000000 Finished 157694 instructions 
Clk@ 54779696 Working on the # 160000 th memory instruction
Clk3 @ 55000000 Finished 160646 instructions 
Clk3 @ 56000000 Finished 163562 instructions 
Clk3 @ 57000000 Finished 166437 instructions 
Clk3 @ 58000000 Finished 169345 instructions 
Clk@ 58222130 Working on the # 170000 th memory instruction
Clk7 @ 59000000 Finished 172256 instructions 
Clk3 @ 60000000 Finished 175178 instructions 
Clk7 @ 61000000 Finished 178124 instructions 
Clk@ 61638732 Working on the # 180000 th memory instruction
Clk3 @ 62000000 Finished 181030 instructions 
Clk7 @ 63000000 Finished 183877 instructions 
Clk7 @ 64000000 Finished 186720 instructions 
Clk3 @ 65000000 Finished 189637 instructions 
Clk@ 65121285 Working on the # 190000 th memory instruction
Clk3 @ 66000000 Finished 192625 instructions 
Clk7 @ 67000000 Finished 195537 instructions 
Clk7 @ 68000000 Finished 198490 instructions 
Clk@ 68520560 Working on the # 200000 th memory instruction
Clk3 @ 69000000 Finished 201401 instructions 
Clk3 @ 70000000 Finished 204360 instructions 
Sampling stash size at 206000 req has stash size of: 46
Clk7 @ 71000000 Finished 207291 instructions 
Sampling stash size at 208000 req has stash size of: 83
Clk@ 71918928 Working on the # 210000 th memory instruction
Clk7 @ 72000000 Finished 210245 instructions 
Clk3 @ 73000000 Finished 213149 instructions 
Sampling stash size at 215000 req has stash size of: 63
Clk3 @ 74000000 Finished 216076 instructions 
Clk3 @ 75000000 Finished 218973 instructions 
Clk@ 75351565 Working on the # 220000 th memory instruction
Clk3 @ 76000000 Finished 221926 instructions 
Clk7 @ 77000000 Finished 224910 instructions 
Clk3 @ 78000000 Finished 227821 instructions 
Clk@ 78734201 Working on the # 230000 th memory instruction
Clk7 @ 79000000 Finished 230794 instructions 
Clk3 @ 80000000 Finished 233732 instructions 
Clk3 @ 81000000 Finished 236700 instructions 
Sampling stash size at 239000 req has stash size of: 65
Clk3 @ 82000000 Finished 239628 instructions 
Clk@ 82132535 Working on the # 240000 th memory instruction
Clk3 @ 83000000 Finished 242464 instructions 
Clk3 @ 84000000 Finished 245194 instructions 
Clk7 @ 85000000 Finished 247869 instructions 
Clk@ 85741804 Working on the # 250000 th memory instruction
Clk7 @ 86000000 Finished 250740 instructions 
Clk3 @ 87000000 Finished 253653 instructions 
Clk7 @ 88000000 Finished 256544 instructions 
Clk7 @ 89000000 Finished 259438 instructions 
Clk@ 89200112 Working on the # 260000 th memory instruction
Clk7 @ 90000000 Finished 262320 instructions 
Clk3 @ 91000000 Finished 265265 instructions 
Clk3 @ 92000000 Finished 268221 instructions 
Clk@ 92594441 Working on the # 270000 th memory instruction
Sampling stash size at 270000 req has stash size of: 63
Clk7 @ 93000000 Finished 271199 instructions 
Clk3 @ 94000000 Finished 274106 instructions 
Clk3 @ 95000000 Finished 277020 instructions 
Sampling stash size at 278000 req has stash size of: 83
Clk3 @ 96000000 Finished 279928 instructions 
Clk@ 96019511 Working on the # 280000 th memory instruction
Clk3 @ 97000000 Finished 282875 instructions 
Clk3 @ 98000000 Finished 285867 instructions 
Clk7 @ 99000000 Finished 288794 instructions 
Clk@ 99402112 Working on the # 290000 th memory instruction
Clk3 @ 100000000 Finished 291740 instructions 
Sampling stash size at 293000 req has stash size of: 63
Clk3 @ 101000000 Finished 294686 instructions 
Clk7 @ 102000000 Finished 297688 instructions 
Clk@ 102789646 Working on the # 300000 th memory instruction
Clk3 @ 103000000 Finished 300602 instructions 
Clk3 @ 104000000 Finished 303414 instructions 
Clk3 @ 105000000 Finished 306291 instructions 
Clk3 @ 106000000 Finished 309228 instructions 
Clk@ 106271455 Working on the # 310000 th memory instruction
Clk7 @ 107000000 Finished 312161 instructions 
Clk3 @ 108000000 Finished 315092 instructions 
Clk3 @ 109000000 Finished 318047 instructions 
Clk@ 109667169 Working on the # 320000 th memory instruction
Clk3 @ 110000000 Finished 320933 instructions 
Sampling stash size at 323000 req has stash size of: 63
Clk7 @ 111000000 Finished 323833 instructions 
Clk3 @ 112000000 Finished 326748 instructions 
Clk3 @ 113000000 Finished 329628 instructions 
Clk@ 113129150 Working on the # 330000 th memory instruction
Clk3 @ 114000000 Finished 332513 instructions 
Clk7 @ 115000000 Finished 335424 instructions 
Clk7 @ 116000000 Finished 338389 instructions 
Clk@ 116557034 Working on the # 340000 th memory instruction
Clk7 @ 117000000 Finished 341255 instructions 
Clk3 @ 118000000 Finished 344136 instructions 
Clk7 @ 119000000 Finished 347089 instructions 
Clk@ 119997862 Working on the # 350000 th memory instruction
Clk3 @ 120000000 Finished 350012 instructions 
Clk3 @ 121000000 Finished 352974 instructions 
Clk7 @ 122000000 Finished 355939 instructions 
Clk7 @ 123000000 Finished 358883 instructions 
Clk@ 123384806 Working on the # 360000 th memory instruction
Clk3 @ 124000000 Finished 361790 instructions 
Clk7 @ 125000000 Finished 364615 instructions 
Clk3 @ 126000000 Finished 367513 instructions 
Clk@ 126880062 Working on the # 370000 th memory instruction
Clk7 @ 127000000 Finished 370313 instructions 
Sampling stash size at 372000 req has stash size of: 63
Clk3 @ 128000000 Finished 373152 instructions 
Clk7 @ 129000000 Finished 376083 instructions 
Clk3 @ 130000000 Finished 379037 instructions 
Clk@ 130322325 Working on the # 380000 th memory instruction
Clk3 @ 131000000 Finished 381989 instructions 
Clk3 @ 132000000 Finished 384920 instructions 
Clk7 @ 133000000 Finished 387847 instructions 
Clk@ 133742260 Working on the # 390000 th memory instruction
Clk7 @ 134000000 Finished 390769 instructions 
Clk3 @ 135000000 Finished 393740 instructions 
Clk3 @ 136000000 Finished 396652 instructions 
Clk3 @ 137000000 Finished 399596 instructions 
Clk@ 137146431 Working on the # 400000 th memory instruction
Clk3 @ 138000000 Finished 402477 instructions 
Clk3 @ 139000000 Finished 405393 instructions 
Sampling stash size at 407000 req has stash size of: 103
Clk3 @ 140000000 Finished 408340 instructions 
Clk@ 140558284 Working on the # 410000 th memory instruction
Sampling stash size at 411000 req has stash size of: 65
Clk3 @ 141000000 Finished 411273 instructions 
Clk7 @ 142000000 Finished 414209 instructions 
Clk7 @ 143000000 Finished 417143 instructions 
Clk@ 143965518 Working on the # 420000 th memory instruction
Clk3 @ 144000000 Finished 420100 instructions 
Sampling stash size at 421000 req has stash size of: 83
Clk3 @ 145000000 Finished 423027 instructions 
Clk3 @ 146000000 Finished 425907 instructions 
Clk3 @ 147000000 Finished 428837 instructions 
Clk@ 147396695 Working on the # 430000 th memory instruction
Clk3 @ 148000000 Finished 431668 instructions 
Clk3 @ 149000000 Finished 434558 instructions 
Clk3 @ 150000000 Finished 437507 instructions 
Clk@ 150849200 Working on the # 440000 th memory instruction
Clk7 @ 151000000 Finished 440454 instructions 
Clk3 @ 152000000 Finished 443387 instructions 
Clk3 @ 153000000 Finished 446326 instructions 
Sampling stash size at 449000 req has stash size of: 80
Clk3 @ 154000000 Finished 449284 instructions 
Clk@ 154243694 Working on the # 450000 th memory instruction
Clk3 @ 155000000 Finished 452207 instructions 
Clk3 @ 156000000 Finished 455103 instructions 
Clk3 @ 157000000 Finished 458061 instructions 
Clk@ 157645852 Working on the # 460000 th memory instruction
Clk7 @ 158000000 Finished 461001 instructions 
Clk3 @ 159000000 Finished 463902 instructions 
Clk3 @ 160000000 Finished 466837 instructions 
Clk3 @ 161000000 Finished 469812 instructions 
Clk@ 161068275 Working on the # 470000 th memory instruction
Sampling stash size at 470000 req has stash size of: 44
Clk3 @ 162000000 Finished 472734 instructions 
Clk3 @ 163000000 Finished 475660 instructions 
Clk7 @ 163000000 Finished 475660 instructions 
Sampling stash size at 476000 req has stash size of: 65
Clk3 @ 164000000 Finished 478591 instructions 
Clk@ 164490768 Working on the # 480000 th memory instruction
Clk3 @ 165000000 Finished 481502 instructions 
Sampling stash size at 483000 req has stash size of: 64
Clk3 @ 166000000 Finished 484282 instructions 
Clk3 @ 167000000 Finished 486980 instructions 
Clk3 @ 168000000 Finished 489760 instructions 
Clk@ 168094113 Working on the # 490000 th memory instruction
Clk3 @ 169000000 Finished 492422 instructions 
Clk7 @ 170000000 Finished 495092 instructions 
Clk3 @ 171000000 Finished 497876 instructions 
Clk@ 171746110 Working on the # 500000 th memory instruction
Warm up done after line access count: 500000 out of 1000000 (50 %)
Clk3 @ 172000000 Finished 500745 instructions 
Clk3 @ 173000000 Finished 503608 instructions 
Clk3 @ 174000000 Finished 506443 instructions 
Clk7 @ 175000000 Finished 509308 instructions 
Clk@ 175248991 Working on the # 510000 th memory instruction
Clk3 @ 176000000 Finished 512155 instructions 
Clk3 @ 177000000 Finished 514973 instructions 
Clk3 @ 178000000 Finished 517838 instructions 
Clk@ 178744607 Working on the # 520000 th memory instruction
Clk3 @ 179000000 Finished 520740 instructions 
Sampling stash size at 521000 req has stash size of: 45
Clk7 @ 180000000 Finished 523596 instructions 
Clk7 @ 181000000 Finished 526441 instructions 
Clk7 @ 182000000 Finished 529334 instructions 
Clk@ 182226147 Working on the # 530000 th memory instruction
Clk7 @ 183000000 Finished 532283 instructions 
Sampling stash size at 535000 req has stash size of: 84
Clk3 @ 184000000 Finished 535214 instructions 
Clk3 @ 185000000 Finished 538148 instructions 
Clk@ 185629367 Working on the # 540000 th memory instruction
Clk7 @ 186000000 Finished 541045 instructions 
Clk3 @ 187000000 Finished 543968 instructions 
Clk3 @ 188000000 Finished 546814 instructions 
Clk3 @ 189000000 Finished 549717 instructions 
Clk@ 189104979 Working on the # 550000 th memory instruction
Clk7 @ 190000000 Finished 552578 instructions 
Clk7 @ 191000000 Finished 555495 instructions 
Clk3 @ 192000000 Finished 558435 instructions 
Clk@ 192530695 Working on the # 560000 th memory instruction
Clk3 @ 193000000 Finished 561381 instructions 
Clk3 @ 194000000 Finished 564287 instructions 
Clk3 @ 195000000 Finished 567212 instructions 
Clk@ 195950687 Working on the # 570000 th memory instruction
Clk3 @ 196000000 Finished 570146 instructions 
Clk3 @ 197000000 Finished 573082 instructions 
Clk3 @ 198000000 Finished 576003 instructions 
Clk7 @ 199000000 Finished 578929 instructions 
Clk@ 199364472 Working on the # 580000 th memory instruction
Clk7 @ 200000000 Finished 581850 instructions 
Clk3 @ 201000000 Finished 584756 instructions 
Clk3 @ 202000000 Finished 587677 instructions 
Clk@ 202793340 Working on the # 590000 th memory instruction
Clk7 @ 203000000 Finished 590634 instructions 
Clk3 @ 204000000 Finished 593541 instructions 
Clk3 @ 205000000 Finished 596544 instructions 
Clk7 @ 206000000 Finished 599450 instructions 
Clk@ 206187756 Working on the # 600000 th memory instruction
Clk7 @ 207000000 Finished 602372 instructions 
Clk3 @ 208000000 Finished 605235 instructions 
Clk3 @ 209000000 Finished 608054 instructions 
Clk@ 209678585 Working on the # 610000 th memory instruction
Clk3 @ 210000000 Finished 610941 instructions 
Clk3 @ 211000000 Finished 613787 instructions 
Clk3 @ 212000000 Finished 616622 instructions 
Clk7 @ 213000000 Finished 619590 instructions 
Clk@ 213145535 Working on the # 620000 th memory instruction
Clk3 @ 214000000 Finished 622487 instructions 
Clk3 @ 215000000 Finished 625439 instructions 
Clk7 @ 216000000 Finished 628348 instructions 
Clk@ 216559735 Working on the # 630000 th memory instruction
Clk7 @ 217000000 Finished 631291 instructions 
Clk3 @ 218000000 Finished 634203 instructions 
Clk3 @ 219000000 Finished 637144 instructions 
Clk@ 219993990 Working on the # 640000 th memory instruction
Clk3 @ 220000000 Finished 640013 instructions 
Clk3 @ 221000000 Finished 642949 instructions 
Clk3 @ 222000000 Finished 645848 instructions 
Sampling stash size at 646000 req has stash size of: 66
Clk7 @ 223000000 Finished 648732 instructions 
Clk@ 223435819 Working on the # 650000 th memory instruction
Clk3 @ 224000000 Finished 651640 instructions 
Clk3 @ 225000000 Finished 654539 instructions 
Clk3 @ 226000000 Finished 657458 instructions 
Clk@ 226893224 Working on the # 660000 th memory instruction
Clk7 @ 227000000 Finished 660316 instructions 
Sampling stash size at 662000 req has stash size of: 84
Clk3 @ 228000000 Finished 663221 instructions 
Sampling stash size at 665000 req has stash size of: 83
Clk3 @ 229000000 Finished 666121 instructions 
Clk3 @ 230000000 Finished 669018 instructions 
Clk@ 230341921 Working on the # 670000 th memory instruction
Clk3 @ 231000000 Finished 671944 instructions 
Clk7 @ 232000000 Finished 674899 instructions 
Clk7 @ 233000000 Finished 677835 instructions 
Clk@ 233750080 Working on the # 680000 th memory instruction
Clk7 @ 234000000 Finished 680703 instructions 
Clk7 @ 235000000 Finished 683547 instructions 
Clk7 @ 236000000 Finished 686462 instructions 
Sampling stash size at 689000 req has stash size of: 81
Clk3 @ 237000000 Finished 689365 instructions 
Clk@ 237216331 Working on the # 690000 th memory instruction
Clk3 @ 238000000 Finished 692282 instructions 
Clk7 @ 239000000 Finished 695192 instructions 
Clk3 @ 240000000 Finished 698093 instructions 
Clk@ 240652872 Working on the # 700000 th memory instruction
Clk7 @ 241000000 Finished 701010 instructions 
Clk7 @ 242000000 Finished 703959 instructions 
Sampling stash size at 705000 req has stash size of: 45
Clk3 @ 243000000 Finished 706920 instructions 
Clk7 @ 244000000 Finished 709848 instructions 
Clk@ 244051286 Working on the # 710000 th memory instruction
Clk3 @ 245000000 Finished 712720 instructions 
Clk3 @ 246000000 Finished 715670 instructions 
Clk7 @ 247000000 Finished 718599 instructions 
Clk@ 247482775 Working on the # 720000 th memory instruction
Clk3 @ 248000000 Finished 721511 instructions 
Clk3 @ 249000000 Finished 724432 instructions 
Clk7 @ 250000000 Finished 727218 instructions 
Clk@ 250981541 Working on the # 730000 th memory instruction
Clk3 @ 251000000 Finished 730055 instructions 
Clk3 @ 252000000 Finished 732959 instructions 
Clk3 @ 253000000 Finished 735850 instructions 
Clk3 @ 254000000 Finished 738693 instructions 
Clk@ 254471322 Working on the # 740000 th memory instruction
Clk3 @ 255000000 Finished 741430 instructions 
Clk3 @ 256000000 Finished 744181 instructions 
Clk3 @ 257000000 Finished 747099 instructions 
Clk@ 257998351 Working on the # 750000 th memory instruction
Clk3 @ 258000000 Finished 750006 instructions 
Clk3 @ 259000000 Finished 752920 instructions 
Clk7 @ 260000000 Finished 755879 instructions 
Clk3 @ 261000000 Finished 758756 instructions 
Clk@ 261426196 Working on the # 760000 th memory instruction
Clk3 @ 262000000 Finished 761699 instructions 
Clk3 @ 263000000 Finished 764677 instructions 
Clk3 @ 264000000 Finished 767561 instructions 
Clk@ 264828215 Working on the # 770000 th memory instruction
Clk7 @ 265000000 Finished 770493 instructions 
Clk3 @ 266000000 Finished 773374 instructions 
Clk3 @ 267000000 Finished 776284 instructions 
Clk3 @ 268000000 Finished 779220 instructions 
Clk@ 268267046 Working on the # 780000 th memory instruction
Clk7 @ 269000000 Finished 782127 instructions 
Clk3 @ 270000000 Finished 785069 instructions 
Clk3 @ 271000000 Finished 787922 instructions 
Clk@ 271733356 Working on the # 790000 th memory instruction
Clk3 @ 272000000 Finished 790775 instructions 
Clk7 @ 273000000 Finished 793716 instructions 
Clk7 @ 274000000 Finished 796649 instructions 
Clk3 @ 275000000 Finished 799578 instructions 
Clk@ 275147994 Working on the # 800000 th memory instruction
Clk3 @ 276000000 Finished 802510 instructions 
Clk3 @ 277000000 Finished 805404 instructions 
Clk3 @ 278000000 Finished 808336 instructions 
Clk@ 278569979 Working on the # 810000 th memory instruction
Clk3 @ 279000000 Finished 811266 instructions 
Clk7 @ 280000000 Finished 814199 instructions 
Clk7 @ 281000000 Finished 817102 instructions 
Clk@ 281996937 Working on the # 820000 th memory instruction
Clk7 @ 282000000 Finished 820018 instructions 
Sampling stash size at 822000 req has stash size of: 64
Clk7 @ 284000000 Finished 825800 instructions 
Clk@ 285426396 Working on the # 830000 th memory instruction
Clk3 @ 286000000 Finished 831642 instructions 
Clk3 @ 287000000 Finished 834541 instructions 
Sampling stash size at 836000 req has stash size of: 101
Clk3 @ 288000000 Finished 837456 instructions 
Clk@ 288871324 Working on the # 840000 th memory instruction
Clk3 @ 289000000 Finished 840394 instructions 
Clk3 @ 290000000 Finished 843282 instructions 
Clk3 @ 291000000 Finished 846177 instructions 
Sampling stash size at 848000 req has stash size of: 64
Clk7 @ 292000000 Finished 849017 instructions 
Clk@ 292338829 Working on the # 850000 th memory instruction
Clk3 @ 293000000 Finished 851904 instructions 
Clk3 @ 294000000 Finished 854818 instructions 
Clk3 @ 295000000 Finished 857752 instructions 
Clk@ 295768339 Working on the # 860000 th memory instruction
Clk3 @ 296000000 Finished 860664 instructions 
Clk7 @ 297000000 Finished 863450 instructions 
Clk3 @ 298000000 Finished 866313 instructions 
Clk3 @ 299000000 Finished 869208 instructions 
Clk@ 299278644 Working on the # 870000 th memory instruction
Clk3 @ 300000000 Finished 872118 instructions 
Sampling stash size at 873000 req has stash size of: 22
Clk3 @ 301000000 Finished 875076 instructions 
Clk7 @ 302000000 Finished 877970 instructions 
Clk@ 302699847 Working on the # 880000 th memory instruction
Clk7 @ 303000000 Finished 880913 instructions 
Clk3 @ 304000000 Finished 883821 instructions 
Clk3 @ 305000000 Finished 886761 instructions 
Clk7 @ 306000000 Finished 889693 instructions 
Clk@ 306102159 Working on the # 890000 th memory instruction
Sampling stash size at 892000 req has stash size of: 64
Clk3 @ 307000000 Finished 892638 instructions 
Clk3 @ 308000000 Finished 895569 instructions 
Clk3 @ 309000000 Finished 898482 instructions 
Clk@ 309517654 Working on the # 900000 th memory instruction
Clk3 @ 310000000 Finished 901403 instructions 
Clk3 @ 311000000 Finished 904318 instructions 
Clk3 @ 312000000 Finished 907230 instructions 
Clk@ 312972542 Working on the # 910000 th memory instruction
Clk3 @ 313000000 Finished 910096 instructions 
Clk3 @ 314000000 Finished 913007 instructions 
Sampling stash size at 914000 req has stash size of: 83
Clk3 @ 315000000 Finished 915943 instructions 
Clk3 @ 316000000 Finished 918878 instructions 
Clk@ 316376312 Working on the # 920000 th memory instruction
Clk3 @ 317000000 Finished 921808 instructions 
Clk3 @ 318000000 Finished 924672 instructions 
Clk3 @ 319000000 Finished 927573 instructions 
Sampling stash size at 929000 req has stash size of: 63
Clk@ 319841212 Working on the # 930000 th memory instruction
Clk7 @ 320000000 Finished 930469 instructions 
Clk3 @ 321000000 Finished 933410 instructions 
Sampling stash size at 934000 req has stash size of: 82
Clk3 @ 322000000 Finished 936362 instructions 
Sampling stash size at 937000 req has stash size of: 84
Clk3 @ 323000000 Finished 939283 instructions 
Clk@ 323245211 Working on the # 940000 th memory instruction
Clk3 @ 324000000 Finished 942180 instructions 
Clk7 @ 325000000 Finished 945046 instructions 
Clk7 @ 326000000 Finished 947986 instructions 
Clk@ 326687693 Working on the # 950000 th memory instruction
Clk3 @ 327000000 Finished 950909 instructions 
Clk3 @ 328000000 Finished 953801 instructions 
Clk3 @ 329000000 Finished 956663 instructions 
Clk3 @ 330000000 Finished 959511 instructions 
Clk@ 330161893 Working on the # 960000 th memory instruction
Clk3 @ 331000000 Finished 962405 instructions 
Clk7 @ 332000000 Finished 965256 instructions 
Clk7 @ 333000000 Finished 968059 instructions 
Clk@ 333734025 Working on the # 970000 th memory instruction
Clk3 @ 334000000 Finished 970696 instructions 
Clk3 @ 335000000 Finished 973367 instructions 
Clk7 @ 336000000 Finished 976166 instructions 
Clk3 @ 337000000 Finished 978943 instructions 
Clk@ 337379434 Working on the # 980000 th memory instruction
Clk3 @ 338000000 Finished 981731 instructions 
Clk3 @ 339000000 Finished 984415 instructions 
Clk7 @ 340000000 Finished 987168 instructions 
Clk3 @ 341000000 Finished 989975 instructions 
Clk@ 341007794 Working on the # 990000 th memory instruction
Clk3 @ 342000000 Finished 992840 instructions 
Clk3 @ 343000000 Finished 995659 instructions 
Clk3 @ 344000000 Finished 998536 instructions 
Clk@ 344502396 Working on the # 1000000 th memory instruction

===*** Data ***====
Stall reason distribution: 
mc_hazard: 0
normal: 0
rs_hazard: 0
rw_swtich: 0
Early reshuffle distribution: 
0: 0
1: 0
2: 0
3: 0
4: 0
5: 0
6: 1228
7: 3539
8: 3668
9: 3807
10: 3806
11: 3765
12: 3633
13: 3314
14: 2859
15: 1826
16: 114
17: 0
18: 0
19: 0
20: 0
21: 0
22: 0
23: 0
24: 0
=================
Max stash size is: 139
Average stash size is: 72.6032
useful_read_pull_ddr: 500005 (1.31432) %
dummy_read_pull_ddr: 8693355 (22.8515) %
useful_early_pull_ddr: 285190 (0.749657) %
useful_early_push_ddr: 166002 (0.436356) %
useful_write_pull_ddr: 7352950 (19.3281) %
useful_write_push_ddr: 3188336 (8.38093) %
dummy_early_pull_ddr: 17903 (0.0470602) %
dummy_early_push_ddr: 600645 (1.57887) %
dummy_write_pull_ddr: 1706 (0.00448443) %
dummy_write_push_ddr: 17236664 (45.3087) %
=================
Stash violation number of times: 0
=================
Check NodeID traffic: 6540544
Update NodeID traffic: 173
=================
Read RS lines: 1000000 (85.9764) %
Write RS lines: 99992 (8.59695) %
Early RS lines: 63118 (5.42666) %
Read DDR lines: 18317287 (24.6044) %
Write DDR lines: 54236281 (72.8521) %
Early DDR lines: 1893540 (2.54347) %

====*** pos1 ***====
Stall reason distribution: 
mc_hazard: 0
normal: 0
rs_hazard: 0
rw_swtich: 0
Early reshuffle distribution: 
0: 0
1: 0
2: 0
3: 0
4: 786
5: 2553
6: 3286
7: 3619
8: 3623
9: 3783
10: 3816
11: 3719
12: 3633
13: 3401
14: 2819
15: 1737
16: 87
17: 0
18: 0
19: 0
20: 0
21: 0
=================
Max stash size is: 135
Average stash size is: 72.2956
useful_read_pull_ddr: 999994 (1.33125) %
dummy_read_pull_ddr: 16810625 (22.3793) %
useful_early_pull_ddr: 589013 (0.784129) %
useful_early_push_ddr: 358452 (0.477193) %
useful_write_pull_ddr: 14229350 (18.943) %
useful_write_push_ddr: 7362643 (9.80159) %
dummy_early_pull_ddr: 37641 (0.05011) %
dummy_early_push_ddr: 1226614 (1.63294) %
dummy_write_pull_ddr: 18394 (0.0244872) %
dummy_write_push_ddr: 33484089 (44.576) %
=================
Stash violation number of times: 0
=================
Check NodeID traffic: 9509019
Update NodeID traffic: 51
=================
Read RS lines: 1000000 (85.1995) %
Write RS lines: 99992 (8.51927) %
Early RS lines: 73724 (6.28125) %
Read DDR lines: 17750208 (24.4829) %
Write DDR lines: 52538556 (72.4665) %
Early DDR lines: 2211720 (3.05063) %

====*** pos2 ***====
Stall reason distribution: 
mc_hazard: 0
normal: 0
rs_hazard: 0
rw_swtich: 0
Early reshuffle distribution: 
0: 0
1: 0
2: 0
3: 0
4: 930
5: 2554
6: 3256
7: 3457
8: 3722
9: 3787
10: 3845
11: 3776
12: 3555
13: 3284
14: 2668
15: 1512
16: 39
17: 0
18: 0
=================
Max stash size is: 149
Average stash size is: 71.9113
useful_read_pull_ddr: 999969 (1.55644) %
dummy_read_pull_ddr: 14370977 (22.3683) %
useful_early_pull_ddr: 576272 (0.896962) %
useful_early_push_ddr: 352560 (0.548757) %
useful_write_pull_ddr: 12156313 (18.9212) %
useful_write_push_ddr: 7210600 (11.2232) %
dummy_early_pull_ddr: 42273 (0.0657976) %
dummy_early_push_ddr: 1211995 (1.88646) %
dummy_write_pull_ddr: 139463 (0.217073) %
dummy_write_push_ddr: 27186648 (42.3158) %
=================
Stash violation number of times: 0
=================
Check NodeID traffic: 5744935
Update NodeID traffic: 0
=================
Read RS lines: 1000000 (85.2688) %
Write RS lines: 99992 (8.5262) %
Early RS lines: 72770 (6.20501) %
Read DDR lines: 15324134 (24.3829) %
Write DDR lines: 45340674 (72.1435) %
Early DDR lines: 2183100 (3.47362) %
=================
The final DRAM clk is: 344503383 ticks.
Idle waiting clk is 90750843, which is 26.3425 %
DRAM Frequency is: 1600MHz
The final time in ns is: 2.15315e+08 ns.
Time distribution: 
Data pull time is: 0
data: 0
pos1: 0
pos2: 0
Data distribution: 
Pos2 data: 62847908
Pos1 data: 72500484
Data: 74447108
Node access DDR: 13081088
Pull DDR: 18317287
WB DDR: 54236281
Early DDR: 1893540
Achieved BW is: 70.7824 GB/s
Ideal BW is: 102.4 GB/s
Metadata cache conclusion: 
overall_hit: 11298411 overall_total: 24381371
Cache Size 64 KB Overall Hit rate: 46.3403 %. 
Simulation done. Statistics written to my_output.txt
