Valid leaf ID range: 67108863:134217726
Num of top nodes: 67108864
Data level num of ways: 67108864
cached_total: 1
cached_total: 3
cached_total: 7
cached_total: 15
cached_total: 31
cached_total: 63
cached_total: 127
cached_total: 255
cached_total: 511
Total number of ORAM protected cache line blocks: 67108864
Cached number of levels: 8
Max number of levels: 27
Start lvl is: 0
data valid leaf right: 134217727
data num of levels: 27
data level num of ways: 67108864
data number of sets: 1
Cached node ID: 0 -- 455
Address space: 0 - 4 GB
pos1 valid leaf right: 16777215
pos1 num of levels: 24
pos1 level num of ways: 8388608
pos1 number of sets: 1
Cached node ID: 0 -- 56
Address space: 0 - 0.5 GB
pos2 valid leaf right: 2097151
pos2 num of levels: 21
pos2 level num of ways: 1048576
pos2 number of sets: 1
Cached node ID: 0 -- 28
Address space: 0 - 0.0625 GB
Clk7 @ 1000000 Finished 1159 instructions 
Sampling stash size at 2000 req has stash size of: 24
Clk3 @ 2000000 Finished 2555 instructions 
Clk7 @ 3000000 Finished 3979 instructions 
Sampling stash size at 5000 req has stash size of: 19
Clk7 @ 4000000 Finished 5441 instructions 
Clk3 @ 5000000 Finished 6892 instructions 
Sampling stash size at 8000 req has stash size of: 18
Clk7 @ 6000000 Finished 8317 instructions 
Clk7 @ 7000000 Finished 9787 instructions 
Clk@ 7141791 Working on the # 10000 th memory instruction
Sampling stash size at 11000 req has stash size of: 28
Clk7 @ 8000000 Finished 11239 instructions 
Clk7 @ 9000000 Finished 12688 instructions 
Sampling stash size at 14000 req has stash size of: 27
Clk7 @ 10000000 Finished 14189 instructions 
Clk7 @ 11000000 Finished 15577 instructions 
Sampling stash size at 17000 req has stash size of: 24
Clk3 @ 12000000 Finished 17044 instructions 
Clk3 @ 13000000 Finished 18500 instructions 
Clk3 @ 14000000 Finished 19968 instructions 
Clk@ 14021892 Working on the # 20000 th memory instruction
Sampling stash size at 20000 req has stash size of: 27
Clk3 @ 15000000 Finished 21427 instructions 
Clk7 @ 16000000 Finished 22865 instructions 
Sampling stash size at 23000 req has stash size of: 34
Clk3 @ 17000000 Finished 24331 instructions 
Clk3 @ 18000000 Finished 25768 instructions 
Sampling stash size at 26000 req has stash size of: 20
Clk7 @ 19000000 Finished 27268 instructions 
Clk3 @ 20000000 Finished 28726 instructions 
Sampling stash size at 29000 req has stash size of: 28
Clk@ 20876960 Working on the # 30000 th memory instruction
Clk7 @ 21000000 Finished 30108 instructions 
Clk3 @ 22000000 Finished 31528 instructions 
Sampling stash size at 32000 req has stash size of: 31
Clk3 @ 23000000 Finished 32966 instructions 
Clk7 @ 24000000 Finished 34455 instructions 
Sampling stash size at 35000 req has stash size of: 25
Clk7 @ 25000000 Finished 35891 instructions 
Clk3 @ 26000000 Finished 37361 instructions 
Sampling stash size at 38000 req has stash size of: 28
Clk3 @ 27000000 Finished 38800 instructions 
Clk@ 27816072 Working on the # 40000 th memory instruction
Clk3 @ 28000000 Finished 40279 instructions 
Sampling stash size at 41000 req has stash size of: 28
Clk3 @ 29000000 Finished 41701 instructions 
Clk3 @ 30000000 Finished 43178 instructions 
Sampling stash size at 44000 req has stash size of: 30
Clk7 @ 31000000 Finished 44585 instructions 
Clk3 @ 32000000 Finished 46048 instructions 
Sampling stash size at 47000 req has stash size of: 33
Clk3 @ 33000000 Finished 47500 instructions 
Clk3 @ 34000000 Finished 48964 instructions 
Clk@ 34765162 Working on the # 50000 th memory instruction
Sampling stash size at 50000 req has stash size of: 29
Clk3 @ 35000000 Finished 50347 instructions 
Clk7 @ 36000000 Finished 51823 instructions 
Sampling stash size at 53000 req has stash size of: 34
Clk3 @ 37000000 Finished 53299 instructions 
Clk7 @ 38000000 Finished 54752 instructions 
Sampling stash size at 56000 req has stash size of: 28
Clk7 @ 39000000 Finished 56235 instructions 
Clk3 @ 40000000 Finished 57674 instructions 
Sampling stash size at 59000 req has stash size of: 32
Clk7 @ 41000000 Finished 59158 instructions 
Clk@ 41606507 Working on the # 60000 th memory instruction
Clk7 @ 42000000 Finished 60425 instructions 
Clk3 @ 43000000 Finished 61831 instructions 
Sampling stash size at 62000 req has stash size of: 30
Clk7 @ 44000000 Finished 63316 instructions 
Clk7 @ 45000000 Finished 64775 instructions 
Sampling stash size at 65000 req has stash size of: 34
Clk7 @ 46000000 Finished 66196 instructions 
Clk7 @ 47000000 Finished 67657 instructions 
Sampling stash size at 68000 req has stash size of: 29
Clk3 @ 48000000 Finished 69133 instructions 
Clk@ 48595117 Working on the # 70000 th memory instruction
Clk3 @ 49000000 Finished 70579 instructions 
Sampling stash size at 71000 req has stash size of: 26
Clk3 @ 50000000 Finished 71989 instructions 
Clk3 @ 51000000 Finished 73465 instructions 
Sampling stash size at 74000 req has stash size of: 28
Clk7 @ 52000000 Finished 74907 instructions 
Clk7 @ 53000000 Finished 76388 instructions 
Sampling stash size at 77000 req has stash size of: 34
Clk3 @ 54000000 Finished 77785 instructions 
Clk7 @ 55000000 Finished 79222 instructions 
Clk@ 55528334 Working on the # 80000 th memory instruction
Sampling stash size at 80000 req has stash size of: 34
Clk3 @ 56000000 Finished 80700 instructions 
Clk3 @ 57000000 Finished 82075 instructions 
Sampling stash size at 83000 req has stash size of: 31
Clk7 @ 58000000 Finished 83525 instructions 
Clk3 @ 59000000 Finished 84985 instructions 
Sampling stash size at 86000 req has stash size of: 24
Clk7 @ 60000000 Finished 86447 instructions 
Clk3 @ 61000000 Finished 87802 instructions 
Sampling stash size at 89000 req has stash size of: 32
Clk3 @ 62000000 Finished 89263 instructions 
Clk@ 62495387 Working on the # 90000 th memory instruction
Clk3 @ 63000000 Finished 90713 instructions 
Sampling stash size at 92000 req has stash size of: 31
Clk3 @ 64000000 Finished 92164 instructions 
Clk3 @ 65000000 Finished 93593 instructions 
Sampling stash size at 95000 req has stash size of: 25
Clk3 @ 66000000 Finished 95056 instructions 
Clk7 @ 67000000 Finished 96517 instructions 
Clk3 @ 68000000 Finished 97940 instructions 
Sampling stash size at 98000 req has stash size of: 30
Clk3 @ 69000000 Finished 99263 instructions 
Clk@ 69506199 Working on the # 100000 th memory instruction
Clk3 @ 70000000 Finished 100720 instructions 
Sampling stash size at 101000 req has stash size of: 18
Clk7 @ 71000000 Finished 102189 instructions 
Clk7 @ 72000000 Finished 103649 instructions 
Sampling stash size at 104000 req has stash size of: 32
Clk3 @ 73000000 Finished 105123 instructions 
Clk7 @ 74000000 Finished 106557 instructions 
Sampling stash size at 107000 req has stash size of: 30
Clk3 @ 75000000 Finished 108040 instructions 
Clk7 @ 76000000 Finished 109450 instructions 
Clk@ 76373088 Working on the # 110000 th memory instruction
Sampling stash size at 110000 req has stash size of: 32
Clk3 @ 77000000 Finished 110914 instructions 
Clk7 @ 78000000 Finished 112391 instructions 
Sampling stash size at 113000 req has stash size of: 24
Clk7 @ 79000000 Finished 113811 instructions 
Clk7 @ 80000000 Finished 115266 instructions 
Sampling stash size at 116000 req has stash size of: 39
Clk3 @ 81000000 Finished 116725 instructions 
Clk3 @ 82000000 Finished 118177 instructions 
Sampling stash size at 119000 req has stash size of: 42
Clk7 @ 83000000 Finished 119624 instructions 
Clk@ 83302358 Working on the # 120000 th memory instruction
Clk7 @ 84000000 Finished 120802 instructions 
Sampling stash size at 122000 req has stash size of: 30
Clk3 @ 85000000 Finished 122179 instructions 
Clk7 @ 85000000 Finished 122179 instructions 
Clk7 @ 86000000 Finished 123609 instructions 
Sampling stash size at 125000 req has stash size of: 23
Clk3 @ 87000000 Finished 125081 instructions 
Clk3 @ 88000000 Finished 126547 instructions 
Sampling stash size at 128000 req has stash size of: 24
Clk3 @ 89000000 Finished 128010 instructions 
Clk3 @ 90000000 Finished 129434 instructions 
Clk@ 90382867 Working on the # 130000 th memory instruction
Clk3 @ 91000000 Finished 130891 instructions 
Sampling stash size at 131000 req has stash size of: 34
Clk3 @ 92000000 Finished 132254 instructions 
Clk7 @ 93000000 Finished 133722 instructions 
Sampling stash size at 134000 req has stash size of: 33
Clk7 @ 94000000 Finished 135169 instructions 
Clk7 @ 95000000 Finished 136617 instructions 
Sampling stash size at 137000 req has stash size of: 38
Clk7 @ 96000000 Finished 138076 instructions 
Clk3 @ 97000000 Finished 139528 instructions 
Clk7 @ 97000000 Finished 139528 instructions 
Clk@ 97323538 Working on the # 140000 th memory instruction
Sampling stash size at 140000 req has stash size of: 30
Clk7 @ 98000000 Finished 140998 instructions 
Clk7 @ 99000000 Finished 142345 instructions 
Sampling stash size at 143000 req has stash size of: 20
Clk7 @ 100000000 Finished 143791 instructions 
Clk3 @ 101000000 Finished 145219 instructions 
Sampling stash size at 146000 req has stash size of: 30
Clk7 @ 102000000 Finished 146688 instructions 
Clk7 @ 103000000 Finished 148081 instructions 
Sampling stash size at 149000 req has stash size of: 37
Clk7 @ 104000000 Finished 149560 instructions 
Clk@ 104307301 Working on the # 150000 th memory instruction
Clk7 @ 105000000 Finished 151024 instructions 
Sampling stash size at 152000 req has stash size of: 25
Clk7 @ 106000000 Finished 152485 instructions 
Clk7 @ 107000000 Finished 153867 instructions 
Sampling stash size at 155000 req has stash size of: 36
Clk7 @ 108000000 Finished 155265 instructions 
Clk3 @ 109000000 Finished 156706 instructions 
Sampling stash size at 158000 req has stash size of: 41
Clk3 @ 110000000 Finished 158173 instructions 
Clk3 @ 111000000 Finished 159581 instructions 
Clk@ 111291715 Working on the # 160000 th memory instruction
Sampling stash size at 161000 req has stash size of: 38
Clk3 @ 112000000 Finished 161063 instructions 
Clk7 @ 113000000 Finished 162514 instructions 
Clk7 @ 114000000 Finished 163870 instructions 
Sampling stash size at 164000 req has stash size of: 29
Clk7 @ 115000000 Finished 165262 instructions 
Clk3 @ 116000000 Finished 166708 instructions 
Sampling stash size at 167000 req has stash size of: 34
Clk7 @ 117000000 Finished 168177 instructions 
Clk3 @ 118000000 Finished 169627 instructions 
Clk@ 118261382 Working on the # 170000 th memory instruction
Sampling stash size at 170000 req has stash size of: 24
Clk7 @ 119000000 Finished 171056 instructions 
Clk3 @ 120000000 Finished 172506 instructions 
Sampling stash size at 173000 req has stash size of: 39
Clk7 @ 121000000 Finished 173962 instructions 
Clk7 @ 122000000 Finished 175265 instructions 
Sampling stash size at 176000 req has stash size of: 36
Clk3 @ 123000000 Finished 176731 instructions 
Clk7 @ 124000000 Finished 178186 instructions 
Sampling stash size at 179000 req has stash size of: 28
Clk7 @ 125000000 Finished 179662 instructions 
Clk@ 125225513 Working on the # 180000 th memory instruction
Clk3 @ 126000000 Finished 181082 instructions 
Sampling stash size at 182000 req has stash size of: 39
Clk3 @ 127000000 Finished 182521 instructions 
Clk3 @ 128000000 Finished 183965 instructions 
Sampling stash size at 185000 req has stash size of: 42
Clk7 @ 129000000 Finished 185419 instructions 
Clk7 @ 130000000 Finished 186788 instructions 
Sampling stash size at 188000 req has stash size of: 42
Clk3 @ 131000000 Finished 188254 instructions 
Clk3 @ 132000000 Finished 189685 instructions 
Clk@ 132212792 Working on the # 190000 th memory instruction
Sampling stash size at 191000 req has stash size of: 33
Clk3 @ 133000000 Finished 191151 instructions 
Clk7 @ 134000000 Finished 192562 instructions 
Sampling stash size at 194000 req has stash size of: 39
Clk3 @ 135000000 Finished 194011 instructions 
Clk7 @ 136000000 Finished 195445 instructions 
Clk7 @ 137000000 Finished 196766 instructions 
Sampling stash size at 197000 req has stash size of: 30
Clk3 @ 138000000 Finished 198163 instructions 
Clk7 @ 139000000 Finished 199605 instructions 
Clk@ 139274094 Working on the # 200000 th memory instruction
Sampling stash size at 200000 req has stash size of: 27
Clk3 @ 140000000 Finished 201049 instructions 
Clk3 @ 141000000 Finished 202504 instructions 
Sampling stash size at 203000 req has stash size of: 32
Clk7 @ 142000000 Finished 203978 instructions 
Clk7 @ 143000000 Finished 205386 instructions 
Sampling stash size at 206000 req has stash size of: 36
Clk7 @ 144000000 Finished 206829 instructions 
Clk7 @ 145000000 Finished 208258 instructions 
Sampling stash size at 209000 req has stash size of: 32
Clk3 @ 146000000 Finished 209721 instructions 
Clk@ 146190373 Working on the # 210000 th memory instruction
Clk3 @ 147000000 Finished 211190 instructions 
Sampling stash size at 212000 req has stash size of: 38
Clk3 @ 148000000 Finished 212591 instructions 
Clk7 @ 149000000 Finished 214042 instructions 
Sampling stash size at 215000 req has stash size of: 29
Clk3 @ 150000000 Finished 215497 instructions 
Clk7 @ 151000000 Finished 216961 instructions 
Sampling stash size at 218000 req has stash size of: 39
Clk7 @ 152000000 Finished 218368 instructions 
Clk3 @ 153000000 Finished 219759 instructions 
Clk@ 153171083 Working on the # 220000 th memory instruction
Sampling stash size at 221000 req has stash size of: 41
Clk7 @ 154000000 Finished 221206 instructions 
Clk3 @ 155000000 Finished 222640 instructions 
Sampling stash size at 224000 req has stash size of: 31
Clk3 @ 156000000 Finished 224100 instructions 
Clk3 @ 157000000 Finished 225568 instructions 
Clk7 @ 158000000 Finished 226959 instructions 
Sampling stash size at 227000 req has stash size of: 36
Clk7 @ 159000000 Finished 228427 instructions 
Clk3 @ 160000000 Finished 229825 instructions 
Clk@ 160114270 Working on the # 230000 th memory instruction
Sampling stash size at 230000 req has stash size of: 34
Clk7 @ 161000000 Finished 231301 instructions 
Clk3 @ 162000000 Finished 232725 instructions 
Sampling stash size at 233000 req has stash size of: 31
Clk3 @ 163000000 Finished 234181 instructions 
Clk3 @ 164000000 Finished 235627 instructions 
Sampling stash size at 236000 req has stash size of: 32
Clk7 @ 165000000 Finished 237082 instructions 
Clk3 @ 166000000 Finished 238479 instructions 
Sampling stash size at 239000 req has stash size of: 35
Clk7 @ 167000000 Finished 239851 instructions 
Clk@ 167127270 Working on the # 240000 th memory instruction
Clk7 @ 168000000 Finished 240971 instructions 
Sampling stash size at 242000 req has stash size of: 27
Clk3 @ 169000000 Finished 242291 instructions 
Clk3 @ 170000000 Finished 243651 instructions 
Sampling stash size at 245000 req has stash size of: 41
Clk3 @ 171000000 Finished 245079 instructions 
Clk3 @ 172000000 Finished 246465 instructions 
Clk7 @ 173000000 Finished 247932 instructions 
Sampling stash size at 248000 req has stash size of: 30
Clk7 @ 174000000 Finished 249401 instructions 
Clk@ 174424116 Working on the # 250000 th memory instruction
Clk3 @ 175000000 Finished 250843 instructions 
Sampling stash size at 251000 req has stash size of: 33
Clk7 @ 176000000 Finished 252277 instructions 
Clk7 @ 177000000 Finished 253737 instructions 
Sampling stash size at 254000 req has stash size of: 32
Clk7 @ 178000000 Finished 255196 instructions 
Clk7 @ 179000000 Finished 256627 instructions 
Sampling stash size at 257000 req has stash size of: 23
Clk7 @ 180000000 Finished 258019 instructions 
Clk3 @ 181000000 Finished 259478 instructions 
Clk@ 181354432 Working on the # 260000 th memory instruction
Sampling stash size at 260000 req has stash size of: 34
Clk3 @ 182000000 Finished 260916 instructions 
Clk3 @ 183000000 Finished 262258 instructions 
Sampling stash size at 263000 req has stash size of: 34
Clk3 @ 184000000 Finished 263676 instructions 
Clk3 @ 185000000 Finished 265139 instructions 
Sampling stash size at 266000 req has stash size of: 33
Clk7 @ 186000000 Finished 266595 instructions 
Clk3 @ 187000000 Finished 268006 instructions 
Sampling stash size at 269000 req has stash size of: 39
Clk7 @ 188000000 Finished 269474 instructions 
Clk@ 188354766 Working on the # 270000 th memory instruction
Clk7 @ 189000000 Finished 270930 instructions 
Sampling stash size at 272000 req has stash size of: 30
Clk3 @ 190000000 Finished 272408 instructions 
Clk3 @ 191000000 Finished 273813 instructions 
Sampling stash size at 275000 req has stash size of: 31
Clk3 @ 192000000 Finished 275285 instructions 
Clk3 @ 193000000 Finished 276724 instructions 
Sampling stash size at 278000 req has stash size of: 29
Clk7 @ 194000000 Finished 278180 instructions 
Clk7 @ 195000000 Finished 279571 instructions 
Clk@ 195300911 Working on the # 280000 th memory instruction
Sampling stash size at 281000 req has stash size of: 32
Clk3 @ 196000000 Finished 281026 instructions 
Clk3 @ 197000000 Finished 282424 instructions 
Clk3 @ 198000000 Finished 283830 instructions 
Sampling stash size at 284000 req has stash size of: 31
Clk3 @ 199000000 Finished 285157 instructions 
Clk3 @ 200000000 Finished 286595 instructions 
Sampling stash size at 287000 req has stash size of: 31
Clk7 @ 201000000 Finished 288022 instructions 
Clk3 @ 202000000 Finished 289460 instructions 
Clk@ 202386205 Working on the # 290000 th memory instruction
Sampling stash size at 290000 req has stash size of: 38
Clk7 @ 203000000 Finished 290851 instructions 
Clk3 @ 204000000 Finished 292301 instructions 
Sampling stash size at 293000 req has stash size of: 35
Clk7 @ 205000000 Finished 293773 instructions 
Clk3 @ 206000000 Finished 295132 instructions 
Sampling stash size at 296000 req has stash size of: 26
Clk3 @ 207000000 Finished 296590 instructions 
Clk7 @ 208000000 Finished 298051 instructions 
Sampling stash size at 299000 req has stash size of: 32
Clk3 @ 209000000 Finished 299505 instructions 
Clk@ 209343839 Working on the # 300000 th memory instruction
Clk7 @ 210000000 Finished 300952 instructions 
Sampling stash size at 302000 req has stash size of: 35
Clk7 @ 211000000 Finished 302420 instructions 
Clk3 @ 212000000 Finished 303844 instructions 
Sampling stash size at 305000 req has stash size of: 35
Clk3 @ 213000000 Finished 305309 instructions 
Clk7 @ 214000000 Finished 306653 instructions 
Sampling stash size at 308000 req has stash size of: 30
Clk7 @ 215000000 Finished 308040 instructions 
Clk3 @ 216000000 Finished 309481 instructions 
Clk@ 216378901 Working on the # 310000 th memory instruction
Clk3 @ 217000000 Finished 310909 instructions 
Sampling stash size at 311000 req has stash size of: 36
Clk7 @ 218000000 Finished 312331 instructions 
Clk3 @ 219000000 Finished 313784 instructions 
Sampling stash size at 314000 req has stash size of: 29
Clk7 @ 220000000 Finished 315231 instructions 
Clk7 @ 221000000 Finished 316651 instructions 
Sampling stash size at 317000 req has stash size of: 41
Clk3 @ 222000000 Finished 318025 instructions 
Clk7 @ 223000000 Finished 319486 instructions 
Clk@ 223369085 Working on the # 320000 th memory instruction
Sampling stash size at 320000 req has stash size of: 40
Clk3 @ 224000000 Finished 320930 instructions 
Clk3 @ 225000000 Finished 322375 instructions 
Sampling stash size at 323000 req has stash size of: 35
Clk7 @ 226000000 Finished 323833 instructions 
Clk7 @ 227000000 Finished 325240 instructions 
Sampling stash size at 326000 req has stash size of: 43
Clk3 @ 228000000 Finished 326693 instructions 
Clk3 @ 229000000 Finished 327925 instructions 
Sampling stash size at 329000 req has stash size of: 35
Clk3 @ 230000000 Finished 329356 instructions 
Clk@ 230445262 Working on the # 330000 th memory instruction
Clk3 @ 231000000 Finished 330780 instructions 
Sampling stash size at 332000 req has stash size of: 37
Clk3 @ 232000000 Finished 332242 instructions 
Clk3 @ 233000000 Finished 333658 instructions 
Sampling stash size at 335000 req has stash size of: 37
Clk3 @ 234000000 Finished 335119 instructions 
Clk3 @ 235000000 Finished 336563 instructions 
Sampling stash size at 338000 req has stash size of: 36
Clk3 @ 236000000 Finished 338011 instructions 
Clk3 @ 237000000 Finished 339418 instructions 
Clk@ 237407047 Working on the # 340000 th memory instruction
Clk3 @ 238000000 Finished 340846 instructions 
Sampling stash size at 341000 req has stash size of: 32
Clk7 @ 239000000 Finished 342271 instructions 
Clk7 @ 240000000 Finished 343747 instructions 
Sampling stash size at 344000 req has stash size of: 36
Clk3 @ 241000000 Finished 345147 instructions 
Clk7 @ 242000000 Finished 346605 instructions 
Sampling stash size at 347000 req has stash size of: 39
Clk3 @ 243000000 Finished 348024 instructions 
Clk7 @ 244000000 Finished 349434 instructions 
Clk@ 244519210 Working on the # 350000 th memory instruction
Sampling stash size at 350000 req has stash size of: 29
Clk7 @ 245000000 Finished 350659 instructions 
Clk3 @ 246000000 Finished 352124 instructions 
Sampling stash size at 353000 req has stash size of: 31
Clk3 @ 247000000 Finished 353567 instructions 
Clk7 @ 248000000 Finished 354990 instructions 
Sampling stash size at 356000 req has stash size of: 38
Clk3 @ 249000000 Finished 356431 instructions 
Clk7 @ 250000000 Finished 357883 instructions 
Sampling stash size at 359000 req has stash size of: 35
Clk3 @ 251000000 Finished 359320 instructions 
Clk@ 251458784 Working on the # 360000 th memory instruction
Clk7 @ 252000000 Finished 360694 instructions 
Sampling stash size at 362000 req has stash size of: 32
Clk7 @ 253000000 Finished 362142 instructions 
Clk7 @ 254000000 Finished 363567 instructions 
Clk3 @ 255000000 Finished 365008 instructions 
Sampling stash size at 365000 req has stash size of: 44
Clk7 @ 256000000 Finished 366449 instructions 
Clk3 @ 257000000 Finished 367899 instructions 
Sampling stash size at 368000 req has stash size of: 45
Clk7 @ 258000000 Finished 369325 instructions 
Clk@ 258454455 Working on the # 370000 th memory instruction
Clk3 @ 259000000 Finished 370786 instructions 
Sampling stash size at 371000 req has stash size of: 30
Clk7 @ 260000000 Finished 372072 instructions 
Clk3 @ 261000000 Finished 373525 instructions 
Sampling stash size at 374000 req has stash size of: 31
Clk7 @ 262000000 Finished 374950 instructions 
Clk3 @ 263000000 Finished 376411 instructions 
Sampling stash size at 377000 req has stash size of: 45
Clk3 @ 264000000 Finished 377827 instructions 
Clk3 @ 265000000 Finished 379255 instructions 
Clk@ 265523242 Working on the # 380000 th memory instruction
Sampling stash size at 380000 req has stash size of: 32
Clk3 @ 266000000 Finished 380692 instructions 
Clk7 @ 267000000 Finished 382154 instructions 
Sampling stash size at 383000 req has stash size of: 30
Clk7 @ 268000000 Finished 383560 instructions 
Clk7 @ 269000000 Finished 384976 instructions 
Sampling stash size at 386000 req has stash size of: 40
Clk7 @ 270000000 Finished 386407 instructions 
Clk3 @ 271000000 Finished 387841 instructions 
Sampling stash size at 389000 req has stash size of: 29
Clk3 @ 272000000 Finished 389293 instructions 
Clk@ 272502159 Working on the # 390000 th memory instruction
Clk3 @ 273000000 Finished 390696 instructions 
Sampling stash size at 392000 req has stash size of: 37
Clk3 @ 274000000 Finished 392149 instructions 
Clk7 @ 275000000 Finished 393418 instructions 
Sampling stash size at 395000 req has stash size of: 31
Clk3 @ 277000000 Finished 396216 instructions 
Clk3 @ 278000000 Finished 397630 instructions 
Sampling stash size at 398000 req has stash size of: 30
Clk3 @ 279000000 Finished 399073 instructions 
Clk@ 279651730 Working on the # 400000 th memory instruction
Clk7 @ 280000000 Finished 400493 instructions 
Sampling stash size at 401000 req has stash size of: 35
Clk7 @ 281000000 Finished 401920 instructions 
Clk7 @ 282000000 Finished 403361 instructions 
Sampling stash size at 404000 req has stash size of: 48
Clk7 @ 283000000 Finished 404783 instructions 
Clk3 @ 284000000 Finished 406219 instructions 
Clk7 @ 284000000 Finished 406219 instructions 
Sampling stash size at 407000 req has stash size of: 21
Clk3 @ 285000000 Finished 407675 instructions 
Clk3 @ 286000000 Finished 409066 instructions 
Clk@ 286641423 Working on the # 410000 th memory instruction
Sampling stash size at 410000 req has stash size of: 32
Clk3 @ 287000000 Finished 410521 instructions 
Clk3 @ 288000000 Finished 411907 instructions 
Sampling stash size at 413000 req has stash size of: 39
Clk7 @ 289000000 Finished 413356 instructions 
Clk3 @ 290000000 Finished 414796 instructions 
Sampling stash size at 416000 req has stash size of: 32
Clk7 @ 291000000 Finished 416204 instructions 
Clk7 @ 292000000 Finished 417665 instructions 
Sampling stash size at 419000 req has stash size of: 41
Clk3 @ 293000000 Finished 419101 instructions 
Clk@ 293624403 Working on the # 420000 th memory instruction
Clk7 @ 294000000 Finished 420532 instructions 
Clk3 @ 295000000 Finished 421999 instructions 
Sampling stash size at 422000 req has stash size of: 41
Clk7 @ 296000000 Finished 423377 instructions 
Clk3 @ 297000000 Finished 424808 instructions 
Sampling stash size at 425000 req has stash size of: 20
Clk7 @ 298000000 Finished 426239 instructions 
Clk3 @ 299000000 Finished 427698 instructions 
Sampling stash size at 428000 req has stash size of: 30
Clk3 @ 300000000 Finished 429113 instructions 
Clk@ 300603753 Working on the # 430000 th memory instruction
Clk7 @ 301000000 Finished 430573 instructions 
Sampling stash size at 431000 req has stash size of: 25
Clk7 @ 302000000 Finished 432000 instructions 
Clk3 @ 303000000 Finished 433459 instructions 
Sampling stash size at 434000 req has stash size of: 28
Clk7 @ 304000000 Finished 434867 instructions 
Clk3 @ 305000000 Finished 436309 instructions 
Sampling stash size at 437000 req has stash size of: 35
Clk7 @ 306000000 Finished 437603 instructions 
Clk3 @ 307000000 Finished 439058 instructions 
Clk@ 307659989 Working on the # 440000 th memory instruction
Sampling stash size at 440000 req has stash size of: 38
Clk3 @ 308000000 Finished 440498 instructions 
Clk7 @ 309000000 Finished 441967 instructions 
Sampling stash size at 443000 req has stash size of: 29
Clk7 @ 310000000 Finished 443370 instructions 
Clk3 @ 311000000 Finished 444802 instructions 
Sampling stash size at 446000 req has stash size of: 33
Clk7 @ 312000000 Finished 446257 instructions 
Clk7 @ 313000000 Finished 447711 instructions 
Sampling stash size at 449000 req has stash size of: 33
Clk3 @ 314000000 Finished 449152 instructions 
Clk@ 314603029 Working on the # 450000 th memory instruction
Clk7 @ 315000000 Finished 450568 instructions 
Sampling stash size at 452000 req has stash size of: 43
Clk3 @ 316000000 Finished 452033 instructions 
Clk3 @ 317000000 Finished 453400 instructions 
Clk3 @ 318000000 Finished 454811 instructions 
Sampling stash size at 455000 req has stash size of: 34
Clk3 @ 319000000 Finished 456277 instructions 
Clk7 @ 320000000 Finished 457715 instructions 
Sampling stash size at 458000 req has stash size of: 40
Clk3 @ 321000000 Finished 459071 instructions 
Clk@ 321635408 Working on the # 460000 th memory instruction
Clk7 @ 322000000 Finished 460518 instructions 
Sampling stash size at 461000 req has stash size of: 28
Clk3 @ 323000000 Finished 461969 instructions 
Clk7 @ 324000000 Finished 463429 instructions 
Sampling stash size at 464000 req has stash size of: 42
Clk3 @ 325000000 Finished 464826 instructions 
Clk3 @ 326000000 Finished 466274 instructions 
Sampling stash size at 467000 req has stash size of: 35
Clk7 @ 327000000 Finished 467719 instructions 
Clk3 @ 328000000 Finished 469183 instructions 
Clk@ 328590816 Working on the # 470000 th memory instruction
Sampling stash size at 470000 req has stash size of: 37
Clk7 @ 329000000 Finished 470605 instructions 
Clk3 @ 330000000 Finished 472061 instructions 
Sampling stash size at 473000 req has stash size of: 30
Clk3 @ 331000000 Finished 473491 instructions 
Clk7 @ 332000000 Finished 474931 instructions 
Sampling stash size at 476000 req has stash size of: 29
Clk3 @ 333000000 Finished 476317 instructions 
Clk7 @ 334000000 Finished 477772 instructions 
Sampling stash size at 479000 req has stash size of: 34
Clk3 @ 335000000 Finished 479207 instructions 
Clk@ 335636714 Working on the # 480000 th memory instruction
Clk7 @ 336000000 Finished 480415 instructions 
Clk3 @ 337000000 Finished 481633 instructions 
Sampling stash size at 482000 req has stash size of: 35
Clk3 @ 338000000 Finished 482992 instructions 
Clk7 @ 339000000 Finished 484352 instructions 
Sampling stash size at 485000 req has stash size of: 27
Clk7 @ 340000000 Finished 485774 instructions 
Clk3 @ 341000000 Finished 487152 instructions 
Sampling stash size at 488000 req has stash size of: 26
Clk7 @ 342000000 Finished 488593 instructions 
Clk@ 342976982 Working on the # 490000 th memory instruction
Clk7 @ 343000000 Finished 490033 instructions 
Sampling stash size at 491000 req has stash size of: 31
Clk3 @ 344000000 Finished 491481 instructions 
Clk3 @ 345000000 Finished 492843 instructions 
Sampling stash size at 494000 req has stash size of: 32
Clk7 @ 346000000 Finished 494299 instructions 
Clk7 @ 347000000 Finished 495761 instructions 
Sampling stash size at 497000 req has stash size of: 46
Clk3 @ 348000000 Finished 497169 instructions 
Clk7 @ 349000000 Finished 498634 instructions 
Clk@ 349972867 Working on the # 500000 th memory instruction
Warm up done after line access count: 500000 out of 1000000 (50 %)
Sampling stash size at 500000 req has stash size of: 28
Clk3 @ 350000000 Finished 500041 instructions 
Clk3 @ 351000000 Finished 501484 instructions 
Clk3 @ 352000000 Finished 502889 instructions 
Sampling stash size at 503000 req has stash size of: 34
Clk7 @ 353000000 Finished 504341 instructions 
Clk7 @ 354000000 Finished 505792 instructions 
Sampling stash size at 506000 req has stash size of: 37
Clk3 @ 355000000 Finished 507215 instructions 
Clk3 @ 356000000 Finished 508660 instructions 
Sampling stash size at 509000 req has stash size of: 40
Clk@ 356936045 Working on the # 510000 th memory instruction
Clk3 @ 357000000 Finished 510094 instructions 
Clk3 @ 358000000 Finished 511549 instructions 
Sampling stash size at 512000 req has stash size of: 35
Clk7 @ 359000000 Finished 512992 instructions 
Clk3 @ 360000000 Finished 514279 instructions 
Sampling stash size at 515000 req has stash size of: 36
Clk7 @ 361000000 Finished 515736 instructions 
Clk7 @ 362000000 Finished 517184 instructions 
Sampling stash size at 518000 req has stash size of: 30
Clk7 @ 363000000 Finished 518623 instructions 
Clk@ 363952535 Working on the # 520000 th memory instruction
Clk7 @ 364000000 Finished 520066 instructions 
Sampling stash size at 521000 req has stash size of: 33
Clk3 @ 365000000 Finished 521515 instructions 
Clk7 @ 366000000 Finished 522922 instructions 
Sampling stash size at 524000 req has stash size of: 37
Clk7 @ 367000000 Finished 524266 instructions 
Clk3 @ 368000000 Finished 525559 instructions 
Clk3 @ 369000000 Finished 527005 instructions 
Sampling stash size at 527000 req has stash size of: 36
Clk3 @ 370000000 Finished 528436 instructions 
Clk7 @ 371000000 Finished 529868 instructions 
Clk@ 371090876 Working on the # 530000 th memory instruction
Sampling stash size at 530000 req has stash size of: 37
Clk3 @ 372000000 Finished 531305 instructions 
Clk3 @ 373000000 Finished 532750 instructions 
Sampling stash size at 533000 req has stash size of: 36
Clk3 @ 374000000 Finished 534211 instructions 
Clk3 @ 375000000 Finished 535563 instructions 
Sampling stash size at 536000 req has stash size of: 29
Clk3 @ 376000000 Finished 537019 instructions 
Clk7 @ 377000000 Finished 538469 instructions 
Sampling stash size at 539000 req has stash size of: 34
Clk3 @ 378000000 Finished 539923 instructions 
Clk@ 378054568 Working on the # 540000 th memory instruction
Clk7 @ 379000000 Finished 541334 instructions 
Sampling stash size at 542000 req has stash size of: 42
Clk3 @ 380000000 Finished 542805 instructions 
Clk3 @ 381000000 Finished 544260 instructions 
Sampling stash size at 545000 req has stash size of: 23
Clk3 @ 382000000 Finished 545707 instructions 
Clk3 @ 383000000 Finished 547054 instructions 
Sampling stash size at 548000 req has stash size of: 40
Clk7 @ 384000000 Finished 548497 instructions 
Clk3 @ 385000000 Finished 549923 instructions 
Clk@ 385050598 Working on the # 550000 th memory instruction
Sampling stash size at 551000 req has stash size of: 26
Clk7 @ 386000000 Finished 551374 instructions 
Clk7 @ 387000000 Finished 552781 instructions 
Sampling stash size at 554000 req has stash size of: 26
Clk3 @ 388000000 Finished 554240 instructions 
Clk7 @ 389000000 Finished 555672 instructions 
Sampling stash size at 557000 req has stash size of: 39
Clk3 @ 390000000 Finished 557062 instructions 
Clk3 @ 391000000 Finished 558464 instructions 
Clk7 @ 392000000 Finished 559897 instructions 
Clk@ 392070966 Working on the # 560000 th memory instruction
Sampling stash size at 560000 req has stash size of: 32
Clk7 @ 393000000 Finished 561349 instructions 
Clk7 @ 394000000 Finished 562764 instructions 
Sampling stash size at 563000 req has stash size of: 31
Clk7 @ 395000000 Finished 564166 instructions 
Clk3 @ 396000000 Finished 565543 instructions 
Sampling stash size at 566000 req has stash size of: 27
Clk7 @ 397000000 Finished 566999 instructions 
Clk7 @ 398000000 Finished 568234 instructions 
Sampling stash size at 569000 req has stash size of: 35
Clk3 @ 399000000 Finished 569655 instructions 
Clk@ 399234838 Working on the # 570000 th memory instruction
Clk3 @ 400000000 Finished 571075 instructions 
Sampling stash size at 572000 req has stash size of: 32
Clk3 @ 401000000 Finished 572532 instructions 
Clk7 @ 402000000 Finished 573941 instructions 
Sampling stash size at 575000 req has stash size of: 36
Clk3 @ 403000000 Finished 575370 instructions 
Clk3 @ 404000000 Finished 576820 instructions 
Sampling stash size at 578000 req has stash size of: 34
Clk7 @ 405000000 Finished 578262 instructions 
Clk3 @ 406000000 Finished 579661 instructions 
Clk@ 406227107 Working on the # 580000 th memory instruction
Sampling stash size at 581000 req has stash size of: 28
Clk7 @ 407000000 Finished 581077 instructions 
Clk3 @ 408000000 Finished 582495 instructions 
Clk3 @ 409000000 Finished 583958 instructions 
Sampling stash size at 584000 req has stash size of: 39
Clk7 @ 410000000 Finished 585394 instructions 
Clk3 @ 411000000 Finished 586837 instructions 
Sampling stash size at 587000 req has stash size of: 32
Clk7 @ 412000000 Finished 588291 instructions 
Clk7 @ 413000000 Finished 589731 instructions 
Clk@ 413277744 Working on the # 590000 th memory instruction
Sampling stash size at 590000 req has stash size of: 32
Clk3 @ 414000000 Finished 591021 instructions 
Clk7 @ 415000000 Finished 592471 instructions 
Sampling stash size at 593000 req has stash size of: 38
Clk3 @ 416000000 Finished 593912 instructions 
Clk7 @ 417000000 Finished 595348 instructions 
Sampling stash size at 596000 req has stash size of: 24
Clk3 @ 418000000 Finished 596821 instructions 
Clk3 @ 419000000 Finished 598236 instructions 
Sampling stash size at 599000 req has stash size of: 43
Clk3 @ 420000000 Finished 599646 instructions 
Clk@ 420244408 Working on the # 600000 th memory instruction
Clk7 @ 421000000 Finished 601053 instructions 
Sampling stash size at 602000 req has stash size of: 32
Clk3 @ 422000000 Finished 602499 instructions 
Clk7 @ 423000000 Finished 603960 instructions 
Sampling stash size at 605000 req has stash size of: 30
Clk3 @ 424000000 Finished 605368 instructions 
Clk7 @ 425000000 Finished 606792 instructions 
Sampling stash size at 608000 req has stash size of: 35
Clk7 @ 426000000 Finished 608232 instructions 
Clk7 @ 427000000 Finished 609679 instructions 
Clk@ 427214904 Working on the # 610000 th memory instruction
Sampling stash size at 611000 req has stash size of: 34
Clk7 @ 428000000 Finished 611117 instructions 
Clk7 @ 429000000 Finished 612403 instructions 
Clk3 @ 430000000 Finished 613846 instructions 
Sampling stash size at 614000 req has stash size of: 44
Clk3 @ 431000000 Finished 615260 instructions 
Clk3 @ 432000000 Finished 616642 instructions 
Sampling stash size at 617000 req has stash size of: 37
Clk3 @ 433000000 Finished 618082 instructions 
Clk3 @ 434000000 Finished 619537 instructions 
Clk@ 434353652 Working on the # 620000 th memory instruction
Sampling stash size at 620000 req has stash size of: 31
Clk7 @ 435000000 Finished 620932 instructions 
Clk3 @ 436000000 Finished 622385 instructions 
Sampling stash size at 623000 req has stash size of: 28
Clk3 @ 437000000 Finished 623791 instructions 
Clk3 @ 438000000 Finished 625229 instructions 
Sampling stash size at 626000 req has stash size of: 30
Clk3 @ 439000000 Finished 626670 instructions 
Clk3 @ 440000000 Finished 628114 instructions 
Sampling stash size at 629000 req has stash size of: 41
Clk7 @ 441000000 Finished 629546 instructions 
Clk@ 441306914 Working on the # 630000 th memory instruction
Clk3 @ 442000000 Finished 630968 instructions 
Sampling stash size at 632000 req has stash size of: 32
Clk3 @ 443000000 Finished 632416 instructions 
Clk7 @ 444000000 Finished 633703 instructions 
Sampling stash size at 635000 req has stash size of: 42
Clk7 @ 445000000 Finished 635143 instructions 
Clk7 @ 446000000 Finished 636586 instructions 
Sampling stash size at 638000 req has stash size of: 34
Clk3 @ 447000000 Finished 638029 instructions 
Clk7 @ 448000000 Finished 639443 instructions 
Clk@ 448382944 Working on the # 640000 th memory instruction
Clk3 @ 449000000 Finished 640900 instructions 
Sampling stash size at 641000 req has stash size of: 34
Clk3 @ 450000000 Finished 642366 instructions 
Clk3 @ 451000000 Finished 643815 instructions 
Sampling stash size at 644000 req has stash size of: 35
Clk3 @ 452000000 Finished 645223 instructions 
Clk7 @ 453000000 Finished 646650 instructions 
Sampling stash size at 647000 req has stash size of: 38
Clk7 @ 454000000 Finished 648100 instructions 
Clk3 @ 455000000 Finished 649543 instructions 
Clk@ 455349904 Working on the # 650000 th memory instruction
Sampling stash size at 650000 req has stash size of: 41
Clk7 @ 456000000 Finished 650923 instructions 
Clk7 @ 457000000 Finished 652372 instructions 
Sampling stash size at 653000 req has stash size of: 28
Clk3 @ 458000000 Finished 653815 instructions 
Clk7 @ 459000000 Finished 655151 instructions 
Sampling stash size at 656000 req has stash size of: 40
Clk7 @ 460000000 Finished 656348 instructions 
Clk7 @ 461000000 Finished 657753 instructions 
Sampling stash size at 659000 req has stash size of: 34
Clk3 @ 462000000 Finished 659177 instructions 
Clk@ 462575147 Working on the # 660000 th memory instruction
Clk3 @ 463000000 Finished 660608 instructions 
Sampling stash size at 662000 req has stash size of: 33
Clk3 @ 464000000 Finished 662020 instructions 
Clk7 @ 465000000 Finished 663470 instructions 
Clk7 @ 466000000 Finished 664915 instructions 
Sampling stash size at 665000 req has stash size of: 34
Clk7 @ 467000000 Finished 666310 instructions 
Clk3 @ 468000000 Finished 667702 instructions 
Sampling stash size at 668000 req has stash size of: 39
Clk@ 469595599 Working on the # 670000 th memory instruction
Clk7 @ 470000000 Finished 670583 instructions 
Sampling stash size at 671000 req has stash size of: 39
Clk7 @ 471000000 Finished 671988 instructions 
Clk7 @ 472000000 Finished 673444 instructions 
Sampling stash size at 674000 req has stash size of: 27
Clk3 @ 473000000 Finished 674881 instructions 
Clk7 @ 474000000 Finished 676318 instructions 
Sampling stash size at 677000 req has stash size of: 38
Clk7 @ 475000000 Finished 677689 instructions 
Clk7 @ 476000000 Finished 679126 instructions 
Clk@ 476617216 Working on the # 680000 th memory instruction
Sampling stash size at 680000 req has stash size of: 38
Clk7 @ 477000000 Finished 680535 instructions 
Clk7 @ 478000000 Finished 681982 instructions 
Sampling stash size at 683000 req has stash size of: 37
Clk3 @ 479000000 Finished 683417 instructions 
Clk7 @ 480000000 Finished 684836 instructions 
Sampling stash size at 686000 req has stash size of: 38
Clk7 @ 481000000 Finished 686278 instructions 
Clk3 @ 482000000 Finished 687741 instructions 
Sampling stash size at 689000 req has stash size of: 39
Clk3 @ 483000000 Finished 689081 instructions 
Clk@ 483631141 Working on the # 690000 th memory instruction
Clk7 @ 484000000 Finished 690527 instructions 
Clk3 @ 485000000 Finished 691966 instructions 
Sampling stash size at 692000 req has stash size of: 34
Clk3 @ 486000000 Finished 693400 instructions 
Clk3 @ 487000000 Finished 694816 instructions 
Sampling stash size at 695000 req has stash size of: 26
Clk7 @ 488000000 Finished 696223 instructions 
Clk3 @ 489000000 Finished 697630 instructions 
Sampling stash size at 698000 req has stash size of: 30
Clk3 @ 490000000 Finished 698968 instructions 
Clk@ 490900700 Working on the # 700000 th memory instruction
Clk7 @ 491000000 Finished 700132 instructions 
Sampling stash size at 701000 req has stash size of: 39
Clk3 @ 492000000 Finished 701516 instructions 
Clk7 @ 493000000 Finished 702973 instructions 
Sampling stash size at 704000 req has stash size of: 26
Clk7 @ 494000000 Finished 704392 instructions 
Clk7 @ 495000000 Finished 705802 instructions 
Sampling stash size at 707000 req has stash size of: 42
Clk7 @ 496000000 Finished 707248 instructions 
Clk3 @ 497000000 Finished 708671 instructions 
Clk@ 497958012 Working on the # 710000 th memory instruction
Sampling stash size at 710000 req has stash size of: 39
Clk3 @ 498000000 Finished 710047 instructions 
Clk7 @ 499000000 Finished 711486 instructions 
Clk7 @ 500000000 Finished 712915 instructions 
Sampling stash size at 713000 req has stash size of: 35
Clk3 @ 501000000 Finished 714381 instructions 
Clk7 @ 502000000 Finished 715809 instructions 
Sampling stash size at 716000 req has stash size of: 31
Clk7 @ 503000000 Finished 717254 instructions 
Clk3 @ 504000000 Finished 718666 instructions 
Sampling stash size at 719000 req has stash size of: 28
Clk@ 504912194 Working on the # 720000 th memory instruction
Clk3 @ 505000000 Finished 720129 instructions 
Clk3 @ 506000000 Finished 721408 instructions 
Sampling stash size at 722000 req has stash size of: 40
Clk3 @ 507000000 Finished 722845 instructions 
Clk7 @ 508000000 Finished 724278 instructions 
Sampling stash size at 725000 req has stash size of: 40
Clk7 @ 509000000 Finished 725723 instructions 
Clk3 @ 510000000 Finished 727112 instructions 
Sampling stash size at 728000 req has stash size of: 39
Clk7 @ 511000000 Finished 728562 instructions 
Clk7 @ 512000000 Finished 729991 instructions 
Clk@ 512006961 Working on the # 730000 th memory instruction
Sampling stash size at 731000 req has stash size of: 38
Clk7 @ 513000000 Finished 731425 instructions 
Clk3 @ 514000000 Finished 732836 instructions 
Sampling stash size at 734000 req has stash size of: 48
Clk3 @ 515000000 Finished 734281 instructions 
Clk3 @ 516000000 Finished 735697 instructions 
Sampling stash size at 737000 req has stash size of: 23
Clk7 @ 517000000 Finished 737147 instructions 
Clk3 @ 518000000 Finished 738552 instructions 
Clk@ 518994237 Working on the # 740000 th memory instruction
Clk3 @ 519000000 Finished 740006 instructions 
Sampling stash size at 740000 req has stash size of: 37
Clk3 @ 520000000 Finished 741445 instructions 
Clk7 @ 521000000 Finished 742783 instructions 
Sampling stash size at 743000 req has stash size of: 33
Clk7 @ 522000000 Finished 744105 instructions 
Clk7 @ 523000000 Finished 745521 instructions 
Sampling stash size at 746000 req has stash size of: 38
Clk3 @ 524000000 Finished 746980 instructions 
Clk3 @ 525000000 Finished 748387 instructions 
Sampling stash size at 749000 req has stash size of: 29
Clk7 @ 526000000 Finished 749810 instructions 
Clk@ 526129115 Working on the # 750000 th memory instruction
Clk3 @ 527000000 Finished 751246 instructions 
Sampling stash size at 752000 req has stash size of: 27
Clk3 @ 528000000 Finished 752696 instructions 
Clk7 @ 529000000 Finished 754092 instructions 
Sampling stash size at 755000 req has stash size of: 47
Clk7 @ 530000000 Finished 755531 instructions 
Clk7 @ 531000000 Finished 756935 instructions 
Sampling stash size at 758000 req has stash size of: 46
Clk3 @ 532000000 Finished 758371 instructions 
Clk3 @ 533000000 Finished 759802 instructions 
Clk@ 533141826 Working on the # 760000 th memory instruction
Sampling stash size at 761000 req has stash size of: 30
Clk7 @ 534000000 Finished 761239 instructions 
Sampling stash size at 764000 req has stash size of: 30
Clk3 @ 536000000 Finished 764116 instructions 
Clk3 @ 537000000 Finished 765475 instructions 
Clk3 @ 538000000 Finished 766919 instructions 
Sampling stash size at 767000 req has stash size of: 30
Clk3 @ 539000000 Finished 768347 instructions 
Clk7 @ 540000000 Finished 769738 instructions 
Clk@ 540177724 Working on the # 770000 th memory instruction
Sampling stash size at 770000 req has stash size of: 45
Clk7 @ 541000000 Finished 771167 instructions 
Clk7 @ 542000000 Finished 772582 instructions 
Sampling stash size at 773000 req has stash size of: 33
Clk3 @ 543000000 Finished 774019 instructions 
Clk3 @ 544000000 Finished 775463 instructions 
Sampling stash size at 776000 req has stash size of: 31
Clk3 @ 545000000 Finished 776857 instructions 
Clk3 @ 546000000 Finished 778279 instructions 
Sampling stash size at 779000 req has stash size of: 31
Clk7 @ 547000000 Finished 779695 instructions 
Clk@ 547206891 Working on the # 780000 th memory instruction
Clk3 @ 548000000 Finished 781111 instructions 
Sampling stash size at 782000 req has stash size of: 39
Clk7 @ 549000000 Finished 782556 instructions 
Clk7 @ 550000000 Finished 783977 instructions 
Sampling stash size at 785000 req has stash size of: 34
Clk7 @ 551000000 Finished 785416 instructions 
Clk3 @ 552000000 Finished 786622 instructions 
Clk3 @ 553000000 Finished 787904 instructions 
Sampling stash size at 788000 req has stash size of: 42
Clk3 @ 554000000 Finished 789325 instructions 
Clk@ 554468393 Working on the # 790000 th memory instruction
Clk3 @ 555000000 Finished 790750 instructions 
Sampling stash size at 791000 req has stash size of: 34
Clk7 @ 556000000 Finished 792165 instructions 
Clk3 @ 557000000 Finished 793590 instructions 
Sampling stash size at 794000 req has stash size of: 32
Clk3 @ 558000000 Finished 795000 instructions 
Clk3 @ 559000000 Finished 796426 instructions 
Sampling stash size at 797000 req has stash size of: 26
Clk3 @ 560000000 Finished 797839 instructions 
Clk3 @ 561000000 Finished 799250 instructions 
Clk7 @ 561000000 Finished 799250 instructions 
Clk@ 561516359 Working on the # 800000 th memory instruction
Sampling stash size at 800000 req has stash size of: 26
Clk3 @ 562000000 Finished 800679 instructions 
Clk7 @ 563000000 Finished 802077 instructions 
Sampling stash size at 803000 req has stash size of: 36
Clk3 @ 564000000 Finished 803518 instructions 
Clk7 @ 565000000 Finished 804922 instructions 
Sampling stash size at 806000 req has stash size of: 44
Clk7 @ 566000000 Finished 806363 instructions 
Clk3 @ 567000000 Finished 807777 instructions 
Sampling stash size at 809000 req has stash size of: 26
Clk7 @ 568000000 Finished 809168 instructions 
Clk@ 568578932 Working on the # 810000 th memory instruction
Clk3 @ 569000000 Finished 810611 instructions 
Sampling stash size at 812000 req has stash size of: 32
Clk7 @ 570000000 Finished 812038 instructions 
Clk3 @ 571000000 Finished 813490 instructions 
Clk3 @ 572000000 Finished 814919 instructions 
Sampling stash size at 815000 req has stash size of: 28
Clk7 @ 573000000 Finished 816361 instructions 
Clk7 @ 574000000 Finished 817705 instructions 
Sampling stash size at 818000 req has stash size of: 33
Clk7 @ 575000000 Finished 819159 instructions 
Clk@ 575605854 Working on the # 820000 th memory instruction
Clk7 @ 576000000 Finished 820573 instructions 
Sampling stash size at 821000 req has stash size of: 39
Clk7 @ 577000000 Finished 821917 instructions 
Clk3 @ 578000000 Finished 823316 instructions 
Sampling stash size at 824000 req has stash size of: 37
Clk7 @ 579000000 Finished 824751 instructions 
Clk3 @ 580000000 Finished 826186 instructions 
Sampling stash size at 827000 req has stash size of: 29
Clk7 @ 581000000 Finished 827599 instructions 
Clk3 @ 582000000 Finished 829044 instructions 
Clk@ 582682134 Working on the # 830000 th memory instruction
Sampling stash size at 830000 req has stash size of: 34
Clk7 @ 583000000 Finished 830381 instructions 
Clk7 @ 584000000 Finished 831823 instructions 
Sampling stash size at 833000 req has stash size of: 35
Clk3 @ 585000000 Finished 833252 instructions 
Clk7 @ 586000000 Finished 834709 instructions 
Sampling stash size at 836000 req has stash size of: 41
Clk7 @ 587000000 Finished 836114 instructions 
Clk3 @ 588000000 Finished 837558 instructions 
Clk3 @ 589000000 Finished 838996 instructions 
Sampling stash size at 839000 req has stash size of: 33
Clk@ 589702153 Working on the # 840000 th memory instruction
Clk3 @ 590000000 Finished 840428 instructions 
Clk3 @ 591000000 Finished 841855 instructions 
Sampling stash size at 842000 req has stash size of: 25
Clk3 @ 592000000 Finished 843294 instructions 
Clk7 @ 593000000 Finished 844736 instructions 
Sampling stash size at 845000 req has stash size of: 29
Clk3 @ 594000000 Finished 846184 instructions 
Clk3 @ 595000000 Finished 847459 instructions 
Sampling stash size at 848000 req has stash size of: 31
Clk7 @ 596000000 Finished 848893 instructions 
Clk@ 596772907 Working on the # 850000 th memory instruction
Clk7 @ 597000000 Finished 850333 instructions 
Sampling stash size at 851000 req has stash size of: 38
Clk7 @ 598000000 Finished 851758 instructions 
Clk3 @ 599000000 Finished 853148 instructions 
Sampling stash size at 854000 req has stash size of: 26
Clk7 @ 600000000 Finished 854604 instructions 
Clk3 @ 601000000 Finished 856034 instructions 
Sampling stash size at 857000 req has stash size of: 32
Clk3 @ 602000000 Finished 857424 instructions 
Clk3 @ 603000000 Finished 858838 instructions 
Clk@ 603797312 Working on the # 860000 th memory instruction
Sampling stash size at 860000 req has stash size of: 35
Clk7 @ 604000000 Finished 860272 instructions 
Clk7 @ 605000000 Finished 861725 instructions 
Sampling stash size at 863000 req has stash size of: 31
Clk3 @ 606000000 Finished 863138 instructions 
Clk3 @ 607000000 Finished 864559 instructions 
Clk3 @ 608000000 Finished 865990 instructions 
Sampling stash size at 866000 req has stash size of: 37
Clk3 @ 609000000 Finished 867449 instructions 
Clk3 @ 610000000 Finished 868804 instructions 
Sampling stash size at 869000 req has stash size of: 39
Clk@ 610830940 Working on the # 870000 th memory instruction
Clk7 @ 611000000 Finished 870242 instructions 
Clk7 @ 612000000 Finished 871678 instructions 
Sampling stash size at 872000 req has stash size of: 38
Clk3 @ 613000000 Finished 873095 instructions 
Clk3 @ 614000000 Finished 874329 instructions 
Sampling stash size at 875000 req has stash size of: 25
Clk3 @ 615000000 Finished 875754 instructions 
Clk3 @ 616000000 Finished 877189 instructions 
Sampling stash size at 878000 req has stash size of: 30
Clk3 @ 617000000 Finished 878617 instructions 
Clk@ 617980851 Working on the # 880000 th memory instruction
Clk3 @ 618000000 Finished 880024 instructions 
Sampling stash size at 881000 req has stash size of: 34
Clk7 @ 619000000 Finished 881465 instructions 
Clk7 @ 620000000 Finished 882904 instructions 
Sampling stash size at 884000 req has stash size of: 33
Clk3 @ 621000000 Finished 884353 instructions 
Clk7 @ 622000000 Finished 885712 instructions 
Sampling stash size at 887000 req has stash size of: 35
Clk3 @ 623000000 Finished 887142 instructions 
Clk3 @ 624000000 Finished 888577 instructions 
Clk3 @ 625000000 Finished 889980 instructions 
Clk7 @ 625000000 Finished 889980 instructions 
Clk@ 625013249 Working on the # 890000 th memory instruction
Sampling stash size at 890000 req has stash size of: 34
Clk3 @ 626000000 Finished 891430 instructions 
Clk7 @ 627000000 Finished 892855 instructions 
Sampling stash size at 893000 req has stash size of: 46
Clk3 @ 628000000 Finished 894301 instructions 
Clk3 @ 629000000 Finished 895705 instructions 
Sampling stash size at 896000 req has stash size of: 27
Clk7 @ 630000000 Finished 897156 instructions 
Clk3 @ 631000000 Finished 898606 instructions 
Sampling stash size at 899000 req has stash size of: 29
Clk7 @ 632000000 Finished 899981 instructions 
Clk@ 632013700 Working on the # 900000 th memory instruction
Clk7 @ 633000000 Finished 901415 instructions 
Sampling stash size at 902000 req has stash size of: 29
Clk3 @ 634000000 Finished 902857 instructions 
Clk3 @ 635000000 Finished 904312 instructions 
Sampling stash size at 905000 req has stash size of: 41
Clk3 @ 636000000 Finished 905737 instructions 
Clk7 @ 637000000 Finished 907022 instructions 
Sampling stash size at 908000 req has stash size of: 40
Clk3 @ 638000000 Finished 908438 instructions 
Clk7 @ 639000000 Finished 909880 instructions 
Clk@ 639080066 Working on the # 910000 th memory instruction
Sampling stash size at 911000 req has stash size of: 40
Clk7 @ 640000000 Finished 911323 instructions 
Clk3 @ 641000000 Finished 912760 instructions 
Sampling stash size at 914000 req has stash size of: 25
Clk3 @ 642000000 Finished 914200 instructions 
Clk3 @ 643000000 Finished 915595 instructions 
Sampling stash size at 917000 req has stash size of: 35
Clk3 @ 644000000 Finished 917037 instructions 
Clk3 @ 645000000 Finished 918322 instructions 
Clk3 @ 646000000 Finished 919765 instructions 
Clk@ 646158652 Working on the # 920000 th memory instruction
Sampling stash size at 920000 req has stash size of: 38
Clk3 @ 647000000 Finished 921187 instructions 
Clk3 @ 648000000 Finished 922642 instructions 
Sampling stash size at 923000 req has stash size of: 33
Clk3 @ 649000000 Finished 924061 instructions 
Clk3 @ 650000000 Finished 925510 instructions 
Sampling stash size at 926000 req has stash size of: 34
Clk3 @ 651000000 Finished 926938 instructions 
Clk7 @ 652000000 Finished 928351 instructions 
Sampling stash size at 929000 req has stash size of: 34
Clk7 @ 653000000 Finished 929719 instructions 
Clk@ 653198954 Working on the # 930000 th memory instruction
Clk3 @ 654000000 Finished 931163 instructions 
Sampling stash size at 932000 req has stash size of: 36
Clk3 @ 655000000 Finished 932596 instructions 
Clk3 @ 656000000 Finished 934007 instructions 
Sampling stash size at 935000 req has stash size of: 38
Clk7 @ 657000000 Finished 935458 instructions 
Clk3 @ 658000000 Finished 936905 instructions 
Sampling stash size at 938000 req has stash size of: 26
Clk7 @ 659000000 Finished 938344 instructions 
Clk3 @ 660000000 Finished 939697 instructions 
Clk@ 660207760 Working on the # 940000 th memory instruction
Sampling stash size at 941000 req has stash size of: 36
Clk3 @ 661000000 Finished 941137 instructions 
Clk3 @ 662000000 Finished 942568 instructions 
Sampling stash size at 944000 req has stash size of: 29
Clk3 @ 663000000 Finished 944014 instructions 
Clk3 @ 664000000 Finished 945407 instructions 
Clk3 @ 665000000 Finished 946851 instructions 
Sampling stash size at 947000 req has stash size of: 29
Clk7 @ 666000000 Finished 948307 instructions 
Clk7 @ 667000000 Finished 949720 instructions 
Clk@ 667199467 Working on the # 950000 th memory instruction
Sampling stash size at 950000 req has stash size of: 32
Clk3 @ 668000000 Finished 951055 instructions 
Clk7 @ 669000000 Finished 952492 instructions 
Sampling stash size at 953000 req has stash size of: 34
Clk3 @ 670000000 Finished 953923 instructions 
Clk7 @ 671000000 Finished 955360 instructions 
Sampling stash size at 956000 req has stash size of: 29
Clk3 @ 672000000 Finished 956782 instructions 
Clk7 @ 673000000 Finished 958208 instructions 
Sampling stash size at 959000 req has stash size of: 39
Clk3 @ 674000000 Finished 959556 instructions 
Clk@ 674323531 Working on the # 960000 th memory instruction
Clk3 @ 675000000 Finished 960847 instructions 
Sampling stash size at 962000 req has stash size of: 35
Clk3 @ 676000000 Finished 962050 instructions 
Clk3 @ 677000000 Finished 963445 instructions 
Clk7 @ 678000000 Finished 964791 instructions 
Sampling stash size at 965000 req has stash size of: 31
Clk7 @ 679000000 Finished 966215 instructions 
Clk7 @ 680000000 Finished 967573 instructions 
Sampling stash size at 968000 req has stash size of: 31
Clk7 @ 681000000 Finished 968993 instructions 
Clk@ 681710915 Working on the # 970000 th memory instruction
Clk7 @ 682000000 Finished 970411 instructions 
Sampling stash size at 971000 req has stash size of: 39
Clk3 @ 683000000 Finished 971844 instructions 
Clk7 @ 684000000 Finished 973228 instructions 
Sampling stash size at 974000 req has stash size of: 38
Clk7 @ 685000000 Finished 974636 instructions 
Clk3 @ 686000000 Finished 976063 instructions 
Sampling stash size at 977000 req has stash size of: 34
Clk7 @ 687000000 Finished 977505 instructions 
Clk3 @ 688000000 Finished 978925 instructions 
Clk@ 688747052 Working on the # 980000 th memory instruction
Sampling stash size at 980000 req has stash size of: 27
Clk3 @ 689000000 Finished 980353 instructions 
Clk3 @ 690000000 Finished 981809 instructions 
Sampling stash size at 983000 req has stash size of: 39
Clk7 @ 691000000 Finished 983149 instructions 
Clk7 @ 692000000 Finished 984545 instructions 
Clk7 @ 693000000 Finished 985987 instructions 
Sampling stash size at 986000 req has stash size of: 34
Clk7 @ 694000000 Finished 987422 instructions 
Clk3 @ 695000000 Finished 988852 instructions 
Sampling stash size at 989000 req has stash size of: 30
Clk@ 695792679 Working on the # 990000 th memory instruction
Clk3 @ 696000000 Finished 990307 instructions 
Clk3 @ 697000000 Finished 991713 instructions 
Sampling stash size at 992000 req has stash size of: 33
Clk3 @ 698000000 Finished 993112 instructions 
Clk7 @ 699000000 Finished 994522 instructions 
Sampling stash size at 995000 req has stash size of: 32
Clk3 @ 700000000 Finished 995964 instructions 
Clk3 @ 701000000 Finished 997408 instructions 
Sampling stash size at 998000 req has stash size of: 25
Clk7 @ 702000000 Finished 998786 instructions 
Clk@ 702856109 Working on the # 1000000 th memory instruction

===*** Data ***====
Stall reason distribution: 
mc_hazard: 0
normal: 0
rs_hazard: 0
rw_swtich: 0
Early reshuffle distribution: 
0: 0
1: 0
2: 0
3: 0
4: 0
5: 0
6: 0
7: 0
8: 13879
9: 62657
10: 62996
11: 62584
12: 62620
13: 61890
14: 61402
15: 59644
16: 56663
17: 50060
18: 37381
19: 15041
20: 2496
21: 248
22: 16
23: 1
24: 0
25: 0
26: 0
=================
Max stash size is: 62
Average stash size is: 13.2502
useful_read_pull_ddr: 500005 (0.918034) %
dummy_read_pull_ddr: 8609752 (15.8079) %
useful_early_pull_ddr: 1293661 (2.37523) %
useful_early_push_ddr: 428004 (0.785836) %
useful_write_pull_ddr: 12024313 (22.0772) %
useful_write_push_ddr: 3588026 (6.58779) %
dummy_early_pull_ddr: 387984 (0.712358) %
dummy_early_push_ddr: 2598957 (4.77181) %
dummy_write_pull_ddr: 121691 (0.223431) %
dummy_write_push_ddr: 24912373 (45.7403) %
=================
Stash violation number of times: 0
=================
Check NodeID traffic: 9748820
Update NodeID traffic: 186
=================
Read RS lines: 1000000 (34.6522) %
Write RS lines: 666666 (23.1014) %
Early RS lines: 1219156 (42.2464) %
Read DDR lines: 18219545 (17.2368) %
Write DDR lines: 78947830 (74.6894) %
Early DDR lines: 8534092 (8.07377) %

====*** pos1 ***====
Stall reason distribution: 
mc_hazard: 0
normal: 0
rs_hazard: 0
rw_swtich: 0
Early reshuffle distribution: 
0: 0
1: 0
2: 0
3: 0
4: 0
5: 13454
6: 62320
7: 62615
8: 62717
9: 62904
10: 62833
11: 62829
12: 62464
13: 62247
14: 61306
15: 59604
16: 56375
17: 49795
18: 37080
19: 14710
20: 2504
21: 246
22: 21
23: 2
=================
Max stash size is: 39
Average stash size is: 3.72534
useful_read_pull_ddr: 186687 (0.168712) %
dummy_read_pull_ddr: 18031780 (16.2956) %
useful_early_pull_ddr: 3160589 (2.85627) %
useful_early_push_ddr: 178643 (0.161442) %
useful_write_pull_ddr: 24234615 (21.9012) %
useful_write_push_ddr: 2494158 (2.25401) %
dummy_early_pull_ddr: 819541 (0.740631) %
dummy_early_push_ddr: 6985591 (6.31298) %
dummy_write_pull_ddr: 57025 (0.0515343) %
dummy_write_push_ddr: 54505785 (49.2577) %
=================
Stash violation number of times: 0
=================
Check NodeID traffic: 15063643
Update NodeID traffic: 71
=================
Read RS lines: 1000000 (30.6869) %
Write RS lines: 666666 (20.4579) %
Early RS lines: 1592052 (48.8552) %
Read DDR lines: 18218467 (16.8206) %
Write DDR lines: 78947830 (72.8902) %
Early DDR lines: 11144364 (10.2893) %

====*** pos2 ***====
Stall reason distribution: 
mc_hazard: 0
normal: 0
rs_hazard: 0
rw_swtich: 0
Early reshuffle distribution: 
0: 0
1: 0
2: 0
3: 0
4: 11284
5: 61751
6: 62125
7: 62738
8: 62647
9: 62795
10: 62687
11: 62746
12: 62584
13: 62033
14: 61412
15: 59572
16: 56175
17: 49901
18: 37406
19: 14859
20: 2574
=================
Max stash size is: 31
Average stash size is: 2.5119
useful_read_pull_ddr: 80226 (0.0773305) %
dummy_read_pull_ddr: 16106819 (15.5255) %
useful_early_pull_ddr: 3400925 (3.27818) %
useful_early_push_ddr: 55045 (0.0530583) %
useful_write_pull_ddr: 21536006 (20.7587) %
useful_write_push_ddr: 1734575 (1.67197) %
dummy_early_pull_ddr: 875520 (0.843921) %
dummy_early_push_ddr: 7642556 (7.36672) %
dummy_write_pull_ddr: 47302 (0.0455948) %
dummy_write_push_ddr: 52265371 (50.379) %
=================
Stash violation number of times: 0
=================
Check NodeID traffic: 10492754
Update NodeID traffic: 34
=================
Read RS lines: 1000000 (29.6099) %
Write RS lines: 666666 (19.7399) %
Early RS lines: 1710578 (50.6501) %
Read DDR lines: 16187045 (16.4658) %
Write DDR lines: 70145751 (71.3539) %
Early DDR lines: 11974046 (12.1803) %
=================
The final DRAM clk is: 702860922 ticks.
Idle waiting clk is 335324959, which is 47.7086 %
DRAM Frequency is: 1600MHz
The final time in ns is: 4.39288e+08 ns.
Time distribution: 
Data pull time is: 0
data: 0
pos1: 0
pos2: 0
Data distribution: 
Pos2 data: 98306842
Pos1 data: 108310661
Data: 105701467
Node access DDR: 19497640
Pull DDR: 18219545
WB DDR: 78947830
Early DDR: 8534092
Achieved BW is: 52.0655 GB/s
Ideal BW is: 102.4 GB/s
Metadata cache conclusion: 
overall_hit: 26114161 overall_total: 45609560
Cache Size 64 KB Overall Hit rate: 57.2559 %. 
Simulation done. Statistics written to my_output.txt
