Valid leaf ID range: 67108863:134217726
Num of top nodes: 67108864
Data level num of ways: 67108864
cached_total: 1
cached_total: 3
cached_total: 7
cached_total: 15
cached_total: 31
cached_total: 63
cached_total: 127
cached_total: 255
cached_total: 511
Total number of ORAM protected cache line blocks: 67108864
Cached number of levels: 8
Max number of levels: 27
Start lvl is: 0
data valid leaf right: 134217727
data num of levels: 27
data level num of ways: 67108864
data number of sets: 1
Cached node ID: 0 -- 455
Address space: 0 - 4 GB
pos1 valid leaf right: 16777215
pos1 num of levels: 24
pos1 level num of ways: 8388608
pos1 number of sets: 1
Cached node ID: 0 -- 56
Address space: 0 - 0.5 GB
pos2 valid leaf right: 2097151
pos2 num of levels: 21
pos2 level num of ways: 1048576
pos2 number of sets: 1
Cached node ID: 0 -- 28
Address space: 0 - 0.0625 GB
Clk3 @ 1000000 Finished 1156 instructions 
Sampling stash size at 2000 req has stash size of: 22
Clk3 @ 2000000 Finished 2559 instructions 
Clk7 @ 3000000 Finished 3989 instructions 
Sampling stash size at 5000 req has stash size of: 26
Clk3 @ 4000000 Finished 5449 instructions 
Sampling stash size at 8000 req has stash size of: 20
Clk3 @ 6000000 Finished 8338 instructions 
Clk3 @ 7000000 Finished 9815 instructions 
Clk@ 7120935 Working on the # 10000 th memory instruction
Sampling stash size at 11000 req has stash size of: 25
Clk7 @ 8000000 Finished 11269 instructions 
Clk3 @ 9000000 Finished 12718 instructions 
Sampling stash size at 14000 req has stash size of: 21
Clk3 @ 10000000 Finished 14212 instructions 
Clk3 @ 11000000 Finished 15607 instructions 
Sampling stash size at 17000 req has stash size of: 25
Clk7 @ 12000000 Finished 17077 instructions 
Clk3 @ 13000000 Finished 18530 instructions 
Clk7 @ 14000000 Finished 19999 instructions 
Clk@ 14001222 Working on the # 20000 th memory instruction
Sampling stash size at 20000 req has stash size of: 38
Clk7 @ 15000000 Finished 21462 instructions 
Clk7 @ 16000000 Finished 22888 instructions 
Sampling stash size at 23000 req has stash size of: 27
Clk7 @ 17000000 Finished 24358 instructions 
Clk3 @ 18000000 Finished 25801 instructions 
Sampling stash size at 26000 req has stash size of: 27
Clk3 @ 19000000 Finished 27292 instructions 
Clk3 @ 20000000 Finished 28764 instructions 
Sampling stash size at 29000 req has stash size of: 23
Clk@ 20848139 Working on the # 30000 th memory instruction
Clk3 @ 21000000 Finished 30136 instructions 
Clk3 @ 22000000 Finished 31549 instructions 
Sampling stash size at 32000 req has stash size of: 29
Clk3 @ 23000000 Finished 32995 instructions 
Clk3 @ 24000000 Finished 34489 instructions 
Sampling stash size at 35000 req has stash size of: 29
Clk3 @ 25000000 Finished 35932 instructions 
Clk7 @ 26000000 Finished 37399 instructions 
Sampling stash size at 38000 req has stash size of: 29
Clk3 @ 27000000 Finished 38842 instructions 
Clk@ 27781776 Working on the # 40000 th memory instruction
Clk3 @ 28000000 Finished 40328 instructions 
Sampling stash size at 41000 req has stash size of: 29
Clk3 @ 29000000 Finished 41755 instructions 
Clk7 @ 30000000 Finished 43231 instructions 
Sampling stash size at 44000 req has stash size of: 24
Clk7 @ 31000000 Finished 44644 instructions 
Clk3 @ 32000000 Finished 46105 instructions 
Sampling stash size at 47000 req has stash size of: 32
Clk7 @ 33000000 Finished 47559 instructions 
Clk3 @ 34000000 Finished 49021 instructions 
Clk@ 34725673 Working on the # 50000 th memory instruction
Sampling stash size at 50000 req has stash size of: 21
Clk7 @ 35000000 Finished 50405 instructions 
Clk3 @ 36000000 Finished 51880 instructions 
Sampling stash size at 53000 req has stash size of: 27
Clk3 @ 37000000 Finished 53356 instructions 
Clk3 @ 38000000 Finished 54811 instructions 
Sampling stash size at 56000 req has stash size of: 29
Clk3 @ 39000000 Finished 56297 instructions 
Clk7 @ 40000000 Finished 57745 instructions 
Sampling stash size at 59000 req has stash size of: 28
Clk3 @ 41000000 Finished 59223 instructions 
Clk7 @ 41000000 Finished 59223 instructions 
Clk@ 41565070 Working on the # 60000 th memory instruction
Clk7 @ 42000000 Finished 60478 instructions 
Clk3 @ 43000000 Finished 61889 instructions 
Sampling stash size at 62000 req has stash size of: 31
Clk7 @ 44000000 Finished 63366 instructions 
Clk3 @ 45000000 Finished 64824 instructions 
Sampling stash size at 65000 req has stash size of: 31
Clk7 @ 46000000 Finished 66235 instructions 
Clk7 @ 47000000 Finished 67706 instructions 
Sampling stash size at 68000 req has stash size of: 33
Clk7 @ 48000000 Finished 69175 instructions 
Clk@ 48564376 Working on the # 70000 th memory instruction
Clk3 @ 49000000 Finished 70624 instructions 
Sampling stash size at 71000 req has stash size of: 35
Clk3 @ 50000000 Finished 72040 instructions 
Clk3 @ 51000000 Finished 73512 instructions 
Sampling stash size at 74000 req has stash size of: 26
Clk3 @ 52000000 Finished 74958 instructions 
Clk7 @ 53000000 Finished 76437 instructions 
Sampling stash size at 77000 req has stash size of: 29
Clk7 @ 54000000 Finished 77830 instructions 
Clk3 @ 55000000 Finished 79273 instructions 
Clk@ 55491959 Working on the # 80000 th memory instruction
Sampling stash size at 80000 req has stash size of: 40
Clk3 @ 56000000 Finished 80758 instructions 
Clk7 @ 57000000 Finished 82136 instructions 
Sampling stash size at 83000 req has stash size of: 26
Clk7 @ 58000000 Finished 83599 instructions 
Clk3 @ 59000000 Finished 85053 instructions 
Sampling stash size at 86000 req has stash size of: 35
Clk3 @ 60000000 Finished 86515 instructions 
Clk7 @ 61000000 Finished 87862 instructions 
Sampling stash size at 89000 req has stash size of: 30
Clk7 @ 62000000 Finished 89329 instructions 
Clk@ 62446446 Working on the # 90000 th memory instruction
Clk7 @ 63000000 Finished 90784 instructions 
Sampling stash size at 92000 req has stash size of: 37
Clk3 @ 64000000 Finished 92224 instructions 
Clk7 @ 65000000 Finished 93655 instructions 
Sampling stash size at 95000 req has stash size of: 33
Clk3 @ 66000000 Finished 95137 instructions 
Clk7 @ 67000000 Finished 96589 instructions 
Sampling stash size at 98000 req has stash size of: 34
Clk7 @ 68000000 Finished 98013 instructions 
Clk3 @ 69000000 Finished 99334 instructions 
Clk@ 69457184 Working on the # 100000 th memory instruction
Clk7 @ 70000000 Finished 100796 instructions 
Sampling stash size at 101000 req has stash size of: 31
Clk3 @ 71000000 Finished 102265 instructions 
Clk7 @ 72000000 Finished 103721 instructions 
Sampling stash size at 104000 req has stash size of: 34
Clk7 @ 73000000 Finished 105196 instructions 
Clk3 @ 74000000 Finished 106630 instructions 
Sampling stash size at 107000 req has stash size of: 36
Clk7 @ 75000000 Finished 108116 instructions 
Clk7 @ 76000000 Finished 109519 instructions 
Clk@ 76324129 Working on the # 110000 th memory instruction
Sampling stash size at 110000 req has stash size of: 31
Clk3 @ 77000000 Finished 110995 instructions 
Clk3 @ 78000000 Finished 112465 instructions 
Sampling stash size at 113000 req has stash size of: 36
Clk3 @ 79000000 Finished 113888 instructions 
Clk3 @ 80000000 Finished 115342 instructions 
Sampling stash size at 116000 req has stash size of: 29
Clk7 @ 81000000 Finished 116792 instructions 
Clk3 @ 82000000 Finished 118256 instructions 
Sampling stash size at 119000 req has stash size of: 35
Clk3 @ 83000000 Finished 119692 instructions 
Clk@ 83249841 Working on the # 120000 th memory instruction
Clk3 @ 84000000 Finished 120853 instructions 
Sampling stash size at 122000 req has stash size of: 31
Clk7 @ 85000000 Finished 122242 instructions 
Clk7 @ 86000000 Finished 123679 instructions 
Sampling stash size at 125000 req has stash size of: 31
Clk3 @ 87000000 Finished 125143 instructions 
Clk3 @ 88000000 Finished 126622 instructions 
Sampling stash size at 128000 req has stash size of: 30
Clk7 @ 89000000 Finished 128084 instructions 
Clk3 @ 90000000 Finished 129508 instructions 
Clk@ 90332519 Working on the # 130000 th memory instruction
Clk7 @ 91000000 Finished 130960 instructions 
Sampling stash size at 131000 req has stash size of: 31
Clk3 @ 92000000 Finished 132328 instructions 
Clk3 @ 93000000 Finished 133792 instructions 
Sampling stash size at 134000 req has stash size of: 45
Clk7 @ 94000000 Finished 135239 instructions 
Clk3 @ 95000000 Finished 136703 instructions 
Sampling stash size at 137000 req has stash size of: 29
Clk7 @ 96000000 Finished 138163 instructions 
Clk3 @ 97000000 Finished 139611 instructions 
Clk@ 97264942 Working on the # 140000 th memory instruction
Sampling stash size at 140000 req has stash size of: 35
Clk3 @ 99000000 Finished 142420 instructions 
Sampling stash size at 143000 req has stash size of: 21
Clk3 @ 100000000 Finished 143876 instructions 
Clk3 @ 101000000 Finished 145307 instructions 
Sampling stash size at 146000 req has stash size of: 32
Clk7 @ 102000000 Finished 146773 instructions 
Clk3 @ 103000000 Finished 148170 instructions 
Sampling stash size at 149000 req has stash size of: 35
Clk3 @ 104000000 Finished 149647 instructions 
Clk@ 104249112 Working on the # 150000 th memory instruction
Clk7 @ 105000000 Finished 151113 instructions 
Sampling stash size at 152000 req has stash size of: 21
Clk3 @ 106000000 Finished 152576 instructions 
Clk3 @ 107000000 Finished 153935 instructions 
Sampling stash size at 155000 req has stash size of: 37
Clk3 @ 108000000 Finished 155356 instructions 
Clk7 @ 109000000 Finished 156805 instructions 
Sampling stash size at 158000 req has stash size of: 28
Clk3 @ 110000000 Finished 158266 instructions 
Clk3 @ 111000000 Finished 159675 instructions 
Clk@ 111233666 Working on the # 160000 th memory instruction
Sampling stash size at 161000 req has stash size of: 25
Clk3 @ 112000000 Finished 161131 instructions 
Clk7 @ 113000000 Finished 162580 instructions 
Clk3 @ 114000000 Finished 163927 instructions 
Sampling stash size at 164000 req has stash size of: 27
Clk7 @ 115000000 Finished 165346 instructions 
Clk7 @ 116000000 Finished 166796 instructions 
Sampling stash size at 167000 req has stash size of: 32
Clk3 @ 117000000 Finished 168271 instructions 
Clk7 @ 118000000 Finished 169715 instructions 
Clk@ 118196602 Working on the # 170000 th memory instruction
Sampling stash size at 170000 req has stash size of: 40
Clk3 @ 119000000 Finished 171155 instructions 
Clk7 @ 120000000 Finished 172612 instructions 
Sampling stash size at 173000 req has stash size of: 21
Clk3 @ 121000000 Finished 174076 instructions 
Clk7 @ 122000000 Finished 175375 instructions 
Sampling stash size at 176000 req has stash size of: 33
Clk7 @ 123000000 Finished 176833 instructions 
Clk3 @ 124000000 Finished 178279 instructions 
Sampling stash size at 179000 req has stash size of: 29
Clk7 @ 125000000 Finished 179752 instructions 
Clk@ 125163422 Working on the # 180000 th memory instruction
Clk3 @ 126000000 Finished 181171 instructions 
Sampling stash size at 182000 req has stash size of: 30
Clk3 @ 127000000 Finished 182597 instructions 
Clk7 @ 128000000 Finished 184059 instructions 
Sampling stash size at 185000 req has stash size of: 33
Clk7 @ 129000000 Finished 185509 instructions 
Clk3 @ 130000000 Finished 186884 instructions 
Sampling stash size at 188000 req has stash size of: 21
Clk7 @ 131000000 Finished 188341 instructions 
Clk3 @ 132000000 Finished 189778 instructions 
Clk@ 132152689 Working on the # 190000 th memory instruction
Sampling stash size at 191000 req has stash size of: 23
Clk7 @ 133000000 Finished 191219 instructions 
Clk3 @ 134000000 Finished 192662 instructions 
Sampling stash size at 194000 req has stash size of: 32
Clk3 @ 135000000 Finished 194095 instructions 
Clk7 @ 136000000 Finished 195527 instructions 
Clk3 @ 137000000 Finished 196831 instructions 
Sampling stash size at 197000 req has stash size of: 30
Clk7 @ 138000000 Finished 198244 instructions 
Clk3 @ 139000000 Finished 199693 instructions 
Clk@ 139219314 Working on the # 200000 th memory instruction
Sampling stash size at 200000 req has stash size of: 45
Clk7 @ 140000000 Finished 201125 instructions 
Clk7 @ 141000000 Finished 202582 instructions 
Sampling stash size at 203000 req has stash size of: 15
Clk3 @ 142000000 Finished 204049 instructions 
Clk7 @ 143000000 Finished 205456 instructions 
Sampling stash size at 206000 req has stash size of: 35
Clk3 @ 144000000 Finished 206908 instructions 
Clk7 @ 145000000 Finished 208345 instructions 
Sampling stash size at 209000 req has stash size of: 38
Clk7 @ 146000000 Finished 209807 instructions 
Clk@ 146130651 Working on the # 210000 th memory instruction
Clk7 @ 147000000 Finished 211270 instructions 
Sampling stash size at 212000 req has stash size of: 43
Clk7 @ 148000000 Finished 212674 instructions 
Clk7 @ 149000000 Finished 214126 instructions 
Sampling stash size at 215000 req has stash size of: 31
Clk3 @ 150000000 Finished 215574 instructions 
Clk7 @ 150000000 Finished 215574 instructions 
Clk3 @ 151000000 Finished 217045 instructions 
Sampling stash size at 218000 req has stash size of: 31
Clk3 @ 152000000 Finished 218433 instructions 
Clk7 @ 153000000 Finished 219827 instructions 
Clk@ 153119211 Working on the # 220000 th memory instruction
Sampling stash size at 221000 req has stash size of: 31
Clk3 @ 154000000 Finished 221278 instructions 
Clk7 @ 155000000 Finished 222733 instructions 
Sampling stash size at 224000 req has stash size of: 35
Clk7 @ 156000000 Finished 224195 instructions 
Sampling stash size at 227000 req has stash size of: 35
Clk7 @ 158000000 Finished 227050 instructions 
Clk3 @ 159000000 Finished 228529 instructions 
Clk3 @ 160000000 Finished 229933 instructions 
Clk@ 160042627 Working on the # 230000 th memory instruction
Sampling stash size at 230000 req has stash size of: 29
Clk3 @ 161000000 Finished 231410 instructions 
Clk7 @ 162000000 Finished 232832 instructions 
Sampling stash size at 233000 req has stash size of: 33
Clk3 @ 163000000 Finished 234299 instructions 
Clk3 @ 164000000 Finished 235738 instructions 
Sampling stash size at 236000 req has stash size of: 29
Clk7 @ 165000000 Finished 237193 instructions 
Clk3 @ 166000000 Finished 238591 instructions 
Sampling stash size at 239000 req has stash size of: 45
Clk7 @ 167000000 Finished 239943 instructions 
Clk@ 167049946 Working on the # 240000 th memory instruction
Clk3 @ 168000000 Finished 241069 instructions 
Sampling stash size at 242000 req has stash size of: 30
Clk3 @ 169000000 Finished 242401 instructions 
Clk7 @ 170000000 Finished 243769 instructions 
Sampling stash size at 245000 req has stash size of: 26
Clk3 @ 171000000 Finished 245190 instructions 
Clk7 @ 172000000 Finished 246581 instructions 
Sampling stash size at 248000 req has stash size of: 30
Clk7 @ 173000000 Finished 248026 instructions 
Clk3 @ 174000000 Finished 249505 instructions 
Clk@ 174357648 Working on the # 250000 th memory instruction
Clk7 @ 175000000 Finished 250933 instructions 
Sampling stash size at 251000 req has stash size of: 26
Clk3 @ 176000000 Finished 252372 instructions 
Clk3 @ 177000000 Finished 253831 instructions 
Sampling stash size at 254000 req has stash size of: 37
Clk3 @ 178000000 Finished 255286 instructions 
Clk7 @ 179000000 Finished 256686 instructions 
Sampling stash size at 257000 req has stash size of: 37
Clk3 @ 180000000 Finished 258091 instructions 
Clk3 @ 181000000 Finished 259555 instructions 
Clk@ 181304532 Working on the # 260000 th memory instruction
Sampling stash size at 260000 req has stash size of: 24
Clk3 @ 182000000 Finished 260995 instructions 
Clk7 @ 183000000 Finished 262318 instructions 
Sampling stash size at 263000 req has stash size of: 41
Clk3 @ 184000000 Finished 263743 instructions 
Clk3 @ 185000000 Finished 265197 instructions 
Sampling stash size at 266000 req has stash size of: 42
Clk3 @ 186000000 Finished 266648 instructions 
Clk7 @ 187000000 Finished 268060 instructions 
Sampling stash size at 269000 req has stash size of: 35
Clk3 @ 188000000 Finished 269525 instructions 
Clk@ 188318859 Working on the # 270000 th memory instruction
Clk7 @ 189000000 Finished 270977 instructions 
Sampling stash size at 272000 req has stash size of: 39
Clk7 @ 190000000 Finished 272452 instructions 
Clk3 @ 191000000 Finished 273868 instructions 
Sampling stash size at 275000 req has stash size of: 26
Clk7 @ 192000000 Finished 275338 instructions 
Clk7 @ 193000000 Finished 276776 instructions 
Sampling stash size at 278000 req has stash size of: 23
Clk7 @ 194000000 Finished 278236 instructions 
Clk3 @ 195000000 Finished 279640 instructions 
Clk@ 195254169 Working on the # 280000 th memory instruction
Sampling stash size at 281000 req has stash size of: 27
Clk7 @ 196000000 Finished 281098 instructions 
Clk3 @ 197000000 Finished 282500 instructions 
Clk3 @ 198000000 Finished 283896 instructions 
Sampling stash size at 284000 req has stash size of: 35
Clk7 @ 199000000 Finished 285244 instructions 
Clk7 @ 200000000 Finished 286681 instructions 
Sampling stash size at 287000 req has stash size of: 34
Clk7 @ 201000000 Finished 288106 instructions 
Clk7 @ 202000000 Finished 289541 instructions 
Clk@ 202317535 Working on the # 290000 th memory instruction
Sampling stash size at 290000 req has stash size of: 42
Clk3 @ 203000000 Finished 290962 instructions 
Clk3 @ 204000000 Finished 292420 instructions 
Sampling stash size at 293000 req has stash size of: 33
Clk3 @ 205000000 Finished 293883 instructions 
Clk7 @ 206000000 Finished 295240 instructions 
Sampling stash size at 296000 req has stash size of: 32
Clk3 @ 207000000 Finished 296705 instructions 
Clk3 @ 208000000 Finished 298159 instructions 
Sampling stash size at 299000 req has stash size of: 28
Clk3 @ 209000000 Finished 299602 instructions 
Clk@ 209273932 Working on the # 300000 th memory instruction
Clk3 @ 210000000 Finished 301047 instructions 
Sampling stash size at 302000 req has stash size of: 30
Clk3 @ 211000000 Finished 302494 instructions 
Clk3 @ 212000000 Finished 303937 instructions 
Sampling stash size at 305000 req has stash size of: 37
Clk7 @ 213000000 Finished 305401 instructions 
Clk3 @ 214000000 Finished 306747 instructions 
Sampling stash size at 308000 req has stash size of: 39
Clk3 @ 215000000 Finished 308134 instructions 
Clk3 @ 216000000 Finished 309580 instructions 
Clk@ 216311402 Working on the # 310000 th memory instruction
Clk7 @ 217000000 Finished 311008 instructions 
Sampling stash size at 311000 req has stash size of: 35
Clk7 @ 218000000 Finished 312437 instructions 
Clk3 @ 219000000 Finished 313894 instructions 
Sampling stash size at 314000 req has stash size of: 49
Clk7 @ 220000000 Finished 315340 instructions 
Clk7 @ 221000000 Finished 316738 instructions 
Sampling stash size at 317000 req has stash size of: 46
Clk3 @ 222000000 Finished 318138 instructions 
Clk7 @ 223000000 Finished 319581 instructions 
Clk@ 223288331 Working on the # 320000 th memory instruction
Sampling stash size at 320000 req has stash size of: 28
Clk3 @ 224000000 Finished 321049 instructions 
Clk3 @ 225000000 Finished 322489 instructions 
Sampling stash size at 323000 req has stash size of: 41
Clk3 @ 226000000 Finished 323946 instructions 
Clk7 @ 227000000 Finished 325360 instructions 
Sampling stash size at 326000 req has stash size of: 27
Clk7 @ 228000000 Finished 326823 instructions 
Clk3 @ 229000000 Finished 328039 instructions 
Sampling stash size at 329000 req has stash size of: 37
Clk3 @ 230000000 Finished 329462 instructions 
Clk@ 230367793 Working on the # 330000 th memory instruction
Clk3 @ 231000000 Finished 330891 instructions 
Sampling stash size at 332000 req has stash size of: 36
Clk7 @ 232000000 Finished 332360 instructions 
Clk3 @ 233000000 Finished 333777 instructions 
Sampling stash size at 335000 req has stash size of: 30
Clk3 @ 234000000 Finished 335230 instructions 
Clk3 @ 235000000 Finished 336661 instructions 
Sampling stash size at 338000 req has stash size of: 30
Clk7 @ 236000000 Finished 338113 instructions 
Clk7 @ 237000000 Finished 339522 instructions 
Clk@ 237336216 Working on the # 340000 th memory instruction
Clk7 @ 238000000 Finished 340949 instructions 
Sampling stash size at 341000 req has stash size of: 35
Clk7 @ 239000000 Finished 342371 instructions 
Clk3 @ 240000000 Finished 343845 instructions 
Clk7 @ 240000000 Finished 343846 instructions 
Sampling stash size at 344000 req has stash size of: 42
Clk3 @ 241000000 Finished 345247 instructions 
Clk7 @ 242000000 Finished 346700 instructions 
Sampling stash size at 347000 req has stash size of: 39
Clk3 @ 243000000 Finished 348133 instructions 
Clk3 @ 244000000 Finished 349498 instructions 
Clk@ 244451473 Working on the # 350000 th memory instruction
Sampling stash size at 350000 req has stash size of: 26
Clk3 @ 245000000 Finished 350765 instructions 
Clk7 @ 246000000 Finished 352219 instructions 
Sampling stash size at 353000 req has stash size of: 28
Clk7 @ 248000000 Finished 355061 instructions 
Sampling stash size at 356000 req has stash size of: 28
Clk7 @ 249000000 Finished 356513 instructions 
Clk7 @ 250000000 Finished 357961 instructions 
Sampling stash size at 359000 req has stash size of: 27
Clk7 @ 251000000 Finished 359416 instructions 
Clk@ 251399388 Working on the # 360000 th memory instruction
Clk7 @ 252000000 Finished 360779 instructions 
Sampling stash size at 362000 req has stash size of: 33
Clk3 @ 253000000 Finished 362230 instructions 
Clk3 @ 254000000 Finished 363657 instructions 
Sampling stash size at 365000 req has stash size of: 31
Clk7 @ 255000000 Finished 365104 instructions 
Clk3 @ 256000000 Finished 366538 instructions 
Clk7 @ 257000000 Finished 367978 instructions 
Sampling stash size at 368000 req has stash size of: 28
Clk3 @ 258000000 Finished 369419 instructions 
Clk@ 258394408 Working on the # 370000 th memory instruction
Clk3 @ 259000000 Finished 370870 instructions 
Sampling stash size at 371000 req has stash size of: 37
Clk3 @ 260000000 Finished 372163 instructions 
Clk7 @ 261000000 Finished 373613 instructions 
Sampling stash size at 374000 req has stash size of: 37
Clk3 @ 262000000 Finished 375039 instructions 
Clk3 @ 263000000 Finished 376496 instructions 
Sampling stash size at 377000 req has stash size of: 38
Clk3 @ 264000000 Finished 377908 instructions 
Clk7 @ 265000000 Finished 379339 instructions 
Clk@ 265460909 Working on the # 380000 th memory instruction
Sampling stash size at 380000 req has stash size of: 33
Clk7 @ 266000000 Finished 380786 instructions 
Clk3 @ 267000000 Finished 382228 instructions 
Sampling stash size at 383000 req has stash size of: 37
Clk3 @ 268000000 Finished 383635 instructions 
Clk3 @ 269000000 Finished 385042 instructions 
Sampling stash size at 386000 req has stash size of: 36
Clk3 @ 270000000 Finished 386488 instructions 
Clk3 @ 271000000 Finished 387919 instructions 
Sampling stash size at 389000 req has stash size of: 35
Clk3 @ 272000000 Finished 389374 instructions 
Clk@ 272442151 Working on the # 390000 th memory instruction
Clk7 @ 273000000 Finished 390793 instructions 
Sampling stash size at 392000 req has stash size of: 36
Clk7 @ 274000000 Finished 392242 instructions 
Clk7 @ 275000000 Finished 393491 instructions 
Clk3 @ 276000000 Finished 394868 instructions 
Sampling stash size at 395000 req has stash size of: 34
Clk3 @ 277000000 Finished 396313 instructions 
Clk7 @ 278000000 Finished 397728 instructions 
Sampling stash size at 398000 req has stash size of: 29
Clk7 @ 279000000 Finished 399182 instructions 
Clk@ 279576571 Working on the # 400000 th memory instruction
Clk3 @ 280000000 Finished 400603 instructions 
Sampling stash size at 401000 req has stash size of: 28
Clk7 @ 281000000 Finished 402026 instructions 
Clk7 @ 282000000 Finished 403465 instructions 
Sampling stash size at 404000 req has stash size of: 42
Clk3 @ 283000000 Finished 404890 instructions 
Clk7 @ 284000000 Finished 406335 instructions 
Sampling stash size at 407000 req has stash size of: 26
Clk3 @ 285000000 Finished 407791 instructions 
Clk3 @ 286000000 Finished 409198 instructions 
Clk@ 286559409 Working on the # 410000 th memory instruction
Sampling stash size at 410000 req has stash size of: 34
Clk7 @ 287000000 Finished 410629 instructions 
Clk3 @ 288000000 Finished 412020 instructions 
Sampling stash size at 413000 req has stash size of: 39
Clk3 @ 289000000 Finished 413485 instructions 
Clk7 @ 290000000 Finished 414920 instructions 
Sampling stash size at 416000 req has stash size of: 35
Clk3 @ 291000000 Finished 416329 instructions 
Clk7 @ 292000000 Finished 417787 instructions 
Sampling stash size at 419000 req has stash size of: 27
Clk7 @ 293000000 Finished 419206 instructions 
Clk@ 293551035 Working on the # 420000 th memory instruction
Clk7 @ 294000000 Finished 420643 instructions 
Sampling stash size at 422000 req has stash size of: 26
Clk7 @ 295000000 Finished 422114 instructions 
Clk7 @ 296000000 Finished 423472 instructions 
Clk3 @ 297000000 Finished 424905 instructions 
Sampling stash size at 425000 req has stash size of: 26
Clk7 @ 298000000 Finished 426334 instructions 
Clk7 @ 299000000 Finished 427798 instructions 
Sampling stash size at 428000 req has stash size of: 46
Clk7 @ 300000000 Finished 429214 instructions 
Clk@ 300536477 Working on the # 430000 th memory instruction
Clk3 @ 301000000 Finished 430672 instructions 
Sampling stash size at 431000 req has stash size of: 33
Clk3 @ 302000000 Finished 432100 instructions 
Clk3 @ 303000000 Finished 433559 instructions 
Sampling stash size at 434000 req has stash size of: 30
Clk3 @ 304000000 Finished 434963 instructions 
Clk3 @ 305000000 Finished 436408 instructions 
Sampling stash size at 437000 req has stash size of: 36
Clk7 @ 306000000 Finished 437716 instructions 
Clk3 @ 307000000 Finished 439166 instructions 
Clk@ 307591359 Working on the # 440000 th memory instruction
Sampling stash size at 440000 req has stash size of: 33
Clk3 @ 308000000 Finished 440599 instructions 
Clk3 @ 309000000 Finished 442071 instructions 
Sampling stash size at 443000 req has stash size of: 31
Clk7 @ 310000000 Finished 443467 instructions 
Clk3 @ 311000000 Finished 444895 instructions 
Sampling stash size at 446000 req has stash size of: 31
Clk3 @ 312000000 Finished 446347 instructions 
Clk3 @ 313000000 Finished 447802 instructions 
Sampling stash size at 449000 req has stash size of: 36
Clk3 @ 314000000 Finished 449248 instructions 
Clk@ 314538543 Working on the # 450000 th memory instruction
Clk3 @ 315000000 Finished 450670 instructions 
Sampling stash size at 452000 req has stash size of: 34
Clk7 @ 316000000 Finished 452137 instructions 
Clk3 @ 317000000 Finished 453491 instructions 
Clk7 @ 318000000 Finished 454915 instructions 
Sampling stash size at 455000 req has stash size of: 40
Clk7 @ 319000000 Finished 456386 instructions 
Clk3 @ 320000000 Finished 457816 instructions 
Sampling stash size at 458000 req has stash size of: 31
Clk3 @ 321000000 Finished 459172 instructions 
Clk@ 321562391 Working on the # 460000 th memory instruction
Clk7 @ 322000000 Finished 460624 instructions 
Sampling stash size at 461000 req has stash size of: 41
Clk3 @ 323000000 Finished 462076 instructions 
Clk7 @ 324000000 Finished 463534 instructions 
Sampling stash size at 464000 req has stash size of: 37
Clk7 @ 325000000 Finished 464935 instructions 
Clk3 @ 326000000 Finished 466384 instructions 
Sampling stash size at 467000 req has stash size of: 38
Clk3 @ 327000000 Finished 467836 instructions 
Clk7 @ 327000000 Finished 467836 instructions 
Clk3 @ 328000000 Finished 469312 instructions 
Clk@ 328505833 Working on the # 470000 th memory instruction
Sampling stash size at 470000 req has stash size of: 28
Clk3 @ 329000000 Finished 470722 instructions 
Clk3 @ 330000000 Finished 472178 instructions 
Sampling stash size at 473000 req has stash size of: 33
Clk3 @ 331000000 Finished 473603 instructions 
Clk7 @ 332000000 Finished 475036 instructions 
Sampling stash size at 476000 req has stash size of: 40
Clk3 @ 333000000 Finished 476434 instructions 
Clk7 @ 334000000 Finished 477875 instructions 
Sampling stash size at 479000 req has stash size of: 38
Clk7 @ 335000000 Finished 479291 instructions 
Clk@ 335554294 Working on the # 480000 th memory instruction
Clk7 @ 336000000 Finished 480505 instructions 
Clk3 @ 337000000 Finished 481744 instructions 
Sampling stash size at 482000 req has stash size of: 32
Clk3 @ 338000000 Finished 483107 instructions 
Clk7 @ 339000000 Finished 484462 instructions 
Sampling stash size at 485000 req has stash size of: 35
Clk3 @ 340000000 Finished 485876 instructions 
Clk7 @ 341000000 Finished 487256 instructions 
Sampling stash size at 488000 req has stash size of: 35
Clk3 @ 342000000 Finished 488704 instructions 
Clk@ 342903709 Working on the # 490000 th memory instruction
Clk3 @ 343000000 Finished 490141 instructions 
Sampling stash size at 491000 req has stash size of: 37
Clk3 @ 344000000 Finished 491548 instructions 
Clk7 @ 345000000 Finished 492941 instructions 
Sampling stash size at 494000 req has stash size of: 41
Clk3 @ 346000000 Finished 494392 instructions 
Clk3 @ 347000000 Finished 495844 instructions 
Sampling stash size at 497000 req has stash size of: 26
Clk7 @ 348000000 Finished 497259 instructions 
Clk3 @ 349000000 Finished 498728 instructions 
Clk@ 349906540 Working on the # 500000 th memory instruction
Warm up done after line access count: 500000 out of 1000000 (50 %)
Sampling stash size at 500000 req has stash size of: 38
Clk7 @ 350000000 Finished 500137 instructions 
Clk7 @ 351000000 Finished 501591 instructions 
Clk7 @ 352000000 Finished 502982 instructions 
Sampling stash size at 503000 req has stash size of: 38
Clk3 @ 353000000 Finished 504427 instructions 
Clk3 @ 354000000 Finished 505891 instructions 
Sampling stash size at 506000 req has stash size of: 36
Clk7 @ 355000000 Finished 507326 instructions 
Clk7 @ 356000000 Finished 508762 instructions 
Sampling stash size at 509000 req has stash size of: 38
Clk@ 356864177 Working on the # 510000 th memory instruction
Clk7 @ 357000000 Finished 510206 instructions 
Clk7 @ 358000000 Finished 511667 instructions 
Sampling stash size at 512000 req has stash size of: 33
Clk7 @ 359000000 Finished 513091 instructions 
Clk7 @ 360000000 Finished 514393 instructions 
Sampling stash size at 515000 req has stash size of: 31
Clk7 @ 361000000 Finished 515850 instructions 
Clk3 @ 362000000 Finished 517291 instructions 
Sampling stash size at 518000 req has stash size of: 32
Clk7 @ 363000000 Finished 518743 instructions 
Clk@ 363870189 Working on the # 520000 th memory instruction
Clk7 @ 364000000 Finished 520189 instructions 
Sampling stash size at 521000 req has stash size of: 41
Clk7 @ 365000000 Finished 521602 instructions 
Clk3 @ 366000000 Finished 523039 instructions 
Sampling stash size at 524000 req has stash size of: 36
Clk7 @ 367000000 Finished 524329 instructions 
Clk3 @ 368000000 Finished 525674 instructions 
Sampling stash size at 527000 req has stash size of: 30
Clk7 @ 369000000 Finished 527099 instructions 
Clk7 @ 370000000 Finished 528566 instructions 
Clk7 @ 371000000 Finished 529992 instructions 
Clk@ 371006651 Working on the # 530000 th memory instruction
Sampling stash size at 530000 req has stash size of: 37
Clk7 @ 372000000 Finished 531442 instructions 
Clk7 @ 373000000 Finished 532883 instructions 
Sampling stash size at 533000 req has stash size of: 38
Clk3 @ 374000000 Finished 534317 instructions 
Clk3 @ 375000000 Finished 535675 instructions 
Sampling stash size at 536000 req has stash size of: 41
Clk3 @ 376000000 Finished 537122 instructions 
Clk3 @ 377000000 Finished 538582 instructions 
Sampling stash size at 539000 req has stash size of: 40
Clk@ 377973692 Working on the # 540000 th memory instruction
Clk7 @ 378000000 Finished 540038 instructions 
Clk7 @ 379000000 Finished 541456 instructions 
Sampling stash size at 542000 req has stash size of: 29
Clk7 @ 380000000 Finished 542908 instructions 
Clk3 @ 381000000 Finished 544370 instructions 
Sampling stash size at 545000 req has stash size of: 40
Clk7 @ 382000000 Finished 545804 instructions 
Clk3 @ 383000000 Finished 547147 instructions 
Sampling stash size at 548000 req has stash size of: 37
Clk7 @ 384000000 Finished 548599 instructions 
Clk@ 384978073 Working on the # 550000 th memory instruction
Clk7 @ 385000000 Finished 550033 instructions 
Sampling stash size at 551000 req has stash size of: 34
Clk3 @ 386000000 Finished 551484 instructions 
Clk3 @ 387000000 Finished 552901 instructions 
Sampling stash size at 554000 req has stash size of: 37
Clk7 @ 388000000 Finished 554357 instructions 
Clk3 @ 389000000 Finished 555784 instructions 
Sampling stash size at 557000 req has stash size of: 37
Clk7 @ 390000000 Finished 557152 instructions 
Clk7 @ 391000000 Finished 558592 instructions 
Clk@ 391980653 Working on the # 560000 th memory instruction
Sampling stash size at 560000 req has stash size of: 47
Clk3 @ 392000000 Finished 560029 instructions 
Clk7 @ 393000000 Finished 561483 instructions 
Clk3 @ 394000000 Finished 562896 instructions 
Sampling stash size at 563000 req has stash size of: 35
Clk3 @ 395000000 Finished 564291 instructions 
Clk7 @ 396000000 Finished 565697 instructions 
Sampling stash size at 566000 req has stash size of: 41
Clk3 @ 397000000 Finished 567139 instructions 
Clk3 @ 398000000 Finished 568360 instructions 
Sampling stash size at 569000 req has stash size of: 36
Clk3 @ 399000000 Finished 569809 instructions 
Clk@ 399126661 Working on the # 570000 th memory instruction
Clk7 @ 400000000 Finished 571237 instructions 
Sampling stash size at 572000 req has stash size of: 33
Clk7 @ 401000000 Finished 572696 instructions 
Clk3 @ 402000000 Finished 574102 instructions 
Sampling stash size at 575000 req has stash size of: 39
Clk7 @ 403000000 Finished 575527 instructions 
Clk3 @ 404000000 Finished 576976 instructions 
Sampling stash size at 578000 req has stash size of: 41
Clk3 @ 405000000 Finished 578423 instructions 
Clk7 @ 406000000 Finished 579819 instructions 
Clk@ 406121471 Working on the # 580000 th memory instruction
Sampling stash size at 581000 req has stash size of: 31
Clk7 @ 407000000 Finished 581231 instructions 
Clk3 @ 408000000 Finished 582658 instructions 
Sampling stash size at 584000 req has stash size of: 39
Clk3 @ 409000000 Finished 584116 instructions 
Clk3 @ 410000000 Finished 585541 instructions 
Clk7 @ 411000000 Finished 586993 instructions 
Sampling stash size at 587000 req has stash size of: 32
Clk3 @ 412000000 Finished 588441 instructions 
Clk7 @ 413000000 Finished 589831 instructions 
Clk@ 413174209 Working on the # 590000 th memory instruction
Sampling stash size at 590000 req has stash size of: 26
Clk3 @ 414000000 Finished 591163 instructions 
Clk3 @ 415000000 Finished 592602 instructions 
Sampling stash size at 593000 req has stash size of: 34
Clk7 @ 416000000 Finished 594043 instructions 
Clk3 @ 417000000 Finished 595478 instructions 
Sampling stash size at 596000 req has stash size of: 40
Clk3 @ 418000000 Finished 596947 instructions 
Clk3 @ 419000000 Finished 598372 instructions 
Sampling stash size at 599000 req has stash size of: 34
Clk3 @ 420000000 Finished 599776 instructions 
Clk@ 420152717 Working on the # 600000 th memory instruction
Clk3 @ 421000000 Finished 601191 instructions 
Sampling stash size at 602000 req has stash size of: 36
Clk3 @ 422000000 Finished 602644 instructions 
Clk3 @ 423000000 Finished 604101 instructions 
Sampling stash size at 605000 req has stash size of: 33
Clk7 @ 424000000 Finished 605503 instructions 
Clk3 @ 425000000 Finished 606925 instructions 
Sampling stash size at 608000 req has stash size of: 28
Clk3 @ 426000000 Finished 608371 instructions 
Clk3 @ 427000000 Finished 609820 instructions 
Clk@ 427120424 Working on the # 610000 th memory instruction
Sampling stash size at 611000 req has stash size of: 42
Clk7 @ 428000000 Finished 611271 instructions 
Clk3 @ 429000000 Finished 612556 instructions 
Clk7 @ 430000000 Finished 613999 instructions 
Sampling stash size at 614000 req has stash size of: 30
Clk7 @ 431000000 Finished 615403 instructions 
Clk3 @ 432000000 Finished 616801 instructions 
Sampling stash size at 617000 req has stash size of: 33
Clk7 @ 433000000 Finished 618233 instructions 
Clk7 @ 434000000 Finished 619698 instructions 
Clk@ 434244720 Working on the # 620000 th memory instruction
Sampling stash size at 620000 req has stash size of: 46
Clk7 @ 435000000 Finished 621093 instructions 
Clk3 @ 436000000 Finished 622535 instructions 
Sampling stash size at 623000 req has stash size of: 39
Clk7 @ 437000000 Finished 623948 instructions 
Clk3 @ 438000000 Finished 625348 instructions 
Sampling stash size at 626000 req has stash size of: 34
Clk3 @ 439000000 Finished 626801 instructions 
Clk3 @ 440000000 Finished 628256 instructions 
Sampling stash size at 629000 req has stash size of: 25
Clk3 @ 441000000 Finished 629704 instructions 
Clk@ 441200237 Working on the # 630000 th memory instruction
Clk7 @ 442000000 Finished 631123 instructions 
Sampling stash size at 632000 req has stash size of: 32
Clk7 @ 443000000 Finished 632568 instructions 
Clk3 @ 444000000 Finished 633862 instructions 
Sampling stash size at 635000 req has stash size of: 42
Clk3 @ 445000000 Finished 635296 instructions 
Clk3 @ 446000000 Finished 636736 instructions 
Sampling stash size at 638000 req has stash size of: 36
Clk3 @ 447000000 Finished 638188 instructions 
Clk7 @ 447000000 Finished 638188 instructions 
Clk3 @ 448000000 Finished 639601 instructions 
Clk@ 448275628 Working on the # 640000 th memory instruction
Sampling stash size at 641000 req has stash size of: 38
Clk3 @ 449000000 Finished 641065 instructions 
Clk3 @ 450000000 Finished 642517 instructions 
Clk3 @ 451000000 Finished 643970 instructions 
Sampling stash size at 644000 req has stash size of: 37
Clk7 @ 452000000 Finished 645370 instructions 
Clk7 @ 453000000 Finished 646814 instructions 
Sampling stash size at 647000 req has stash size of: 32
Clk3 @ 454000000 Finished 648263 instructions 
Clk7 @ 455000000 Finished 649713 instructions 
Clk@ 455228077 Working on the # 650000 th memory instruction
Sampling stash size at 650000 req has stash size of: 29
Clk7 @ 456000000 Finished 651100 instructions 
Clk7 @ 457000000 Finished 652552 instructions 
Sampling stash size at 653000 req has stash size of: 34
Clk3 @ 458000000 Finished 653981 instructions 
Clk3 @ 459000000 Finished 655282 instructions 
Sampling stash size at 656000 req has stash size of: 50
Clk7 @ 460000000 Finished 656509 instructions 
Clk3 @ 461000000 Finished 657925 instructions 
Sampling stash size at 659000 req has stash size of: 33
Clk7 @ 462000000 Finished 659359 instructions 
Clk@ 462448624 Working on the # 660000 th memory instruction
Clk3 @ 463000000 Finished 660787 instructions 
Sampling stash size at 662000 req has stash size of: 31
Clk3 @ 464000000 Finished 662200 instructions 
Clk3 @ 465000000 Finished 663633 instructions 
Sampling stash size at 665000 req has stash size of: 43
Clk3 @ 466000000 Finished 665095 instructions 
Clk3 @ 467000000 Finished 666454 instructions 
Clk7 @ 468000000 Finished 667888 instructions 
Sampling stash size at 668000 req has stash size of: 37
Clk3 @ 469000000 Finished 669322 instructions 
Clk@ 469463805 Working on the # 670000 th memory instruction
Clk3 @ 470000000 Finished 670786 instructions 
Sampling stash size at 671000 req has stash size of: 35
Clk7 @ 472000000 Finished 673639 instructions 
Sampling stash size at 674000 req has stash size of: 40
Clk7 @ 473000000 Finished 675073 instructions 
Clk3 @ 474000000 Finished 676512 instructions 
Sampling stash size at 677000 req has stash size of: 32
Clk7 @ 475000000 Finished 677869 instructions 
Clk3 @ 476000000 Finished 679303 instructions 
Clk@ 476501242 Working on the # 680000 th memory instruction
Sampling stash size at 680000 req has stash size of: 37
Clk3 @ 477000000 Finished 680689 instructions 
Clk3 @ 478000000 Finished 682139 instructions 
Sampling stash size at 683000 req has stash size of: 39
Clk7 @ 479000000 Finished 683584 instructions 
Clk3 @ 480000000 Finished 685009 instructions 
Clk7 @ 480000000 Finished 685009 instructions 
Sampling stash size at 686000 req has stash size of: 30
Clk3 @ 481000000 Finished 686449 instructions 
Clk3 @ 482000000 Finished 687907 instructions 
Sampling stash size at 689000 req has stash size of: 32
Clk3 @ 483000000 Finished 689257 instructions 
Clk@ 483511713 Working on the # 690000 th memory instruction
Clk7 @ 484000000 Finished 690711 instructions 
Sampling stash size at 692000 req has stash size of: 30
Clk3 @ 485000000 Finished 692154 instructions 
Clk3 @ 486000000 Finished 693577 instructions 
Clk3 @ 487000000 Finished 694988 instructions 
Sampling stash size at 695000 req has stash size of: 37
Clk7 @ 488000000 Finished 696383 instructions 
Clk3 @ 489000000 Finished 697784 instructions 
Sampling stash size at 698000 req has stash size of: 41
Clk7 @ 490000000 Finished 699062 instructions 
Clk@ 490784227 Working on the # 700000 th memory instruction
Clk7 @ 491000000 Finished 700285 instructions 
Sampling stash size at 701000 req has stash size of: 47
Clk7 @ 492000000 Finished 701690 instructions 
Clk7 @ 493000000 Finished 703133 instructions 
Sampling stash size at 704000 req has stash size of: 36
Clk7 @ 494000000 Finished 704536 instructions 
Clk3 @ 495000000 Finished 705952 instructions 
Sampling stash size at 707000 req has stash size of: 33
Clk7 @ 496000000 Finished 707401 instructions 
Clk7 @ 497000000 Finished 708833 instructions 
Clk@ 497847325 Working on the # 710000 th memory instruction
Sampling stash size at 710000 req has stash size of: 28
Clk3 @ 498000000 Finished 710207 instructions 
Clk3 @ 499000000 Finished 711652 instructions 
Sampling stash size at 713000 req has stash size of: 41
Clk3 @ 500000000 Finished 713094 instructions 
Clk7 @ 501000000 Finished 714557 instructions 
Clk3 @ 502000000 Finished 715972 instructions 
Sampling stash size at 716000 req has stash size of: 31
Clk3 @ 503000000 Finished 717439 instructions 
Clk3 @ 504000000 Finished 718855 instructions 
Sampling stash size at 719000 req has stash size of: 27
Clk@ 504783872 Working on the # 720000 th memory instruction
Clk7 @ 505000000 Finished 720304 instructions 
Clk3 @ 506000000 Finished 721588 instructions 
Sampling stash size at 722000 req has stash size of: 31
Clk7 @ 507000000 Finished 723028 instructions 
Clk3 @ 508000000 Finished 724468 instructions 
Sampling stash size at 725000 req has stash size of: 37
Clk3 @ 509000000 Finished 725927 instructions 
Clk7 @ 510000000 Finished 727309 instructions 
Sampling stash size at 728000 req has stash size of: 31
Clk7 @ 511000000 Finished 728769 instructions 
Clk@ 511865936 Working on the # 730000 th memory instruction
Clk3 @ 512000000 Finished 730195 instructions 
Sampling stash size at 731000 req has stash size of: 31
Clk3 @ 513000000 Finished 731636 instructions 
Clk7 @ 514000000 Finished 733047 instructions 
Sampling stash size at 734000 req has stash size of: 43
Clk7 @ 515000000 Finished 734502 instructions 
Clk7 @ 516000000 Finished 735913 instructions 
Sampling stash size at 737000 req has stash size of: 29
Clk7 @ 517000000 Finished 737329 instructions 
Clk3 @ 518000000 Finished 738763 instructions 
Clk@ 518848735 Working on the # 740000 th memory instruction
Sampling stash size at 740000 req has stash size of: 30
Clk3 @ 519000000 Finished 740206 instructions 
Clk3 @ 520000000 Finished 741658 instructions 
Clk3 @ 521000000 Finished 742934 instructions 
Sampling stash size at 743000 req has stash size of: 47
Clk7 @ 522000000 Finished 744317 instructions 
Clk7 @ 523000000 Finished 745730 instructions 
Sampling stash size at 746000 req has stash size of: 41
Clk7 @ 524000000 Finished 747190 instructions 
Clk7 @ 525000000 Finished 748594 instructions 
Sampling stash size at 749000 req has stash size of: 38
Clk@ 525975189 Working on the # 750000 th memory instruction
Clk7 @ 526000000 Finished 750035 instructions 
Clk3 @ 527000000 Finished 751468 instructions 
Sampling stash size at 752000 req has stash size of: 29
Clk3 @ 528000000 Finished 752920 instructions 
Clk3 @ 529000000 Finished 754309 instructions 
Sampling stash size at 755000 req has stash size of: 29
Clk3 @ 530000000 Finished 755741 instructions 
Clk3 @ 531000000 Finished 757144 instructions 
Sampling stash size at 758000 req has stash size of: 37
Clk3 @ 532000000 Finished 758596 instructions 
Clk@ 532985014 Working on the # 760000 th memory instruction
Clk7 @ 533000000 Finished 760020 instructions 
Sampling stash size at 761000 req has stash size of: 36
Clk7 @ 534000000 Finished 761470 instructions 
Clk7 @ 535000000 Finished 762907 instructions 
Sampling stash size at 764000 req has stash size of: 38
Clk3 @ 536000000 Finished 764362 instructions 
Clk7 @ 537000000 Finished 765717 instructions 
Sampling stash size at 767000 req has stash size of: 32
Clk7 @ 538000000 Finished 767168 instructions 
Clk3 @ 539000000 Finished 768586 instructions 
Clk3 @ 540000000 Finished 769982 instructions 
Clk@ 540012037 Working on the # 770000 th memory instruction
Sampling stash size at 770000 req has stash size of: 38
Clk7 @ 541000000 Finished 771410 instructions 
Clk7 @ 542000000 Finished 772828 instructions 
Sampling stash size at 773000 req has stash size of: 33
Clk7 @ 543000000 Finished 774268 instructions 
Clk3 @ 544000000 Finished 775667 instructions 
Sampling stash size at 776000 req has stash size of: 43
Clk7 @ 545000000 Finished 777106 instructions 
Clk3 @ 546000000 Finished 778537 instructions 
Sampling stash size at 779000 req has stash size of: 39
Clk3 @ 547000000 Finished 779953 instructions 
Clk@ 547031910 Working on the # 780000 th memory instruction
Clk3 @ 548000000 Finished 781360 instructions 
Sampling stash size at 782000 req has stash size of: 33
Clk3 @ 549000000 Finished 782794 instructions 
Clk7 @ 550000000 Finished 784231 instructions 
Sampling stash size at 785000 req has stash size of: 40
Clk7 @ 551000000 Finished 785662 instructions 
Clk7 @ 552000000 Finished 786820 instructions 
Sampling stash size at 788000 req has stash size of: 34
Clk3 @ 553000000 Finished 788166 instructions 
Clk7 @ 554000000 Finished 789578 instructions 
Clk@ 554290890 Working on the # 790000 th memory instruction
Clk7 @ 555000000 Finished 790994 instructions 
Sampling stash size at 791000 req has stash size of: 28
Clk7 @ 556000000 Finished 792436 instructions 
Clk7 @ 557000000 Finished 793862 instructions 
Sampling stash size at 794000 req has stash size of: 42
Clk3 @ 558000000 Finished 795265 instructions 
Clk7 @ 559000000 Finished 796684 instructions 
Sampling stash size at 797000 req has stash size of: 35
Clk3 @ 560000000 Finished 798100 instructions 
Clk3 @ 561000000 Finished 799524 instructions 
Clk@ 561328374 Working on the # 800000 th memory instruction
Sampling stash size at 800000 req has stash size of: 31
Clk3 @ 562000000 Finished 800956 instructions 
Clk3 @ 563000000 Finished 802357 instructions 
Sampling stash size at 803000 req has stash size of: 34
Clk7 @ 564000000 Finished 803797 instructions 
Clk7 @ 565000000 Finished 805199 instructions 
Sampling stash size at 806000 req has stash size of: 33
Clk7 @ 566000000 Finished 806650 instructions 
Clk7 @ 567000000 Finished 808066 instructions 
Sampling stash size at 809000 req has stash size of: 35
Clk7 @ 568000000 Finished 809473 instructions 
Clk@ 568369973 Working on the # 810000 th memory instruction
Clk7 @ 569000000 Finished 810919 instructions 
Sampling stash size at 812000 req has stash size of: 43
Clk3 @ 570000000 Finished 812323 instructions 
Clk7 @ 571000000 Finished 813765 instructions 
Sampling stash size at 815000 req has stash size of: 42
Clk3 @ 572000000 Finished 815218 instructions 
Clk3 @ 573000000 Finished 816585 instructions 
Clk7 @ 574000000 Finished 818008 instructions 
Sampling stash size at 818000 req has stash size of: 29
Clk3 @ 575000000 Finished 819431 instructions 
Clk@ 575393516 Working on the # 820000 th memory instruction
Clk7 @ 576000000 Finished 820865 instructions 
Sampling stash size at 821000 req has stash size of: 36
Clk7 @ 577000000 Finished 822212 instructions 
Clk3 @ 578000000 Finished 823648 instructions 
Sampling stash size at 824000 req has stash size of: 29
Clk3 @ 579000000 Finished 825066 instructions 
Clk7 @ 580000000 Finished 826504 instructions 
Sampling stash size at 827000 req has stash size of: 38
Clk7 @ 581000000 Finished 827915 instructions 
Clk7 @ 582000000 Finished 829363 instructions 
Clk@ 582461265 Working on the # 830000 th memory instruction
Sampling stash size at 830000 req has stash size of: 40
Clk3 @ 583000000 Finished 830701 instructions 
Clk7 @ 584000000 Finished 832142 instructions 
Sampling stash size at 833000 req has stash size of: 31
Clk3 @ 585000000 Finished 833575 instructions 
Clk3 @ 586000000 Finished 835027 instructions 
Sampling stash size at 836000 req has stash size of: 34
Clk7 @ 587000000 Finished 836419 instructions 
Sampling stash size at 839000 req has stash size of: 35
Clk3 @ 589000000 Finished 839295 instructions 
Clk@ 589493492 Working on the # 840000 th memory instruction
Clk7 @ 590000000 Finished 840735 instructions 
Sampling stash size at 842000 req has stash size of: 48
Clk7 @ 591000000 Finished 842164 instructions 
Clk7 @ 592000000 Finished 843610 instructions 
Sampling stash size at 845000 req has stash size of: 39
Clk7 @ 593000000 Finished 845051 instructions 
Clk7 @ 594000000 Finished 846445 instructions 
Clk7 @ 595000000 Finished 847768 instructions 
Sampling stash size at 848000 req has stash size of: 32
Clk7 @ 596000000 Finished 849183 instructions 
Clk@ 596565345 Working on the # 850000 th memory instruction
Clk7 @ 597000000 Finished 850612 instructions 
Sampling stash size at 851000 req has stash size of: 35
Clk7 @ 598000000 Finished 852013 instructions 
Clk3 @ 599000000 Finished 853443 instructions 
Sampling stash size at 854000 req has stash size of: 41
Clk7 @ 600000000 Finished 854890 instructions 
Clk7 @ 601000000 Finished 856333 instructions 
Sampling stash size at 857000 req has stash size of: 27
Clk7 @ 602000000 Finished 857696 instructions 
Clk3 @ 603000000 Finished 859137 instructions 
Clk@ 603584212 Working on the # 860000 th memory instruction
Sampling stash size at 860000 req has stash size of: 28
Clk7 @ 604000000 Finished 860588 instructions 
Clk7 @ 605000000 Finished 862042 instructions 
Sampling stash size at 863000 req has stash size of: 36
Clk7 @ 606000000 Finished 863431 instructions 
Clk7 @ 607000000 Finished 864883 instructions 
Sampling stash size at 866000 req has stash size of: 42
Clk3 @ 608000000 Finished 866314 instructions 
Clk7 @ 609000000 Finished 867761 instructions 
Sampling stash size at 869000 req has stash size of: 34
Clk7 @ 610000000 Finished 869119 instructions 
Clk@ 610614583 Working on the # 870000 th memory instruction
Clk7 @ 611000000 Finished 870556 instructions 
Clk7 @ 612000000 Finished 871989 instructions 
Sampling stash size at 872000 req has stash size of: 47
Clk7 @ 613000000 Finished 873380 instructions 
Clk3 @ 614000000 Finished 874623 instructions 
Sampling stash size at 875000 req has stash size of: 37
Clk7 @ 615000000 Finished 876057 instructions 
Clk3 @ 616000000 Finished 877471 instructions 
Sampling stash size at 878000 req has stash size of: 34
Clk3 @ 617000000 Finished 878917 instructions 
Clk@ 617771351 Working on the # 880000 th memory instruction
Clk7 @ 618000000 Finished 880332 instructions 
Sampling stash size at 881000 req has stash size of: 29
Clk3 @ 619000000 Finished 881777 instructions 
Clk3 @ 620000000 Finished 883213 instructions 
Sampling stash size at 884000 req has stash size of: 33
Clk7 @ 621000000 Finished 884647 instructions 
Clk7 @ 622000000 Finished 886009 instructions 
Sampling stash size at 887000 req has stash size of: 32
Clk3 @ 623000000 Finished 887443 instructions 
Clk7 @ 624000000 Finished 888874 instructions 
Clk@ 624803909 Working on the # 890000 th memory instruction
Sampling stash size at 890000 req has stash size of: 44
Clk7 @ 625000000 Finished 890272 instructions 
Clk7 @ 626000000 Finished 891738 instructions 
Sampling stash size at 893000 req has stash size of: 45
Clk3 @ 627000000 Finished 893149 instructions 
Clk3 @ 628000000 Finished 894601 instructions 
Clk3 @ 629000000 Finished 895996 instructions 
Sampling stash size at 896000 req has stash size of: 40
Clk7 @ 630000000 Finished 897448 instructions 
Clk3 @ 631000000 Finished 898879 instructions 
Sampling stash size at 899000 req has stash size of: 41
Clk@ 631811994 Working on the # 900000 th memory instruction
Clk3 @ 632000000 Finished 900274 instructions 
Clk3 @ 633000000 Finished 901718 instructions 
Sampling stash size at 902000 req has stash size of: 29
Clk7 @ 634000000 Finished 903151 instructions 
Clk3 @ 635000000 Finished 904597 instructions 
Sampling stash size at 905000 req has stash size of: 49
Clk7 @ 636000000 Finished 906014 instructions 
Clk3 @ 637000000 Finished 907285 instructions 
Sampling stash size at 908000 req has stash size of: 48
Clk3 @ 638000000 Finished 908706 instructions 
Clk@ 638895892 Working on the # 910000 th memory instruction
Clk3 @ 639000000 Finished 910150 instructions 
Sampling stash size at 911000 req has stash size of: 32
Clk7 @ 640000000 Finished 911595 instructions 
Clk3 @ 641000000 Finished 913035 instructions 
Sampling stash size at 914000 req has stash size of: 36
Clk3 @ 642000000 Finished 914472 instructions 
Clk7 @ 643000000 Finished 915874 instructions 
Sampling stash size at 917000 req has stash size of: 31
Clk7 @ 644000000 Finished 917297 instructions 
Clk3 @ 645000000 Finished 918606 instructions 
Clk@ 645962532 Working on the # 920000 th memory instruction
Sampling stash size at 920000 req has stash size of: 38
Clk3 @ 646000000 Finished 920052 instructions 
Clk3 @ 647000000 Finished 921487 instructions 
Clk7 @ 648000000 Finished 922946 instructions 
Sampling stash size at 923000 req has stash size of: 39
Clk3 @ 649000000 Finished 924343 instructions 
Clk3 @ 650000000 Finished 925780 instructions 
Sampling stash size at 926000 req has stash size of: 41
Clk7 @ 651000000 Finished 927235 instructions 
Clk3 @ 652000000 Finished 928582 instructions 
Sampling stash size at 929000 req has stash size of: 26
Clk@ 652988677 Working on the # 930000 th memory instruction
Clk7 @ 653000000 Finished 930016 instructions 
Clk7 @ 654000000 Finished 931460 instructions 
Sampling stash size at 932000 req has stash size of: 42
Clk7 @ 655000000 Finished 932894 instructions 
Clk7 @ 656000000 Finished 934307 instructions 
Sampling stash size at 935000 req has stash size of: 37
Clk3 @ 657000000 Finished 935768 instructions 
Clk7 @ 658000000 Finished 937221 instructions 
Sampling stash size at 938000 req has stash size of: 39
Clk3 @ 659000000 Finished 938668 instructions 
Clk@ 659986605 Working on the # 940000 th memory instruction
Clk3 @ 660000000 Finished 940019 instructions 
Sampling stash size at 941000 req has stash size of: 39
Clk7 @ 661000000 Finished 941446 instructions 
Clk3 @ 662000000 Finished 942876 instructions 
Clk7 @ 662000000 Finished 942876 instructions 
Sampling stash size at 944000 req has stash size of: 36
Clk3 @ 663000000 Finished 944323 instructions 
Clk3 @ 664000000 Finished 945717 instructions 
Sampling stash size at 947000 req has stash size of: 39
Clk3 @ 665000000 Finished 947176 instructions 
Clk3 @ 666000000 Finished 948621 instructions 
Clk@ 666984872 Working on the # 950000 th memory instruction
Sampling stash size at 950000 req has stash size of: 40
Clk7 @ 667000000 Finished 950022 instructions 
Clk3 @ 668000000 Finished 951373 instructions 
Clk3 @ 669000000 Finished 952807 instructions 
Sampling stash size at 953000 req has stash size of: 42
Clk3 @ 670000000 Finished 954232 instructions 
Clk7 @ 671000000 Finished 955669 instructions 
Sampling stash size at 956000 req has stash size of: 45
Clk7 @ 672000000 Finished 957094 instructions 
Clk7 @ 673000000 Finished 958499 instructions 
Sampling stash size at 959000 req has stash size of: 38
Clk7 @ 674000000 Finished 959854 instructions 
Clk@ 674106637 Working on the # 960000 th memory instruction
Clk3 @ 675000000 Finished 961100 instructions 
Clk7 @ 675000000 Finished 961100 instructions 
Sampling stash size at 962000 req has stash size of: 32
Clk7 @ 676000000 Finished 962350 instructions 
Clk3 @ 677000000 Finished 963757 instructions 
Sampling stash size at 965000 req has stash size of: 37
Clk3 @ 678000000 Finished 965128 instructions 
Clk3 @ 679000000 Finished 966543 instructions 
Clk7 @ 680000000 Finished 967911 instructions 
Sampling stash size at 968000 req has stash size of: 42
Clk7 @ 681000000 Finished 969331 instructions 
Clk@ 681474212 Working on the # 970000 th memory instruction
Clk7 @ 682000000 Finished 970758 instructions 
Sampling stash size at 971000 req has stash size of: 37
Clk3 @ 683000000 Finished 972146 instructions 
Clk3 @ 684000000 Finished 973561 instructions 
Sampling stash size at 974000 req has stash size of: 40
Clk7 @ 685000000 Finished 974961 instructions 
Clk7 @ 686000000 Finished 976396 instructions 
Sampling stash size at 977000 req has stash size of: 45
Clk3 @ 687000000 Finished 977818 instructions 
Clk3 @ 688000000 Finished 979262 instructions 
Clk@ 688511166 Working on the # 980000 th memory instruction
Sampling stash size at 980000 req has stash size of: 37
Clk3 @ 689000000 Finished 980698 instructions 
Clk3 @ 690000000 Finished 982151 instructions 
Sampling stash size at 983000 req has stash size of: 41
Clk3 @ 691000000 Finished 983448 instructions 
Clk7 @ 692000000 Finished 984886 instructions 
Sampling stash size at 986000 req has stash size of: 37
Clk7 @ 694000000 Finished 987764 instructions 
Sampling stash size at 989000 req has stash size of: 31
Clk7 @ 695000000 Finished 989202 instructions 
Clk@ 695553073 Working on the # 990000 th memory instruction
Clk3 @ 696000000 Finished 990625 instructions 
Sampling stash size at 992000 req has stash size of: 42
Clk3 @ 697000000 Finished 992014 instructions 
Clk3 @ 698000000 Finished 993445 instructions 
Clk3 @ 699000000 Finished 994879 instructions 
Sampling stash size at 995000 req has stash size of: 28
Clk3 @ 700000000 Finished 996323 instructions 
Clk3 @ 701000000 Finished 997777 instructions 
Sampling stash size at 998000 req has stash size of: 37
Clk7 @ 702000000 Finished 999148 instructions 
Clk@ 702602094 Working on the # 1000000 th memory instruction

===*** Data ***====
Stall reason distribution: 
mc_hazard: 0
normal: 0
rs_hazard: 0
rw_swtich: 0
Early reshuffle distribution: 
0: 0
1: 0
2: 0
3: 0
4: 0
5: 0
6: 0
7: 0
8: 13901
9: 62809
10: 62952
11: 62980
12: 62774
13: 61846
14: 60747
15: 59552
16: 56449
17: 49927
18: 37134
19: 14732
20: 2495
21: 284
22: 17
23: 1
24: 0
25: 0
26: 0
=================
Max stash size is: 65
Average stash size is: 13.8149
useful_read_pull_ddr: 500006 (0.91832) %
dummy_read_pull_ddr: 8610024 (15.8133) %
useful_early_pull_ddr: 1340420 (2.46184) %
useful_early_push_ddr: 458461 (0.842018) %
useful_write_pull_ddr: 12144152 (22.3042) %
useful_write_push_ddr: 3869884 (7.1075) %
dummy_early_pull_ddr: 335105 (0.61546) %
dummy_early_push_ddr: 2557484 (4.69712) %
dummy_write_pull_ddr: 1852 (0.00340142) %
dummy_write_push_ddr: 24630515 (45.2368) %
=================
Stash violation number of times: 0
=================
Check NodeID traffic: 9749142
Update NodeID traffic: 193
=================
Read RS lines: 1000000 (34.6757) %
Write RS lines: 666666 (23.1171) %
Early RS lines: 1217200 (42.2072) %
Read DDR lines: 18219881 (17.2393) %
Write DDR lines: 78947830 (74.6989) %
Early DDR lines: 8520400 (8.06183) %

====*** pos1 ***====
Stall reason distribution: 
mc_hazard: 0
normal: 0
rs_hazard: 0
rw_swtich: 0
Early reshuffle distribution: 
0: 0
1: 0
2: 0
3: 0
4: 0
5: 13351
6: 62242
7: 62464
8: 62399
9: 62376
10: 62691
11: 62677
12: 62451
13: 62239
14: 61230
15: 59748
16: 56571
17: 50118
18: 37305
19: 14698
20: 2455
21: 257
22: 21
23: 1
=================
Max stash size is: 20
Average stash size is: 3.1646
useful_read_pull_ddr: 131215 (0.118592) %
dummy_read_pull_ddr: 18087218 (16.3472) %
useful_early_pull_ddr: 3179435 (2.87357) %
useful_early_push_ddr: 146004 (0.131958) %
useful_write_pull_ddr: 24284639 (21.9484) %
useful_write_push_ddr: 2269277 (2.05097) %
dummy_early_pull_ddr: 797035 (0.720359) %
dummy_early_push_ddr: 7011642 (6.33711) %
dummy_write_pull_ddr: 7001 (0.00632749) %
dummy_write_push_ddr: 54730666 (49.4655) %
=================
Stash violation number of times: 0
=================
Check NodeID traffic: 15064840
Update NodeID traffic: 68
=================
Read RS lines: 1000000 (30.7007) %
Write RS lines: 666666 (20.4671) %
Early RS lines: 1590588 (48.8322) %
Read DDR lines: 18218433 (16.8221) %
Write DDR lines: 78947830 (72.8971) %
Early DDR lines: 11134116 (10.2808) %

====*** pos2 ***====
Stall reason distribution: 
mc_hazard: 0
normal: 0
rs_hazard: 0
rw_swtich: 0
Early reshuffle distribution: 
0: 0
1: 0
2: 0
3: 0
4: 11246
5: 61753
6: 62290
7: 62537
8: 62571
9: 62610
10: 62557
11: 62579
12: 62447
13: 62072
14: 61446
15: 59507
16: 56123
17: 49949
18: 37212
19: 15007
20: 2669
=================
Max stash size is: 18
Average stash size is: 2.05933
useful_read_pull_ddr: 30591 (0.0294898) %
dummy_read_pull_ddr: 16156180 (15.5746) %
useful_early_pull_ddr: 3414009 (3.29112) %
useful_early_push_ddr: 37203 (0.0358638) %
useful_write_pull_ddr: 21569950 (20.7935) %
useful_write_push_ddr: 1528807 (1.47378) %
dummy_early_pull_ddr: 858866 (0.82795) %
dummy_early_push_ddr: 7653972 (7.37845) %
dummy_write_pull_ddr: 13358 (0.0128772) %
dummy_write_push_ddr: 52471139 (50.5824) %
=================
Stash violation number of times: 0
=================
Check NodeID traffic: 10495122
Update NodeID traffic: 31
=================
Read RS lines: 1000000 (29.6225) %
Write RS lines: 666666 (19.7483) %
Early RS lines: 1709150 (50.6292) %
Read DDR lines: 16186771 (16.4673) %
Write DDR lines: 70145751 (71.3613) %
Early DDR lines: 11964050 (12.1714) %
=================
The final DRAM clk is: 702607034 ticks.
Idle waiting clk is 335053110, which is 47.6871 %
DRAM Frequency is: 1600MHz
The final time in ns is: 4.39129e+08 ns.
Time distribution: 
Data pull time is: 0
data: 0
pos1: 0
pos2: 0
Data distribution: 
Pos2 data: 98296572
Pos1 data: 108300379
Data: 105688111
Node access DDR: 19498284
Pull DDR: 18219881
WB DDR: 78947830
Early DDR: 8520400
Achieved BW is: 52.08 GB/s
Ideal BW is: 102.4 GB/s
Metadata cache conclusion: 
overall_hit: 26112374 overall_total: 45608582
Cache Size 64 KB Overall Hit rate: 57.2532 %. 
Simulation done. Statistics written to my_output.txt
