Valid leaf ID range: 67108863:134217726
Num of top nodes: 67108864
Data level num of ways: 67108864
cached_total: 1
cached_total: 3
cached_total: 7
cached_total: 15
cached_total: 31
cached_total: 63
cached_total: 127
cached_total: 255
cached_total: 511
Total number of ORAM protected cache line blocks: 67108864
Cached number of levels: 8
Max number of levels: 27
Start lvl is: 0
data valid leaf right: 134217727
data num of levels: 27
data level num of ways: 67108864
data number of sets: 1
Cached node ID: 0 -- 455
Address space: 0 - 4 GB
pos1 valid leaf right: 16777215
pos1 num of levels: 24
pos1 level num of ways: 8388608
pos1 number of sets: 1
Cached node ID: 0 -- 56
Address space: 0 - 0.5 GB
pos2 valid leaf right: 2097151
pos2 num of levels: 21
pos2 level num of ways: 1048576
pos2 number of sets: 1
Cached node ID: 0 -- 28
Address space: 0 - 0.0625 GB
Clk7 @ 1000000 Finished 1150 instructions 
Sampling stash size at 2000 req has stash size of: 22
Clk3 @ 2000000 Finished 2548 instructions 
Clk3 @ 3000000 Finished 3970 instructions 
Sampling stash size at 5000 req has stash size of: 19
Clk3 @ 4000000 Finished 5440 instructions 
Clk3 @ 5000000 Finished 6895 instructions 
Sampling stash size at 8000 req has stash size of: 24
Clk3 @ 6000000 Finished 8311 instructions 
Clk3 @ 7000000 Finished 9775 instructions 
Clk@ 7146398 Working on the # 10000 th memory instruction
Sampling stash size at 11000 req has stash size of: 18
Clk7 @ 8000000 Finished 11228 instructions 
Clk3 @ 9000000 Finished 12682 instructions 
Sampling stash size at 14000 req has stash size of: 17
Clk3 @ 10000000 Finished 14174 instructions 
Clk7 @ 11000000 Finished 15565 instructions 
Sampling stash size at 17000 req has stash size of: 26
Clk3 @ 12000000 Finished 17042 instructions 
Clk7 @ 13000000 Finished 18499 instructions 
Clk3 @ 14000000 Finished 19972 instructions 
Clk@ 14019980 Working on the # 20000 th memory instruction
Sampling stash size at 20000 req has stash size of: 24
Clk3 @ 15000000 Finished 21433 instructions 
Clk7 @ 16000000 Finished 22860 instructions 
Sampling stash size at 23000 req has stash size of: 29
Clk3 @ 17000000 Finished 24340 instructions 
Clk3 @ 18000000 Finished 25774 instructions 
Sampling stash size at 26000 req has stash size of: 29
Clk7 @ 19000000 Finished 27280 instructions 
Clk7 @ 20000000 Finished 28750 instructions 
Sampling stash size at 29000 req has stash size of: 35
Clk@ 20855602 Working on the # 30000 th memory instruction
Clk7 @ 21000000 Finished 30130 instructions 
Clk3 @ 22000000 Finished 31543 instructions 
Sampling stash size at 32000 req has stash size of: 26
Clk7 @ 23000000 Finished 32983 instructions 
Clk7 @ 24000000 Finished 34477 instructions 
Sampling stash size at 35000 req has stash size of: 30
Clk7 @ 25000000 Finished 35917 instructions 
Clk3 @ 26000000 Finished 37381 instructions 
Sampling stash size at 38000 req has stash size of: 21
Clk7 @ 27000000 Finished 38816 instructions 
Clk@ 27800214 Working on the # 40000 th memory instruction
Clk7 @ 28000000 Finished 40300 instructions 
Sampling stash size at 41000 req has stash size of: 18
Clk3 @ 29000000 Finished 41724 instructions 
Clk7 @ 30000000 Finished 43195 instructions 
Sampling stash size at 44000 req has stash size of: 38
Clk3 @ 31000000 Finished 44588 instructions 
Clk7 @ 32000000 Finished 46054 instructions 
Sampling stash size at 47000 req has stash size of: 26
Clk7 @ 33000000 Finished 47509 instructions 
Clk7 @ 34000000 Finished 48976 instructions 
Clk@ 34758783 Working on the # 50000 th memory instruction
Sampling stash size at 50000 req has stash size of: 36
Clk3 @ 35000000 Finished 50354 instructions 
Clk3 @ 36000000 Finished 51829 instructions 
Sampling stash size at 53000 req has stash size of: 23
Clk7 @ 37000000 Finished 53300 instructions 
Clk7 @ 38000000 Finished 54760 instructions 
Sampling stash size at 56000 req has stash size of: 22
Clk3 @ 39000000 Finished 56245 instructions 
Clk7 @ 40000000 Finished 57698 instructions 
Sampling stash size at 59000 req has stash size of: 31
Clk7 @ 41000000 Finished 59171 instructions 
Clk@ 41598287 Working on the # 60000 th memory instruction
Clk3 @ 42000000 Finished 60431 instructions 
Clk7 @ 43000000 Finished 61828 instructions 
Sampling stash size at 62000 req has stash size of: 31
Clk3 @ 44000000 Finished 63308 instructions 
Clk7 @ 45000000 Finished 64766 instructions 
Sampling stash size at 65000 req has stash size of: 25
Clk3 @ 46000000 Finished 66188 instructions 
Clk3 @ 47000000 Finished 67657 instructions 
Sampling stash size at 68000 req has stash size of: 25
Clk7 @ 48000000 Finished 69137 instructions 
Clk@ 48589651 Working on the # 70000 th memory instruction
Clk7 @ 49000000 Finished 70589 instructions 
Sampling stash size at 71000 req has stash size of: 27
Clk7 @ 50000000 Finished 72001 instructions 
Clk3 @ 51000000 Finished 73468 instructions 
Sampling stash size at 74000 req has stash size of: 31
Clk7 @ 52000000 Finished 74908 instructions 
Clk3 @ 53000000 Finished 76393 instructions 
Sampling stash size at 77000 req has stash size of: 26
Clk3 @ 54000000 Finished 77782 instructions 
Clk3 @ 55000000 Finished 79224 instructions 
Clk@ 55524614 Working on the # 80000 th memory instruction
Sampling stash size at 80000 req has stash size of: 25
Clk3 @ 56000000 Finished 80713 instructions 
Clk3 @ 57000000 Finished 82099 instructions 
Sampling stash size at 83000 req has stash size of: 32
Clk7 @ 58000000 Finished 83554 instructions 
Clk7 @ 59000000 Finished 85016 instructions 
Sampling stash size at 86000 req has stash size of: 25
Clk3 @ 60000000 Finished 86477 instructions 
Clk3 @ 61000000 Finished 87826 instructions 
Sampling stash size at 89000 req has stash size of: 26
Clk7 @ 62000000 Finished 89291 instructions 
Clk@ 62474606 Working on the # 90000 th memory instruction
Clk3 @ 63000000 Finished 90745 instructions 
Sampling stash size at 92000 req has stash size of: 31
Clk7 @ 64000000 Finished 92188 instructions 
Clk3 @ 65000000 Finished 93613 instructions 
Sampling stash size at 95000 req has stash size of: 35
Clk3 @ 66000000 Finished 95081 instructions 
Clk3 @ 67000000 Finished 96547 instructions 
Clk3 @ 68000000 Finished 97975 instructions 
Sampling stash size at 98000 req has stash size of: 37
Clk3 @ 69000000 Finished 99309 instructions 
Clk@ 69477382 Working on the # 100000 th memory instruction
Clk3 @ 70000000 Finished 100771 instructions 
Sampling stash size at 101000 req has stash size of: 27
Clk7 @ 71000000 Finished 102235 instructions 
Clk7 @ 72000000 Finished 103688 instructions 
Sampling stash size at 104000 req has stash size of: 32
Clk7 @ 73000000 Finished 105158 instructions 
Clk3 @ 74000000 Finished 106597 instructions 
Sampling stash size at 107000 req has stash size of: 31
Clk3 @ 75000000 Finished 108084 instructions 
Clk@ 76342423 Working on the # 110000 th memory instruction
Sampling stash size at 110000 req has stash size of: 40
Clk3 @ 77000000 Finished 110958 instructions 
Clk7 @ 78000000 Finished 112426 instructions 
Sampling stash size at 113000 req has stash size of: 31
Clk3 @ 79000000 Finished 113851 instructions 
Clk3 @ 80000000 Finished 115305 instructions 
Sampling stash size at 116000 req has stash size of: 27
Clk3 @ 81000000 Finished 116755 instructions 
Clk3 @ 82000000 Finished 118212 instructions 
Sampling stash size at 119000 req has stash size of: 31
Clk3 @ 83000000 Finished 119657 instructions 
Clk@ 83278791 Working on the # 120000 th memory instruction
Clk7 @ 84000000 Finished 120829 instructions 
Sampling stash size at 122000 req has stash size of: 31
Clk3 @ 85000000 Finished 122205 instructions 
Clk7 @ 86000000 Finished 123638 instructions 
Sampling stash size at 125000 req has stash size of: 36
Clk7 @ 87000000 Finished 125104 instructions 
Clk3 @ 88000000 Finished 126577 instructions 
Sampling stash size at 128000 req has stash size of: 31
Clk7 @ 89000000 Finished 128041 instructions 
Clk3 @ 90000000 Finished 129466 instructions 
Clk@ 90356668 Working on the # 130000 th memory instruction
Clk7 @ 91000000 Finished 130927 instructions 
Sampling stash size at 131000 req has stash size of: 30
Clk3 @ 92000000 Finished 132298 instructions 
Clk7 @ 93000000 Finished 133769 instructions 
Sampling stash size at 134000 req has stash size of: 25
Clk7 @ 94000000 Finished 135208 instructions 
Clk7 @ 95000000 Finished 136672 instructions 
Sampling stash size at 137000 req has stash size of: 34
Clk7 @ 96000000 Finished 138128 instructions 
Clk7 @ 97000000 Finished 139576 instructions 
Clk@ 97291181 Working on the # 140000 th memory instruction
Sampling stash size at 140000 req has stash size of: 26
Clk3 @ 98000000 Finished 141031 instructions 
Clk3 @ 99000000 Finished 142381 instructions 
Sampling stash size at 143000 req has stash size of: 26
Clk3 @ 100000000 Finished 143836 instructions 
Clk3 @ 101000000 Finished 145267 instructions 
Sampling stash size at 146000 req has stash size of: 25
Clk7 @ 102000000 Finished 146728 instructions 
Clk7 @ 103000000 Finished 148129 instructions 
Sampling stash size at 149000 req has stash size of: 28
Clk7 @ 104000000 Finished 149612 instructions 
Clk@ 104272210 Working on the # 150000 th memory instruction
Clk7 @ 105000000 Finished 151079 instructions 
Sampling stash size at 152000 req has stash size of: 35
Clk3 @ 106000000 Finished 152536 instructions 
Clk7 @ 107000000 Finished 153901 instructions 
Sampling stash size at 155000 req has stash size of: 39
Clk3 @ 108000000 Finished 155320 instructions 
Clk7 @ 109000000 Finished 156760 instructions 
Sampling stash size at 158000 req has stash size of: 30
Clk7 @ 110000000 Finished 158218 instructions 
Clk3 @ 111000000 Finished 159634 instructions 
Clk@ 111259247 Working on the # 160000 th memory instruction
Sampling stash size at 161000 req has stash size of: 34
Clk3 @ 112000000 Finished 161107 instructions 
Clk3 @ 113000000 Finished 162553 instructions 
Clk7 @ 114000000 Finished 163894 instructions 
Sampling stash size at 164000 req has stash size of: 30
Clk7 @ 115000000 Finished 165297 instructions 
Clk3 @ 116000000 Finished 166749 instructions 
Sampling stash size at 167000 req has stash size of: 42
Clk3 @ 117000000 Finished 168220 instructions 
Clk7 @ 118000000 Finished 169663 instructions 
Clk@ 118237605 Working on the # 170000 th memory instruction
Sampling stash size at 170000 req has stash size of: 29
Clk3 @ 119000000 Finished 171083 instructions 
Clk3 @ 120000000 Finished 172534 instructions 
Sampling stash size at 173000 req has stash size of: 30
Clk3 @ 121000000 Finished 173998 instructions 
Clk3 @ 122000000 Finished 175297 instructions 
Sampling stash size at 176000 req has stash size of: 35
Clk7 @ 123000000 Finished 176758 instructions 
Clk3 @ 124000000 Finished 178204 instructions 
Sampling stash size at 179000 req has stash size of: 31
Clk7 @ 125000000 Finished 179671 instructions 
Clk@ 125218104 Working on the # 180000 th memory instruction
Clk7 @ 126000000 Finished 181092 instructions 
Sampling stash size at 182000 req has stash size of: 28
Clk7 @ 127000000 Finished 182534 instructions 
Sampling stash size at 185000 req has stash size of: 38
Clk7 @ 129000000 Finished 185449 instructions 
Clk7 @ 130000000 Finished 186817 instructions 
Sampling stash size at 188000 req has stash size of: 27
Clk3 @ 131000000 Finished 188278 instructions 
Clk3 @ 132000000 Finished 189721 instructions 
Clk@ 132194746 Working on the # 190000 th memory instruction
Sampling stash size at 191000 req has stash size of: 28
Clk7 @ 134000000 Finished 192605 instructions 
Sampling stash size at 194000 req has stash size of: 25
Clk3 @ 135000000 Finished 194047 instructions 
Clk7 @ 136000000 Finished 195484 instructions 
Clk7 @ 137000000 Finished 196798 instructions 
Sampling stash size at 197000 req has stash size of: 38
Clk7 @ 138000000 Finished 198214 instructions 
Clk7 @ 139000000 Finished 199666 instructions 
Clk@ 139234244 Working on the # 200000 th memory instruction
Sampling stash size at 200000 req has stash size of: 26
Clk7 @ 140000000 Finished 201104 instructions 
Clk3 @ 141000000 Finished 202558 instructions 
Sampling stash size at 203000 req has stash size of: 31
Clk7 @ 142000000 Finished 204023 instructions 
Clk7 @ 143000000 Finished 205435 instructions 
Sampling stash size at 206000 req has stash size of: 42
Clk7 @ 144000000 Finished 206881 instructions 
Clk7 @ 145000000 Finished 208315 instructions 
Sampling stash size at 209000 req has stash size of: 34
Clk3 @ 146000000 Finished 209776 instructions 
Clk@ 146155272 Working on the # 210000 th memory instruction
Clk3 @ 147000000 Finished 211240 instructions 
Sampling stash size at 212000 req has stash size of: 27
Clk3 @ 148000000 Finished 212648 instructions 
Clk7 @ 149000000 Finished 214103 instructions 
Sampling stash size at 215000 req has stash size of: 36
Clk3 @ 150000000 Finished 215551 instructions 
Clk3 @ 151000000 Finished 217019 instructions 
Sampling stash size at 218000 req has stash size of: 31
Clk7 @ 152000000 Finished 218416 instructions 
Clk7 @ 153000000 Finished 219818 instructions 
Clk@ 153130449 Working on the # 220000 th memory instruction
Sampling stash size at 221000 req has stash size of: 29
Clk7 @ 154000000 Finished 221260 instructions 
Clk3 @ 155000000 Finished 222710 instructions 
Sampling stash size at 224000 req has stash size of: 24
Clk7 @ 156000000 Finished 224170 instructions 
Clk3 @ 157000000 Finished 225631 instructions 
Sampling stash size at 227000 req has stash size of: 38
Clk7 @ 158000000 Finished 227017 instructions 
Clk3 @ 159000000 Finished 228484 instructions 
Clk3 @ 160000000 Finished 229889 instructions 
Clk@ 160073400 Working on the # 230000 th memory instruction
Sampling stash size at 230000 req has stash size of: 22
Clk3 @ 161000000 Finished 231363 instructions 
Clk7 @ 162000000 Finished 232794 instructions 
Sampling stash size at 233000 req has stash size of: 38
Clk7 @ 163000000 Finished 234259 instructions 
Clk3 @ 164000000 Finished 235699 instructions 
Sampling stash size at 236000 req has stash size of: 21
Clk7 @ 165000000 Finished 237152 instructions 
Clk3 @ 166000000 Finished 238546 instructions 
Sampling stash size at 239000 req has stash size of: 41
Clk3 @ 167000000 Finished 239908 instructions 
Clk@ 167078564 Working on the # 240000 th memory instruction
Clk7 @ 168000000 Finished 241031 instructions 
Sampling stash size at 242000 req has stash size of: 33
Clk7 @ 169000000 Finished 242365 instructions 
Clk3 @ 170000000 Finished 243730 instructions 
Sampling stash size at 245000 req has stash size of: 27
Clk3 @ 171000000 Finished 245165 instructions 
Clk7 @ 172000000 Finished 246559 instructions 
Sampling stash size at 248000 req has stash size of: 25
Clk3 @ 173000000 Finished 248008 instructions 
Clk7 @ 174000000 Finished 249480 instructions 
Clk@ 174371259 Working on the # 250000 th memory instruction
Clk3 @ 175000000 Finished 250915 instructions 
Sampling stash size at 251000 req has stash size of: 31
Clk3 @ 176000000 Finished 252361 instructions 
Clk7 @ 177000000 Finished 253823 instructions 
Sampling stash size at 254000 req has stash size of: 33
Clk7 @ 178000000 Finished 255277 instructions 
Clk3 @ 179000000 Finished 256677 instructions 
Sampling stash size at 257000 req has stash size of: 32
Clk3 @ 180000000 Finished 258082 instructions 
Clk3 @ 181000000 Finished 259554 instructions 
Clk@ 181300969 Working on the # 260000 th memory instruction
Sampling stash size at 260000 req has stash size of: 29
Clk3 @ 182000000 Finished 261001 instructions 
Clk7 @ 183000000 Finished 262324 instructions 
Sampling stash size at 263000 req has stash size of: 34
Clk3 @ 184000000 Finished 263752 instructions 
Clk3 @ 185000000 Finished 265210 instructions 
Sampling stash size at 266000 req has stash size of: 31
Clk3 @ 186000000 Finished 266665 instructions 
Clk3 @ 187000000 Finished 268075 instructions 
Sampling stash size at 269000 req has stash size of: 29
Clk3 @ 188000000 Finished 269548 instructions 
Clk@ 188305373 Working on the # 270000 th memory instruction
Clk7 @ 189000000 Finished 271002 instructions 
Sampling stash size at 272000 req has stash size of: 43
Clk3 @ 190000000 Finished 272475 instructions 
Clk3 @ 191000000 Finished 273898 instructions 
Sampling stash size at 275000 req has stash size of: 31
Clk3 @ 192000000 Finished 275371 instructions 
Clk3 @ 193000000 Finished 276806 instructions 
Sampling stash size at 278000 req has stash size of: 25
Clk3 @ 195000000 Finished 279671 instructions 
Clk@ 195234437 Working on the # 280000 th memory instruction
Sampling stash size at 281000 req has stash size of: 33
Clk7 @ 196000000 Finished 281124 instructions 
Clk3 @ 197000000 Finished 282520 instructions 
Clk7 @ 198000000 Finished 283906 instructions 
Sampling stash size at 284000 req has stash size of: 29
Clk3 @ 199000000 Finished 285247 instructions 
Clk7 @ 200000000 Finished 286690 instructions 
Sampling stash size at 287000 req has stash size of: 37
Clk3 @ 201000000 Finished 288118 instructions 
Clk3 @ 202000000 Finished 289547 instructions 
Clk@ 202311099 Working on the # 290000 th memory instruction
Sampling stash size at 290000 req has stash size of: 32
Clk7 @ 203000000 Finished 290968 instructions 
Clk3 @ 204000000 Finished 292415 instructions 
Sampling stash size at 293000 req has stash size of: 30
Clk7 @ 205000000 Finished 293887 instructions 
Clk7 @ 206000000 Finished 295244 instructions 
Sampling stash size at 296000 req has stash size of: 35
Clk3 @ 207000000 Finished 296712 instructions 
Clk3 @ 208000000 Finished 298177 instructions 
Sampling stash size at 299000 req has stash size of: 30
Clk7 @ 209000000 Finished 299618 instructions 
Clk@ 209264575 Working on the # 300000 th memory instruction
Clk7 @ 210000000 Finished 301059 instructions 
Sampling stash size at 302000 req has stash size of: 37
Clk7 @ 211000000 Finished 302508 instructions 
Clk3 @ 212000000 Finished 303949 instructions 
Sampling stash size at 305000 req has stash size of: 41
Clk3 @ 213000000 Finished 305407 instructions 
Clk7 @ 214000000 Finished 306756 instructions 
Sampling stash size at 308000 req has stash size of: 34
Clk3 @ 215000000 Finished 308131 instructions 
Clk7 @ 216000000 Finished 309567 instructions 
Clk@ 216318483 Working on the # 310000 th memory instruction
Clk7 @ 217000000 Finished 311001 instructions 
Sampling stash size at 311000 req has stash size of: 28
Clk7 @ 218000000 Finished 312437 instructions 
Clk7 @ 219000000 Finished 313898 instructions 
Sampling stash size at 314000 req has stash size of: 35
Clk3 @ 220000000 Finished 315343 instructions 
Clk3 @ 221000000 Finished 316738 instructions 
Sampling stash size at 317000 req has stash size of: 34
Clk3 @ 222000000 Finished 318139 instructions 
Clk3 @ 223000000 Finished 319582 instructions 
Clk@ 223284017 Working on the # 320000 th memory instruction
Sampling stash size at 320000 req has stash size of: 32
Clk7 @ 224000000 Finished 321049 instructions 
Clk3 @ 225000000 Finished 322489 instructions 
Sampling stash size at 323000 req has stash size of: 30
Clk3 @ 226000000 Finished 323944 instructions 
Clk3 @ 227000000 Finished 325348 instructions 
Sampling stash size at 326000 req has stash size of: 16
Clk3 @ 228000000 Finished 326815 instructions 
Clk3 @ 229000000 Finished 328033 instructions 
Sampling stash size at 329000 req has stash size of: 40
Clk3 @ 230000000 Finished 329456 instructions 
Clk@ 230374320 Working on the # 330000 th memory instruction
Clk7 @ 231000000 Finished 330886 instructions 
Sampling stash size at 332000 req has stash size of: 35
Clk7 @ 232000000 Finished 332350 instructions 
Clk3 @ 233000000 Finished 333769 instructions 
Sampling stash size at 335000 req has stash size of: 26
Clk3 @ 234000000 Finished 335230 instructions 
Clk7 @ 235000000 Finished 336664 instructions 
Sampling stash size at 338000 req has stash size of: 31
Clk3 @ 236000000 Finished 338113 instructions 
Clk3 @ 237000000 Finished 339520 instructions 
Clk@ 237339719 Working on the # 340000 th memory instruction
Clk3 @ 238000000 Finished 340948 instructions 
Sampling stash size at 341000 req has stash size of: 35
Clk3 @ 239000000 Finished 342376 instructions 
Clk3 @ 240000000 Finished 343852 instructions 
Sampling stash size at 344000 req has stash size of: 29
Clk3 @ 241000000 Finished 345250 instructions 
Clk3 @ 242000000 Finished 346711 instructions 
Sampling stash size at 347000 req has stash size of: 32
Clk7 @ 243000000 Finished 348134 instructions 
Clk7 @ 244000000 Finished 349507 instructions 
Clk@ 244436151 Working on the # 350000 th memory instruction
Sampling stash size at 350000 req has stash size of: 30
Clk7 @ 245000000 Finished 350788 instructions 
Clk3 @ 246000000 Finished 352241 instructions 
Sampling stash size at 353000 req has stash size of: 30
Clk3 @ 247000000 Finished 353676 instructions 
Clk3 @ 248000000 Finished 355093 instructions 
Sampling stash size at 356000 req has stash size of: 34
Clk3 @ 249000000 Finished 356546 instructions 
Clk7 @ 250000000 Finished 358000 instructions 
Sampling stash size at 359000 req has stash size of: 36
Clk3 @ 251000000 Finished 359450 instructions 
Clk@ 251373418 Working on the # 360000 th memory instruction
Clk7 @ 252000000 Finished 360813 instructions 
Sampling stash size at 362000 req has stash size of: 33
Clk3 @ 253000000 Finished 362261 instructions 
Clk3 @ 254000000 Finished 363694 instructions 
Sampling stash size at 365000 req has stash size of: 23
Clk3 @ 255000000 Finished 365133 instructions 
Clk3 @ 256000000 Finished 366574 instructions 
Sampling stash size at 368000 req has stash size of: 27
Clk7 @ 257000000 Finished 368012 instructions 
Clk3 @ 258000000 Finished 369451 instructions 
Clk@ 258374165 Working on the # 370000 th memory instruction
Clk7 @ 259000000 Finished 370906 instructions 
Sampling stash size at 371000 req has stash size of: 34
Clk3 @ 260000000 Finished 372193 instructions 
Clk7 @ 261000000 Finished 373635 instructions 
Sampling stash size at 374000 req has stash size of: 30
Clk7 @ 262000000 Finished 375076 instructions 
Clk7 @ 263000000 Finished 376534 instructions 
Sampling stash size at 377000 req has stash size of: 28
Clk7 @ 264000000 Finished 377951 instructions 
Clk3 @ 265000000 Finished 379390 instructions 
Clk@ 265428382 Working on the # 380000 th memory instruction
Sampling stash size at 380000 req has stash size of: 30
Clk7 @ 266000000 Finished 380836 instructions 
Clk7 @ 267000000 Finished 382282 instructions 
Sampling stash size at 383000 req has stash size of: 36
Clk3 @ 268000000 Finished 383684 instructions 
Clk3 @ 269000000 Finished 385099 instructions 
Sampling stash size at 386000 req has stash size of: 31
Clk7 @ 270000000 Finished 386536 instructions 
Clk7 @ 271000000 Finished 387964 instructions 
Sampling stash size at 389000 req has stash size of: 33
Clk7 @ 272000000 Finished 389418 instructions 
Clk@ 272411311 Working on the # 390000 th memory instruction
Clk7 @ 273000000 Finished 390838 instructions 
Sampling stash size at 392000 req has stash size of: 42
Clk7 @ 274000000 Finished 392290 instructions 
Clk7 @ 275000000 Finished 393526 instructions 
Clk3 @ 276000000 Finished 394904 instructions 
Sampling stash size at 395000 req has stash size of: 45
Clk3 @ 277000000 Finished 396336 instructions 
Clk3 @ 278000000 Finished 397765 instructions 
Sampling stash size at 398000 req has stash size of: 49
Clk3 @ 279000000 Finished 399217 instructions 
Clk@ 279559802 Working on the # 400000 th memory instruction
Clk7 @ 280000000 Finished 400631 instructions 
Sampling stash size at 401000 req has stash size of: 40
Clk3 @ 281000000 Finished 402041 instructions 
Clk3 @ 282000000 Finished 403479 instructions 
Sampling stash size at 404000 req has stash size of: 36
Clk7 @ 283000000 Finished 404916 instructions 
Clk7 @ 284000000 Finished 406361 instructions 
Sampling stash size at 407000 req has stash size of: 33
Clk7 @ 285000000 Finished 407819 instructions 
Clk3 @ 286000000 Finished 409228 instructions 
Clk@ 286531718 Working on the # 410000 th memory instruction
Sampling stash size at 410000 req has stash size of: 30
Clk7 @ 287000000 Finished 410662 instructions 
Clk3 @ 288000000 Finished 412057 instructions 
Sampling stash size at 413000 req has stash size of: 29
Clk3 @ 289000000 Finished 413511 instructions 
Clk3 @ 290000000 Finished 414932 instructions 
Sampling stash size at 416000 req has stash size of: 34
Clk7 @ 291000000 Finished 416356 instructions 
Clk7 @ 292000000 Finished 417808 instructions 
Sampling stash size at 419000 req has stash size of: 33
Clk7 @ 293000000 Finished 419248 instructions 
Clk@ 293520327 Working on the # 420000 th memory instruction
Clk3 @ 294000000 Finished 420690 instructions 
Sampling stash size at 422000 req has stash size of: 38
Clk3 @ 295000000 Finished 422149 instructions 
Clk3 @ 296000000 Finished 423511 instructions 
Clk7 @ 297000000 Finished 424954 instructions 
Sampling stash size at 425000 req has stash size of: 28
Clk7 @ 298000000 Finished 426371 instructions 
Clk7 @ 299000000 Finished 427834 instructions 
Sampling stash size at 428000 req has stash size of: 30
Clk3 @ 300000000 Finished 429241 instructions 
Clk@ 300515304 Working on the # 430000 th memory instruction
Clk3 @ 301000000 Finished 430702 instructions 
Sampling stash size at 431000 req has stash size of: 39
Clk3 @ 302000000 Finished 432130 instructions 
Clk7 @ 303000000 Finished 433583 instructions 
Sampling stash size at 434000 req has stash size of: 32
Clk3 @ 304000000 Finished 434988 instructions 
Clk3 @ 305000000 Finished 436438 instructions 
Sampling stash size at 437000 req has stash size of: 43
Clk7 @ 306000000 Finished 437740 instructions 
Clk7 @ 307000000 Finished 439189 instructions 
Clk@ 307571807 Working on the # 440000 th memory instruction
Sampling stash size at 440000 req has stash size of: 32
Clk7 @ 308000000 Finished 440623 instructions 
Clk7 @ 309000000 Finished 442088 instructions 
Sampling stash size at 443000 req has stash size of: 34
Clk3 @ 310000000 Finished 443488 instructions 
Clk7 @ 311000000 Finished 444919 instructions 
Sampling stash size at 446000 req has stash size of: 40
Clk3 @ 312000000 Finished 446371 instructions 
Clk7 @ 313000000 Finished 447824 instructions 
Sampling stash size at 449000 req has stash size of: 23
Clk7 @ 314000000 Finished 449282 instructions 
Clk@ 314512062 Working on the # 450000 th memory instruction
Clk7 @ 315000000 Finished 450705 instructions 
Sampling stash size at 452000 req has stash size of: 35
Clk7 @ 316000000 Finished 452170 instructions 
Clk3 @ 317000000 Finished 453511 instructions 
Clk3 @ 318000000 Finished 454936 instructions 
Sampling stash size at 455000 req has stash size of: 34
Clk7 @ 319000000 Finished 456398 instructions 
Clk7 @ 320000000 Finished 457835 instructions 
Sampling stash size at 458000 req has stash size of: 24
Clk3 @ 321000000 Finished 459187 instructions 
Clk@ 321550591 Working on the # 460000 th memory instruction
Clk3 @ 322000000 Finished 460655 instructions 
Sampling stash size at 461000 req has stash size of: 24
Clk3 @ 323000000 Finished 462100 instructions 
Clk3 @ 324000000 Finished 463557 instructions 
Sampling stash size at 464000 req has stash size of: 35
Clk3 @ 325000000 Finished 464959 instructions 
Clk3 @ 326000000 Finished 466411 instructions 
Sampling stash size at 467000 req has stash size of: 32
Clk3 @ 327000000 Finished 467866 instructions 
Clk7 @ 328000000 Finished 469332 instructions 
Clk@ 328492795 Working on the # 470000 th memory instruction
Sampling stash size at 470000 req has stash size of: 32
Clk7 @ 329000000 Finished 470739 instructions 
Clk3 @ 330000000 Finished 472195 instructions 
Sampling stash size at 473000 req has stash size of: 36
Clk3 @ 331000000 Finished 473630 instructions 
Clk7 @ 331000000 Finished 473630 instructions 
Clk7 @ 332000000 Finished 475058 instructions 
Sampling stash size at 476000 req has stash size of: 35
Clk7 @ 333000000 Finished 476465 instructions 
Clk3 @ 334000000 Finished 477898 instructions 
Sampling stash size at 479000 req has stash size of: 39
Clk3 @ 335000000 Finished 479311 instructions 
Clk@ 335537888 Working on the # 480000 th memory instruction
Clk7 @ 336000000 Finished 480521 instructions 
Clk3 @ 337000000 Finished 481771 instructions 
Sampling stash size at 482000 req has stash size of: 42
Clk3 @ 338000000 Finished 483133 instructions 
Clk3 @ 339000000 Finished 484498 instructions 
Sampling stash size at 485000 req has stash size of: 32
Clk3 @ 340000000 Finished 485914 instructions 
Clk7 @ 341000000 Finished 487291 instructions 
Sampling stash size at 488000 req has stash size of: 22
Clk3 @ 342000000 Finished 488737 instructions 
Clk@ 342879379 Working on the # 490000 th memory instruction
Clk7 @ 343000000 Finished 490166 instructions 
Sampling stash size at 491000 req has stash size of: 33
Clk3 @ 344000000 Finished 491572 instructions 
Clk7 @ 345000000 Finished 492987 instructions 
Sampling stash size at 494000 req has stash size of: 33
Clk3 @ 346000000 Finished 494434 instructions 
Clk7 @ 347000000 Finished 495888 instructions 
Sampling stash size at 497000 req has stash size of: 27
Clk7 @ 348000000 Finished 497309 instructions 
Clk3 @ 349000000 Finished 498782 instructions 
Clk@ 349880874 Working on the # 500000 th memory instruction
Warm up done after line access count: 500000 out of 1000000 (50 %)
Sampling stash size at 500000 req has stash size of: 24
Clk3 @ 350000000 Finished 500174 instructions 
Clk3 @ 351000000 Finished 501629 instructions 
Sampling stash size at 503000 req has stash size of: 39
Clk7 @ 352000000 Finished 503031 instructions 
Clk7 @ 353000000 Finished 504468 instructions 
Clk3 @ 354000000 Finished 505923 instructions 
Sampling stash size at 506000 req has stash size of: 31
Clk3 @ 355000000 Finished 507361 instructions 
Clk7 @ 356000000 Finished 508798 instructions 
Sampling stash size at 509000 req has stash size of: 41
Clk@ 356838218 Working on the # 510000 th memory instruction
Clk7 @ 357000000 Finished 510242 instructions 
Clk3 @ 358000000 Finished 511702 instructions 
Sampling stash size at 512000 req has stash size of: 36
Clk7 @ 359000000 Finished 513121 instructions 
Clk7 @ 360000000 Finished 514430 instructions 
Sampling stash size at 515000 req has stash size of: 36
Clk3 @ 361000000 Finished 515892 instructions 
Clk3 @ 362000000 Finished 517330 instructions 
Sampling stash size at 518000 req has stash size of: 43
Clk3 @ 363000000 Finished 518777 instructions 
Clk@ 363848538 Working on the # 520000 th memory instruction
Clk3 @ 364000000 Finished 520211 instructions 
Sampling stash size at 521000 req has stash size of: 30
Clk7 @ 365000000 Finished 521623 instructions 
Clk3 @ 366000000 Finished 523067 instructions 
Sampling stash size at 524000 req has stash size of: 33
Clk3 @ 367000000 Finished 524347 instructions 
Clk3 @ 368000000 Finished 525697 instructions 
Sampling stash size at 527000 req has stash size of: 32
Clk7 @ 369000000 Finished 527119 instructions 
Clk3 @ 370000000 Finished 528575 instructions 
Clk7 @ 371000000 Finished 529999 instructions 
Clk@ 371001061 Working on the # 530000 th memory instruction
Sampling stash size at 530000 req has stash size of: 34
Clk7 @ 372000000 Finished 531443 instructions 
Clk7 @ 373000000 Finished 532885 instructions 
Sampling stash size at 533000 req has stash size of: 37
Clk3 @ 374000000 Finished 534325 instructions 
Clk3 @ 375000000 Finished 535687 instructions 
Sampling stash size at 536000 req has stash size of: 29
Clk3 @ 376000000 Finished 537146 instructions 
Clk3 @ 377000000 Finished 538594 instructions 
Sampling stash size at 539000 req has stash size of: 36
Clk@ 377965766 Working on the # 540000 th memory instruction
Clk7 @ 378000000 Finished 540047 instructions 
Clk7 @ 379000000 Finished 541460 instructions 
Sampling stash size at 542000 req has stash size of: 29
Clk3 @ 380000000 Finished 542917 instructions 
Clk3 @ 381000000 Finished 544387 instructions 
Sampling stash size at 545000 req has stash size of: 30
Clk7 @ 382000000 Finished 545826 instructions 
Clk3 @ 383000000 Finished 547172 instructions 
Sampling stash size at 548000 req has stash size of: 39
Clk7 @ 384000000 Finished 548623 instructions 
Clk@ 384961421 Working on the # 550000 th memory instruction
Clk3 @ 385000000 Finished 550059 instructions 
Sampling stash size at 551000 req has stash size of: 34
Clk3 @ 386000000 Finished 551504 instructions 
Clk3 @ 387000000 Finished 552928 instructions 
Sampling stash size at 554000 req has stash size of: 24
Clk3 @ 388000000 Finished 554377 instructions 
Clk7 @ 389000000 Finished 555801 instructions 
Sampling stash size at 557000 req has stash size of: 34
Clk7 @ 390000000 Finished 557168 instructions 
Clk3 @ 391000000 Finished 558606 instructions 
Clk@ 391977486 Working on the # 560000 th memory instruction
Sampling stash size at 560000 req has stash size of: 31
Clk3 @ 392000000 Finished 560035 instructions 
Clk3 @ 393000000 Finished 561491 instructions 
Clk7 @ 394000000 Finished 562894 instructions 
Sampling stash size at 563000 req has stash size of: 36
Clk7 @ 395000000 Finished 564284 instructions 
Clk7 @ 396000000 Finished 565697 instructions 
Sampling stash size at 566000 req has stash size of: 25
Clk7 @ 397000000 Finished 567138 instructions 
Clk7 @ 398000000 Finished 568349 instructions 
Sampling stash size at 569000 req has stash size of: 37
Clk3 @ 399000000 Finished 569803 instructions 
Clk@ 399129877 Working on the # 570000 th memory instruction
Clk3 @ 400000000 Finished 571220 instructions 
Clk7 @ 400000000 Finished 571220 instructions 
Sampling stash size at 572000 req has stash size of: 33
Clk3 @ 401000000 Finished 572677 instructions 
Clk7 @ 402000000 Finished 574075 instructions 
Sampling stash size at 575000 req has stash size of: 29
Clk3 @ 403000000 Finished 575494 instructions 
Clk3 @ 404000000 Finished 576937 instructions 
Sampling stash size at 578000 req has stash size of: 32
Clk3 @ 405000000 Finished 578385 instructions 
Clk3 @ 406000000 Finished 579773 instructions 
Clk@ 406150399 Working on the # 580000 th memory instruction
Sampling stash size at 581000 req has stash size of: 38
Clk3 @ 407000000 Finished 581183 instructions 
Clk7 @ 408000000 Finished 582625 instructions 
Sampling stash size at 584000 req has stash size of: 35
Clk7 @ 409000000 Finished 584088 instructions 
Clk3 @ 410000000 Finished 585520 instructions 
Clk7 @ 411000000 Finished 586963 instructions 
Sampling stash size at 587000 req has stash size of: 37
Clk3 @ 412000000 Finished 588409 instructions 
Clk7 @ 413000000 Finished 589816 instructions 
Clk@ 413192559 Working on the # 590000 th memory instruction
Sampling stash size at 590000 req has stash size of: 31
Clk7 @ 414000000 Finished 591136 instructions 
Clk7 @ 415000000 Finished 592575 instructions 
Sampling stash size at 593000 req has stash size of: 27
Clk3 @ 416000000 Finished 594020 instructions 
Clk3 @ 417000000 Finished 595456 instructions 
Sampling stash size at 596000 req has stash size of: 40
Clk3 @ 418000000 Finished 596924 instructions 
Clk3 @ 419000000 Finished 598349 instructions 
Sampling stash size at 599000 req has stash size of: 41
Clk3 @ 420000000 Finished 599751 instructions 
Clk@ 420172290 Working on the # 600000 th memory instruction
Clk7 @ 421000000 Finished 601165 instructions 
Sampling stash size at 602000 req has stash size of: 31
Clk3 @ 422000000 Finished 602614 instructions 
Clk3 @ 423000000 Finished 604072 instructions 
Sampling stash size at 605000 req has stash size of: 30
Clk3 @ 424000000 Finished 605479 instructions 
Clk7 @ 425000000 Finished 606901 instructions 
Sampling stash size at 608000 req has stash size of: 26
Clk3 @ 426000000 Finished 608344 instructions 
Clk3 @ 427000000 Finished 609786 instructions 
Clk@ 427145906 Working on the # 610000 th memory instruction
Sampling stash size at 611000 req has stash size of: 35
Clk7 @ 428000000 Finished 611215 instructions 
Clk7 @ 429000000 Finished 612515 instructions 
Clk3 @ 430000000 Finished 613957 instructions 
Sampling stash size at 614000 req has stash size of: 30
Clk7 @ 431000000 Finished 615362 instructions 
Clk3 @ 432000000 Finished 616749 instructions 
Sampling stash size at 617000 req has stash size of: 26
Clk7 @ 433000000 Finished 618178 instructions 
Clk7 @ 434000000 Finished 619642 instructions 
Clk@ 434284556 Working on the # 620000 th memory instruction
Sampling stash size at 620000 req has stash size of: 43
Clk3 @ 435000000 Finished 621037 instructions 
Clk7 @ 436000000 Finished 622486 instructions 
Sampling stash size at 623000 req has stash size of: 34
Clk7 @ 437000000 Finished 623890 instructions 
Clk7 @ 438000000 Finished 625313 instructions 
Sampling stash size at 626000 req has stash size of: 35
Clk3 @ 439000000 Finished 626749 instructions 
Clk3 @ 440000000 Finished 628192 instructions 
Sampling stash size at 629000 req has stash size of: 32
Clk3 @ 441000000 Finished 629638 instructions 
Clk@ 441243902 Working on the # 630000 th memory instruction
Clk7 @ 442000000 Finished 631058 instructions 
Sampling stash size at 632000 req has stash size of: 28
Clk7 @ 443000000 Finished 632504 instructions 
Clk7 @ 444000000 Finished 633786 instructions 
Sampling stash size at 635000 req has stash size of: 38
Clk3 @ 445000000 Finished 635233 instructions 
Clk3 @ 446000000 Finished 636671 instructions 
Sampling stash size at 638000 req has stash size of: 43
Clk3 @ 447000000 Finished 638131 instructions 
Clk7 @ 448000000 Finished 639541 instructions 
Clk@ 448316113 Working on the # 640000 th memory instruction
Clk7 @ 449000000 Finished 641000 instructions 
Sampling stash size at 641000 req has stash size of: 31
Clk7 @ 450000000 Finished 642454 instructions 
Clk3 @ 451000000 Finished 643906 instructions 
Sampling stash size at 644000 req has stash size of: 31
Clk7 @ 452000000 Finished 645302 instructions 
Clk7 @ 453000000 Finished 646739 instructions 
Sampling stash size at 647000 req has stash size of: 32
Clk7 @ 454000000 Finished 648196 instructions 
Clk3 @ 455000000 Finished 649645 instructions 
Clk@ 455279787 Working on the # 650000 th memory instruction
Sampling stash size at 650000 req has stash size of: 28
Clk3 @ 456000000 Finished 651016 instructions 
Clk7 @ 457000000 Finished 652471 instructions 
Sampling stash size at 653000 req has stash size of: 26
Clk3 @ 458000000 Finished 653908 instructions 
Clk7 @ 459000000 Finished 655228 instructions 
Sampling stash size at 656000 req has stash size of: 31
Clk3 @ 460000000 Finished 656432 instructions 
Clk3 @ 461000000 Finished 657852 instructions 
Sampling stash size at 659000 req has stash size of: 35
Clk7 @ 462000000 Finished 659285 instructions 
Clk@ 462503234 Working on the # 660000 th memory instruction
Clk7 @ 463000000 Finished 660712 instructions 
Sampling stash size at 662000 req has stash size of: 39
Clk3 @ 464000000 Finished 662126 instructions 
Clk3 @ 465000000 Finished 663565 instructions 
Sampling stash size at 665000 req has stash size of: 47
Clk7 @ 466000000 Finished 665016 instructions 
Clk7 @ 467000000 Finished 666391 instructions 
Clk3 @ 468000000 Finished 667810 instructions 
Sampling stash size at 668000 req has stash size of: 28
Clk3 @ 469000000 Finished 669239 instructions 
Clk@ 469522526 Working on the # 670000 th memory instruction
Clk7 @ 470000000 Finished 670693 instructions 
Sampling stash size at 671000 req has stash size of: 36
Clk7 @ 471000000 Finished 672096 instructions 
Clk7 @ 472000000 Finished 673550 instructions 
Sampling stash size at 674000 req has stash size of: 32
Clk7 @ 473000000 Finished 674989 instructions 
Clk3 @ 474000000 Finished 676417 instructions 
Sampling stash size at 677000 req has stash size of: 29
Clk7 @ 475000000 Finished 677781 instructions 
Clk3 @ 476000000 Finished 679224 instructions 
Clk@ 476549622 Working on the # 680000 th memory instruction
Sampling stash size at 680000 req has stash size of: 28
Clk7 @ 477000000 Finished 680626 instructions 
Clk7 @ 478000000 Finished 682072 instructions 
Sampling stash size at 683000 req has stash size of: 38
Clk7 @ 479000000 Finished 683501 instructions 
Clk3 @ 480000000 Finished 684929 instructions 
Sampling stash size at 686000 req has stash size of: 36
Clk7 @ 481000000 Finished 686377 instructions 
Clk7 @ 482000000 Finished 687832 instructions 
Sampling stash size at 689000 req has stash size of: 34
Clk3 @ 483000000 Finished 689176 instructions 
Clk@ 483563938 Working on the # 690000 th memory instruction
Clk3 @ 484000000 Finished 690637 instructions 
Sampling stash size at 692000 req has stash size of: 40
Clk7 @ 485000000 Finished 692069 instructions 
Clk7 @ 486000000 Finished 693503 instructions 
Clk3 @ 487000000 Finished 694924 instructions 
Sampling stash size at 695000 req has stash size of: 36
Clk7 @ 488000000 Finished 696316 instructions 
Clk3 @ 489000000 Finished 697712 instructions 
Sampling stash size at 698000 req has stash size of: 35
Clk3 @ 490000000 Finished 699025 instructions 
Clk@ 490829105 Working on the # 700000 th memory instruction
Clk3 @ 491000000 Finished 700222 instructions 
Sampling stash size at 701000 req has stash size of: 33
Clk7 @ 492000000 Finished 701623 instructions 
Clk3 @ 493000000 Finished 703084 instructions 
Sampling stash size at 704000 req has stash size of: 37
Clk7 @ 494000000 Finished 704497 instructions 
Clk7 @ 495000000 Finished 705889 instructions 
Sampling stash size at 707000 req has stash size of: 27
Clk3 @ 496000000 Finished 707332 instructions 
Clk7 @ 497000000 Finished 708776 instructions 
Clk@ 497891990 Working on the # 710000 th memory instruction
Sampling stash size at 710000 req has stash size of: 28
Clk7 @ 498000000 Finished 710146 instructions 
Clk3 @ 499000000 Finished 711587 instructions 
Sampling stash size at 713000 req has stash size of: 30
Clk7 @ 500000000 Finished 713014 instructions 
Clk3 @ 501000000 Finished 714468 instructions 
Clk7 @ 502000000 Finished 715888 instructions 
Sampling stash size at 716000 req has stash size of: 33
Clk3 @ 503000000 Finished 717341 instructions 
Clk3 @ 504000000 Finished 718747 instructions 
Sampling stash size at 719000 req has stash size of: 30
Clk@ 504858542 Working on the # 720000 th memory instruction
Clk7 @ 505000000 Finished 720205 instructions 
Clk3 @ 506000000 Finished 721478 instructions 
Sampling stash size at 722000 req has stash size of: 39
Clk7 @ 507000000 Finished 722932 instructions 
Clk7 @ 508000000 Finished 724354 instructions 
Sampling stash size at 725000 req has stash size of: 23
Clk3 @ 509000000 Finished 725809 instructions 
Clk3 @ 510000000 Finished 727189 instructions 
Sampling stash size at 728000 req has stash size of: 35
Clk7 @ 511000000 Finished 728645 instructions 
Clk@ 511952347 Working on the # 730000 th memory instruction
Clk7 @ 512000000 Finished 730071 instructions 
Sampling stash size at 731000 req has stash size of: 36
Clk3 @ 513000000 Finished 731509 instructions 
Clk7 @ 514000000 Finished 732915 instructions 
Sampling stash size at 734000 req has stash size of: 30
Clk3 @ 515000000 Finished 734359 instructions 
Clk7 @ 516000000 Finished 735771 instructions 
Sampling stash size at 737000 req has stash size of: 30
Clk7 @ 517000000 Finished 737228 instructions 
Clk7 @ 518000000 Finished 738628 instructions 
Clk@ 518945783 Working on the # 740000 th memory instruction
Sampling stash size at 740000 req has stash size of: 31
Clk3 @ 519000000 Finished 740070 instructions 
Clk3 @ 520000000 Finished 741508 instructions 
Clk3 @ 521000000 Finished 742826 instructions 
Sampling stash size at 743000 req has stash size of: 23
Clk3 @ 522000000 Finished 744172 instructions 
Clk3 @ 523000000 Finished 745586 instructions 
Sampling stash size at 746000 req has stash size of: 48
Clk3 @ 524000000 Finished 747048 instructions 
Clk3 @ 525000000 Finished 748455 instructions 
Sampling stash size at 749000 req has stash size of: 40
Clk7 @ 526000000 Finished 749890 instructions 
Clk@ 526073353 Working on the # 750000 th memory instruction
Clk7 @ 527000000 Finished 751326 instructions 
Sampling stash size at 752000 req has stash size of: 32
Clk7 @ 528000000 Finished 752777 instructions 
Clk7 @ 529000000 Finished 754163 instructions 
Sampling stash size at 755000 req has stash size of: 39
Clk7 @ 530000000 Finished 755587 instructions 
Clk3 @ 531000000 Finished 756989 instructions 
Sampling stash size at 758000 req has stash size of: 29
Clk3 @ 532000000 Finished 758432 instructions 
Clk3 @ 533000000 Finished 759862 instructions 
Clk@ 533097128 Working on the # 760000 th memory instruction
Sampling stash size at 761000 req has stash size of: 32
Clk3 @ 534000000 Finished 761302 instructions 
Clk7 @ 534000000 Finished 761302 instructions 
Clk7 @ 535000000 Finished 762733 instructions 
Sampling stash size at 764000 req has stash size of: 36
Clk3 @ 536000000 Finished 764179 instructions 
Clk7 @ 537000000 Finished 765538 instructions 
Clk7 @ 538000000 Finished 766979 instructions 
Sampling stash size at 767000 req has stash size of: 35
Clk7 @ 539000000 Finished 768397 instructions 
Clk7 @ 540000000 Finished 769788 instructions 
Clk@ 540145471 Working on the # 770000 th memory instruction
Sampling stash size at 770000 req has stash size of: 40
Clk7 @ 541000000 Finished 771216 instructions 
Clk7 @ 542000000 Finished 772634 instructions 
Sampling stash size at 773000 req has stash size of: 27
Clk3 @ 543000000 Finished 774061 instructions 
Clk3 @ 544000000 Finished 775504 instructions 
Sampling stash size at 776000 req has stash size of: 36
Clk3 @ 546000000 Finished 778339 instructions 
Sampling stash size at 779000 req has stash size of: 37
Clk7 @ 547000000 Finished 779762 instructions 
Clk@ 547163577 Working on the # 780000 th memory instruction
Clk3 @ 548000000 Finished 781159 instructions 
Sampling stash size at 782000 req has stash size of: 33
Clk3 @ 549000000 Finished 782606 instructions 
Clk7 @ 550000000 Finished 784036 instructions 
Sampling stash size at 785000 req has stash size of: 35
Clk7 @ 551000000 Finished 785470 instructions 
Clk3 @ 552000000 Finished 786664 instructions 
Clk7 @ 553000000 Finished 787967 instructions 
Sampling stash size at 788000 req has stash size of: 40
Clk7 @ 554000000 Finished 789385 instructions 
Clk@ 554428924 Working on the # 790000 th memory instruction
Clk3 @ 555000000 Finished 790807 instructions 
Sampling stash size at 791000 req has stash size of: 34
Clk3 @ 556000000 Finished 792226 instructions 
Clk3 @ 557000000 Finished 793651 instructions 
Sampling stash size at 794000 req has stash size of: 34
Clk7 @ 558000000 Finished 795062 instructions 
Clk3 @ 559000000 Finished 796477 instructions 
Sampling stash size at 797000 req has stash size of: 31
Clk3 @ 560000000 Finished 797894 instructions 
Clk7 @ 561000000 Finished 799298 instructions 
Clk@ 561486253 Working on the # 800000 th memory instruction
Sampling stash size at 800000 req has stash size of: 30
Clk3 @ 562000000 Finished 800727 instructions 
Clk3 @ 563000000 Finished 802112 instructions 
Sampling stash size at 803000 req has stash size of: 29
Clk3 @ 564000000 Finished 803555 instructions 
Clk7 @ 565000000 Finished 804965 instructions 
Sampling stash size at 806000 req has stash size of: 32
Clk3 @ 566000000 Finished 806409 instructions 
Clk7 @ 567000000 Finished 807834 instructions 
Sampling stash size at 809000 req has stash size of: 36
Clk3 @ 568000000 Finished 809233 instructions 
Clk@ 568532500 Working on the # 810000 th memory instruction
Clk7 @ 569000000 Finished 810676 instructions 
Sampling stash size at 812000 req has stash size of: 36
Clk7 @ 570000000 Finished 812098 instructions 
Clk7 @ 571000000 Finished 813546 instructions 
Clk7 @ 572000000 Finished 814966 instructions 
Sampling stash size at 815000 req has stash size of: 43
Clk3 @ 573000000 Finished 816401 instructions 
Clk7 @ 574000000 Finished 817747 instructions 
Sampling stash size at 818000 req has stash size of: 31
Clk7 @ 575000000 Finished 819193 instructions 
Clk@ 575569495 Working on the # 820000 th memory instruction
Clk7 @ 576000000 Finished 820618 instructions 
Sampling stash size at 821000 req has stash size of: 35
Clk7 @ 578000000 Finished 823375 instructions 
Sampling stash size at 824000 req has stash size of: 34
Clk7 @ 579000000 Finished 824805 instructions 
Clk3 @ 580000000 Finished 826225 instructions 
Sampling stash size at 827000 req has stash size of: 29
Clk3 @ 581000000 Finished 827638 instructions 
Clk3 @ 582000000 Finished 829092 instructions 
Clk@ 582643746 Working on the # 830000 th memory instruction
Sampling stash size at 830000 req has stash size of: 26
Clk3 @ 583000000 Finished 830431 instructions 
Clk7 @ 584000000 Finished 831869 instructions 
Sampling stash size at 833000 req has stash size of: 38
Clk3 @ 585000000 Finished 833305 instructions 
Clk7 @ 586000000 Finished 834763 instructions 
Sampling stash size at 836000 req has stash size of: 35
Clk3 @ 587000000 Finished 836155 instructions 
Clk7 @ 588000000 Finished 837593 instructions 
Sampling stash size at 839000 req has stash size of: 33
Clk7 @ 589000000 Finished 839026 instructions 
Clk@ 589676785 Working on the # 840000 th memory instruction
Clk7 @ 590000000 Finished 840473 instructions 
Clk7 @ 591000000 Finished 841897 instructions 
Sampling stash size at 842000 req has stash size of: 33
Clk7 @ 592000000 Finished 843334 instructions 
Clk3 @ 593000000 Finished 844771 instructions 
Sampling stash size at 845000 req has stash size of: 29
Clk3 @ 594000000 Finished 846214 instructions 
Clk7 @ 595000000 Finished 847484 instructions 
Sampling stash size at 848000 req has stash size of: 24
Clk3 @ 596000000 Finished 848905 instructions 
Clk@ 596764367 Working on the # 850000 th memory instruction
Clk7 @ 597000000 Finished 850345 instructions 
Sampling stash size at 851000 req has stash size of: 31
Clk7 @ 598000000 Finished 851767 instructions 
Clk7 @ 599000000 Finished 853160 instructions 
Sampling stash size at 854000 req has stash size of: 30
Clk3 @ 600000000 Finished 854608 instructions 
Clk7 @ 601000000 Finished 856051 instructions 
Sampling stash size at 857000 req has stash size of: 33
Clk3 @ 602000000 Finished 857432 instructions 
Clk3 @ 603000000 Finished 858847 instructions 
Clk@ 603793747 Working on the # 860000 th memory instruction
Sampling stash size at 860000 req has stash size of: 35
Clk7 @ 604000000 Finished 860281 instructions 
Clk7 @ 605000000 Finished 861728 instructions 
Sampling stash size at 863000 req has stash size of: 29
Clk3 @ 606000000 Finished 863155 instructions 
Clk3 @ 607000000 Finished 864581 instructions 
Sampling stash size at 866000 req has stash size of: 31
Clk3 @ 608000000 Finished 866008 instructions 
Clk3 @ 609000000 Finished 867462 instructions 
Clk7 @ 610000000 Finished 868818 instructions 
Sampling stash size at 869000 req has stash size of: 38
Clk@ 610823121 Working on the # 870000 th memory instruction
Clk3 @ 611000000 Finished 870255 instructions 
Clk3 @ 612000000 Finished 871688 instructions 
Sampling stash size at 872000 req has stash size of: 35
Clk3 @ 613000000 Finished 873098 instructions 
Clk3 @ 614000000 Finished 874336 instructions 
Sampling stash size at 875000 req has stash size of: 37
Clk7 @ 615000000 Finished 875765 instructions 
Clk7 @ 616000000 Finished 877194 instructions 
Sampling stash size at 878000 req has stash size of: 30
Clk3 @ 617000000 Finished 878629 instructions 
Clk@ 617971841 Working on the # 880000 th memory instruction
Clk7 @ 618000000 Finished 880039 instructions 
Sampling stash size at 881000 req has stash size of: 38
Clk3 @ 619000000 Finished 881487 instructions 
Clk3 @ 620000000 Finished 882926 instructions 
Sampling stash size at 884000 req has stash size of: 32
Clk7 @ 621000000 Finished 884373 instructions 
Clk3 @ 622000000 Finished 885727 instructions 
Sampling stash size at 887000 req has stash size of: 45
Clk3 @ 623000000 Finished 887160 instructions 
Clk7 @ 624000000 Finished 888587 instructions 
Clk7 @ 625000000 Finished 889993 instructions 
Clk@ 625004250 Working on the # 890000 th memory instruction
Sampling stash size at 890000 req has stash size of: 40
Clk3 @ 626000000 Finished 891445 instructions 
Clk3 @ 627000000 Finished 892875 instructions 
Sampling stash size at 893000 req has stash size of: 33
Clk3 @ 628000000 Finished 894319 instructions 
Clk3 @ 629000000 Finished 895715 instructions 
Sampling stash size at 896000 req has stash size of: 30
Clk7 @ 630000000 Finished 897163 instructions 
Clk3 @ 631000000 Finished 898612 instructions 
Sampling stash size at 899000 req has stash size of: 28
Clk3 @ 632000000 Finished 899980 instructions 
Clk@ 632012677 Working on the # 900000 th memory instruction
Clk7 @ 633000000 Finished 901412 instructions 
Sampling stash size at 902000 req has stash size of: 32
Clk7 @ 634000000 Finished 902853 instructions 
Clk7 @ 635000000 Finished 904300 instructions 
Sampling stash size at 905000 req has stash size of: 27
Clk3 @ 636000000 Finished 905720 instructions 
Clk3 @ 637000000 Finished 907000 instructions 
Sampling stash size at 908000 req has stash size of: 35
Clk3 @ 638000000 Finished 908414 instructions 
Clk7 @ 639000000 Finished 909865 instructions 
Clk@ 639090062 Working on the # 910000 th memory instruction
Sampling stash size at 911000 req has stash size of: 43
Clk3 @ 640000000 Finished 911311 instructions 
Clk3 @ 641000000 Finished 912751 instructions 
Sampling stash size at 914000 req has stash size of: 26
Clk7 @ 642000000 Finished 914198 instructions 
Clk3 @ 643000000 Finished 915592 instructions 
Sampling stash size at 917000 req has stash size of: 44
Clk7 @ 644000000 Finished 917034 instructions 
Clk7 @ 645000000 Finished 918322 instructions 
Clk3 @ 646000000 Finished 919771 instructions 
Clk@ 646155196 Working on the # 920000 th memory instruction
Sampling stash size at 920000 req has stash size of: 34
Clk3 @ 647000000 Finished 921205 instructions 
Clk3 @ 648000000 Finished 922666 instructions 
Sampling stash size at 923000 req has stash size of: 39
Clk7 @ 649000000 Finished 924088 instructions 
Clk3 @ 650000000 Finished 925543 instructions 
Sampling stash size at 926000 req has stash size of: 30
Clk7 @ 651000000 Finished 926962 instructions 
Clk3 @ 652000000 Finished 928372 instructions 
Sampling stash size at 929000 req has stash size of: 39
Clk3 @ 653000000 Finished 929747 instructions 
Clk@ 653180382 Working on the # 930000 th memory instruction
Clk3 @ 654000000 Finished 931186 instructions 
Sampling stash size at 932000 req has stash size of: 33
Clk7 @ 655000000 Finished 932620 instructions 
Clk3 @ 656000000 Finished 934027 instructions 
Sampling stash size at 935000 req has stash size of: 33
Clk3 @ 657000000 Finished 935479 instructions 
Clk7 @ 658000000 Finished 936930 instructions 
Sampling stash size at 938000 req has stash size of: 38
Clk3 @ 659000000 Finished 938374 instructions 
Clk3 @ 660000000 Finished 939721 instructions 
Clk@ 660193951 Working on the # 940000 th memory instruction
Sampling stash size at 941000 req has stash size of: 37
Clk3 @ 661000000 Finished 941162 instructions 
Clk7 @ 662000000 Finished 942580 instructions 
Sampling stash size at 944000 req has stash size of: 43
Clk7 @ 663000000 Finished 944034 instructions 
Clk3 @ 664000000 Finished 945426 instructions 
Clk3 @ 665000000 Finished 946867 instructions 
Sampling stash size at 947000 req has stash size of: 33
Clk3 @ 666000000 Finished 948322 instructions 
Clk7 @ 667000000 Finished 949735 instructions 
Clk@ 667188479 Working on the # 950000 th memory instruction
Sampling stash size at 950000 req has stash size of: 35
Clk3 @ 668000000 Finished 951082 instructions 
Clk7 @ 669000000 Finished 952516 instructions 
Sampling stash size at 953000 req has stash size of: 34
Clk7 @ 670000000 Finished 953952 instructions 
Clk3 @ 671000000 Finished 955396 instructions 
Sampling stash size at 956000 req has stash size of: 29
Clk7 @ 672000000 Finished 956819 instructions 
Clk7 @ 673000000 Finished 958243 instructions 
Sampling stash size at 959000 req has stash size of: 34
Clk7 @ 674000000 Finished 959584 instructions 
Clk@ 674303063 Working on the # 960000 th memory instruction
Clk7 @ 675000000 Finished 960874 instructions 
Sampling stash size at 962000 req has stash size of: 37
Clk3 @ 676000000 Finished 962086 instructions 
Clk3 @ 677000000 Finished 963483 instructions 
Clk7 @ 678000000 Finished 964827 instructions 
Sampling stash size at 965000 req has stash size of: 33
Clk7 @ 679000000 Finished 966261 instructions 
Clk3 @ 680000000 Finished 967625 instructions 
Sampling stash size at 968000 req has stash size of: 32
Clk7 @ 681000000 Finished 969058 instructions 
Clk@ 681658431 Working on the # 970000 th memory instruction
Clk7 @ 682000000 Finished 970489 instructions 
Sampling stash size at 971000 req has stash size of: 47
Clk3 @ 683000000 Finished 971917 instructions 
Clk3 @ 684000000 Finished 973300 instructions 
Sampling stash size at 974000 req has stash size of: 42
Clk7 @ 685000000 Finished 974708 instructions 
Clk3 @ 686000000 Finished 976129 instructions 
Sampling stash size at 977000 req has stash size of: 36
Clk3 @ 687000000 Finished 977566 instructions 
Clk3 @ 688000000 Finished 978982 instructions 
Clk@ 688700845 Working on the # 980000 th memory instruction
Sampling stash size at 980000 req has stash size of: 30
Clk7 @ 689000000 Finished 980425 instructions 
Clk3 @ 690000000 Finished 981880 instructions 
Sampling stash size at 983000 req has stash size of: 29
Clk7 @ 691000000 Finished 983204 instructions 
Clk7 @ 692000000 Finished 984622 instructions 
Sampling stash size at 986000 req has stash size of: 32
Clk3 @ 693000000 Finished 986060 instructions 
Clk7 @ 694000000 Finished 987493 instructions 
Clk7 @ 695000000 Finished 988929 instructions 
Sampling stash size at 989000 req has stash size of: 32
Clk@ 695738887 Working on the # 990000 th memory instruction
Clk7 @ 696000000 Finished 990383 instructions 
Clk7 @ 697000000 Finished 991775 instructions 
Sampling stash size at 992000 req has stash size of: 37
Clk3 @ 698000000 Finished 993184 instructions 
Clk7 @ 699000000 Finished 994599 instructions 
Sampling stash size at 995000 req has stash size of: 40
Clk3 @ 700000000 Finished 996043 instructions 
Clk7 @ 701000000 Finished 997491 instructions 
Sampling stash size at 998000 req has stash size of: 33
Clk3 @ 702000000 Finished 998869 instructions 
Clk@ 702800803 Working on the # 1000000 th memory instruction

===*** Data ***====
Stall reason distribution: 
mc_hazard: 0
normal: 0
rs_hazard: 0
rw_swtich: 0
Early reshuffle distribution: 
0: 0
1: 0
2: 0
3: 0
4: 0
5: 0
6: 0
7: 0
8: 13874
9: 62814
10: 62729
11: 62808
12: 62224
13: 61833
14: 61160
15: 59850
16: 56412
17: 50220
18: 37170
19: 14568
20: 2451
21: 274
22: 22
23: 2
24: 0
25: 0
26: 0
=================
Max stash size is: 59
Average stash size is: 13.1693
useful_read_pull_ddr: 500005 (0.91821) %
dummy_read_pull_ddr: 8609705 (15.8109) %
useful_early_pull_ddr: 1285988 (2.36159) %
useful_early_push_ddr: 426140 (0.782564) %
useful_write_pull_ddr: 12012166 (22.0592) %
useful_write_push_ddr: 3559541 (6.53675) %
dummy_early_pull_ddr: 391947 (0.719772) %
dummy_early_push_ddr: 2594143 (4.76389) %
dummy_write_pull_ddr: 133838 (0.24578) %
dummy_write_push_ddr: 24940858 (45.8014) %
=================
Stash violation number of times: 0
=================
Check NodeID traffic: 9749255
Update NodeID traffic: 191
=================
Read RS lines: 1000000 (34.6802) %
Write RS lines: 666666 (23.1201) %
Early RS lines: 1216822 (42.1997) %
Read DDR lines: 18219439 (17.2394) %
Write DDR lines: 78947830 (74.7011) %
Early DDR lines: 8517754 (8.05957) %

====*** pos1 ***====
Stall reason distribution: 
mc_hazard: 0
normal: 0
rs_hazard: 0
rw_swtich: 0
Early reshuffle distribution: 
0: 0
1: 0
2: 0
3: 0
4: 0
5: 13544
6: 62298
7: 62580
8: 62635
9: 62727
10: 62885
11: 62440
12: 62432
13: 61883
14: 61290
15: 59396
16: 56575
17: 50227
18: 37278
19: 14823
20: 2525
21: 253
22: 17
23: 1
=================
Max stash size is: 21
Average stash size is: 3.47171
useful_read_pull_ddr: 171581 (0.155064) %
dummy_read_pull_ddr: 18047187 (16.3099) %
useful_early_pull_ddr: 3169101 (2.86403) %
useful_early_push_ddr: 185453 (0.167601) %
useful_write_pull_ddr: 24255767 (21.9208) %
useful_write_push_ddr: 2513392 (2.27145) %
dummy_early_pull_ddr: 809944 (0.731976) %
dummy_early_push_ddr: 6976828 (6.30522) %
dummy_write_pull_ddr: 35873 (0.0324198) %
dummy_write_push_ddr: 54486551 (49.2415) %
=================
Stash violation number of times: 0
=================
Check NodeID traffic: 15060759
Update NodeID traffic: 64
=================
Read RS lines: 1000000 (30.691) %
Write RS lines: 666666 (20.4606) %
Early RS lines: 1591618 (48.8484) %
Read DDR lines: 18218768 (16.8213) %
Write DDR lines: 78947830 (72.892) %
Early DDR lines: 11141326 (10.2867) %

====*** pos2 ***====
Stall reason distribution: 
mc_hazard: 0
normal: 0
rs_hazard: 0
rw_swtich: 0
Early reshuffle distribution: 
0: 0
1: 0
2: 0
3: 0
4: 11344
5: 61746
6: 62105
7: 62415
8: 62698
9: 62619
10: 62953
11: 62503
12: 62214
13: 62047
14: 61235
15: 59745
16: 56479
17: 49956
18: 37170
19: 15004
20: 2618
=================
Max stash size is: 22
Average stash size is: 2.67131
useful_read_pull_ddr: 103611 (0.0998776) %
dummy_read_pull_ddr: 16083164 (15.5036) %
useful_early_pull_ddr: 3406461 (3.28372) %
useful_early_push_ddr: 126000 (0.12146) %
useful_write_pull_ddr: 21544265 (20.768) %
useful_write_push_ddr: 2116646 (2.04038) %
dummy_early_pull_ddr: 867794 (0.836525) %
dummy_early_push_ddr: 7567659 (7.29498) %
dummy_write_pull_ddr: 39043 (0.0376362) %
dummy_write_push_ddr: 51883300 (50.0138) %
=================
Stash violation number of times: 0
=================
Check NodeID traffic: 10496545
Update NodeID traffic: 37
=================
Read RS lines: 1000000 (29.6176) %
Write RS lines: 666666 (19.7451) %
Early RS lines: 1709702 (50.6373) %
Read DDR lines: 16186775 (16.4666) %
Write DDR lines: 70145751 (71.3585) %
Early DDR lines: 11967914 (12.1748) %
=================
The final DRAM clk is: 702806308 ticks.
Idle waiting clk is 335280542, which is 47.706 %
DRAM Frequency is: 1600MHz
The final time in ns is: 4.39254e+08 ns.
Time distribution: 
Data pull time is: 0
data: 0
pos1: 0
pos2: 0
Data distribution: 
Pos2 data: 98300440
Pos1 data: 108307924
Data: 105685023
Node access DDR: 19498510
Pull DDR: 18219439
WB DDR: 78947830
Early DDR: 8517754
Achieved BW is: 52.0658 GB/s
Ideal BW is: 102.4 GB/s
Metadata cache conclusion: 
overall_hit: 26113742 overall_total: 45608393
Cache Size 64 KB Overall Hit rate: 57.2564 %. 
Simulation done. Statistics written to my_output.txt
