Valid leaf ID range: 67108863:134217726
Num of top nodes: 67108864
Data level num of ways: 67108864
cached_total: 1
cached_total: 3
cached_total: 7
cached_total: 15
cached_total: 31
cached_total: 63
cached_total: 127
cached_total: 255
cached_total: 511
Total number of ORAM protected cache line blocks: 67108864
Cached number of levels: 8
Max number of levels: 27
Start lvl is: 0
data valid leaf right: 134217727
data num of levels: 27
data level num of ways: 67108864
data number of sets: 1
Cached node ID: 0 -- 455
Address space: 0 - 4 GB
pos1 valid leaf right: 16777215
pos1 num of levels: 24
pos1 level num of ways: 8388608
pos1 number of sets: 1
Cached node ID: 0 -- 56
Address space: 0 - 0.5 GB
pos2 valid leaf right: 2097151
pos2 num of levels: 21
pos2 level num of ways: 1048576
pos2 number of sets: 1
Cached node ID: 0 -- 28
Address space: 0 - 0.0625 GB
Clk7 @ 1000000 Finished 1150 instructions 
Sampling stash size at 2000 req has stash size of: 17
Clk7 @ 2000000 Finished 2551 instructions 
Sampling stash size at 5000 req has stash size of: 26
Clk7 @ 4000000 Finished 5440 instructions 
Clk3 @ 5000000 Finished 6894 instructions 
Sampling stash size at 8000 req has stash size of: 39
Clk3 @ 6000000 Finished 8314 instructions 
Clk3 @ 7000000 Finished 9781 instructions 
Clk@ 7142854 Working on the # 10000 th memory instruction
Sampling stash size at 11000 req has stash size of: 20
Clk7 @ 8000000 Finished 11234 instructions 
Clk3 @ 9000000 Finished 12682 instructions 
Sampling stash size at 14000 req has stash size of: 35
Clk3 @ 10000000 Finished 14183 instructions 
Clk7 @ 11000000 Finished 15572 instructions 
Sampling stash size at 17000 req has stash size of: 25
Clk7 @ 12000000 Finished 17053 instructions 
Clk7 @ 13000000 Finished 18514 instructions 
Clk3 @ 14000000 Finished 19977 instructions 
Clk@ 14016492 Working on the # 20000 th memory instruction
Sampling stash size at 20000 req has stash size of: 25
Clk3 @ 15000000 Finished 21445 instructions 
Clk7 @ 16000000 Finished 22877 instructions 
Sampling stash size at 23000 req has stash size of: 26
Clk7 @ 17000000 Finished 24346 instructions 
Clk3 @ 18000000 Finished 25784 instructions 
Sampling stash size at 26000 req has stash size of: 23
Clk3 @ 19000000 Finished 27288 instructions 
Clk7 @ 20000000 Finished 28763 instructions 
Sampling stash size at 29000 req has stash size of: 19
Clk@ 20855884 Working on the # 30000 th memory instruction
Clk3 @ 21000000 Finished 30130 instructions 
Clk3 @ 22000000 Finished 31542 instructions 
Sampling stash size at 32000 req has stash size of: 28
Clk3 @ 23000000 Finished 32975 instructions 
Clk7 @ 23000000 Finished 32975 instructions 
Clk7 @ 24000000 Finished 34469 instructions 
Sampling stash size at 35000 req has stash size of: 31
Clk7 @ 25000000 Finished 35905 instructions 
Clk3 @ 26000000 Finished 37374 instructions 
Sampling stash size at 38000 req has stash size of: 35
Clk3 @ 27000000 Finished 38815 instructions 
Clk@ 27805091 Working on the # 40000 th memory instruction
Clk7 @ 28000000 Finished 40292 instructions 
Sampling stash size at 41000 req has stash size of: 25
Clk3 @ 29000000 Finished 41718 instructions 
Clk3 @ 30000000 Finished 43196 instructions 
Sampling stash size at 44000 req has stash size of: 25
Clk7 @ 31000000 Finished 44602 instructions 
Clk3 @ 32000000 Finished 46063 instructions 
Sampling stash size at 47000 req has stash size of: 35
Clk7 @ 33000000 Finished 47521 instructions 
Clk3 @ 34000000 Finished 48982 instructions 
Clk@ 34753689 Working on the # 50000 th memory instruction
Sampling stash size at 50000 req has stash size of: 25
Clk3 @ 35000000 Finished 50363 instructions 
Clk7 @ 36000000 Finished 51844 instructions 
Sampling stash size at 53000 req has stash size of: 28
Clk3 @ 37000000 Finished 53309 instructions 
Clk3 @ 38000000 Finished 54766 instructions 
Sampling stash size at 56000 req has stash size of: 27
Clk3 @ 39000000 Finished 56248 instructions 
Clk7 @ 40000000 Finished 57701 instructions 
Sampling stash size at 59000 req has stash size of: 33
Clk3 @ 41000000 Finished 59182 instructions 
Clk@ 41598529 Working on the # 60000 th memory instruction
Clk7 @ 42000000 Finished 60433 instructions 
Clk3 @ 43000000 Finished 61834 instructions 
Sampling stash size at 62000 req has stash size of: 35
Clk3 @ 44000000 Finished 63316 instructions 
Clk3 @ 45000000 Finished 64774 instructions 
Sampling stash size at 65000 req has stash size of: 32
Clk7 @ 46000000 Finished 66193 instructions 
Clk7 @ 47000000 Finished 67656 instructions 
Sampling stash size at 68000 req has stash size of: 39
Clk3 @ 48000000 Finished 69134 instructions 
Clk@ 48593598 Working on the # 70000 th memory instruction
Clk3 @ 49000000 Finished 70585 instructions 
Sampling stash size at 71000 req has stash size of: 32
Clk7 @ 50000000 Finished 71995 instructions 
Clk7 @ 51000000 Finished 73453 instructions 
Sampling stash size at 74000 req has stash size of: 24
Clk3 @ 52000000 Finished 74901 instructions 
Clk7 @ 53000000 Finished 76376 instructions 
Sampling stash size at 77000 req has stash size of: 25
Clk3 @ 54000000 Finished 77771 instructions 
Clk7 @ 55000000 Finished 79210 instructions 
Clk@ 55538670 Working on the # 80000 th memory instruction
Sampling stash size at 80000 req has stash size of: 31
Clk7 @ 56000000 Finished 80689 instructions 
Clk7 @ 57000000 Finished 82081 instructions 
Sampling stash size at 83000 req has stash size of: 36
Clk3 @ 58000000 Finished 83536 instructions 
Clk7 @ 59000000 Finished 84997 instructions 
Sampling stash size at 86000 req has stash size of: 33
Clk3 @ 60000000 Finished 86455 instructions 
Clk3 @ 61000000 Finished 87804 instructions 
Sampling stash size at 89000 req has stash size of: 33
Clk7 @ 62000000 Finished 89270 instructions 
Clk@ 62491139 Working on the # 90000 th memory instruction
Clk3 @ 63000000 Finished 90721 instructions 
Sampling stash size at 92000 req has stash size of: 29
Clk7 @ 64000000 Finished 92171 instructions 
Clk7 @ 65000000 Finished 93593 instructions 
Sampling stash size at 95000 req has stash size of: 30
Clk7 @ 66000000 Finished 95060 instructions 
Clk7 @ 67000000 Finished 96520 instructions 
Clk7 @ 68000000 Finished 97955 instructions 
Sampling stash size at 98000 req has stash size of: 27
Clk3 @ 69000000 Finished 99289 instructions 
Clk@ 69486093 Working on the # 100000 th memory instruction
Clk7 @ 70000000 Finished 100756 instructions 
Sampling stash size at 101000 req has stash size of: 37
Clk7 @ 71000000 Finished 102220 instructions 
Clk3 @ 72000000 Finished 103681 instructions 
Sampling stash size at 104000 req has stash size of: 31
Clk3 @ 73000000 Finished 105145 instructions 
Clk7 @ 74000000 Finished 106579 instructions 
Sampling stash size at 107000 req has stash size of: 33
Clk3 @ 75000000 Finished 108055 instructions 
Clk7 @ 76000000 Finished 109465 instructions 
Clk@ 76362403 Working on the # 110000 th memory instruction
Sampling stash size at 110000 req has stash size of: 31
Clk7 @ 77000000 Finished 110935 instructions 
Clk7 @ 78000000 Finished 112397 instructions 
Sampling stash size at 113000 req has stash size of: 27
Clk7 @ 79000000 Finished 113819 instructions 
Clk3 @ 80000000 Finished 115280 instructions 
Sampling stash size at 116000 req has stash size of: 39
Clk3 @ 81000000 Finished 116738 instructions 
Clk3 @ 82000000 Finished 118195 instructions 
Sampling stash size at 119000 req has stash size of: 33
Clk7 @ 83000000 Finished 119635 instructions 
Clk@ 83293485 Working on the # 120000 th memory instruction
Clk3 @ 84000000 Finished 120811 instructions 
Sampling stash size at 122000 req has stash size of: 19
Clk3 @ 85000000 Finished 122180 instructions 
Clk7 @ 86000000 Finished 123605 instructions 
Sampling stash size at 125000 req has stash size of: 37
Clk3 @ 87000000 Finished 125080 instructions 
Clk7 @ 88000000 Finished 126548 instructions 
Sampling stash size at 128000 req has stash size of: 27
Clk3 @ 89000000 Finished 128014 instructions 
Clk7 @ 90000000 Finished 129435 instructions 
Clk@ 90381621 Working on the # 130000 th memory instruction
Clk3 @ 91000000 Finished 130895 instructions 
Sampling stash size at 131000 req has stash size of: 25
Clk7 @ 92000000 Finished 132255 instructions 
Clk3 @ 93000000 Finished 133724 instructions 
Sampling stash size at 134000 req has stash size of: 34
Clk7 @ 94000000 Finished 135170 instructions 
Clk3 @ 95000000 Finished 136624 instructions 
Sampling stash size at 137000 req has stash size of: 29
Clk3 @ 97000000 Finished 139537 instructions 
Clk@ 97315438 Working on the # 140000 th memory instruction
Sampling stash size at 140000 req has stash size of: 42
Clk7 @ 98000000 Finished 141002 instructions 
Clk3 @ 99000000 Finished 142351 instructions 
Sampling stash size at 143000 req has stash size of: 28
Clk3 @ 100000000 Finished 143801 instructions 
Clk3 @ 101000000 Finished 145237 instructions 
Sampling stash size at 146000 req has stash size of: 30
Clk7 @ 102000000 Finished 146701 instructions 
Clk3 @ 103000000 Finished 148102 instructions 
Sampling stash size at 149000 req has stash size of: 23
Clk7 @ 104000000 Finished 149580 instructions 
Clk@ 104297360 Working on the # 150000 th memory instruction
Clk7 @ 105000000 Finished 151042 instructions 
Sampling stash size at 152000 req has stash size of: 28
Clk3 @ 106000000 Finished 152497 instructions 
Clk7 @ 107000000 Finished 153874 instructions 
Sampling stash size at 155000 req has stash size of: 35
Clk7 @ 108000000 Finished 155281 instructions 
Clk7 @ 109000000 Finished 156721 instructions 
Sampling stash size at 158000 req has stash size of: 30
Clk7 @ 110000000 Finished 158176 instructions 
Clk3 @ 111000000 Finished 159592 instructions 
Clk@ 111285435 Working on the # 160000 th memory instruction
Sampling stash size at 161000 req has stash size of: 25
Clk3 @ 112000000 Finished 161066 instructions 
Clk7 @ 113000000 Finished 162505 instructions 
Clk7 @ 114000000 Finished 163867 instructions 
Sampling stash size at 164000 req has stash size of: 28
Clk7 @ 115000000 Finished 165266 instructions 
Clk3 @ 116000000 Finished 166716 instructions 
Sampling stash size at 167000 req has stash size of: 28
Clk3 @ 117000000 Finished 168184 instructions 
Clk3 @ 118000000 Finished 169634 instructions 
Clk@ 118254451 Working on the # 170000 th memory instruction
Sampling stash size at 170000 req has stash size of: 30
Clk7 @ 119000000 Finished 171069 instructions 
Clk3 @ 120000000 Finished 172528 instructions 
Sampling stash size at 173000 req has stash size of: 30
Clk3 @ 121000000 Finished 173995 instructions 
Clk3 @ 122000000 Finished 175292 instructions 
Sampling stash size at 176000 req has stash size of: 28
Clk3 @ 123000000 Finished 176752 instructions 
Clk3 @ 124000000 Finished 178198 instructions 
Sampling stash size at 179000 req has stash size of: 26
Clk3 @ 125000000 Finished 179666 instructions 
Clk@ 125224277 Working on the # 180000 th memory instruction
Clk3 @ 126000000 Finished 181081 instructions 
Sampling stash size at 182000 req has stash size of: 39
Clk3 @ 127000000 Finished 182523 instructions 
Clk7 @ 127000000 Finished 182523 instructions 
Clk3 @ 128000000 Finished 183976 instructions 
Sampling stash size at 185000 req has stash size of: 34
Clk7 @ 129000000 Finished 185425 instructions 
Clk7 @ 130000000 Finished 186793 instructions 
Sampling stash size at 188000 req has stash size of: 40
Clk7 @ 131000000 Finished 188256 instructions 
Clk3 @ 132000000 Finished 189694 instructions 
Clk@ 132211538 Working on the # 190000 th memory instruction
Sampling stash size at 191000 req has stash size of: 40
Clk3 @ 133000000 Finished 191152 instructions 
Clk7 @ 134000000 Finished 192568 instructions 
Sampling stash size at 194000 req has stash size of: 28
Clk7 @ 135000000 Finished 194012 instructions 
Clk3 @ 136000000 Finished 195444 instructions 
Clk7 @ 137000000 Finished 196774 instructions 
Sampling stash size at 197000 req has stash size of: 32
Clk7 @ 138000000 Finished 198186 instructions 
Clk3 @ 139000000 Finished 199630 instructions 
Clk@ 139259372 Working on the # 200000 th memory instruction
Sampling stash size at 200000 req has stash size of: 23
Clk3 @ 140000000 Finished 201061 instructions 
Clk3 @ 141000000 Finished 202514 instructions 
Sampling stash size at 203000 req has stash size of: 31
Clk7 @ 142000000 Finished 203984 instructions 
Clk3 @ 143000000 Finished 205407 instructions 
Sampling stash size at 206000 req has stash size of: 28
Clk3 @ 144000000 Finished 206848 instructions 
Clk3 @ 145000000 Finished 208273 instructions 
Sampling stash size at 209000 req has stash size of: 32
Clk3 @ 146000000 Finished 209728 instructions 
Clk@ 146188300 Working on the # 210000 th memory instruction
Clk3 @ 147000000 Finished 211190 instructions 
Sampling stash size at 212000 req has stash size of: 33
Clk7 @ 148000000 Finished 212599 instructions 
Clk7 @ 149000000 Finished 214061 instructions 
Sampling stash size at 215000 req has stash size of: 35
Clk3 @ 150000000 Finished 215516 instructions 
Clk3 @ 151000000 Finished 216982 instructions 
Sampling stash size at 218000 req has stash size of: 47
Clk7 @ 152000000 Finished 218383 instructions 
Clk3 @ 153000000 Finished 219772 instructions 
Clk@ 153162239 Working on the # 220000 th memory instruction
Sampling stash size at 221000 req has stash size of: 28
Clk7 @ 154000000 Finished 221219 instructions 
Clk3 @ 155000000 Finished 222661 instructions 
Sampling stash size at 224000 req has stash size of: 35
Clk3 @ 156000000 Finished 224131 instructions 
Clk3 @ 157000000 Finished 225604 instructions 
Clk3 @ 158000000 Finished 227004 instructions 
Sampling stash size at 227000 req has stash size of: 32
Clk3 @ 159000000 Finished 228478 instructions 
Clk7 @ 160000000 Finished 229880 instructions 
Clk@ 160081004 Working on the # 230000 th memory instruction
Sampling stash size at 230000 req has stash size of: 36
Clk7 @ 161000000 Finished 231355 instructions 
Clk7 @ 162000000 Finished 232773 instructions 
Sampling stash size at 233000 req has stash size of: 27
Clk7 @ 163000000 Finished 234232 instructions 
Clk7 @ 164000000 Finished 235676 instructions 
Sampling stash size at 236000 req has stash size of: 30
Clk7 @ 165000000 Finished 237130 instructions 
Clk3 @ 166000000 Finished 238514 instructions 
Sampling stash size at 239000 req has stash size of: 26
Clk3 @ 167000000 Finished 239884 instructions 
Clk@ 167096950 Working on the # 240000 th memory instruction
Clk7 @ 168000000 Finished 241012 instructions 
Sampling stash size at 242000 req has stash size of: 36
Clk3 @ 169000000 Finished 242344 instructions 
Clk7 @ 170000000 Finished 243715 instructions 
Sampling stash size at 245000 req has stash size of: 34
Clk3 @ 171000000 Finished 245143 instructions 
Clk3 @ 172000000 Finished 246540 instructions 
Clk3 @ 173000000 Finished 247987 instructions 
Sampling stash size at 248000 req has stash size of: 42
Clk3 @ 174000000 Finished 249472 instructions 
Clk@ 174377934 Working on the # 250000 th memory instruction
Clk3 @ 175000000 Finished 250909 instructions 
Sampling stash size at 251000 req has stash size of: 32
Clk3 @ 176000000 Finished 252357 instructions 
Clk7 @ 177000000 Finished 253812 instructions 
Sampling stash size at 254000 req has stash size of: 40
Clk3 @ 178000000 Finished 255265 instructions 
Clk7 @ 179000000 Finished 256672 instructions 
Sampling stash size at 257000 req has stash size of: 34
Clk7 @ 180000000 Finished 258072 instructions 
Clk7 @ 181000000 Finished 259537 instructions 
Clk@ 181310499 Working on the # 260000 th memory instruction
Sampling stash size at 260000 req has stash size of: 31
Clk3 @ 182000000 Finished 260983 instructions 
Clk7 @ 183000000 Finished 262307 instructions 
Sampling stash size at 263000 req has stash size of: 34
Clk3 @ 184000000 Finished 263735 instructions 
Clk3 @ 185000000 Finished 265198 instructions 
Sampling stash size at 266000 req has stash size of: 29
Clk7 @ 186000000 Finished 266651 instructions 
Clk3 @ 187000000 Finished 268068 instructions 
Sampling stash size at 269000 req has stash size of: 35
Clk3 @ 188000000 Finished 269527 instructions 
Clk@ 188316468 Working on the # 270000 th memory instruction
Clk7 @ 189000000 Finished 270976 instructions 
Sampling stash size at 272000 req has stash size of: 43
Clk3 @ 190000000 Finished 272452 instructions 
Clk7 @ 191000000 Finished 273871 instructions 
Sampling stash size at 275000 req has stash size of: 29
Clk3 @ 192000000 Finished 275344 instructions 
Clk7 @ 193000000 Finished 276784 instructions 
Sampling stash size at 278000 req has stash size of: 35
Clk3 @ 194000000 Finished 278251 instructions 
Clk7 @ 195000000 Finished 279648 instructions 
Clk@ 195247983 Working on the # 280000 th memory instruction
Sampling stash size at 281000 req has stash size of: 34
Clk3 @ 196000000 Finished 281110 instructions 
Clk7 @ 197000000 Finished 282508 instructions 
Clk7 @ 198000000 Finished 283899 instructions 
Sampling stash size at 284000 req has stash size of: 24
Clk3 @ 199000000 Finished 285247 instructions 
Clk7 @ 200000000 Finished 286682 instructions 
Sampling stash size at 287000 req has stash size of: 39
Clk3 @ 201000000 Finished 288109 instructions 
Clk7 @ 202000000 Finished 289535 instructions 
Clk@ 202320515 Working on the # 290000 th memory instruction
Sampling stash size at 290000 req has stash size of: 33
Clk3 @ 203000000 Finished 290950 instructions 
Clk3 @ 204000000 Finished 292401 instructions 
Sampling stash size at 293000 req has stash size of: 26
Clk7 @ 205000000 Finished 293865 instructions 
Clk7 @ 206000000 Finished 295219 instructions 
Sampling stash size at 296000 req has stash size of: 33
Clk3 @ 207000000 Finished 296687 instructions 
Clk3 @ 208000000 Finished 298145 instructions 
Sampling stash size at 299000 req has stash size of: 33
Clk3 @ 209000000 Finished 299590 instructions 
Clk@ 209284270 Working on the # 300000 th memory instruction
Clk7 @ 210000000 Finished 301033 instructions 
Sampling stash size at 302000 req has stash size of: 26
Clk7 @ 211000000 Finished 302473 instructions 
Clk3 @ 212000000 Finished 303913 instructions 
Sampling stash size at 305000 req has stash size of: 33
Clk3 @ 213000000 Finished 305376 instructions 
Clk7 @ 214000000 Finished 306730 instructions 
Sampling stash size at 308000 req has stash size of: 29
Clk3 @ 215000000 Finished 308114 instructions 
Clk3 @ 216000000 Finished 309554 instructions 
Clk@ 216326777 Working on the # 310000 th memory instruction
Clk3 @ 217000000 Finished 310980 instructions 
Clk7 @ 217000000 Finished 310980 instructions 
Sampling stash size at 311000 req has stash size of: 32
Clk7 @ 218000000 Finished 312415 instructions 
Clk3 @ 219000000 Finished 313876 instructions 
Sampling stash size at 314000 req has stash size of: 31
Clk3 @ 220000000 Finished 315322 instructions 
Clk7 @ 221000000 Finished 316726 instructions 
Sampling stash size at 317000 req has stash size of: 37
Clk7 @ 222000000 Finished 318123 instructions 
Clk7 @ 223000000 Finished 319570 instructions 
Clk@ 223291863 Working on the # 320000 th memory instruction
Sampling stash size at 320000 req has stash size of: 35
Clk7 @ 224000000 Finished 321046 instructions 
Clk3 @ 225000000 Finished 322486 instructions 
Sampling stash size at 323000 req has stash size of: 37
Clk3 @ 226000000 Finished 323935 instructions 
Clk7 @ 227000000 Finished 325345 instructions 
Sampling stash size at 326000 req has stash size of: 28
Clk3 @ 228000000 Finished 326811 instructions 
Clk3 @ 229000000 Finished 328030 instructions 
Sampling stash size at 329000 req has stash size of: 27
Clk3 @ 230000000 Finished 329449 instructions 
Clk@ 230379564 Working on the # 330000 th memory instruction
Clk3 @ 231000000 Finished 330868 instructions 
Sampling stash size at 332000 req has stash size of: 38
Clk3 @ 232000000 Finished 332332 instructions 
Clk3 @ 233000000 Finished 333748 instructions 
Sampling stash size at 335000 req has stash size of: 38
Clk3 @ 234000000 Finished 335207 instructions 
Clk3 @ 235000000 Finished 336642 instructions 
Sampling stash size at 338000 req has stash size of: 34
Clk3 @ 236000000 Finished 338089 instructions 
Clk3 @ 237000000 Finished 339490 instructions 
Clk@ 237359132 Working on the # 340000 th memory instruction
Clk7 @ 238000000 Finished 340918 instructions 
Sampling stash size at 341000 req has stash size of: 33
Clk3 @ 239000000 Finished 342338 instructions 
Clk7 @ 240000000 Finished 343811 instructions 
Sampling stash size at 344000 req has stash size of: 31
Clk3 @ 241000000 Finished 345214 instructions 
Clk3 @ 242000000 Finished 346675 instructions 
Sampling stash size at 347000 req has stash size of: 28
Clk3 @ 243000000 Finished 348109 instructions 
Clk7 @ 244000000 Finished 349486 instructions 
Clk@ 244461749 Working on the # 350000 th memory instruction
Sampling stash size at 350000 req has stash size of: 27
Clk7 @ 245000000 Finished 350752 instructions 
Clk3 @ 246000000 Finished 352211 instructions 
Sampling stash size at 353000 req has stash size of: 30
Clk7 @ 247000000 Finished 353639 instructions 
Clk3 @ 248000000 Finished 355045 instructions 
Sampling stash size at 356000 req has stash size of: 36
Clk3 @ 249000000 Finished 356497 instructions 
Clk7 @ 250000000 Finished 357947 instructions 
Sampling stash size at 359000 req has stash size of: 31
Clk3 @ 251000000 Finished 359392 instructions 
Clk@ 251412540 Working on the # 360000 th memory instruction
Clk3 @ 252000000 Finished 360761 instructions 
Sampling stash size at 362000 req has stash size of: 41
Clk3 @ 253000000 Finished 362218 instructions 
Clk3 @ 254000000 Finished 363644 instructions 
Sampling stash size at 365000 req has stash size of: 41
Clk3 @ 255000000 Finished 365092 instructions 
Clk3 @ 256000000 Finished 366520 instructions 
Clk3 @ 257000000 Finished 367957 instructions 
Sampling stash size at 368000 req has stash size of: 34
Clk7 @ 258000000 Finished 369392 instructions 
Clk@ 258412292 Working on the # 370000 th memory instruction
Clk7 @ 259000000 Finished 370859 instructions 
Sampling stash size at 371000 req has stash size of: 28
Clk3 @ 260000000 Finished 372155 instructions 
Clk7 @ 261000000 Finished 373603 instructions 
Sampling stash size at 374000 req has stash size of: 36
Clk7 @ 262000000 Finished 375032 instructions 
Clk7 @ 263000000 Finished 376498 instructions 
Sampling stash size at 377000 req has stash size of: 26
Clk3 @ 264000000 Finished 377909 instructions 
Clk3 @ 265000000 Finished 379342 instructions 
Clk@ 265460433 Working on the # 380000 th memory instruction
Sampling stash size at 380000 req has stash size of: 32
Clk7 @ 266000000 Finished 380783 instructions 
Clk3 @ 267000000 Finished 382228 instructions 
Sampling stash size at 383000 req has stash size of: 23
Clk3 @ 268000000 Finished 383631 instructions 
Clk3 @ 269000000 Finished 385037 instructions 
Sampling stash size at 386000 req has stash size of: 32
Clk3 @ 270000000 Finished 386480 instructions 
Clk3 @ 271000000 Finished 387919 instructions 
Sampling stash size at 389000 req has stash size of: 35
Clk3 @ 272000000 Finished 389365 instructions 
Clk@ 272447868 Working on the # 390000 th memory instruction
Clk3 @ 273000000 Finished 390785 instructions 
Sampling stash size at 392000 req has stash size of: 26
Clk3 @ 274000000 Finished 392239 instructions 
Clk3 @ 275000000 Finished 393486 instructions 
Clk3 @ 276000000 Finished 394858 instructions 
Sampling stash size at 395000 req has stash size of: 35
Clk7 @ 277000000 Finished 396301 instructions 
Clk7 @ 278000000 Finished 397718 instructions 
Sampling stash size at 398000 req has stash size of: 37
Clk3 @ 279000000 Finished 399166 instructions 
Clk@ 279591503 Working on the # 400000 th memory instruction
Clk3 @ 280000000 Finished 400579 instructions 
Sampling stash size at 401000 req has stash size of: 31
Clk3 @ 281000000 Finished 401998 instructions 
Clk7 @ 282000000 Finished 403439 instructions 
Sampling stash size at 404000 req has stash size of: 30
Clk3 @ 283000000 Finished 404856 instructions 
Clk3 @ 284000000 Finished 406297 instructions 
Sampling stash size at 407000 req has stash size of: 31
Clk3 @ 285000000 Finished 407752 instructions 
Clk7 @ 286000000 Finished 409152 instructions 
Clk@ 286588004 Working on the # 410000 th memory instruction
Sampling stash size at 410000 req has stash size of: 24
Clk7 @ 287000000 Finished 410591 instructions 
Clk3 @ 288000000 Finished 411976 instructions 
Sampling stash size at 413000 req has stash size of: 34
Clk7 @ 289000000 Finished 413429 instructions 
Clk7 @ 290000000 Finished 414858 instructions 
Sampling stash size at 416000 req has stash size of: 40
Clk3 @ 291000000 Finished 416266 instructions 
Clk7 @ 292000000 Finished 417724 instructions 
Sampling stash size at 419000 req has stash size of: 36
Clk3 @ 293000000 Finished 419155 instructions 
Clk@ 293582201 Working on the # 420000 th memory instruction
Clk7 @ 294000000 Finished 420596 instructions 
Sampling stash size at 422000 req has stash size of: 29
Clk3 @ 295000000 Finished 422066 instructions 
Clk3 @ 296000000 Finished 423429 instructions 
Clk7 @ 297000000 Finished 424862 instructions 
Sampling stash size at 425000 req has stash size of: 27
Clk7 @ 298000000 Finished 426289 instructions 
Clk3 @ 299000000 Finished 427750 instructions 
Sampling stash size at 428000 req has stash size of: 36
Clk7 @ 300000000 Finished 429162 instructions 
Clk@ 300568972 Working on the # 430000 th memory instruction
Clk3 @ 301000000 Finished 430630 instructions 
Sampling stash size at 431000 req has stash size of: 32
Clk3 @ 302000000 Finished 432055 instructions 
Clk3 @ 303000000 Finished 433510 instructions 
Sampling stash size at 434000 req has stash size of: 27
Clk3 @ 304000000 Finished 434916 instructions 
Clk3 @ 305000000 Finished 436366 instructions 
Sampling stash size at 437000 req has stash size of: 26
Clk7 @ 306000000 Finished 437659 instructions 
Clk7 @ 307000000 Finished 439117 instructions 
Clk@ 307618786 Working on the # 440000 th memory instruction
Sampling stash size at 440000 req has stash size of: 37
Clk3 @ 308000000 Finished 440557 instructions 
Clk3 @ 309000000 Finished 442025 instructions 
Sampling stash size at 443000 req has stash size of: 28
Clk7 @ 310000000 Finished 443432 instructions 
Clk7 @ 311000000 Finished 444857 instructions 
Sampling stash size at 446000 req has stash size of: 39
Clk3 @ 312000000 Finished 446314 instructions 
Clk7 @ 313000000 Finished 447769 instructions 
Sampling stash size at 449000 req has stash size of: 36
Clk7 @ 314000000 Finished 449212 instructions 
Clk@ 314562729 Working on the # 450000 th memory instruction
Clk7 @ 315000000 Finished 450625 instructions 
Sampling stash size at 452000 req has stash size of: 39
Clk7 @ 316000000 Finished 452110 instructions 
Clk7 @ 318000000 Finished 454878 instructions 
Sampling stash size at 455000 req has stash size of: 36
Clk7 @ 319000000 Finished 456351 instructions 
Clk7 @ 320000000 Finished 457780 instructions 
Sampling stash size at 458000 req has stash size of: 28
Clk3 @ 321000000 Finished 459139 instructions 
Clk@ 321585422 Working on the # 460000 th memory instruction
Clk7 @ 322000000 Finished 460595 instructions 
Sampling stash size at 461000 req has stash size of: 29
Clk3 @ 323000000 Finished 462046 instructions 
Clk7 @ 324000000 Finished 463504 instructions 
Sampling stash size at 464000 req has stash size of: 39
Clk3 @ 325000000 Finished 464902 instructions 
Clk3 @ 326000000 Finished 466355 instructions 
Sampling stash size at 467000 req has stash size of: 33
Clk3 @ 327000000 Finished 467803 instructions 
Clk3 @ 328000000 Finished 469275 instructions 
Clk@ 328532075 Working on the # 470000 th memory instruction
Sampling stash size at 470000 req has stash size of: 32
Clk7 @ 329000000 Finished 470693 instructions 
Clk3 @ 330000000 Finished 472141 instructions 
Sampling stash size at 473000 req has stash size of: 35
Clk3 @ 331000000 Finished 473568 instructions 
Clk7 @ 332000000 Finished 474997 instructions 
Sampling stash size at 476000 req has stash size of: 36
Clk7 @ 333000000 Finished 476401 instructions 
Clk7 @ 334000000 Finished 477845 instructions 
Sampling stash size at 479000 req has stash size of: 36
Clk7 @ 335000000 Finished 479265 instructions 
Clk@ 335577521 Working on the # 480000 th memory instruction
Clk7 @ 336000000 Finished 480472 instructions 
Clk7 @ 337000000 Finished 481708 instructions 
Sampling stash size at 482000 req has stash size of: 42
Clk7 @ 338000000 Finished 483076 instructions 
Clk7 @ 339000000 Finished 484434 instructions 
Sampling stash size at 485000 req has stash size of: 30
Clk7 @ 340000000 Finished 485848 instructions 
Clk7 @ 341000000 Finished 487226 instructions 
Sampling stash size at 488000 req has stash size of: 33
Clk7 @ 342000000 Finished 488678 instructions 
Clk@ 342923796 Working on the # 490000 th memory instruction
Sampling stash size at 491000 req has stash size of: 39
Clk7 @ 344000000 Finished 491534 instructions 
Clk7 @ 345000000 Finished 492932 instructions 
Sampling stash size at 494000 req has stash size of: 39
Clk3 @ 346000000 Finished 494384 instructions 
Clk7 @ 347000000 Finished 495835 instructions 
Sampling stash size at 497000 req has stash size of: 33
Clk3 @ 348000000 Finished 497249 instructions 
Clk3 @ 349000000 Finished 498719 instructions 
Clk@ 349919113 Working on the # 500000 th memory instruction
Warm up done after line access count: 500000 out of 1000000 (50 %)
Sampling stash size at 500000 req has stash size of: 37
Clk3 @ 350000000 Finished 500116 instructions 
Clk3 @ 351000000 Finished 501565 instructions 
Clk3 @ 352000000 Finished 502965 instructions 
Sampling stash size at 503000 req has stash size of: 29
Clk3 @ 353000000 Finished 504406 instructions 
Clk7 @ 354000000 Finished 505861 instructions 
Sampling stash size at 506000 req has stash size of: 32
Clk7 @ 355000000 Finished 507295 instructions 
Clk3 @ 356000000 Finished 508735 instructions 
Sampling stash size at 509000 req has stash size of: 24
Clk@ 356881775 Working on the # 510000 th memory instruction
Clk3 @ 357000000 Finished 510178 instructions 
Clk7 @ 358000000 Finished 511636 instructions 
Sampling stash size at 512000 req has stash size of: 26
Clk3 @ 359000000 Finished 513072 instructions 
Clk3 @ 360000000 Finished 514366 instructions 
Sampling stash size at 515000 req has stash size of: 33
Clk3 @ 361000000 Finished 515818 instructions 
Clk7 @ 362000000 Finished 517256 instructions 
Sampling stash size at 518000 req has stash size of: 28
Clk3 @ 363000000 Finished 518713 instructions 
Clk@ 363887835 Working on the # 520000 th memory instruction
Clk7 @ 364000000 Finished 520165 instructions 
Sampling stash size at 521000 req has stash size of: 29
Clk3 @ 365000000 Finished 521578 instructions 
Clk3 @ 366000000 Finished 523015 instructions 
Sampling stash size at 524000 req has stash size of: 32
Clk7 @ 367000000 Finished 524314 instructions 
Clk7 @ 368000000 Finished 525658 instructions 
Sampling stash size at 527000 req has stash size of: 24
Clk3 @ 369000000 Finished 527077 instructions 
Clk7 @ 370000000 Finished 528541 instructions 
Clk7 @ 371000000 Finished 529971 instructions 
Clk@ 371022394 Working on the # 530000 th memory instruction
Sampling stash size at 530000 req has stash size of: 30
Clk3 @ 372000000 Finished 531409 instructions 
Clk7 @ 373000000 Finished 532855 instructions 
Sampling stash size at 533000 req has stash size of: 34
Clk3 @ 374000000 Finished 534295 instructions 
Clk7 @ 375000000 Finished 535657 instructions 
Sampling stash size at 536000 req has stash size of: 32
Clk7 @ 376000000 Finished 537110 instructions 
Clk3 @ 377000000 Finished 538555 instructions 
Sampling stash size at 539000 req has stash size of: 45
Clk@ 377989284 Working on the # 540000 th memory instruction
Clk7 @ 378000000 Finished 540016 instructions 
Clk7 @ 379000000 Finished 541421 instructions 
Sampling stash size at 542000 req has stash size of: 39
Clk7 @ 380000000 Finished 542886 instructions 
Clk7 @ 381000000 Finished 544345 instructions 
Sampling stash size at 545000 req has stash size of: 37
Clk7 @ 382000000 Finished 545797 instructions 
Clk7 @ 383000000 Finished 547126 instructions 
Sampling stash size at 548000 req has stash size of: 26
Clk3 @ 384000000 Finished 548582 instructions 
Clk@ 384991620 Working on the # 550000 th memory instruction
Clk3 @ 385000000 Finished 550012 instructions 
Sampling stash size at 551000 req has stash size of: 33
Clk3 @ 386000000 Finished 551461 instructions 
Clk7 @ 387000000 Finished 552874 instructions 
Sampling stash size at 554000 req has stash size of: 42
Clk7 @ 388000000 Finished 554329 instructions 
Clk3 @ 389000000 Finished 555743 instructions 
Sampling stash size at 557000 req has stash size of: 29
Clk3 @ 390000000 Finished 557127 instructions 
Clk7 @ 391000000 Finished 558553 instructions 
Clk7 @ 392000000 Finished 559991 instructions 
Clk@ 392005193 Working on the # 560000 th memory instruction
Sampling stash size at 560000 req has stash size of: 44
Clk3 @ 393000000 Finished 561442 instructions 
Clk3 @ 394000000 Finished 562856 instructions 
Sampling stash size at 563000 req has stash size of: 27
Clk7 @ 395000000 Finished 564247 instructions 
Clk3 @ 396000000 Finished 565649 instructions 
Sampling stash size at 566000 req has stash size of: 33
Clk3 @ 397000000 Finished 567097 instructions 
Clk3 @ 398000000 Finished 568306 instructions 
Sampling stash size at 569000 req has stash size of: 35
Clk7 @ 399000000 Finished 569743 instructions 
Clk@ 399172179 Working on the # 570000 th memory instruction
Clk7 @ 400000000 Finished 571166 instructions 
Sampling stash size at 572000 req has stash size of: 39
Clk3 @ 401000000 Finished 572635 instructions 
Clk7 @ 402000000 Finished 574034 instructions 
Sampling stash size at 575000 req has stash size of: 41
Clk3 @ 403000000 Finished 575467 instructions 
Clk3 @ 404000000 Finished 576912 instructions 
Sampling stash size at 578000 req has stash size of: 33
Clk7 @ 405000000 Finished 578368 instructions 
Clk7 @ 406000000 Finished 579751 instructions 
Clk@ 406168418 Working on the # 580000 th memory instruction
Sampling stash size at 581000 req has stash size of: 29
Clk3 @ 407000000 Finished 581161 instructions 
Clk3 @ 408000000 Finished 582596 instructions 
Sampling stash size at 584000 req has stash size of: 24
Clk3 @ 409000000 Finished 584053 instructions 
Clk7 @ 409000000 Finished 584053 instructions 
Clk3 @ 410000000 Finished 585478 instructions 
Clk3 @ 411000000 Finished 586931 instructions 
Sampling stash size at 587000 req has stash size of: 24
Clk7 @ 412000000 Finished 588375 instructions 
Clk7 @ 413000000 Finished 589792 instructions 
Clk@ 413218153 Working on the # 590000 th memory instruction
Sampling stash size at 590000 req has stash size of: 33
Clk3 @ 414000000 Finished 591102 instructions 
Clk7 @ 415000000 Finished 592539 instructions 
Sampling stash size at 593000 req has stash size of: 37
Clk3 @ 416000000 Finished 593985 instructions 
Clk3 @ 417000000 Finished 595416 instructions 
Sampling stash size at 596000 req has stash size of: 34
Clk3 @ 418000000 Finished 596884 instructions 
Clk3 @ 419000000 Finished 598309 instructions 
Sampling stash size at 599000 req has stash size of: 30
Clk7 @ 420000000 Finished 599716 instructions 
Clk@ 420197617 Working on the # 600000 th memory instruction
Clk3 @ 421000000 Finished 601120 instructions 
Sampling stash size at 602000 req has stash size of: 36
Clk3 @ 422000000 Finished 602569 instructions 
Clk7 @ 423000000 Finished 604027 instructions 
Sampling stash size at 605000 req has stash size of: 34
Clk7 @ 424000000 Finished 605436 instructions 
Clk3 @ 425000000 Finished 606865 instructions 
Sampling stash size at 608000 req has stash size of: 31
Clk7 @ 426000000 Finished 608302 instructions 
Clk7 @ 427000000 Finished 609742 instructions 
Clk@ 427174003 Working on the # 610000 th memory instruction
Sampling stash size at 611000 req has stash size of: 33
Clk7 @ 428000000 Finished 611186 instructions 
Clk7 @ 429000000 Finished 612475 instructions 
Clk7 @ 430000000 Finished 613916 instructions 
Sampling stash size at 614000 req has stash size of: 36
Clk7 @ 431000000 Finished 615323 instructions 
Clk7 @ 432000000 Finished 616708 instructions 
Sampling stash size at 617000 req has stash size of: 34
Clk7 @ 433000000 Finished 618138 instructions 
Clk3 @ 434000000 Finished 619591 instructions 
Clk@ 434317039 Working on the # 620000 th memory instruction
Sampling stash size at 620000 req has stash size of: 40
Clk3 @ 435000000 Finished 620991 instructions 
Clk3 @ 436000000 Finished 622436 instructions 
Sampling stash size at 623000 req has stash size of: 34
Clk7 @ 437000000 Finished 623845 instructions 
Clk3 @ 438000000 Finished 625273 instructions 
Sampling stash size at 626000 req has stash size of: 25
Clk7 @ 439000000 Finished 626703 instructions 
Clk7 @ 440000000 Finished 628153 instructions 
Sampling stash size at 629000 req has stash size of: 31
Clk3 @ 441000000 Finished 629603 instructions 
Clk@ 441268456 Working on the # 630000 th memory instruction
Clk7 @ 442000000 Finished 631024 instructions 
Sampling stash size at 632000 req has stash size of: 36
Clk3 @ 443000000 Finished 632474 instructions 
Clk3 @ 444000000 Finished 633766 instructions 
Sampling stash size at 635000 req has stash size of: 34
Clk7 @ 445000000 Finished 635213 instructions 
Clk7 @ 446000000 Finished 636649 instructions 
Sampling stash size at 638000 req has stash size of: 33
Clk3 @ 447000000 Finished 638107 instructions 
Clk3 @ 448000000 Finished 639522 instructions 
Clk@ 448330986 Working on the # 640000 th memory instruction
Clk7 @ 449000000 Finished 640981 instructions 
Sampling stash size at 641000 req has stash size of: 31
Clk3 @ 450000000 Finished 642442 instructions 
Clk7 @ 451000000 Finished 643894 instructions 
Sampling stash size at 644000 req has stash size of: 38
Clk7 @ 452000000 Finished 645292 instructions 
Clk7 @ 453000000 Finished 646730 instructions 
Sampling stash size at 647000 req has stash size of: 35
Clk3 @ 454000000 Finished 648184 instructions 
Clk3 @ 455000000 Finished 649632 instructions 
Clk@ 455289471 Working on the # 650000 th memory instruction
Sampling stash size at 650000 req has stash size of: 37
Clk3 @ 456000000 Finished 651010 instructions 
Clk3 @ 457000000 Finished 652462 instructions 
Sampling stash size at 653000 req has stash size of: 26
Clk3 @ 458000000 Finished 653893 instructions 
Clk3 @ 459000000 Finished 655214 instructions 
Sampling stash size at 656000 req has stash size of: 24
Clk7 @ 460000000 Finished 656416 instructions 
Clk7 @ 461000000 Finished 657838 instructions 
Sampling stash size at 659000 req has stash size of: 40
Clk7 @ 462000000 Finished 659269 instructions 
Clk@ 462510977 Working on the # 660000 th memory instruction
Clk3 @ 463000000 Finished 660697 instructions 
Sampling stash size at 662000 req has stash size of: 39
Clk7 @ 464000000 Finished 662110 instructions 
Clk3 @ 465000000 Finished 663558 instructions 
Clk7 @ 466000000 Finished 665007 instructions 
Sampling stash size at 665000 req has stash size of: 31
Clk3 @ 467000000 Finished 666385 instructions 
Clk7 @ 468000000 Finished 667810 instructions 
Sampling stash size at 668000 req has stash size of: 30
Clk7 @ 469000000 Finished 669245 instructions 
Clk@ 469516961 Working on the # 670000 th memory instruction
Clk7 @ 470000000 Finished 670705 instructions 
Sampling stash size at 671000 req has stash size of: 42
Clk3 @ 471000000 Finished 672103 instructions 
Clk7 @ 472000000 Finished 673556 instructions 
Sampling stash size at 674000 req has stash size of: 25
Clk7 @ 473000000 Finished 675002 instructions 
Clk3 @ 474000000 Finished 676441 instructions 
Sampling stash size at 677000 req has stash size of: 39
Clk3 @ 475000000 Finished 677813 instructions 
Clk7 @ 476000000 Finished 679255 instructions 
Clk@ 476528147 Working on the # 680000 th memory instruction
Sampling stash size at 680000 req has stash size of: 30
Clk7 @ 477000000 Finished 680645 instructions 
Clk3 @ 478000000 Finished 682105 instructions 
Sampling stash size at 683000 req has stash size of: 36
Clk7 @ 479000000 Finished 683533 instructions 
Clk3 @ 480000000 Finished 684951 instructions 
Clk7 @ 480000000 Finished 684951 instructions 
Sampling stash size at 686000 req has stash size of: 32
Clk7 @ 481000000 Finished 686403 instructions 
Clk3 @ 482000000 Finished 687856 instructions 
Sampling stash size at 689000 req has stash size of: 37
Clk7 @ 483000000 Finished 689202 instructions 
Clk@ 483547727 Working on the # 690000 th memory instruction
Clk7 @ 484000000 Finished 690659 instructions 
Sampling stash size at 692000 req has stash size of: 25
Clk3 @ 485000000 Finished 692089 instructions 
Clk3 @ 486000000 Finished 693529 instructions 
Clk7 @ 487000000 Finished 694954 instructions 
Sampling stash size at 695000 req has stash size of: 36
Clk3 @ 488000000 Finished 696337 instructions 
Clk7 @ 489000000 Finished 697736 instructions 
Sampling stash size at 698000 req has stash size of: 26
Clk7 @ 490000000 Finished 699039 instructions 
Clk@ 490817229 Working on the # 700000 th memory instruction
Clk3 @ 491000000 Finished 700241 instructions 
Sampling stash size at 701000 req has stash size of: 29
Clk3 @ 492000000 Finished 701644 instructions 
Clk7 @ 493000000 Finished 703100 instructions 
Sampling stash size at 704000 req has stash size of: 29
Clk7 @ 494000000 Finished 704512 instructions 
Clk7 @ 495000000 Finished 705910 instructions 
Sampling stash size at 707000 req has stash size of: 32
Clk7 @ 496000000 Finished 707356 instructions 
Clk7 @ 497000000 Finished 708784 instructions 
Clk@ 497888198 Working on the # 710000 th memory instruction
Sampling stash size at 710000 req has stash size of: 32
Clk3 @ 498000000 Finished 710149 instructions 
Clk3 @ 499000000 Finished 711592 instructions 
Sampling stash size at 713000 req has stash size of: 34
Clk7 @ 500000000 Finished 713025 instructions 
Clk7 @ 501000000 Finished 714487 instructions 
Clk3 @ 502000000 Finished 715904 instructions 
Sampling stash size at 716000 req has stash size of: 41
Clk7 @ 503000000 Finished 717361 instructions 
Clk7 @ 504000000 Finished 718777 instructions 
Sampling stash size at 719000 req has stash size of: 33
Clk@ 504836467 Working on the # 720000 th memory instruction
Clk7 @ 505000000 Finished 720230 instructions 
Clk3 @ 506000000 Finished 721519 instructions 
Sampling stash size at 722000 req has stash size of: 45
Clk7 @ 507000000 Finished 722959 instructions 
Clk3 @ 508000000 Finished 724400 instructions 
Sampling stash size at 725000 req has stash size of: 35
Clk7 @ 509000000 Finished 725851 instructions 
Clk7 @ 510000000 Finished 727227 instructions 
Sampling stash size at 728000 req has stash size of: 32
Clk7 @ 511000000 Finished 728686 instructions 
Clk@ 511931857 Working on the # 730000 th memory instruction
Clk7 @ 512000000 Finished 730101 instructions 
Sampling stash size at 731000 req has stash size of: 37
Clk7 @ 513000000 Finished 731533 instructions 
Clk7 @ 514000000 Finished 732940 instructions 
Sampling stash size at 734000 req has stash size of: 31
Clk7 @ 515000000 Finished 734388 instructions 
Clk7 @ 516000000 Finished 735803 instructions 
Sampling stash size at 737000 req has stash size of: 35
Clk7 @ 517000000 Finished 737251 instructions 
Clk3 @ 518000000 Finished 738650 instructions 
Clk@ 518925185 Working on the # 740000 th memory instruction
Sampling stash size at 740000 req has stash size of: 42
Clk3 @ 519000000 Finished 740096 instructions 
Clk3 @ 520000000 Finished 741550 instructions 
Clk3 @ 521000000 Finished 742853 instructions 
Sampling stash size at 743000 req has stash size of: 30
Clk7 @ 522000000 Finished 744206 instructions 
Clk7 @ 523000000 Finished 745622 instructions 
Sampling stash size at 746000 req has stash size of: 34
Clk3 @ 524000000 Finished 747079 instructions 
Clk3 @ 525000000 Finished 748489 instructions 
Sampling stash size at 749000 req has stash size of: 29
Clk3 @ 526000000 Finished 749930 instructions 
Clk@ 526045752 Working on the # 750000 th memory instruction
Clk3 @ 527000000 Finished 751366 instructions 
Sampling stash size at 752000 req has stash size of: 34
Clk7 @ 528000000 Finished 752812 instructions 
Clk3 @ 529000000 Finished 754216 instructions 
Sampling stash size at 755000 req has stash size of: 30
Clk7 @ 530000000 Finished 755655 instructions 
Clk7 @ 531000000 Finished 757055 instructions 
Sampling stash size at 758000 req has stash size of: 39
Clk7 @ 532000000 Finished 758492 instructions 
Clk3 @ 533000000 Finished 759925 instructions 
Clk@ 533053811 Working on the # 760000 th memory instruction
Sampling stash size at 761000 req has stash size of: 36
Clk7 @ 534000000 Finished 761371 instructions 
Clk7 @ 535000000 Finished 762797 instructions 
Sampling stash size at 764000 req has stash size of: 34
Clk7 @ 536000000 Finished 764246 instructions 
Clk7 @ 537000000 Finished 765612 instructions 
Sampling stash size at 767000 req has stash size of: 33
Clk7 @ 538000000 Finished 767044 instructions 
Clk7 @ 539000000 Finished 768469 instructions 
Clk3 @ 540000000 Finished 769864 instructions 
Clk@ 540098052 Working on the # 770000 th memory instruction
Sampling stash size at 770000 req has stash size of: 36
Clk7 @ 541000000 Finished 771291 instructions 
Clk3 @ 542000000 Finished 772720 instructions 
Sampling stash size at 773000 req has stash size of: 39
Clk7 @ 543000000 Finished 774142 instructions 
Clk7 @ 544000000 Finished 775552 instructions 
Sampling stash size at 776000 req has stash size of: 35
Clk3 @ 545000000 Finished 776970 instructions 
Clk7 @ 545000000 Finished 776970 instructions 
Clk3 @ 546000000 Finished 778397 instructions 
Sampling stash size at 779000 req has stash size of: 34
Clk3 @ 547000000 Finished 779812 instructions 
Clk@ 547129457 Working on the # 780000 th memory instruction
Clk3 @ 548000000 Finished 781213 instructions 
Sampling stash size at 782000 req has stash size of: 27
Clk3 @ 549000000 Finished 782659 instructions 
Clk3 @ 550000000 Finished 784082 instructions 
Sampling stash size at 785000 req has stash size of: 37
Clk7 @ 551000000 Finished 785516 instructions 
Clk3 @ 552000000 Finished 786700 instructions 
Sampling stash size at 788000 req has stash size of: 30
Clk3 @ 553000000 Finished 788014 instructions 
Clk7 @ 554000000 Finished 789436 instructions 
Clk@ 554400513 Working on the # 790000 th memory instruction
Clk3 @ 555000000 Finished 790846 instructions 
Sampling stash size at 791000 req has stash size of: 34
Clk3 @ 556000000 Finished 792268 instructions 
Clk3 @ 557000000 Finished 793699 instructions 
Sampling stash size at 794000 req has stash size of: 42
Clk7 @ 558000000 Finished 795112 instructions 
Clk7 @ 559000000 Finished 796533 instructions 
Sampling stash size at 797000 req has stash size of: 37
Clk3 @ 560000000 Finished 797945 instructions 
Clk7 @ 561000000 Finished 799360 instructions 
Clk@ 561439113 Working on the # 800000 th memory instruction
Sampling stash size at 800000 req has stash size of: 36
Clk3 @ 562000000 Finished 800795 instructions 
Clk7 @ 563000000 Finished 802189 instructions 
Sampling stash size at 803000 req has stash size of: 29
Clk3 @ 564000000 Finished 803629 instructions 
Clk7 @ 565000000 Finished 805030 instructions 
Sampling stash size at 806000 req has stash size of: 30
Clk3 @ 566000000 Finished 806468 instructions 
Clk3 @ 567000000 Finished 807895 instructions 
Sampling stash size at 809000 req has stash size of: 44
Clk3 @ 568000000 Finished 809299 instructions 
Clk@ 568487948 Working on the # 810000 th memory instruction
Clk3 @ 569000000 Finished 810745 instructions 
Sampling stash size at 812000 req has stash size of: 32
Clk3 @ 570000000 Finished 812152 instructions 
Clk7 @ 571000000 Finished 813610 instructions 
Sampling stash size at 815000 req has stash size of: 31
Clk7 @ 572000000 Finished 815042 instructions 
Clk7 @ 573000000 Finished 816449 instructions 
Clk7 @ 574000000 Finished 817828 instructions 
Sampling stash size at 818000 req has stash size of: 29
Clk3 @ 575000000 Finished 819242 instructions 
Clk@ 575524265 Working on the # 820000 th memory instruction
Clk7 @ 576000000 Finished 820684 instructions 
Sampling stash size at 821000 req has stash size of: 30
Clk3 @ 577000000 Finished 822031 instructions 
Clk3 @ 578000000 Finished 823457 instructions 
Sampling stash size at 824000 req has stash size of: 29
Clk3 @ 579000000 Finished 824890 instructions 
Clk3 @ 580000000 Finished 826326 instructions 
Sampling stash size at 827000 req has stash size of: 34
Clk3 @ 581000000 Finished 827734 instructions 
Clk7 @ 582000000 Finished 829180 instructions 
Clk@ 582585863 Working on the # 830000 th memory instruction
Sampling stash size at 830000 req has stash size of: 34
Clk3 @ 583000000 Finished 830512 instructions 
Clk3 @ 584000000 Finished 831947 instructions 
Sampling stash size at 833000 req has stash size of: 30
Clk3 @ 585000000 Finished 833380 instructions 
Clk3 @ 586000000 Finished 834821 instructions 
Sampling stash size at 836000 req has stash size of: 28
Clk3 @ 587000000 Finished 836223 instructions 
Clk7 @ 588000000 Finished 837662 instructions 
Sampling stash size at 839000 req has stash size of: 33
Clk3 @ 589000000 Finished 839098 instructions 
Clk@ 589626900 Working on the # 840000 th memory instruction
Clk7 @ 590000000 Finished 840542 instructions 
Clk7 @ 591000000 Finished 841974 instructions 
Sampling stash size at 842000 req has stash size of: 36
Clk3 @ 592000000 Finished 843406 instructions 
Clk3 @ 593000000 Finished 844843 instructions 
Sampling stash size at 845000 req has stash size of: 36
Clk3 @ 594000000 Finished 846297 instructions 
Clk7 @ 595000000 Finished 847575 instructions 
Sampling stash size at 848000 req has stash size of: 39
Clk3 @ 596000000 Finished 848995 instructions 
Clk@ 596703138 Working on the # 850000 th memory instruction
Clk7 @ 597000000 Finished 850432 instructions 
Sampling stash size at 851000 req has stash size of: 30
Clk7 @ 598000000 Finished 851851 instructions 
Clk3 @ 599000000 Finished 853246 instructions 
Sampling stash size at 854000 req has stash size of: 35
Clk3 @ 600000000 Finished 854702 instructions 
Clk3 @ 601000000 Finished 856120 instructions 
Sampling stash size at 857000 req has stash size of: 28
Clk3 @ 602000000 Finished 857491 instructions 
Clk7 @ 603000000 Finished 858935 instructions 
Clk@ 603726648 Working on the # 860000 th memory instruction
Sampling stash size at 860000 req has stash size of: 32
Clk7 @ 604000000 Finished 860377 instructions 
Clk3 @ 605000000 Finished 861836 instructions 
Sampling stash size at 863000 req has stash size of: 28
Clk7 @ 606000000 Finished 863250 instructions 
Clk3 @ 607000000 Finished 864676 instructions 
Sampling stash size at 866000 req has stash size of: 30
Clk7 @ 608000000 Finished 866096 instructions 
Clk7 @ 609000000 Finished 867565 instructions 
Clk3 @ 610000000 Finished 868913 instructions 
Sampling stash size at 869000 req has stash size of: 43
Clk@ 610756186 Working on the # 870000 th memory instruction
Clk7 @ 611000000 Finished 870351 instructions 
Clk3 @ 612000000 Finished 871790 instructions 
Sampling stash size at 872000 req has stash size of: 30
Clk7 @ 613000000 Finished 873208 instructions 
Clk7 @ 614000000 Finished 874446 instructions 
Sampling stash size at 875000 req has stash size of: 29
Clk7 @ 615000000 Finished 875873 instructions 
Clk7 @ 616000000 Finished 877293 instructions 
Sampling stash size at 878000 req has stash size of: 28
Clk7 @ 617000000 Finished 878733 instructions 
Clk@ 617895752 Working on the # 880000 th memory instruction
Clk3 @ 618000000 Finished 880150 instructions 
Sampling stash size at 881000 req has stash size of: 43
Clk3 @ 619000000 Finished 881593 instructions 
Clk7 @ 620000000 Finished 883030 instructions 
Sampling stash size at 884000 req has stash size of: 33
Clk7 @ 621000000 Finished 884483 instructions 
Clk3 @ 622000000 Finished 885838 instructions 
Sampling stash size at 887000 req has stash size of: 36
Clk3 @ 623000000 Finished 887278 instructions 
Clk3 @ 624000000 Finished 888704 instructions 
Clk@ 624927002 Working on the # 890000 th memory instruction
Sampling stash size at 890000 req has stash size of: 34
Clk3 @ 625000000 Finished 890104 instructions 
Clk3 @ 626000000 Finished 891553 instructions 
Clk3 @ 627000000 Finished 892960 instructions 
Sampling stash size at 893000 req has stash size of: 38
Clk7 @ 628000000 Finished 894412 instructions 
Clk7 @ 629000000 Finished 895807 instructions 
Sampling stash size at 896000 req has stash size of: 36
Clk7 @ 630000000 Finished 897269 instructions 
Clk7 @ 631000000 Finished 898719 instructions 
Sampling stash size at 899000 req has stash size of: 29
Clk@ 631936172 Working on the # 900000 th memory instruction
Clk3 @ 632000000 Finished 900094 instructions 
Clk7 @ 633000000 Finished 901534 instructions 
Sampling stash size at 902000 req has stash size of: 31
Clk3 @ 634000000 Finished 902964 instructions 
Clk3 @ 635000000 Finished 904414 instructions 
Sampling stash size at 905000 req has stash size of: 29
Clk3 @ 636000000 Finished 905832 instructions 
Clk3 @ 637000000 Finished 907117 instructions 
Sampling stash size at 908000 req has stash size of: 41
Clk7 @ 638000000 Finished 908525 instructions 
Clk7 @ 639000000 Finished 909971 instructions 
Clk@ 639018402 Working on the # 910000 th memory instruction
Sampling stash size at 911000 req has stash size of: 26
Clk3 @ 640000000 Finished 911411 instructions 
Clk3 @ 641000000 Finished 912852 instructions 
Sampling stash size at 914000 req has stash size of: 34
Clk7 @ 642000000 Finished 914298 instructions 
Clk7 @ 643000000 Finished 915700 instructions 
Sampling stash size at 917000 req has stash size of: 32
Clk7 @ 644000000 Finished 917128 instructions 
Clk3 @ 645000000 Finished 918420 instructions 
Clk7 @ 646000000 Finished 919870 instructions 
Clk@ 646087080 Working on the # 920000 th memory instruction
Sampling stash size at 920000 req has stash size of: 36
Clk3 @ 647000000 Finished 921307 instructions 
Clk3 @ 648000000 Finished 922771 instructions 
Sampling stash size at 923000 req has stash size of: 38
Clk7 @ 649000000 Finished 924184 instructions 
Clk7 @ 650000000 Finished 925636 instructions 
Sampling stash size at 926000 req has stash size of: 33
Clk3 @ 651000000 Finished 927060 instructions 
Clk7 @ 652000000 Finished 928439 instructions 
Sampling stash size at 929000 req has stash size of: 36
Clk3 @ 653000000 Finished 929836 instructions 
Clk@ 653111311 Working on the # 930000 th memory instruction
Clk3 @ 654000000 Finished 931276 instructions 
Sampling stash size at 932000 req has stash size of: 44
Clk7 @ 655000000 Finished 932713 instructions 
Clk3 @ 656000000 Finished 934123 instructions 
Sampling stash size at 935000 req has stash size of: 31
Clk7 @ 657000000 Finished 935581 instructions 
Clk7 @ 658000000 Finished 937024 instructions 
Sampling stash size at 938000 req has stash size of: 41
Clk3 @ 659000000 Finished 938476 instructions 
Clk7 @ 660000000 Finished 939823 instructions 
Clk@ 660120579 Working on the # 940000 th memory instruction
Sampling stash size at 941000 req has stash size of: 28
Clk3 @ 661000000 Finished 941267 instructions 
Clk7 @ 662000000 Finished 942686 instructions 
Sampling stash size at 944000 req has stash size of: 37
Clk7 @ 663000000 Finished 944131 instructions 
Clk7 @ 664000000 Finished 945533 instructions 
Clk7 @ 665000000 Finished 946981 instructions 
Sampling stash size at 947000 req has stash size of: 34
Clk7 @ 666000000 Finished 948421 instructions 
Clk7 @ 667000000 Finished 949834 instructions 
Clk@ 667122297 Working on the # 950000 th memory instruction
Sampling stash size at 950000 req has stash size of: 29
Clk3 @ 668000000 Finished 951172 instructions 
Clk3 @ 669000000 Finished 952614 instructions 
Sampling stash size at 953000 req has stash size of: 25
Clk3 @ 670000000 Finished 954058 instructions 
Clk7 @ 671000000 Finished 955486 instructions 
Sampling stash size at 956000 req has stash size of: 34
Clk3 @ 672000000 Finished 956906 instructions 
Clk3 @ 673000000 Finished 958327 instructions 
Sampling stash size at 959000 req has stash size of: 56
Clk3 @ 674000000 Finished 959665 instructions 
Clk@ 674244499 Working on the # 960000 th memory instruction
Clk3 @ 675000000 Finished 960949 instructions 
Sampling stash size at 962000 req has stash size of: 37
Clk3 @ 676000000 Finished 962174 instructions 
Clk3 @ 677000000 Finished 963568 instructions 
Clk3 @ 678000000 Finished 964918 instructions 
Sampling stash size at 965000 req has stash size of: 43
Clk3 @ 679000000 Finished 966349 instructions 
Clk3 @ 680000000 Finished 967717 instructions 
Sampling stash size at 968000 req has stash size of: 31
Clk7 @ 681000000 Finished 969148 instructions 
Clk@ 681600842 Working on the # 970000 th memory instruction
Clk3 @ 682000000 Finished 970572 instructions 
Sampling stash size at 971000 req has stash size of: 36
Clk3 @ 683000000 Finished 972000 instructions 
Clk3 @ 684000000 Finished 973381 instructions 
Sampling stash size at 974000 req has stash size of: 39
Clk3 @ 685000000 Finished 974794 instructions 
Clk7 @ 686000000 Finished 976213 instructions 
Sampling stash size at 977000 req has stash size of: 43
Clk3 @ 687000000 Finished 977632 instructions 
Clk3 @ 688000000 Finished 979076 instructions 
Clk@ 688640184 Working on the # 980000 th memory instruction
Sampling stash size at 980000 req has stash size of: 36
Clk3 @ 689000000 Finished 980507 instructions 
Clk3 @ 690000000 Finished 981961 instructions 
Sampling stash size at 983000 req has stash size of: 32
Clk7 @ 692000000 Finished 984695 instructions 
Sampling stash size at 986000 req has stash size of: 28
Clk7 @ 693000000 Finished 986131 instructions 
Clk3 @ 694000000 Finished 987562 instructions 
Clk3 @ 695000000 Finished 989001 instructions 
Sampling stash size at 989000 req has stash size of: 29
Clk@ 695687626 Working on the # 990000 th memory instruction
Clk7 @ 696000000 Finished 990460 instructions 
Clk3 @ 697000000 Finished 991840 instructions 
Sampling stash size at 992000 req has stash size of: 40
Clk7 @ 698000000 Finished 993265 instructions 
Clk3 @ 699000000 Finished 994671 instructions 
Sampling stash size at 995000 req has stash size of: 36
Clk7 @ 700000000 Finished 996112 instructions 
Clk3 @ 701000000 Finished 997562 instructions 
Sampling stash size at 998000 req has stash size of: 29
Clk3 @ 702000000 Finished 998942 instructions 
Clk@ 702746582 Working on the # 1000000 th memory instruction

===*** Data ***====
Stall reason distribution: 
mc_hazard: 0
normal: 0
rs_hazard: 0
rw_swtich: 0
Early reshuffle distribution: 
0: 0
1: 0
2: 0
3: 0
4: 0
5: 0
6: 0
7: 0
8: 13659
9: 62641
10: 62790
11: 62823
12: 62359
13: 61885
14: 61310
15: 59874
16: 56403
17: 49877
18: 37176
19: 14687
20: 2415
21: 249
22: 20
23: 2
24: 0
25: 0
26: 0
=================
Max stash size is: 64
Average stash size is: 13.2691
useful_read_pull_ddr: 500005 (0.918277) %
dummy_read_pull_ddr: 8609401 (15.8115) %
useful_early_pull_ddr: 1297318 (2.38257) %
useful_early_push_ddr: 433958 (0.796979) %
useful_write_pull_ddr: 12041092 (22.1139) %
useful_write_push_ddr: 3621223 (6.65051) %
dummy_early_pull_ddr: 379302 (0.696602) %
dummy_early_push_ddr: 2583958 (4.74553) %
dummy_write_pull_ddr: 104912 (0.192675) %
dummy_write_push_ddr: 24879176 (45.6915) %
=================
Stash violation number of times: 0
=================
Check NodeID traffic: 9747134
Update NodeID traffic: 192
=================
Read RS lines: 1000000 (34.686) %
Write RS lines: 666666 (23.124) %
Early RS lines: 1216340 (42.19) %
Read DDR lines: 18219239 (17.2398) %
Write DDR lines: 78947830 (74.7036) %
Early DDR lines: 8514380 (8.05665) %

====*** pos1 ***====
Stall reason distribution: 
mc_hazard: 0
normal: 0
rs_hazard: 0
rw_swtich: 0
Early reshuffle distribution: 
0: 0
1: 0
2: 0
3: 0
4: 0
5: 13299
6: 62123
7: 62508
8: 62714
9: 62729
10: 62765
11: 62630
12: 62598
13: 61848
14: 61460
15: 59612
16: 56334
17: 49971
18: 37179
19: 14754
20: 2480
21: 251
22: 24
23: 3
=================
Max stash size is: 26
Average stash size is: 4.28403
useful_read_pull_ddr: 255004 (0.230473) %
dummy_read_pull_ddr: 17963254 (16.2352) %
useful_early_pull_ddr: 3161668 (2.85752) %
useful_early_push_ddr: 276056 (0.2495) %
useful_write_pull_ddr: 24242024 (21.91) %
useful_write_push_ddr: 3096288 (2.79843) %
dummy_early_pull_ddr: 814742 (0.736365) %
dummy_early_push_ddr: 6881482 (6.21949) %
dummy_write_pull_ddr: 49616 (0.044843) %
dummy_write_push_ddr: 53903655 (48.7182) %
=================
Stash violation number of times: 0
=================
Check NodeID traffic: 15063795
Update NodeID traffic: 66
=================
Read RS lines: 1000000 (30.7009) %
Write RS lines: 666666 (20.4673) %
Early RS lines: 1590564 (48.8318) %
Read DDR lines: 18218258 (16.822) %
Write DDR lines: 78947830 (72.8973) %
Early DDR lines: 11133948 (10.2807) %

====*** pos2 ***====
Stall reason distribution: 
mc_hazard: 0
normal: 0
rs_hazard: 0
rw_swtich: 0
Early reshuffle distribution: 
0: 0
1: 0
2: 0
3: 0
4: 11517
5: 61724
6: 62436
7: 62668
8: 62325
9: 62816
10: 62766
11: 62659
12: 62571
13: 62137
14: 61461
15: 59803
16: 56545
17: 49937
18: 37111
19: 14688
20: 2504
=================
Max stash size is: 26
Average stash size is: 4.02374
useful_read_pull_ddr: 259911 (0.250515) %
dummy_read_pull_ddr: 15928178 (15.3524) %
useful_early_pull_ddr: 3389098 (3.26658) %
useful_early_push_ddr: 291879 (0.281327) %
useful_write_pull_ddr: 21484623 (20.7079) %
useful_write_push_ddr: 3257759 (3.13999) %
dummy_early_pull_ddr: 889242 (0.857095) %
dummy_early_push_ddr: 7409133 (7.14129) %
dummy_write_pull_ddr: 98685 (0.0951174) %
dummy_write_push_ddr: 50742187 (48.9078) %
=================
Stash violation number of times: 0
=================
Check NodeID traffic: 10496161
Update NodeID traffic: 34
=================
Read RS lines: 1000000 (29.6033) %
Write RS lines: 666666 (19.7355) %
Early RS lines: 1711336 (50.6612) %
Read DDR lines: 16188089 (16.4658) %
Write DDR lines: 70145751 (71.3493) %
Early DDR lines: 11979352 (12.1849) %
=================
The final DRAM clk is: 702751963 ticks.
Idle waiting clk is 335268091, which is 47.7079 %
DRAM Frequency is: 1600MHz
The final time in ns is: 4.3922e+08 ns.
Time distribution: 
Data pull time is: 0
data: 0
pos1: 0
pos2: 0
Data distribution: 
Pos2 data: 98313192
Pos1 data: 108300036
Data: 105681449
Node access DDR: 19494268
Pull DDR: 18219239
WB DDR: 78947830
Early DDR: 8514380
Achieved BW is: 52.0703 GB/s
Ideal BW is: 102.4 GB/s
Metadata cache conclusion: 
overall_hit: 26114348 overall_total: 45608152
Cache Size 64 KB Overall Hit rate: 57.2581 %. 
Simulation done. Statistics written to my_output.txt
