Valid leaf ID range: 67108863:134217726
Num of top nodes: 67108864
Data level num of ways: 67108864
cached_total: 1
cached_total: 3
cached_total: 7
cached_total: 15
cached_total: 31
cached_total: 63
cached_total: 127
cached_total: 255
cached_total: 511
Total number of ORAM protected cache line blocks: 67108864
Cached number of levels: 8
Max number of levels: 27
Start lvl is: 0
data valid leaf right: 134217727
data num of levels: 27
data level num of ways: 67108864
data number of sets: 1
Cached node ID: 0 -- 455
Address space: 0 - 4 GB
pos1 valid leaf right: 16777215
pos1 num of levels: 24
pos1 level num of ways: 8388608
pos1 number of sets: 1
Cached node ID: 0 -- 56
Address space: 0 - 0.5 GB
pos2 valid leaf right: 2097151
pos2 num of levels: 21
pos2 level num of ways: 1048576
pos2 number of sets: 1
Cached node ID: 0 -- 28
Address space: 0 - 0.0625 GB
Clk3 @ 1000000 Finished 682 instructions 
Clk3 @ 3000000 Finished 2262 instructions 
Clk7 @ 4000000 Finished 3060 instructions 
Clk7 @ 5000000 Finished 3877 instructions 
Clk7 @ 6000000 Finished 4705 instructions 
Clk7 @ 7000000 Finished 5514 instructions 
Clk3 @ 8000000 Finished 6327 instructions 
Clk7 @ 9000000 Finished 7172 instructions 
Clk3 @ 10000000 Finished 7983 instructions 
Clk7 @ 11000000 Finished 8823 instructions 
Clk3 @ 12000000 Finished 9651 instructions 
Clk@ 12414147 Working on the # 10000 th memory instruction
Clk3 @ 13000000 Finished 10485 instructions 
Clk7 @ 14000000 Finished 11298 instructions 
Clk7 @ 15000000 Finished 12128 instructions 
Clk7 @ 16000000 Finished 12941 instructions 
Clk3 @ 17000000 Finished 13782 instructions 
Clk7 @ 18000000 Finished 14623 instructions 
Clk7 @ 19000000 Finished 15415 instructions 
Clk7 @ 20000000 Finished 16257 instructions 
Clk3 @ 21000000 Finished 17076 instructions 
Clk7 @ 21000000 Finished 17076 instructions 
Clk3 @ 22000000 Finished 17907 instructions 
Clk7 @ 23000000 Finished 18732 instructions 
Clk7 @ 24000000 Finished 19551 instructions 
Clk@ 24536210 Working on the # 20000 th memory instruction
Clk7 @ 25000000 Finished 20395 instructions 
Clk7 @ 26000000 Finished 21222 instructions 
Clk7 @ 27000000 Finished 22026 instructions 
Clk7 @ 28000000 Finished 22849 instructions 
Clk7 @ 29000000 Finished 23671 instructions 
Clk3 @ 30000000 Finished 24489 instructions 
Clk7 @ 31000000 Finished 25294 instructions 
Clk7 @ 32000000 Finished 26133 instructions 
Clk7 @ 33000000 Finished 26970 instructions 
Clk3 @ 34000000 Finished 27792 instructions 
Clk7 @ 35000000 Finished 28632 instructions 
Clk7 @ 36000000 Finished 29466 instructions 
Clk@ 36658459 Working on the # 30000 th memory instruction
Clk7 @ 37000000 Finished 30234 instructions 
Clk3 @ 38000000 Finished 31039 instructions 
Clk7 @ 38000000 Finished 31039 instructions 
Clk7 @ 39000000 Finished 31871 instructions 
Clk7 @ 40000000 Finished 32707 instructions 
Clk7 @ 41000000 Finished 33522 instructions 
Clk3 @ 42000000 Finished 34353 instructions 
Clk7 @ 43000000 Finished 35190 instructions 
Clk3 @ 44000000 Finished 36006 instructions 
Clk3 @ 45000000 Finished 36830 instructions 
Clk7 @ 46000000 Finished 37644 instructions 
Clk7 @ 47000000 Finished 38461 instructions 
Clk7 @ 48000000 Finished 39274 instructions 
Clk@ 48879820 Working on the # 40000 th memory instruction
Clk3 @ 49000000 Finished 40101 instructions 
Clk7 @ 50000000 Finished 40935 instructions 
Clk7 @ 51000000 Finished 41747 instructions 
Clk7 @ 52000000 Finished 42580 instructions 
Clk7 @ 53000000 Finished 43402 instructions 
Clk7 @ 54000000 Finished 44189 instructions 
Clk7 @ 55000000 Finished 45019 instructions 
Clk7 @ 56000000 Finished 45831 instructions 
Clk7 @ 57000000 Finished 46645 instructions 
Clk7 @ 58000000 Finished 47476 instructions 
Clk3 @ 59000000 Finished 48300 instructions 
Clk3 @ 60000000 Finished 49104 instructions 
Clk7 @ 61000000 Finished 49883 instructions 
Clk@ 61146592 Working on the # 50000 th memory instruction
Clk7 @ 62000000 Finished 50711 instructions 
Clk7 @ 63000000 Finished 51535 instructions 
Clk3 @ 64000000 Finished 52365 instructions 
Clk7 @ 65000000 Finished 53191 instructions 
Clk7 @ 66000000 Finished 54022 instructions 
Clk7 @ 67000000 Finished 54836 instructions 
Clk3 @ 68000000 Finished 55657 instructions 
Clk7 @ 69000000 Finished 56493 instructions 
Clk7 @ 70000000 Finished 57318 instructions 
Clk7 @ 71000000 Finished 58143 instructions 
Clk3 @ 72000000 Finished 58971 instructions 
Clk7 @ 73000000 Finished 59799 instructions 
Clk@ 73270122 Working on the # 60000 th memory instruction
Clk7 @ 74000000 Finished 60522 instructions 
Clk3 @ 75000000 Finished 61325 instructions 
Clk7 @ 76000000 Finished 62136 instructions 
Clk3 @ 77000000 Finished 62964 instructions 
Clk3 @ 78000000 Finished 63780 instructions 
Clk3 @ 79000000 Finished 64602 instructions 
Clk7 @ 80000000 Finished 65435 instructions 
Clk3 @ 81000000 Finished 66228 instructions 
Clk7 @ 82000000 Finished 67058 instructions 
Clk7 @ 83000000 Finished 67878 instructions 
Clk7 @ 84000000 Finished 68701 instructions 
Clk7 @ 85000000 Finished 69533 instructions 
Clk@ 85564557 Working on the # 70000 th memory instruction
Clk7 @ 86000000 Finished 70360 instructions 
Clk7 @ 87000000 Finished 71146 instructions 
Clk7 @ 88000000 Finished 71967 instructions 
Clk7 @ 89000000 Finished 72775 instructions 
Clk7 @ 90000000 Finished 73604 instructions 
Clk7 @ 91000000 Finished 74409 instructions 
Clk3 @ 92000000 Finished 75225 instructions 
Clk7 @ 92000000 Finished 75225 instructions 
Clk7 @ 93000000 Finished 76058 instructions 
Clk7 @ 94000000 Finished 76862 instructions 
Clk3 @ 95000000 Finished 77661 instructions 
Clk7 @ 96000000 Finished 78484 instructions 
Clk7 @ 97000000 Finished 79294 instructions 
Clk@ 97850081 Working on the # 80000 th memory instruction
Clk7 @ 98000000 Finished 80124 instructions 
Clk7 @ 99000000 Finished 80960 instructions 
Clk3 @ 100000000 Finished 81783 instructions 
Clk7 @ 101000000 Finished 82575 instructions 
Clk7 @ 102000000 Finished 83392 instructions 
Clk7 @ 103000000 Finished 84225 instructions 
Clk3 @ 104000000 Finished 85041 instructions 
Clk3 @ 105000000 Finished 85864 instructions 
Clk7 @ 107000000 Finished 87442 instructions 
Clk3 @ 108000000 Finished 88242 instructions 
Clk7 @ 109000000 Finished 89066 instructions 
Clk3 @ 110000000 Finished 89898 instructions 
Clk@ 110119684 Working on the # 90000 th memory instruction
Clk7 @ 111000000 Finished 90709 instructions 
Clk7 @ 112000000 Finished 91517 instructions 
Clk7 @ 113000000 Finished 92335 instructions 
Clk7 @ 114000000 Finished 93140 instructions 
Clk7 @ 115000000 Finished 93965 instructions 
Clk7 @ 116000000 Finished 94785 instructions 
Clk7 @ 117000000 Finished 95600 instructions 
Clk7 @ 118000000 Finished 96423 instructions 
Clk3 @ 119000000 Finished 97229 instructions 
Clk7 @ 120000000 Finished 98029 instructions 
Clk7 @ 121000000 Finished 98780 instructions 
Clk7 @ 122000000 Finished 99591 instructions 
Clk@ 122503166 Working on the # 100000 th memory instruction
Clk3 @ 123000000 Finished 100404 instructions 
Clk7 @ 124000000 Finished 101229 instructions 
Clk7 @ 125000000 Finished 102052 instructions 
Clk7 @ 126000000 Finished 102863 instructions 
Clk3 @ 127000000 Finished 103685 instructions 
Clk7 @ 127000000 Finished 103685 instructions 
Clk7 @ 128000000 Finished 104500 instructions 
Clk7 @ 129000000 Finished 105325 instructions 
Clk7 @ 130000000 Finished 106130 instructions 
Clk3 @ 131000000 Finished 106959 instructions 
Clk7 @ 132000000 Finished 107784 instructions 
Clk7 @ 133000000 Finished 108603 instructions 
Clk3 @ 134000000 Finished 109395 instructions 
Clk@ 134729093 Working on the # 110000 th memory instruction
Clk7 @ 135000000 Finished 110225 instructions 
Clk7 @ 136000000 Finished 111038 instructions 
Clk7 @ 137000000 Finished 111870 instructions 
Clk3 @ 138000000 Finished 112692 instructions 
Clk7 @ 139000000 Finished 113502 instructions 
Clk3 @ 140000000 Finished 114335 instructions 
Clk3 @ 141000000 Finished 115140 instructions 
Clk7 @ 142000000 Finished 115968 instructions 
Clk7 @ 143000000 Finished 116785 instructions 
Clk7 @ 144000000 Finished 117604 instructions 
Clk3 @ 145000000 Finished 118431 instructions 
Clk7 @ 146000000 Finished 119244 instructions 
Clk@ 146962610 Working on the # 120000 th memory instruction
Clk7 @ 147000000 Finished 120024 instructions 
Clk3 @ 148000000 Finished 120747 instructions 
Clk3 @ 149000000 Finished 121521 instructions 
Clk7 @ 150000000 Finished 122323 instructions 
Clk7 @ 151000000 Finished 123113 instructions 
Clk7 @ 152000000 Finished 123944 instructions 
Clk7 @ 153000000 Finished 124771 instructions 
Clk7 @ 154000000 Finished 125592 instructions 
Clk3 @ 155000000 Finished 126413 instructions 
Clk7 @ 156000000 Finished 127233 instructions 
Clk3 @ 157000000 Finished 128055 instructions 
Clk7 @ 158000000 Finished 128868 instructions 
Clk7 @ 159000000 Finished 129697 instructions 
Clk@ 159365936 Working on the # 130000 th memory instruction
Clk7 @ 160000000 Finished 130520 instructions 
Clk7 @ 161000000 Finished 131281 instructions 
Clk7 @ 162000000 Finished 132101 instructions 
Clk7 @ 163000000 Finished 132926 instructions 
Clk7 @ 164000000 Finished 133750 instructions 
Clk7 @ 165000000 Finished 134564 instructions 
Clk7 @ 166000000 Finished 135373 instructions 
Clk7 @ 167000000 Finished 136211 instructions 
Clk3 @ 168000000 Finished 137020 instructions 
Clk7 @ 169000000 Finished 137839 instructions 
Clk3 @ 170000000 Finished 138662 instructions 
Clk7 @ 171000000 Finished 139473 instructions 
Clk@ 171643176 Working on the # 140000 th memory instruction
Clk7 @ 172000000 Finished 140297 instructions 
Clk7 @ 173000000 Finished 141102 instructions 
Clk7 @ 174000000 Finished 141910 instructions 
Clk7 @ 175000000 Finished 142701 instructions 
Clk3 @ 176000000 Finished 143516 instructions 
Clk7 @ 177000000 Finished 144337 instructions 
Clk7 @ 178000000 Finished 145131 instructions 
Clk7 @ 179000000 Finished 145943 instructions 
Clk7 @ 180000000 Finished 146764 instructions 
Clk7 @ 181000000 Finished 147550 instructions 
Clk7 @ 182000000 Finished 148370 instructions 
Clk7 @ 183000000 Finished 149201 instructions 
Clk@ 183988611 Working on the # 150000 th memory instruction
Clk7 @ 184000000 Finished 150009 instructions 
Clk7 @ 185000000 Finished 150835 instructions 
Clk3 @ 186000000 Finished 151653 instructions 
Clk7 @ 187000000 Finished 152473 instructions 
Clk7 @ 188000000 Finished 153264 instructions 
Clk7 @ 189000000 Finished 154044 instructions 
Clk3 @ 190000000 Finished 154842 instructions 
Clk7 @ 191000000 Finished 155646 instructions 
Clk7 @ 192000000 Finished 156455 instructions 
Clk7 @ 193000000 Finished 157283 instructions 
Clk3 @ 194000000 Finished 158098 instructions 
Clk7 @ 195000000 Finished 158898 instructions 
Clk7 @ 196000000 Finished 159717 instructions 
Clk@ 196359965 Working on the # 160000 th memory instruction
Clk7 @ 197000000 Finished 160532 instructions 
Clk7 @ 198000000 Finished 161355 instructions 
Clk3 @ 199000000 Finished 162186 instructions 
Clk7 @ 200000000 Finished 162997 instructions 
Clk7 @ 201000000 Finished 163799 instructions 
Clk3 @ 202000000 Finished 164565 instructions 
Clk7 @ 203000000 Finished 165384 instructions 
Clk3 @ 204000000 Finished 166206 instructions 
Clk7 @ 205000000 Finished 167012 instructions 
Clk7 @ 206000000 Finished 167838 instructions 
Clk7 @ 207000000 Finished 168659 instructions 
Clk3 @ 208000000 Finished 169470 instructions 
Clk@ 208649449 Working on the # 170000 th memory instruction
Clk7 @ 209000000 Finished 170279 instructions 
Clk7 @ 210000000 Finished 171087 instructions 
Clk7 @ 211000000 Finished 171913 instructions 
Clk3 @ 212000000 Finished 172713 instructions 
Clk7 @ 213000000 Finished 173537 instructions 
Clk3 @ 214000000 Finished 174344 instructions 
Clk7 @ 215000000 Finished 175074 instructions 
Clk7 @ 216000000 Finished 175887 instructions 
Clk7 @ 218000000 Finished 177512 instructions 
Clk7 @ 219000000 Finished 178341 instructions 
Clk7 @ 220000000 Finished 179164 instructions 
Clk3 @ 221000000 Finished 179991 instructions 
Clk@ 221009343 Working on the # 180000 th memory instruction
Clk7 @ 222000000 Finished 180800 instructions 
Clk7 @ 223000000 Finished 181608 instructions 
Clk7 @ 224000000 Finished 182423 instructions 
Clk3 @ 225000000 Finished 183238 instructions 
Clk7 @ 226000000 Finished 184049 instructions 
Clk7 @ 227000000 Finished 184851 instructions 
Clk7 @ 228000000 Finished 185671 instructions 
Clk7 @ 229000000 Finished 186456 instructions 
Clk7 @ 230000000 Finished 187272 instructions 
Clk3 @ 231000000 Finished 188094 instructions 
Clk7 @ 232000000 Finished 188911 instructions 
Clk7 @ 233000000 Finished 189726 instructions 
Clk@ 233340864 Working on the # 190000 th memory instruction
Clk3 @ 234000000 Finished 190530 instructions 
Clk7 @ 235000000 Finished 191341 instructions 
Clk7 @ 236000000 Finished 192156 instructions 
Clk3 @ 237000000 Finished 192960 instructions 
Clk7 @ 238000000 Finished 193767 instructions 
Clk7 @ 239000000 Finished 194570 instructions 
Clk3 @ 240000000 Finished 195366 instructions 
Clk7 @ 241000000 Finished 196175 instructions 
Clk7 @ 242000000 Finished 196912 instructions 
Clk7 @ 243000000 Finished 197711 instructions 
Clk3 @ 244000000 Finished 198510 instructions 
Clk7 @ 245000000 Finished 199322 instructions 
Clk@ 245840176 Working on the # 200000 th memory instruction
Clk7 @ 246000000 Finished 200129 instructions 
Clk7 @ 247000000 Finished 200936 instructions 
Clk7 @ 248000000 Finished 201750 instructions 
Clk7 @ 249000000 Finished 202568 instructions 
Clk7 @ 250000000 Finished 203382 instructions 
Clk3 @ 251000000 Finished 204186 instructions 
Clk7 @ 252000000 Finished 205005 instructions 
Clk7 @ 253000000 Finished 205803 instructions 
Clk7 @ 254000000 Finished 206619 instructions 
Clk7 @ 255000000 Finished 207435 instructions 
Clk7 @ 256000000 Finished 208241 instructions 
Clk7 @ 257000000 Finished 209053 instructions 
Clk7 @ 258000000 Finished 209865 instructions 
Clk@ 258157629 Working on the # 210000 th memory instruction
Clk3 @ 259000000 Finished 210684 instructions 
Clk3 @ 260000000 Finished 211494 instructions 
Clk3 @ 261000000 Finished 212285 instructions 
Clk7 @ 262000000 Finished 213100 instructions 
Clk3 @ 263000000 Finished 213923 instructions 
Clk7 @ 264000000 Finished 214731 instructions 
Clk3 @ 265000000 Finished 215556 instructions 
Clk7 @ 266000000 Finished 216374 instructions 
Clk7 @ 267000000 Finished 217185 instructions 
Clk3 @ 268000000 Finished 218010 instructions 
Clk7 @ 269000000 Finished 218764 instructions 
Clk7 @ 270000000 Finished 219585 instructions 
Clk@ 270514584 Working on the # 220000 th memory instruction
Clk3 @ 271000000 Finished 220401 instructions 
Clk7 @ 272000000 Finished 221212 instructions 
Clk7 @ 273000000 Finished 222016 instructions 
Clk7 @ 274000000 Finished 222826 instructions 
Clk7 @ 275000000 Finished 223647 instructions 
Clk7 @ 276000000 Finished 224457 instructions 
Clk7 @ 277000000 Finished 225273 instructions 
Clk7 @ 278000000 Finished 226092 instructions 
Clk7 @ 279000000 Finished 226877 instructions 
Clk7 @ 280000000 Finished 227687 instructions 
Clk7 @ 281000000 Finished 228514 instructions 
Clk3 @ 282000000 Finished 229332 instructions 
Clk@ 282839136 Working on the # 230000 th memory instruction
Clk7 @ 283000000 Finished 230128 instructions 
Clk7 @ 284000000 Finished 230949 instructions 
Clk7 @ 285000000 Finished 231772 instructions 
Clk3 @ 286000000 Finished 232575 instructions 
Clk7 @ 287000000 Finished 233390 instructions 
Clk3 @ 288000000 Finished 234194 instructions 
Clk7 @ 289000000 Finished 235002 instructions 
Clk3 @ 290000000 Finished 235824 instructions 
Clk3 @ 291000000 Finished 236634 instructions 
Clk7 @ 292000000 Finished 237450 instructions 
Clk7 @ 293000000 Finished 238251 instructions 
Clk7 @ 294000000 Finished 239064 instructions 
Clk7 @ 295000000 Finished 239841 instructions 
Clk@ 295219475 Working on the # 240000 th memory instruction
Clk3 @ 296000000 Finished 240525 instructions 
Clk3 @ 297000000 Finished 241275 instructions 
Clk7 @ 298000000 Finished 242041 instructions 
Clk7 @ 299000000 Finished 242824 instructions 
Clk7 @ 300000000 Finished 243610 instructions 
Clk3 @ 301000000 Finished 244407 instructions 
Clk7 @ 302000000 Finished 245213 instructions 
Clk3 @ 303000000 Finished 245983 instructions 
Clk3 @ 304000000 Finished 246798 instructions 
Clk3 @ 305000000 Finished 247614 instructions 
Clk7 @ 306000000 Finished 248416 instructions 
Clk7 @ 307000000 Finished 249243 instructions 
Clk@ 307935266 Working on the # 250000 th memory instruction
Clk3 @ 308000000 Finished 250051 instructions 
Clk3 @ 309000000 Finished 250866 instructions 
Clk7 @ 310000000 Finished 251679 instructions 
Clk3 @ 311000000 Finished 252504 instructions 
Clk7 @ 312000000 Finished 253320 instructions 
Clk7 @ 313000000 Finished 254131 instructions 
Clk7 @ 314000000 Finished 254943 instructions 
Clk3 @ 315000000 Finished 255762 instructions 
Clk7 @ 316000000 Finished 256580 instructions 
Clk7 @ 317000000 Finished 257367 instructions 
Clk7 @ 318000000 Finished 258183 instructions 
Clk7 @ 319000000 Finished 259005 instructions 
Clk7 @ 320000000 Finished 259822 instructions 
Clk@ 320213423 Working on the # 260000 th memory instruction
Clk7 @ 321000000 Finished 260645 instructions 
Clk7 @ 322000000 Finished 261450 instructions 
Clk3 @ 323000000 Finished 262200 instructions 
Clk7 @ 324000000 Finished 262978 instructions 
Clk7 @ 325000000 Finished 263800 instructions 
Clk3 @ 326000000 Finished 264612 instructions 
Clk7 @ 327000000 Finished 265417 instructions 
Clk7 @ 328000000 Finished 266236 instructions 
Clk3 @ 329000000 Finished 267056 instructions 
Clk7 @ 330000000 Finished 267856 instructions 
Clk7 @ 331000000 Finished 268677 instructions 
Clk3 @ 332000000 Finished 269493 instructions 
Clk@ 332618859 Working on the # 270000 th memory instruction
Clk7 @ 333000000 Finished 270305 instructions 
Clk7 @ 334000000 Finished 271107 instructions 
Clk3 @ 335000000 Finished 271929 instructions 
Clk7 @ 336000000 Finished 272749 instructions 
Clk7 @ 337000000 Finished 273539 instructions 
Clk7 @ 338000000 Finished 274362 instructions 
Clk7 @ 339000000 Finished 275174 instructions 
Clk7 @ 340000000 Finished 275980 instructions 
Clk7 @ 341000000 Finished 276801 instructions 
Clk7 @ 342000000 Finished 277623 instructions 
Clk7 @ 343000000 Finished 278439 instructions 
Clk7 @ 344000000 Finished 279237 instructions 
Clk@ 344936395 Working on the # 280000 th memory instruction
Clk7 @ 345000000 Finished 280054 instructions 
Clk7 @ 346000000 Finished 280878 instructions 
Clk7 @ 347000000 Finished 281679 instructions 
Clk7 @ 348000000 Finished 282461 instructions 
Clk7 @ 349000000 Finished 283264 instructions 
Clk7 @ 350000000 Finished 284025 instructions 
Clk7 @ 351000000 Finished 284817 instructions 
Clk7 @ 352000000 Finished 285624 instructions 
Clk7 @ 353000000 Finished 286445 instructions 
Clk7 @ 354000000 Finished 287244 instructions 
Clk7 @ 355000000 Finished 288056 instructions 
Clk3 @ 356000000 Finished 288869 instructions 
Clk3 @ 357000000 Finished 289668 instructions 
Clk@ 357409746 Working on the # 290000 th memory instruction
Clk7 @ 358000000 Finished 290467 instructions 
Clk3 @ 359000000 Finished 291276 instructions 
Clk7 @ 360000000 Finished 292105 instructions 
Clk3 @ 361000000 Finished 292917 instructions 
Clk3 @ 362000000 Finished 293730 instructions 
Clk7 @ 363000000 Finished 294549 instructions 
Clk7 @ 364000000 Finished 295306 instructions 
Clk3 @ 365000000 Finished 296124 instructions 
Clk7 @ 366000000 Finished 296943 instructions 
Clk7 @ 367000000 Finished 297756 instructions 
Clk7 @ 368000000 Finished 298589 instructions 
Clk3 @ 369000000 Finished 299394 instructions 
Clk@ 369754822 Working on the # 300000 th memory instruction
Clk7 @ 370000000 Finished 300200 instructions 
Clk7 @ 371000000 Finished 301013 instructions 
Clk3 @ 372000000 Finished 301831 instructions 
Clk7 @ 373000000 Finished 302647 instructions 
Clk3 @ 374000000 Finished 303450 instructions 
Clk7 @ 375000000 Finished 304270 instructions 
Clk7 @ 376000000 Finished 305093 instructions 
Clk3 @ 377000000 Finished 305868 instructions 
Clk7 @ 378000000 Finished 306661 instructions 
Clk7 @ 379000000 Finished 307456 instructions 
Clk7 @ 380000000 Finished 308233 instructions 
Clk7 @ 381000000 Finished 309036 instructions 
Clk7 @ 382000000 Finished 309849 instructions 
Clk@ 382205130 Working on the # 310000 th memory instruction
Clk7 @ 383000000 Finished 310649 instructions 
Clk7 @ 384000000 Finished 311454 instructions 
Clk3 @ 385000000 Finished 312268 instructions 
Clk3 @ 386000000 Finished 313077 instructions 
Clk7 @ 387000000 Finished 313897 instructions 
Clk7 @ 388000000 Finished 314712 instructions 
Clk3 @ 389000000 Finished 315519 instructions 
Clk3 @ 390000000 Finished 316333 instructions 
Clk7 @ 391000000 Finished 317115 instructions 
Clk7 @ 392000000 Finished 317935 instructions 
Clk7 @ 393000000 Finished 318746 instructions 
Clk7 @ 394000000 Finished 319548 instructions 
Clk@ 394559220 Working on the # 320000 th memory instruction
Clk7 @ 395000000 Finished 320364 instructions 
Clk7 @ 396000000 Finished 321188 instructions 
Clk7 @ 397000000 Finished 322010 instructions 
Clk7 @ 398000000 Finished 322809 instructions 
Clk3 @ 399000000 Finished 323625 instructions 
Clk7 @ 400000000 Finished 324455 instructions 
Clk7 @ 401000000 Finished 325251 instructions 
Clk7 @ 402000000 Finished 326062 instructions 
Clk7 @ 403000000 Finished 326885 instructions 
Clk7 @ 404000000 Finished 327649 instructions 
Clk3 @ 405000000 Finished 328395 instructions 
Clk7 @ 406000000 Finished 329200 instructions 
Clk@ 406975036 Working on the # 330000 th memory instruction
Clk7 @ 407000000 Finished 330018 instructions 
Clk3 @ 408000000 Finished 330825 instructions 
Clk7 @ 409000000 Finished 331644 instructions 
Clk7 @ 410000000 Finished 332456 instructions 
Clk7 @ 411000000 Finished 333244 instructions 
Clk7 @ 412000000 Finished 334056 instructions 
Clk7 @ 413000000 Finished 334872 instructions 
Clk3 @ 414000000 Finished 335691 instructions 
Clk3 @ 415000000 Finished 336504 instructions 
Clk3 @ 416000000 Finished 337317 instructions 
Clk3 @ 417000000 Finished 338130 instructions 
Clk7 @ 418000000 Finished 338930 instructions 
Clk7 @ 419000000 Finished 339740 instructions 
Clk@ 419336643 Working on the # 340000 th memory instruction
Clk7 @ 420000000 Finished 340525 instructions 
Clk7 @ 421000000 Finished 341337 instructions 
Clk7 @ 422000000 Finished 342133 instructions 
Clk3 @ 423000000 Finished 342951 instructions 
Clk7 @ 424000000 Finished 343765 instructions 
Clk7 @ 425000000 Finished 344549 instructions 
Clk7 @ 426000000 Finished 345362 instructions 
Clk3 @ 427000000 Finished 346182 instructions 
Clk3 @ 428000000 Finished 346994 instructions 
Clk7 @ 429000000 Finished 347797 instructions 
Clk7 @ 430000000 Finished 348588 instructions 
Clk7 @ 431000000 Finished 349370 instructions 
Clk@ 431905902 Working on the # 350000 th memory instruction
Clk7 @ 432000000 Finished 350070 instructions 
Clk7 @ 433000000 Finished 350868 instructions 
Clk7 @ 434000000 Finished 351686 instructions 
Clk7 @ 435000000 Finished 352490 instructions 
Clk3 @ 436000000 Finished 353304 instructions 
Clk7 @ 437000000 Finished 354125 instructions 
Clk3 @ 438000000 Finished 354934 instructions 
Clk7 @ 439000000 Finished 355739 instructions 
Clk3 @ 440000000 Finished 356544 instructions 
Clk7 @ 441000000 Finished 357360 instructions 
Clk7 @ 442000000 Finished 358173 instructions 
Clk7 @ 443000000 Finished 358989 instructions 
Clk7 @ 444000000 Finished 359803 instructions 
Clk@ 444238784 Working on the # 360000 th memory instruction
Clk3 @ 445000000 Finished 360581 instructions 
Clk7 @ 446000000 Finished 361396 instructions 
Clk7 @ 447000000 Finished 362211 instructions 
Clk7 @ 448000000 Finished 363032 instructions 
Clk3 @ 449000000 Finished 363819 instructions 
Clk3 @ 450000000 Finished 364632 instructions 
Clk7 @ 452000000 Finished 366252 instructions 
Clk7 @ 453000000 Finished 367068 instructions 
Clk3 @ 454000000 Finished 367872 instructions 
Clk7 @ 455000000 Finished 368670 instructions 
Clk7 @ 456000000 Finished 369477 instructions 
Clk@ 456637096 Working on the # 370000 th memory instruction
Clk3 @ 457000000 Finished 370296 instructions 
Clk7 @ 458000000 Finished 371108 instructions 
Clk3 @ 459000000 Finished 371858 instructions 
Clk7 @ 460000000 Finished 372668 instructions 
Clk3 @ 461000000 Finished 373484 instructions 
Clk3 @ 462000000 Finished 374288 instructions 
Clk7 @ 463000000 Finished 375098 instructions 
Clk3 @ 464000000 Finished 375917 instructions 
Clk7 @ 465000000 Finished 376732 instructions 
Clk7 @ 466000000 Finished 377544 instructions 
Clk7 @ 467000000 Finished 378342 instructions 
Clk7 @ 468000000 Finished 379157 instructions 
Clk7 @ 469000000 Finished 379968 instructions 
Clk@ 469038148 Working on the # 380000 th memory instruction
Clk7 @ 470000000 Finished 380778 instructions 
Clk7 @ 471000000 Finished 381578 instructions 
Clk7 @ 472000000 Finished 382380 instructions 
Clk7 @ 473000000 Finished 383192 instructions 
Clk7 @ 474000000 Finished 384000 instructions 
Clk7 @ 475000000 Finished 384795 instructions 
Clk7 @ 476000000 Finished 385611 instructions 
Clk7 @ 477000000 Finished 386409 instructions 
Clk3 @ 478000000 Finished 387220 instructions 
Clk7 @ 479000000 Finished 388024 instructions 
Clk7 @ 480000000 Finished 388833 instructions 
Clk7 @ 481000000 Finished 389633 instructions 
Clk@ 481466973 Working on the # 390000 th memory instruction
Clk3 @ 482000000 Finished 390430 instructions 
Clk7 @ 483000000 Finished 391233 instructions 
Clk7 @ 484000000 Finished 392034 instructions 
Clk3 @ 485000000 Finished 392840 instructions 
Clk7 @ 486000000 Finished 393537 instructions 
Clk7 @ 487000000 Finished 394321 instructions 
Clk7 @ 488000000 Finished 395115 instructions 
Clk3 @ 489000000 Finished 395928 instructions 
Clk7 @ 490000000 Finished 396732 instructions 
Clk7 @ 491000000 Finished 397528 instructions 
Clk3 @ 492000000 Finished 398334 instructions 
Clk7 @ 493000000 Finished 399141 instructions 
Clk3 @ 494000000 Finished 399926 instructions 
Clk@ 494090580 Working on the # 400000 th memory instruction
Clk3 @ 495000000 Finished 400720 instructions 
Clk7 @ 496000000 Finished 401524 instructions 
Clk3 @ 497000000 Finished 402335 instructions 
Clk3 @ 498000000 Finished 403143 instructions 
Clk7 @ 499000000 Finished 403957 instructions 
Clk7 @ 500000000 Finished 404762 instructions 
Clk3 @ 501000000 Finished 405576 instructions 
Clk7 @ 502000000 Finished 406377 instructions 
Clk7 @ 503000000 Finished 407188 instructions 
Clk3 @ 504000000 Finished 408006 instructions 
Clk7 @ 505000000 Finished 408794 instructions 
Clk3 @ 506000000 Finished 409611 instructions 
Clk@ 506473040 Working on the # 410000 th memory instruction
Clk7 @ 507000000 Finished 410423 instructions 
Clk7 @ 508000000 Finished 411202 instructions 
Clk7 @ 509000000 Finished 412006 instructions 
Clk3 @ 510000000 Finished 412816 instructions 
Clk3 @ 511000000 Finished 413631 instructions 
Clk3 @ 512000000 Finished 414441 instructions 
Clk3 @ 513000000 Finished 415227 instructions 
Clk7 @ 514000000 Finished 416051 instructions 
Clk3 @ 515000000 Finished 416862 instructions 
Clk7 @ 516000000 Finished 417681 instructions 
Clk7 @ 517000000 Finished 418476 instructions 
Clk7 @ 518000000 Finished 419293 instructions 
Clk@ 518877738 Working on the # 420000 th memory instruction
Clk7 @ 519000000 Finished 420097 instructions 
Clk7 @ 520000000 Finished 420911 instructions 
Clk7 @ 521000000 Finished 421731 instructions 
Clk7 @ 522000000 Finished 422543 instructions 
Clk7 @ 523000000 Finished 423323 instructions 
Clk7 @ 524000000 Finished 424127 instructions 
Clk7 @ 525000000 Finished 424933 instructions 
Clk7 @ 526000000 Finished 425745 instructions 
Clk7 @ 527000000 Finished 426544 instructions 
Clk7 @ 528000000 Finished 427363 instructions 
Clk7 @ 529000000 Finished 428182 instructions 
Clk3 @ 530000000 Finished 428973 instructions 
Clk3 @ 531000000 Finished 429789 instructions 
Clk@ 531260899 Working on the # 430000 th memory instruction
Clk7 @ 532000000 Finished 430598 instructions 
Clk7 @ 533000000 Finished 431405 instructions 
Clk7 @ 534000000 Finished 432208 instructions 
Clk7 @ 535000000 Finished 433029 instructions 
Clk3 @ 536000000 Finished 433848 instructions 
Clk7 @ 537000000 Finished 434647 instructions 
Clk7 @ 538000000 Finished 435462 instructions 
Clk7 @ 539000000 Finished 436275 instructions 
Clk7 @ 540000000 Finished 436997 instructions 
Clk7 @ 541000000 Finished 437798 instructions 
Clk7 @ 542000000 Finished 438610 instructions 
Clk3 @ 543000000 Finished 439422 instructions 
Clk@ 543710398 Working on the # 440000 th memory instruction
Clk3 @ 544000000 Finished 440238 instructions 
Clk7 @ 545000000 Finished 441055 instructions 
Clk7 @ 546000000 Finished 441873 instructions 
Clk7 @ 547000000 Finished 442654 instructions 
Clk7 @ 548000000 Finished 443466 instructions 
Clk7 @ 549000000 Finished 444271 instructions 
Clk7 @ 550000000 Finished 445068 instructions 
Clk7 @ 551000000 Finished 445892 instructions 
Clk3 @ 552000000 Finished 446703 instructions 
Clk7 @ 553000000 Finished 447517 instructions 
Clk7 @ 554000000 Finished 448323 instructions 
Clk7 @ 555000000 Finished 449133 instructions 
Clk7 @ 556000000 Finished 449933 instructions 
Clk@ 556084323 Working on the # 450000 th memory instruction
Clk7 @ 557000000 Finished 450744 instructions 
Clk3 @ 558000000 Finished 451560 instructions 
Clk3 @ 559000000 Finished 452379 instructions 
Clk7 @ 560000000 Finished 453173 instructions 
Clk7 @ 561000000 Finished 453947 instructions 
Clk3 @ 562000000 Finished 454749 instructions 
Clk7 @ 563000000 Finished 455568 instructions 
Clk7 @ 564000000 Finished 456382 instructions 
Clk7 @ 565000000 Finished 457200 instructions 
Clk7 @ 566000000 Finished 458008 instructions 
Clk3 @ 567000000 Finished 458784 instructions 
Clk7 @ 568000000 Finished 459577 instructions 
Clk@ 568511982 Working on the # 460000 th memory instruction
Clk3 @ 569000000 Finished 460392 instructions 
Clk3 @ 570000000 Finished 461214 instructions 
Clk7 @ 571000000 Finished 462024 instructions 
Clk3 @ 572000000 Finished 462840 instructions 
Clk3 @ 573000000 Finished 463659 instructions 
Clk3 @ 574000000 Finished 464450 instructions 
Clk7 @ 575000000 Finished 465266 instructions 
Clk7 @ 576000000 Finished 466079 instructions 
Clk3 @ 577000000 Finished 466890 instructions 
Clk3 @ 578000000 Finished 467691 instructions 
Clk7 @ 579000000 Finished 468510 instructions 
Clk7 @ 580000000 Finished 469329 instructions 
Clk@ 580854722 Working on the # 470000 th memory instruction
Clk7 @ 581000000 Finished 470116 instructions 
Clk7 @ 582000000 Finished 470935 instructions 
Clk3 @ 583000000 Finished 471746 instructions 
Clk3 @ 584000000 Finished 472548 instructions 
Clk7 @ 585000000 Finished 473363 instructions 
Clk7 @ 586000000 Finished 474186 instructions 
Clk7 @ 587000000 Finished 474986 instructions 
Clk7 @ 588000000 Finished 475782 instructions 
Clk7 @ 589000000 Finished 476584 instructions 
Clk7 @ 590000000 Finished 477404 instructions 
Clk3 @ 591000000 Finished 478212 instructions 
Clk3 @ 592000000 Finished 479018 instructions 
Clk7 @ 593000000 Finished 479769 instructions 
Clk@ 593306326 Working on the # 480000 th memory instruction
Clk7 @ 594000000 Finished 480492 instructions 
Clk7 @ 595000000 Finished 481214 instructions 
Clk7 @ 596000000 Finished 481980 instructions 
Clk3 @ 597000000 Finished 482763 instructions 
Clk7 @ 598000000 Finished 483537 instructions 
Clk7 @ 599000000 Finished 484328 instructions 
Clk7 @ 600000000 Finished 485121 instructions 
Clk7 @ 601000000 Finished 485918 instructions 
Clk7 @ 602000000 Finished 486708 instructions 
Clk7 @ 603000000 Finished 487506 instructions 
Clk7 @ 604000000 Finished 488312 instructions 
Clk3 @ 605000000 Finished 489114 instructions 
Clk3 @ 606000000 Finished 489921 instructions 
Clk@ 606098550 Working on the # 490000 th memory instruction
Clk3 @ 607000000 Finished 490728 instructions 
Clk7 @ 608000000 Finished 491517 instructions 
Clk7 @ 609000000 Finished 492295 instructions 
Clk7 @ 610000000 Finished 493106 instructions 
Clk7 @ 611000000 Finished 493921 instructions 
Clk7 @ 612000000 Finished 494733 instructions 
Clk7 @ 613000000 Finished 495547 instructions 
Clk3 @ 614000000 Finished 496332 instructions 
Clk7 @ 615000000 Finished 497139 instructions 
Clk7 @ 616000000 Finished 497953 instructions 
Clk7 @ 617000000 Finished 498768 instructions 
Clk7 @ 618000000 Finished 499563 instructions 
Clk@ 618544708 Working on the # 500000 th memory instruction
Warm up done after line access count: 500000 out of 1000000 (50 %)
Clk7 @ 619000000 Finished 500364 instructions 
Clk7 @ 620000000 Finished 501172 instructions 
Clk3 @ 621000000 Finished 501987 instructions 
Clk7 @ 622000000 Finished 502776 instructions 
Clk7 @ 623000000 Finished 503600 instructions 
Clk7 @ 624000000 Finished 504396 instructions 
Clk7 @ 625000000 Finished 505213 instructions 
Clk3 @ 626000000 Finished 506028 instructions 
Clk3 @ 627000000 Finished 506836 instructions 
Clk7 @ 628000000 Finished 507657 instructions 
Clk3 @ 629000000 Finished 508463 instructions 
Clk7 @ 630000000 Finished 509274 instructions 
Clk@ 630906679 Working on the # 510000 th memory instruction
Clk3 @ 631000000 Finished 510075 instructions 
Clk7 @ 632000000 Finished 510891 instructions 
Clk7 @ 633000000 Finished 511702 instructions 
Clk7 @ 634000000 Finished 512514 instructions 
Clk7 @ 635000000 Finished 513297 instructions 
Clk7 @ 636000000 Finished 514068 instructions 
Clk7 @ 637000000 Finished 514879 instructions 
Clk7 @ 638000000 Finished 515698 instructions 
Clk3 @ 639000000 Finished 516501 instructions 
Clk7 @ 640000000 Finished 517317 instructions 
Clk3 @ 641000000 Finished 518127 instructions 
Clk7 @ 642000000 Finished 518934 instructions 
Clk7 @ 643000000 Finished 519749 instructions 
Clk@ 643305182 Working on the # 520000 th memory instruction
Clk7 @ 644000000 Finished 520562 instructions 
Clk7 @ 645000000 Finished 521374 instructions 
Clk3 @ 646000000 Finished 522176 instructions 
Clk3 @ 647000000 Finished 522969 instructions 
Clk7 @ 647000000 Finished 522969 instructions 
Clk7 @ 648000000 Finished 523770 instructions 
Clk7 @ 649000000 Finished 524466 instructions 
Clk3 @ 650000000 Finished 525237 instructions 
Clk7 @ 651000000 Finished 526044 instructions 
Clk7 @ 652000000 Finished 526862 instructions 
Clk3 @ 653000000 Finished 527673 instructions 
Clk7 @ 654000000 Finished 528481 instructions 
Clk7 @ 655000000 Finished 529287 instructions 
Clk@ 655893340 Working on the # 530000 th memory instruction
Clk3 @ 656000000 Finished 530085 instructions 
Clk7 @ 657000000 Finished 530894 instructions 
Clk7 @ 658000000 Finished 531712 instructions 
Clk7 @ 659000000 Finished 532519 instructions 
Clk7 @ 660000000 Finished 533332 instructions 
Clk3 @ 661000000 Finished 534147 instructions 
Clk7 @ 661000000 Finished 534147 instructions 
Clk3 @ 662000000 Finished 534949 instructions 
Clk7 @ 663000000 Finished 535731 instructions 
Clk7 @ 664000000 Finished 536547 instructions 
Clk3 @ 665000000 Finished 537363 instructions 
Clk3 @ 666000000 Finished 538179 instructions 
Clk7 @ 667000000 Finished 538986 instructions 
Clk7 @ 668000000 Finished 539799 instructions 
Clk@ 668247233 Working on the # 540000 th memory instruction
Clk3 @ 669000000 Finished 540608 instructions 
Clk7 @ 669000000 Finished 540608 instructions 
Clk7 @ 670000000 Finished 541395 instructions 
Clk7 @ 671000000 Finished 542211 instructions 
Clk7 @ 672000000 Finished 543025 instructions 
Clk3 @ 673000000 Finished 543837 instructions 
Clk7 @ 674000000 Finished 544652 instructions 
Clk7 @ 675000000 Finished 545463 instructions 
Clk7 @ 676000000 Finished 546239 instructions 
Clk7 @ 677000000 Finished 547032 instructions 
Clk3 @ 678000000 Finished 547839 instructions 
Clk7 @ 679000000 Finished 548655 instructions 
Clk7 @ 680000000 Finished 549458 instructions 
Clk@ 680670487 Working on the # 550000 th memory instruction
Clk7 @ 681000000 Finished 550270 instructions 
Clk7 @ 682000000 Finished 551090 instructions 
Clk7 @ 683000000 Finished 551883 instructions 
Clk7 @ 684000000 Finished 552705 instructions 
Clk7 @ 685000000 Finished 553511 instructions 
Clk3 @ 686000000 Finished 554331 instructions 
Clk7 @ 687000000 Finished 555137 instructions 
Clk3 @ 688000000 Finished 555939 instructions 
Clk7 @ 689000000 Finished 556756 instructions 
Clk7 @ 690000000 Finished 557532 instructions 
Clk3 @ 691000000 Finished 558345 instructions 
Clk3 @ 692000000 Finished 559158 instructions 
Clk7 @ 693000000 Finished 559958 instructions 
Clk@ 693051449 Working on the # 560000 th memory instruction
Clk7 @ 694000000 Finished 560774 instructions 
Clk3 @ 695000000 Finished 561588 instructions 
Clk7 @ 696000000 Finished 562391 instructions 
Clk7 @ 697000000 Finished 563187 instructions 
Clk7 @ 698000000 Finished 563981 instructions 
Clk7 @ 699000000 Finished 564747 instructions 
Clk7 @ 700000000 Finished 565530 instructions 
Clk7 @ 701000000 Finished 566346 instructions 
Clk7 @ 702000000 Finished 567150 instructions 
Clk7 @ 703000000 Finished 567935 instructions 
Clk7 @ 704000000 Finished 568673 instructions 
Clk7 @ 705000000 Finished 569482 instructions 
Clk@ 705632660 Working on the # 570000 th memory instruction
Clk7 @ 706000000 Finished 570300 instructions 
Clk7 @ 707000000 Finished 571086 instructions 
Clk7 @ 708000000 Finished 571912 instructions 
Clk7 @ 709000000 Finished 572723 instructions 
Clk7 @ 710000000 Finished 573508 instructions 
Clk7 @ 711000000 Finished 574314 instructions 
Clk3 @ 712000000 Finished 575118 instructions 
Clk3 @ 713000000 Finished 575931 instructions 
Clk7 @ 714000000 Finished 576743 instructions 
Clk7 @ 715000000 Finished 577549 instructions 
Clk7 @ 716000000 Finished 578362 instructions 
Clk3 @ 717000000 Finished 579147 instructions 
Clk7 @ 718000000 Finished 579960 instructions 
Clk@ 718047886 Working on the # 580000 th memory instruction
Clk3 @ 719000000 Finished 580752 instructions 
Clk3 @ 720000000 Finished 581554 instructions 
Clk7 @ 721000000 Finished 582353 instructions 
Clk7 @ 722000000 Finished 583171 instructions 
Clk7 @ 723000000 Finished 583988 instructions 
Clk7 @ 724000000 Finished 584791 instructions 
Clk7 @ 725000000 Finished 585606 instructions 
Clk7 @ 726000000 Finished 586413 instructions 
Clk3 @ 727000000 Finished 587223 instructions 
Clk7 @ 728000000 Finished 588033 instructions 
Clk7 @ 729000000 Finished 588845 instructions 
Clk7 @ 730000000 Finished 589650 instructions 
Clk@ 730523443 Working on the # 590000 th memory instruction
Clk7 @ 731000000 Finished 590379 instructions 
Clk7 @ 732000000 Finished 591190 instructions 
Clk7 @ 733000000 Finished 592004 instructions 
Clk7 @ 734000000 Finished 592816 instructions 
Clk3 @ 735000000 Finished 593622 instructions 
Clk7 @ 736000000 Finished 594432 instructions 
Clk7 @ 737000000 Finished 595240 instructions 
Clk7 @ 738000000 Finished 596049 instructions 
Clk7 @ 739000000 Finished 596860 instructions 
Clk3 @ 740000000 Finished 597660 instructions 
Clk7 @ 741000000 Finished 598470 instructions 
Clk7 @ 742000000 Finished 599269 instructions 
Clk@ 742908209 Working on the # 600000 th memory instruction
Clk7 @ 743000000 Finished 600069 instructions 
Clk7 @ 744000000 Finished 600861 instructions 
Clk7 @ 745000000 Finished 601679 instructions 
Clk7 @ 746000000 Finished 602480 instructions 
Clk3 @ 747000000 Finished 603295 instructions 
Clk3 @ 748000000 Finished 604107 instructions 
Clk7 @ 749000000 Finished 604909 instructions 
Clk3 @ 750000000 Finished 605724 instructions 
Clk7 @ 751000000 Finished 606523 instructions 
Clk7 @ 752000000 Finished 607333 instructions 
Clk7 @ 753000000 Finished 608147 instructions 
Clk7 @ 754000000 Finished 608949 instructions 
Clk7 @ 755000000 Finished 609766 instructions 
Clk@ 755287134 Working on the # 610000 th memory instruction
Clk7 @ 756000000 Finished 610572 instructions 
Clk7 @ 757000000 Finished 611385 instructions 
Clk3 @ 758000000 Finished 612105 instructions 
Clk3 @ 759000000 Finished 612902 instructions 
Clk7 @ 760000000 Finished 613714 instructions 
Clk7 @ 761000000 Finished 614511 instructions 
Clk7 @ 762000000 Finished 615300 instructions 
Clk7 @ 763000000 Finished 616072 instructions 
Clk7 @ 764000000 Finished 616881 instructions 
Clk3 @ 765000000 Finished 617676 instructions 
Clk7 @ 766000000 Finished 618495 instructions 
Clk7 @ 767000000 Finished 619311 instructions 
Clk@ 767876371 Working on the # 620000 th memory instruction
Clk7 @ 768000000 Finished 620100 instructions 
Clk7 @ 769000000 Finished 620913 instructions 
Clk3 @ 770000000 Finished 621729 instructions 
Clk7 @ 772000000 Finished 623329 instructions 
Clk7 @ 773000000 Finished 624143 instructions 
Clk7 @ 774000000 Finished 624952 instructions 
Clk7 @ 775000000 Finished 625753 instructions 
Clk7 @ 776000000 Finished 626572 instructions 
Clk7 @ 777000000 Finished 627384 instructions 
Clk3 @ 778000000 Finished 628191 instructions 
Clk7 @ 779000000 Finished 629005 instructions 
Clk3 @ 780000000 Finished 629825 instructions 
Clk@ 780208499 Working on the # 630000 th memory instruction
Clk3 @ 781000000 Finished 630635 instructions 
Clk3 @ 782000000 Finished 631437 instructions 
Clk7 @ 783000000 Finished 632252 instructions 
Clk7 @ 784000000 Finished 633052 instructions 
Clk7 @ 785000000 Finished 633810 instructions 
Clk3 @ 786000000 Finished 634626 instructions 
Clk7 @ 787000000 Finished 635436 instructions 
Clk7 @ 788000000 Finished 636246 instructions 
Clk7 @ 789000000 Finished 637054 instructions 
Clk3 @ 790000000 Finished 637866 instructions 
Clk7 @ 791000000 Finished 638678 instructions 
Clk7 @ 792000000 Finished 639460 instructions 
Clk@ 792665652 Working on the # 640000 th memory instruction
Clk7 @ 793000000 Finished 640270 instructions 
Clk7 @ 794000000 Finished 641085 instructions 
Clk7 @ 795000000 Finished 641897 instructions 
Clk7 @ 796000000 Finished 642723 instructions 
Clk7 @ 797000000 Finished 643538 instructions 
Clk3 @ 798000000 Finished 644359 instructions 
Clk3 @ 799000000 Finished 645138 instructions 
Clk3 @ 800000000 Finished 645936 instructions 
Clk7 @ 801000000 Finished 646746 instructions 
Clk7 @ 802000000 Finished 647559 instructions 
Clk3 @ 803000000 Finished 648373 instructions 
Clk3 @ 804000000 Finished 649188 instructions 
Clk7 @ 805000000 Finished 649980 instructions 
Clk@ 805024849 Working on the # 650000 th memory instruction
Clk7 @ 806000000 Finished 650781 instructions 
Clk3 @ 807000000 Finished 651579 instructions 
Clk7 @ 808000000 Finished 652397 instructions 
Clk7 @ 809000000 Finished 653202 instructions 
Clk7 @ 810000000 Finished 654007 instructions 
Clk3 @ 811000000 Finished 654788 instructions 
Clk7 @ 812000000 Finished 655496 instructions 
Clk7 @ 813000000 Finished 656265 instructions 
Clk3 @ 814000000 Finished 657057 instructions 
Clk7 @ 815000000 Finished 657862 instructions 
Clk7 @ 816000000 Finished 658668 instructions 
Clk3 @ 817000000 Finished 659478 instructions 
Clk@ 817633268 Working on the # 660000 th memory instruction
Clk7 @ 818000000 Finished 660296 instructions 
Clk7 @ 819000000 Finished 661095 instructions 
Clk7 @ 820000000 Finished 661899 instructions 
Clk3 @ 821000000 Finished 662703 instructions 
Clk7 @ 822000000 Finished 663525 instructions 
Clk3 @ 823000000 Finished 664326 instructions 
Clk7 @ 824000000 Finished 665148 instructions 
Clk3 @ 825000000 Finished 665958 instructions 
Clk3 @ 826000000 Finished 666705 instructions 
Clk7 @ 827000000 Finished 667518 instructions 
Clk3 @ 828000000 Finished 668331 instructions 
Clk7 @ 829000000 Finished 669135 instructions 
Clk7 @ 830000000 Finished 669948 instructions 
Clk@ 830064533 Working on the # 670000 th memory instruction
Clk7 @ 831000000 Finished 670763 instructions 
Clk3 @ 832000000 Finished 671574 instructions 
Clk7 @ 833000000 Finished 672369 instructions 
Clk7 @ 834000000 Finished 673179 instructions 
Clk7 @ 835000000 Finished 673986 instructions 
Clk3 @ 836000000 Finished 674793 instructions 
Clk7 @ 837000000 Finished 675598 instructions 
Clk7 @ 838000000 Finished 676401 instructions 
Clk7 @ 839000000 Finished 677202 instructions 
Clk3 @ 840000000 Finished 677990 instructions 
Clk7 @ 841000000 Finished 678793 instructions 
Clk7 @ 842000000 Finished 679603 instructions 
Clk@ 842499401 Working on the # 680000 th memory instruction
Clk7 @ 843000000 Finished 680388 instructions 
Clk7 @ 844000000 Finished 681194 instructions 
Clk7 @ 845000000 Finished 682002 instructions 
Clk7 @ 846000000 Finished 682808 instructions 
Clk3 @ 847000000 Finished 683613 instructions 
Clk7 @ 848000000 Finished 684404 instructions 
Clk3 @ 849000000 Finished 685218 instructions 
Clk7 @ 850000000 Finished 686025 instructions 
Clk3 @ 851000000 Finished 686832 instructions 
Clk7 @ 852000000 Finished 687643 instructions 
Clk3 @ 853000000 Finished 688410 instructions 
Clk7 @ 854000000 Finished 689219 instructions 
Clk@ 854969159 Working on the # 690000 th memory instruction
Clk7 @ 855000000 Finished 690021 instructions 
Clk3 @ 856000000 Finished 690829 instructions 
Clk7 @ 857000000 Finished 691634 instructions 
Clk3 @ 858000000 Finished 692442 instructions 
Clk7 @ 859000000 Finished 693240 instructions 
Clk7 @ 860000000 Finished 694037 instructions 
Clk7 @ 861000000 Finished 694835 instructions 
Clk7 @ 862000000 Finished 695624 instructions 
Clk7 @ 863000000 Finished 696402 instructions 
Clk7 @ 864000000 Finished 697199 instructions 
Clk3 @ 865000000 Finished 697974 instructions 
Clk7 @ 866000000 Finished 698744 instructions 
Clk7 @ 867000000 Finished 699421 instructions 
Clk@ 867793094 Working on the # 700000 th memory instruction
Clk7 @ 868000000 Finished 700158 instructions 
Clk7 @ 869000000 Finished 700929 instructions 
Clk7 @ 870000000 Finished 701732 instructions 
Clk7 @ 871000000 Finished 702537 instructions 
Clk7 @ 872000000 Finished 703347 instructions 
Clk3 @ 873000000 Finished 704161 instructions 
Clk7 @ 874000000 Finished 704943 instructions 
Clk7 @ 875000000 Finished 705751 instructions 
Clk3 @ 876000000 Finished 706563 instructions 
Clk7 @ 877000000 Finished 707365 instructions 
Clk7 @ 878000000 Finished 708178 instructions 
Clk7 @ 879000000 Finished 708984 instructions 
Clk7 @ 880000000 Finished 709799 instructions 
Clk@ 880279932 Working on the # 710000 th memory instruction
Clk7 @ 881000000 Finished 710581 instructions 
Clk7 @ 882000000 Finished 711390 instructions 
Clk7 @ 883000000 Finished 712207 instructions 
Clk3 @ 884000000 Finished 713004 instructions 
Clk7 @ 885000000 Finished 713816 instructions 
Clk7 @ 886000000 Finished 714627 instructions 
Clk7 @ 887000000 Finished 715435 instructions 
Clk7 @ 888000000 Finished 716240 instructions 
Clk7 @ 889000000 Finished 717058 instructions 
Clk7 @ 890000000 Finished 717867 instructions 
Clk7 @ 891000000 Finished 718666 instructions 
Clk7 @ 892000000 Finished 719490 instructions 
Clk@ 892627108 Working on the # 720000 th memory instruction
Clk7 @ 893000000 Finished 720300 instructions 
Clk7 @ 894000000 Finished 721050 instructions 
Clk3 @ 895000000 Finished 721850 instructions 
Clk7 @ 896000000 Finished 722661 instructions 
Clk7 @ 897000000 Finished 723477 instructions 
Clk7 @ 898000000 Finished 724283 instructions 
Clk7 @ 899000000 Finished 725091 instructions 
Clk7 @ 900000000 Finished 725901 instructions 
Clk7 @ 901000000 Finished 726673 instructions 
Clk7 @ 902000000 Finished 727479 instructions 
Clk7 @ 903000000 Finished 728292 instructions 
Clk3 @ 904000000 Finished 729099 instructions 
Clk3 @ 905000000 Finished 729909 instructions 
Clk@ 905111457 Working on the # 730000 th memory instruction
Clk7 @ 906000000 Finished 730713 instructions 
Clk7 @ 907000000 Finished 731529 instructions 
Clk3 @ 908000000 Finished 732330 instructions 
Clk7 @ 909000000 Finished 733142 instructions 
Clk7 @ 910000000 Finished 733949 instructions 
Clk7 @ 911000000 Finished 734759 instructions 
Clk7 @ 912000000 Finished 735548 instructions 
Clk3 @ 913000000 Finished 736359 instructions 
Clk7 @ 914000000 Finished 737162 instructions 
Clk3 @ 915000000 Finished 737945 instructions 
Clk7 @ 916000000 Finished 738756 instructions 
Clk7 @ 917000000 Finished 739567 instructions 
Clk@ 917531671 Working on the # 740000 th memory instruction
Clk7 @ 918000000 Finished 740379 instructions 
Clk7 @ 919000000 Finished 741188 instructions 
Clk3 @ 920000000 Finished 741996 instructions 
Clk3 @ 921000000 Finished 742758 instructions 
Clk7 @ 922000000 Finished 743499 instructions 
Clk7 @ 923000000 Finished 744316 instructions 
Clk7 @ 924000000 Finished 745127 instructions 
Clk3 @ 925000000 Finished 745932 instructions 
Clk7 @ 926000000 Finished 746750 instructions 
Clk7 @ 927000000 Finished 747563 instructions 
Clk3 @ 928000000 Finished 748359 instructions 
Clk7 @ 929000000 Finished 749152 instructions 
Clk7 @ 930000000 Finished 749956 instructions 
Clk@ 930050793 Working on the # 750000 th memory instruction
Clk7 @ 931000000 Finished 750770 instructions 
Clk7 @ 932000000 Finished 751569 instructions 
Clk7 @ 933000000 Finished 752377 instructions 
Clk7 @ 934000000 Finished 753201 instructions 
Clk3 @ 935000000 Finished 753990 instructions 
Clk3 @ 936000000 Finished 754809 instructions 
Clk7 @ 938000000 Finished 756401 instructions 
Clk7 @ 939000000 Finished 757198 instructions 
Clk7 @ 940000000 Finished 758004 instructions 
Clk7 @ 941000000 Finished 758817 instructions 
Clk3 @ 942000000 Finished 759624 instructions 
Clk@ 942467558 Working on the # 760000 th memory instruction
Clk7 @ 943000000 Finished 760427 instructions 
Clk7 @ 944000000 Finished 761226 instructions 
Clk3 @ 945000000 Finished 762018 instructions 
Clk3 @ 946000000 Finished 762831 instructions 
Clk7 @ 947000000 Finished 763652 instructions 
Clk7 @ 948000000 Finished 764463 instructions 
Clk7 @ 949000000 Finished 765231 instructions 
Clk3 @ 950000000 Finished 766038 instructions 
Clk7 @ 951000000 Finished 766854 instructions 
Clk7 @ 952000000 Finished 767657 instructions 
Clk7 @ 953000000 Finished 768462 instructions 
Clk7 @ 954000000 Finished 769239 instructions 
Clk@ 954943218 Working on the # 770000 th memory instruction
Clk7 @ 955000000 Finished 770043 instructions 
Clk7 @ 957000000 Finished 771647 instructions 
Clk3 @ 958000000 Finished 772460 instructions 
Clk3 @ 959000000 Finished 773262 instructions 
Clk3 @ 960000000 Finished 774060 instructions 
Clk7 @ 961000000 Finished 774868 instructions 
Clk7 @ 962000000 Finished 775664 instructions 
Clk7 @ 963000000 Finished 776470 instructions 
Clk3 @ 964000000 Finished 777276 instructions 
Clk3 @ 965000000 Finished 778077 instructions 
Clk7 @ 966000000 Finished 778885 instructions 
Clk7 @ 967000000 Finished 779670 instructions 
Clk@ 967409970 Working on the # 780000 th memory instruction
Clk7 @ 968000000 Finished 780459 instructions 
Clk7 @ 969000000 Finished 781264 instructions 
Clk7 @ 970000000 Finished 782070 instructions 
Clk7 @ 971000000 Finished 782869 instructions 
Clk3 @ 972000000 Finished 783663 instructions 
Clk7 @ 973000000 Finished 784467 instructions 
Clk3 @ 974000000 Finished 785259 instructions 
Clk7 @ 975000000 Finished 786050 instructions 
Clk7 @ 976000000 Finished 786724 instructions 
Clk7 @ 977000000 Finished 787484 instructions 
Clk3 @ 978000000 Finished 788273 instructions 
Clk3 @ 979000000 Finished 789075 instructions 
Clk7 @ 980000000 Finished 789883 instructions 
Clk@ 980149491 Working on the # 790000 th memory instruction
Clk3 @ 981000000 Finished 790675 instructions 
Clk3 @ 982000000 Finished 791478 instructions 
Clk7 @ 983000000 Finished 792280 instructions 
Clk7 @ 984000000 Finished 793077 instructions 
Clk7 @ 985000000 Finished 793874 instructions 
Clk7 @ 986000000 Finished 794663 instructions 
Clk3 @ 987000000 Finished 795462 instructions 
Clk3 @ 988000000 Finished 796269 instructions 
Clk7 @ 989000000 Finished 797070 instructions 
Clk3 @ 990000000 Finished 797865 instructions 
Clk7 @ 992000000 Finished 799446 instructions 
Clk@ 992686250 Working on the # 800000 th memory instruction
Clk7 @ 993000000 Finished 800248 instructions 
Clk7 @ 994000000 Finished 801049 instructions 
Clk7 @ 995000000 Finished 801827 instructions 
Clk7 @ 996000000 Finished 802636 instructions 
Clk7 @ 997000000 Finished 803442 instructions 
Clk7 @ 998000000 Finished 804228 instructions 
Clk3 @ 999000000 Finished 805032 instructions 
Clk7 @ 1000000000 Finished 805838 instructions 
Clk3 @ 1001000000 Finished 806652 instructions 
Clk3 @ 1002000000 Finished 807453 instructions 
Clk7 @ 1003000000 Finished 808251 instructions 
Clk7 @ 1004000000 Finished 809044 instructions 
Clk7 @ 1005000000 Finished 809856 instructions 
Clk@ 1005175715 Working on the # 810000 th memory instruction
Clk7 @ 1006000000 Finished 810670 instructions 
Clk7 @ 1007000000 Finished 811464 instructions 
Clk7 @ 1008000000 Finished 812258 instructions 
Clk7 @ 1009000000 Finished 813064 instructions 
Clk7 @ 1010000000 Finished 813871 instructions 
Clk7 @ 1011000000 Finished 814682 instructions 
Clk3 @ 1012000000 Finished 815496 instructions 
Clk7 @ 1013000000 Finished 816308 instructions 
Clk3 @ 1014000000 Finished 817078 instructions 
Clk3 @ 1015000000 Finished 817881 instructions 
Clk3 @ 1016000000 Finished 818692 instructions 
Clk3 @ 1017000000 Finished 819492 instructions 
Clk@ 1017624787 Working on the # 820000 th memory instruction
Clk7 @ 1018000000 Finished 820303 instructions 
Clk7 @ 1019000000 Finished 821097 instructions 
Clk7 @ 1020000000 Finished 821861 instructions 
Clk7 @ 1021000000 Finished 822650 instructions 
Clk7 @ 1022000000 Finished 823450 instructions 
Clk7 @ 1023000000 Finished 824248 instructions 
Clk3 @ 1024000000 Finished 825042 instructions 
Clk3 @ 1025000000 Finished 825849 instructions 
Clk7 @ 1026000000 Finished 826651 instructions 
Clk3 @ 1027000000 Finished 827447 instructions 
Clk7 @ 1028000000 Finished 828259 instructions 
Clk7 @ 1029000000 Finished 829071 instructions 
Clk7 @ 1030000000 Finished 829865 instructions 
Clk@ 1030177973 Working on the # 830000 th memory instruction
Clk7 @ 1031000000 Finished 830624 instructions 
Clk7 @ 1033000000 Finished 832248 instructions 
Clk7 @ 1034000000 Finished 833043 instructions 
Clk3 @ 1035000000 Finished 833854 instructions 
Clk7 @ 1036000000 Finished 834664 instructions 
Clk3 @ 1037000000 Finished 835470 instructions 
Clk7 @ 1038000000 Finished 836255 instructions 
Clk7 @ 1039000000 Finished 837056 instructions 
Clk7 @ 1040000000 Finished 837857 instructions 
Clk7 @ 1041000000 Finished 838665 instructions 
Clk7 @ 1042000000 Finished 839461 instructions 
Clk@ 1042660881 Working on the # 840000 th memory instruction
Clk7 @ 1043000000 Finished 840273 instructions 
Clk3 @ 1044000000 Finished 841068 instructions 
Clk7 @ 1046000000 Finished 842693 instructions 
Clk7 @ 1047000000 Finished 843501 instructions 
Clk7 @ 1048000000 Finished 844309 instructions 
Clk3 @ 1049000000 Finished 845115 instructions 
Clk3 @ 1050000000 Finished 845919 instructions 
Clk3 @ 1051000000 Finished 846678 instructions 
Clk3 @ 1052000000 Finished 847467 instructions 
Clk3 @ 1053000000 Finished 848271 instructions 
Clk7 @ 1054000000 Finished 849063 instructions 
Clk3 @ 1055000000 Finished 849864 instructions 
Clk@ 1055168710 Working on the # 850000 th memory instruction
Clk7 @ 1056000000 Finished 850664 instructions 
Clk3 @ 1057000000 Finished 851475 instructions 
Clk7 @ 1058000000 Finished 852255 instructions 
Clk7 @ 1059000000 Finished 853055 instructions 
Clk3 @ 1060000000 Finished 853866 instructions 
Clk7 @ 1061000000 Finished 854680 instructions 
Clk7 @ 1062000000 Finished 855484 instructions 
Clk7 @ 1063000000 Finished 856295 instructions 
Clk7 @ 1064000000 Finished 857084 instructions 
Clk7 @ 1065000000 Finished 857880 instructions 
Clk7 @ 1066000000 Finished 858684 instructions 
Clk7 @ 1067000000 Finished 859493 instructions 
Clk@ 1067620603 Working on the # 860000 th memory instruction
Clk3 @ 1068000000 Finished 860298 instructions 
Clk3 @ 1069000000 Finished 861111 instructions 
Clk7 @ 1070000000 Finished 861910 instructions 
Clk7 @ 1071000000 Finished 862712 instructions 
Clk7 @ 1072000000 Finished 863497 instructions 
Clk7 @ 1073000000 Finished 864303 instructions 
Clk3 @ 1074000000 Finished 865119 instructions 
Clk3 @ 1075000000 Finished 865925 instructions 
Clk7 @ 1076000000 Finished 866737 instructions 
Clk7 @ 1077000000 Finished 867548 instructions 
Clk7 @ 1078000000 Finished 868344 instructions 
Clk7 @ 1079000000 Finished 869130 instructions 
Clk7 @ 1080000000 Finished 869932 instructions 
Clk@ 1080082777 Working on the # 870000 th memory instruction
Clk3 @ 1081000000 Finished 870741 instructions 
Clk7 @ 1082000000 Finished 871550 instructions 
Clk3 @ 1083000000 Finished 872367 instructions 
Clk3 @ 1084000000 Finished 873139 instructions 
Clk7 @ 1085000000 Finished 873855 instructions 
Clk7 @ 1086000000 Finished 874624 instructions 
Clk7 @ 1087000000 Finished 875424 instructions 
Clk7 @ 1088000000 Finished 876228 instructions 
Clk3 @ 1089000000 Finished 877035 instructions 
Clk7 @ 1090000000 Finished 877835 instructions 
Clk3 @ 1091000000 Finished 878637 instructions 
Clk7 @ 1092000000 Finished 879437 instructions 
Clk@ 1092694540 Working on the # 880000 th memory instruction
Clk7 @ 1093000000 Finished 880248 instructions 
Clk3 @ 1094000000 Finished 881058 instructions 
Clk7 @ 1095000000 Finished 881868 instructions 
Clk3 @ 1096000000 Finished 882671 instructions 
Clk3 @ 1097000000 Finished 883482 instructions 
Clk7 @ 1098000000 Finished 884286 instructions 
Clk3 @ 1099000000 Finished 885051 instructions 
Clk7 @ 1100000000 Finished 885854 instructions 
Clk7 @ 1101000000 Finished 886657 instructions 
Clk7 @ 1102000000 Finished 887463 instructions 
Clk3 @ 1103000000 Finished 888267 instructions 
Clk7 @ 1104000000 Finished 889056 instructions 
Clk7 @ 1105000000 Finished 889837 instructions 
Clk@ 1105200198 Working on the # 890000 th memory instruction
Clk3 @ 1106000000 Finished 890648 instructions 
Clk3 @ 1107000000 Finished 891453 instructions 
Clk7 @ 1108000000 Finished 892261 instructions 
Clk7 @ 1109000000 Finished 893059 instructions 
Clk3 @ 1110000000 Finished 893871 instructions 
Clk3 @ 1111000000 Finished 894681 instructions 
Clk3 @ 1112000000 Finished 895496 instructions 
Clk7 @ 1113000000 Finished 896280 instructions 
Clk7 @ 1114000000 Finished 897093 instructions 
Clk3 @ 1115000000 Finished 897897 instructions 
Clk3 @ 1116000000 Finished 898701 instructions 
Clk7 @ 1117000000 Finished 899494 instructions 
Clk@ 1117654059 Working on the # 900000 th memory instruction
Clk7 @ 1118000000 Finished 900277 instructions 
Clk7 @ 1119000000 Finished 901088 instructions 
Clk3 @ 1120000000 Finished 901893 instructions 
Clk7 @ 1120000000 Finished 901893 instructions 
Clk3 @ 1121000000 Finished 902697 instructions 
Clk3 @ 1122000000 Finished 903507 instructions 
Clk7 @ 1123000000 Finished 904316 instructions 
Clk7 @ 1124000000 Finished 905117 instructions 
Clk7 @ 1125000000 Finished 905918 instructions 
Clk7 @ 1126000000 Finished 906671 instructions 
Clk7 @ 1127000000 Finished 907462 instructions 
Clk3 @ 1128000000 Finished 908262 instructions 
Clk3 @ 1129000000 Finished 909081 instructions 
Clk7 @ 1130000000 Finished 909891 instructions 
Clk@ 1130134575 Working on the # 910000 th memory instruction
Clk7 @ 1131000000 Finished 910701 instructions 
Clk7 @ 1132000000 Finished 911511 instructions 
Clk3 @ 1133000000 Finished 912314 instructions 
Clk7 @ 1134000000 Finished 913122 instructions 
Clk7 @ 1135000000 Finished 913930 instructions 
Clk7 @ 1136000000 Finished 914733 instructions 
Clk7 @ 1137000000 Finished 915530 instructions 
Clk7 @ 1138000000 Finished 916335 instructions 
Clk3 @ 1139000000 Finished 917136 instructions 
Clk7 @ 1140000000 Finished 917862 instructions 
Clk7 @ 1141000000 Finished 918663 instructions 
Clk3 @ 1142000000 Finished 919478 instructions 
Clk@ 1142641481 Working on the # 920000 th memory instruction
Clk7 @ 1143000000 Finished 920279 instructions 
Clk7 @ 1144000000 Finished 921097 instructions 
Clk7 @ 1145000000 Finished 921906 instructions 
Clk3 @ 1146000000 Finished 922716 instructions 
Clk7 @ 1147000000 Finished 923509 instructions 
Clk7 @ 1148000000 Finished 924313 instructions 
Clk7 @ 1149000000 Finished 925119 instructions 
Clk7 @ 1150000000 Finished 925924 instructions 
Clk7 @ 1151000000 Finished 926737 instructions 
Clk7 @ 1152000000 Finished 927543 instructions 
Clk7 @ 1153000000 Finished 928342 instructions 
Clk7 @ 1154000000 Finished 929124 instructions 
Clk7 @ 1155000000 Finished 929937 instructions 
Clk@ 1155079503 Working on the # 930000 th memory instruction
Clk3 @ 1156000000 Finished 930744 instructions 
Clk3 @ 1157000000 Finished 931545 instructions 
Clk7 @ 1158000000 Finished 932361 instructions 
Clk7 @ 1159000000 Finished 933154 instructions 
Clk7 @ 1160000000 Finished 933948 instructions 
Clk3 @ 1161000000 Finished 934753 instructions 
Clk7 @ 1162000000 Finished 935565 instructions 
Clk7 @ 1163000000 Finished 936372 instructions 
Clk3 @ 1164000000 Finished 937178 instructions 
Clk7 @ 1165000000 Finished 937987 instructions 
Clk7 @ 1166000000 Finished 938796 instructions 
Clk7 @ 1167000000 Finished 939561 instructions 
Clk@ 1167557457 Working on the # 940000 th memory instruction
Clk7 @ 1168000000 Finished 940353 instructions 
Clk7 @ 1169000000 Finished 941173 instructions 
Clk7 @ 1170000000 Finished 941981 instructions 
Clk7 @ 1171000000 Finished 942778 instructions 
Clk7 @ 1172000000 Finished 943592 instructions 
Clk7 @ 1173000000 Finished 944394 instructions 
Clk7 @ 1174000000 Finished 945182 instructions 
Clk7 @ 1175000000 Finished 945993 instructions 
Clk7 @ 1176000000 Finished 946800 instructions 
Clk7 @ 1177000000 Finished 947617 instructions 
Clk7 @ 1178000000 Finished 948428 instructions 
Clk7 @ 1179000000 Finished 949219 instructions 
Clk@ 1179975567 Working on the # 950000 th memory instruction
Clk7 @ 1180000000 Finished 950019 instructions 
Clk7 @ 1181000000 Finished 950784 instructions 
Clk7 @ 1182000000 Finished 951594 instructions 
Clk7 @ 1183000000 Finished 952386 instructions 
Clk3 @ 1184000000 Finished 953193 instructions 
Clk7 @ 1185000000 Finished 954007 instructions 
Clk7 @ 1186000000 Finished 954816 instructions 
Clk7 @ 1187000000 Finished 955628 instructions 
Clk3 @ 1188000000 Finished 956430 instructions 
Clk3 @ 1189000000 Finished 957234 instructions 
Clk3 @ 1190000000 Finished 958026 instructions 
Clk7 @ 1191000000 Finished 958806 instructions 
Clk7 @ 1192000000 Finished 959583 instructions 
Clk@ 1192534412 Working on the # 960000 th memory instruction
Clk3 @ 1193000000 Finished 960348 instructions 
Clk7 @ 1194000000 Finished 961080 instructions 
Clk7 @ 1195000000 Finished 961800 instructions 
Clk7 @ 1196000000 Finished 962591 instructions 
Clk7 @ 1197000000 Finished 963389 instructions 
Clk3 @ 1198000000 Finished 964156 instructions 
Clk7 @ 1199000000 Finished 964956 instructions 
Clk7 @ 1200000000 Finished 965757 instructions 
Clk7 @ 1201000000 Finished 966554 instructions 
Clk7 @ 1202000000 Finished 967335 instructions 
Clk3 @ 1203000000 Finished 968124 instructions 
Clk7 @ 1204000000 Finished 968938 instructions 
Clk7 @ 1205000000 Finished 969741 instructions 
Clk@ 1205317393 Working on the # 970000 th memory instruction
Clk7 @ 1206000000 Finished 970547 instructions 
Clk7 @ 1207000000 Finished 971341 instructions 
Clk3 @ 1208000000 Finished 972134 instructions 
Clk7 @ 1209000000 Finished 972932 instructions 
Clk7 @ 1210000000 Finished 973728 instructions 
Clk7 @ 1211000000 Finished 974529 instructions 
Clk7 @ 1212000000 Finished 975331 instructions 
Clk3 @ 1213000000 Finished 976137 instructions 
Clk7 @ 1214000000 Finished 976946 instructions 
Clk3 @ 1215000000 Finished 977742 instructions 
Clk7 @ 1216000000 Finished 978547 instructions 
Clk7 @ 1217000000 Finished 979353 instructions 
Clk@ 1217802021 Working on the # 980000 th memory instruction
Clk7 @ 1218000000 Finished 980162 instructions 
Clk7 @ 1219000000 Finished 980968 instructions 
Clk7 @ 1220000000 Finished 981775 instructions 
Clk7 @ 1221000000 Finished 982587 instructions 
Clk7 @ 1222000000 Finished 983322 instructions 
Clk7 @ 1223000000 Finished 984126 instructions 
Clk7 @ 1224000000 Finished 984928 instructions 
Clk7 @ 1225000000 Finished 985737 instructions 
Clk7 @ 1226000000 Finished 986538 instructions 
Clk3 @ 1227000000 Finished 987342 instructions 
Clk7 @ 1228000000 Finished 988143 instructions 
Clk7 @ 1229000000 Finished 988945 instructions 
Clk3 @ 1230000000 Finished 989748 instructions 
Clk@ 1230311021 Working on the # 990000 th memory instruction
Clk7 @ 1231000000 Finished 990558 instructions 
Clk3 @ 1232000000 Finished 991353 instructions 
Clk7 @ 1233000000 Finished 992128 instructions 
Clk3 @ 1234000000 Finished 992926 instructions 
Clk7 @ 1235000000 Finished 993734 instructions 
Clk3 @ 1236000000 Finished 994527 instructions 
Clk3 @ 1237000000 Finished 995337 instructions 
Clk7 @ 1238000000 Finished 996142 instructions 
Clk3 @ 1239000000 Finished 996949 instructions 
Clk7 @ 1240000000 Finished 997764 instructions 
Clk7 @ 1241000000 Finished 998548 instructions 
Clk7 @ 1242000000 Finished 999332 instructions 
Clk@ 1242843590 Working on the # 1000000 th memory instruction

===*** Data ***====
Stall reason distribution: 
mc_hazard: 0
normal: 0
rs_hazard: 0
rw_swtich: 0
Early reshuffle distribution: 
0: 0
1: 0
2: 0
3: 0
4: 0
5: 0
6: 0
7: 0
8: 13761
9: 62712
10: 62636
11: 63034
12: 62419
13: 62116
14: 61270
15: 59674
16: 56661
17: 50557
18: 37082
19: 14961
20: 2589
21: 253
22: 17
23: 1
24: 0
25: 0
26: 0
=================
Max stash size is: 64
Average stash size is: 13.603
useful_read_pull_ddr: 499999 (0.9181) %
dummy_read_pull_ddr: 8609350 (15.8085) %
useful_early_pull_ddr: 1344025 (2.4679) %
useful_early_push_ddr: 464431 (0.85279) %
useful_write_pull_ddr: 12143507 (22.298) %
useful_write_push_ddr: 3835881 (7.04346) %
dummy_early_pull_ddr: 336295 (0.617506) %
dummy_early_push_ddr: 2560145 (4.70095) %
dummy_write_pull_ddr: 2353 (0.00432059) %
dummy_write_push_ddr: 24664176 (45.2885) %
=================
Stash violation number of times: 0
=================
Check NodeID traffic: 9747859
Update NodeID traffic: 201
=================
Read RS lines: 1000000 (34.6482) %
Write RS lines: 666666 (23.0988) %
Early RS lines: 1219486 (42.253) %
Read DDR lines: 18219294 (17.2362) %
Write DDR lines: 78947830 (74.688) %
Early DDR lines: 8536402 (8.0758) %

====*** pos1 ***====
Stall reason distribution: 
mc_hazard: 0
normal: 0
rs_hazard: 0
rw_swtich: 0
Early reshuffle distribution: 
0: 0
1: 0
2: 0
3: 0
4: 0
5: 13457
6: 62178
7: 62612
8: 62703
9: 62638
10: 62654
11: 62650
12: 62541
13: 62028
14: 61457
15: 59702
16: 56135
17: 49692
18: 36822
19: 13952
20: 2188
21: 162
22: 4
23: 0
=================
Max stash size is: 71
Average stash size is: 12.3824
useful_read_pull_ddr: 999997 (0.903989) %
dummy_read_pull_ddr: 17218877 (15.5657) %
useful_early_pull_ddr: 3171913 (2.86738) %
useful_early_push_ddr: 1158512 (1.04729) %
useful_write_pull_ddr: 24266080 (21.9363) %
useful_write_push_ddr: 8990946 (8.12774) %
dummy_early_pull_ddr: 795962 (0.719543) %
dummy_early_push_ddr: 5983663 (5.40918) %
dummy_write_pull_ddr: 25560 (0.023106) %
dummy_write_push_ddr: 48008997 (43.3997) %
=================
Stash violation number of times: 0
=================
Check NodeID traffic: 15059779
Update NodeID traffic: 68
=================
Read RS lines: 1000000 (30.7331) %
Write RS lines: 666666 (20.4887) %
Early RS lines: 1587150 (48.7781) %
Read DDR lines: 18218874 (16.8262) %
Write DDR lines: 78947830 (72.913) %
Early DDR lines: 11110050 (10.2608) %

====*** pos2 ***====
Stall reason distribution: 
mc_hazard: 0
normal: 0
rs_hazard: 0
rw_swtich: 0
Early reshuffle distribution: 
0: 0
1: 0
2: 0
3: 0
4: 11420
5: 61647
6: 62292
7: 62336
8: 62681
9: 62730
10: 62562
11: 62807
12: 62596
13: 61788
14: 60825
15: 58844
16: 54985
17: 47556
18: 32435
19: 8567
20: 278
=================
Max stash size is: 75
Average stash size is: 12.0547
useful_read_pull_ddr: 999989 (0.966363) %
dummy_read_pull_ddr: 15187549 (14.6768) %
useful_early_pull_ddr: 3326579 (3.21472) %
useful_early_push_ddr: 1250218 (1.20818) %
useful_write_pull_ddr: 21393581 (20.6742) %
useful_write_push_ddr: 10006320 (9.66984) %
dummy_early_pull_ddr: 855166 (0.82641) %
dummy_early_push_ddr: 6276923 (6.06585) %
dummy_write_pull_ddr: 189727 (0.183347) %
dummy_write_push_ddr: 43993626 (42.5143) %
=================
Stash violation number of times: 0
=================
Check NodeID traffic: 10490904
Update NodeID traffic: 32
=================
Read RS lines: 1000000 (29.9458) %
Write RS lines: 666666 (19.9639) %
Early RS lines: 1672698 (50.0903) %
Read DDR lines: 16187538 (16.5108) %
Write DDR lines: 70145751 (71.5465) %
Early DDR lines: 11708886 (11.9427) %
=================
The final DRAM clk is: 1242844385 ticks.
Idle waiting clk is 878774739, which is 70.7067 %
DRAM Frequency is: 1600MHz
The final time in ns is: 7.76778e+08 ns.
Time distribution: 
Data pull time is: 0
data: 0
pos1: 0
pos2: 0
Data distribution: 
Pos2 data: 98042175
Pos1 data: 108276754
Data: 105703526
Node access DDR: 19495718
Pull DDR: 18219294
WB DDR: 78947830
Early DDR: 8536402
Achieved BW is: 29.4193 GB/s
Ideal BW is: 102.4 GB/s
Metadata cache conclusion: 
overall_hit: 26116397 overall_total: 45609725
Cache Size 64 KB Overall Hit rate: 57.2606 %. 
Simulation done. Statistics written to my_output.txt
