Valid leaf ID range: 67108863:134217726
Num of top nodes: 67108864
Data level num of ways: 67108864
cached_total: 1
cached_total: 3
cached_total: 7
cached_total: 15
cached_total: 31
cached_total: 63
cached_total: 127
cached_total: 255
cached_total: 511
Total number of ORAM protected cache line blocks: 67108864
Cached number of levels: 8
Max number of levels: 27
Start lvl is: 0
data valid leaf right: 134217727
data num of levels: 27
data level num of ways: 67108864
data number of sets: 1
Cached node ID: 0 -- 455
Address space: 0 - 4 GB
pos1 valid leaf right: 16777215
pos1 num of levels: 24
pos1 level num of ways: 8388608
pos1 number of sets: 1
Cached node ID: 0 -- 56
Address space: 0 - 0.5 GB
pos2 valid leaf right: 2097151
pos2 num of levels: 21
pos2 level num of ways: 1048576
pos2 number of sets: 1
Cached node ID: 0 -- 28
Address space: 0 - 0.0625 GB
Clk7 @ 1000000 Finished 1204 instructions 
Clk3 @ 2000000 Finished 2619 instructions 
Clk3 @ 3000000 Finished 4060 instructions 
Clk7 @ 4000000 Finished 5529 instructions 
Clk7 @ 5000000 Finished 7029 instructions 
Clk3 @ 6000000 Finished 8487 instructions 
Clk@ 6997653 Working on the # 10000 th memory instruction
Clk3 @ 7000000 Finished 10004 instructions 
Clk7 @ 8000000 Finished 11484 instructions 
Clk7 @ 9000000 Finished 12972 instructions 
Clk7 @ 10000000 Finished 14499 instructions 
Clk3 @ 11000000 Finished 15913 instructions 
Clk7 @ 12000000 Finished 17411 instructions 
Clk3 @ 13000000 Finished 18909 instructions 
Clk@ 13734148 Working on the # 20000 th memory instruction
Clk3 @ 14000000 Finished 20412 instructions 
Clk7 @ 15000000 Finished 21870 instructions 
Clk3 @ 16000000 Finished 23346 instructions 
Clk7 @ 17000000 Finished 24810 instructions 
Clk7 @ 18000000 Finished 26349 instructions 
Clk3 @ 19000000 Finished 27852 instructions 
Clk7 @ 20000000 Finished 29371 instructions 
Clk@ 20433312 Working on the # 30000 th memory instruction
Clk3 @ 21000000 Finished 30690 instructions 
Clk7 @ 22000000 Finished 32192 instructions 
Clk3 @ 23000000 Finished 33675 instructions 
Clk7 @ 24000000 Finished 35196 instructions 
Clk3 @ 25000000 Finished 36657 instructions 
Clk7 @ 26000000 Finished 38151 instructions 
Clk3 @ 27000000 Finished 39609 instructions 
Clk@ 27260887 Working on the # 40000 th memory instruction
Clk7 @ 28000000 Finished 41067 instructions 
Clk7 @ 29000000 Finished 42564 instructions 
Clk3 @ 30000000 Finished 43986 instructions 
Clk3 @ 31000000 Finished 45476 instructions 
Clk3 @ 32000000 Finished 46947 instructions 
Clk3 @ 33000000 Finished 48450 instructions 
Clk3 @ 34000000 Finished 49864 instructions 
Clk@ 34093271 Working on the # 50000 th memory instruction
Clk7 @ 35000000 Finished 51361 instructions 
Clk3 @ 36000000 Finished 52862 instructions 
Clk7 @ 37000000 Finished 54363 instructions 
Clk3 @ 38000000 Finished 55839 instructions 
Clk7 @ 39000000 Finished 57331 instructions 
Clk3 @ 40000000 Finished 58821 instructions 
Clk@ 40808896 Working on the # 60000 th memory instruction
Clk3 @ 41000000 Finished 60174 instructions 
Clk3 @ 42000000 Finished 61518 instructions 
Clk3 @ 43000000 Finished 63029 instructions 
Clk3 @ 44000000 Finished 64503 instructions 
Clk3 @ 46000000 Finished 67464 instructions 
Clk7 @ 47000000 Finished 68957 instructions 
Clk@ 47697194 Working on the # 70000 th memory instruction
Clk3 @ 48000000 Finished 70454 instructions 
Clk3 @ 49000000 Finished 71859 instructions 
Clk7 @ 50000000 Finished 73334 instructions 
Clk7 @ 51000000 Finished 74814 instructions 
Clk7 @ 52000000 Finished 76308 instructions 
Clk7 @ 53000000 Finished 77728 instructions 
Clk7 @ 54000000 Finished 79199 instructions 
Clk@ 54546401 Working on the # 80000 th memory instruction
Clk7 @ 55000000 Finished 80688 instructions 
Clk3 @ 56000000 Finished 82087 instructions 
Clk7 @ 57000000 Finished 83569 instructions 
Clk7 @ 58000000 Finished 85060 instructions 
Clk7 @ 59000000 Finished 86553 instructions 
Clk7 @ 60000000 Finished 87925 instructions 
Clk7 @ 61000000 Finished 89419 instructions 
Clk@ 61378105 Working on the # 90000 th memory instruction
Clk3 @ 62000000 Finished 90894 instructions 
Clk3 @ 63000000 Finished 92385 instructions 
Clk3 @ 64000000 Finished 93828 instructions 
Clk3 @ 65000000 Finished 95329 instructions 
Clk3 @ 66000000 Finished 96807 instructions 
Clk7 @ 67000000 Finished 98253 instructions 
Clk3 @ 68000000 Finished 99624 instructions 
Clk@ 68256579 Working on the # 100000 th memory instruction
Clk3 @ 69000000 Finished 101104 instructions 
Clk7 @ 70000000 Finished 102606 instructions 
Clk3 @ 71000000 Finished 104067 instructions 
Clk3 @ 72000000 Finished 105573 instructions 
Clk3 @ 73000000 Finished 107040 instructions 
Clk3 @ 74000000 Finished 108540 instructions 
Clk3 @ 75000000 Finished 109973 instructions 
Clk@ 75018887 Working on the # 110000 th memory instruction
Clk7 @ 76000000 Finished 111460 instructions 
Clk3 @ 77000000 Finished 112965 instructions 
Clk3 @ 78000000 Finished 114420 instructions 
Clk7 @ 79000000 Finished 115890 instructions 
Clk3 @ 80000000 Finished 117373 instructions 
Clk3 @ 81000000 Finished 118824 instructions 
Clk@ 81830653 Working on the # 120000 th memory instruction
Clk3 @ 82000000 Finished 120159 instructions 
Clk3 @ 83000000 Finished 121425 instructions 
Clk3 @ 84000000 Finished 122859 instructions 
Clk3 @ 85000000 Finished 124315 instructions 
Clk3 @ 86000000 Finished 125805 instructions 
Clk7 @ 87000000 Finished 127311 instructions 
Clk3 @ 88000000 Finished 128739 instructions 
Clk@ 88840817 Working on the # 130000 th memory instruction
Clk7 @ 89000000 Finished 130238 instructions 
Clk7 @ 90000000 Finished 131603 instructions 
Clk3 @ 91000000 Finished 133109 instructions 
Clk3 @ 92000000 Finished 134574 instructions 
Clk3 @ 93000000 Finished 136073 instructions 
Clk7 @ 94000000 Finished 137542 instructions 
Clk3 @ 95000000 Finished 139044 instructions 
Clk@ 95652416 Working on the # 140000 th memory instruction
Clk3 @ 96000000 Finished 140528 instructions 
Clk3 @ 97000000 Finished 141948 instructions 
Clk3 @ 98000000 Finished 143350 instructions 
Clk3 @ 99000000 Finished 144817 instructions 
Clk3 @ 100000000 Finished 146268 instructions 
Clk7 @ 101000000 Finished 147709 instructions 
Clk3 @ 102000000 Finished 149214 instructions 
Clk@ 102537016 Working on the # 150000 th memory instruction
Clk3 @ 103000000 Finished 150693 instructions 
Clk3 @ 104000000 Finished 152188 instructions 
Clk3 @ 105000000 Finished 153627 instructions 
Clk7 @ 106000000 Finished 155020 instructions 
Clk3 @ 107000000 Finished 156480 instructions 
Clk3 @ 108000000 Finished 157981 instructions 
Clk7 @ 109000000 Finished 159407 instructions 
Clk@ 109402856 Working on the # 160000 th memory instruction
Clk3 @ 110000000 Finished 160907 instructions 
Clk3 @ 111000000 Finished 162411 instructions 
Clk7 @ 112000000 Finished 163824 instructions 
Clk7 @ 113000000 Finished 165187 instructions 
Clk3 @ 114000000 Finished 166650 instructions 
Clk3 @ 115000000 Finished 168131 instructions 
Clk3 @ 116000000 Finished 169605 instructions 
Clk@ 116270959 Working on the # 170000 th memory instruction
Clk7 @ 117000000 Finished 171051 instructions 
Clk7 @ 118000000 Finished 172528 instructions 
Clk3 @ 119000000 Finished 174021 instructions 
Clk3 @ 120000000 Finished 175325 instructions 
Clk7 @ 121000000 Finished 176809 instructions 
Clk7 @ 122000000 Finished 178281 instructions 
Clk3 @ 123000000 Finished 179790 instructions 
Clk@ 123141638 Working on the # 180000 th memory instruction
Clk7 @ 124000000 Finished 181236 instructions 
Clk3 @ 125000000 Finished 182691 instructions 
Clk3 @ 126000000 Finished 184164 instructions 
Clk3 @ 127000000 Finished 185628 instructions 
Clk7 @ 128000000 Finished 187023 instructions 
Clk3 @ 130000000 Finished 189979 instructions 
Clk@ 130014279 Working on the # 190000 th memory instruction
Clk3 @ 131000000 Finished 191439 instructions 
Clk7 @ 132000000 Finished 192896 instructions 
Clk7 @ 133000000 Finished 194367 instructions 
Clk7 @ 134000000 Finished 195813 instructions 
Clk3 @ 135000000 Finished 197125 instructions 
Clk3 @ 136000000 Finished 198570 instructions 
Clk@ 136970097 Working on the # 200000 th memory instruction
Clk7 @ 137000000 Finished 200043 instructions 
Clk3 @ 138000000 Finished 201519 instructions 
Clk3 @ 139000000 Finished 202998 instructions 
Clk3 @ 140000000 Finished 204453 instructions 
Clk3 @ 141000000 Finished 205905 instructions 
Clk3 @ 142000000 Finished 207394 instructions 
Clk7 @ 143000000 Finished 208878 instructions 
Clk@ 143769392 Working on the # 210000 th memory instruction
Clk7 @ 144000000 Finished 210348 instructions 
Clk7 @ 145000000 Finished 211779 instructions 
Clk7 @ 146000000 Finished 213232 instructions 
Clk3 @ 147000000 Finished 214716 instructions 
Clk3 @ 148000000 Finished 216199 instructions 
Clk3 @ 149000000 Finished 217665 instructions 
Clk3 @ 150000000 Finished 219039 instructions 
Clk@ 150651450 Working on the # 220000 th memory instruction
Clk3 @ 151000000 Finished 220520 instructions 
Clk3 @ 152000000 Finished 221982 instructions 
Clk7 @ 153000000 Finished 223455 instructions 
Clk3 @ 154000000 Finished 224934 instructions 
Clk3 @ 155000000 Finished 226420 instructions 
Clk3 @ 156000000 Finished 227842 instructions 
Clk3 @ 157000000 Finished 229341 instructions 
Clk@ 157478083 Working on the # 230000 th memory instruction
Clk3 @ 158000000 Finished 230784 instructions 
Clk7 @ 159000000 Finished 232237 instructions 
Clk7 @ 160000000 Finished 233709 instructions 
Clk7 @ 161000000 Finished 235172 instructions 
Clk7 @ 162000000 Finished 236647 instructions 
Clk7 @ 163000000 Finished 238071 instructions 
Clk3 @ 164000000 Finished 239541 instructions 
Clk@ 164373966 Working on the # 240000 th memory instruction
Clk3 @ 165000000 Finished 240663 instructions 
Clk3 @ 166000000 Finished 241961 instructions 
Clk3 @ 167000000 Finished 243324 instructions 
Clk7 @ 168000000 Finished 244757 instructions 
Clk3 @ 169000000 Finished 246154 instructions 
Clk7 @ 170000000 Finished 247647 instructions 
Clk7 @ 171000000 Finished 249109 instructions 
Clk@ 171610124 Working on the # 250000 th memory instruction
Clk7 @ 172000000 Finished 250570 instructions 
Clk7 @ 173000000 Finished 252042 instructions 
Clk7 @ 174000000 Finished 253518 instructions 
Clk3 @ 175000000 Finished 254992 instructions 
Clk3 @ 176000000 Finished 256480 instructions 
Clk3 @ 177000000 Finished 257868 instructions 
Clk7 @ 178000000 Finished 259353 instructions 
Clk@ 178430575 Working on the # 260000 th memory instruction
Clk7 @ 179000000 Finished 260837 instructions 
Clk7 @ 180000000 Finished 262212 instructions 
Clk7 @ 181000000 Finished 263626 instructions 
Clk7 @ 182000000 Finished 265101 instructions 
Clk7 @ 183000000 Finished 266578 instructions 
Clk3 @ 184000000 Finished 268009 instructions 
Clk3 @ 185000000 Finished 269501 instructions 
Clk@ 185329531 Working on the # 270000 th memory instruction
Clk7 @ 186000000 Finished 270969 instructions 
Clk7 @ 187000000 Finished 272467 instructions 
Clk7 @ 188000000 Finished 273901 instructions 
Clk3 @ 189000000 Finished 275387 instructions 
Clk7 @ 190000000 Finished 276837 instructions 
Clk7 @ 191000000 Finished 278323 instructions 
Clk3 @ 192000000 Finished 279749 instructions 
Clk@ 192177802 Working on the # 280000 th memory instruction
Clk3 @ 193000000 Finished 281229 instructions 
Clk7 @ 194000000 Finished 282626 instructions 
Clk3 @ 195000000 Finished 284009 instructions 
Clk3 @ 196000000 Finished 285399 instructions 
Clk3 @ 197000000 Finished 286852 instructions 
Clk7 @ 198000000 Finished 288323 instructions 
Clk3 @ 199000000 Finished 289773 instructions 
Clk@ 199154246 Working on the # 290000 th memory instruction
Clk7 @ 200000000 Finished 291205 instructions 
Clk7 @ 201000000 Finished 292700 instructions 
Clk3 @ 202000000 Finished 294197 instructions 
Clk7 @ 203000000 Finished 295572 instructions 
Clk7 @ 204000000 Finished 297067 instructions 
Clk7 @ 205000000 Finished 298562 instructions 
Clk@ 205993335 Working on the # 300000 th memory instruction
Clk7 @ 206000000 Finished 300009 instructions 
Clk3 @ 207000000 Finished 301478 instructions 
Clk3 @ 208000000 Finished 302955 instructions 
Clk7 @ 209000000 Finished 304435 instructions 
Clk7 @ 210000000 Finished 305858 instructions 
Clk3 @ 211000000 Finished 307269 instructions 
Clk7 @ 212000000 Finished 308659 instructions 
Clk@ 212929871 Working on the # 310000 th memory instruction
Clk7 @ 213000000 Finished 310095 instructions 
Clk3 @ 214000000 Finished 311554 instructions 
Clk7 @ 215000000 Finished 313014 instructions 
Clk7 @ 216000000 Finished 314500 instructions 
Clk3 @ 217000000 Finished 315972 instructions 
Clk7 @ 218000000 Finished 317346 instructions 
Clk3 @ 219000000 Finished 318801 instructions 
Clk@ 219818824 Working on the # 320000 th memory instruction
Clk3 @ 220000000 Finished 320274 instructions 
Clk3 @ 221000000 Finished 321778 instructions 
Clk7 @ 222000000 Finished 323247 instructions 
Clk7 @ 223000000 Finished 324720 instructions 
Clk3 @ 224000000 Finished 326157 instructions 
Clk3 @ 225000000 Finished 327567 instructions 
Clk3 @ 226000000 Finished 328830 instructions 
Clk@ 226794608 Working on the # 330000 th memory instruction
Clk7 @ 227000000 Finished 330303 instructions 
Clk3 @ 228000000 Finished 331762 instructions 
Clk3 @ 229000000 Finished 333214 instructions 
Clk3 @ 230000000 Finished 334659 instructions 
Clk7 @ 231000000 Finished 336135 instructions 
Clk7 @ 232000000 Finished 337621 instructions 
Clk7 @ 233000000 Finished 339040 instructions 
Clk@ 233660632 Working on the # 340000 th memory instruction
Clk3 @ 234000000 Finished 340478 instructions 
Clk7 @ 235000000 Finished 341930 instructions 
Clk7 @ 236000000 Finished 343413 instructions 
Clk3 @ 237000000 Finished 344841 instructions 
Clk3 @ 238000000 Finished 346338 instructions 
Clk7 @ 239000000 Finished 347799 instructions 
Clk7 @ 240000000 Finished 349224 instructions 
Clk@ 240658378 Working on the # 350000 th memory instruction
Clk7 @ 241000000 Finished 350467 instructions 
Clk7 @ 242000000 Finished 351933 instructions 
Clk3 @ 243000000 Finished 353396 instructions 
Clk3 @ 244000000 Finished 354876 instructions 
Clk7 @ 245000000 Finished 356316 instructions 
Clk3 @ 246000000 Finished 357780 instructions 
Clk3 @ 247000000 Finished 359245 instructions 
Clk@ 247507462 Working on the # 360000 th memory instruction
Clk7 @ 248000000 Finished 360633 instructions 
Clk7 @ 249000000 Finished 362106 instructions 
Clk3 @ 250000000 Finished 363555 instructions 
Clk3 @ 251000000 Finished 365022 instructions 
Clk3 @ 252000000 Finished 366478 instructions 
Clk7 @ 253000000 Finished 367938 instructions 
Clk3 @ 254000000 Finished 369397 instructions 
Clk@ 254406308 Working on the # 370000 th memory instruction
Clk3 @ 255000000 Finished 370869 instructions 
Clk3 @ 256000000 Finished 372168 instructions 
Clk7 @ 257000000 Finished 373641 instructions 
Clk3 @ 258000000 Finished 375098 instructions 
Clk3 @ 259000000 Finished 376579 instructions 
Clk3 @ 260000000 Finished 378028 instructions 
Clk7 @ 261000000 Finished 379488 instructions 
Clk@ 261356165 Working on the # 380000 th memory instruction
Clk3 @ 262000000 Finished 380947 instructions 
Clk7 @ 263000000 Finished 382378 instructions 
Clk3 @ 264000000 Finished 383841 instructions 
Clk7 @ 265000000 Finished 385280 instructions 
Clk3 @ 266000000 Finished 386754 instructions 
Clk3 @ 267000000 Finished 388194 instructions 
Clk3 @ 268000000 Finished 389664 instructions 
Clk@ 268235851 Working on the # 390000 th memory instruction
Clk3 @ 269000000 Finished 391107 instructions 
Clk3 @ 270000000 Finished 392576 instructions 
Clk3 @ 271000000 Finished 393805 instructions 
Clk3 @ 273000000 Finished 396692 instructions 
Clk7 @ 274000000 Finished 398139 instructions 
Clk3 @ 275000000 Finished 399591 instructions 
Clk@ 275282053 Working on the # 400000 th memory instruction
Clk7 @ 276000000 Finished 401008 instructions 
Clk7 @ 277000000 Finished 402483 instructions 
Clk3 @ 278000000 Finished 403956 instructions 
Clk3 @ 279000000 Finished 405422 instructions 
Clk3 @ 280000000 Finished 406884 instructions 
Clk3 @ 281000000 Finished 408315 instructions 
Clk3 @ 282000000 Finished 409774 instructions 
Clk@ 282151697 Working on the # 410000 th memory instruction
Clk3 @ 283000000 Finished 411197 instructions 
Clk3 @ 284000000 Finished 412650 instructions 
Clk3 @ 285000000 Finished 414111 instructions 
Clk3 @ 286000000 Finished 415542 instructions 
Clk7 @ 287000000 Finished 417024 instructions 
Clk7 @ 288000000 Finished 418480 instructions 
Clk3 @ 289000000 Finished 419952 instructions 
Clk@ 289031300 Working on the # 420000 th memory instruction
Clk7 @ 290000000 Finished 421444 instructions 
Clk7 @ 292000000 Finished 424296 instructions 
Clk3 @ 293000000 Finished 425760 instructions 
Clk3 @ 294000000 Finished 427219 instructions 
Clk3 @ 295000000 Finished 428667 instructions 
Clk@ 295916007 Working on the # 430000 th memory instruction
Clk3 @ 296000000 Finished 430124 instructions 
Clk3 @ 297000000 Finished 431583 instructions 
Clk3 @ 298000000 Finished 433056 instructions 
Clk7 @ 299000000 Finished 434496 instructions 
Clk3 @ 300000000 Finished 435978 instructions 
Clk7 @ 301000000 Finished 437294 instructions 
Clk7 @ 302000000 Finished 438748 instructions 
Clk@ 302861593 Working on the # 440000 th memory instruction
Clk7 @ 303000000 Finished 440208 instructions 
Clk7 @ 304000000 Finished 441691 instructions 
Clk3 @ 305000000 Finished 443113 instructions 
Clk7 @ 306000000 Finished 444576 instructions 
Clk3 @ 307000000 Finished 446061 instructions 
Clk7 @ 308000000 Finished 447535 instructions 
Clk7 @ 309000000 Finished 449001 instructions 
Clk@ 309693058 Working on the # 450000 th memory instruction
Clk7 @ 310000000 Finished 450459 instructions 
Clk3 @ 311000000 Finished 451948 instructions 
Clk7 @ 312000000 Finished 453333 instructions 
Clk3 @ 313000000 Finished 454750 instructions 
Clk3 @ 314000000 Finished 456244 instructions 
Clk7 @ 315000000 Finished 457705 instructions 
Clk7 @ 316000000 Finished 459083 instructions 
Clk@ 316618704 Working on the # 460000 th memory instruction
Clk7 @ 317000000 Finished 460554 instructions 
Clk3 @ 318000000 Finished 462030 instructions 
Clk7 @ 319000000 Finished 463514 instructions 
Clk7 @ 320000000 Finished 464940 instructions 
Clk3 @ 321000000 Finished 466401 instructions 
Clk7 @ 322000000 Finished 467877 instructions 
Clk7 @ 323000000 Finished 469368 instructions 
Clk@ 323459825 Working on the # 470000 th memory instruction
Clk3 @ 324000000 Finished 470799 instructions 
Clk7 @ 325000000 Finished 472278 instructions 
Clk7 @ 326000000 Finished 473739 instructions 
Clk7 @ 327000000 Finished 475165 instructions 
Clk7 @ 328000000 Finished 476604 instructions 
Clk3 @ 329000000 Finished 478075 instructions 
Clk7 @ 330000000 Finished 479490 instructions 
Clk@ 330398354 Working on the # 480000 th memory instruction
Clk3 @ 331000000 Finished 480665 instructions 
Clk3 @ 332000000 Finished 481966 instructions 
Clk7 @ 333000000 Finished 483333 instructions 
Clk7 @ 334000000 Finished 484716 instructions 
Clk7 @ 335000000 Finished 486122 instructions 
Clk3 @ 336000000 Finished 487551 instructions 
Clk7 @ 337000000 Finished 488999 instructions 
Clk@ 337679636 Working on the # 490000 th memory instruction
Clk3 @ 338000000 Finished 490476 instructions 
Clk3 @ 339000000 Finished 491856 instructions 
Clk3 @ 340000000 Finished 493337 instructions 
Clk3 @ 341000000 Finished 494820 instructions 
Clk3 @ 342000000 Finished 496254 instructions 
Clk3 @ 343000000 Finished 497720 instructions 
Clk3 @ 344000000 Finished 499182 instructions 
Clk@ 344572810 Working on the # 500000 th memory instruction
Warm up done after line access count: 500000 out of 1000000 (50 %)
Clk7 @ 345000000 Finished 500619 instructions 
Clk3 @ 346000000 Finished 502085 instructions 
Clk7 @ 347000000 Finished 503526 instructions 
Clk7 @ 348000000 Finished 504983 instructions 
Clk7 @ 349000000 Finished 506469 instructions 
Clk7 @ 350000000 Finished 507924 instructions 
Clk3 @ 351000000 Finished 509379 instructions 
Clk@ 351427757 Working on the # 510000 th memory instruction
Clk3 @ 352000000 Finished 510841 instructions 
Clk3 @ 353000000 Finished 512299 instructions 
Clk7 @ 354000000 Finished 513624 instructions 
Clk3 @ 355000000 Finished 515065 instructions 
Clk7 @ 356000000 Finished 516541 instructions 
Clk3 @ 357000000 Finished 518031 instructions 
Clk3 @ 358000000 Finished 519492 instructions 
Clk@ 358339853 Working on the # 520000 th memory instruction
Clk7 @ 359000000 Finished 520976 instructions 
Clk3 @ 360000000 Finished 522404 instructions 
Clk7 @ 361000000 Finished 523839 instructions 
Clk3 @ 362000000 Finished 525075 instructions 
Clk3 @ 363000000 Finished 526530 instructions 
Clk3 @ 364000000 Finished 527984 instructions 
Clk3 @ 365000000 Finished 529449 instructions 
Clk@ 365395213 Working on the # 530000 th memory instruction
Clk7 @ 366000000 Finished 530889 instructions 
Clk7 @ 367000000 Finished 532379 instructions 
Clk3 @ 368000000 Finished 533835 instructions 
Clk7 @ 369000000 Finished 535238 instructions 
Clk3 @ 370000000 Finished 536674 instructions 
Clk3 @ 371000000 Finished 538161 instructions 
Clk7 @ 372000000 Finished 539643 instructions 
Clk@ 372240334 Working on the # 540000 th memory instruction
Clk7 @ 373000000 Finished 541078 instructions 
Clk3 @ 374000000 Finished 542563 instructions 
Clk3 @ 375000000 Finished 544036 instructions 
Clk3 @ 376000000 Finished 545505 instructions 
Clk7 @ 377000000 Finished 546867 instructions 
Clk3 @ 378000000 Finished 548325 instructions 
Clk3 @ 379000000 Finished 549777 instructions 
Clk@ 379151190 Working on the # 550000 th memory instruction
Clk3 @ 380000000 Finished 551259 instructions 
Clk7 @ 381000000 Finished 552693 instructions 
Clk7 @ 382000000 Finished 554191 instructions 
Clk3 @ 383000000 Finished 555648 instructions 
Clk7 @ 384000000 Finished 557064 instructions 
Clk3 @ 385000000 Finished 558472 instructions 
Clk3 @ 386000000 Finished 559916 instructions 
Clk@ 386057831 Working on the # 560000 th memory instruction
Clk3 @ 387000000 Finished 561406 instructions 
Clk3 @ 388000000 Finished 562849 instructions 
Clk7 @ 389000000 Finished 564252 instructions 
Clk3 @ 390000000 Finished 565665 instructions 
Clk3 @ 391000000 Finished 567139 instructions 
Clk3 @ 392000000 Finished 568362 instructions 
Clk3 @ 393000000 Finished 569829 instructions 
Clk@ 393110889 Working on the # 570000 th memory instruction
Clk3 @ 394000000 Finished 571272 instructions 
Clk7 @ 395000000 Finished 572755 instructions 
Clk3 @ 396000000 Finished 574172 instructions 
Clk3 @ 397000000 Finished 575622 instructions 
Clk3 @ 398000000 Finished 577102 instructions 
Clk3 @ 399000000 Finished 578564 instructions 
Clk3 @ 400000000 Finished 579993 instructions 
Clk@ 400003863 Working on the # 580000 th memory instruction
Clk7 @ 401000000 Finished 581412 instructions 
Clk7 @ 402000000 Finished 582872 instructions 
Clk7 @ 403000000 Finished 584362 instructions 
Clk3 @ 404000000 Finished 585802 instructions 
Clk3 @ 405000000 Finished 587271 instructions 
Clk3 @ 406000000 Finished 588751 instructions 
Clk@ 406934703 Working on the # 590000 th memory instruction
Clk7 @ 407000000 Finished 590077 instructions 
Clk7 @ 408000000 Finished 591530 instructions 
Clk7 @ 409000000 Finished 592986 instructions 
Clk7 @ 410000000 Finished 594447 instructions 
Clk7 @ 411000000 Finished 595914 instructions 
Clk3 @ 412000000 Finished 597381 instructions 
Clk3 @ 413000000 Finished 598821 instructions 
Clk@ 413815540 Working on the # 600000 th memory instruction
Clk3 @ 414000000 Finished 600256 instructions 
Clk7 @ 415000000 Finished 601710 instructions 
Clk7 @ 416000000 Finished 603180 instructions 
Clk7 @ 417000000 Finished 604672 instructions 
Clk3 @ 418000000 Finished 606098 instructions 
Clk3 @ 419000000 Finished 607532 instructions 
Clk7 @ 420000000 Finished 608996 instructions 
Clk@ 420683969 Working on the # 610000 th memory instruction
Clk3 @ 421000000 Finished 610443 instructions 
Clk7 @ 422000000 Finished 611793 instructions 
Clk3 @ 423000000 Finished 613212 instructions 
Clk7 @ 424000000 Finished 614662 instructions 
Clk7 @ 425000000 Finished 616061 instructions 
Clk3 @ 426000000 Finished 617514 instructions 
Clk7 @ 427000000 Finished 618980 instructions 
Clk@ 427720097 Working on the # 620000 th memory instruction
Clk7 @ 428000000 Finished 620399 instructions 
Clk7 @ 429000000 Finished 621882 instructions 
Clk3 @ 430000000 Finished 623295 instructions 
Clk3 @ 431000000 Finished 624775 instructions 
Clk7 @ 432000000 Finished 626220 instructions 
Clk3 @ 433000000 Finished 627699 instructions 
Clk3 @ 434000000 Finished 629161 instructions 
Clk@ 434570598 Working on the # 630000 th memory instruction
Clk3 @ 435000000 Finished 630623 instructions 
Clk7 @ 436000000 Finished 632085 instructions 
Clk3 @ 437000000 Finished 633462 instructions 
Clk3 @ 438000000 Finished 634845 instructions 
Clk3 @ 439000000 Finished 636294 instructions 
Clk7 @ 440000000 Finished 637761 instructions 
Clk7 @ 441000000 Finished 639197 instructions 
Clk@ 441549193 Working on the # 640000 th memory instruction
Clk3 @ 442000000 Finished 640669 instructions 
Clk7 @ 443000000 Finished 642139 instructions 
Clk7 @ 444000000 Finished 643615 instructions 
Clk3 @ 445000000 Finished 645056 instructions 
Clk3 @ 446000000 Finished 646506 instructions 
Clk7 @ 447000000 Finished 647982 instructions 
Clk7 @ 448000000 Finished 649456 instructions 
Clk@ 448395788 Working on the # 650000 th memory instruction
Clk3 @ 449000000 Finished 650864 instructions 
Clk7 @ 450000000 Finished 652330 instructions 
Clk7 @ 451000000 Finished 653800 instructions 
Clk3 @ 452000000 Finished 655167 instructions 
Clk3 @ 453000000 Finished 656367 instructions 
Clk3 @ 454000000 Finished 657783 instructions 
Clk7 @ 455000000 Finished 659238 instructions 
Clk@ 455521708 Working on the # 660000 th memory instruction
Clk3 @ 456000000 Finished 660695 instructions 
Clk3 @ 457000000 Finished 662117 instructions 
Clk7 @ 458000000 Finished 663580 instructions 
Clk3 @ 459000000 Finished 665052 instructions 
Clk3 @ 460000000 Finished 666444 instructions 
Clk7 @ 461000000 Finished 667886 instructions 
Clk3 @ 462000000 Finished 669333 instructions 
Clk@ 462453716 Working on the # 670000 th memory instruction
Clk7 @ 463000000 Finished 670811 instructions 
Clk7 @ 464000000 Finished 672232 instructions 
Clk3 @ 465000000 Finished 673704 instructions 
Clk7 @ 466000000 Finished 675154 instructions 
Clk7 @ 467000000 Finished 676610 instructions 
Clk7 @ 468000000 Finished 677989 instructions 
Clk3 @ 469000000 Finished 679448 instructions 
Clk@ 469387373 Working on the # 680000 th memory instruction
Clk3 @ 470000000 Finished 680871 instructions 
Clk3 @ 471000000 Finished 682348 instructions 
Clk7 @ 472000000 Finished 683779 instructions 
Clk7 @ 473000000 Finished 685227 instructions 
Clk7 @ 474000000 Finished 686679 instructions 
Clk7 @ 475000000 Finished 688138 instructions 
Clk7 @ 476000000 Finished 689546 instructions 
Clk@ 476308572 Working on the # 690000 th memory instruction
Clk7 @ 477000000 Finished 691010 instructions 
Clk3 @ 478000000 Finished 692466 instructions 
Clk3 @ 479000000 Finished 693900 instructions 
Clk7 @ 480000000 Finished 695351 instructions 
Clk3 @ 481000000 Finished 696755 instructions 
Clk3 @ 482000000 Finished 698153 instructions 
Clk@ 483499028 Working on the # 700000 th memory instruction
Clk7 @ 484000000 Finished 700669 instructions 
Clk7 @ 485000000 Finished 702121 instructions 
Clk3 @ 486000000 Finished 703572 instructions 
Clk7 @ 487000000 Finished 705000 instructions 
Clk7 @ 488000000 Finished 706463 instructions 
Clk3 @ 489000000 Finished 707921 instructions 
Clk7 @ 490000000 Finished 709389 instructions 
Clk@ 490460244 Working on the # 710000 th memory instruction
Clk7 @ 491000000 Finished 710762 instructions 
Clk7 @ 492000000 Finished 712238 instructions 
Clk7 @ 493000000 Finished 713693 instructions 
Clk3 @ 494000000 Finished 715174 instructions 
Clk7 @ 495000000 Finished 716608 instructions 
Clk3 @ 496000000 Finished 718066 instructions 
Clk7 @ 497000000 Finished 719514 instructions 
Clk@ 497330736 Working on the # 720000 th memory instruction
Clk7 @ 498000000 Finished 720902 instructions 
Clk7 @ 499000000 Finished 722278 instructions 
Clk3 @ 500000000 Finished 723747 instructions 
Clk7 @ 501000000 Finished 725208 instructions 
Clk3 @ 502000000 Finished 726621 instructions 
Clk7 @ 503000000 Finished 728082 instructions 
Clk3 @ 504000000 Finished 729534 instructions 
Clk@ 504321493 Working on the # 730000 th memory instruction
Clk3 @ 505000000 Finished 730990 instructions 
Clk7 @ 506000000 Finished 732419 instructions 
Clk3 @ 507000000 Finished 733887 instructions 
Clk3 @ 508000000 Finished 735331 instructions 
Clk3 @ 509000000 Finished 736803 instructions 
Clk3 @ 510000000 Finished 738237 instructions 
Clk7 @ 511000000 Finished 739707 instructions 
Clk@ 511198379 Working on the # 740000 th memory instruction
Clk3 @ 512000000 Finished 741165 instructions 
Clk7 @ 513000000 Finished 742608 instructions 
Clk3 @ 514000000 Finished 743853 instructions 
Clk7 @ 515000000 Finished 745318 instructions 
Clk7 @ 516000000 Finished 746765 instructions 
Clk7 @ 517000000 Finished 748211 instructions 
Clk7 @ 518000000 Finished 749647 instructions 
Clk@ 518237855 Working on the # 750000 th memory instruction
Clk3 @ 519000000 Finished 751126 instructions 
Clk3 @ 520000000 Finished 752583 instructions 
Clk7 @ 521000000 Finished 754009 instructions 
Clk7 @ 522000000 Finished 755477 instructions 
Clk3 @ 523000000 Finished 756882 instructions 
Clk7 @ 524000000 Finished 758358 instructions 
Clk7 @ 525000000 Finished 759819 instructions 
Clk@ 525124906 Working on the # 760000 th memory instruction
Clk7 @ 526000000 Finished 761280 instructions 
Clk7 @ 527000000 Finished 762732 instructions 
Clk3 @ 528000000 Finished 764202 instructions 
Clk7 @ 529000000 Finished 765586 instructions 
Clk7 @ 530000000 Finished 767055 instructions 
Clk3 @ 531000000 Finished 768493 instructions 
Clk3 @ 532000000 Finished 769902 instructions 
Clk@ 532065619 Working on the # 770000 th memory instruction
Clk3 @ 533000000 Finished 771360 instructions 
Clk3 @ 534000000 Finished 772797 instructions 
Clk3 @ 535000000 Finished 774246 instructions 
Clk3 @ 536000000 Finished 775671 instructions 
Clk7 @ 537000000 Finished 777133 instructions 
Clk3 @ 538000000 Finished 778595 instructions 
Clk@ 538978703 Working on the # 780000 th memory instruction
Clk3 @ 539000000 Finished 780028 instructions 
Clk7 @ 540000000 Finished 781458 instructions 
Clk3 @ 541000000 Finished 782915 instructions 
Clk3 @ 542000000 Finished 784362 instructions 
Clk7 @ 543000000 Finished 785808 instructions 
Clk7 @ 544000000 Finished 786963 instructions 
Clk7 @ 545000000 Finished 788337 instructions 
Clk7 @ 546000000 Finished 789788 instructions 
Clk@ 546144115 Working on the # 790000 th memory instruction
Clk7 @ 547000000 Finished 791235 instructions 
Clk3 @ 548000000 Finished 792682 instructions 
Clk3 @ 549000000 Finished 794103 instructions 
Clk3 @ 550000000 Finished 795557 instructions 
Clk7 @ 551000000 Finished 797007 instructions 
Clk7 @ 552000000 Finished 798449 instructions 
Clk3 @ 553000000 Finished 799877 instructions 
Clk@ 553083705 Working on the # 800000 th memory instruction
Clk7 @ 554000000 Finished 801339 instructions 
Clk7 @ 555000000 Finished 802743 instructions 
Clk7 @ 556000000 Finished 804178 instructions 
Clk7 @ 557000000 Finished 805636 instructions 
Clk3 @ 558000000 Finished 807078 instructions 
Clk3 @ 559000000 Finished 808500 instructions 
Clk7 @ 560000000 Finished 809980 instructions 
Clk@ 560013479 Working on the # 810000 th memory instruction
Clk7 @ 561000000 Finished 811435 instructions 
Clk3 @ 562000000 Finished 812887 instructions 
Clk7 @ 563000000 Finished 814353 instructions 
Clk7 @ 564000000 Finished 815836 instructions 
Clk3 @ 565000000 Finished 817200 instructions 
Clk3 @ 566000000 Finished 818650 instructions 
Clk@ 566927750 Working on the # 820000 th memory instruction
Clk7 @ 567000000 Finished 820110 instructions 
Clk7 @ 568000000 Finished 821536 instructions 
Clk7 @ 569000000 Finished 822910 instructions 
Clk7 @ 570000000 Finished 824358 instructions 
Clk3 @ 571000000 Finished 825819 instructions 
Clk7 @ 572000000 Finished 827282 instructions 
Clk7 @ 573000000 Finished 828708 instructions 
Clk@ 573896469 Working on the # 830000 th memory instruction
Clk3 @ 574000000 Finished 830127 instructions 
Clk7 @ 575000000 Finished 831540 instructions 
Clk3 @ 576000000 Finished 832977 instructions 
Clk7 @ 577000000 Finished 834474 instructions 
Clk7 @ 578000000 Finished 835892 instructions 
Clk3 @ 579000000 Finished 837352 instructions 
Clk3 @ 580000000 Finished 838809 instructions 
Clk@ 580815014 Working on the # 840000 th memory instruction
Clk7 @ 581000000 Finished 840273 instructions 
Clk3 @ 582000000 Finished 841722 instructions 
Clk7 @ 583000000 Finished 843178 instructions 
Clk3 @ 584000000 Finished 844633 instructions 
Clk3 @ 585000000 Finished 846092 instructions 
Clk7 @ 586000000 Finished 847398 instructions 
Clk3 @ 587000000 Finished 848849 instructions 
Clk@ 587801114 Working on the # 850000 th memory instruction
Clk7 @ 588000000 Finished 850296 instructions 
Clk3 @ 589000000 Finished 851745 instructions 
Clk7 @ 590000000 Finished 853158 instructions 
Clk3 @ 591000000 Finished 854625 instructions 
Clk3 @ 592000000 Finished 856078 instructions 
Clk7 @ 593000000 Finished 857473 instructions 
Clk3 @ 594000000 Finished 858921 instructions 
Clk@ 594720847 Working on the # 860000 th memory instruction
Clk3 @ 595000000 Finished 860392 instructions 
Clk3 @ 596000000 Finished 861864 instructions 
Clk3 @ 597000000 Finished 863304 instructions 
Clk3 @ 598000000 Finished 864767 instructions 
Clk3 @ 599000000 Finished 866220 instructions 
Clk7 @ 600000000 Finished 867697 instructions 
Clk3 @ 601000000 Finished 869061 instructions 
Clk@ 601645032 Working on the # 870000 th memory instruction
Clk3 @ 602000000 Finished 870516 instructions 
Clk3 @ 603000000 Finished 871974 instructions 
Clk3 @ 604000000 Finished 873378 instructions 
Clk3 @ 605000000 Finished 874641 instructions 
Clk3 @ 606000000 Finished 876097 instructions 
Clk3 @ 607000000 Finished 877533 instructions 
Clk3 @ 608000000 Finished 879003 instructions 
Clk@ 608700970 Working on the # 880000 th memory instruction
Clk3 @ 609000000 Finished 880440 instructions 
Clk3 @ 610000000 Finished 881907 instructions 
Clk7 @ 611000000 Finished 883368 instructions 
Clk3 @ 612000000 Finished 884794 instructions 
Clk7 @ 613000000 Finished 886213 instructions 
Clk3 @ 614000000 Finished 887672 instructions 
Clk3 @ 615000000 Finished 889106 instructions 
Clk@ 615628755 Working on the # 890000 th memory instruction
Clk3 @ 616000000 Finished 890536 instructions 
Clk3 @ 617000000 Finished 892020 instructions 
Clk3 @ 618000000 Finished 893464 instructions 
Clk3 @ 619000000 Finished 894936 instructions 
Clk7 @ 620000000 Finished 896347 instructions 
Clk3 @ 621000000 Finished 897812 instructions 
Clk3 @ 622000000 Finished 899261 instructions 
Clk@ 622532348 Working on the # 900000 th memory instruction
Clk3 @ 623000000 Finished 900693 instructions 
Clk7 @ 624000000 Finished 902148 instructions 
Clk7 @ 625000000 Finished 903623 instructions 
Clk3 @ 626000000 Finished 905085 instructions 
Clk3 @ 627000000 Finished 906486 instructions 
Clk7 @ 628000000 Finished 907820 instructions 
Clk3 @ 629000000 Finished 909292 instructions 
Clk@ 629485459 Working on the # 910000 th memory instruction
Clk3 @ 630000000 Finished 910756 instructions 
Clk7 @ 631000000 Finished 912210 instructions 
Clk3 @ 632000000 Finished 913677 instructions 
Clk3 @ 633000000 Finished 915108 instructions 
Clk7 @ 634000000 Finished 916577 instructions 
Clk7 @ 635000000 Finished 917889 instructions 
Clk3 @ 636000000 Finished 919347 instructions 
Clk@ 636443875 Working on the # 920000 th memory instruction
Clk7 @ 637000000 Finished 920788 instructions 
Clk3 @ 638000000 Finished 922270 instructions 
Clk3 @ 639000000 Finished 923712 instructions 
Clk3 @ 640000000 Finished 925161 instructions 
Clk3 @ 641000000 Finished 926613 instructions 
Clk7 @ 642000000 Finished 928064 instructions 
Clk7 @ 643000000 Finished 929443 instructions 
Clk@ 643382181 Working on the # 930000 th memory instruction
Clk3 @ 644000000 Finished 930909 instructions 
Clk3 @ 645000000 Finished 932367 instructions 
Clk7 @ 646000000 Finished 933837 instructions 
Clk3 @ 647000000 Finished 935265 instructions 
Clk3 @ 648000000 Finished 936730 instructions 
Clk3 @ 649000000 Finished 938200 instructions 
Clk7 @ 650000000 Finished 939589 instructions 
Clk@ 650290057 Working on the # 940000 th memory instruction
Clk7 @ 651000000 Finished 941037 instructions 
Clk3 @ 652000000 Finished 942492 instructions 
Clk3 @ 653000000 Finished 943951 instructions 
Clk3 @ 654000000 Finished 945359 instructions 
Clk3 @ 655000000 Finished 946818 instructions 
Clk3 @ 656000000 Finished 948298 instructions 
Clk3 @ 657000000 Finished 949729 instructions 
Clk@ 657191014 Working on the # 950000 th memory instruction
Clk3 @ 658000000 Finished 951078 instructions 
Clk3 @ 659000000 Finished 952538 instructions 
Clk3 @ 660000000 Finished 953988 instructions 
Clk3 @ 661000000 Finished 955447 instructions 
Clk3 @ 662000000 Finished 956888 instructions 
Clk3 @ 663000000 Finished 958316 instructions 
Clk3 @ 664000000 Finished 959670 instructions 
Clk@ 664237783 Working on the # 960000 th memory instruction
Clk3 @ 665000000 Finished 960962 instructions 
Clk7 @ 666000000 Finished 962187 instructions 
Clk7 @ 667000000 Finished 963604 instructions 
Clk3 @ 668000000 Finished 964971 instructions 
Clk3 @ 669000000 Finished 966417 instructions 
Clk7 @ 670000000 Finished 967791 instructions 
Clk7 @ 671000000 Finished 969240 instructions 
Clk@ 671530061 Working on the # 970000 th memory instruction
Clk3 @ 672000000 Finished 970687 instructions 
Clk7 @ 673000000 Finished 972120 instructions 
Clk7 @ 674000000 Finished 973536 instructions 
Clk3 @ 675000000 Finished 974957 instructions 
Clk7 @ 676000000 Finished 976416 instructions 
Clk3 @ 677000000 Finished 977857 instructions 
Clk7 @ 678000000 Finished 979338 instructions 
Clk@ 678446936 Working on the # 980000 th memory instruction
Clk7 @ 679000000 Finished 980808 instructions 
Clk3 @ 680000000 Finished 982282 instructions 
Clk3 @ 681000000 Finished 983607 instructions 
Clk3 @ 682000000 Finished 985062 instructions 
Clk7 @ 683000000 Finished 986523 instructions 
Clk7 @ 684000000 Finished 987990 instructions 
Clk7 @ 685000000 Finished 989440 instructions 
Clk@ 685378106 Working on the # 990000 th memory instruction
Clk7 @ 686000000 Finished 990885 instructions 
Clk3 @ 687000000 Finished 992298 instructions 
Clk3 @ 688000000 Finished 993741 instructions 
Clk3 @ 689000000 Finished 995198 instructions 
Clk3 @ 690000000 Finished 996659 instructions 
Clk7 @ 691000000 Finished 998109 instructions 
Clk7 @ 692000000 Finished 999494 instructions 
Clk@ 692350100 Working on the # 1000000 th memory instruction

===*** Data ***====
Stall reason distribution: 
mc_hazard: 0
normal: 0
rs_hazard: 0
rw_swtich: 0
Early reshuffle distribution: 
0: 0
1: 0
2: 0
3: 0
4: 0
5: 0
6: 0
7: 0
8: 13759
9: 62713
10: 62647
11: 63039
12: 62428
13: 62092
14: 61235
15: 59613
16: 56640
17: 50561
18: 37074
19: 14957
20: 2584
21: 254
22: 17
23: 1
24: 0
25: 0
26: 0
=================
Max stash size is: 62
Average stash size is: 13.5962
useful_read_pull_ddr: 500061 (0.918122) %
dummy_read_pull_ddr: 8610396 (15.8089) %
useful_early_pull_ddr: 1343862 (2.46736) %
useful_early_push_ddr: 463873 (0.85168) %
useful_write_pull_ddr: 12145021 (22.2985) %
useful_write_push_ddr: 3837550 (7.04582) %
dummy_early_pull_ddr: 336188 (0.617248) %
dummy_early_push_ddr: 2560217 (4.70061) %
dummy_write_pull_ddr: 2367 (0.00434586) %
dummy_write_push_ddr: 24666098 (45.2875) %
=================
Stash violation number of times: 0
=================
Check NodeID traffic: 9749063
Update NodeID traffic: 202
=================
Read RS lines: 1000000 (34.6513) %
Write RS lines: 666666 (23.1008) %
Early RS lines: 1219228 (42.2478) %
Read DDR lines: 18219270 (17.2365) %
Write DDR lines: 78947830 (74.6893) %
Early DDR lines: 8534596 (8.07423) %

====*** pos1 ***====
Stall reason distribution: 
mc_hazard: 0
normal: 0
rs_hazard: 0
rw_swtich: 0
Early reshuffle distribution: 
0: 0
1: 0
2: 0
3: 0
4: 0
5: 13446
6: 62196
7: 62476
8: 62738
9: 62580
10: 62602
11: 62682
12: 62588
13: 62007
14: 61422
15: 59719
16: 56001
17: 49710
18: 36785
19: 13928
20: 2171
21: 164
22: 4
23: 0
=================
Max stash size is: 72
Average stash size is: 12.3792
useful_read_pull_ddr: 999996 (0.904029) %
dummy_read_pull_ddr: 17218821 (15.5664) %
useful_early_pull_ddr: 3170506 (2.86624) %
useful_early_push_ddr: 1157980 (1.04685) %
useful_write_pull_ddr: 24266219 (21.9375) %
useful_write_push_ddr: 8991192 (8.12833) %
dummy_early_pull_ddr: 795589 (0.719238) %
dummy_early_push_ddr: 5980991 (5.40701) %
dummy_write_pull_ddr: 25421 (0.0229814) %
dummy_write_push_ddr: 48008751 (43.4015) %
=================
Stash violation number of times: 0
=================
Check NodeID traffic: 15059717
Update NodeID traffic: 65
=================
Read RS lines: 1000000 (30.7399) %
Write RS lines: 666666 (20.4932) %
Early RS lines: 1586438 (48.7669) %
Read DDR lines: 18218817 (16.8269) %
Write DDR lines: 78947830 (72.9164) %
Early DDR lines: 11105066 (10.2567) %

====*** pos2 ***====
Stall reason distribution: 
mc_hazard: 0
normal: 0
rs_hazard: 0
rw_swtich: 0
Early reshuffle distribution: 
0: 0
1: 0
2: 0
3: 0
4: 11415
5: 61686
6: 62314
7: 62492
8: 62819
9: 62912
10: 62614
11: 62793
12: 62632
13: 62064
14: 60893
15: 58912
16: 55096
17: 47526
18: 32572
19: 8666
20: 332
=================
Max stash size is: 72
Average stash size is: 12.0674
useful_read_pull_ddr: 999990 (0.966181) %
dummy_read_pull_ddr: 15187633 (14.6742) %
useful_early_pull_ddr: 3331963 (3.21931) %
useful_early_push_ddr: 1254664 (1.21225) %
useful_write_pull_ddr: 21393476 (20.6702) %
useful_write_push_ddr: 10027493 (9.68847) %
dummy_early_pull_ddr: 856727 (0.827762) %
dummy_early_push_ddr: 6284978 (6.07249) %
dummy_write_pull_ddr: 189832 (0.183414) %
dummy_write_push_ddr: 43972453 (42.4858) %
=================
Stash violation number of times: 0
=================
Check NodeID traffic: 10491092
Update NodeID traffic: 34
=================
Read RS lines: 1000000 (29.9209) %
Write RS lines: 666666 (19.9473) %
Early RS lines: 1675476 (50.1318) %
Read DDR lines: 16187623 (16.5076) %
Write DDR lines: 70145751 (71.5323) %
Early DDR lines: 11728332 (11.9602) %
=================
The final DRAM clk is: 692376619 ticks.
Idle waiting clk is 325253297, which is 46.9764 %
DRAM Frequency is: 1600MHz
The final time in ns is: 4.32735e+08 ns.
Time distribution: 
Data pull time is: 0
data: 0
pos1: 0
pos2: 0
Data distribution: 
Pos2 data: 98061706
Pos1 data: 108271713
Data: 105701696
Node access DDR: 19498126
Pull DDR: 18219270
WB DDR: 78947830
Early DDR: 8534596
Achieved BW is: 52.8107 GB/s
Ideal BW is: 102.4 GB/s
Metadata cache conclusion: 
overall_hit: 26116326 overall_total: 45609596
Cache Size 64 KB Overall Hit rate: 57.2606 %. 
Simulation done. Statistics written to my_output.txt
