Valid leaf ID range: 16777215:33554430
Num of top nodes: 16777216
Data level num of ways: 131072
Z: 16
S: 27
A: 20
cached_total: 128
Total number of ORAM protected cache line blocks: 16777216
Cached number of levels: 6
Max number of levels: 25
Start lvl is: 7
data valid leaf right: 33554431
data num of levels: 25
data level num of ways: 131072
data number of sets: 128
Cached node ID: 127 -- 222
Address space: 0 - 4 GB
pos1 valid leaf right: 4194303
pos1 num of levels: 22
pos1 level num of ways: 16384
pos1 number of sets: 128
Cached node ID: 127 -- 138
Address space: 0 - 0.5 GB
pos2 valid leaf right: 524287
pos2 num of levels: 19
pos2 level num of ways: 2048
pos2 number of sets: 128
Cached node ID: 127 -- 132
Address space: 0 - 0.0625 GB
Clk3 @ 1000000 Finished 3386 instructions 
Clk3 @ 2000000 Finished 6685 instructions 
Clk3 @ 3000000 Finished 9867 instructions 
Clk@ 3038875 Working on the # 10000 th memory instruction
Clk7 @ 4000000 Finished 13044 instructions 
Clk3 @ 5000000 Finished 16347 instructions 
Clk3 @ 6000000 Finished 19696 instructions 
Clk@ 6095343 Working on the # 20000 th memory instruction
Clk3 @ 7000000 Finished 23061 instructions 
Clk3 @ 8000000 Finished 26392 instructions 
Clk3 @ 9000000 Finished 29701 instructions 
Clk@ 9085420 Working on the # 30000 th memory instruction
Clk3 @ 10000000 Finished 33000 instructions 
Clk7 @ 11000000 Finished 36274 instructions 
Clk3 @ 12000000 Finished 39705 instructions 
Clk@ 12096992 Working on the # 40000 th memory instruction
Clk3 @ 13000000 Finished 42987 instructions 
Clk3 @ 14000000 Finished 46353 instructions 
Clk3 @ 15000000 Finished 49792 instructions 
Clk@ 15048867 Working on the # 50000 th memory instruction
Clk3 @ 16000000 Finished 53155 instructions 
Clk7 @ 17000000 Finished 56514 instructions 
Clk3 @ 18000000 Finished 59914 instructions 
Clk@ 18022253 Working on the # 60000 th memory instruction
Clk3 @ 19000000 Finished 63153 instructions 
Clk3 @ 20000000 Finished 66366 instructions 
Clk7 @ 21000000 Finished 69700 instructions 
Clk@ 21086366 Working on the # 70000 th memory instruction
Sampling stash size at 70000 req has stash size of: 1175
Clk3 @ 22000000 Finished 73137 instructions 
Clk3 @ 23000000 Finished 76514 instructions 
Sampling stash size at 77000 req has stash size of: 1120
Clk3 @ 24000000 Finished 79878 instructions 
Clk@ 24040314 Working on the # 80000 th memory instruction
Clk3 @ 25000000 Finished 83195 instructions 
Clk7 @ 26000000 Finished 86508 instructions 
Clk3 @ 27000000 Finished 89868 instructions 
Clk@ 27039811 Working on the # 90000 th memory instruction
Clk3 @ 28000000 Finished 93241 instructions 
Clk3 @ 29000000 Finished 96551 instructions 
Clk7 @ 30000000 Finished 99929 instructions 
Clk@ 30020415 Working on the # 100000 th memory instruction
Sampling stash size at 100000 req has stash size of: 1179
Clk3 @ 31000000 Finished 103239 instructions 
Clk3 @ 32000000 Finished 106573 instructions 
Clk@ 32993531 Working on the # 110000 th memory instruction
Clk7 @ 33000000 Finished 110019 instructions 
Clk3 @ 34000000 Finished 113280 instructions 
Clk7 @ 35000000 Finished 116699 instructions 
Clk3 @ 36000000 Finished 119987 instructions 
Clk@ 36006487 Working on the # 120000 th memory instruction
Clk3 @ 37000000 Finished 123207 instructions 
Clk3 @ 38000000 Finished 126441 instructions 
Clk3 @ 39000000 Finished 129670 instructions 
Clk@ 39094530 Working on the # 130000 th memory instruction
Sampling stash size at 132000 req has stash size of: 1199
Clk3 @ 40000000 Finished 133091 instructions 
Clk3 @ 41000000 Finished 136368 instructions 
Clk3 @ 42000000 Finished 139755 instructions 
Clk@ 42078212 Working on the # 140000 th memory instruction
Clk3 @ 43000000 Finished 143122 instructions 
Clk3 @ 44000000 Finished 146472 instructions 
Clk@ 45043026 Working on the # 150000 th memory instruction
Sampling stash size at 150000 req has stash size of: 1259
Clk3 @ 46000000 Finished 153229 instructions 
Sampling stash size at 154000 req has stash size of: 1211
Clk3 @ 47000000 Finished 156457 instructions 
Clk3 @ 48000000 Finished 159867 instructions 
Clk@ 48045739 Working on the # 160000 th memory instruction
Clk3 @ 49000000 Finished 163197 instructions 
Clk3 @ 50000000 Finished 166414 instructions 
Clk3 @ 51000000 Finished 169776 instructions 
Clk@ 51071820 Working on the # 170000 th memory instruction
Clk7 @ 52000000 Finished 173046 instructions 
Clk3 @ 53000000 Finished 176326 instructions 
Sampling stash size at 177000 req has stash size of: 1259
Clk3 @ 54000000 Finished 179604 instructions 
Clk@ 54115472 Working on the # 180000 th memory instruction
Clk7 @ 55000000 Finished 182916 instructions 
Sampling stash size at 184000 req has stash size of: 1192
Clk3 @ 56000000 Finished 186216 instructions 
Clk3 @ 57000000 Finished 189502 instructions 
Clk@ 57141833 Working on the # 190000 th memory instruction
Clk3 @ 58000000 Finished 192817 instructions 
Clk3 @ 59000000 Finished 196117 instructions 
Clk3 @ 60000000 Finished 199463 instructions 
Clk@ 60169809 Working on the # 200000 th memory instruction
Clk3 @ 61000000 Finished 202882 instructions 
Clk3 @ 62000000 Finished 206192 instructions 
Clk3 @ 63000000 Finished 209462 instructions 
Clk@ 63138246 Working on the # 210000 th memory instruction
Sampling stash size at 211000 req has stash size of: 1295
Clk3 @ 64000000 Finished 212957 instructions 
Clk7 @ 65000000 Finished 216194 instructions 
Clk3 @ 66000000 Finished 219583 instructions 
Clk@ 66130827 Working on the # 220000 th memory instruction
Clk3 @ 67000000 Finished 222874 instructions 
Clk3 @ 68000000 Finished 226242 instructions 
Clk3 @ 69000000 Finished 229594 instructions 
Clk@ 69117843 Working on the # 230000 th memory instruction
Clk7 @ 70000000 Finished 232980 instructions 
Clk3 @ 71000000 Finished 236306 instructions 
Clk3 @ 72000000 Finished 239560 instructions 
Clk@ 72115294 Working on the # 240000 th memory instruction
Clk3 @ 73000000 Finished 242842 instructions 
Clk3 @ 74000000 Finished 246020 instructions 
Clk7 @ 75000000 Finished 249201 instructions 
Clk@ 75248184 Working on the # 250000 th memory instruction
Clk3 @ 76000000 Finished 252413 instructions 
Clk3 @ 77000000 Finished 255684 instructions 
Clk7 @ 77000000 Finished 255684 instructions 
Clk7 @ 78000000 Finished 259020 instructions 
Clk@ 78332023 Working on the # 260000 th memory instruction
Sampling stash size at 261000 req has stash size of: 1217
Clk3 @ 79000000 Finished 262227 instructions 
Clk3 @ 80000000 Finished 265543 instructions 
Clk3 @ 81000000 Finished 268936 instructions 
Clk@ 81342365 Working on the # 270000 th memory instruction
Sampling stash size at 270000 req has stash size of: 1122
Clk7 @ 82000000 Finished 272141 instructions 
Clk3 @ 83000000 Finished 275545 instructions 
Clk7 @ 84000000 Finished 278897 instructions 
Clk@ 84334306 Working on the # 280000 th memory instruction
Clk3 @ 85000000 Finished 282175 instructions 
Clk3 @ 86000000 Finished 285567 instructions 
Clk3 @ 87000000 Finished 288950 instructions 
Clk@ 87316701 Working on the # 290000 th memory instruction
Clk3 @ 88000000 Finished 292269 instructions 
Clk3 @ 89000000 Finished 295631 instructions 
Clk3 @ 90000000 Finished 299030 instructions 
Clk@ 90335354 Working on the # 300000 th memory instruction
Clk3 @ 91000000 Finished 302296 instructions 
Sampling stash size at 305000 req has stash size of: 1280
Clk7 @ 92000000 Finished 305546 instructions 
Clk3 @ 93000000 Finished 308904 instructions 
Clk@ 93328789 Working on the # 310000 th memory instruction
Clk3 @ 94000000 Finished 312136 instructions 
Clk3 @ 95000000 Finished 315516 instructions 
Clk3 @ 96000000 Finished 318903 instructions 
Clk@ 96377789 Working on the # 320000 th memory instruction
Clk3 @ 97000000 Finished 322139 instructions 
Clk3 @ 98000000 Finished 325443 instructions 
Clk3 @ 99000000 Finished 328784 instructions 
Clk@ 99379772 Working on the # 330000 th memory instruction
Clk3 @ 100000000 Finished 332057 instructions 
Clk7 @ 100000000 Finished 332057 instructions 
Clk3 @ 101000000 Finished 335302 instructions 
Clk3 @ 102000000 Finished 338637 instructions 
Clk@ 102427340 Working on the # 340000 th memory instruction
Clk3 @ 103000000 Finished 342009 instructions 
Clk3 @ 104000000 Finished 345188 instructions 
Clk3 @ 105000000 Finished 348587 instructions 
Sampling stash size at 349000 req has stash size of: 1201
Clk@ 105421230 Working on the # 350000 th memory instruction
Clk7 @ 106000000 Finished 351951 instructions 
Clk3 @ 107000000 Finished 355243 instructions 
Clk3 @ 108000000 Finished 358648 instructions 
Clk@ 108424480 Working on the # 360000 th memory instruction
Sampling stash size at 360000 req has stash size of: 1180
Clk3 @ 109000000 Finished 361835 instructions 
Clk7 @ 110000000 Finished 365183 instructions 
Clk7 @ 111000000 Finished 368411 instructions 
Clk@ 111472532 Working on the # 370000 th memory instruction
Clk3 @ 112000000 Finished 371760 instructions 
Clk7 @ 113000000 Finished 375014 instructions 
Clk7 @ 114000000 Finished 378344 instructions 
Clk@ 114496527 Working on the # 380000 th memory instruction
Clk7 @ 115000000 Finished 381713 instructions 
Clk3 @ 116000000 Finished 385014 instructions 
Clk3 @ 117000000 Finished 388310 instructions 
Clk@ 117512193 Working on the # 390000 th memory instruction
Clk3 @ 118000000 Finished 391678 instructions 
Clk3 @ 119000000 Finished 394998 instructions 
Clk3 @ 120000000 Finished 398297 instructions 
Clk@ 120529892 Working on the # 400000 th memory instruction
Clk3 @ 121000000 Finished 401624 instructions 
Clk3 @ 122000000 Finished 404908 instructions 
Clk7 @ 123000000 Finished 408272 instructions 
Clk@ 123524486 Working on the # 410000 th memory instruction
Clk3 @ 124000000 Finished 411633 instructions 
Clk3 @ 125000000 Finished 414951 instructions 
Clk3 @ 126000000 Finished 418284 instructions 
Clk@ 126515479 Working on the # 420000 th memory instruction
Clk3 @ 127000000 Finished 421594 instructions 
Clk3 @ 128000000 Finished 424914 instructions 
Sampling stash size at 426000 req has stash size of: 1181
Sampling stash size at 428000 req has stash size of: 1144
Clk3 @ 129000000 Finished 428153 instructions 
Clk@ 129546064 Working on the # 430000 th memory instruction
Clk3 @ 130000000 Finished 431469 instructions 
Sampling stash size at 437000 req has stash size of: 1236
Clk3 @ 132000000 Finished 438148 instructions 
Clk@ 132554145 Working on the # 440000 th memory instruction
Sampling stash size at 441000 req has stash size of: 1194
Clk3 @ 133000000 Finished 441416 instructions 
Sampling stash size at 442000 req has stash size of: 1153
Clk3 @ 134000000 Finished 444812 instructions 
Clk3 @ 135000000 Finished 448122 instructions 
Sampling stash size at 449000 req has stash size of: 1268
Clk@ 135570139 Working on the # 450000 th memory instruction
Clk3 @ 136000000 Finished 451418 instructions 
Clk7 @ 137000000 Finished 454771 instructions 
Clk7 @ 138000000 Finished 458150 instructions 
Clk@ 138556895 Working on the # 460000 th memory instruction
Clk7 @ 139000000 Finished 461417 instructions 
Clk7 @ 140000000 Finished 464774 instructions 
Clk3 @ 141000000 Finished 468155 instructions 
Clk@ 141560000 Working on the # 470000 th memory instruction
Clk7 @ 142000000 Finished 471471 instructions 
Sampling stash size at 473000 req has stash size of: 1313
Clk7 @ 143000000 Finished 474837 instructions 
Clk3 @ 144000000 Finished 478106 instructions 
Clk@ 144611192 Working on the # 480000 th memory instruction
Clk3 @ 145000000 Finished 481334 instructions 
Clk3 @ 146000000 Finished 484496 instructions 
Clk3 @ 147000000 Finished 487642 instructions 
Clk@ 147750634 Working on the # 490000 th memory instruction
Clk3 @ 148000000 Finished 490740 instructions 
Clk3 @ 149000000 Finished 493857 instructions 
Clk3 @ 150000000 Finished 496955 instructions 
Clk@ 150979404 Working on the # 500000 th memory instruction
Warm up done after line access count: 500000 out of 1000000 (50 %)
Clk7 @ 151000000 Finished 500034 instructions 
Sampling stash size at 501000 req has stash size of: 1260
Sampling stash size at 502000 req has stash size of: 1192
Clk7 @ 152000000 Finished 503270 instructions 
Sampling stash size at 505000 req has stash size of: 1205
Clk7 @ 153000000 Finished 506526 instructions 
Sampling stash size at 508000 req has stash size of: 1177
Clk3 @ 154000000 Finished 509706 instructions 
Clk@ 154077777 Working on the # 510000 th memory instruction
Clk3 @ 155000000 Finished 512918 instructions 
Clk7 @ 156000000 Finished 516224 instructions 
Clk3 @ 157000000 Finished 519455 instructions 
Clk@ 157176589 Working on the # 520000 th memory instruction
Clk3 @ 158000000 Finished 522705 instructions 
Clk3 @ 159000000 Finished 525957 instructions 
Clk7 @ 160000000 Finished 529267 instructions 
Clk@ 160223171 Working on the # 530000 th memory instruction
Clk3 @ 161000000 Finished 532535 instructions 
Clk7 @ 162000000 Finished 535862 instructions 
Sampling stash size at 536000 req has stash size of: 1115
Clk3 @ 163000000 Finished 539154 instructions 
Clk@ 163251823 Working on the # 540000 th memory instruction
Sampling stash size at 540000 req has stash size of: 1183
Clk3 @ 164000000 Finished 542490 instructions 
Clk3 @ 165000000 Finished 545777 instructions 
Clk3 @ 166000000 Finished 549020 instructions 
Clk@ 166297391 Working on the # 550000 th memory instruction
Clk3 @ 167000000 Finished 552331 instructions 
Clk3 @ 168000000 Finished 555658 instructions 
Clk3 @ 169000000 Finished 558964 instructions 
Clk@ 169314737 Working on the # 560000 th memory instruction
Clk7 @ 170000000 Finished 562325 instructions 
Sampling stash size at 563000 req has stash size of: 1284
Clk3 @ 171000000 Finished 565591 instructions 
Clk3 @ 172000000 Finished 568851 instructions 
Clk@ 172338437 Working on the # 570000 th memory instruction
Clk3 @ 173000000 Finished 572216 instructions 
Clk3 @ 174000000 Finished 575498 instructions 
Clk3 @ 175000000 Finished 578818 instructions 
Clk@ 175358516 Working on the # 580000 th memory instruction
Clk7 @ 176000000 Finished 582183 instructions 
Clk3 @ 177000000 Finished 585499 instructions 
Clk3 @ 178000000 Finished 588857 instructions 
Clk@ 178361813 Working on the # 590000 th memory instruction
Clk3 @ 179000000 Finished 592141 instructions 
Clk3 @ 180000000 Finished 595524 instructions 
Clk3 @ 181000000 Finished 598898 instructions 
Clk@ 181356352 Working on the # 600000 th memory instruction
Clk3 @ 182000000 Finished 602203 instructions 
Sampling stash size at 605000 req has stash size of: 1232
Clk3 @ 183000000 Finished 605403 instructions 
Sampling stash size at 606000 req has stash size of: 1175
Clk7 @ 184000000 Finished 608673 instructions 
Clk@ 184389541 Working on the # 610000 th memory instruction
Clk3 @ 185000000 Finished 611968 instructions 
Clk3 @ 186000000 Finished 615204 instructions 
Clk7 @ 187000000 Finished 618514 instructions 
Clk@ 187455501 Working on the # 620000 th memory instruction
Clk3 @ 188000000 Finished 621761 instructions 
Clk7 @ 189000000 Finished 625030 instructions 
Clk@ 190484392 Working on the # 630000 th memory instruction
Clk3 @ 191000000 Finished 631739 instructions 
Clk7 @ 192000000 Finished 635095 instructions 
Clk3 @ 193000000 Finished 638386 instructions 
Clk@ 193483653 Working on the # 640000 th memory instruction
Clk3 @ 194000000 Finished 641719 instructions 
Clk3 @ 195000000 Finished 645029 instructions 
Clk3 @ 196000000 Finished 648290 instructions 
Clk@ 196507839 Working on the # 650000 th memory instruction
Sampling stash size at 650000 req has stash size of: 1200
Clk7 @ 197000000 Finished 651593 instructions 
Clk3 @ 198000000 Finished 654967 instructions 
Sampling stash size at 656000 req has stash size of: 1100
Clk7 @ 199000000 Finished 658171 instructions 
Clk@ 199524144 Working on the # 660000 th memory instruction
Clk3 @ 200000000 Finished 661452 instructions 
Clk3 @ 201000000 Finished 664773 instructions 
Clk7 @ 202000000 Finished 668197 instructions 
Clk@ 202555994 Working on the # 670000 th memory instruction
Clk3 @ 203000000 Finished 671406 instructions 
Clk3 @ 204000000 Finished 674653 instructions 
Clk7 @ 205000000 Finished 678034 instructions 
Clk@ 205580535 Working on the # 680000 th memory instruction
Clk7 @ 206000000 Finished 681334 instructions 
Sampling stash size at 684000 req has stash size of: 1219
Clk3 @ 207000000 Finished 684676 instructions 
Clk7 @ 208000000 Finished 687975 instructions 
Clk@ 208612544 Working on the # 690000 th memory instruction
Clk3 @ 209000000 Finished 691256 instructions 
Clk3 @ 210000000 Finished 694598 instructions 
Sampling stash size at 697000 req has stash size of: 1211
Clk3 @ 211000000 Finished 697905 instructions 
Clk@ 211638544 Working on the # 700000 th memory instruction
Clk3 @ 212000000 Finished 701180 instructions 
Clk3 @ 213000000 Finished 704582 instructions 
Clk7 @ 214000000 Finished 707882 instructions 
Sampling stash size at 708000 req has stash size of: 1211
Clk@ 214644156 Working on the # 710000 th memory instruction
Clk3 @ 215000000 Finished 711168 instructions 
Sampling stash size at 713000 req has stash size of: 1242
Clk3 @ 216000000 Finished 714451 instructions 
Clk3 @ 217000000 Finished 717826 instructions 
Clk@ 217673769 Working on the # 720000 th memory instruction
Clk3 @ 218000000 Finished 721077 instructions 
Clk3 @ 219000000 Finished 724323 instructions 
Clk7 @ 220000000 Finished 727630 instructions 
Clk@ 220727247 Working on the # 730000 th memory instruction
Clk3 @ 221000000 Finished 730804 instructions 
Clk3 @ 222000000 Finished 734072 instructions 
Sampling stash size at 737000 req has stash size of: 1202
Clk3 @ 223000000 Finished 737272 instructions 
Clk@ 223860194 Working on the # 740000 th memory instruction
Clk7 @ 224000000 Finished 740531 instructions 
Clk3 @ 225000000 Finished 743871 instructions 
Clk7 @ 226000000 Finished 747079 instructions 
Clk@ 226917695 Working on the # 750000 th memory instruction
Clk3 @ 227000000 Finished 750286 instructions 
Clk3 @ 228000000 Finished 753569 instructions 
Clk7 @ 229000000 Finished 756809 instructions 
Clk@ 229976705 Working on the # 760000 th memory instruction
Clk3 @ 230000000 Finished 760077 instructions 
Clk3 @ 231000000 Finished 763405 instructions 
Clk3 @ 232000000 Finished 766748 instructions 
Clk@ 232975349 Working on the # 770000 th memory instruction
Clk3 @ 233000000 Finished 770095 instructions 
Clk7 @ 233000000 Finished 770095 instructions 
Clk3 @ 234000000 Finished 773358 instructions 
Clk3 @ 235000000 Finished 776635 instructions 
Clk@ 235998160 Working on the # 780000 th memory instruction
Clk3 @ 236000000 Finished 780008 instructions 
Sampling stash size at 780000 req has stash size of: 1242
Clk3 @ 237000000 Finished 783246 instructions 
Clk3 @ 238000000 Finished 786666 instructions 
Clk7 @ 239000000 Finished 789896 instructions 
Clk@ 239019327 Working on the # 790000 th memory instruction
Clk3 @ 240000000 Finished 793230 instructions 
Clk3 @ 241000000 Finished 796484 instructions 
Clk3 @ 242000000 Finished 799830 instructions 
Clk@ 242048865 Working on the # 800000 th memory instruction
Clk3 @ 243000000 Finished 803126 instructions 
Clk3 @ 244000000 Finished 806509 instructions 
Clk3 @ 245000000 Finished 809776 instructions 
Clk@ 245085197 Working on the # 810000 th memory instruction
Clk7 @ 246000000 Finished 813001 instructions 
Clk3 @ 247000000 Finished 816338 instructions 
Sampling stash size at 818000 req has stash size of: 1215
Clk3 @ 248000000 Finished 819683 instructions 
Clk@ 248112206 Working on the # 820000 th memory instruction
Sampling stash size at 822000 req has stash size of: 1253
Clk3 @ 249000000 Finished 822967 instructions 
Clk3 @ 250000000 Finished 826290 instructions 
Clk3 @ 251000000 Finished 829613 instructions 
Clk@ 251124863 Working on the # 830000 th memory instruction
Sampling stash size at 832000 req has stash size of: 1263
Clk3 @ 252000000 Finished 832904 instructions 
Clk3 @ 253000000 Finished 836210 instructions 
Clk3 @ 254000000 Finished 839535 instructions 
Clk@ 254157105 Working on the # 840000 th memory instruction
Clk3 @ 255000000 Finished 842810 instructions 
Clk3 @ 256000000 Finished 846096 instructions 
Clk3 @ 257000000 Finished 849392 instructions 
Clk@ 257186684 Working on the # 850000 th memory instruction
Clk3 @ 258000000 Finished 852641 instructions 
Clk7 @ 259000000 Finished 855971 instructions 
Clk3 @ 260000000 Finished 859232 instructions 
Clk@ 260202127 Working on the # 860000 th memory instruction
Clk3 @ 261000000 Finished 862547 instructions 
Clk3 @ 262000000 Finished 865843 instructions 
Clk3 @ 263000000 Finished 869132 instructions 
Clk@ 263263029 Working on the # 870000 th memory instruction
Sampling stash size at 871000 req has stash size of: 1135
Clk3 @ 264000000 Finished 872398 instructions 
Clk3 @ 265000000 Finished 875689 instructions 
Clk7 @ 266000000 Finished 878983 instructions 
Clk@ 266316566 Working on the # 880000 th memory instruction
Clk7 @ 267000000 Finished 882275 instructions 
Clk3 @ 268000000 Finished 885630 instructions 
Sampling stash size at 886000 req has stash size of: 1157
Clk3 @ 269000000 Finished 888907 instructions 
Clk@ 269320338 Working on the # 890000 th memory instruction
Clk3 @ 270000000 Finished 892225 instructions 
Clk3 @ 271000000 Finished 895570 instructions 
Clk3 @ 272000000 Finished 898895 instructions 
Clk@ 272317756 Working on the # 900000 th memory instruction
Clk3 @ 273000000 Finished 902261 instructions 
Clk3 @ 274000000 Finished 905598 instructions 
Clk7 @ 275000000 Finished 908884 instructions 
Clk@ 275344429 Working on the # 910000 th memory instruction
Clk7 @ 276000000 Finished 912232 instructions 
Sampling stash size at 914000 req has stash size of: 1148
Clk7 @ 277000000 Finished 915527 instructions 
Clk7 @ 278000000 Finished 918804 instructions 
Clk@ 278357887 Working on the # 920000 th memory instruction
Sampling stash size at 922000 req has stash size of: 1302
Clk3 @ 279000000 Finished 922159 instructions 
Clk3 @ 280000000 Finished 925405 instructions 
Clk3 @ 281000000 Finished 928713 instructions 
Clk@ 281406346 Working on the # 930000 th memory instruction
Clk3 @ 282000000 Finished 931983 instructions 
Sampling stash size at 932000 req has stash size of: 1093
Sampling stash size at 934000 req has stash size of: 1185
Clk3 @ 283000000 Finished 935332 instructions 
Clk7 @ 284000000 Finished 938584 instructions 
Clk@ 284407693 Working on the # 940000 th memory instruction
Clk3 @ 285000000 Finished 941917 instructions 
Clk7 @ 286000000 Finished 945221 instructions 
Clk7 @ 287000000 Finished 948439 instructions 
Clk@ 287477644 Working on the # 950000 th memory instruction
Clk3 @ 288000000 Finished 951750 instructions 
Clk3 @ 289000000 Finished 955040 instructions 
Clk3 @ 290000000 Finished 958217 instructions 
Clk@ 290538034 Working on the # 960000 th memory instruction
Clk3 @ 291000000 Finished 961494 instructions 
Clk3 @ 292000000 Finished 964726 instructions 
Clk3 @ 293000000 Finished 967823 instructions 
Clk@ 293676581 Working on the # 970000 th memory instruction
Clk3 @ 294000000 Finished 971052 instructions 
Sampling stash size at 973000 req has stash size of: 1257
Clk7 @ 295000000 Finished 974140 instructions 
Clk3 @ 296000000 Finished 977264 instructions 
Clk@ 296837718 Working on the # 980000 th memory instruction
Clk3 @ 297000000 Finished 980421 instructions 
Clk7 @ 298000000 Finished 983567 instructions 
Clk3 @ 299000000 Finished 986688 instructions 
Clk3 @ 300000000 Finished 989924 instructions 
Clk@ 300033250 Working on the # 990000 th memory instruction
Clk3 @ 301000000 Finished 993138 instructions 
Clk7 @ 302000000 Finished 996272 instructions 
Clk7 @ 303000000 Finished 999508 instructions 
Clk@ 303144820 Working on the # 1000000 th memory instruction

===*** Data ***====
Stall reason distribution: 
mc_hazard: 0
normal: 0
rs_hazard: 0
rw_swtich: 0
Early reshuffle distribution: 
0: 0
1: 0
2: 0
3: 0
4: 0
5: 0
6: 0
7: 0
8: 961
9: 2533
10: 3141
11: 3440
12: 3444
13: 3182
14: 2768
15: 1786
16: 93
17: 0
18: 0
19: 0
20: 0
21: 0
22: 0
23: 0
24: 0
=================
Max stash size is: 1705
Average stash size is: 1204.68
useful_read_pull_ddr: 500004 (1.36241) %
dummy_read_pull_ddr: 8126773 (22.1438) %
useful_early_pull_ddr: 200265 (0.54568) %
useful_early_push_ddr: 121241 (0.330356) %
useful_write_pull_ddr: 6898498 (18.797) %
useful_write_push_ddr: 2933275 (7.99256) %
dummy_early_pull_ddr: 12609 (0.0343569) %
dummy_early_push_ddr: 417205 (1.1368) %
dummy_write_pull_ddr: 1726 (0.00470299) %
dummy_write_push_ddr: 17488457 (47.6524) %
=================
Stash violation number of times: 0
=================
Check NodeID traffic: 6516489
Update NodeID traffic: 12062
=================
Read RS lines: 1000000 (87.5217) %
Write RS lines: 99878 (8.74149) %
Early RS lines: 42696 (3.73683) %
Read DDR lines: 17194606 (24.8081) %
Write DDR lines: 50835049 (73.3439) %
Early DDR lines: 1280880 (1.84803) %

====*** pos1 ***====
Stall reason distribution: 
mc_hazard: 0
normal: 0
rs_hazard: 0
rw_swtich: 0
Early reshuffle distribution: 
0: 0
1: 0
2: 0
3: 0
4: 0
5: 0
6: 0
7: 0
8: 951
9: 2401
10: 3126
11: 3405
12: 3457
13: 3303
14: 2737
15: 1720
16: 66
17: 0
18: 0
19: 0
20: 0
21: 0
=================
Max stash size is: 1705
Average stash size is: 1203.79
useful_read_pull_ddr: 999963 (1.45133) %
dummy_read_pull_ddr: 13913388 (20.1937) %
useful_early_pull_ddr: 337946 (0.49049) %
useful_early_push_ddr: 202621 (0.294082) %
useful_write_pull_ddr: 11897622 (17.2681) %
useful_write_push_ddr: 5342779 (7.75444) %
dummy_early_pull_ddr: 21876 (0.0317505) %
dummy_early_push_ddr: 707517 (1.02688) %
dummy_write_pull_ddr: 18506 (0.0268594) %
dummy_write_push_ddr: 35457384 (51.4624) %
=================
Stash violation number of times: 0
=================
Check NodeID traffic: 9470865
Update NodeID traffic: 6287
=================
Read RS lines: 1000000 (87.5496) %
Write RS lines: 99878 (8.74428) %
Early RS lines: 42332 (3.70615) %
Read DDR lines: 14874217 (24.7553) %
Write DDR lines: 43940722 (73.1311) %
Early DDR lines: 1269960 (2.11361) %

====*** pos2 ***====
Stall reason distribution: 
mc_hazard: 0
normal: 0
rs_hazard: 0
rw_swtich: 0
Early reshuffle distribution: 
0: 0
1: 0
2: 0
3: 0
4: 0
5: 0
6: 0
7: 0
8: 922
9: 2480
10: 3170
11: 3382
12: 3449
13: 3228
14: 2597
15: 1483
16: 33
17: 0
18: 0
=================
Max stash size is: 1704
Average stash size is: 1202.96
useful_read_pull_ddr: 999691 (1.75016) %
dummy_read_pull_ddr: 10960851 (19.1892) %
useful_early_pull_ddr: 326216 (0.571107) %
useful_early_push_ddr: 196376 (0.343796) %
useful_write_pull_ddr: 9417385 (16.487) %
useful_write_push_ddr: 5192456 (9.09044) %
dummy_early_pull_ddr: 26432 (0.0462745) %
dummy_early_push_ddr: 695616 (1.21782) %
dummy_write_pull_ddr: 139367 (0.24399) %
dummy_write_push_ddr: 29165576 (51.0602) %
=================
Stash violation number of times: 0
=================
Check NodeID traffic: 5720760
Update NodeID traffic: 1992
=================
Read RS lines: 1000000 (87.6143) %
Write RS lines: 99878 (8.75074) %
Early RS lines: 41488 (3.63494) %
Read DDR lines: 11930841 (24.6423) %
Write DDR lines: 35240523 (72.7869) %
Early DDR lines: 1244640 (2.57072) %
=================
The final DRAM clk is: 303149175 ticks.
Idle waiting clk is 82685100, which is 27.2754 %
DRAM Frequency is: 1600MHz
The final time in ns is: 1.89468e+08 ns.
Time distribution: 
Data pull time is: 0
data: 0
pos1: 0
pos2: 0
Data distribution: 
Pos2 data: 48416004
Pos1 data: 60084899
Data: 69310535
Node access DDR: 13032978
Pull DDR: 17194606
WB DDR: 50835049
Early DDR: 1280880
Achieved BW is: 69.603 GB/s
Ideal BW is: 102.4 GB/s
Metadata cache conclusion: 
overall_hit: 7124556 overall_total: 20168725
Cache Size 64 KB Overall Hit rate: 35.3248 %. 
Simulation done. Statistics written to my_output.txt
