Valid leaf ID range: 16777215:33554430
Num of top nodes: 16777216
Data level num of ways: 262144
Z: 16
S: 27
A: 20
cached_total: 64
cached_total: 192
Total number of ORAM protected cache line blocks: 16777216
Cached number of levels: 7
Max number of levels: 25
Start lvl is: 6
data valid leaf right: 33554431
data num of levels: 25
data level num of ways: 262144
data number of sets: 64
Cached node ID: 63 -- 158
Address space: 0 - 4 GB
pos1 valid leaf right: 4194303
pos1 num of levels: 22
pos1 level num of ways: 32768
pos1 number of sets: 64
Cached node ID: 63 -- 74
Address space: 0 - 0.5 GB
pos2 valid leaf right: 524287
pos2 num of levels: 19
pos2 level num of ways: 4096
pos2 number of sets: 64
Cached node ID: 63 -- 68
Address space: 0 - 0.0625 GB
Clk3 @ 1000000 Finished 3067 instructions 
Clk7 @ 2000000 Finished 6087 instructions 
Clk7 @ 3000000 Finished 9196 instructions 
Clk@ 3277968 Working on the # 10000 th memory instruction
Clk3 @ 4000000 Finished 12324 instructions 
Clk7 @ 5000000 Finished 15440 instructions 
Clk3 @ 6000000 Finished 18666 instructions 
Clk@ 6416616 Working on the # 20000 th memory instruction
Clk3 @ 7000000 Finished 21878 instructions 
Clk3 @ 8000000 Finished 25104 instructions 
Clk3 @ 9000000 Finished 28345 instructions 
Clk@ 9515180 Working on the # 30000 th memory instruction
Clk3 @ 10000000 Finished 31511 instructions 
Clk3 @ 11000000 Finished 34610 instructions 
Clk3 @ 12000000 Finished 37953 instructions 
Clk@ 12647397 Working on the # 40000 th memory instruction
Clk3 @ 13000000 Finished 41153 instructions 
Clk3 @ 14000000 Finished 44431 instructions 
Clk3 @ 15000000 Finished 47671 instructions 
Clk@ 15718369 Working on the # 50000 th memory instruction
Clk3 @ 16000000 Finished 50907 instructions 
Clk7 @ 17000000 Finished 54193 instructions 
Clk3 @ 18000000 Finished 57453 instructions 
Sampling stash size at 58000 req has stash size of: 658
Clk@ 18794538 Working on the # 60000 th memory instruction
Sampling stash size at 60000 req has stash size of: 599
Clk3 @ 19000000 Finished 60613 instructions 
Sampling stash size at 63000 req has stash size of: 556
Clk7 @ 20000000 Finished 63695 instructions 
Clk7 @ 21000000 Finished 66885 instructions 
Clk@ 21967527 Working on the # 70000 th memory instruction
Clk3 @ 22000000 Finished 70092 instructions 
Clk3 @ 23000000 Finished 73370 instructions 
Clk3 @ 24000000 Finished 76649 instructions 
Clk3 @ 25000000 Finished 79826 instructions 
Clk@ 25051859 Working on the # 80000 th memory instruction
Clk3 @ 26000000 Finished 83086 instructions 
Sampling stash size at 86000 req has stash size of: 644
Clk3 @ 27000000 Finished 86295 instructions 
Clk3 @ 28000000 Finished 89501 instructions 
Clk@ 28139590 Working on the # 90000 th memory instruction
Clk7 @ 29000000 Finished 92714 instructions 
Sampling stash size at 94000 req has stash size of: 645
Clk3 @ 30000000 Finished 95917 instructions 
Clk3 @ 31000000 Finished 99154 instructions 
Clk@ 31261505 Working on the # 100000 th memory instruction
Clk3 @ 32000000 Finished 102415 instructions 
Clk7 @ 33000000 Finished 105633 instructions 
Clk3 @ 34000000 Finished 108821 instructions 
Clk@ 34359952 Working on the # 110000 th memory instruction
Clk3 @ 35000000 Finished 112097 instructions 
Clk3 @ 36000000 Finished 115325 instructions 
Sampling stash size at 118000 req has stash size of: 577
Clk3 @ 37000000 Finished 118515 instructions 
Clk@ 37468297 Working on the # 120000 th memory instruction
Clk3 @ 38000000 Finished 121658 instructions 
Clk3 @ 39000000 Finished 124722 instructions 
Sampling stash size at 126000 req has stash size of: 582
Clk3 @ 40000000 Finished 127829 instructions 
Sampling stash size at 128000 req has stash size of: 576
Clk@ 40676957 Working on the # 130000 th memory instruction
Clk3 @ 41000000 Finished 131055 instructions 
Clk7 @ 42000000 Finished 134292 instructions 
Clk3 @ 43000000 Finished 137503 instructions 
Clk@ 43779785 Working on the # 140000 th memory instruction
Clk3 @ 44000000 Finished 140784 instructions 
Clk3 @ 45000000 Finished 143949 instructions 
Clk3 @ 46000000 Finished 147227 instructions 
Clk@ 46866231 Working on the # 150000 th memory instruction
Clk7 @ 47000000 Finished 150429 instructions 
Clk3 @ 48000000 Finished 153695 instructions 
Clk3 @ 49000000 Finished 156938 instructions 
Sampling stash size at 157000 req has stash size of: 598
Clk@ 49962430 Working on the # 160000 th memory instruction
Clk3 @ 50000000 Finished 160115 instructions 
Clk3 @ 51000000 Finished 163301 instructions 
Clk3 @ 52000000 Finished 166458 instructions 
Clk3 @ 53000000 Finished 169636 instructions 
Clk@ 53108550 Working on the # 170000 th memory instruction
Clk3 @ 54000000 Finished 172851 instructions 
Sampling stash size at 173000 req has stash size of: 503
Clk7 @ 55000000 Finished 176054 instructions 
Clk3 @ 56000000 Finished 179279 instructions 
Clk@ 56238115 Working on the # 180000 th memory instruction
Clk3 @ 57000000 Finished 182343 instructions 
Clk3 @ 58000000 Finished 185532 instructions 
Clk7 @ 59000000 Finished 188673 instructions 
Clk@ 59417924 Working on the # 190000 th memory instruction
Sampling stash size at 190000 req has stash size of: 566
Clk7 @ 60000000 Finished 191878 instructions 
Clk3 @ 61000000 Finished 195073 instructions 
Clk3 @ 62000000 Finished 198333 instructions 
Clk@ 62518781 Working on the # 200000 th memory instruction
Clk3 @ 63000000 Finished 201550 instructions 
Clk3 @ 64000000 Finished 204763 instructions 
Sampling stash size at 205000 req has stash size of: 502
Clk3 @ 65000000 Finished 207976 instructions 
Clk@ 65611393 Working on the # 210000 th memory instruction
Clk3 @ 66000000 Finished 211269 instructions 
Clk7 @ 66000000 Finished 211269 instructions 
Clk7 @ 67000000 Finished 214411 instructions 
Clk3 @ 68000000 Finished 217680 instructions 
Clk@ 68737838 Working on the # 220000 th memory instruction
Clk3 @ 69000000 Finished 220842 instructions 
Sampling stash size at 224000 req has stash size of: 622
Clk3 @ 70000000 Finished 224111 instructions 
Clk7 @ 71000000 Finished 227325 instructions 
Sampling stash size at 229000 req has stash size of: 575
Clk@ 71823643 Working on the # 230000 th memory instruction
Clk3 @ 72000000 Finished 230549 instructions 
Clk3 @ 73000000 Finished 233814 instructions 
Clk3 @ 74000000 Finished 237021 instructions 
Clk@ 74944775 Working on the # 240000 th memory instruction
Clk3 @ 75000000 Finished 240150 instructions 
Clk3 @ 76000000 Finished 243262 instructions 
Clk3 @ 77000000 Finished 246274 instructions 
Sampling stash size at 247000 req has stash size of: 649
Clk7 @ 78000000 Finished 249336 instructions 
Clk@ 78230182 Working on the # 250000 th memory instruction
Clk3 @ 79000000 Finished 252384 instructions 
Clk3 @ 80000000 Finished 255559 instructions 
Clk3 @ 81000000 Finished 258771 instructions 
Clk@ 81379932 Working on the # 260000 th memory instruction
Clk3 @ 82000000 Finished 261981 instructions 
Sampling stash size at 263000 req has stash size of: 623
Clk3 @ 83000000 Finished 265127 instructions 
Clk7 @ 84000000 Finished 268323 instructions 
Clk@ 84523143 Working on the # 270000 th memory instruction
Clk3 @ 85000000 Finished 271491 instructions 
Clk7 @ 86000000 Finished 274747 instructions 
Clk3 @ 87000000 Finished 277962 instructions 
Clk@ 87634538 Working on the # 280000 th memory instruction
Clk3 @ 88000000 Finished 281132 instructions 
Clk7 @ 89000000 Finished 284346 instructions 
Clk3 @ 90000000 Finished 287571 instructions 
Clk@ 90753018 Working on the # 290000 th memory instruction
Clk3 @ 91000000 Finished 290847 instructions 
Clk3 @ 92000000 Finished 294036 instructions 
Clk3 @ 93000000 Finished 297292 instructions 
Clk@ 93848743 Working on the # 300000 th memory instruction
Clk3 @ 94000000 Finished 300467 instructions 
Sampling stash size at 301000 req has stash size of: 560
Clk3 @ 95000000 Finished 303708 instructions 
Sampling stash size at 305000 req has stash size of: 650
Clk3 @ 96000000 Finished 306875 instructions 
Clk@ 96982825 Working on the # 310000 th memory instruction
Clk7 @ 97000000 Finished 310077 instructions 
Sampling stash size at 311000 req has stash size of: 577
Clk3 @ 98000000 Finished 313181 instructions 
Clk3 @ 99000000 Finished 316426 instructions 
Clk3 @ 100000000 Finished 319588 instructions 
Clk@ 100117591 Working on the # 320000 th memory instruction
Clk3 @ 101000000 Finished 322794 instructions 
Clk3 @ 102000000 Finished 326043 instructions 
Clk3 @ 103000000 Finished 329157 instructions 
Clk@ 103254314 Working on the # 330000 th memory instruction
Clk3 @ 104000000 Finished 332361 instructions 
Clk3 @ 105000000 Finished 335495 instructions 
Clk3 @ 106000000 Finished 338706 instructions 
Clk@ 106407471 Working on the # 340000 th memory instruction
Clk3 @ 107000000 Finished 341874 instructions 
Clk7 @ 108000000 Finished 345060 instructions 
Clk7 @ 109000000 Finished 348286 instructions 
Clk@ 109535858 Working on the # 350000 th memory instruction
Clk3 @ 110000000 Finished 351465 instructions 
Clk3 @ 111000000 Finished 354728 instructions 
Clk3 @ 112000000 Finished 357930 instructions 
Clk7 @ 112000000 Finished 357930 instructions 
Clk@ 112652723 Working on the # 360000 th memory instruction
Clk3 @ 113000000 Finished 361092 instructions 
Clk7 @ 114000000 Finished 364228 instructions 
Clk3 @ 115000000 Finished 367335 instructions 
Clk@ 115832890 Working on the # 370000 th memory instruction
Clk3 @ 116000000 Finished 370520 instructions 
Clk3 @ 117000000 Finished 373701 instructions 
Clk3 @ 118000000 Finished 376818 instructions 
Clk@ 118992546 Working on the # 380000 th memory instruction
Clk3 @ 119000000 Finished 380027 instructions 
Clk3 @ 120000000 Finished 383301 instructions 
Clk7 @ 121000000 Finished 386507 instructions 
Sampling stash size at 388000 req has stash size of: 594
Clk3 @ 122000000 Finished 389737 instructions 
Clk@ 122076208 Working on the # 390000 th memory instruction
Sampling stash size at 392000 req has stash size of: 603
Clk3 @ 123000000 Finished 392983 instructions 
Clk3 @ 124000000 Finished 396172 instructions 
Clk3 @ 125000000 Finished 399387 instructions 
Clk@ 125213558 Working on the # 400000 th memory instruction
Sampling stash size at 401000 req has stash size of: 658
Clk3 @ 126000000 Finished 402527 instructions 
Clk3 @ 127000000 Finished 405762 instructions 
Clk3 @ 128000000 Finished 408967 instructions 
Clk@ 128319880 Working on the # 410000 th memory instruction
Clk3 @ 129000000 Finished 412198 instructions 
Clk3 @ 130000000 Finished 415421 instructions 
Clk7 @ 131000000 Finished 418641 instructions 
Clk@ 131423811 Working on the # 420000 th memory instruction
Clk3 @ 132000000 Finished 421869 instructions 
Clk3 @ 133000000 Finished 425015 instructions 
Clk3 @ 134000000 Finished 428206 instructions 
Clk@ 134563072 Working on the # 430000 th memory instruction
Clk3 @ 135000000 Finished 431330 instructions 
Clk7 @ 136000000 Finished 434530 instructions 
Clk7 @ 137000000 Finished 437768 instructions 
Clk@ 137700944 Working on the # 440000 th memory instruction
Clk3 @ 138000000 Finished 440943 instructions 
Clk3 @ 139000000 Finished 444212 instructions 
Clk7 @ 140000000 Finished 447425 instructions 
Clk@ 140782564 Working on the # 450000 th memory instruction
Clk3 @ 141000000 Finished 450630 instructions 
Clk3 @ 142000000 Finished 453868 instructions 
Clk3 @ 143000000 Finished 457065 instructions 
Clk@ 143888094 Working on the # 460000 th memory instruction
Clk7 @ 144000000 Finished 460307 instructions 
Clk3 @ 145000000 Finished 463514 instructions 
Clk3 @ 146000000 Finished 466694 instructions 
Sampling stash size at 468000 req has stash size of: 540
Sampling stash size at 469000 req has stash size of: 565
Clk3 @ 147000000 Finished 469966 instructions 
Clk@ 147015313 Working on the # 470000 th memory instruction
Sampling stash size at 470000 req has stash size of: 523
Clk7 @ 148000000 Finished 473165 instructions 
Sampling stash size at 474000 req has stash size of: 580
Clk3 @ 149000000 Finished 476413 instructions 
Clk3 @ 150000000 Finished 479558 instructions 
Clk@ 150161440 Working on the # 480000 th memory instruction
Clk3 @ 151000000 Finished 482549 instructions 
Clk3 @ 152000000 Finished 485625 instructions 
Clk3 @ 153000000 Finished 488615 instructions 
Clk@ 153441058 Working on the # 490000 th memory instruction
Clk7 @ 154000000 Finished 491613 instructions 
Clk3 @ 155000000 Finished 494556 instructions 
Clk7 @ 156000000 Finished 497606 instructions 
Clk@ 156804843 Working on the # 500000 th memory instruction
Warm up done after line access count: 500000 out of 1000000 (50 %)
Clk3 @ 157000000 Finished 500636 instructions 
Clk3 @ 158000000 Finished 503694 instructions 
Clk7 @ 159000000 Finished 506806 instructions 
Clk3 @ 160000000 Finished 509930 instructions 
Clk@ 160019356 Working on the # 510000 th memory instruction
Clk7 @ 161000000 Finished 513028 instructions 
Sampling stash size at 516000 req has stash size of: 560
Clk3 @ 162000000 Finished 516234 instructions 
Clk3 @ 163000000 Finished 519346 instructions 
Clk@ 163215948 Working on the # 520000 th memory instruction
Clk3 @ 164000000 Finished 522451 instructions 
Sampling stash size at 525000 req has stash size of: 564
Clk3 @ 165000000 Finished 525661 instructions 
Clk3 @ 166000000 Finished 528769 instructions 
Clk@ 166385026 Working on the # 530000 th memory instruction
Clk3 @ 167000000 Finished 531925 instructions 
Clk7 @ 168000000 Finished 535169 instructions 
Clk3 @ 169000000 Finished 538359 instructions 
Clk@ 169511874 Working on the # 540000 th memory instruction
Clk3 @ 170000000 Finished 541509 instructions 
Clk3 @ 171000000 Finished 544729 instructions 
Clk3 @ 172000000 Finished 547949 instructions 
Clk@ 172665126 Working on the # 550000 th memory instruction
Clk3 @ 173000000 Finished 551110 instructions 
Sampling stash size at 552000 req has stash size of: 582
Clk3 @ 174000000 Finished 554244 instructions 
Clk7 @ 175000000 Finished 557385 instructions 
Clk@ 175813653 Working on the # 560000 th memory instruction
Clk3 @ 176000000 Finished 560542 instructions 
Clk3 @ 177000000 Finished 563756 instructions 
Clk3 @ 178000000 Finished 566967 instructions 
Clk@ 178935957 Working on the # 570000 th memory instruction
Clk3 @ 179000000 Finished 570212 instructions 
Clk3 @ 180000000 Finished 573336 instructions 
Clk3 @ 181000000 Finished 576614 instructions 
Clk3 @ 182000000 Finished 579788 instructions 
Clk@ 182072253 Working on the # 580000 th memory instruction
Clk3 @ 183000000 Finished 583001 instructions 
Clk3 @ 184000000 Finished 586186 instructions 
Clk3 @ 185000000 Finished 589417 instructions 
Clk@ 185202878 Working on the # 590000 th memory instruction
Clk3 @ 186000000 Finished 592611 instructions 
Clk3 @ 187000000 Finished 595756 instructions 
Clk3 @ 188000000 Finished 598977 instructions 
Clk@ 188299081 Working on the # 600000 th memory instruction
Clk7 @ 189000000 Finished 602249 instructions 
Clk3 @ 190000000 Finished 605340 instructions 
Sampling stash size at 607000 req has stash size of: 532
Clk3 @ 191000000 Finished 608484 instructions 
Clk@ 191478331 Working on the # 610000 th memory instruction
Clk3 @ 192000000 Finished 611577 instructions 
Clk3 @ 193000000 Finished 614788 instructions 
Clk7 @ 194000000 Finished 617909 instructions 
Clk@ 194677601 Working on the # 620000 th memory instruction
Clk3 @ 195000000 Finished 621039 instructions 
Clk3 @ 196000000 Finished 624210 instructions 
Clk3 @ 197000000 Finished 627459 instructions 
Clk@ 197812560 Working on the # 630000 th memory instruction
Clk3 @ 198000000 Finished 630615 instructions 
Clk3 @ 199000000 Finished 633838 instructions 
Clk3 @ 200000000 Finished 636996 instructions 
Clk@ 200927481 Working on the # 640000 th memory instruction
Clk3 @ 201000000 Finished 640218 instructions 
Clk3 @ 202000000 Finished 643346 instructions 
Clk7 @ 203000000 Finished 646550 instructions 
Clk3 @ 204000000 Finished 649703 instructions 
Clk@ 204089554 Working on the # 650000 th memory instruction
Clk3 @ 205000000 Finished 652907 instructions 
Clk3 @ 206000000 Finished 656041 instructions 
Sampling stash size at 659000 req has stash size of: 601
Clk3 @ 207000000 Finished 659181 instructions 
Clk@ 207245174 Working on the # 660000 th memory instruction
Clk3 @ 208000000 Finished 662362 instructions 
Clk3 @ 209000000 Finished 665546 instructions 
Clk3 @ 210000000 Finished 668776 instructions 
Clk@ 210386027 Working on the # 670000 th memory instruction
Sampling stash size at 671000 req has stash size of: 677
Clk3 @ 211000000 Finished 671926 instructions 
Clk3 @ 212000000 Finished 675072 instructions 
Clk3 @ 213000000 Finished 678222 instructions 
Clk@ 213551685 Working on the # 680000 th memory instruction
Clk7 @ 214000000 Finished 681428 instructions 
Clk7 @ 215000000 Finished 684659 instructions 
Clk3 @ 216000000 Finished 687855 instructions 
Clk@ 216672034 Working on the # 690000 th memory instruction
Clk3 @ 217000000 Finished 691046 instructions 
Clk3 @ 218000000 Finished 694265 instructions 
Clk3 @ 219000000 Finished 697486 instructions 
Sampling stash size at 698000 req has stash size of: 542
Clk@ 219791262 Working on the # 700000 th memory instruction
Clk3 @ 220000000 Finished 700617 instructions 
Clk3 @ 221000000 Finished 703844 instructions 
Sampling stash size at 704000 req has stash size of: 573
Sampling stash size at 707000 req has stash size of: 583
Clk7 @ 222000000 Finished 707101 instructions 
Clk@ 222913477 Working on the # 710000 th memory instruction
Clk3 @ 223000000 Finished 710267 instructions 
Clk3 @ 224000000 Finished 713461 instructions 
Clk7 @ 225000000 Finished 716659 instructions 
Clk3 @ 226000000 Finished 719814 instructions 
Clk@ 226048116 Working on the # 720000 th memory instruction
Clk3 @ 227000000 Finished 723006 instructions 
Clk3 @ 228000000 Finished 726161 instructions 
Clk7 @ 229000000 Finished 729332 instructions 
Clk@ 229236349 Working on the # 730000 th memory instruction
Sampling stash size at 731000 req has stash size of: 617
Clk3 @ 230000000 Finished 732421 instructions 
Clk3 @ 231000000 Finished 735500 instructions 
Clk3 @ 232000000 Finished 738567 instructions 
Clk@ 232461982 Working on the # 740000 th memory instruction
Clk7 @ 233000000 Finished 741648 instructions 
Clk3 @ 234000000 Finished 744862 instructions 
Clk3 @ 235000000 Finished 747908 instructions 
Clk@ 235652263 Working on the # 750000 th memory instruction
Clk3 @ 236000000 Finished 751091 instructions 
Clk3 @ 237000000 Finished 754267 instructions 
Clk7 @ 238000000 Finished 757386 instructions 
Clk@ 238810424 Working on the # 760000 th memory instruction
Clk3 @ 239000000 Finished 760577 instructions 
Sampling stash size at 762000 req has stash size of: 581
Clk3 @ 240000000 Finished 763810 instructions 
Clk3 @ 241000000 Finished 767050 instructions 
Clk@ 241915031 Working on the # 770000 th memory instruction
Clk7 @ 242000000 Finished 770235 instructions 
Clk7 @ 243000000 Finished 773472 instructions 
Clk3 @ 244000000 Finished 776650 instructions 
Sampling stash size at 778000 req has stash size of: 635
Clk3 @ 245000000 Finished 779836 instructions 
Clk@ 245044521 Working on the # 780000 th memory instruction
Clk3 @ 246000000 Finished 783033 instructions 
Clk7 @ 247000000 Finished 786213 instructions 
Clk7 @ 248000000 Finished 789428 instructions 
Clk@ 248163198 Working on the # 790000 th memory instruction
Clk3 @ 249000000 Finished 792673 instructions 
Clk7 @ 250000000 Finished 795830 instructions 
Clk7 @ 251000000 Finished 799009 instructions 
Clk@ 251330949 Working on the # 800000 th memory instruction
Clk7 @ 252000000 Finished 802221 instructions 
Clk3 @ 253000000 Finished 805394 instructions 
Clk3 @ 254000000 Finished 808548 instructions 
Clk@ 254456473 Working on the # 810000 th memory instruction
Clk3 @ 255000000 Finished 811733 instructions 
Clk7 @ 256000000 Finished 814958 instructions 
Clk3 @ 257000000 Finished 818149 instructions 
Clk@ 257569785 Working on the # 820000 th memory instruction
Clk3 @ 258000000 Finished 821342 instructions 
Clk3 @ 259000000 Finished 824538 instructions 
Clk7 @ 260000000 Finished 827730 instructions 
Clk@ 260718293 Working on the # 830000 th memory instruction
Clk3 @ 261000000 Finished 830926 instructions 
Sampling stash size at 833000 req has stash size of: 652
Clk3 @ 262000000 Finished 834139 instructions 
Clk3 @ 263000000 Finished 837265 instructions 
Clk@ 263848206 Working on the # 840000 th memory instruction
Sampling stash size at 840000 req has stash size of: 620
Clk3 @ 264000000 Finished 840450 instructions 
Clk3 @ 265000000 Finished 843651 instructions 
Clk3 @ 266000000 Finished 846811 instructions 
Clk3 @ 267000000 Finished 849965 instructions 
Clk@ 267006845 Working on the # 850000 th memory instruction
Clk3 @ 268000000 Finished 853105 instructions 
Clk3 @ 269000000 Finished 856298 instructions 
Sampling stash size at 857000 req has stash size of: 643
Clk3 @ 270000000 Finished 859402 instructions 
Clk@ 270183763 Working on the # 860000 th memory instruction
Clk3 @ 271000000 Finished 862555 instructions 
Clk3 @ 272000000 Finished 865754 instructions 
Clk3 @ 273000000 Finished 868892 instructions 
Clk@ 273356046 Working on the # 870000 th memory instruction
Clk3 @ 274000000 Finished 872108 instructions 
Sampling stash size at 874000 req has stash size of: 562
Clk7 @ 275000000 Finished 875272 instructions 
Clk7 @ 276000000 Finished 878420 instructions 
Clk@ 276484899 Working on the # 880000 th memory instruction
Sampling stash size at 881000 req has stash size of: 520
Clk3 @ 277000000 Finished 881655 instructions 
Clk3 @ 278000000 Finished 884832 instructions 
Clk3 @ 279000000 Finished 888078 instructions 
Clk@ 279607809 Working on the # 890000 th memory instruction
Clk3 @ 280000000 Finished 891278 instructions 
Sampling stash size at 894000 req has stash size of: 519
Clk3 @ 281000000 Finished 894451 instructions 
Clk3 @ 282000000 Finished 897647 instructions 
Clk@ 282720314 Working on the # 900000 th memory instruction
Clk3 @ 283000000 Finished 900848 instructions 
Sampling stash size at 903000 req has stash size of: 590
Clk7 @ 284000000 Finished 904053 instructions 
Clk3 @ 285000000 Finished 907313 instructions 
Clk@ 285852525 Working on the # 910000 th memory instruction
Clk7 @ 286000000 Finished 910517 instructions 
Clk3 @ 287000000 Finished 913651 instructions 
Sampling stash size at 914000 req has stash size of: 661
Clk7 @ 288000000 Finished 916844 instructions 
Clk@ 288999246 Working on the # 920000 th memory instruction
Clk7 @ 289000000 Finished 920001 instructions 
Clk7 @ 290000000 Finished 923186 instructions 
Clk3 @ 291000000 Finished 926384 instructions 
Sampling stash size at 928000 req has stash size of: 640
Clk7 @ 292000000 Finished 929552 instructions 
Clk@ 292137728 Working on the # 930000 th memory instruction
Clk7 @ 293000000 Finished 932760 instructions 
Clk3 @ 294000000 Finished 935922 instructions 
Clk3 @ 295000000 Finished 939130 instructions 
Clk@ 295288617 Working on the # 940000 th memory instruction
Clk3 @ 296000000 Finished 942314 instructions 
Sampling stash size at 945000 req has stash size of: 596
Clk3 @ 297000000 Finished 945446 instructions 
Clk3 @ 298000000 Finished 948586 instructions 
Clk@ 298441540 Working on the # 950000 th memory instruction
Clk3 @ 299000000 Finished 951787 instructions 
Clk3 @ 300000000 Finished 954978 instructions 
Sampling stash size at 958000 req has stash size of: 504
Clk3 @ 301000000 Finished 958087 instructions 
Clk@ 301606482 Working on the # 960000 th memory instruction
Clk3 @ 302000000 Finished 961249 instructions 
Clk3 @ 303000000 Finished 964228 instructions 
Clk3 @ 304000000 Finished 967370 instructions 
Clk@ 304879978 Working on the # 970000 th memory instruction
Clk7 @ 305000000 Finished 970344 instructions 
Clk3 @ 306000000 Finished 973326 instructions 
Sampling stash size at 976000 req has stash size of: 579
Clk3 @ 307000000 Finished 976392 instructions 
Clk3 @ 308000000 Finished 979346 instructions 
Clk@ 308209594 Working on the # 980000 th memory instruction
Clk3 @ 309000000 Finished 982388 instructions 
Clk3 @ 310000000 Finished 985345 instructions 
Clk3 @ 311000000 Finished 988348 instructions 
Clk@ 311522519 Working on the # 990000 th memory instruction
Clk3 @ 312000000 Finished 991467 instructions 
Clk3 @ 313000000 Finished 994501 instructions 
Clk3 @ 314000000 Finished 997621 instructions 
Clk@ 314747980 Working on the # 1000000 th memory instruction

===*** Data ***====
Stall reason distribution: 
mc_hazard: 0
normal: 0
rs_hazard: 0
rw_swtich: 0
Early reshuffle distribution: 
0: 0
1: 0
2: 0
3: 0
4: 0
5: 0
6: 0
7: 714
8: 2475
9: 3213
10: 3537
11: 3518
12: 3500
13: 3333
14: 2847
15: 1753
16: 99
17: 0
18: 0
19: 0
20: 0
21: 0
22: 0
23: 0
24: 0
=================
Max stash size is: 856
Average stash size is: 601.129
useful_read_pull_ddr: 500005 (1.38194) %
dummy_read_pull_ddr: 8378285 (23.1563) %
useful_early_pull_ddr: 228169 (0.630624) %
useful_early_push_ddr: 137566 (0.380212) %
useful_write_pull_ddr: 7099336 (19.6215) %
useful_write_push_ddr: 2934873 (8.11154) %
dummy_early_pull_ddr: 14336 (0.0396225) %
dummy_early_push_ddr: 475829 (1.31512) %
dummy_write_pull_ddr: 1784 (0.0049307) %
dummy_write_push_ddr: 16411257 (45.3582) %
=================
Stash violation number of times: 0
=================
Check NodeID traffic: 6529148
Update NodeID traffic: 3966
=================
Read RS lines: 1000000 (86.9633) %
Write RS lines: 99932 (8.69042) %
Early RS lines: 49978 (4.34625) %
Read DDR lines: 17691838 (24.7314) %
Write DDR lines: 52344623 (73.1726) %
Early DDR lines: 1499340 (2.09593) %

====*** pos1 ***====
Stall reason distribution: 
mc_hazard: 0
normal: 0
rs_hazard: 0
rw_swtich: 0
Early reshuffle distribution: 
0: 0
1: 0
2: 0
3: 0
4: 0
5: 0
6: 0
7: 951
8: 2407
9: 3187
10: 3485
11: 3581
12: 3574
13: 3394
14: 2797
15: 1744
16: 86
17: 0
18: 0
19: 0
20: 0
21: 0
=================
Max stash size is: 856
Average stash size is: 600.519
useful_read_pull_ddr: 999978 (1.45629) %
dummy_read_pull_ddr: 14827010 (21.5929) %
useful_early_pull_ddr: 402523 (0.586204) %
useful_early_push_ddr: 243388 (0.354452) %
useful_write_pull_ddr: 12634614 (18.4001) %
useful_write_push_ddr: 5848673 (8.51756) %
dummy_early_pull_ddr: 25979 (0.0378338) %
dummy_early_push_ddr: 840470 (1.224) %
dummy_write_pull_ddr: 18378 (0.0267643) %
dummy_write_push_ddr: 32825011 (47.8039) %
=================
Stash violation number of times: 0
=================
Check NodeID traffic: 9493882
Update NodeID traffic: 1900
=================
Read RS lines: 1000000 (86.9305) %
Write RS lines: 99932 (8.68714) %
Early RS lines: 50412 (4.38234) %
Read DDR lines: 15779453 (24.6748) %
Write DDR lines: 46657908 (72.9603) %
Early DDR lines: 1512360 (2.36492) %

====*** pos2 ***====
Stall reason distribution: 
mc_hazard: 0
normal: 0
rs_hazard: 0
rw_swtich: 0
Early reshuffle distribution: 
0: 0
1: 0
2: 0
3: 0
4: 0
5: 0
6: 0
7: 1002
8: 2547
9: 3242
10: 3434
11: 3515
12: 3434
13: 3108
14: 2607
15: 1495
16: 25
17: 0
18: 0
=================
Max stash size is: 856
Average stash size is: 599.746
useful_read_pull_ddr: 999852 (1.69202) %
dummy_read_pull_ddr: 11921393 (20.1742) %
useful_early_pull_ddr: 384779 (0.651148) %
useful_early_push_ddr: 234297 (0.396493) %
useful_write_pull_ddr: 10190664 (17.2453) %
useful_write_push_ddr: 5695569 (9.63842) %
dummy_early_pull_ddr: 30174 (0.0510624) %
dummy_early_push_ddr: 815290 (1.37969) %
dummy_write_pull_ddr: 139304 (0.235739) %
dummy_write_push_ddr: 28681039 (48.536) %
=================
Stash violation number of times: 0
=================
Check NodeID traffic: 5737503
Update NodeID traffic: 621
=================
Read RS lines: 1000000 (87.0511) %
Write RS lines: 99932 (8.69919) %
Early RS lines: 48818 (4.24966) %
Read DDR lines: 12886059 (24.5719) %
Write DDR lines: 38091757 (72.6355) %
Early DDR lines: 1464540 (2.79267) %
=================
The final DRAM clk is: 314749060 ticks.
Idle waiting clk is 83164505, which is 26.4225 %
DRAM Frequency is: 1600MHz
The final time in ns is: 1.96718e+08 ns.
Time distribution: 
Data pull time is: 0
data: 0
pos1: 0
pos2: 0
Data distribution: 
Pos2 data: 52442356
Pos1 data: 63949721
Data: 71535801
Node access DDR: 13058296
Pull DDR: 17691838
WB DDR: 52344623
Early DDR: 1499340
Achieved BW is: 70.3461 GB/s
Ideal BW is: 102.4 GB/s
Metadata cache conclusion: 
overall_hit: 8160840 overall_total: 21223493
Cache Size 64 KB Overall Hit rate: 38.4519 %. 
Simulation done. Statistics written to my_output.txt
